2023-11-15 00:15:12 开始第 8777 次操作

2023-11-15 00:15:12 开始操作号码 【1918678】
2023-11-15 00:15:17 GSD getOne 第 1 次 等待 3 秒
2023-11-15 00:15:20 查询号码 【1918678】，返回信息 {"status":"ok","msg":"湖南-怀化","gid":"446369","time_insert":"2021-07-30 16:57"}
2023-11-15 00:15:20 查询号码 【1918678】，GSD为【"湖南-怀化"】

2023-11-15 00:15:21 开始第 8778 次操作

2023-11-15 00:15:21 开始操作号码 【1918679】
2023-11-15 00:15:26 GSD getOne 第 1 次 等待 3 秒
2023-11-15 00:15:29 查询号码 【1918679】，返回信息 {"status":"ok","msg":"湖南-怀化","gid":"446357","time_insert":"2021-07-30 16:56"}
2023-11-15 00:15:29 查询号码 【1918679】，GSD为【"湖南-怀化"】

2023-11-15 00:15:30 开始第 8779 次操作

2023-11-15 00:15:30 开始操作号码 【1918680】
2023-11-15 00:15:36 GSD getOne 第 1 次 等待 3 秒
2023-11-15 00:15:39 查询号码 【1918680】，返回信息 {"status":"ok","msg":"湖南-邵阳","gid":"446341","time_insert":"2021-07-30 16:55"}
2023-11-15 00:15:39 查询号码 【1918680】，GSD为【"湖南-邵阳"】

2023-11-15 00:15:40 开始第 8780 次操作

2023-11-15 00:15:40 开始操作号码 【1918681】
2023-11-15 00:15:47 GSD getOne 第 1 次 等待 3 秒
2023-11-15 00:15:50 查询号码 【1918681】，返回信息 {"status":"ok","msg":"湖南-邵阳","gid":"446326","time_insert":"2021-07-30 16:54"}
2023-11-15 00:15:50 查询号码 【1918681】，GSD为【"湖南-邵阳"】

