2024-03-07 00:16:59 开始第 7561 次操作

2024-03-07 00:16:59 开始操作号码 【1707463】
2024-03-07 00:17:04 GSD getOne 第 1 次 等待 3 秒
2024-03-07 00:17:07 查询号码 【1707463】，返回信息 {"status":"ok","msg":"黑龙江-哈尔滨","gid":"182099","time_insert":"2021-07-03 14:57"}
2024-03-07 00:17:07 查询号码 【1707463】，GSD为【"黑龙江-哈尔滨"】

2024-03-07 00:17:08 开始第 7562 次操作

2024-03-07 00:17:08 开始操作号码 【1707464】
2024-03-07 00:17:12 GSD getOne 第 1 次 等待 3 秒
2024-03-07 00:17:15 查询号码 【1707464】，返回信息 {"status":"ok","msg":"黑龙江-哈尔滨","gid":"182108","time_insert":"2021-07-03 14:58"}
2024-03-07 00:17:15 查询号码 【1707464】，GSD为【"黑龙江-哈尔滨"】

2024-03-07 00:17:16 开始第 7563 次操作

2024-03-07 00:17:16 开始操作号码 【1707465】
2024-03-07 00:17:20 GSD getOne 第 1 次 等待 3 秒
2024-03-07 00:17:23 查询号码 【1707465】，返回信息 {"status":"ok","msg":"黑龙江-哈尔滨","gid":"28644","time_insert":"2016-03-27 08:51","time_update":"2020-08-22 17:51"}
2024-03-07 00:17:23 查询号码 【1707465】，GSD为【"黑龙江-哈尔滨"】

2024-03-07 00:17:24 开始第 7564 次操作

2024-03-07 00:17:24 开始操作号码 【1707466】
2024-03-07 00:17:29 GSD getOne 第 1 次 等待 3 秒
2024-03-07 00:17:32 查询号码 【1707466】，返回信息 {"status":"ok","msg":"黑龙江-哈尔滨","gid":"182117","time_insert":"2021-07-03 14:59"}
2024-03-07 00:17:32 查询号码 【1707466】，GSD为【"黑龙江-哈尔滨"】

2024-03-07 00:38:14 开始第 7565 次操作

2024-03-07 00:38:14 开始操作号码 【1707467】
2024-03-07 00:38:19 GSD getOne 第 1 次 等待 3 秒
2024-03-07 00:38:22 查询号码 【1707467】，返回信息 {"status":"ok","msg":"黑龙江-哈尔滨","gid":"182126","time_insert":"2021-07-03 14:59"}
2024-03-07 00:38:22 查询号码 【1707467】，GSD为【"黑龙江-哈尔滨"】

2024-03-07 00:38:23 开始第 7566 次操作

2024-03-07 00:38:23 开始操作号码 【1707468】
2024-03-07 00:38:27 GSD getOne 第 1 次 等待 3 秒
2024-03-07 00:38:30 查询号码 【1707468】，返回信息 {"status":"ok","msg":"黑龙江-哈尔滨","gid":"182134","time_insert":"2021-07-03 14:59"}
2024-03-07 00:38:30 查询号码 【1707468】，GSD为【"黑龙江-哈尔滨"】

2024-03-07 00:38:31 开始第 7567 次操作

2024-03-07 00:38:31 开始操作号码 【1707469】
2024-03-07 00:38:35 GSD getOne 第 1 次 等待 3 秒
2024-03-07 00:38:38 查询号码 【1707469】，返回信息 {"status":"ok","msg":"黑龙江-哈尔滨","gid":"182138","time_insert":"2021-07-03 15:00"}
2024-03-07 00:38:38 查询号码 【1707469】，GSD为【"黑龙江-哈尔滨"】

2024-03-07 00:38:39 开始第 7568 次操作

2024-03-07 00:38:39 开始操作号码 【1707470】
2024-03-07 00:38:43 GSD getOne 第 1 次 等待 3 秒
2024-03-07 00:38:46 查询号码 【1707470】，返回信息 {"status":"ok","msg":"内蒙古-呼和浩特","gid":"182148","time_insert":"2021-07-03 15:00"}
2024-03-07 00:38:46 查询号码 【1707470】，GSD为【"内蒙古-呼和浩特"】

2024-03-07 01:12:38 开始第 7569 次操作

2024-03-07 01:12:38 开始操作号码 【1707471】
2024-03-07 01:12:43 GSD getOne 第 1 次 等待 3 秒
2024-03-07 01:12:46 查询号码 【1707471】，返回信息 {"status":"ok","msg":"内蒙古-呼和浩特","gid":"182153","time_insert":"2021-07-03 15:01"}
2024-03-07 01:12:46 查询号码 【1707471】，GSD为【"内蒙古-呼和浩特"】

2024-03-07 01:12:47 开始第 7570 次操作

2024-03-07 01:12:47 开始操作号码 【1707472】
2024-03-07 01:12:52 GSD getOne 第 1 次 等待 3 秒
2024-03-07 01:12:55 查询号码 【1707472】，返回信息 {"status":"ok","msg":"内蒙古-呼和浩特","gid":"182158","time_insert":"2021-07-03 15:01"}
2024-03-07 01:12:55 查询号码 【1707472】，GSD为【"内蒙古-呼和浩特"】

2024-03-07 01:12:56 开始第 7571 次操作

2024-03-07 01:12:56 开始操作号码 【1707473】
2024-03-07 01:13:01 GSD getOne 第 1 次 等待 3 秒
2024-03-07 01:13:04 查询号码 【1707473】，返回信息 {"status":"ok","msg":"内蒙古-呼和浩特","gid":"182162","time_insert":"2021-07-03 15:01"}
2024-03-07 01:13:04 查询号码 【1707473】，GSD为【"内蒙古-呼和浩特"】

2024-03-07 01:13:05 开始第 7572 次操作

2024-03-07 01:13:05 开始操作号码 【1707474】
2024-03-07 01:13:09 GSD getOne 第 1 次 等待 3 秒
2024-03-07 01:13:12 查询号码 【1707474】，返回信息 {"status":"ok","msg":"内蒙古-呼和浩特","gid":"182168","time_insert":"2021-07-03 15:02"}
2024-03-07 01:13:12 查询号码 【1707474】，GSD为【"内蒙古-呼和浩特"】

2024-03-07 01:36:18 开始第 7573 次操作

2024-03-07 01:36:18 开始操作号码 【1707475】
2024-03-07 01:36:22 GSD getOne 第 1 次 等待 3 秒
2024-03-07 01:36:25 查询号码 【1707475】，返回信息 {"status":"ok","msg":"内蒙古-呼和浩特","gid":"182174","time_insert":"2021-07-03 15:02"}
2024-03-07 01:36:25 查询号码 【1707475】，GSD为【"内蒙古-呼和浩特"】

2024-03-07 01:36:26 开始第 7574 次操作

2024-03-07 01:36:26 开始操作号码 【1707476】
2024-03-07 01:36:31 GSD getOne 第 1 次 等待 3 秒
2024-03-07 01:36:34 查询号码 【1707476】，返回信息 {"status":"ok","msg":"内蒙古-呼和浩特","gid":"182180","time_insert":"2021-07-03 15:03"}
2024-03-07 01:36:34 查询号码 【1707476】，GSD为【"内蒙古-呼和浩特"】

2024-03-07 01:36:35 开始第 7575 次操作

2024-03-07 01:36:35 开始操作号码 【1707477】
2024-03-07 01:36:39 GSD getOne 第 1 次 等待 3 秒
2024-03-07 01:36:42 查询号码 【1707477】，返回信息 {"status":"ok","msg":"内蒙古-呼和浩特","gid":"182184","time_insert":"2021-07-03 15:03"}
2024-03-07 01:36:42 查询号码 【1707477】，GSD为【"内蒙古-呼和浩特"】

2024-03-07 01:36:43 开始第 7576 次操作

2024-03-07 01:36:43 开始操作号码 【1707478】
2024-03-07 01:36:47 GSD getOne 第 1 次 等待 3 秒
2024-03-07 01:36:50 查询号码 【1707478】，返回信息 {"status":"ok","msg":"内蒙古-呼和浩特","gid":"182189","time_insert":"2021-07-03 15:04"}
2024-03-07 01:36:50 查询号码 【1707478】，GSD为【"内蒙古-呼和浩特"】

2024-03-07 02:17:34 开始第 7577 次操作

2024-03-07 02:17:34 开始操作号码 【1707479】
2024-03-07 02:17:39 GSD getOne 第 1 次 等待 3 秒
2024-03-07 02:17:42 查询号码 【1707479】，返回信息 {"status":"ok","msg":"内蒙古-呼和浩特","gid":"182194","time_insert":"2021-07-03 15:04"}
2024-03-07 02:17:42 查询号码 【1707479】，GSD为【"内蒙古-呼和浩特"】

2024-03-07 02:17:43 开始第 7578 次操作

2024-03-07 02:17:43 开始操作号码 【1707480】
2024-03-07 02:17:47 GSD getOne 第 1 次 等待 3 秒
2024-03-07 02:17:50 查询号码 【1707480】，返回信息 {"status":"ok","msg":"广东-广州","gid":"182198","time_insert":"2021-07-03 15:04"}
2024-03-07 02:17:50 查询号码 【1707480】，GSD为【"广东-广州"】

2024-03-07 02:17:51 开始第 7579 次操作

2024-03-07 02:17:51 开始操作号码 【1707481】
2024-03-07 02:17:55 GSD getOne 第 1 次 等待 3 秒
2024-03-07 02:17:58 查询号码 【1707481】，返回信息 {"status":"ok","msg":"广东-广州","gid":"182203","time_insert":"2021-07-03 15:05"}
2024-03-07 02:17:58 查询号码 【1707481】，GSD为【"广东-广州"】

2024-03-07 02:17:59 开始第 7580 次操作

2024-03-07 02:17:59 开始操作号码 【1707482】
2024-03-07 02:18:04 GSD getOne 第 1 次 等待 3 秒
2024-03-07 02:18:07 查询号码 【1707482】，返回信息 {"status":"ok","msg":"广东-广州","gid":"182209","time_insert":"2021-07-03 15:05"}
2024-03-07 02:18:07 查询号码 【1707482】，GSD为【"广东-广州"】

2024-03-07 02:35:46 开始第 7581 次操作

2024-03-07 02:35:46 开始操作号码 【1707483】
2024-03-07 02:35:51 GSD getOne 第 1 次 等待 3 秒
2024-03-07 02:35:54 查询号码 【1707483】，返回信息 {"status":"ok","msg":"广东-广州","gid":"182214","time_insert":"2021-07-03 15:05"}
2024-03-07 02:35:54 查询号码 【1707483】，GSD为【"广东-广州"】

2024-03-07 02:35:55 开始第 7582 次操作

2024-03-07 02:35:55 开始操作号码 【1707484】
2024-03-07 02:35:59 GSD getOne 第 1 次 等待 3 秒
2024-03-07 02:36:02 查询号码 【1707484】，返回信息 {"status":"ok","msg":"广东-广州","gid":"182220","time_insert":"2021-07-03 15:06"}
2024-03-07 02:36:02 查询号码 【1707484】，GSD为【"广东-广州"】

2024-03-07 02:36:03 开始第 7583 次操作

2024-03-07 02:36:03 开始操作号码 【1707485】
2024-03-07 02:36:07 GSD getOne 第 1 次 等待 3 秒
2024-03-07 02:36:10 查询号码 【1707485】，返回信息 {"status":"ok","msg":"广东-广州","gid":"182221","time_insert":"2021-07-03 15:06"}
2024-03-07 02:36:10 查询号码 【1707485】，GSD为【"广东-广州"】

2024-03-07 02:36:11 开始第 7584 次操作

2024-03-07 02:36:11 开始操作号码 【1707486】
2024-03-07 02:36:15 GSD getOne 第 1 次 等待 3 秒
2024-03-07 02:36:18 查询号码 【1707486】，返回信息 {"status":"ok","msg":"广东-广州","gid":"182231","time_insert":"2021-07-03 15:07"}
2024-03-07 02:36:18 查询号码 【1707486】，GSD为【"广东-广州"】

2024-03-07 03:09:24 开始第 7585 次操作

2024-03-07 03:09:24 开始操作号码 【1707487】
2024-03-07 03:09:29 GSD getOne 第 1 次 等待 3 秒
2024-03-07 03:09:32 查询号码 【1707487】，返回信息 {"status":"ok","msg":"广东-广州","gid":"182238","time_insert":"2021-07-03 15:07"}
2024-03-07 03:09:32 查询号码 【1707487】，GSD为【"广东-广州"】

2024-03-07 03:09:33 开始第 7586 次操作

2024-03-07 03:09:33 开始操作号码 【1707488】
2024-03-07 03:09:38 GSD getOne 第 1 次 等待 3 秒
2024-03-07 03:09:41 查询号码 【1707488】，返回信息 {"status":"ok","msg":"广东-广州","gid":"182242","time_insert":"2021-07-03 15:07"}
2024-03-07 03:09:41 查询号码 【1707488】，GSD为【"广东-广州"】

2024-03-07 03:09:42 开始第 7587 次操作

2024-03-07 03:09:42 开始操作号码 【1707489】
2024-03-07 03:09:46 GSD getOne 第 1 次 等待 3 秒
2024-03-07 03:09:49 查询号码 【1707489】，返回信息 {"status":"ok","msg":"广东-广州","gid":"182249","time_insert":"2021-07-03 15:08"}
2024-03-07 03:09:49 查询号码 【1707489】，GSD为【"广东-广州"】

2024-03-07 03:09:50 开始第 7588 次操作

2024-03-07 03:09:50 开始操作号码 【1707490】
2024-03-07 03:09:54 GSD getOne 第 1 次 等待 3 秒
2024-03-07 03:09:57 查询号码 【1707490】，返回信息 {"status":"ok","msg":"福建-福州","gid":"182255","time_insert":"2021-07-03 15:08"}
2024-03-07 03:09:57 查询号码 【1707490】，GSD为【"福建-福州"】

2024-03-07 03:35:39 开始第 7589 次操作

2024-03-07 03:35:39 开始操作号码 【1707491】
2024-03-07 03:35:44 GSD getOne 第 1 次 等待 3 秒
2024-03-07 03:35:47 查询号码 【1707491】，返回信息 {"status":"ok","msg":"福建-福州","gid":"182425","time_insert":"2021-07-03 15:38"}
2024-03-07 03:35:47 查询号码 【1707491】，GSD为【"福建-福州"】

2024-03-07 03:35:48 开始第 7590 次操作

2024-03-07 03:35:48 开始操作号码 【1707492】
2024-03-07 03:35:52 GSD getOne 第 1 次 等待 3 秒
2024-03-07 03:35:55 查询号码 【1707492】，返回信息 {"status":"ok","msg":"福建-福州","gid":"182438","time_insert":"2021-07-03 15:38"}
2024-03-07 03:35:55 查询号码 【1707492】，GSD为【"福建-福州"】

2024-03-07 03:35:56 开始第 7591 次操作

2024-03-07 03:35:56 开始操作号码 【1707493】
2024-03-07 03:36:01 GSD getOne 第 1 次 等待 3 秒
2024-03-07 03:36:04 查询号码 【1707493】，返回信息 {"status":"ok","msg":"福建-福州","gid":"182447","time_insert":"2021-07-03 15:39"}
2024-03-07 03:36:04 查询号码 【1707493】，GSD为【"福建-福州"】

2024-03-07 03:36:05 开始第 7592 次操作

2024-03-07 03:36:05 开始操作号码 【1707494】
2024-03-07 03:36:09 GSD getOne 第 1 次 等待 3 秒
2024-03-07 03:36:12 查询号码 【1707494】，返回信息 {"status":"ok","msg":"福建-福州","gid":"182461","time_insert":"2021-07-03 15:40"}
2024-03-07 03:36:12 查询号码 【1707494】，GSD为【"福建-福州"】

2024-03-07 04:14:16 开始第 7593 次操作

2024-03-07 04:14:16 开始操作号码 【1707495】
2024-03-07 04:14:20 GSD getOne 第 1 次 等待 3 秒
2024-03-07 04:14:23 查询号码 【1707495】，返回信息 {"status":"ok","msg":"福建-福州","gid":"182472","time_insert":"2021-07-03 15:41"}
2024-03-07 04:14:23 查询号码 【1707495】，GSD为【"福建-福州"】

2024-03-07 04:14:24 开始第 7594 次操作

2024-03-07 04:14:24 开始操作号码 【1707496】
2024-03-07 04:14:28 GSD getOne 第 1 次 等待 3 秒
2024-03-07 04:14:31 查询号码 【1707496】，返回信息 {"status":"ok","msg":"福建-福州","gid":"182484","time_insert":"2021-07-03 15:41"}
2024-03-07 04:14:32 查询号码 【1707496】，GSD为【"福建-福州"】

2024-03-07 04:14:33 开始第 7595 次操作

2024-03-07 04:14:33 开始操作号码 【1707497】
2024-03-07 04:14:37 GSD getOne 第 1 次 等待 3 秒
2024-03-07 04:14:40 查询号码 【1707497】，返回信息 {"status":"ok","msg":"福建-福州","gid":"182498","time_insert":"2021-07-03 15:42"}
2024-03-07 04:14:40 查询号码 【1707497】，GSD为【"福建-福州"】

2024-03-07 04:14:41 开始第 7596 次操作

2024-03-07 04:14:41 开始操作号码 【1707498】
2024-03-07 04:14:44 GSD getOne 第 1 次 等待 3 秒
2024-03-07 04:14:47 查询号码 【1707498】，返回信息 {"status":"ok","msg":"福建-福州","gid":"182511","time_insert":"2021-07-03 15:43"}
2024-03-07 04:14:47 查询号码 【1707498】，GSD为【"福建-福州"】

2024-03-07 04:35:48 开始第 7597 次操作

2024-03-07 04:35:48 开始操作号码 【1707499】
2024-03-07 04:35:53 GSD getOne 第 1 次 等待 3 秒
2024-03-07 04:35:56 查询号码 【1707499】，返回信息 {"status":"ok","msg":"福建-福州","gid":"182527","time_insert":"2021-07-03 15:44"}
2024-03-07 04:35:56 查询号码 【1707499】，GSD为【"福建-福州"】

2024-03-07 04:35:57 开始第 7598 次操作

2024-03-07 04:35:57 开始操作号码 【1707500】
2024-03-07 04:36:01 GSD getOne 第 1 次 等待 3 秒
2024-03-07 04:36:04 查询号码 【1707500】，返回信息 {"status":"ok","msg":"江苏-南京","gid":"182537","time_insert":"2021-07-03 15:45"}
2024-03-07 04:36:04 查询号码 【1707500】，GSD为【"江苏-南京"】

2024-03-07 04:36:05 开始第 7599 次操作

2024-03-07 04:36:05 开始操作号码 【1707501】
2024-03-07 04:36:09 GSD getOne 第 1 次 等待 3 秒
2024-03-07 04:36:12 查询号码 【1707501】，返回信息 {"status":"ok","msg":"江苏-南京","gid":"182553","time_insert":"2021-07-03 15:46"}
2024-03-07 04:36:12 查询号码 【1707501】，GSD为【"江苏-南京"】

2024-03-07 04:36:13 开始第 7600 次操作

2024-03-07 04:36:13 开始操作号码 【1707502】
2024-03-07 04:36:18 GSD getOne 第 1 次 等待 3 秒
2024-03-07 04:36:21 查询号码 【1707502】，返回信息 {"status":"ok","msg":"江苏-南京","gid":"182565","time_insert":"2021-07-03 15:46"}
2024-03-07 04:36:21 查询号码 【1707502】，GSD为【"江苏-南京"】

2024-03-07 05:11:38 开始第 7601 次操作

2024-03-07 05:11:38 开始操作号码 【1707503】
2024-03-07 05:11:43 GSD getOne 第 1 次 等待 3 秒
2024-03-07 05:11:46 查询号码 【1707503】，返回信息 {"status":"ok","msg":"江苏-南京","gid":"182575","time_insert":"2021-07-03 15:47"}
2024-03-07 05:11:46 查询号码 【1707503】，GSD为【"江苏-南京"】

2024-03-07 05:11:47 开始第 7602 次操作

2024-03-07 05:11:47 开始操作号码 【1707504】
2024-03-07 05:11:51 GSD getOne 第 1 次 等待 3 秒
2024-03-07 05:11:54 查询号码 【1707504】，返回信息 {"status":"ok","msg":"江苏-南京","gid":"182587","time_insert":"2021-07-03 15:48"}
2024-03-07 05:11:54 查询号码 【1707504】，GSD为【"江苏-南京"】

2024-03-07 05:11:55 开始第 7603 次操作

2024-03-07 05:11:55 开始操作号码 【1707505】
2024-03-07 05:12:00 GSD getOne 第 1 次 等待 3 秒
2024-03-07 05:12:03 查询号码 【1707505】，返回信息 {"status":"ok","msg":"江苏-南京","gid":"182597","time_insert":"2021-07-03 15:49"}
2024-03-07 05:12:03 查询号码 【1707505】，GSD为【"江苏-南京"】

2024-03-07 05:12:04 开始第 7604 次操作

2024-03-07 05:12:04 开始操作号码 【1707506】
2024-03-07 05:12:08 GSD getOne 第 1 次 等待 3 秒
2024-03-07 05:12:11 查询号码 【1707506】，返回信息 {"status":"ok","msg":"江苏-南京","gid":"182603","time_insert":"2021-07-03 15:49"}
2024-03-07 05:12:11 查询号码 【1707506】，GSD为【"江苏-南京"】

