2023-11-10 00:17:58 开始第 7881 次操作

2023-11-10 00:17:58 开始操作号码 【1917782】
2023-11-10 00:18:10 GSD getOne 第 1 次 等待 3 秒
2023-11-10 00:18:13 查询号码 【1917782】，返回信息 {"status":"ok","msg":"广西-河池","gid":"456541","time_insert":"2021-07-31 13:50"}
2023-11-10 00:18:13 查询号码 【1917782】，GSD为【"广西-河池"】

2023-11-10 00:18:14 开始第 7882 次操作

2023-11-10 00:18:14 开始操作号码 【1917783】
2023-11-10 00:18:20 GSD getOne 第 1 次 等待 3 秒
2023-11-10 00:18:23 查询号码 【1917783】，返回信息 {"status":"ok","msg":"广西-河池","gid":"456534","time_insert":"2021-07-31 13:49"}
2023-11-10 00:18:24 查询号码 【1917783】，GSD为【"广西-河池"】

2023-11-10 00:18:25 开始第 7883 次操作

2023-11-10 00:18:25 开始操作号码 【1917784】
2023-11-10 00:18:28 GSD getOne 第 1 次 等待 3 秒
2023-11-10 00:18:31 查询号码 【1917784】，返回信息 {"status":"ok","msg":"广西-河池","gid":"456525","time_insert":"2021-07-31 13:49"}
2023-11-10 00:18:31 查询号码 【1917784】，GSD为【"广西-河池"】

2023-11-10 00:18:32 开始第 7884 次操作

2023-11-10 00:18:32 开始操作号码 【1917785】
2023-11-10 00:18:47 GSD getOne 第 1 次 等待 3 秒
2023-11-10 00:18:50 查询号码 【1917785】，返回信息 {"status":"ok","msg":"广西-河池","gid":"456514","time_insert":"2021-07-31 13:48"}
2023-11-10 00:18:50 查询号码 【1917785】，GSD为【"广西-河池"】

2023-11-10 00:39:14 开始第 7885 次操作

2023-11-10 00:39:14 开始操作号码 【1917786】
2023-11-10 00:39:17 GSD getOne 第 1 次 等待 3 秒
2023-11-10 00:39:20 查询号码 【1917786】，返回信息 {"status":"ok","msg":"广西-河池","gid":"456507","time_insert":"2021-07-31 13:48"}
2023-11-10 00:39:20 查询号码 【1917786】，GSD为【"广西-河池"】

2023-11-10 00:39:21 开始第 7886 次操作

2023-11-10 00:39:21 开始操作号码 【1917787】
2023-11-10 00:39:25 GSD getOne 第 1 次 等待 3 秒
2023-11-10 00:39:28 查询号码 【1917787】，返回信息 {"status":"ok","msg":"广西-河池","gid":"456499","time_insert":"2021-07-31 13:47"}
2023-11-10 00:39:28 查询号码 【1917787】，GSD为【"广西-河池"】

2023-11-10 00:39:29 开始第 7887 次操作

2023-11-10 00:39:29 开始操作号码 【1917788】
2023-11-10 00:39:32 GSD getOne 第 1 次 等待 3 秒
2023-11-10 00:39:35 查询号码 【1917788】，返回信息 {"status":"ok","msg":"广西-河池","gid":"456488","time_insert":"2021-07-31 13:46"}
2023-11-10 00:39:35 查询号码 【1917788】，GSD为【"广西-河池"】

2023-11-10 00:39:36 开始第 7888 次操作

2023-11-10 00:39:36 开始操作号码 【1917789】
2023-11-10 00:39:42 GSD getOne 第 1 次 等待 3 秒
2023-11-10 00:39:45 查询号码 【1917789】，返回信息 {"status":"ok","msg":"广西-河池","gid":"456481","time_insert":"2021-07-31 13:46"}
2023-11-10 00:39:45 查询号码 【1917789】，GSD为【"广西-河池"】

