2024-09-14 00:14:30 开始第 4589 次操作

2024-09-14 00:14:30 开始操作号码 【1374588】
2024-09-14 00:14:39 GSD getOne 第 1 次 等待 3 秒
2024-09-14 00:14:42 查询号码 【1374588】，返回信息 {"status":"ok","msg":"黑龙江-伊春","gid":"238393","time_insert":"2021-07-10 10:00"}
2024-09-14 00:14:42 查询号码 【1374588】，GSD为【"黑龙江-伊春"】

2024-09-14 00:14:43 开始第 4590 次操作

2024-09-14 00:14:43 开始操作号码 【1374589】
2024-09-14 00:14:50 GSD getOne 第 1 次 等待 3 秒
2024-09-14 00:14:53 查询号码 【1374589】，返回信息 {"status":"ok","msg":"黑龙江-伊春","gid":"238440","time_insert":"2021-07-10 10:11"}
2024-09-14 00:14:53 查询号码 【1374589】，GSD为【"黑龙江-伊春"】

2024-09-14 00:14:54 开始第 4591 次操作

2024-09-14 00:14:54 开始操作号码 【1374590】
2024-09-14 00:15:02 GSD getOne 第 1 次 等待 3 秒
2024-09-14 00:15:05 查询号码 【1374590】，返回信息 {"status":"ok","msg":"黑龙江-大庆","gid":"238547","time_insert":"2021-07-10 10:25"}
2024-09-14 00:15:05 查询号码 【1374590】，GSD为【"黑龙江-大庆"】

2024-09-14 00:15:06 开始第 4592 次操作

2024-09-14 00:15:06 开始操作号码 【1374591】
2024-09-14 00:15:14 GSD getOne 第 1 次 等待 3 秒
2024-09-14 00:15:17 查询号码 【1374591】，返回信息 {"status":"ok","msg":"黑龙江-大庆","gid":"238630","time_insert":"2021-07-10 10:36"}
2024-09-14 00:15:17 查询号码 【1374591】，GSD为【"黑龙江-大庆"】

