2024-06-12 00:19:16 开始第 217 次操作

2024-06-12 00:19:16 开始操作号码 【1480121】
2024-06-12 00:19:24 GSD getOne 第 1 次 等待 3 秒
2024-06-12 00:19:27 查询号码 【1480121】，返回信息 {"status":"ok","msg":"重庆-重庆","gid":"123639","time_insert":"2021-06-24 18:26"}
2024-06-12 00:19:27 查询号码 【1480121】，GSD为【"重庆-重庆"】

2024-06-12 00:19:28 开始第 218 次操作

2024-06-12 00:19:28 开始操作号码 【1480122】
2024-06-12 00:19:37 GSD getOne 第 1 次 等待 3 秒
2024-06-12 00:19:40 查询号码 【1480122】，返回信息 {"status":"ok","msg":"重庆-重庆","gid":"123647","time_insert":"2021-06-24 18:31"}
2024-06-12 00:19:40 查询号码 【1480122】，GSD为【"重庆-重庆"】

2024-06-12 00:19:41 开始第 219 次操作

2024-06-12 00:19:41 开始操作号码 【1480123】
2024-06-12 00:19:51 GSD getOne 第 1 次 等待 3 秒
2024-06-12 00:19:54 查询号码 【1480123】，返回信息 {"status":"ok","msg":"重庆-重庆","gid":"123652","time_insert":"2021-06-24 18:34"}
2024-06-12 00:19:54 查询号码 【1480123】，GSD为【"重庆-重庆"】

2024-06-12 00:19:55 开始第 220 次操作

2024-06-12 00:19:55 开始操作号码 【1480124】
2024-06-12 00:20:02 GSD getOne 第 1 次 等待 3 秒
2024-06-12 00:20:05 查询号码 【1480124】，返回信息 {"status":"ok","msg":"重庆-重庆","gid":"123659","time_insert":"2021-06-24 18:39"}
2024-06-12 00:20:05 查询号码 【1480124】，GSD为【"重庆-重庆"】

