2024-08-25 00:13:04 开始第 1009 次操作

2024-08-25 00:13:04 开始操作号码 【1371008】
2024-08-25 00:13:13 GSD getOne 第 1 次 等待 3 秒
2024-08-25 00:13:16 查询号码 【1371008】，返回信息 {"status":"ok","msg":"广东-广州","gid":"69085","time_insert":"2021-05-26 16:01"}
2024-08-25 00:13:16 查询号码 【1371008】，GSD为【"广东-广州"】

2024-08-25 00:13:17 开始第 1010 次操作

2024-08-25 00:13:17 开始操作号码 【1371009】
2024-08-25 00:13:26 GSD getOne 第 1 次 等待 3 秒
2024-08-25 00:13:29 查询号码 【1371009】，返回信息 {"status":"ok","msg":"广东-广州","gid":"69103","time_insert":"2021-05-26 16:25"}
2024-08-25 00:13:29 查询号码 【1371009】，GSD为【"广东-广州"】

2024-08-25 00:13:30 开始第 1011 次操作

2024-08-25 00:13:30 开始操作号码 【1371010】
2024-08-25 00:13:39 GSD getOne 第 1 次 等待 3 秒
2024-08-25 00:13:42 查询号码 【1371010】，返回信息 {"status":"ok","msg":"广东-广州","gid":"69122","time_insert":"2021-05-26 16:51"}
2024-08-25 00:13:42 查询号码 【1371010】，GSD为【"广东-广州"】

2024-08-25 00:13:43 开始第 1012 次操作

2024-08-25 00:13:43 开始操作号码 【1371011】
2024-08-25 00:13:51 GSD getOne 第 1 次 等待 3 秒
2024-08-25 00:13:54 查询号码 【1371011】，返回信息 {"status":"ok","msg":"广东-广州","gid":"69134","time_insert":"2021-05-26 17:08"}
2024-08-25 00:13:54 查询号码 【1371011】，GSD为【"广东-广州"】

