2024-06-15 00:18:11 开始第 753 次操作

2024-06-15 00:18:11 开始操作号码 【1480657】
2024-06-15 00:18:16 GSD getOne 第 1 次 等待 3 秒
2024-06-15 00:18:19 查询号码 【1480657】，返回信息 {"status":"ok","msg":"上海-上海","gid":"131562","time_insert":"2021-06-26 11:03","time_update":"2023-05-21 16:58"}
2024-06-15 00:18:19 查询号码 【1480657】，GSD为【"上海-上海"】

2024-06-15 00:18:20 开始第 754 次操作

2024-06-15 00:18:20 开始操作号码 【1480658】
2024-06-15 00:18:28 GSD getOne 第 1 次 等待 3 秒
2024-06-15 00:18:32 查询号码 【1480658】，返回信息 {"status":"ok","msg":"上海-上海","gid":"131612","time_insert":"2021-06-26 11:09","time_update":"2023-05-21 17:03"}
2024-06-15 00:18:32 查询号码 【1480658】，GSD为【"上海-上海"】

2024-06-15 00:18:33 开始第 755 次操作

2024-06-15 00:18:33 开始操作号码 【1480659】
2024-06-15 00:18:39 GSD getOne 第 1 次 等待 3 秒
2024-06-15 00:18:42 查询号码 【1480659】，返回信息 {"status":"ok","msg":"上海-上海","gid":"131628","time_insert":"2021-06-26 11:12","time_update":"2021-10-19 22:31"}
2024-06-15 00:18:42 查询号码 【1480659】，GSD为【"上海-上海"】

2024-06-15 00:18:43 开始第 756 次操作

2024-06-15 00:18:43 开始操作号码 【1480660】
2024-06-15 00:18:48 GSD getOne 第 1 次 等待 3 秒
2024-06-15 00:18:51 查询号码 【1480660】，返回信息 {"status":"ok","msg":"上海-上海","gid":"131662","time_insert":"2021-06-26 11:18","time_update":"2023-05-21 17:07"}
2024-06-15 00:18:51 查询号码 【1480660】，GSD为【"上海-上海"】

2024-06-15 00:38:54 开始第 757 次操作

2024-06-15 00:38:54 开始操作号码 【1480661】
2024-06-15 00:39:02 GSD getOne 第 1 次 等待 3 秒
2024-06-15 00:39:05 查询号码 【1480661】，返回信息 {"status":"ok","msg":"上海-上海","gid":"131695","time_insert":"2021-06-26 11:23","time_update":"2023-05-21 17:08"}
2024-06-15 00:39:05 查询号码 【1480661】，GSD为【"上海-上海"】

2024-06-15 00:39:06 开始第 758 次操作

2024-06-15 00:39:06 开始操作号码 【1480662】
2024-06-15 00:39:11 GSD getOne 第 1 次 等待 3 秒
2024-06-15 00:39:14 查询号码 【1480662】，返回信息 {"status":"ok","msg":"上海-上海","gid":"131711","time_insert":"2021-06-26 11:27","time_update":"2023-05-21 17:12"}
2024-06-15 00:39:14 查询号码 【1480662】，GSD为【"上海-上海"】

2024-06-15 00:39:15 开始第 759 次操作

2024-06-15 00:39:15 开始操作号码 【1480663】
2024-06-15 00:39:22 GSD getOne 第 1 次 等待 3 秒
2024-06-15 00:39:25 查询号码 【1480663】，返回信息 {"status":"ok","msg":"上海-上海","gid":"131726","time_insert":"2021-06-26 11:31","time_update":"2023-05-21 17:18"}
2024-06-15 00:39:25 查询号码 【1480663】，GSD为【"上海-上海"】

2024-06-15 00:39:26 开始第 760 次操作

2024-06-15 00:39:26 开始操作号码 【1480664】
2024-06-15 00:39:32 GSD getOne 第 1 次 等待 3 秒
2024-06-15 00:39:35 查询号码 【1480664】，返回信息 {"status":"ok","msg":"上海-上海","gid":"131736","time_insert":"2021-06-26 11:35","time_update":"2023-05-21 17:19"}
2024-06-15 00:39:35 查询号码 【1480664】，GSD为【"上海-上海"】

2024-06-15 01:15:16 开始第 761 次操作

2024-06-15 01:15:16 开始操作号码 【1480665】
2024-06-15 01:15:21 GSD getOne 第 1 次 等待 3 秒
2024-06-15 01:15:24 查询号码 【1480665】，返回信息 {"status":"ok","msg":"上海-上海","gid":"131742","time_insert":"2021-06-26 11:38","time_update":"2023-05-21 17:19"}
2024-06-15 01:15:24 查询号码 【1480665】，GSD为【"上海-上海"】

2024-06-15 01:15:25 开始第 762 次操作

2024-06-15 01:15:26 开始操作号码 【1480666】
2024-06-15 01:15:30 GSD getOne 第 1 次 等待 3 秒
2024-06-15 01:15:33 查询号码 【1480666】，返回信息 {"status":"ok","msg":"上海-上海","gid":"131749","time_insert":"2021-06-26 11:43","time_update":"2023-05-21 17:20"}
2024-06-15 01:15:33 查询号码 【1480666】，GSD为【"上海-上海"】

2024-06-15 01:15:34 开始第 763 次操作

2024-06-15 01:15:34 开始操作号码 【1480667】
2024-06-15 01:15:39 GSD getOne 第 1 次 等待 3 秒
2024-06-15 01:15:42 查询号码 【1480667】，返回信息 {"status":"ok","msg":"上海-上海","gid":"131757","time_insert":"2021-06-26 11:49","time_update":"2023-05-21 17:21"}
2024-06-15 01:15:42 查询号码 【1480667】，GSD为【"上海-上海"】

2024-06-15 01:15:43 开始第 764 次操作

2024-06-15 01:15:43 开始操作号码 【1480668】
2024-06-15 01:15:50 GSD getOne 第 1 次 等待 3 秒
2024-06-15 01:15:53 查询号码 【1480668】，返回信息 {"status":"ok","msg":"上海-上海","gid":"131791","time_insert":"2021-06-26 11:54","time_update":"2023-05-21 17:22"}
2024-06-15 01:15:53 查询号码 【1480668】，GSD为【"上海-上海"】

