2024-07-08 00:17:15 开始第 4881 次操作

2024-07-08 00:17:15 开始操作号码 【1484782】
2024-07-08 00:17:23 GSD getOne 第 1 次 等待 3 秒
2024-07-08 00:17:26 查询号码 【1484782】，返回信息 {"status":"ok","msg":"江苏-南京","gid":"230866","time_insert":"2021-07-09 12:56"}
2024-07-08 00:17:26 查询号码 【1484782】，GSD为【"江苏-南京"】

2024-07-08 00:17:27 开始第 4882 次操作

2024-07-08 00:17:27 开始操作号码 【1484783】
2024-07-08 00:17:35 GSD getOne 第 1 次 等待 3 秒
2024-07-08 00:17:38 查询号码 【1484783】，返回信息 {"status":"ok","msg":"江苏-南京","gid":"230931","time_insert":"2021-07-09 13:01"}
2024-07-08 00:17:38 查询号码 【1484783】，GSD为【"江苏-南京"】

2024-07-08 00:17:39 开始第 4883 次操作

2024-07-08 00:17:39 开始操作号码 【1484784】
2024-07-08 00:17:48 GSD getOne 第 1 次 等待 3 秒
2024-07-08 00:17:51 查询号码 【1484784】，返回信息 {"status":"ok","msg":"江苏-南京","gid":"230980","time_insert":"2021-07-09 13:06"}
2024-07-08 00:17:52 查询号码 【1484784】，GSD为【"江苏-南京"】

2024-07-08 00:17:53 开始第 4884 次操作

2024-07-08 00:17:53 开始操作号码 【1484785】
2024-07-08 00:18:01 GSD getOne 第 1 次 等待 3 秒
2024-07-08 00:18:04 查询号码 【1484785】，返回信息 {"status":"ok","msg":"江苏-南京","gid":"231013","time_insert":"2021-07-09 13:09"}
2024-07-08 00:18:04 查询号码 【1484785】，GSD为【"江苏-南京"】

2024-07-08 00:37:43 开始第 4885 次操作

2024-07-08 00:37:43 开始操作号码 【1484786】
2024-07-08 00:37:51 GSD getOne 第 1 次 等待 3 秒
2024-07-08 00:37:54 查询号码 【1484786】，返回信息 {"status":"ok","msg":"江苏-南京","gid":"231044","time_insert":"2021-07-09 13:13"}
2024-07-08 00:37:54 查询号码 【1484786】，GSD为【"江苏-南京"】

2024-07-08 00:37:55 开始第 4886 次操作

2024-07-08 00:37:55 开始操作号码 【1484787】
2024-07-08 00:38:05 GSD getOne 第 1 次 等待 3 秒
2024-07-08 00:38:08 查询号码 【1484787】，返回信息 {"status":"ok","msg":"江苏-南京","gid":"231069","time_insert":"2021-07-09 13:17"}
2024-07-08 00:38:08 查询号码 【1484787】，GSD为【"江苏-南京"】

2024-07-08 00:38:09 开始第 4887 次操作

2024-07-08 00:38:09 开始操作号码 【1484788】
2024-07-08 00:38:17 GSD getOne 第 1 次 等待 3 秒
2024-07-08 00:38:20 查询号码 【1484788】，返回信息 {"status":"ok","msg":"江苏-南京","gid":"231091","time_insert":"2021-07-09 13:20"}
2024-07-08 00:38:20 查询号码 【1484788】，GSD为【"江苏-南京"】

2024-07-08 00:38:21 开始第 4888 次操作

2024-07-08 00:38:21 开始操作号码 【1484789】
2024-07-08 00:38:29 GSD getOne 第 1 次 等待 3 秒
2024-07-08 00:38:32 查询号码 【1484789】，返回信息 {"status":"ok","msg":"江苏-南京","gid":"231107","time_insert":"2021-07-09 13:25"}
2024-07-08 00:38:32 查询号码 【1484789】，GSD为【"江苏-南京"】

