2024-05-07 00:19:24 开始第 7589 次操作

2024-05-07 00:19:24 开始操作号码 【1597492】
2024-05-07 00:19:29 GSD getOne 第 1 次 等待 3 秒
2024-05-07 00:19:32 查询号码 【1597492】，返回信息 {"status":"ok","msg":"云南-临沧","gid":"27678","time_insert":"2017-04-17 14:30","time_update":"2020-12-03 01:48"}
2024-05-07 00:19:32 查询号码 【1597492】，GSD为【"云南-临沧"】

2024-05-07 00:19:33 开始第 7590 次操作

2024-05-07 00:19:33 开始操作号码 【1597493】
2024-05-07 00:19:38 GSD getOne 第 1 次 等待 3 秒
2024-05-07 00:19:41 查询号码 【1597493】，返回信息 {"status":"ok","msg":"云南-西双版纳","gid":"27679","time_insert":"2017-08-23 13:30","time_update":"2020-12-03 01:51"}
2024-05-07 00:19:41 查询号码 【1597493】，GSD为【"云南-西双版纳"】

2024-05-07 00:19:42 开始第 7591 次操作

2024-05-07 00:19:42 开始操作号码 【1597494】
2024-05-07 00:19:46 GSD getOne 第 1 次 等待 3 秒
2024-05-07 00:19:49 查询号码 【1597494】，返回信息 {"status":"ok","msg":"云南-西双版纳","gid":"120895","time_insert":"2021-06-24 04:00"}
2024-05-07 00:19:49 查询号码 【1597494】，GSD为【"云南-西双版纳"】

2024-05-07 00:19:50 开始第 7592 次操作

2024-05-07 00:19:50 开始操作号码 【1597495】
2024-05-07 00:19:57 GSD getOne 第 1 次 等待 3 秒
2024-05-07 00:20:00 查询号码 【1597495】，返回信息 {"status":"ok","msg":"云南-西双版纳","gid":"27680","time_insert":"2017-08-22 08:06","time_update":"2020-12-03 01:51"}
2024-05-07 00:20:00 查询号码 【1597495】，GSD为【"云南-西双版纳"】

