2021-07-31 00:00:22 开始第 18 次操作

2021-07-31 00:00:22 开始操作号码 【1845389】
2021-07-31 00:00:25 GSD getOne 第 1 次 等待 3 秒
2021-07-31 00:00:28 查询号码 【1845389】，返回信息 {"status":"bad","msg":""}
2021-07-31 00:00:28 查询号码 【1845389】，GSD为【""】
2021-07-31 00:00:28 bad
2021-07-31 00:00:30 CHB 1845389?1627660828 第 1 次 等待 3 秒
2021-07-31 00:00:33 CHB 1845389?1627660828 第 1 次 获取到号码【1845389】GSD
2021-07-31 00:00:33 获取到号码【1845389】的GSD为【山东-泰安】
2021-07-31 00:00:40 GSD insert 第 1 次 等待 3 秒
2021-07-31 00:00:43 {"status":"ok","gid":449843,"msg":"添加成功！"}
2021-07-31 00:00:43 下次操作: 2021-07-31 00:01:00

2021-07-31 00:01:00 开始第 19 次操作

2021-07-31 00:01:00 开始操作号码 【1845388】
2021-07-31 00:01:03 GSD getOne 第 1 次 等待 3 秒
2021-07-31 00:01:06 查询号码 【1845388】，返回信息 {"status":"bad","msg":""}
2021-07-31 00:01:06 查询号码 【1845388】，GSD为【""】
2021-07-31 00:01:06 bad
2021-07-31 00:01:08 CHB 1845388?1627660866 第 1 次 等待 3 秒
2021-07-31 00:01:11 CHB 1845388?1627660866 第 1 次 获取到号码【1845388】GSD
2021-07-31 00:01:11 获取到号码【1845388】的GSD为【山东-泰安】
2021-07-31 00:01:14 GSD insert 第 1 次 等待 3 秒
2021-07-31 00:01:17 {"status":"ok","gid":449855,"msg":"添加成功！"}
2021-07-31 00:01:17 下次操作: 2021-07-31 00:01:37

2021-07-31 00:01:38 开始第 20 次操作

2021-07-31 00:01:38 开始操作号码 【1845387】
2021-07-31 00:01:41 GSD getOne 第 1 次 等待 3 秒
2021-07-31 00:01:44 查询号码 【1845387】，返回信息 {"status":"bad","msg":""}
2021-07-31 00:01:44 查询号码 【1845387】，GSD为【""】
2021-07-31 00:01:44 bad
2021-07-31 00:01:45 CHB 1845387?1627660904 第 1 次 等待 3 秒
2021-07-31 00:01:48 CHB 1845387?1627660904 第 1 次 获取到号码【1845387】GSD
2021-07-31 00:01:49 获取到号码【1845387】的GSD为【山东-泰安】
2021-07-31 00:01:52 GSD insert 第 1 次 等待 3 秒
2021-07-31 00:01:55 {"status":"ok","gid":449865,"msg":"添加成功！"}
2021-07-31 00:01:55 下次操作: 2021-07-31 00:02:14

2021-07-31 00:02:14 开始第 21 次操作

2021-07-31 00:02:14 开始操作号码 【1845386】
2021-07-31 00:02:17 GSD getOne 第 1 次 等待 3 秒
2021-07-31 00:02:20 查询号码 【1845386】，返回信息 {"status":"bad","msg":""}
2021-07-31 00:02:20 查询号码 【1845386】，GSD为【""】
2021-07-31 00:02:20 bad
2021-07-31 00:02:22 CHB 1845386?1627660940 第 1 次 等待 3 秒
2021-07-31 00:02:25 CHB 1845386?1627660940 第 1 次 获取到号码【1845386】GSD
2021-07-31 00:02:25 获取到号码【1845386】的GSD为【山东-泰安】
2021-07-31 00:02:33 GSD insert 第 1 次 等待 3 秒
2021-07-31 00:02:36 {"status":"ok","gid":449877,"msg":"添加成功！"}
2021-07-31 00:02:36 下次操作: 2021-07-31 00:03:00

2021-07-31 00:03:00 开始第 22 次操作

2021-07-31 00:03:00 开始操作号码 【1845385】
2021-07-31 00:03:03 GSD getOne 第 1 次 等待 3 秒
2021-07-31 00:03:06 查询号码 【1845385】，返回信息 {"status":"bad","msg":""}
2021-07-31 00:03:06 查询号码 【1845385】，GSD为【""】
2021-07-31 00:03:06 bad
2021-07-31 00:03:08 CHB 1845385?1627660986 第 1 次 等待 3 秒
2021-07-31 00:03:11 CHB 1845385?1627660986 第 1 次 获取到号码【1845385】GSD
2021-07-31 00:03:11 获取到号码【1845385】的GSD为【山东-泰安】
2021-07-31 00:03:15 GSD insert 第 1 次 等待 3 秒
2021-07-31 00:03:18 {"status":"ok","gid":449887,"msg":"添加成功！"}
2021-07-31 00:03:18 下次操作: 2021-07-31 00:03:37

2021-07-31 00:03:37 开始第 23 次操作

2021-07-31 00:03:37 开始操作号码 【1845384】
2021-07-31 00:03:40 GSD getOne 第 1 次 等待 3 秒
2021-07-31 00:03:43 查询号码 【1845384】，返回信息 {"status":"bad","msg":""}
2021-07-31 00:03:43 查询号码 【1845384】，GSD为【""】
2021-07-31 00:03:43 bad
2021-07-31 00:03:45 CHB 1845384?1627661023 第 1 次 等待 3 秒
2021-07-31 00:03:48 CHB 1845384?1627661023 第 1 次 获取到号码【1845384】GSD
2021-07-31 00:03:48 获取到号码【1845384】的GSD为【山东-泰安】
2021-07-31 00:03:52 GSD insert 第 1 次 等待 3 秒
2021-07-31 00:03:55 {"status":"ok","gid":449900,"msg":"添加成功！"}
2021-07-31 00:03:55 下次操作: 2021-07-31 00:04:07

2021-07-31 00:04:07 开始第 24 次操作

2021-07-31 00:04:07 开始操作号码 【1845383】
2021-07-31 00:04:10 GSD getOne 第 1 次 等待 3 秒
2021-07-31 00:04:13 查询号码 【1845383】，返回信息 {"status":"bad","msg":""}
2021-07-31 00:04:13 查询号码 【1845383】，GSD为【""】
2021-07-31 00:04:13 bad
2021-07-31 00:04:15 CHB 1845383?1627661053 第 1 次 等待 3 秒
2021-07-31 00:04:18 CHB 1845383?1627661053 第 1 次 获取到号码【1845383】GSD
2021-07-31 00:04:18 获取到号码【1845383】的GSD为【山东-泰安】
2021-07-31 00:04:21 GSD insert 第 1 次 等待 3 秒
2021-07-31 00:04:24 {"status":"ok","gid":449907,"msg":"添加成功！"}
2021-07-31 00:04:24 下次操作: 2021-07-31 00:04:42

2021-07-31 00:04:42 开始第 25 次操作

2021-07-31 00:04:42 开始操作号码 【1845382】
2021-07-31 00:04:45 GSD getOne 第 1 次 等待 3 秒
2021-07-31 00:04:48 查询号码 【1845382】，返回信息 {"status":"bad","msg":""}
2021-07-31 00:04:48 查询号码 【1845382】，GSD为【""】
2021-07-31 00:04:48 bad
2021-07-31 00:04:50 CHB 1845382?1627661088 第 1 次 等待 3 秒
2021-07-31 00:04:53 CHB 1845382?1627661088 第 1 次 获取到号码【1845382】GSD
2021-07-31 00:04:53 获取到号码【1845382】的GSD为【山东-泰安】
2021-07-31 00:04:57 GSD insert 第 1 次 等待 3 秒
2021-07-31 00:05:00 {"status":"ok","gid":449917,"msg":"添加成功！"}
2021-07-31 00:05:00 下次操作: 2021-07-31 00:05:18

2021-07-31 00:05:18 开始第 26 次操作

2021-07-31 00:05:18 开始操作号码 【1845381】
2021-07-31 00:05:21 GSD getOne 第 1 次 等待 3 秒
2021-07-31 00:05:24 查询号码 【1845381】，返回信息 {"status":"bad","msg":""}
2021-07-31 00:05:24 查询号码 【1845381】，GSD为【""】
2021-07-31 00:05:24 bad
2021-07-31 00:05:26 CHB 1845381?1627661124 第 1 次 等待 3 秒
2021-07-31 00:05:29 CHB 1845381?1627661124 第 1 次 获取到号码【1845381】GSD
2021-07-31 00:05:29 获取到号码【1845381】的GSD为【山东-泰安】
2021-07-31 00:05:37 GSD insert 第 1 次 等待 3 秒
2021-07-31 00:05:40 {"status":"ok","gid":449926,"msg":"添加成功！"}
2021-07-31 00:05:40 下次操作: 2021-07-31 00:06:00

2021-07-31 00:06:00 开始第 27 次操作

2021-07-31 00:06:00 开始操作号码 【1845380】
2021-07-31 00:06:04 GSD getOne 第 1 次 等待 3 秒
2021-07-31 00:06:07 查询号码 【1845380】，返回信息 {"status":"bad","msg":""}
2021-07-31 00:06:07 查询号码 【1845380】，GSD为【""】
2021-07-31 00:06:07 bad
2021-07-31 00:06:08 CHB 1845380?1627661167 第 1 次 等待 3 秒
2021-07-31 00:06:11 CHB 1845380?1627661167 第 1 次 获取到号码【1845380】GSD
2021-07-31 00:06:11 获取到号码【1845380】的GSD为【山东-泰安】
2021-07-31 00:06:15 GSD insert 第 1 次 等待 3 秒
2021-07-31 00:06:18 {"status":"ok","gid":449938,"msg":"添加成功！"}
2021-07-31 00:06:18 下次操作: 2021-07-31 00:06:34

2021-07-31 00:06:34 开始第 28 次操作

2021-07-31 00:06:34 开始操作号码 【1845379】
2021-07-31 00:06:37 GSD getOne 第 1 次 等待 3 秒
2021-07-31 00:06:40 查询号码 【1845379】，返回信息 {"status":"bad","msg":""}
2021-07-31 00:06:41 查询号码 【1845379】，GSD为【""】
2021-07-31 00:06:41 bad
2021-07-31 00:06:42 CHB 1845379?1627661201 第 1 次 等待 3 秒
2021-07-31 00:06:45 CHB 1845379?1627661201 第 1 次 获取到号码【1845379】GSD
2021-07-31 00:06:45 未获取到号码【1845379】GSD，查号吧 400 错误
2021-07-31 00:06:45 获取到号码【1845379】的GSD为【-】
2021-07-31 00:06:52 GSD insert 第 1 次 等待 3 秒
2021-07-31 00:06:55 {"status":"ok","gid":449946,"msg":"添加成功！"}
2021-07-31 00:06:55 下次操作: 2021-07-31 00:07:18

2021-07-31 00:07:18 开始第 29 次操作

2021-07-31 00:07:18 开始操作号码 【1845378】
2021-07-31 00:07:21 GSD getOne 第 1 次 等待 3 秒
2021-07-31 00:07:24 查询号码 【1845378】，返回信息 {"status":"bad","msg":""}
2021-07-31 00:07:24 查询号码 【1845378】，GSD为【""】
2021-07-31 00:07:24 bad
2021-07-31 00:07:26 CHB 1845378?1627661244 第 1 次 等待 3 秒
2021-07-31 00:07:29 CHB 1845378?1627661244 第 1 次 获取到号码【1845378】GSD
2021-07-31 00:07:29 获取到号码【1845378】的GSD为【山东-济宁】
2021-07-31 00:07:32 GSD insert 第 1 次 等待 3 秒
2021-07-31 00:07:35 {"status":"ok","gid":449956,"msg":"添加成功！"}
2021-07-31 00:07:35 下次操作: 2021-07-31 00:07:47

2021-07-31 00:07:47 开始第 30 次操作

2021-07-31 00:07:47 开始操作号码 【1845377】
2021-07-31 00:07:50 GSD getOne 第 1 次 等待 3 秒
2021-07-31 00:07:53 查询号码 【1845377】，返回信息 {"status":"bad","msg":""}
2021-07-31 00:07:54 查询号码 【1845377】，GSD为【""】
2021-07-31 00:07:54 bad
2021-07-31 00:07:55 CHB 1845377?1627661274 第 1 次 等待 3 秒
2021-07-31 00:07:58 CHB 1845377?1627661274 第 1 次 获取到号码【1845377】GSD
2021-07-31 00:07:58 获取到号码【1845377】的GSD为【山东-济宁】
2021-07-31 00:08:02 GSD insert 第 1 次 等待 3 秒
2021-07-31 00:08:05 {"status":"ok","gid":449964,"msg":"添加成功！"}
2021-07-31 00:08:05 下次操作: 2021-07-31 00:08:21

2021-07-31 00:08:21 开始第 31 次操作

2021-07-31 00:08:21 开始操作号码 【1845376】
2021-07-31 00:08:26 GSD getOne 第 1 次 等待 3 秒
2021-07-31 00:08:29 查询号码 【1845376】，返回信息 {"status":"bad","msg":""}
2021-07-31 00:08:29 查询号码 【1845376】，GSD为【""】
2021-07-31 00:08:29 bad
2021-07-31 00:08:31 CHB 1845376?1627661309 第 1 次 等待 3 秒
2021-07-31 00:08:34 CHB 1845376?1627661309 第 1 次 获取到号码【1845376】GSD
2021-07-31 00:08:34 获取到号码【1845376】的GSD为【山东-济宁】
2021-07-31 00:08:37 GSD insert 第 1 次 等待 3 秒
2021-07-31 00:08:40 {"status":"ok","gid":449973,"msg":"添加成功！"}
2021-07-31 00:08:40 下次操作: 2021-07-31 00:08:54

2021-07-31 00:08:54 开始第 32 次操作

2021-07-31 00:08:54 开始操作号码 【1845375】
2021-07-31 00:08:59 GSD getOne 第 1 次 等待 3 秒
2021-07-31 00:09:02 查询号码 【1845375】，返回信息 {"status":"bad","msg":""}
2021-07-31 00:09:02 查询号码 【1845375】，GSD为【""】
2021-07-31 00:09:02 bad
2021-07-31 00:09:03 CHB 1845375?1627661342 第 1 次 等待 3 秒
2021-07-31 00:09:06 CHB 1845375?1627661342 第 1 次 获取到号码【1845375】GSD
2021-07-31 00:09:06 获取到号码【1845375】的GSD为【山东-济宁】
2021-07-31 00:09:15 GSD insert 第 1 次 等待 3 秒
2021-07-31 00:09:18 {"status":"ok","gid":449984,"msg":"添加成功！"}
2021-07-31 00:09:18 下次操作: 2021-07-31 00:09:36

2021-07-31 00:09:36 开始第 33 次操作

2021-07-31 00:09:36 开始操作号码 【1845374】
2021-07-31 00:09:47 GSD getOne 第 1 次 等待 3 秒
2021-07-31 00:09:50 查询号码 【1845374】，返回信息 {"status":"bad","msg":""}
2021-07-31 00:09:50 查询号码 【1845374】，GSD为【""】
2021-07-31 00:09:50 bad
2021-07-31 00:09:51 CHB 1845374?1627661390 第 1 次 等待 3 秒
2021-07-31 00:09:54 CHB 1845374?1627661390 第 1 次 获取到号码【1845374】GSD
2021-07-31 00:09:54 获取到号码【1845374】的GSD为【山东-济宁】
2021-07-31 00:09:57 GSD insert 第 1 次 等待 3 秒
2021-07-31 00:10:00 {"status":"ok","gid":449994,"msg":"添加成功！"}
2021-07-31 00:10:00 下次操作: 2021-07-31 00:10:24

2021-07-31 00:10:24 开始第 34 次操作

2021-07-31 00:10:24 开始操作号码 【1845373】
2021-07-31 00:10:31 GSD getOne 第 1 次 等待 3 秒
2021-07-31 00:10:34 查询号码 【1845373】，返回信息 {"status":"bad","msg":""}
2021-07-31 00:10:34 查询号码 【1845373】，GSD为【""】
2021-07-31 00:10:34 bad
2021-07-31 00:10:36 CHB 1845373?1627661434 第 1 次 等待 3 秒
2021-07-31 00:10:39 CHB 1845373?1627661434 第 1 次 获取到号码【1845373】GSD
2021-07-31 00:10:39 获取到号码【1845373】的GSD为【山东-济宁】
2021-07-31 00:10:44 GSD insert 第 1 次 等待 3 秒
2021-07-31 00:10:47 {"status":"ok","gid":450006,"msg":"添加成功！"}
2021-07-31 00:10:47 下次操作: 2021-07-31 00:11:04

2021-07-31 00:11:04 开始第 35 次操作

2021-07-31 00:11:04 开始操作号码 【1845372】
2021-07-31 00:11:08 GSD getOne 第 1 次 等待 3 秒
2021-07-31 00:11:11 查询号码 【1845372】，返回信息 {"status":"bad","msg":""}
2021-07-31 00:11:11 查询号码 【1845372】，GSD为【""】
2021-07-31 00:11:11 bad
2021-07-31 00:11:12 CHB 1845372?1627661471 第 1 次 等待 3 秒
2021-07-31 00:11:15 CHB 1845372?1627661471 第 1 次 获取到号码【1845372】GSD
2021-07-31 00:11:15 获取到号码【1845372】的GSD为【山东-济宁】
2021-07-31 00:11:22 GSD insert 第 1 次 等待 3 秒
2021-07-31 00:11:25 {"status":"ok","gid":450018,"msg":"添加成功！"}
2021-07-31 00:11:25 下次操作: 2021-07-31 00:11:43

2021-07-31 00:11:43 开始第 36 次操作

2021-07-31 00:11:43 开始操作号码 【1845371】
2021-07-31 00:11:46 GSD getOne 第 1 次 等待 3 秒
2021-07-31 00:11:49 查询号码 【1845371】，返回信息 {"status":"bad","msg":""}
2021-07-31 00:11:49 查询号码 【1845371】，GSD为【""】
2021-07-31 00:11:49 bad
2021-07-31 00:11:51 CHB 1845371?1627661509 第 1 次 等待 3 秒
2021-07-31 00:11:54 CHB 1845371?1627661509 第 1 次 获取到号码【1845371】GSD
2021-07-31 00:11:54 获取到号码【1845371】的GSD为【山东-济宁】
2021-07-31 00:12:01 GSD insert 第 1 次 等待 3 秒
2021-07-31 00:12:04 {"status":"ok","gid":450028,"msg":"添加成功！"}
2021-07-31 00:12:04 下次操作: 2021-07-31 00:12:21

2021-07-31 00:12:21 开始第 37 次操作

2021-07-31 00:12:21 开始操作号码 【1845370】
2021-07-31 00:12:25 GSD getOne 第 1 次 等待 3 秒
2021-07-31 00:12:28 查询号码 【1845370】，返回信息 {"status":"bad","msg":""}
2021-07-31 00:12:28 查询号码 【1845370】，GSD为【""】
2021-07-31 00:12:28 bad
2021-07-31 00:12:29 CHB 1845370?1627661548 第 1 次 等待 3 秒
2021-07-31 00:12:32 CHB 1845370?1627661548 第 1 次 获取到号码【1845370】GSD
2021-07-31 00:12:32 获取到号码【1845370】的GSD为【山东-济宁】
2021-07-31 00:12:38 GSD insert 第 1 次 等待 3 秒
2021-07-31 00:12:41 {"status":"ok","gid":450034,"msg":"添加成功！"}
2021-07-31 00:12:41 下次操作: 2021-07-31 00:13:03

2021-07-31 00:13:03 开始第 38 次操作

2021-07-31 00:13:03 开始操作号码 【1845369】
2021-07-31 00:13:06 GSD getOne 第 1 次 等待 3 秒
2021-07-31 00:13:09 查询号码 【1845369】，返回信息 {"status":"bad","msg":""}
2021-07-31 00:13:09 查询号码 【1845369】，GSD为【""】
2021-07-31 00:13:09 bad
2021-07-31 00:13:11 CHB 1845369?1627661589 第 1 次 等待 3 秒
2021-07-31 00:13:14 CHB 1845369?1627661589 第 1 次 获取到号码【1845369】GSD
2021-07-31 00:13:14 获取到号码【1845369】的GSD为【山东-潍坊】
2021-07-31 00:13:19 GSD insert 第 1 次 等待 3 秒
2021-07-31 00:13:22 {"status":"ok","gid":450045,"msg":"添加成功！"}
2021-07-31 00:13:22 下次操作: 2021-07-31 00:13:35

2021-07-31 00:13:35 开始第 39 次操作

2021-07-31 00:13:35 开始操作号码 【1845368】
2021-07-31 00:13:40 GSD getOne 第 1 次 等待 3 秒
2021-07-31 00:13:43 查询号码 【1845368】，返回信息 {"status":"bad","msg":""}
2021-07-31 00:13:43 查询号码 【1845368】，GSD为【""】
2021-07-31 00:13:43 bad
2021-07-31 00:13:44 CHB 1845368?1627661623 第 1 次 等待 3 秒
2021-07-31 00:13:47 CHB 1845368?1627661623 第 1 次 获取到号码【1845368】GSD
2021-07-31 00:13:48 获取到号码【1845368】的GSD为【山东-潍坊】
2021-07-31 00:13:55 GSD insert 第 1 次 等待 3 秒
2021-07-31 00:13:58 {"status":"ok","gid":450052,"msg":"添加成功！"}
2021-07-31 00:13:58 下次操作: 2021-07-31 00:14:15

2021-07-31 00:14:15 开始第 40 次操作

2021-07-31 00:14:15 开始操作号码 【1845367】
2021-07-31 00:14:19 GSD getOne 第 1 次 等待 3 秒
2021-07-31 00:14:22 查询号码 【1845367】，返回信息 {"status":"bad","msg":""}
2021-07-31 00:14:22 查询号码 【1845367】，GSD为【""】
2021-07-31 00:14:22 bad
2021-07-31 00:14:23 CHB 1845367?1627661662 第 1 次 等待 3 秒
2021-07-31 00:14:26 CHB 1845367?1627661662 第 1 次 获取到号码【1845367】GSD
2021-07-31 00:14:26 获取到号码【1845367】的GSD为【山东-潍坊】
2021-07-31 00:14:31 GSD insert 第 1 次 等待 3 秒
2021-07-31 00:14:34 {"status":"ok","gid":450062,"msg":"添加成功！"}

