2023-11-27 00:16:12 开始第 99 次操作
2023-11-27 00:16:12 号码【191（0000 ---> 9999）】处理完毕
2023-11-27 00:37:24 开始第 99 次操作
2023-11-27 00:37:24 号码【191（0000 ---> 9999）】处理完毕
2023-11-27 01:11:32 开始第 99 次操作
2023-11-27 01:11:32 号码【191（0000 ---> 9999）】处理完毕
2023-11-27 01:35:52 开始第 99 次操作
2023-11-27 01:35:52 号码【191（0000 ---> 9999）】处理完毕
2023-11-27 02:15:58 开始第 99 次操作
2023-11-27 02:15:58 号码【191（0000 ---> 9999）】处理完毕
2023-11-27 02:36:03 开始第 99 次操作
2023-11-27 02:36:03 号码【191（0000 ---> 9999）】处理完毕
2023-11-27 03:10:22 开始第 99 次操作
2023-11-27 03:10:22 号码【191（0000 ---> 9999）】处理完毕
2023-11-27 03:35:51 开始第 99 次操作
2023-11-27 03:35:51 号码【191（0000 ---> 9999）】处理完毕
2023-11-27 04:13:47 开始第 99 次操作
2023-11-27 04:13:47 号码【191（0000 ---> 9999）】处理完毕
2023-11-27 04:35:59 开始第 99 次操作
2023-11-27 04:35:59 号码【191（0000 ---> 9999）】处理完毕
2023-11-27 05:12:00 开始第 99 次操作
2023-11-27 05:12:00 号码【191（0000 ---> 9999）】处理完毕
2023-11-27 05:36:29 开始第 99 次操作
2023-11-27 05:36:29 号码【191（0000 ---> 9999）】处理完毕
2023-11-27 06:12:11 开始第 99 次操作
2023-11-27 06:12:11 号码【191（0000 ---> 9999）】处理完毕
2023-11-27 06:35:51 开始第 99 次操作
2023-11-27 06:35:51 号码【191（0000 ---> 9999）】处理完毕
2023-11-27 07:13:15 开始第 99 次操作
2023-11-27 07:13:15 号码【191（0000 ---> 9999）】处理完毕
2023-11-27 07:36:13 开始第 99 次操作
2023-11-27 07:36:13 号码【191（0000 ---> 9999）】处理完毕
2023-11-27 09:04:13 开始第 99 次操作
2023-11-27 09:04:13 号码【191（0000 ---> 9999）】处理完毕
2023-11-27 10:00:18 开始第 99 次操作

2023-11-27 10:00:18 开始操作号码 【1810001】
2023-11-27 10:00:23 GSD getOne 第 1 次 等待 3 秒
2023-11-27 10:00:26 查询号码 【1810001】，返回信息 {"status":"ok","msg":"北京-北京","gid":"255027","time_insert":"2021-07-12 08:57"}
2023-11-27 10:00:26 查询号码 【1810001】，GSD为【"北京-北京"】

2023-11-27 10:00:27 开始第 100 次操作

2023-11-27 10:00:27 开始操作号码 【1810002】
2023-11-27 10:00:30 GSD getOne 第 1 次 等待 3 秒
2023-11-27 10:00:33 查询号码 【1810002】，返回信息 {"status":"ok","msg":"北京-北京","gid":"255100","time_insert":"2021-07-12 09:17"}
2023-11-27 10:00:33 查询号码 【1810002】，GSD为【"北京-北京"】

