2024-05-05 00:16:56 开始第 7229 次操作

2024-05-05 00:16:56 开始操作号码 【1597132】
2024-05-05 00:17:03 GSD getOne 第 1 次 等待 3 秒
2024-05-05 00:17:06 查询号码 【1597132】，返回信息 {"status":"ok","msg":"湖北-黄冈","gid":"122723","time_insert":"2021-06-24 13:47"}
2024-05-05 00:17:06 查询号码 【1597132】，GSD为【"湖北-黄冈"】

2024-05-05 00:17:07 开始第 7230 次操作

2024-05-05 00:17:07 开始操作号码 【1597133】
2024-05-05 00:17:11 GSD getOne 第 1 次 等待 3 秒
2024-05-05 00:17:14 查询号码 【1597133】，返回信息 {"status":"ok","msg":"湖北-黄冈","gid":"50479","time_insert":"2021-04-21 16:36"}
2024-05-05 00:17:14 查询号码 【1597133】，GSD为【"湖北-黄冈"】

2024-05-05 00:17:16 开始第 7231 次操作

2024-05-05 00:17:16 开始操作号码 【1597134】
2024-05-05 00:17:28 GSD getOne 第 1 次 等待 3 秒
2024-05-05 00:17:31 查询号码 【1597134】，返回信息 {"status":"ok","msg":"湖北-黄冈","gid":"122717","time_insert":"2021-06-24 13:46"}
2024-05-05 00:17:31 查询号码 【1597134】，GSD为【"湖北-黄冈"】

2024-05-05 00:17:32 开始第 7232 次操作

2024-05-05 00:17:32 开始操作号码 【1597135】
2024-05-05 00:17:38 GSD getOne 第 1 次 等待 3 秒
2024-05-05 00:17:41 查询号码 【1597135】，返回信息 {"status":"ok","msg":"湖北-黄冈","gid":"122714","time_insert":"2021-06-24 13:46"}
2024-05-05 00:17:41 查询号码 【1597135】，GSD为【"湖北-黄冈"】

