2024-05-16 00:18:15 开始第 9213 次操作

2024-05-16 00:18:15 开始操作号码 【1599116】
2024-05-16 00:18:20 GSD getOne 第 1 次 等待 3 秒
2024-05-16 00:18:23 查询号码 【1599116】，返回信息 {"status":"ok","msg":"陕西-西安","gid":"28279","time_insert":"2017-08-18 17:14","time_update":"2020-12-08 17:12"}
2024-05-16 00:18:23 查询号码 【1599116】，GSD为【"陕西-西安"】

2024-05-16 00:18:24 开始第 9214 次操作

2024-05-16 00:18:24 开始操作号码 【1599117】
2024-05-16 00:18:28 GSD getOne 第 1 次 等待 3 秒
2024-05-16 00:18:31 查询号码 【1599117】，返回信息 {"status":"ok","msg":"陕西-渭南","gid":"51889","time_insert":"2021-04-22 10:25"}
2024-05-16 00:18:31 查询号码 【1599117】，GSD为【"陕西-渭南"】

2024-05-16 00:18:32 开始第 9215 次操作

2024-05-16 00:18:32 开始操作号码 【1599118】
2024-05-16 00:18:37 GSD getOne 第 1 次 等待 3 秒
2024-05-16 00:18:40 查询号码 【1599118】，返回信息 {"status":"ok","msg":"陕西-安康","gid":"28280","time_insert":"2016-12-09 10:12","time_update":"2020-12-08 17:08"}
2024-05-16 00:18:40 查询号码 【1599118】，GSD为【"陕西-安康"】

2024-05-16 00:18:41 开始第 9216 次操作

2024-05-16 00:18:41 开始操作号码 【1599119】
2024-05-16 00:18:47 GSD getOne 第 1 次 等待 3 秒
2024-05-16 00:18:50 查询号码 【1599119】，返回信息 {"status":"ok","msg":"陕西-安康","gid":"113990","time_insert":"2021-06-22 16:10"}
2024-05-16 00:18:50 查询号码 【1599119】，GSD为【"陕西-安康"】

2024-05-16 00:38:56 开始第 9217 次操作

2024-05-16 00:38:56 开始操作号码 【1599120】
2024-05-16 00:39:05 GSD getOne 第 1 次 等待 3 秒
2024-05-16 00:39:08 查询号码 【1599120】，返回信息 {"status":"ok","msg":"陕西-榆林","gid":"113988","time_insert":"2021-06-22 16:09"}
2024-05-16 00:39:08 查询号码 【1599120】，GSD为【"陕西-榆林"】

2024-05-16 00:39:09 开始第 9218 次操作

2024-05-16 00:39:09 开始操作号码 【1599121】
2024-05-16 00:39:14 GSD getOne 第 1 次 等待 3 秒
2024-05-16 00:39:17 查询号码 【1599121】，返回信息 {"status":"ok","msg":"陕西-榆林","gid":"113987","time_insert":"2021-06-22 16:08"}
2024-05-16 00:39:17 查询号码 【1599121】，GSD为【"陕西-榆林"】

2024-05-16 00:39:18 开始第 9219 次操作

2024-05-16 00:39:18 开始操作号码 【1599122】
2024-05-16 00:39:23 GSD getOne 第 1 次 等待 3 秒
2024-05-16 00:39:26 查询号码 【1599122】，返回信息 {"status":"ok","msg":"陕西-榆林","gid":"113986","time_insert":"2021-06-22 16:07"}
2024-05-16 00:39:26 查询号码 【1599122】，GSD为【"陕西-榆林"】

2024-05-16 00:39:27 开始第 9220 次操作

2024-05-16 00:39:27 开始操作号码 【1599123】
2024-05-16 00:39:36 GSD getOne 第 1 次 等待 3 秒
2024-05-16 00:39:39 查询号码 【1599123】，返回信息 {"status":"ok","msg":"陕西-榆林","gid":"113984","time_insert":"2021-06-22 16:07"}
2024-05-16 00:39:39 查询号码 【1599123】，GSD为【"陕西-榆林"】

