2024-07-10 00:19:31 开始第 5233 次操作

2024-07-10 00:19:31 开始操作号码 【1485134】
2024-07-10 00:19:41 GSD getOne 第 1 次 等待 3 秒
2024-07-10 00:19:44 查询号码 【1485134】，返回信息 {"status":"ok","msg":"河北-石家庄","gid":"240725","time_insert":"2021-07-10 15:49","time_update":"2023-05-22 00:09"}
2024-07-10 00:19:44 查询号码 【1485134】，GSD为【"河北-石家庄"】

2024-07-10 00:19:45 开始第 5234 次操作

2024-07-10 00:19:45 开始操作号码 【1485135】
2024-07-10 00:19:53 GSD getOne 第 1 次 等待 3 秒
2024-07-10 00:19:56 查询号码 【1485135】，返回信息 {"status":"ok","msg":"河北-石家庄","gid":"240752","time_insert":"2021-07-10 15:53","time_update":"2023-05-22 00:25"}
2024-07-10 00:19:56 查询号码 【1485135】，GSD为【"河北-石家庄"】

2024-07-10 00:19:57 开始第 5235 次操作

2024-07-10 00:19:57 开始操作号码 【1485136】
2024-07-10 00:20:08 GSD getOne 第 1 次 等待 3 秒
2024-07-10 00:20:11 查询号码 【1485136】，返回信息 {"status":"ok","msg":"河北-石家庄","gid":"240772","time_insert":"2021-07-10 15:57","time_update":"2023-05-22 00:44"}
2024-07-10 00:20:11 查询号码 【1485136】，GSD为【"河北-石家庄"】

2024-07-10 00:20:12 开始第 5236 次操作

2024-07-10 00:20:12 开始操作号码 【1485137】
2024-07-10 00:20:20 GSD getOne 第 1 次 等待 3 秒
2024-07-10 00:20:23 查询号码 【1485137】，返回信息 {"status":"ok","msg":"河北-石家庄","gid":"240790","time_insert":"2021-07-10 16:03","time_update":"2023-05-22 01:02"}
2024-07-10 00:20:23 查询号码 【1485137】，GSD为【"河北-石家庄"】

