2023-12-05 00:18:58 开始第 1469 次操作

2023-12-05 00:18:58 开始操作号码 【1811371】
2023-12-05 00:19:02 GSD getOne 第 1 次 等待 3 秒
2023-12-05 00:19:05 查询号码 【1811371】，返回信息 {"status":"ok","msg":"四川-广元","gid":"33310","time_insert":"2018-08-24 01:09","time_update":"2020-11-04 04:04"}
2023-12-05 00:19:05 查询号码 【1811371】，GSD为【"四川-广元"】

2023-12-05 00:19:06 开始第 1470 次操作

2023-12-05 00:19:06 开始操作号码 【1811372】
2023-12-05 00:19:10 GSD getOne 第 1 次 等待 3 秒
2023-12-05 00:19:13 查询号码 【1811372】，返回信息 {"status":"ok","msg":"四川-广元","gid":"33311","time_insert":"2017-04-20 10:11","time_update":"2020-11-04 04:09"}
2023-12-05 00:19:13 查询号码 【1811372】，GSD为【"四川-广元"】

2023-12-05 00:19:14 开始第 1471 次操作

2023-12-05 00:19:14 开始操作号码 【1811373】
2023-12-05 00:19:18 GSD getOne 第 1 次 等待 3 秒
2023-12-05 00:19:21 查询号码 【1811373】，返回信息 {"status":"ok","msg":"四川-广元","gid":"33312","time_insert":"2018-11-27 10:16","time_update":"2020-11-04 04:14"}
2023-12-05 00:19:21 查询号码 【1811373】，GSD为【"四川-广元"】

2023-12-05 00:19:22 开始第 1472 次操作

2023-12-05 00:19:22 开始操作号码 【1811374】
2023-12-05 00:19:26 GSD getOne 第 1 次 等待 3 秒
2023-12-05 00:19:29 查询号码 【1811374】，返回信息 {"status":"ok","msg":"四川-广元","gid":"33313","time_insert":"2018-05-08 10:03","time_update":"2020-11-04 04:17"}
2023-12-05 00:19:29 查询号码 【1811374】，GSD为【"四川-广元"】

2023-12-05 00:39:36 开始第 1473 次操作

2023-12-05 00:39:36 开始操作号码 【1811375】
2023-12-05 00:39:44 GSD getOne 第 1 次 等待 3 秒
2023-12-05 00:39:47 查询号码 【1811375】，返回信息 {"status":"ok","msg":"四川-巴中","gid":"33314","time_insert":"2018-01-22 20:53","time_update":"2020-11-04 04:17"}
2023-12-05 00:39:47 查询号码 【1811375】，GSD为【"四川-巴中"】

2023-12-05 00:39:48 开始第 1474 次操作

2023-12-05 00:39:48 开始操作号码 【1811376】
2023-12-05 00:41:58 GSD getOne 第 1 次 等待 3 秒
2023-12-05 00:42:24 GSD getOne 第 2 次 等待 3 秒
2023-12-05 00:42:27 查询号码 【1811376】，返回信息 {"status":"ok","msg":"四川-巴中","gid":"33315","time_insert":"2018-05-16 08:32","time_update":"2020-11-04 04:22"}
2023-12-05 00:42:27 查询号码 【1811376】，GSD为【"四川-巴中"】

2023-12-05 00:42:28 开始第 1475 次操作

2023-12-05 00:42:28 开始操作号码 【1811377】
2023-12-05 00:42:41 GSD getOne 第 1 次 等待 3 秒
2023-12-05 00:42:44 查询号码 【1811377】，返回信息 {"status":"ok","msg":"四川-巴中","gid":"33316","time_insert":"2016-11-17 10:15","time_update":"2020-11-04 04:26"}
2023-12-05 00:42:44 查询号码 【1811377】，GSD为【"四川-巴中"】

2023-12-05 00:42:45 开始第 1476 次操作

2023-12-05 00:42:45 开始操作号码 【1811378】
2023-12-05 00:53:16 GSD getOne 第 1 次 等待 3 秒
2023-12-05 00:53:34 GSD getOne 第 2 次 等待 3 秒
2023-12-05 00:53:37 查询号码 【1811378】，返回信息 {"status":"ok","msg":"四川-宜宾","gid":"33317","time_insert":"2018-01-24 10:07","time_update":"2020-11-04 04:31"}
2023-12-05 00:53:37 查询号码 【1811378】，GSD为【"四川-宜宾"】

