2023-09-30 00:17:20 开始第 657 次操作

2023-09-30 00:17:20 开始操作号码 【1910656】
2023-09-30 00:17:24 GSD getOne 第 1 次 等待 3 秒
2023-09-30 00:17:27 查询号码 【1910656】，返回信息 {"status":"ok","msg":"浙江-杭州","gid":"462316","time_insert":"2021-08-01 01:38"}
2023-09-30 00:17:27 查询号码 【1910656】，GSD为【"浙江-杭州"】

2023-09-30 00:17:28 开始第 658 次操作

2023-09-30 00:17:28 开始操作号码 【1910657】
2023-09-30 00:17:30 GSD getOne 第 1 次 等待 3 秒
2023-09-30 00:17:33 查询号码 【1910657】，返回信息 {"status":"ok","msg":"浙江-杭州","gid":"462450","time_insert":"2021-08-01 01:50"}
2023-09-30 00:17:33 查询号码 【1910657】，GSD为【"浙江-杭州"】

2023-09-30 00:17:34 开始第 659 次操作

2023-09-30 00:17:34 开始操作号码 【1910658】
2023-09-30 00:17:36 GSD getOne 第 1 次 等待 3 秒
2023-09-30 00:17:39 查询号码 【1910658】，返回信息 {"status":"ok","msg":"浙江-杭州","gid":"462667","time_insert":"2021-08-01 02:05"}
2023-09-30 00:17:39 查询号码 【1910658】，GSD为【"浙江-杭州"】

2023-09-30 00:17:40 开始第 660 次操作

2023-09-30 00:17:40 开始操作号码 【1910659】
2023-09-30 00:17:42 GSD getOne 第 1 次 等待 3 秒
2023-09-30 00:17:45 查询号码 【1910659】，返回信息 {"status":"ok","msg":"浙江-杭州","gid":"462755","time_insert":"2021-08-01 02:18"}
2023-09-30 00:17:45 查询号码 【1910659】，GSD为【"浙江-杭州"】

2023-09-30 00:38:22 开始第 661 次操作

2023-09-30 00:38:22 开始操作号码 【1910660】
2023-09-30 00:38:23 GSD getOne 第 1 次 等待 3 秒
2023-09-30 00:38:26 查询号码 【1910660】，返回信息 {"status":"ok","msg":"广东-汕尾","gid":"462771","time_insert":"2021-08-01 02:29"}
2023-09-30 00:38:26 查询号码 【1910660】，GSD为【"广东-汕尾"】

2023-09-30 00:38:28 开始第 662 次操作

2023-09-30 00:38:28 开始操作号码 【1910661】
2023-09-30 00:38:32 GSD getOne 第 1 次 等待 3 秒
2023-09-30 00:38:35 查询号码 【1910661】，返回信息 {"status":"ok","msg":"广东-汕尾","gid":"462790","time_insert":"2021-08-01 02:44"}
2023-09-30 00:38:35 查询号码 【1910661】，GSD为【"广东-汕尾"】

2023-09-30 00:38:37 开始第 663 次操作

2023-09-30 00:38:37 开始操作号码 【1910662】
2023-09-30 00:38:38 GSD getOne 第 1 次 等待 3 秒
2023-09-30 00:38:41 查询号码 【1910662】，返回信息 {"status":"ok","msg":"广东-阳江","gid":"462896","time_insert":"2021-08-01 02:55"}
2023-09-30 00:38:41 查询号码 【1910662】，GSD为【"广东-阳江"】

2023-09-30 00:38:42 开始第 664 次操作

2023-09-30 00:38:42 开始操作号码 【1910663】
2023-09-30 00:38:46 GSD getOne 第 1 次 等待 3 秒
2023-09-30 00:38:49 查询号码 【1910663】，返回信息 {"status":"ok","msg":"广东-揭阳","gid":"463081","time_insert":"2021-08-01 03:07"}
2023-09-30 00:38:49 查询号码 【1910663】，GSD为【"广东-揭阳"】

