2024-08-05 00:17:16 开始第 9849 次操作

2024-08-05 00:17:16 开始操作号码 【1489750】
2024-08-05 00:17:25 GSD getOne 第 1 次 等待 3 秒
2024-08-05 00:17:28 查询号码 【1489750】，返回信息 {"status":"ok","msg":"-","gid":"387254","time_insert":"2021-07-25 09:13"}
2024-08-05 00:17:28 查询号码 【1489750】，GSD为【"-"】
2024-08-05 00:17:28 ok && -
2024-08-05 00:17:30 CHB 1489750?1722788248 第 1 次 等待 3 秒
2024-08-05 00:17:33 CHB 1489750?1722788248 第 1 次 获取到号码【1489750】GSD
2024-08-05 00:17:33 获取到号码【1489750】的GSD为【上海-上海】
2024-08-05 00:17:42 GSD insert 第 1 次 等待 3 秒
2024-08-05 00:17:45 {"status":"ok","gid":"387254","msg":"添加号码已存在，但为‘-’，修改为【上海-上海】成功！"}
2024-08-05 00:17:45 随机等待 231 秒，约 3 分钟
2024-08-05 00:17:45 下次操作: 2024-08-05 00:21:36

2024-08-05 00:21:36 开始第 9850 次操作

2024-08-05 00:21:36 开始操作号码 【1489751】
2024-08-05 00:21:38 GSD getOne 第 1 次 等待 3 秒
2024-08-05 00:21:41 查询号码 【1489751】，返回信息 {"status":"ok","msg":"-","gid":"387265","time_insert":"2021-07-25 09:18"}
2024-08-05 00:21:41 查询号码 【1489751】，GSD为【"-"】
2024-08-05 00:21:41 ok && -
2024-08-05 00:21:42 CHB 1489751?1722788501 第 1 次 等待 3 秒
2024-08-05 00:21:45 CHB 1489751?1722788501 第 1 次 获取到号码【1489751】GSD
2024-08-05 00:21:46 获取到号码【1489751】的GSD为【上海-上海】
2024-08-05 00:21:49 GSD insert 第 1 次 等待 3 秒
2024-08-05 00:21:52 {"status":"ok","gid":"387265","msg":"添加号码已存在，但为‘-’，修改为【上海-上海】成功！"}
2024-08-05 00:21:52 随机等待 211 秒，约 3 分钟
2024-08-05 00:21:52 下次操作: 2024-08-05 00:25:23

2024-08-05 00:25:23 开始第 9851 次操作

2024-08-05 00:25:23 开始操作号码 【1489752】
2024-08-05 00:25:30 GSD getOne 第 1 次 等待 3 秒
2024-08-05 00:25:33 查询号码 【1489752】，返回信息 {"status":"ok","msg":"-","gid":"387271","time_insert":"2021-07-25 09:22"}
2024-08-05 00:25:34 查询号码 【1489752】，GSD为【"-"】
2024-08-05 00:25:34 ok && -
2024-08-05 00:25:35 CHB 1489752?1722788734 第 1 次 等待 3 秒
2024-08-05 00:25:38 CHB 1489752?1722788734 第 1 次 获取到号码【1489752】GSD
2024-08-05 00:25:38 获取到号码【1489752】的GSD为【上海-上海】
2024-08-05 00:25:47 GSD insert 第 1 次 等待 3 秒
2024-08-05 00:25:50 {"status":"ok","gid":"387271","msg":"添加号码已存在，但为‘-’，修改为【上海-上海】成功！"}
2024-08-05 00:25:50 随机等待 153 秒，约 2 分钟
2024-08-05 00:25:50 下次操作: 2024-08-05 00:28:23

2024-08-05 00:28:23 开始第 9852 次操作

2024-08-05 00:28:23 开始操作号码 【1489753】
2024-08-05 00:28:31 GSD getOne 第 1 次 等待 3 秒
2024-08-05 00:28:34 查询号码 【1489753】，返回信息 {"status":"ok","msg":"-","gid":"387286","time_insert":"2021-07-25 09:26"}
2024-08-05 00:28:35 查询号码 【1489753】，GSD为【"-"】
2024-08-05 00:28:35 ok && -
2024-08-05 00:28:36 CHB 1489753?1722788915 第 1 次 等待 3 秒
2024-08-05 00:28:39 CHB 1489753?1722788915 第 1 次 获取到号码【1489753】GSD
2024-08-05 00:28:39 获取到号码【1489753】的GSD为【上海-上海】
2024-08-05 00:28:49 GSD insert 第 1 次 等待 3 秒
2024-08-05 00:28:52 {"status":"ok","gid":"387286","msg":"添加号码已存在，但为‘-’，修改为【上海-上海】成功！"}

