2023-12-09 00:18:30 开始第 2189 次操作

2023-12-09 00:18:30 开始操作号码 【1812091】
2023-12-09 00:18:43 GSD getOne 第 1 次 等待 3 秒
2023-12-09 00:18:46 查询号码 【1812091】，返回信息 {"status":"ok","msg":"福建-福州","gid":"33409","time_insert":"2017-12-28 17:37","time_update":"2020-09-05 00:04"}
2023-12-09 00:18:46 查询号码 【1812091】，GSD为【"福建-福州"】

2023-12-09 00:18:47 开始第 2190 次操作

2023-12-09 00:18:47 开始操作号码 【1812092】
2023-12-09 00:18:51 GSD getOne 第 1 次 等待 3 秒
2023-12-09 00:18:54 查询号码 【1812092】，返回信息 {"status":"ok","msg":"福建-福州","gid":"33410","time_insert":"2017-04-21 19:14","time_update":"2020-09-04 23:59"}
2023-12-09 00:18:54 查询号码 【1812092】，GSD为【"福建-福州"】

2023-12-09 00:18:55 开始第 2191 次操作

2023-12-09 00:18:55 开始操作号码 【1812093】
2023-12-09 00:18:58 GSD getOne 第 1 次 等待 3 秒
2023-12-09 00:19:01 查询号码 【1812093】，返回信息 {"status":"ok","msg":"福建-福州","gid":"453035","time_insert":"2021-07-31 05:59"}
2023-12-09 00:19:01 查询号码 【1812093】，GSD为【"福建-福州"】

2023-12-09 00:19:02 开始第 2192 次操作

2023-12-09 00:19:02 开始操作号码 【1812094】
2023-12-09 00:19:05 GSD getOne 第 1 次 等待 3 秒
2023-12-09 00:19:08 查询号码 【1812094】，返回信息 {"status":"ok","msg":"福建-福州","gid":"453028","time_insert":"2021-07-31 05:59"}
2023-12-09 00:19:08 查询号码 【1812094】，GSD为【"福建-福州"】

2023-12-09 00:39:55 开始第 2193 次操作

2023-12-09 00:39:55 开始操作号码 【1812095】
2023-12-09 00:39:59 GSD getOne 第 1 次 等待 3 秒
2023-12-09 00:40:02 查询号码 【1812095】，返回信息 {"status":"ok","msg":"福建-福州","gid":"33411","time_insert":"2018-02-07 09:24","time_update":"2020-09-04 23:11"}
2023-12-09 00:40:02 查询号码 【1812095】，GSD为【"福建-福州"】

2023-12-09 00:40:03 开始第 2194 次操作

2023-12-09 00:40:03 开始操作号码 【1812096】
2023-12-09 00:40:07 GSD getOne 第 1 次 等待 3 秒
2023-12-09 00:40:10 查询号码 【1812096】，返回信息 {"status":"ok","msg":"福建-福州","gid":"453016","time_insert":"2021-07-31 05:58"}
2023-12-09 00:40:10 查询号码 【1812096】，GSD为【"福建-福州"】

2023-12-09 00:40:11 开始第 2195 次操作

2023-12-09 00:40:11 开始操作号码 【1812097】
2023-12-09 00:40:16 GSD getOne 第 1 次 等待 3 秒
2023-12-09 00:40:19 查询号码 【1812097】，返回信息 {"status":"ok","msg":"福建-福州","gid":"453007","time_insert":"2021-07-31 05:57"}
2023-12-09 00:40:19 查询号码 【1812097】，GSD为【"福建-福州"】

2023-12-09 00:40:20 开始第 2196 次操作

2023-12-09 00:40:20 开始操作号码 【1812098】
2023-12-09 00:40:23 GSD getOne 第 1 次 等待 3 秒
2023-12-09 00:40:26 查询号码 【1812098】，返回信息 {"status":"ok","msg":"福建-莆田","gid":"452996","time_insert":"2021-07-31 05:57"}
2023-12-09 00:40:27 查询号码 【1812098】，GSD为【"福建-莆田"】

2023-12-09 01:12:41 开始第 2197 次操作

2023-12-09 01:12:41 开始操作号码 【1812099】
2023-12-09 01:12:45 GSD getOne 第 1 次 等待 3 秒
2023-12-09 01:12:48 查询号码 【1812099】，返回信息 {"status":"ok","msg":"福建-莆田","gid":"452984","time_insert":"2021-07-31 05:56"}
2023-12-09 01:12:48 查询号码 【1812099】，GSD为【"福建-莆田"】

2023-12-09 01:12:49 开始第 2198 次操作

2023-12-09 01:12:49 开始操作号码 【1812100】
2023-12-09 01:12:53 GSD getOne 第 1 次 等待 3 秒
2023-12-09 01:12:56 查询号码 【1812100】，返回信息 {"status":"ok","msg":"上海-上海","gid":"452976","time_insert":"2021-07-31 05:56"}
2023-12-09 01:12:56 查询号码 【1812100】，GSD为【"上海-上海"】

2023-12-09 01:12:57 开始第 2199 次操作

2023-12-09 01:12:57 开始操作号码 【1812101】
2023-12-09 01:13:03 GSD getOne 第 1 次 等待 3 秒
2023-12-09 01:13:06 查询号码 【1812101】，返回信息 {"status":"ok","msg":"上海-上海","gid":"452963","time_insert":"2021-07-31 05:55"}
2023-12-09 01:13:06 查询号码 【1812101】，GSD为【"上海-上海"】

2023-12-09 01:13:07 开始第 2200 次操作

2023-12-09 01:13:07 开始操作号码 【1812102】
2023-12-09 01:13:11 GSD getOne 第 1 次 等待 3 秒
2023-12-09 01:13:14 查询号码 【1812102】，返回信息 {"status":"ok","msg":"上海-上海","gid":"452952","time_insert":"2021-07-31 05:54"}
2023-12-09 01:13:14 查询号码 【1812102】，GSD为【"上海-上海"】

2023-12-09 01:36:00 开始第 2201 次操作

2023-12-09 01:36:00 开始操作号码 【1812103】
2023-12-09 01:36:04 GSD getOne 第 1 次 等待 3 秒
2023-12-09 01:36:07 查询号码 【1812103】，返回信息 {"status":"ok","msg":"上海-上海","gid":"452942","time_insert":"2021-07-31 05:54"}
2023-12-09 01:36:07 查询号码 【1812103】，GSD为【"上海-上海"】

2023-12-09 01:36:08 开始第 2202 次操作

2023-12-09 01:36:08 开始操作号码 【1812104】
2023-12-09 01:36:11 GSD getOne 第 1 次 等待 3 秒
2023-12-09 01:36:14 查询号码 【1812104】，返回信息 {"status":"ok","msg":"上海-上海","gid":"452932","time_insert":"2021-07-31 05:53"}
2023-12-09 01:36:15 查询号码 【1812104】，GSD为【"上海-上海"】

2023-12-09 01:36:16 开始第 2203 次操作

2023-12-09 01:36:16 开始操作号码 【1812105】
2023-12-09 01:36:19 GSD getOne 第 1 次 等待 3 秒
2023-12-09 01:36:22 查询号码 【1812105】，返回信息 {"status":"ok","msg":"上海-上海","gid":"452924","time_insert":"2021-07-31 05:52"}
2023-12-09 01:36:22 查询号码 【1812105】，GSD为【"上海-上海"】

2023-12-09 01:36:23 开始第 2204 次操作

2023-12-09 01:36:23 开始操作号码 【1812106】
2023-12-09 01:36:27 GSD getOne 第 1 次 等待 3 秒
2023-12-09 01:36:30 查询号码 【1812106】，返回信息 {"status":"ok","msg":"上海-上海","gid":"452910","time_insert":"2021-07-31 05:52"}
2023-12-09 01:36:30 查询号码 【1812106】，GSD为【"上海-上海"】

