2024-10-08 00:15:51 开始第 8813 次操作

2024-10-08 00:15:51 开始操作号码 【1378812】
2024-10-08 00:15:54 GSD getOne 第 1 次 等待 3 秒
2024-10-08 00:15:57 查询号码 【1378812】，返回信息 {"status":"ok","msg":"广西-柳州","gid":"10704","time_insert":"2018-07-25 23:27","time_update":"2020-12-18 07:27"}
2024-10-08 00:15:57 查询号码 【1378812】，GSD为【"广西-柳州"】

2024-10-08 00:15:59 开始第 8814 次操作

2024-10-08 00:15:59 开始操作号码 【1378813】
2024-10-08 00:16:00 GSD getOne 第 1 次 等待 3 秒
2024-10-08 00:16:03 查询号码 【1378813】，返回信息 {"status":"ok","msg":"广西-桂林","gid":"348650","time_insert":"2021-07-21 19:49"}
2024-10-08 00:16:03 查询号码 【1378813】，GSD为【"广西-桂林"】

2024-10-08 00:16:04 开始第 8815 次操作

2024-10-08 00:16:05 开始操作号码 【1378814】
2024-10-08 00:16:06 GSD getOne 第 1 次 等待 3 秒
2024-10-08 00:16:09 查询号码 【1378814】，返回信息 {"status":"ok","msg":"广西-梧州","gid":"348644","time_insert":"2021-07-21 19:48"}
2024-10-08 00:16:09 查询号码 【1378814】，GSD为【"广西-梧州"】

2024-10-08 00:16:10 开始第 8816 次操作

2024-10-08 00:16:10 开始操作号码 【1378815】
2024-10-08 00:16:12 GSD getOne 第 1 次 等待 3 秒
2024-10-08 00:16:15 查询号码 【1378815】，返回信息 {"status":"ok","msg":"广西-玉林","gid":"348614","time_insert":"2021-07-21 19:44"}
2024-10-08 00:16:15 查询号码 【1378815】，GSD为【"广西-玉林"】

