2023-11-17 00:19:12 开始第 9133 次操作

2023-11-17 00:19:12 开始操作号码 【1919034】
2023-11-17 00:19:15 GSD getOne 第 1 次 等待 3 秒
2023-11-17 00:19:18 查询号码 【1919034】，返回信息 {"status":"ok","msg":"新疆-和田","gid":"441877","time_insert":"2021-07-30 06:59"}
2023-11-17 00:19:18 查询号码 【1919034】，GSD为【"新疆-和田"】

2023-11-17 00:19:19 开始第 9134 次操作

2023-11-17 00:19:19 开始操作号码 【1919035】
2023-11-17 00:19:23 GSD getOne 第 1 次 等待 3 秒
2023-11-17 00:19:26 查询号码 【1919035】，返回信息 {"status":"ok","msg":"新疆-伊犁","gid":"441864","time_insert":"2021-07-30 06:58"}
2023-11-17 00:19:26 查询号码 【1919035】，GSD为【"新疆-伊犁"】

2023-11-17 00:19:27 开始第 9135 次操作

2023-11-17 00:19:27 开始操作号码 【1919036】
2023-11-17 00:19:32 GSD getOne 第 1 次 等待 3 秒
2023-11-17 00:19:35 查询号码 【1919036】，返回信息 {"status":"ok","msg":"新疆-伊犁","gid":"441852","time_insert":"2021-07-30 06:57"}
2023-11-17 00:19:35 查询号码 【1919036】，GSD为【"新疆-伊犁"】

2023-11-17 00:19:36 开始第 9136 次操作

2023-11-17 00:19:36 开始操作号码 【1919037】
2023-11-17 00:19:39 GSD getOne 第 1 次 等待 3 秒
2023-11-17 00:19:42 查询号码 【1919037】，返回信息 {"status":"ok","msg":"新疆-伊犁","gid":"441839","time_insert":"2021-07-30 06:56"}
2023-11-17 00:19:42 查询号码 【1919037】，GSD为【"新疆-伊犁"】

