2024-05-12 00:16:56 开始第 8493 次操作

2024-05-12 00:16:56 开始操作号码 【1598396】
2024-05-12 00:17:05 GSD getOne 第 1 次 等待 3 秒
2024-05-12 00:17:08 查询号码 【1598396】，返回信息 {"status":"ok","msg":"四川-巴中","gid":"27961","time_insert":"2018-08-11 23:06","time_update":"2020-10-27 05:51"}
2024-05-12 00:17:08 查询号码 【1598396】，GSD为【"四川-巴中"】

2024-05-12 00:17:09 开始第 8494 次操作

2024-05-12 00:17:09 开始操作号码 【1598397】
2024-05-12 00:17:17 GSD getOne 第 1 次 等待 3 秒
2024-05-12 00:17:20 查询号码 【1598397】，返回信息 {"status":"ok","msg":"四川-巴中","gid":"27962","time_insert":"2015-05-10 22:35","time_update":"2020-10-27 05:56"}
2024-05-12 00:17:20 查询号码 【1598397】，GSD为【"四川-巴中"】

2024-05-12 00:17:21 开始第 8495 次操作

2024-05-12 00:17:21 开始操作号码 【1598398】
2024-05-12 00:17:31 GSD getOne 第 1 次 等待 3 秒
2024-05-12 00:17:34 查询号码 【1598398】，返回信息 {"status":"ok","msg":"四川-巴中","gid":"27963","time_insert":"2018-11-03 20:26","time_update":"2020-10-27 06:00"}
2024-05-12 00:17:34 查询号码 【1598398】，GSD为【"四川-巴中"】

2024-05-12 00:17:35 开始第 8496 次操作

2024-05-12 00:17:35 开始操作号码 【1598399】
2024-05-12 00:17:40 GSD getOne 第 1 次 等待 3 秒
2024-05-12 00:17:43 查询号码 【1598399】，返回信息 {"status":"ok","msg":"四川-巴中","gid":"27964","time_insert":"2014-09-12 10:10","time_update":"2020-10-27 06:14"}
2024-05-12 00:17:43 查询号码 【1598399】，GSD为【"四川-巴中"】

2024-05-12 00:36:29 开始第 8497 次操作

2024-05-12 00:36:29 开始操作号码 【1598400】
2024-05-12 00:36:38 GSD getOne 第 1 次 等待 3 秒
2024-05-12 00:36:41 查询号码 【1598400】，返回信息 {"status":"ok","msg":"四川-泸州","gid":"27965","time_insert":"2015-07-03 17:27","time_update":"2020-10-27 06:19"}
2024-05-12 00:36:41 查询号码 【1598400】，GSD为【"四川-泸州"】

2024-05-12 00:36:42 开始第 8498 次操作

2024-05-12 00:36:42 开始操作号码 【1598401】
2024-05-12 00:36:48 GSD getOne 第 1 次 等待 3 秒
2024-05-12 00:36:51 查询号码 【1598401】，返回信息 {"status":"ok","msg":"四川-泸州","gid":"27966","time_insert":"2018-12-19 22:42","time_update":"2020-10-27 06:23"}
2024-05-12 00:36:51 查询号码 【1598401】，GSD为【"四川-泸州"】

2024-05-12 00:36:52 开始第 8499 次操作

2024-05-12 00:36:52 开始操作号码 【1598402】
2024-05-12 00:36:57 GSD getOne 第 1 次 等待 3 秒
2024-05-12 00:37:00 查询号码 【1598402】，返回信息 {"status":"ok","msg":"四川-泸州","gid":"27967","time_insert":"2017-05-22 18:13","time_update":"2020-10-27 06:27"}
2024-05-12 00:37:00 查询号码 【1598402】，GSD为【"四川-泸州"】

2024-05-12 00:37:01 开始第 8500 次操作

2024-05-12 00:37:01 开始操作号码 【1598403】
2024-05-12 00:37:12 GSD getOne 第 1 次 等待 3 秒
2024-05-12 00:37:15 查询号码 【1598403】，返回信息 {"status":"ok","msg":"四川-泸州","gid":"27968","time_insert":"2017-02-27 14:19","time_update":"2020-10-27 06:31"}
2024-05-12 00:37:15 查询号码 【1598403】，GSD为【"四川-泸州"】

