2021-08-01 00:00:36 开始第 20 次操作

2021-08-01 00:00:36 开始操作号码 【1844456】
2021-08-01 00:00:44 GSD getOne 第 1 次 等待 3 秒
2021-08-01 00:00:47 查询号码 【1844456】，返回信息 {"status":"bad","msg":""}
2021-08-01 00:00:47 查询号码 【1844456】，GSD为【""】
2021-08-01 00:00:47 bad
2021-08-01 00:00:49 CHB 1844456?1627747247 第 1 次 等待 3 秒
2021-08-01 00:00:52 CHB 1844456?1627747247 第 1 次 获取到号码【1844456】GSD
2021-08-01 00:00:52 获取到号码【1844456】的GSD为【吉林-长春】
2021-08-01 00:01:01 GSD insert 第 1 次 等待 3 秒
2021-08-01 00:01:04 {"status":"ok","gid":461568,"msg":"添加成功！"}
2021-08-01 00:01:04 下次操作: 2021-08-01 00:01:16

2021-08-01 00:01:16 开始第 21 次操作

2021-08-01 00:01:16 开始操作号码 【1844455】
2021-08-01 00:01:20 GSD getOne 第 1 次 等待 3 秒
2021-08-01 00:01:23 查询号码 【1844455】，返回信息 {"status":"bad","msg":""}
2021-08-01 00:01:23 查询号码 【1844455】，GSD为【""】
2021-08-01 00:01:23 bad
2021-08-01 00:01:25 CHB 1844455?1627747283 第 1 次 等待 3 秒
2021-08-01 00:01:28 CHB 1844455?1627747283 第 1 次 获取到号码【1844455】GSD
2021-08-01 00:01:28 获取到号码【1844455】的GSD为【吉林-长春】
2021-08-01 00:01:31 GSD insert 第 1 次 等待 3 秒
2021-08-01 00:01:34 {"status":"ok","gid":461575,"msg":"添加成功！"}
2021-08-01 00:01:34 下次操作: 2021-08-01 00:01:52

2021-08-01 00:01:52 开始第 22 次操作

2021-08-01 00:01:52 开始操作号码 【1844454】
2021-08-01 00:02:02 GSD getOne 第 1 次 等待 3 秒
2021-08-01 00:02:05 查询号码 【1844454】，返回信息 {"status":"bad","msg":""}
2021-08-01 00:02:05 查询号码 【1844454】，GSD为【""】
2021-08-01 00:02:05 bad
2021-08-01 00:02:06 CHB 1844454?1627747325 第 1 次 等待 3 秒
2021-08-01 00:02:09 CHB 1844454?1627747325 第 1 次 获取到号码【1844454】GSD
2021-08-01 00:02:09 获取到号码【1844454】的GSD为【吉林-长春】
2021-08-01 00:02:13 GSD insert 第 1 次 等待 3 秒
2021-08-01 00:02:16 {"status":"ok","gid":461583,"msg":"添加成功！"}
2021-08-01 00:02:16 下次操作: 2021-08-01 00:02:31

2021-08-01 00:02:31 开始第 23 次操作

2021-08-01 00:02:31 开始操作号码 【1844453】
2021-08-01 00:02:39 GSD getOne 第 1 次 等待 3 秒
2021-08-01 00:02:42 查询号码 【1844453】，返回信息 {"status":"bad","msg":""}
2021-08-01 00:02:42 查询号码 【1844453】，GSD为【""】
2021-08-01 00:02:42 bad
2021-08-01 00:02:44 CHB 1844453?1627747362 第 1 次 等待 3 秒
2021-08-01 00:02:47 CHB 1844453?1627747362 第 1 次 获取到号码【1844453】GSD
2021-08-01 00:02:47 获取到号码【1844453】的GSD为【吉林-长春】
2021-08-01 00:02:51 GSD insert 第 1 次 等待 3 秒
2021-08-01 00:02:54 {"status":"ok","gid":461591,"msg":"添加成功！"}
2021-08-01 00:02:54 下次操作: 2021-08-01 00:03:09

2021-08-01 00:03:09 开始第 24 次操作

2021-08-01 00:03:09 开始操作号码 【1844452】
2021-08-01 00:03:12 GSD getOne 第 1 次 等待 3 秒
2021-08-01 00:03:15 查询号码 【1844452】，返回信息 {"status":"bad","msg":""}
2021-08-01 00:03:15 查询号码 【1844452】，GSD为【""】
2021-08-01 00:03:15 bad
2021-08-01 00:03:17 CHB 1844452?1627747395 第 1 次 等待 3 秒
2021-08-01 00:03:20 CHB 1844452?1627747395 第 1 次 获取到号码【1844452】GSD
2021-08-01 00:03:20 获取到号码【1844452】的GSD为【吉林-长春】
2021-08-01 00:03:24 GSD insert 第 1 次 等待 3 秒
2021-08-01 00:03:27 {"status":"ok","gid":461598,"msg":"添加成功！"}
2021-08-01 00:03:27 下次操作: 2021-08-01 00:03:43

2021-08-01 00:03:43 开始第 25 次操作

2021-08-01 00:03:43 开始操作号码 【1844451】
2021-08-01 00:03:50 GSD getOne 第 1 次 等待 3 秒
2021-08-01 00:03:53 查询号码 【1844451】，返回信息 {"status":"bad","msg":""}
2021-08-01 00:03:53 查询号码 【1844451】，GSD为【""】
2021-08-01 00:03:53 bad
2021-08-01 00:03:55 CHB 1844451?1627747433 第 1 次 等待 3 秒
2021-08-01 00:03:58 CHB 1844451?1627747433 第 1 次 获取到号码【1844451】GSD
2021-08-01 00:03:58 获取到号码【1844451】的GSD为【吉林-长春】
2021-08-01 00:04:05 GSD insert 第 1 次 等待 3 秒
2021-08-01 00:04:08 {"status":"ok","gid":461607,"msg":"添加成功！"}
2021-08-01 00:04:08 下次操作: 2021-08-01 00:04:28

2021-08-01 00:04:28 开始第 26 次操作

2021-08-01 00:04:28 开始操作号码 【1844450】
2021-08-01 00:04:31 GSD getOne 第 1 次 等待 3 秒
2021-08-01 00:04:34 查询号码 【1844450】，返回信息 {"status":"bad","msg":""}
2021-08-01 00:04:34 查询号码 【1844450】，GSD为【""】
2021-08-01 00:04:34 bad
2021-08-01 00:04:36 CHB 1844450?1627747474 第 1 次 等待 3 秒
2021-08-01 00:04:39 CHB 1844450?1627747474 第 1 次 获取到号码【1844450】GSD
2021-08-01 00:04:39 获取到号码【1844450】的GSD为【吉林-长春】
2021-08-01 00:04:43 GSD insert 第 1 次 等待 3 秒
2021-08-01 00:04:47 {"status":"ok","gid":461614,"msg":"添加成功！"}
2021-08-01 00:04:47 下次操作: 2021-08-01 00:05:01

2021-08-01 00:05:01 开始第 27 次操作

2021-08-01 00:05:01 开始操作号码 【1844449】
2021-08-01 00:05:07 GSD getOne 第 1 次 等待 3 秒
2021-08-01 00:05:10 查询号码 【1844449】，返回信息 {"status":"bad","msg":""}
2021-08-01 00:05:10 查询号码 【1844449】，GSD为【""】
2021-08-01 00:05:10 bad
2021-08-01 00:05:11 CHB 1844449?1627747510 第 1 次 等待 3 秒
2021-08-01 00:05:14 CHB 1844449?1627747510 第 1 次 获取到号码【1844449】GSD
2021-08-01 00:05:15 获取到号码【1844449】的GSD为【吉林-长春】
2021-08-01 00:05:26 GSD insert 第 1 次 等待 3 秒
2021-08-01 00:05:29 {"status":"ok","gid":461622,"msg":"添加成功！"}
2021-08-01 00:05:29 下次操作: 2021-08-01 00:05:51

2021-08-01 00:05:51 开始第 28 次操作

2021-08-01 00:05:51 开始操作号码 【1844448】
2021-08-01 00:05:55 GSD getOne 第 1 次 等待 3 秒
2021-08-01 00:05:58 查询号码 【1844448】，返回信息 {"status":"bad","msg":""}
2021-08-01 00:05:58 查询号码 【1844448】，GSD为【""】
2021-08-01 00:05:58 bad
2021-08-01 00:05:59 CHB 1844448?1627747558 第 1 次 等待 3 秒
2021-08-01 00:06:02 CHB 1844448?1627747558 第 1 次 获取到号码【1844448】GSD
2021-08-01 00:06:02 获取到号码【1844448】的GSD为【吉林-长春】
2021-08-01 00:06:06 GSD insert 第 1 次 等待 3 秒
2021-08-01 00:06:09 {"status":"ok","gid":461632,"msg":"添加成功！"}
2021-08-01 00:06:09 下次操作: 2021-08-01 00:06:24

2021-08-01 00:06:24 开始第 29 次操作

2021-08-01 00:06:24 开始操作号码 【1844447】
2021-08-01 00:06:32 GSD getOne 第 1 次 等待 3 秒
2021-08-01 00:06:35 查询号码 【1844447】，返回信息 {"status":"bad","msg":""}
2021-08-01 00:06:35 查询号码 【1844447】，GSD为【""】
2021-08-01 00:06:35 bad
2021-08-01 00:06:36 CHB 1844447?1627747595 第 1 次 等待 3 秒
2021-08-01 00:06:39 CHB 1844447?1627747595 第 1 次 获取到号码【1844447】GSD
2021-08-01 00:06:39 未获取到号码【1844447】GSD，查号吧 400 错误
2021-08-01 00:06:39 获取到号码【1844447】的GSD为【-】
2021-08-01 00:06:43 GSD insert 第 1 次 等待 3 秒
2021-08-01 00:06:46 {"status":"ok","gid":461640,"msg":"添加成功！"}
2021-08-01 00:06:46 下次操作: 2021-08-01 00:07:07

2021-08-01 00:07:07 开始第 30 次操作

2021-08-01 00:07:07 开始操作号码 【1844446】
2021-08-01 00:07:13 GSD getOne 第 1 次 等待 3 秒
2021-08-01 00:07:16 查询号码 【1844446】，返回信息 {"status":"bad","msg":""}
2021-08-01 00:07:16 查询号码 【1844446】，GSD为【""】
2021-08-01 00:07:16 bad
2021-08-01 00:07:22 CHB 1844446?1627747636 第 1 次 等待 3 秒
2021-08-01 00:07:25 CHB 1844446?1627747636 第 1 次 获取到号码【1844446】GSD
2021-08-01 00:07:25 获取到号码【1844446】的GSD为【吉林-长春】
2021-08-01 00:07:29 GSD insert 第 1 次 等待 3 秒
2021-08-01 00:07:32 {"status":"ok","gid":461647,"msg":"添加成功！"}
2021-08-01 00:07:32 下次操作: 2021-08-01 00:07:52

2021-08-01 00:07:52 开始第 31 次操作

2021-08-01 00:07:52 开始操作号码 【1844445】
2021-08-01 00:08:05 GSD getOne 第 1 次 等待 3 秒
2021-08-01 00:08:08 查询号码 【1844445】，返回信息 {"status":"bad","msg":""}
2021-08-01 00:08:08 查询号码 【1844445】，GSD为【""】
2021-08-01 00:08:08 bad
2021-08-01 00:08:10 CHB 1844445?1627747688 第 1 次 等待 3 秒
2021-08-01 00:08:13 CHB 1844445?1627747688 第 1 次 获取到号码【1844445】GSD
2021-08-01 00:08:13 获取到号码【1844445】的GSD为【吉林-长春】
2021-08-01 00:08:16 GSD insert 第 1 次 等待 3 秒
2021-08-01 00:08:19 {"status":"ok","gid":461658,"msg":"添加成功！"}
2021-08-01 00:08:19 下次操作: 2021-08-01 00:08:33

2021-08-01 00:08:33 开始第 32 次操作

2021-08-01 00:08:33 开始操作号码 【1844444】
2021-08-01 00:08:37 GSD getOne 第 1 次 等待 3 秒
2021-08-01 00:08:40 查询号码 【1844444】，返回信息 {"status":"bad","msg":""}
2021-08-01 00:08:40 查询号码 【1844444】，GSD为【""】
2021-08-01 00:08:40 bad
2021-08-01 00:08:41 CHB 1844444?1627747720 第 1 次 等待 3 秒
2021-08-01 00:08:44 CHB 1844444?1627747720 第 1 次 获取到号码【1844444】GSD
2021-08-01 00:08:44 获取到号码【1844444】的GSD为【吉林-长春】
2021-08-01 00:08:47 GSD insert 第 1 次 等待 3 秒
2021-08-01 00:08:50 {"status":"ok","gid":461666,"msg":"添加成功！"}
2021-08-01 00:08:50 下次操作: 2021-08-01 00:09:13

2021-08-01 00:09:13 开始第 33 次操作

2021-08-01 00:09:13 开始操作号码 【1844443】
2021-08-01 00:09:20 GSD getOne 第 1 次 等待 3 秒
2021-08-01 00:09:23 查询号码 【1844443】，返回信息 {"status":"bad","msg":""}
2021-08-01 00:09:24 查询号码 【1844443】，GSD为【""】
2021-08-01 00:09:24 bad
2021-08-01 00:09:25 CHB 1844443?1627747764 第 1 次 等待 3 秒
2021-08-01 00:09:28 CHB 1844443?1627747764 第 1 次 获取到号码【1844443】GSD
2021-08-01 00:09:28 获取到号码【1844443】的GSD为【吉林-长春】
2021-08-01 00:09:33 GSD insert 第 1 次 等待 3 秒
2021-08-01 00:09:36 {"status":"ok","gid":461675,"msg":"添加成功！"}
2021-08-01 00:09:36 下次操作: 2021-08-01 00:09:50

2021-08-01 00:09:50 开始第 34 次操作

2021-08-01 00:09:50 开始操作号码 【1844442】
2021-08-01 00:10:01 GSD getOne 第 1 次 等待 3 秒
2021-08-01 00:10:04 查询号码 【1844442】，返回信息 {"status":"bad","msg":""}
2021-08-01 00:10:04 查询号码 【1844442】，GSD为【""】
2021-08-01 00:10:04 bad
2021-08-01 00:10:06 CHB 1844442?1627747804 第 1 次 等待 3 秒
2021-08-01 00:10:09 CHB 1844442?1627747804 第 1 次 获取到号码【1844442】GSD
2021-08-01 00:10:09 获取到号码【1844442】的GSD为【吉林-长春】
2021-08-01 00:10:14 GSD insert 第 1 次 等待 3 秒
2021-08-01 00:10:17 {"status":"ok","gid":461686,"msg":"添加成功！"}
2021-08-01 00:10:17 下次操作: 2021-08-01 00:10:35

2021-08-01 00:10:35 开始第 35 次操作

2021-08-01 00:10:35 开始操作号码 【1844441】
2021-08-01 00:10:39 GSD getOne 第 1 次 等待 3 秒
2021-08-01 00:10:42 查询号码 【1844441】，返回信息 {"status":"bad","msg":""}
2021-08-01 00:10:42 查询号码 【1844441】，GSD为【""】
2021-08-01 00:10:42 bad
2021-08-01 00:10:44 CHB 1844441?1627747842 第 1 次 等待 3 秒
2021-08-01 00:10:47 CHB 1844441?1627747842 第 1 次 获取到号码【1844441】GSD
2021-08-01 00:10:47 获取到号码【1844441】的GSD为【吉林-长春】
2021-08-01 00:10:51 GSD insert 第 1 次 等待 3 秒
2021-08-01 00:10:54 {"status":"ok","gid":461693,"msg":"添加成功！"}
2021-08-01 00:10:54 下次操作: 2021-08-01 00:11:14

2021-08-01 00:11:14 开始第 36 次操作

2021-08-01 00:11:14 开始操作号码 【1844440】
2021-08-01 00:11:19 GSD getOne 第 1 次 等待 3 秒
2021-08-01 00:11:22 查询号码 【1844440】，返回信息 {"status":"bad","msg":""}
2021-08-01 00:11:22 查询号码 【1844440】，GSD为【""】
2021-08-01 00:11:22 bad
2021-08-01 00:11:24 CHB 1844440?1627747882 第 1 次 等待 3 秒
2021-08-01 00:11:27 CHB 1844440?1627747882 第 1 次 获取到号码【1844440】GSD
2021-08-01 00:11:27 获取到号码【1844440】的GSD为【吉林-长春】
2021-08-01 00:11:34 GSD insert 第 1 次 等待 3 秒
2021-08-01 00:11:37 {"status":"ok","gid":461701,"msg":"添加成功！"}
2021-08-01 00:11:37 下次操作: 2021-08-01 00:12:00

2021-08-01 00:12:00 开始第 37 次操作

2021-08-01 00:12:00 开始操作号码 【1844439】
2021-08-01 00:12:15 GSD getOne 第 1 次 等待 3 秒
2021-08-01 00:12:18 查询号码 【1844439】，返回信息 {"status":"bad","msg":""}
2021-08-01 00:12:18 查询号码 【1844439】，GSD为【""】
2021-08-01 00:12:18 bad
2021-08-01 00:12:20 CHB 1844439?1627747938 第 1 次 等待 3 秒
2021-08-01 00:12:23 CHB 1844439?1627747938 第 1 次 获取到号码【1844439】GSD
2021-08-01 00:12:23 获取到号码【1844439】的GSD为【吉林-长春】
2021-08-01 00:12:26 GSD insert 第 1 次 等待 3 秒
2021-08-01 00:12:29 {"status":"ok","gid":461716,"msg":"添加成功！"}
2021-08-01 00:12:29 下次操作: 2021-08-01 00:12:48

2021-08-01 00:12:48 开始第 38 次操作

2021-08-01 00:12:48 开始操作号码 【1844438】
2021-08-01 00:13:01 GSD getOne 第 1 次 等待 3 秒
2021-08-01 00:13:04 查询号码 【1844438】，返回信息 {"status":"bad","msg":""}
2021-08-01 00:13:04 查询号码 【1844438】，GSD为【""】
2021-08-01 00:13:04 bad
2021-08-01 00:13:06 CHB 1844438?1627747984 第 1 次 等待 3 秒
2021-08-01 00:13:09 CHB 1844438?1627747984 第 1 次 获取到号码【1844438】GSD
2021-08-01 00:13:09 获取到号码【1844438】的GSD为【吉林-长春】
2021-08-01 00:13:13 GSD insert 第 1 次 等待 3 秒
2021-08-01 00:13:16 {"status":"ok","gid":461726,"msg":"添加成功！"}
2021-08-01 00:13:16 下次操作: 2021-08-01 00:13:34

2021-08-01 00:13:34 开始第 39 次操作

2021-08-01 00:13:34 开始操作号码 【1844437】
2021-08-01 00:13:42 GSD getOne 第 1 次 等待 3 秒
2021-08-01 00:13:45 查询号码 【1844437】，返回信息 {"status":"bad","msg":""}
2021-08-01 00:13:45 查询号码 【1844437】，GSD为【""】
2021-08-01 00:13:45 bad
2021-08-01 00:13:48 CHB 1844437?1627748025 第 1 次 等待 3 秒
2021-08-01 00:13:51 CHB 1844437?1627748025 第 1 次 获取到号码【1844437】GSD
2021-08-01 00:13:51 获取到号码【1844437】的GSD为【吉林-长春】
2021-08-01 00:13:55 GSD insert 第 1 次 等待 3 秒
2021-08-01 00:13:58 {"status":"ok","gid":461732,"msg":"添加成功！"}
2021-08-01 00:13:58 下次操作: 2021-08-01 00:14:17

2021-08-01 00:14:17 开始第 40 次操作

2021-08-01 00:14:17 开始操作号码 【1844436】
2021-08-01 00:14:22 GSD getOne 第 1 次 等待 3 秒
2021-08-01 00:14:25 查询号码 【1844436】，返回信息 {"status":"bad","msg":""}
2021-08-01 00:14:25 查询号码 【1844436】，GSD为【""】
2021-08-01 00:14:25 bad
2021-08-01 00:14:31 CHB 1844436?1627748065 第 1 次 等待 3 秒
2021-08-01 00:14:34 CHB 1844436?1627748065 第 1 次 获取到号码【1844436】GSD
2021-08-01 00:14:34 获取到号码【1844436】的GSD为【吉林-长春】
2021-08-01 00:14:39 GSD insert 第 1 次 等待 3 秒
2021-08-01 00:14:42 {"status":"ok","gid":461740,"msg":"添加成功！"}

2021-08-01 00:58:59 开始第 1 次操作

2021-08-01 00:58:59 开始操作号码 【1844435】
2021-08-01 00:59:02 GSD getOne 第 1 次 等待 3 秒
2021-08-01 00:59:05 查询号码 【1844435】，返回信息 {"status":"bad","msg":""}
2021-08-01 00:59:05 查询号码 【1844435】，GSD为【""】
2021-08-01 00:59:05 bad
2021-08-01 00:59:07 CHB 1844435?1627750745 第 1 次 等待 3 秒
2021-08-01 00:59:10 CHB 1844435?1627750745 第 1 次 获取到号码【1844435】GSD
2021-08-01 00:59:10 获取到号码【1844435】的GSD为【吉林-长春】
2021-08-01 00:59:21 GSD insert 第 1 次 等待 3 秒
2021-08-01 00:59:24 {"status":"ok","gid":461906,"msg":"添加成功！"}
2021-08-01 00:59:24 下次操作: 2021-08-01 00:59:46

2021-08-01 00:59:46 开始第 2 次操作

2021-08-01 00:59:46 开始操作号码 【1844434】
2021-08-01 00:59:49 GSD getOne 第 1 次 等待 3 秒
2021-08-01 00:59:52 查询号码 【1844434】，返回信息 {"status":"bad","msg":""}
2021-08-01 00:59:52 查询号码 【1844434】，GSD为【""】
2021-08-01 00:59:52 bad
2021-08-01 00:59:53 CHB 1844434?1627750792 第 1 次 等待 3 秒
2021-08-01 00:59:56 CHB 1844434?1627750792 第 1 次 获取到号码【1844434】GSD
2021-08-01 00:59:57 获取到号码【1844434】的GSD为【吉林-长春】
2021-08-01 01:00:03 GSD insert 第 1 次 等待 3 秒
2021-08-01 01:00:06 {"status":"ok","gid":461909,"msg":"添加成功！"}
2021-08-01 01:00:06 下次操作: 2021-08-01 01:00:30

2021-08-01 01:00:30 开始第 3 次操作

2021-08-01 01:00:30 开始操作号码 【1844433】
2021-08-01 01:00:40 GSD getOne 第 1 次 等待 3 秒
2021-08-01 01:00:43 查询号码 【1844433】，返回信息 {"status":"bad","msg":""}
2021-08-01 01:00:44 查询号码 【1844433】，GSD为【""】
2021-08-01 01:00:44 bad
2021-08-01 01:00:45 CHB 1844433?1627750844 第 1 次 等待 3 秒
2021-08-01 01:00:48 CHB 1844433?1627750844 第 1 次 获取到号码【1844433】GSD
2021-08-01 01:00:48 获取到号码【1844433】的GSD为【吉林-长春】
2021-08-01 01:01:11 GSD insert 第 1 次 等待 3 秒
2021-08-01 01:01:14 {"status":"ok","gid":461917,"msg":"添加成功！"}
2021-08-01 01:01:14 下次操作: 2021-08-01 01:01:29

2021-08-01 01:01:29 开始第 4 次操作

2021-08-01 01:01:29 开始操作号码 【1844432】
2021-08-01 01:01:34 GSD getOne 第 1 次 等待 3 秒
2021-08-01 01:01:37 查询号码 【1844432】，返回信息 {"status":"bad","msg":""}
2021-08-01 01:01:37 查询号码 【1844432】，GSD为【""】
2021-08-01 01:01:37 bad
2021-08-01 01:01:39 CHB 1844432?1627750897 第 1 次 等待 3 秒
2021-08-01 01:01:42 CHB 1844432?1627750897 第 1 次 获取到号码【1844432】GSD
2021-08-01 01:01:42 获取到号码【1844432】的GSD为【吉林-长春】
2021-08-01 01:01:51 GSD insert 第 1 次 等待 3 秒
2021-08-01 01:01:54 {"status":"ok","gid":461923,"msg":"添加成功！"}
2021-08-01 01:01:54 下次操作: 2021-08-01 01:02:07

2021-08-01 01:02:07 开始第 5 次操作

2021-08-01 01:02:07 开始操作号码 【1844431】
2021-08-01 01:02:10 GSD getOne 第 1 次 等待 3 秒
2021-08-01 01:02:13 查询号码 【1844431】，返回信息 {"status":"bad","msg":""}
2021-08-01 01:02:13 查询号码 【1844431】，GSD为【""】
2021-08-01 01:02:13 bad
2021-08-01 01:02:15 CHB 1844431?1627750933 第 1 次 等待 3 秒
2021-08-01 01:02:18 CHB 1844431?1627750933 第 1 次 获取到号码【1844431】GSD
2021-08-01 01:02:18 获取到号码【1844431】的GSD为【吉林-长春】
2021-08-01 01:02:22 GSD insert 第 1 次 等待 3 秒
2021-08-01 01:02:25 {"status":"ok","gid":461931,"msg":"添加成功！"}
2021-08-01 01:02:25 下次操作: 2021-08-01 01:02:49

2021-08-01 01:02:49 开始第 6 次操作

2021-08-01 01:02:49 开始操作号码 【1844430】
2021-08-01 01:02:58 GSD getOne 第 1 次 等待 3 秒
2021-08-01 01:03:01 查询号码 【1844430】，返回信息 {"status":"bad","msg":""}
2021-08-01 01:03:01 查询号码 【1844430】，GSD为【""】
2021-08-01 01:03:01 bad
2021-08-01 01:03:03 CHB 1844430?1627750981 第 1 次 等待 3 秒
2021-08-01 01:03:06 CHB 1844430?1627750981 第 1 次 获取到号码【1844430】GSD
2021-08-01 01:03:06 获取到号码【1844430】的GSD为【吉林-长春】
2021-08-01 01:03:10 GSD insert 第 1 次 等待 3 秒
2021-08-01 01:03:13 {"status":"ok","gid":461941,"msg":"添加成功！"}
2021-08-01 01:03:13 下次操作: 2021-08-01 01:03:25

2021-08-01 01:03:25 开始第 7 次操作

2021-08-01 01:03:25 开始操作号码 【1844429】
2021-08-01 01:03:30 GSD getOne 第 1 次 等待 3 秒
2021-08-01 01:03:33 查询号码 【1844429】，返回信息 {"status":"bad","msg":""}
2021-08-01 01:03:33 查询号码 【1844429】，GSD为【""】
2021-08-01 01:03:33 bad
2021-08-01 01:03:35 CHB 1844429?1627751013 第 1 次 等待 3 秒
2021-08-01 01:03:38 CHB 1844429?1627751013 第 1 次 获取到号码【1844429】GSD
2021-08-01 01:03:38 未获取到号码【1844429】GSD，查号吧 400 错误
2021-08-01 01:03:38 获取到号码【1844429】的GSD为【-】
2021-08-01 01:03:42 GSD insert 第 1 次 等待 3 秒
2021-08-01 01:03:45 {"status":"ok","gid":461947,"msg":"添加成功！"}
2021-08-01 01:03:45 下次操作: 2021-08-01 01:04:02

2021-08-01 01:04:02 开始第 8 次操作

2021-08-01 01:04:02 开始操作号码 【1844428】
2021-08-01 01:04:05 GSD getOne 第 1 次 等待 3 秒
2021-08-01 01:04:08 查询号码 【1844428】，返回信息 {"status":"bad","msg":""}
2021-08-01 01:04:08 查询号码 【1844428】，GSD为【""】
2021-08-01 01:04:08 bad
2021-08-01 01:04:11 CHB 1844428?1627751048 第 1 次 等待 3 秒
2021-08-01 01:04:14 CHB 1844428?1627751048 第 1 次 获取到号码【1844428】GSD
2021-08-01 01:04:14 获取到号码【1844428】的GSD为【吉林-长春】
2021-08-01 01:04:18 GSD insert 第 1 次 等待 3 秒
2021-08-01 01:04:21 {"status":"ok","gid":461956,"msg":"添加成功！"}
2021-08-01 01:04:21 下次操作: 2021-08-01 01:04:41

2021-08-01 01:04:41 开始第 9 次操作

2021-08-01 01:04:41 开始操作号码 【1844427】
2021-08-01 01:04:45 GSD getOne 第 1 次 等待 3 秒
2021-08-01 01:04:48 查询号码 【1844427】，返回信息 {"status":"bad","msg":""}
2021-08-01 01:04:48 查询号码 【1844427】，GSD为【""】
2021-08-01 01:04:48 bad
2021-08-01 01:04:53 CHB 1844427?1627751088 第 1 次 等待 3 秒
2021-08-01 01:04:56 CHB 1844427?1627751088 第 1 次 获取到号码【1844427】GSD
2021-08-01 01:04:56 获取到号码【1844427】的GSD为【吉林-长春】
2021-08-01 01:04:59 GSD insert 第 1 次 等待 3 秒
2021-08-01 01:05:02 {"status":"ok","gid":461964,"msg":"添加成功！"}
2021-08-01 01:05:02 下次操作: 2021-08-01 01:05:26

2021-08-01 01:05:26 开始第 10 次操作

2021-08-01 01:05:26 开始操作号码 【1844426】
2021-08-01 01:05:51 GSD getOne 第 1 次 等待 3 秒
2021-08-01 01:05:54 查询号码 【1844426】，返回信息 {"status":"bad","msg":""}
2021-08-01 01:05:54 查询号码 【1844426】，GSD为【""】
2021-08-01 01:05:54 bad
2021-08-01 01:05:59 CHB 1844426?1627751154 第 1 次 等待 3 秒
2021-08-01 01:06:02 CHB 1844426?1627751154 第 1 次 获取到号码【1844426】GSD
2021-08-01 01:06:02 未获取到号码【1844426】GSD，查号吧 502 百度云加速 错误
2021-08-01 01:06:02 获取到号码【1844426】的GSD为【-】
2021-08-01 01:06:08 GSD insert 第 1 次 等待 3 秒
2021-08-01 01:06:11 {"status":"ok","gid":461976,"msg":"添加成功！"}
2021-08-01 01:06:11 下次操作: 2021-08-01 01:06:31

2021-08-01 01:06:31 开始第 11 次操作

2021-08-01 01:06:31 开始操作号码 【1844425】
2021-08-01 01:06:36 GSD getOne 第 1 次 等待 3 秒
2021-08-01 01:06:39 查询号码 【1844425】，返回信息 {"status":"bad","msg":""}
2021-08-01 01:06:39 查询号码 【1844425】，GSD为【""】
2021-08-01 01:06:39 bad
2021-08-01 01:06:43 CHB 1844425?1627751199 第 1 次 等待 3 秒
2021-08-01 01:06:46 CHB 1844425?1627751199 第 1 次 获取到号码【1844425】GSD
2021-08-01 01:06:46 未获取到号码【1844425】GSD，查号吧 502 百度云加速 错误
2021-08-01 01:06:46 获取到号码【1844425】的GSD为【-】
2021-08-01 01:06:52 GSD insert 第 1 次 等待 3 秒
2021-08-01 01:06:55 {"status":"ok","gid":461987,"msg":"添加成功！"}
2021-08-01 01:06:55 下次操作: 2021-08-01 01:07:09

2021-08-01 01:07:09 开始第 12 次操作

2021-08-01 01:07:09 开始操作号码 【1844424】
2021-08-01 01:07:14 GSD getOne 第 1 次 等待 3 秒
2021-08-01 01:07:17 查询号码 【1844424】，返回信息 {"status":"bad","msg":""}
2021-08-01 01:07:17 查询号码 【1844424】，GSD为【""】
2021-08-01 01:07:17 bad
2021-08-01 01:07:22 CHB 1844424?1627751237 第 1 次 等待 3 秒
2021-08-01 01:07:25 CHB 1844424?1627751237 第 1 次 获取到号码【1844424】GSD
2021-08-01 01:07:25 未获取到号码【1844424】GSD，查号吧 502 百度云加速 错误
2021-08-01 01:07:25 获取到号码【1844424】的GSD为【-】
2021-08-01 01:07:33 GSD insert 第 1 次 等待 3 秒
2021-08-01 01:07:36 {"status":"ok","gid":461994,"msg":"添加成功！"}
2021-08-01 01:07:36 下次操作: 2021-08-01 01:07:56

2021-08-01 01:07:56 开始第 13 次操作

2021-08-01 01:07:56 开始操作号码 【1844423】
2021-08-01 01:08:11 GSD getOne 第 1 次 等待 3 秒
2021-08-01 01:08:14 查询号码 【1844423】，返回信息 {"status":"bad","msg":""}
2021-08-01 01:08:14 查询号码 【1844423】，GSD为【""】
2021-08-01 01:08:14 bad
2021-08-01 01:08:22 CHB 1844423?1627751294 第 1 次 等待 3 秒
2021-08-01 01:08:25 CHB 1844423?1627751294 第 1 次 获取到号码【1844423】GSD
2021-08-01 01:08:25 未获取到号码【1844423】GSD，查号吧 502 百度云加速 错误
2021-08-01 01:08:25 获取到号码【1844423】的GSD为【-】
2021-08-01 01:08:35 GSD insert 第 1 次 等待 3 秒
2021-08-01 01:08:38 {"status":"ok","gid":461998,"msg":"添加成功！"}
2021-08-01 01:08:38 下次操作: 2021-08-01 01:09:02

2021-08-01 01:09:02 开始第 14 次操作

2021-08-01 01:09:02 开始操作号码 【1844422】
2021-08-01 01:09:08 GSD getOne 第 1 次 等待 3 秒
2021-08-01 01:09:11 查询号码 【1844422】，返回信息 {"status":"bad","msg":""}
2021-08-01 01:09:11 查询号码 【1844422】，GSD为【""】
2021-08-01 01:09:11 bad
2021-08-01 01:09:50 CHB 1844422?1627751351 第 1 次 等待 3 秒
2021-08-01 01:09:53 CHB 1844422?1627751351 第 1 次 获取到号码【1844422】GSD
2021-08-01 01:09:53 获取到号码【1844422】的GSD为【吉林-长春】
2021-08-01 01:09:58 GSD insert 第 1 次 等待 3 秒
2021-08-01 01:10:01 {"status":"ok","gid":462013,"msg":"添加成功！"}
2021-08-01 01:10:01 下次操作: 2021-08-01 01:10:23

2021-08-01 01:10:23 开始第 15 次操作

2021-08-01 01:10:23 开始操作号码 【1844421】
2021-08-01 01:10:30 GSD getOne 第 1 次 等待 3 秒
2021-08-01 01:10:34 查询号码 【1844421】，返回信息 {"status":"bad","msg":""}
2021-08-01 01:10:34 查询号码 【1844421】，GSD为【""】
2021-08-01 01:10:34 bad
2021-08-01 01:10:38 CHB 1844421?1627751434 第 1 次 等待 3 秒
2021-08-01 01:10:41 CHB 1844421?1627751434 第 1 次 获取到号码【1844421】GSD
2021-08-01 01:10:41 未获取到号码【1844421】GSD，查号吧 502 百度云加速 错误
2021-08-01 01:10:41 获取到号码【1844421】的GSD为【-】
2021-08-01 01:10:50 GSD insert 第 1 次 等待 3 秒
2021-08-01 01:10:53 {"status":"ok","gid":462027,"msg":"添加成功！"}
2021-08-01 01:10:53 下次操作: 2021-08-01 01:11:06

2021-08-01 01:11:06 开始第 16 次操作

2021-08-01 01:11:06 开始操作号码 【1844420】
2021-08-01 01:11:09 GSD getOne 第 1 次 等待 3 秒
2021-08-01 01:11:12 查询号码 【1844420】，返回信息 {"status":"bad","msg":""}
2021-08-01 01:11:12 查询号码 【1844420】，GSD为【""】
2021-08-01 01:11:12 bad
2021-08-01 01:11:17 CHB 1844420?1627751472 第 1 次 等待 3 秒
2021-08-01 01:11:20 CHB 1844420?1627751472 第 1 次 获取到号码【1844420】GSD
2021-08-01 01:11:20 未获取到号码【1844420】GSD，查号吧 502 百度云加速 错误
2021-08-01 01:11:20 获取到号码【1844420】的GSD为【-】
2021-08-01 01:11:24 GSD insert 第 1 次 等待 3 秒
2021-08-01 01:11:27 {"status":"ok","gid":462032,"msg":"添加成功！"}
2021-08-01 01:11:27 下次操作: 2021-08-01 01:11:42

2021-08-01 01:11:42 开始第 17 次操作

2021-08-01 01:11:42 开始操作号码 【1844419】
2021-08-01 01:11:48 GSD getOne 第 1 次 等待 3 秒
2021-08-01 01:11:51 查询号码 【1844419】，返回信息 {"status":"bad","msg":""}
2021-08-01 01:11:51 查询号码 【1844419】，GSD为【""】
2021-08-01 01:11:51 bad
2021-08-01 01:11:55 CHB 1844419?1627751511 第 1 次 等待 3 秒
2021-08-01 01:11:58 CHB 1844419?1627751511 第 1 次 获取到号码【1844419】GSD
2021-08-01 01:11:58 未获取到号码【1844419】GSD，查号吧 502 百度云加速 错误
2021-08-01 01:11:58 获取到号码【1844419】的GSD为【-】
2021-08-01 01:12:05 GSD insert 第 1 次 等待 3 秒
2021-08-01 01:12:08 {"status":"ok","gid":462040,"msg":"添加成功！"}
2021-08-01 01:12:08 下次操作: 2021-08-01 01:12:30

2021-08-01 01:12:30 开始第 18 次操作

2021-08-01 01:12:30 开始操作号码 【1844418】
2021-08-01 01:12:34 GSD getOne 第 1 次 等待 3 秒
2021-08-01 01:12:37 查询号码 【1844418】，返回信息 {"status":"bad","msg":""}
2021-08-01 01:12:37 查询号码 【1844418】，GSD为【""】
2021-08-01 01:12:37 bad
2021-08-01 01:12:42 CHB 1844418?1627751557 第 1 次 等待 3 秒
2021-08-01 01:12:45 CHB 1844418?1627751557 第 1 次 获取到号码【1844418】GSD
2021-08-01 01:12:45 未获取到号码【1844418】GSD，查号吧 502 百度云加速 错误
2021-08-01 01:12:45 获取到号码【1844418】的GSD为【-】
2021-08-01 01:12:54 GSD insert 第 1 次 等待 3 秒
2021-08-01 01:12:57 {"status":"ok","gid":462048,"msg":"添加成功！"}
2021-08-01 01:12:57 下次操作: 2021-08-01 01:13:18

2021-08-01 01:13:18 开始第 19 次操作

2021-08-01 01:13:18 开始操作号码 【1844417】
2021-08-01 01:13:22 GSD getOne 第 1 次 等待 3 秒
2021-08-01 01:13:25 查询号码 【1844417】，返回信息 {"status":"bad","msg":""}
2021-08-01 01:13:25 查询号码 【1844417】，GSD为【""】
2021-08-01 01:13:25 bad
2021-08-01 01:13:30 CHB 1844417?1627751605 第 1 次 等待 3 秒
2021-08-01 01:13:33 CHB 1844417?1627751605 第 1 次 获取到号码【1844417】GSD
2021-08-01 01:13:33 获取到号码【1844417】的GSD为【吉林-松原】
2021-08-01 01:13:38 GSD insert 第 1 次 等待 3 秒
2021-08-01 01:13:41 {"status":"ok","gid":462056,"msg":"添加成功！"}
2021-08-01 01:13:41 下次操作: 2021-08-01 01:13:53

2021-08-01 01:13:53 开始第 20 次操作

2021-08-01 01:13:53 开始操作号码 【1844416】
2021-08-01 01:13:59 GSD getOne 第 1 次 等待 3 秒
2021-08-01 01:14:02 查询号码 【1844416】，返回信息 {"status":"bad","msg":""}
2021-08-01 01:14:03 查询号码 【1844416】，GSD为【""】
2021-08-01 01:14:03 bad
2021-08-01 01:14:08 CHB 1844416?1627751643 第 1 次 等待 3 秒
2021-08-01 01:14:11 CHB 1844416?1627751643 第 1 次 获取到号码【1844416】GSD
2021-08-01 01:14:11 未获取到号码【1844416】GSD，查号吧 502 百度云加速 错误
2021-08-01 01:14:11 获取到号码【1844416】的GSD为【-】
2021-08-01 01:14:17 GSD insert 第 1 次 等待 3 秒
2021-08-01 01:14:20 {"status":"ok","gid":462063,"msg":"添加成功！"}
2021-08-01 01:14:20 下次操作: 2021-08-01 01:14:38

2021-08-01 01:14:38 开始第 21 次操作

2021-08-01 01:14:38 开始操作号码 【1844415】
2021-08-01 01:14:47 GSD getOne 第 1 次 等待 3 秒
2021-08-01 01:14:50 查询号码 【1844415】，返回信息 {"status":"bad","msg":""}
2021-08-01 01:14:50 查询号码 【1844415】，GSD为【""】
2021-08-01 01:14:50 bad
2021-08-01 01:14:54 CHB 1844415?1627751690 第 1 次 等待 3 秒
2021-08-01 01:14:57 CHB 1844415?1627751690 第 1 次 获取到号码【1844415】GSD
2021-08-01 01:14:57 未获取到号码【1844415】GSD，查号吧 502 百度云加速 错误
2021-08-01 01:14:57 获取到号码【1844415】的GSD为【-】
2021-08-01 01:15:03 GSD insert 第 1 次 等待 3 秒
2021-08-01 01:15:06 {"status":"ok","gid":462073,"msg":"添加成功！"}
2021-08-01 01:15:06 下次操作: 2021-08-01 01:15:20

2021-08-01 01:15:20 开始第 22 次操作

2021-08-01 01:15:20 开始操作号码 【1844414】
2021-08-01 01:15:24 GSD getOne 第 1 次 等待 3 秒
2021-08-01 01:15:27 查询号码 【1844414】，返回信息 {"status":"bad","msg":""}
2021-08-01 01:15:27 查询号码 【1844414】，GSD为【""】
2021-08-01 01:15:27 bad
2021-08-01 01:15:30 CHB 1844414?1627751727 第 1 次 等待 3 秒
2021-08-01 01:15:33 CHB 1844414?1627751727 第 1 次 获取到号码【1844414】GSD
2021-08-01 01:15:33 获取到号码【1844414】的GSD为【吉林-松原】
2021-08-01 01:15:39 GSD insert 第 1 次 等待 3 秒
2021-08-01 01:15:42 {"status":"ok","gid":462079,"msg":"添加成功！"}
2021-08-01 01:15:42 下次操作: 2021-08-01 01:16:04

2021-08-01 01:16:04 开始第 23 次操作

2021-08-01 01:16:04 开始操作号码 【1844413】
2021-08-01 01:16:07 GSD getOne 第 1 次 等待 3 秒
2021-08-01 01:16:10 查询号码 【1844413】，返回信息 {"status":"bad","msg":""}
2021-08-01 01:16:10 查询号码 【1844413】，GSD为【""】
2021-08-01 01:16:10 bad
2021-08-01 01:16:15 CHB 1844413?1627751770 第 1 次 等待 3 秒
2021-08-01 01:16:18 CHB 1844413?1627751770 第 1 次 获取到号码【1844413】GSD
2021-08-01 01:16:18 获取到号码【1844413】的GSD为【吉林-松原】
2021-08-01 01:16:26 GSD insert 第 1 次 等待 3 秒
2021-08-01 01:16:29 {"status":"ok","gid":462088,"msg":"添加成功！"}
2021-08-01 01:16:29 下次操作: 2021-08-01 01:16:48

2021-08-01 01:16:48 开始第 24 次操作

2021-08-01 01:16:48 开始操作号码 【1844412】
2021-08-01 01:16:53 GSD getOne 第 1 次 等待 3 秒
2021-08-01 01:16:56 查询号码 【1844412】，返回信息 {"status":"bad","msg":""}
2021-08-01 01:16:56 查询号码 【1844412】，GSD为【""】
2021-08-01 01:16:56 bad
2021-08-01 01:16:58 CHB 1844412?1627751816 第 1 次 等待 3 秒
2021-08-01 01:17:01 CHB 1844412?1627751816 第 1 次 获取到号码【1844412】GSD
2021-08-01 01:17:01 获取到号码【1844412】的GSD为【吉林-松原】
2021-08-01 01:17:19 GSD insert 第 1 次 等待 3 秒
2021-08-01 01:17:22 {"status":"ok","gid":462101,"msg":"添加成功！"}
2021-08-01 01:17:22 下次操作: 2021-08-01 01:17:40

2021-08-01 01:17:40 开始第 25 次操作

2021-08-01 01:17:40 开始操作号码 【1844411】
2021-08-01 01:17:51 GSD getOne 第 1 次 等待 3 秒
2021-08-01 01:17:54 查询号码 【1844411】，返回信息 {"status":"bad","msg":""}
2021-08-01 01:17:54 查询号码 【1844411】，GSD为【""】
2021-08-01 01:17:54 bad
2021-08-01 01:17:56 CHB 1844411?1627751874 第 1 次 等待 3 秒
2021-08-01 01:17:59 CHB 1844411?1627751874 第 1 次 获取到号码【1844411】GSD
2021-08-01 01:17:59 获取到号码【1844411】的GSD为【吉林-松原】
2021-08-01 01:18:04 GSD insert 第 1 次 等待 3 秒
2021-08-01 01:18:07 {"status":"ok","gid":462108,"msg":"添加成功！"}
2021-08-01 01:18:07 下次操作: 2021-08-01 01:18:24

2021-08-01 01:18:24 开始第 26 次操作

2021-08-01 01:18:24 开始操作号码 【1844410】
2021-08-01 01:18:29 GSD getOne 第 1 次 等待 3 秒
2021-08-01 01:18:32 查询号码 【1844410】，返回信息 {"status":"bad","msg":""}
2021-08-01 01:18:32 查询号码 【1844410】，GSD为【""】
2021-08-01 01:18:32 bad
2021-08-01 01:18:36 CHB 1844410?1627751912 第 1 次 等待 3 秒
2021-08-01 01:18:39 CHB 1844410?1627751912 第 1 次 获取到号码【1844410】GSD
2021-08-01 01:18:39 获取到号码【1844410】的GSD为【吉林-松原】
2021-08-01 01:18:43 GSD insert 第 1 次 等待 3 秒
2021-08-01 01:18:46 {"status":"ok","gid":462118,"msg":"添加成功！"}
2021-08-01 01:18:46 下次操作: 2021-08-01 01:19:09

2021-08-01 01:19:09 开始第 27 次操作

2021-08-01 01:19:09 开始操作号码 【1844409】
2021-08-01 01:19:14 GSD getOne 第 1 次 等待 3 秒
2021-08-01 01:19:17 查询号码 【1844409】，返回信息 {"status":"bad","msg":""}
2021-08-01 01:19:17 查询号码 【1844409】，GSD为【""】
2021-08-01 01:19:17 bad
2021-08-01 01:19:19 CHB 1844409?1627751957 第 1 次 等待 3 秒
2021-08-01 01:19:22 CHB 1844409?1627751957 第 1 次 获取到号码【1844409】GSD
2021-08-01 01:19:22 获取到号码【1844409】的GSD为【吉林-吉林】
2021-08-01 01:19:26 GSD insert 第 1 次 等待 3 秒
2021-08-01 01:19:29 {"status":"ok","gid":462128,"msg":"添加成功！"}
2021-08-01 01:19:29 下次操作: 2021-08-01 01:19:48

2021-08-01 01:19:48 开始第 28 次操作

2021-08-01 01:19:48 开始操作号码 【1844408】
2021-08-01 01:19:54 GSD getOne 第 1 次 等待 3 秒
2021-08-01 01:19:57 查询号码 【1844408】，返回信息 {"status":"bad","msg":""}
2021-08-01 01:19:57 查询号码 【1844408】，GSD为【""】
2021-08-01 01:19:57 bad
2021-08-01 01:19:59 CHB 1844408?1627751997 第 1 次 等待 3 秒
2021-08-01 01:20:02 CHB 1844408?1627751997 第 1 次 获取到号码【1844408】GSD
2021-08-01 01:20:03 获取到号码【1844408】的GSD为【吉林-吉林】
2021-08-01 01:20:07 GSD insert 第 1 次 等待 3 秒
2021-08-01 01:20:10 {"status":"ok","gid":462138,"msg":"添加成功！"}
2021-08-01 01:20:10 下次操作: 2021-08-01 01:20:24

2021-08-01 01:20:24 开始第 29 次操作

2021-08-01 01:20:24 开始操作号码 【1844407】
2021-08-01 01:20:27 GSD getOne 第 1 次 等待 3 秒
2021-08-01 01:20:30 查询号码 【1844407】，返回信息 {"status":"bad","msg":""}
2021-08-01 01:20:30 查询号码 【1844407】，GSD为【""】
2021-08-01 01:20:30 bad
2021-08-01 01:20:32 CHB 1844407?1627752030 第 1 次 等待 3 秒
2021-08-01 01:20:35 CHB 1844407?1627752030 第 1 次 获取到号码【1844407】GSD
2021-08-01 01:20:35 获取到号码【1844407】的GSD为【吉林-吉林】
2021-08-01 01:20:39 GSD insert 第 1 次 等待 3 秒
2021-08-01 01:20:42 {"status":"ok","gid":462147,"msg":"添加成功！"}
2021-08-01 01:20:42 下次操作: 2021-08-01 01:20:59

2021-08-01 01:20:59 开始第 30 次操作

2021-08-01 01:20:59 开始操作号码 【1844406】
2021-08-01 01:21:05 GSD getOne 第 1 次 等待 3 秒
2021-08-01 01:21:08 查询号码 【1844406】，返回信息 {"status":"bad","msg":""}
2021-08-01 01:21:08 查询号码 【1844406】，GSD为【""】
2021-08-01 01:21:08 bad
2021-08-01 01:21:09 CHB 1844406?1627752068 第 1 次 等待 3 秒
2021-08-01 01:21:12 CHB 1844406?1627752068 第 1 次 获取到号码【1844406】GSD
2021-08-01 01:21:13 获取到号码【1844406】的GSD为【吉林-吉林】
2021-08-01 01:21:21 GSD insert 第 1 次 等待 3 秒
2021-08-01 01:21:24 {"status":"ok","gid":462155,"msg":"添加成功！"}
2021-08-01 01:21:24 下次操作: 2021-08-01 01:21:47

2021-08-01 01:21:47 开始第 31 次操作

2021-08-01 01:21:47 开始操作号码 【1844405】
2021-08-01 01:21:50 GSD getOne 第 1 次 等待 3 秒
2021-08-01 01:21:53 查询号码 【1844405】，返回信息 {"status":"bad","msg":""}
2021-08-01 01:21:53 查询号码 【1844405】，GSD为【""】
2021-08-01 01:21:53 bad
2021-08-01 01:21:55 CHB 1844405?1627752113 第 1 次 等待 3 秒
2021-08-01 01:21:58 CHB 1844405?1627752113 第 1 次 获取到号码【1844405】GSD
2021-08-01 01:21:58 获取到号码【1844405】的GSD为【吉林-吉林】
2021-08-01 01:22:03 GSD insert 第 1 次 等待 3 秒
2021-08-01 01:22:06 {"status":"ok","gid":462165,"msg":"添加成功！"}
2021-08-01 01:22:06 下次操作: 2021-08-01 01:22:27

2021-08-01 01:22:27 开始第 32 次操作

2021-08-01 01:22:27 开始操作号码 【1844404】
2021-08-01 01:22:31 GSD getOne 第 1 次 等待 3 秒
2021-08-01 01:22:34 查询号码 【1844404】，返回信息 {"status":"bad","msg":""}
2021-08-01 01:22:34 查询号码 【1844404】，GSD为【""】
2021-08-01 01:22:34 bad
2021-08-01 01:22:36 CHB 1844404?1627752154 第 1 次 等待 3 秒
2021-08-01 01:22:39 CHB 1844404?1627752154 第 1 次 获取到号码【1844404】GSD
2021-08-01 01:22:39 获取到号码【1844404】的GSD为【吉林-吉林】
2021-08-01 01:22:45 GSD insert 第 1 次 等待 3 秒
2021-08-01 01:22:48 {"status":"ok","gid":462175,"msg":"添加成功！"}
2021-08-01 01:22:48 下次操作: 2021-08-01 01:23:10

2021-08-01 01:23:10 开始第 33 次操作

2021-08-01 01:23:10 开始操作号码 【1844403】
2021-08-01 01:23:20 GSD getOne 第 1 次 等待 3 秒
2021-08-01 01:23:23 查询号码 【1844403】，返回信息 {"status":"bad","msg":""}
2021-08-01 01:23:23 查询号码 【1844403】，GSD为【""】
2021-08-01 01:23:23 bad
2021-08-01 01:23:26 CHB 1844403?1627752203 第 1 次 等待 3 秒
2021-08-01 01:23:29 CHB 1844403?1627752203 第 1 次 获取到号码【1844403】GSD
2021-08-01 01:23:29 获取到号码【1844403】的GSD为【吉林-吉林】
2021-08-01 01:23:38 GSD insert 第 1 次 等待 3 秒
2021-08-01 01:23:41 {"status":"ok","gid":462186,"msg":"添加成功！"}
2021-08-01 01:23:41 下次操作: 2021-08-01 01:24:03

2021-08-01 01:24:03 开始第 34 次操作

2021-08-01 01:24:03 开始操作号码 【1844402】
2021-08-01 01:24:07 GSD getOne 第 1 次 等待 3 秒
2021-08-01 01:24:10 查询号码 【1844402】，返回信息 {"status":"bad","msg":""}
2021-08-01 01:24:10 查询号码 【1844402】，GSD为【""】
2021-08-01 01:24:10 bad
2021-08-01 01:24:13 CHB 1844402?1627752250 第 1 次 等待 3 秒
2021-08-01 01:24:16 CHB 1844402?1627752250 第 1 次 获取到号码【1844402】GSD
2021-08-01 01:24:16 获取到号码【1844402】的GSD为【吉林-吉林】
2021-08-01 01:24:20 GSD insert 第 1 次 等待 3 秒
2021-08-01 01:24:23 {"status":"ok","gid":462196,"msg":"添加成功！"}
2021-08-01 01:24:23 下次操作: 2021-08-01 01:24:35

2021-08-01 01:24:35 开始第 35 次操作

2021-08-01 01:24:35 开始操作号码 【1844401】
2021-08-01 01:24:41 GSD getOne 第 1 次 等待 3 秒
2021-08-01 01:24:44 查询号码 【1844401】，返回信息 {"status":"bad","msg":""}
2021-08-01 01:24:44 查询号码 【1844401】，GSD为【""】
2021-08-01 01:24:44 bad
2021-08-01 01:24:46 CHB 1844401?1627752284 第 1 次 等待 3 秒
2021-08-01 01:24:49 CHB 1844401?1627752284 第 1 次 获取到号码【1844401】GSD
2021-08-01 01:24:49 获取到号码【1844401】的GSD为【吉林-吉林】
2021-08-01 01:24:53 GSD insert 第 1 次 等待 3 秒
2021-08-01 01:24:56 {"status":"ok","gid":462203,"msg":"添加成功！"}
2021-08-01 01:24:56 下次操作: 2021-08-01 01:25:12

2021-08-01 01:25:12 开始第 36 次操作

2021-08-01 01:25:12 开始操作号码 【1844400】
2021-08-01 01:25:15 GSD getOne 第 1 次 等待 3 秒
2021-08-01 01:25:18 查询号码 【1844400】，返回信息 {"status":"bad","msg":""}
2021-08-01 01:25:18 查询号码 【1844400】，GSD为【""】
2021-08-01 01:25:18 bad
2021-08-01 01:25:20 CHB 1844400?1627752318 第 1 次 等待 3 秒
2021-08-01 01:25:23 CHB 1844400?1627752318 第 1 次 获取到号码【1844400】GSD
2021-08-01 01:25:23 获取到号码【1844400】的GSD为【吉林-吉林】
2021-08-01 01:25:27 GSD insert 第 1 次 等待 3 秒
2021-08-01 01:25:30 {"status":"ok","gid":462211,"msg":"添加成功！"}
2021-08-01 01:25:30 下次操作: 2021-08-01 01:25:42

2021-08-01 01:25:42 开始第 37 次操作

2021-08-01 01:25:42 开始操作号码 【1844399】
2021-08-01 01:25:50 GSD getOne 第 1 次 等待 3 秒
2021-08-01 01:25:53 查询号码 【1844399】，返回信息 {"status":"bad","msg":""}
2021-08-01 01:25:53 查询号码 【1844399】，GSD为【""】
2021-08-01 01:25:53 bad
2021-08-01 01:25:55 CHB 1844399?1627752353 第 1 次 等待 3 秒
2021-08-01 01:25:58 CHB 1844399?1627752353 第 1 次 获取到号码【1844399】GSD
2021-08-01 01:25:58 获取到号码【1844399】的GSD为【吉林-长春】
2021-08-01 01:26:20 GSD insert 第 1 次 等待 3 秒
2021-08-01 01:26:23 {"status":"ok","gid":462224,"msg":"添加成功！"}
2021-08-01 01:26:23 下次操作: 2021-08-01 01:26:40

2021-08-01 01:26:40 开始第 38 次操作

2021-08-01 01:26:40 开始操作号码 【1844398】
2021-08-01 01:26:44 GSD getOne 第 1 次 等待 3 秒
2021-08-01 01:26:47 查询号码 【1844398】，返回信息 {"status":"bad","msg":""}
2021-08-01 01:26:47 查询号码 【1844398】，GSD为【""】
2021-08-01 01:26:47 bad
2021-08-01 01:26:49 CHB 1844398?1627752407 第 1 次 等待 3 秒
2021-08-01 01:26:52 CHB 1844398?1627752407 第 1 次 获取到号码【1844398】GSD
2021-08-01 01:26:52 获取到号码【1844398】的GSD为【吉林-长春】
2021-08-01 01:26:57 GSD insert 第 1 次 等待 3 秒
2021-08-01 01:27:00 {"status":"ok","gid":462232,"msg":"添加成功！"}
2021-08-01 01:27:00 下次操作: 2021-08-01 01:27:13

2021-08-01 01:27:13 开始第 39 次操作

2021-08-01 01:27:13 开始操作号码 【1844397】
2021-08-01 01:27:18 GSD getOne 第 1 次 等待 3 秒
2021-08-01 01:27:21 查询号码 【1844397】，返回信息 {"status":"bad","msg":""}
2021-08-01 01:27:21 查询号码 【1844397】，GSD为【""】
2021-08-01 01:27:21 bad
2021-08-01 01:27:23 CHB 1844397?1627752441 第 1 次 等待 3 秒
2021-08-01 01:27:26 CHB 1844397?1627752441 第 1 次 获取到号码【1844397】GSD
2021-08-01 01:27:26 获取到号码【1844397】的GSD为【吉林-长春】
2021-08-01 01:27:31 GSD insert 第 1 次 等待 3 秒
2021-08-01 01:27:34 {"status":"ok","gid":462241,"msg":"添加成功！"}
2021-08-01 01:27:34 下次操作: 2021-08-01 01:27:54

2021-08-01 01:27:54 开始第 40 次操作

2021-08-01 01:27:54 开始操作号码 【1844396】
2021-08-01 01:28:01 GSD getOne 第 1 次 等待 3 秒
2021-08-01 01:28:04 查询号码 【1844396】，返回信息 {"status":"bad","msg":""}
2021-08-01 01:28:04 查询号码 【1844396】，GSD为【""】
2021-08-01 01:28:04 bad
2021-08-01 01:28:07 CHB 1844396?1627752484 第 1 次 等待 3 秒
2021-08-01 01:28:10 CHB 1844396?1627752484 第 1 次 获取到号码【1844396】GSD
2021-08-01 01:28:10 获取到号码【1844396】的GSD为【吉林-长春】
2021-08-01 01:28:13 GSD insert 第 1 次 等待 3 秒
2021-08-01 01:28:16 {"status":"ok","gid":462250,"msg":"添加成功！"}

