2024-09-07 00:16:07 开始第 3337 次操作

2024-09-07 00:16:07 开始操作号码 【1373336】
2024-09-07 00:16:15 GSD getOne 第 1 次 等待 3 秒
2024-09-07 00:16:18 查询号码 【1373336】，返回信息 {"status":"ok","msg":"河北-保定","gid":"137507","time_insert":"2021-06-27 06:55"}
2024-09-07 00:16:19 查询号码 【1373336】，GSD为【"河北-保定"】

2024-09-07 00:16:20 开始第 3338 次操作

2024-09-07 00:16:20 开始操作号码 【1373337】
2024-09-07 00:16:27 GSD getOne 第 1 次 等待 3 秒
2024-09-07 00:16:30 查询号码 【1373337】，返回信息 {"status":"ok","msg":"河北-保定","gid":"137601","time_insert":"2021-06-27 07:20"}
2024-09-07 00:16:30 查询号码 【1373337】，GSD为【"河北-保定"】

2024-09-07 00:16:31 开始第 3339 次操作

2024-09-07 00:16:31 开始操作号码 【1373338】
2024-09-07 00:16:39 GSD getOne 第 1 次 等待 3 秒
2024-09-07 00:16:42 查询号码 【1373338】，返回信息 {"status":"ok","msg":"河北-保定","gid":"137652","time_insert":"2021-06-27 07:43"}
2024-09-07 00:16:42 查询号码 【1373338】，GSD为【"河北-保定"】

2024-09-07 00:16:43 开始第 3340 次操作

2024-09-07 00:16:43 开始操作号码 【1373339】
2024-09-07 00:16:51 GSD getOne 第 1 次 等待 3 秒
2024-09-07 00:16:54 查询号码 【1373339】，返回信息 {"status":"ok","msg":"河北-保定","gid":"137847","time_insert":"2021-06-27 08:05"}
2024-09-07 00:16:54 查询号码 【1373339】，GSD为【"河北-保定"】

2024-09-07 00:43:26 开始第 3341 次操作

2024-09-07 00:43:26 开始操作号码 【1373340】
2024-09-07 00:43:34 GSD getOne 第 1 次 等待 3 秒
2024-09-07 00:43:37 查询号码 【1373340】，返回信息 {"status":"ok","msg":"湖北-武汉","gid":"137897","time_insert":"2021-06-27 08:26"}
2024-09-07 00:43:37 查询号码 【1373340】，GSD为【"湖北-武汉"】

2024-09-07 00:43:38 开始第 3342 次操作

2024-09-07 00:43:38 开始操作号码 【1373341】
2024-09-07 00:43:46 GSD getOne 第 1 次 等待 3 秒
2024-09-07 00:43:49 查询号码 【1373341】，返回信息 {"status":"ok","msg":"湖北-孝感","gid":"137969","time_insert":"2021-06-27 08:45"}
2024-09-07 00:43:49 查询号码 【1373341】，GSD为【"湖北-孝感"】

2024-09-07 00:43:50 开始第 3343 次操作

2024-09-07 00:43:50 开始操作号码 【1373342】
2024-09-07 00:43:59 GSD getOne 第 1 次 等待 3 秒
2024-09-07 00:44:02 查询号码 【1373342】，返回信息 {"status":"ok","msg":"湖北-孝感","gid":"137993","time_insert":"2021-06-27 09:03"}
2024-09-07 00:44:02 查询号码 【1373342】，GSD为【"湖北-孝感"】

2024-09-07 00:44:03 开始第 3344 次操作

2024-09-07 00:44:03 开始操作号码 【1373343】
2024-09-07 00:44:11 GSD getOne 第 1 次 等待 3 秒
2024-09-07 00:44:14 查询号码 【1373343】，返回信息 {"status":"ok","msg":"湖北-孝感","gid":"9864","time_insert":"2018-09-08 17:56","time_update":"2020-09-15 18:21"}
2024-09-07 00:44:14 查询号码 【1373343】，GSD为【"湖北-孝感"】

