2024-03-08 00:16:31 开始第 7749 次操作

2024-03-08 00:16:31 开始操作号码 【1707651】
2024-03-08 00:16:36 GSD getOne 第 1 次 等待 3 秒
2024-03-08 00:16:39 查询号码 【1707651】，返回信息 {"status":"ok","msg":"广东-广州","gid":"184406","time_insert":"2021-07-03 21:10"}
2024-03-08 00:16:39 查询号码 【1707651】，GSD为【"广东-广州"】

2024-03-08 00:16:40 开始第 7750 次操作

2024-03-08 00:16:40 开始操作号码 【1707652】
2024-03-08 00:16:44 GSD getOne 第 1 次 等待 3 秒
2024-03-08 00:16:47 查询号码 【1707652】，返回信息 {"status":"ok","msg":"广东-广州","gid":"184412","time_insert":"2021-07-03 21:11"}
2024-03-08 00:16:47 查询号码 【1707652】，GSD为【"广东-广州"】

2024-03-08 00:16:48 开始第 7751 次操作

2024-03-08 00:16:48 开始操作号码 【1707653】
2024-03-08 00:16:52 GSD getOne 第 1 次 等待 3 秒
2024-03-08 00:16:55 查询号码 【1707653】，返回信息 {"status":"ok","msg":"广东-广州","gid":"184419","time_insert":"2021-07-03 21:11"}
2024-03-08 00:16:55 查询号码 【1707653】，GSD为【"广东-广州"】

2024-03-08 00:16:56 开始第 7752 次操作

2024-03-08 00:16:56 开始操作号码 【1707654】
2024-03-08 00:17:00 GSD getOne 第 1 次 等待 3 秒
2024-03-08 00:17:03 查询号码 【1707654】，返回信息 {"status":"ok","msg":"广东-广州","gid":"184424","time_insert":"2021-07-03 21:12"}
2024-03-08 00:17:03 查询号码 【1707654】，GSD为【"广东-广州"】

