2023-10-03 00:17:55 开始第 1201 次操作

2023-10-03 00:17:55 开始操作号码 【1911200】
2023-10-03 00:17:58 GSD getOne 第 1 次 等待 3 秒
2023-10-03 00:18:01 查询号码 【1911200】，返回信息 {"status":"ok","msg":"重庆-重庆","gid":"497144","time_insert":"2021-08-06 03:03"}
2023-10-03 00:18:01 查询号码 【1911200】，GSD为【"重庆-重庆"】

2023-10-03 00:18:02 开始第 1202 次操作

2023-10-03 00:18:02 开始操作号码 【1911201】
2023-10-03 00:18:07 GSD getOne 第 1 次 等待 3 秒
2023-10-03 00:18:10 查询号码 【1911201】，返回信息 {"status":"ok","msg":"重庆-重庆","gid":"497151","time_insert":"2021-08-06 03:14"}
2023-10-03 00:18:10 查询号码 【1911201】，GSD为【"重庆-重庆"】

2023-10-03 00:18:11 开始第 1203 次操作

2023-10-03 00:18:11 开始操作号码 【1911202】
2023-10-03 00:18:14 GSD getOne 第 1 次 等待 3 秒
2023-10-03 00:18:17 查询号码 【1911202】，返回信息 {"status":"ok","msg":"重庆-重庆","gid":"497162","time_insert":"2021-08-06 03:29"}
2023-10-03 00:18:17 查询号码 【1911202】，GSD为【"重庆-重庆"】

2023-10-03 00:18:18 开始第 1204 次操作

2023-10-03 00:18:18 开始操作号码 【1911203】
2023-10-03 00:18:21 GSD getOne 第 1 次 等待 3 秒
2023-10-03 00:18:24 查询号码 【1911203】，返回信息 {"status":"ok","msg":"重庆-重庆","gid":"497170","time_insert":"2021-08-06 03:40"}
2023-10-03 00:18:24 查询号码 【1911203】，GSD为【"重庆-重庆"】

2023-10-03 00:38:29 开始第 1205 次操作

2023-10-03 00:38:29 开始操作号码 【1911204】
2023-10-03 00:38:37 GSD getOne 第 1 次 等待 3 秒
2023-10-03 00:38:40 查询号码 【1911204】，返回信息 {"status":"ok","msg":"重庆-重庆","gid":"497176","time_insert":"2021-08-06 03:52"}
2023-10-03 00:38:40 查询号码 【1911204】，GSD为【"重庆-重庆"】

2023-10-03 00:38:41 开始第 1206 次操作

2023-10-03 00:38:41 开始操作号码 【1911205】
2023-10-03 00:38:45 GSD getOne 第 1 次 等待 3 秒
2023-10-03 00:38:48 查询号码 【1911205】，返回信息 {"status":"ok","msg":"重庆-重庆","gid":"497183","time_insert":"2021-08-06 04:04"}
2023-10-03 00:38:48 查询号码 【1911205】，GSD为【"重庆-重庆"】

2023-10-03 00:38:49 开始第 1207 次操作

2023-10-03 00:38:49 开始操作号码 【1911206】
2023-10-03 00:38:52 GSD getOne 第 1 次 等待 3 秒
2023-10-03 00:38:55 查询号码 【1911206】，返回信息 {"status":"ok","msg":"重庆-重庆","gid":"497189","time_insert":"2021-08-06 04:14"}
2023-10-03 00:38:55 查询号码 【1911206】，GSD为【"重庆-重庆"】

2023-10-03 00:38:57 开始第 1208 次操作

2023-10-03 00:38:57 开始操作号码 【1911207】
2023-10-03 00:38:59 GSD getOne 第 1 次 等待 3 秒
2023-10-03 00:39:02 查询号码 【1911207】，返回信息 {"status":"ok","msg":"重庆-重庆","gid":"497197","time_insert":"2021-08-06 04:25"}
2023-10-03 00:39:02 查询号码 【1911207】，GSD为【"重庆-重庆"】

