2024-09-28 00:15:37 开始第 7061 次操作

2024-09-28 00:15:37 开始操作号码 【1377060】
2024-09-28 00:15:41 GSD getOne 第 1 次 等待 3 秒
2024-09-28 00:15:44 查询号码 【1377060】，返回信息 {"status":"ok","msg":"江苏-南京","gid":"363868","time_insert":"2021-07-23 07:56"}
2024-09-28 00:15:44 查询号码 【1377060】，GSD为【"江苏-南京"】

2024-09-28 00:15:45 开始第 7062 次操作

2024-09-28 00:15:45 开始操作号码 【1377061】
2024-09-28 00:15:47 GSD getOne 第 1 次 等待 3 秒
2024-09-28 00:15:50 查询号码 【1377061】，返回信息 {"status":"ok","msg":"江苏-南京","gid":"363857","time_insert":"2021-07-23 07:55"}
2024-09-28 00:15:50 查询号码 【1377061】，GSD为【"江苏-南京"】

2024-09-28 00:15:51 开始第 7063 次操作

2024-09-28 00:15:51 开始操作号码 【1377062】
2024-09-28 00:15:53 GSD getOne 第 1 次 等待 3 秒
2024-09-28 00:15:56 查询号码 【1377062】，返回信息 {"status":"ok","msg":"江苏-南京","gid":"363845","time_insert":"2021-07-23 07:54"}
2024-09-28 00:15:56 查询号码 【1377062】，GSD为【"江苏-南京"】

2024-09-28 00:15:57 开始第 7064 次操作

2024-09-28 00:15:57 开始操作号码 【1377063】
2024-09-28 00:16:00 GSD getOne 第 1 次 等待 3 秒
2024-09-28 00:16:03 查询号码 【1377063】，返回信息 {"status":"ok","msg":"江苏-南京","gid":"363833","time_insert":"2021-07-23 07:53"}
2024-09-28 00:16:03 查询号码 【1377063】，GSD为【"江苏-南京"】

2024-09-28 00:42:33 开始第 7065 次操作

2024-09-28 00:42:33 开始操作号码 【1377064】
2024-09-28 00:42:37 GSD getOne 第 1 次 等待 3 秒
2024-09-28 00:42:40 查询号码 【1377064】，返回信息 {"status":"ok","msg":"江苏-南京","gid":"363818","time_insert":"2021-07-23 07:53"}
2024-09-28 00:42:40 查询号码 【1377064】，GSD为【"江苏-南京"】

2024-09-28 00:42:41 开始第 7066 次操作

2024-09-28 00:42:41 开始操作号码 【1377065】
2024-09-28 00:42:43 GSD getOne 第 1 次 等待 3 秒
2024-09-28 00:42:46 查询号码 【1377065】，返回信息 {"status":"ok","msg":"江苏-南京","gid":"363810","time_insert":"2021-07-23 07:52"}
2024-09-28 00:42:46 查询号码 【1377065】，GSD为【"江苏-南京"】

2024-09-28 00:42:47 开始第 7067 次操作

2024-09-28 00:42:47 开始操作号码 【1377066】
2024-09-28 00:42:49 GSD getOne 第 1 次 等待 3 秒
2024-09-28 00:42:52 查询号码 【1377066】，返回信息 {"status":"ok","msg":"江苏-南京","gid":"363799","time_insert":"2021-07-23 07:51"}
2024-09-28 00:42:52 查询号码 【1377066】，GSD为【"江苏-南京"】

2024-09-28 00:42:53 开始第 7068 次操作

2024-09-28 00:42:53 开始操作号码 【1377067】
2024-09-28 00:42:55 GSD getOne 第 1 次 等待 3 秒
2024-09-28 00:42:58 查询号码 【1377067】，返回信息 {"status":"ok","msg":"江苏-南京","gid":"363786","time_insert":"2021-07-23 07:50"}
2024-09-28 00:42:58 查询号码 【1377067】，GSD为【"江苏-南京"】

