2024-05-14 00:19:56 开始第 8853 次操作

2024-05-14 00:19:56 开始操作号码 【1598756】
2024-05-14 00:20:01 GSD getOne 第 1 次 等待 3 秒
2024-05-14 00:20:04 查询号码 【1598756】，返回信息 {"status":"ok","msg":"云南-德宏","gid":"28184","time_insert":"2017-10-28 21:25","time_update":"2020-12-03 05:34"}
2024-05-14 00:20:04 查询号码 【1598756】，GSD为【"云南-德宏"】

2024-05-14 00:20:05 开始第 8854 次操作

2024-05-14 00:20:05 开始操作号码 【1598757】
2024-05-14 00:20:12 GSD getOne 第 1 次 等待 3 秒
2024-05-14 00:20:15 查询号码 【1598757】，返回信息 {"status":"ok","msg":"云南-德宏","gid":"116094","time_insert":"2021-06-23 03:19"}
2024-05-14 00:20:15 查询号码 【1598757】，GSD为【"云南-德宏"】

2024-05-14 00:20:16 开始第 8855 次操作

2024-05-14 00:20:16 开始操作号码 【1598758】
2024-05-14 00:20:24 GSD getOne 第 1 次 等待 3 秒
2024-05-14 00:20:27 查询号码 【1598758】，返回信息 {"status":"ok","msg":"云南-德宏","gid":"28185","time_insert":"2018-05-18 23:04","time_update":"2020-12-03 05:37"}
2024-05-14 00:20:27 查询号码 【1598758】，GSD为【"云南-德宏"】

2024-05-14 00:20:28 开始第 8856 次操作

2024-05-14 00:20:28 开始操作号码 【1598759】
2024-05-14 00:20:34 GSD getOne 第 1 次 等待 3 秒
2024-05-14 00:20:37 查询号码 【1598759】，返回信息 {"status":"ok","msg":"云南-迪庆","gid":"28186","time_insert":"2018-10-25 13:18","time_update":"2020-12-03 05:38"}
2024-05-14 00:20:37 查询号码 【1598759】，GSD为【"云南-迪庆"】

2024-05-14 00:39:20 开始第 8857 次操作

2024-05-14 00:39:20 开始操作号码 【1598760】
2024-05-14 00:39:26 GSD getOne 第 1 次 等待 3 秒
2024-05-14 00:39:29 查询号码 【1598760】，返回信息 {"status":"ok","msg":"云南-大理","gid":"28187","time_insert":"2018-03-20 16:07","time_update":"2020-12-03 05:41"}
2024-05-14 00:39:29 查询号码 【1598760】，GSD为【"云南-大理"】

2024-05-14 00:39:30 开始第 8858 次操作

2024-05-14 00:39:30 开始操作号码 【1598761】
2024-05-14 00:39:36 GSD getOne 第 1 次 等待 3 秒
2024-05-14 00:39:39 查询号码 【1598761】，返回信息 {"status":"ok","msg":"云南-大理","gid":"28188","time_insert":"2017-05-15 04:08","time_update":"2020-12-03 05:45"}
2024-05-14 00:39:40 查询号码 【1598761】，GSD为【"云南-大理"】

2024-05-14 00:39:41 开始第 8859 次操作

2024-05-14 00:39:41 开始操作号码 【1598762】
2024-05-14 00:39:46 GSD getOne 第 1 次 等待 3 秒
2024-05-14 00:39:49 查询号码 【1598762】，返回信息 {"status":"ok","msg":"云南-大理","gid":"28189","time_insert":"2015-07-04 19:44","time_update":"2020-12-03 05:50"}
2024-05-14 00:39:49 查询号码 【1598762】，GSD为【"云南-大理"】

2024-05-14 00:39:50 开始第 8860 次操作

2024-05-14 00:39:50 开始操作号码 【1598763】
2024-05-14 00:39:57 GSD getOne 第 1 次 等待 3 秒
2024-05-14 00:40:00 查询号码 【1598763】，返回信息 {"status":"ok","msg":"云南-大理","gid":"28190","time_insert":"2018-01-27 10:16","time_update":"2020-12-03 05:54"}
2024-05-14 00:40:00 查询号码 【1598763】，GSD为【"云南-大理"】

