2024-09-27 00:15:55 开始第 6885 次操作

2024-09-27 00:15:55 开始操作号码 【1376884】
2024-09-27 00:15:57 GSD getOne 第 1 次 等待 3 秒
2024-09-27 00:16:00 查询号码 【1376884】，返回信息 {"status":"ok","msg":"广西-南宁","gid":"364931","time_insert":"2021-07-23 11:00"}
2024-09-27 00:16:00 查询号码 【1376884】，GSD为【"广西-南宁"】

2024-09-27 00:16:01 开始第 6886 次操作

2024-09-27 00:16:01 开始操作号码 【1376885】
2024-09-27 00:16:03 GSD getOne 第 1 次 等待 3 秒
2024-09-27 00:16:06 查询号码 【1376885】，返回信息 {"status":"ok","msg":"广西-柳州","gid":"364924","time_insert":"2021-07-23 11:00"}
2024-09-27 00:16:06 查询号码 【1376885】，GSD为【"广西-柳州"】

2024-09-27 00:16:07 开始第 6887 次操作

2024-09-27 00:16:07 开始操作号码 【1376886】
2024-09-27 00:16:09 GSD getOne 第 1 次 等待 3 秒
2024-09-27 00:16:12 查询号码 【1376886】，返回信息 {"status":"ok","msg":"广西-柳州","gid":"364914","time_insert":"2021-07-23 10:59"}
2024-09-27 00:16:12 查询号码 【1376886】，GSD为【"广西-柳州"】

2024-09-27 00:16:13 开始第 6888 次操作

2024-09-27 00:16:13 开始操作号码 【1376887】
2024-09-27 00:16:15 GSD getOne 第 1 次 等待 3 秒
2024-09-27 00:16:18 查询号码 【1376887】，返回信息 {"status":"ok","msg":"广西-柳州","gid":"364904","time_insert":"2021-07-23 10:59"}
2024-09-27 00:16:18 查询号码 【1376887】，GSD为【"广西-柳州"】

