2024-03-17 00:15:14 开始第 9381 次操作

2024-03-17 00:15:14 开始操作号码 【1709283】
2024-03-17 00:15:18 GSD getOne 第 1 次 等待 3 秒
2024-03-17 00:15:21 查询号码 【1709283】，返回信息 {"status":"ok","msg":"四川-成都","gid":"28693","time_insert":"2018-01-24 17:47","time_update":"2020-10-27 18:16"}
2024-03-17 00:15:21 查询号码 【1709283】，GSD为【"四川-成都"】

2024-03-17 00:15:22 开始第 9382 次操作

2024-03-17 00:15:22 开始操作号码 【1709284】
2024-03-17 00:15:26 GSD getOne 第 1 次 等待 3 秒
2024-03-17 00:15:29 查询号码 【1709284】，返回信息 {"status":"ok","msg":"四川-成都","gid":"28694","time_insert":"2015-08-08 22:34","time_update":"2020-10-27 18:16"}
2024-03-17 00:15:29 查询号码 【1709284】，GSD为【"四川-成都"】

2024-03-17 00:15:30 开始第 9383 次操作

2024-03-17 00:15:30 开始操作号码 【1709285】
2024-03-17 00:15:35 GSD getOne 第 1 次 等待 3 秒
2024-03-17 00:15:38 查询号码 【1709285】，返回信息 {"status":"ok","msg":"四川-成都","gid":"204263","time_insert":"2021-07-06 07:43","time_update":"2021-08-06 09:38"}
2024-03-17 00:15:38 查询号码 【1709285】，GSD为【"四川-成都"】

2024-03-17 00:15:39 开始第 9384 次操作

2024-03-17 00:15:39 开始操作号码 【1709286】
2024-03-17 00:15:43 GSD getOne 第 1 次 等待 3 秒
2024-03-17 00:15:46 查询号码 【1709286】，返回信息 {"status":"ok","msg":"四川-成都","gid":"204269","time_insert":"2021-07-06 07:44"}
2024-03-17 00:15:46 查询号码 【1709286】，GSD为【"四川-成都"】

2024-03-17 00:36:17 开始第 9385 次操作

2024-03-17 00:36:17 开始操作号码 【1709287】
2024-03-17 00:36:22 GSD getOne 第 1 次 等待 3 秒
2024-03-17 00:36:25 查询号码 【1709287】，返回信息 {"status":"ok","msg":"四川-成都","gid":"204278","time_insert":"2021-07-06 07:44"}
2024-03-17 00:36:25 查询号码 【1709287】，GSD为【"四川-成都"】

2024-03-17 00:36:26 开始第 9386 次操作

2024-03-17 00:36:26 开始操作号码 【1709288】
2024-03-17 00:36:31 GSD getOne 第 1 次 等待 3 秒
2024-03-17 00:36:34 查询号码 【1709288】，返回信息 {"status":"ok","msg":"四川-成都","gid":"52819","time_insert":"2021-04-28 15:04"}
2024-03-17 00:36:34 查询号码 【1709288】，GSD为【"四川-成都"】

2024-03-17 00:36:35 开始第 9387 次操作

2024-03-17 00:36:35 开始操作号码 【1709289】
2024-03-17 00:36:39 GSD getOne 第 1 次 等待 3 秒
2024-03-17 00:36:42 查询号码 【1709289】，返回信息 {"status":"ok","msg":"四川-成都","gid":"204284","time_insert":"2021-07-06 07:44"}
2024-03-17 00:36:42 查询号码 【1709289】，GSD为【"四川-成都"】

2024-03-17 00:36:43 开始第 9388 次操作

2024-03-17 00:36:43 开始操作号码 【1709290】
2024-03-17 00:36:48 GSD getOne 第 1 次 等待 3 秒
2024-03-17 00:36:51 查询号码 【1709290】，返回信息 {"status":"ok","msg":"陕西-西安","gid":"204293","time_insert":"2021-07-06 07:45"}
2024-03-17 00:36:51 查询号码 【1709290】，GSD为【"陕西-西安"】

