2024-08-28 00:14:24 开始第 1549 次操作

2024-08-28 00:14:24 开始操作号码 【1371548】
2024-08-28 00:14:32 GSD getOne 第 1 次 等待 3 秒
2024-08-28 00:14:35 查询号码 【1371548】，返回信息 {"status":"ok","msg":"广东-佛山","gid":"77951","time_insert":"2021-06-03 04:18"}
2024-08-28 00:14:35 查询号码 【1371548】，GSD为【"广东-佛山"】

2024-08-28 00:14:36 开始第 1550 次操作

2024-08-28 00:14:36 开始操作号码 【1371549】
2024-08-28 00:14:45 GSD getOne 第 1 次 等待 3 秒
2024-08-28 00:14:48 查询号码 【1371549】，返回信息 {"status":"ok","msg":"广东-佛山","gid":"77971","time_insert":"2021-06-03 04:43"}
2024-08-28 00:14:48 查询号码 【1371549】，GSD为【"广东-佛山"】

2024-08-28 00:14:49 开始第 1551 次操作

2024-08-28 00:14:49 开始操作号码 【1371550】
2024-08-28 00:14:57 GSD getOne 第 1 次 等待 3 秒
2024-08-28 00:15:00 查询号码 【1371550】，返回信息 {"status":"ok","msg":"广东-佛山","gid":"77987","time_insert":"2021-06-03 05:01"}
2024-08-28 00:15:00 查询号码 【1371550】，GSD为【"广东-佛山"】

2024-08-28 00:15:01 开始第 1552 次操作

2024-08-28 00:15:01 开始操作号码 【1371551】
2024-08-28 00:15:10 GSD getOne 第 1 次 等待 3 秒
2024-08-28 00:15:13 查询号码 【1371551】，返回信息 {"status":"ok","msg":"广东-佛山","gid":"78001","time_insert":"2021-06-03 05:23"}
2024-08-28 00:15:13 查询号码 【1371551】，GSD为【"广东-佛山"】

2024-08-28 00:39:47 开始第 1553 次操作

2024-08-28 00:39:47 开始操作号码 【1371552】
2024-08-28 00:39:55 GSD getOne 第 1 次 等待 3 秒
2024-08-28 00:39:58 查询号码 【1371552】，返回信息 {"status":"ok","msg":"广东-佛山","gid":"78026","time_insert":"2021-06-03 05:47"}
2024-08-28 00:39:58 查询号码 【1371552】，GSD为【"广东-佛山"】

2024-08-28 00:39:59 开始第 1554 次操作

2024-08-28 00:39:59 开始操作号码 【1371553】
2024-08-28 00:40:07 GSD getOne 第 1 次 等待 3 秒
2024-08-28 00:40:10 查询号码 【1371553】，返回信息 {"status":"ok","msg":"广东-佛山","gid":"9615","time_insert":"2020-08-04 14:03","time_update":"2020-09-27 22:34"}
2024-08-28 00:40:10 查询号码 【1371553】，GSD为【"广东-佛山"】

2024-08-28 00:40:11 开始第 1555 次操作

2024-08-28 00:40:11 开始操作号码 【1371554】
2024-08-28 00:40:19 GSD getOne 第 1 次 等待 3 秒
2024-08-28 00:40:22 查询号码 【1371554】，返回信息 {"status":"ok","msg":"广东-佛山","gid":"78045","time_insert":"2021-06-03 06:15"}
2024-08-28 00:40:22 查询号码 【1371554】，GSD为【"广东-佛山"】

2024-08-28 00:40:23 开始第 1556 次操作

2024-08-28 00:40:23 开始操作号码 【1371555】
2024-08-28 00:40:32 GSD getOne 第 1 次 等待 3 秒
2024-08-28 00:40:35 查询号码 【1371555】，返回信息 {"status":"ok","msg":"广东-中山","gid":"78059","time_insert":"2021-06-03 06:31"}
2024-08-28 00:40:35 查询号码 【1371555】，GSD为【"广东-中山"】

