2024-07-07 00:17:59 开始第 4701 次操作

2024-07-07 00:17:59 开始操作号码 【1484602】
2024-07-07 00:18:10 GSD getOne 第 1 次 等待 3 秒
2024-07-07 00:18:13 查询号码 【1484602】，返回信息 {"status":"ok","msg":"江苏-南京","gid":"226236","time_insert":"2021-07-08 23:08"}
2024-07-07 00:18:13 查询号码 【1484602】，GSD为【"江苏-南京"】

2024-07-07 00:18:14 开始第 4702 次操作

2024-07-07 00:18:14 开始操作号码 【1484603】
2024-07-07 00:18:26 GSD getOne 第 1 次 等待 3 秒
2024-07-07 00:18:29 查询号码 【1484603】，返回信息 {"status":"ok","msg":"江苏-南京","gid":"226254","time_insert":"2021-07-08 23:12"}
2024-07-07 00:18:29 查询号码 【1484603】，GSD为【"江苏-南京"】

2024-07-07 00:18:30 开始第 4703 次操作

2024-07-07 00:18:30 开始操作号码 【1484604】
2024-07-07 00:18:41 GSD getOne 第 1 次 等待 3 秒
2024-07-07 00:18:44 查询号码 【1484604】，返回信息 {"status":"ok","msg":"江苏-南京","gid":"226264","time_insert":"2021-07-08 23:16"}
2024-07-07 00:18:44 查询号码 【1484604】，GSD为【"江苏-南京"】

2024-07-07 00:18:45 开始第 4704 次操作

2024-07-07 00:18:45 开始操作号码 【1484605】
2024-07-07 00:18:55 GSD getOne 第 1 次 等待 3 秒
2024-07-07 00:18:58 查询号码 【1484605】，返回信息 {"status":"ok","msg":"江苏-南京","gid":"226275","time_insert":"2021-07-08 23:20"}
2024-07-07 00:18:58 查询号码 【1484605】，GSD为【"江苏-南京"】

