2024-08-26 00:13:40 开始第 1189 次操作

2024-08-26 00:13:40 开始操作号码 【1371188】
2024-08-26 00:13:52 GSD getOne 第 1 次 等待 3 秒
2024-08-26 00:13:55 查询号码 【1371188】，返回信息 {"status":"ok","msg":"广东-东莞","gid":"9556","time_insert":"2017-08-10 02:23","time_update":"2020-09-27 18:56"}
2024-08-26 00:13:55 查询号码 【1371188】，GSD为【"广东-东莞"】

2024-08-26 00:13:56 开始第 1190 次操作

2024-08-26 00:13:56 开始操作号码 【1371189】
2024-08-26 00:14:04 GSD getOne 第 1 次 等待 3 秒
2024-08-26 00:14:07 查询号码 【1371189】，返回信息 {"status":"ok","msg":"广东-东莞","gid":"9557","time_insert":"2017-10-14 10:32","time_update":"2020-09-27 18:59"}
2024-08-26 00:14:07 查询号码 【1371189】，GSD为【"广东-东莞"】

2024-08-26 00:14:08 开始第 1191 次操作

2024-08-26 00:14:08 开始操作号码 【1371190】
2024-08-26 00:14:15 GSD getOne 第 1 次 等待 3 秒
2024-08-26 00:14:18 查询号码 【1371190】，返回信息 {"status":"ok","msg":"广东-东莞","gid":"9558","time_insert":"2017-07-22 00:00","time_update":"2020-09-27 19:03"}
2024-08-26 00:14:18 查询号码 【1371190】，GSD为【"广东-东莞"】

2024-08-26 00:14:19 开始第 1192 次操作

2024-08-26 00:14:19 开始操作号码 【1371191】
2024-08-26 00:14:27 GSD getOne 第 1 次 等待 3 秒
2024-08-26 00:14:30 查询号码 【1371191】，返回信息 {"status":"ok","msg":"广东-东莞","gid":"72170","time_insert":"2021-05-29 11:39"}
2024-08-26 00:14:30 查询号码 【1371191】，GSD为【"广东-东莞"】

2024-08-26 00:38:05 开始第 1193 次操作

2024-08-26 00:38:05 开始操作号码 【1371192】
2024-08-26 00:38:14 GSD getOne 第 1 次 等待 3 秒
2024-08-26 00:38:17 查询号码 【1371192】，返回信息 {"status":"ok","msg":"广东-东莞","gid":"72188","time_insert":"2021-05-29 11:58"}
2024-08-26 00:38:17 查询号码 【1371192】，GSD为【"广东-东莞"】

2024-08-26 00:38:18 开始第 1194 次操作

2024-08-26 00:38:18 开始操作号码 【1371193】
2024-08-26 00:38:25 GSD getOne 第 1 次 等待 3 秒
2024-08-26 00:38:28 查询号码 【1371193】，返回信息 {"status":"ok","msg":"广东-东莞","gid":"9559","time_insert":"2015-10-13 22:28","time_update":"2020-09-27 19:07"}
2024-08-26 00:38:28 查询号码 【1371193】，GSD为【"广东-东莞"】

2024-08-26 00:38:29 开始第 1195 次操作

2024-08-26 00:38:29 开始操作号码 【1371194】
2024-08-26 00:38:37 GSD getOne 第 1 次 等待 3 秒
2024-08-26 00:38:40 查询号码 【1371194】，返回信息 {"status":"ok","msg":"广东-东莞","gid":"72204","time_insert":"2021-05-29 12:20"}
2024-08-26 00:38:40 查询号码 【1371194】，GSD为【"广东-东莞"】

2024-08-26 00:38:41 开始第 1196 次操作

2024-08-26 00:38:41 开始操作号码 【1371195】
2024-08-26 00:38:49 GSD getOne 第 1 次 等待 3 秒
2024-08-26 00:38:52 查询号码 【1371195】，返回信息 {"status":"ok","msg":"广东-东莞","gid":"72226","time_insert":"2021-05-29 12:44"}
2024-08-26 00:38:52 查询号码 【1371195】，GSD为【"广东-东莞"】

