2023-12-06 00:19:17 开始第 1649 次操作

2023-12-06 00:19:17 开始操作号码 【1811551】
2023-12-06 00:19:21 GSD getOne 第 1 次 等待 3 秒
2023-12-06 00:19:24 查询号码 【1811551】，返回信息 {"status":"ok","msg":"江苏-苏州","gid":"418426","time_insert":"2021-07-27 23:47"}
2023-12-06 00:19:24 查询号码 【1811551】，GSD为【"江苏-苏州"】

2023-12-06 00:19:25 开始第 1650 次操作

2023-12-06 00:19:25 开始操作号码 【1811552】
2023-12-06 00:19:28 GSD getOne 第 1 次 等待 3 秒
2023-12-06 00:19:31 查询号码 【1811552】，返回信息 {"status":"ok","msg":"江苏-苏州","gid":"418691","time_insert":"2021-07-28 00:06"}
2023-12-06 00:19:31 查询号码 【1811552】，GSD为【"江苏-苏州"】

2023-12-06 00:19:32 开始第 1651 次操作

2023-12-06 00:19:32 开始操作号码 【1811553】
2023-12-06 00:19:36 GSD getOne 第 1 次 等待 3 秒
2023-12-06 00:19:39 查询号码 【1811553】，返回信息 {"status":"ok","msg":"江苏-苏州","gid":"418894","time_insert":"2021-07-28 00:25"}
2023-12-06 00:19:39 查询号码 【1811553】，GSD为【"江苏-苏州"】

2023-12-06 00:19:40 开始第 1652 次操作

2023-12-06 00:19:40 开始操作号码 【1811554】
2023-12-06 00:19:44 GSD getOne 第 1 次 等待 3 秒
2023-12-06 00:19:47 查询号码 【1811554】，返回信息 {"status":"ok","msg":"江苏-苏州","gid":"418926","time_insert":"2021-07-28 00:45"}
2023-12-06 00:19:47 查询号码 【1811554】，GSD为【"江苏-苏州"】

2023-12-06 00:40:04 开始第 1653 次操作

2023-12-06 00:40:04 开始操作号码 【1811555】
2023-12-06 00:40:08 GSD getOne 第 1 次 等待 3 秒
2023-12-06 00:40:11 查询号码 【1811555】，返回信息 {"status":"ok","msg":"江苏-苏州","gid":"418948","time_insert":"2021-07-28 01:00"}
2023-12-06 00:40:11 查询号码 【1811555】，GSD为【"江苏-苏州"】

2023-12-06 00:40:12 开始第 1654 次操作

2023-12-06 00:40:12 开始操作号码 【1811556】
2023-12-06 00:40:15 GSD getOne 第 1 次 等待 3 秒
2023-12-06 00:40:18 查询号码 【1811556】，返回信息 {"status":"ok","msg":"江苏-苏州","gid":"419164","time_insert":"2021-07-28 01:18"}
2023-12-06 00:40:18 查询号码 【1811556】，GSD为【"江苏-苏州"】

2023-12-06 00:40:19 开始第 1655 次操作

2023-12-06 00:40:19 开始操作号码 【1811557】
2023-12-06 00:40:24 GSD getOne 第 1 次 等待 3 秒
2023-12-06 00:40:27 查询号码 【1811557】，返回信息 {"status":"ok","msg":"江苏-苏州","gid":"419334","time_insert":"2021-07-28 01:35"}
2023-12-06 00:40:27 查询号码 【1811557】，GSD为【"江苏-苏州"】

2023-12-06 00:40:28 开始第 1656 次操作

2023-12-06 00:40:28 开始操作号码 【1811558】
2023-12-06 00:40:31 GSD getOne 第 1 次 等待 3 秒
2023-12-06 00:40:34 查询号码 【1811558】，返回信息 {"status":"ok","msg":"江苏-镇江","gid":"419569","time_insert":"2021-07-28 01:55"}
2023-12-06 00:40:34 查询号码 【1811558】，GSD为【"江苏-镇江"】

2023-12-06 01:13:06 开始第 1657 次操作

2023-12-06 01:13:06 开始操作号码 【1811559】
2023-12-06 01:13:10 GSD getOne 第 1 次 等待 3 秒
2023-12-06 01:13:13 查询号码 【1811559】，返回信息 {"status":"ok","msg":"江苏-镇江","gid":"419797","time_insert":"2021-07-28 02:13"}
2023-12-06 01:13:13 查询号码 【1811559】，GSD为【"江苏-镇江"】

2023-12-06 01:13:14 开始第 1658 次操作

2023-12-06 01:13:14 开始操作号码 【1811560】
2023-12-06 01:13:17 GSD getOne 第 1 次 等待 3 秒
2023-12-06 01:13:20 查询号码 【1811560】，返回信息 {"status":"ok","msg":"江苏-南京","gid":"419862","time_insert":"2021-07-28 02:32"}
2023-12-06 01:13:20 查询号码 【1811560】，GSD为【"江苏-南京"】

2023-12-06 01:13:21 开始第 1659 次操作

2023-12-06 01:13:21 开始操作号码 【1811561】
2023-12-06 01:13:25 GSD getOne 第 1 次 等待 3 秒
2023-12-06 01:13:28 查询号码 【1811561】，返回信息 {"status":"ok","msg":"江苏-南京","gid":"419891","time_insert":"2021-07-28 02:47"}
2023-12-06 01:13:28 查询号码 【1811561】，GSD为【"江苏-南京"】

2023-12-06 01:13:29 开始第 1660 次操作

2023-12-06 01:13:29 开始操作号码 【1811562】
2023-12-06 01:13:33 GSD getOne 第 1 次 等待 3 秒
2023-12-06 01:13:36 查询号码 【1811562】，返回信息 {"status":"ok","msg":"江苏-南京","gid":"420182","time_insert":"2021-07-28 03:06"}
2023-12-06 01:13:36 查询号码 【1811562】，GSD为【"江苏-南京"】

2023-12-06 01:35:53 开始第 1661 次操作

2023-12-06 01:35:53 开始操作号码 【1811563】
2023-12-06 01:36:03 GSD getOne 第 1 次 等待 3 秒
2023-12-06 01:36:06 查询号码 【1811563】，返回信息 {"status":"ok","msg":"江苏-盐城","gid":"420354","time_insert":"2021-07-28 03:23"}
2023-12-06 01:36:06 查询号码 【1811563】，GSD为【"江苏-盐城"】

2023-12-06 01:36:07 开始第 1662 次操作

2023-12-06 01:36:07 开始操作号码 【1811564】
2023-12-06 01:36:10 GSD getOne 第 1 次 等待 3 秒
2023-12-06 01:36:13 查询号码 【1811564】，返回信息 {"status":"ok","msg":"江苏-南京","gid":"420447","time_insert":"2021-07-28 03:39"}
2023-12-06 01:36:13 查询号码 【1811564】，GSD为【"江苏-南京"】

2023-12-06 01:36:14 开始第 1663 次操作

2023-12-06 01:36:14 开始操作号码 【1811565】
2023-12-06 01:36:18 GSD getOne 第 1 次 等待 3 秒
2023-12-06 01:36:21 查询号码 【1811565】，返回信息 {"status":"ok","msg":"江苏-扬州","gid":"420745","time_insert":"2021-07-28 03:57"}
2023-12-06 01:36:21 查询号码 【1811565】，GSD为【"江苏-扬州"】

2023-12-06 01:36:22 开始第 1664 次操作

2023-12-06 01:36:22 开始操作号码 【1811566】
2023-12-06 01:36:25 GSD getOne 第 1 次 等待 3 秒
2023-12-06 01:36:28 查询号码 【1811566】，返回信息 {"status":"ok","msg":"江苏-苏州","gid":"33346","time_insert":"2019-05-27 13:02","time_update":"2020-08-26 04:55"}
2023-12-06 01:36:28 查询号码 【1811566】，GSD为【"江苏-苏州"】

2023-12-06 02:17:49 开始第 1665 次操作

2023-12-06 02:17:49 开始操作号码 【1811567】
2023-12-06 02:17:54 GSD getOne 第 1 次 等待 3 秒
2023-12-06 02:17:57 查询号码 【1811567】，返回信息 {"status":"ok","msg":"江苏-苏州","gid":"420866","time_insert":"2021-07-28 04:13"}
2023-12-06 02:17:57 查询号码 【1811567】，GSD为【"江苏-苏州"】

2023-12-06 02:17:58 开始第 1666 次操作

2023-12-06 02:17:58 开始操作号码 【1811568】
2023-12-06 02:18:01 GSD getOne 第 1 次 等待 3 秒
2023-12-06 02:18:04 查询号码 【1811568】，返回信息 {"status":"ok","msg":"江苏-苏州","gid":"420897","time_insert":"2021-07-28 04:32"}
2023-12-06 02:18:04 查询号码 【1811568】，GSD为【"江苏-苏州"】

2023-12-06 02:18:05 开始第 1667 次操作

2023-12-06 02:18:05 开始操作号码 【1811569】
2023-12-06 02:18:09 GSD getOne 第 1 次 等待 3 秒
2023-12-06 02:18:12 查询号码 【1811569】，返回信息 {"status":"ok","msg":"江苏-苏州","gid":"421104","time_insert":"2021-07-28 04:49"}
2023-12-06 02:18:12 查询号码 【1811569】，GSD为【"江苏-苏州"】

2023-12-06 02:18:13 开始第 1668 次操作

2023-12-06 02:18:13 开始操作号码 【1811570】
2023-12-06 02:18:17 GSD getOne 第 1 次 等待 3 秒
2023-12-06 02:18:20 查询号码 【1811570】，返回信息 {"status":"ok","msg":"江苏-淮安","gid":"421325","time_insert":"2021-07-28 05:06"}
2023-12-06 02:18:20 查询号码 【1811570】，GSD为【"江苏-淮安"】

2023-12-06 02:36:44 开始第 1669 次操作

2023-12-06 02:36:44 开始操作号码 【1811571】
2023-12-06 02:36:48 GSD getOne 第 1 次 等待 3 秒
2023-12-06 02:36:51 查询号码 【1811571】，返回信息 {"status":"ok","msg":"江苏-徐州","gid":"421382","time_insert":"2021-07-28 05:22"}
2023-12-06 02:36:51 查询号码 【1811571】，GSD为【"江苏-徐州"】

2023-12-06 02:36:52 开始第 1670 次操作

2023-12-06 02:36:52 开始操作号码 【1811572】
2023-12-06 02:36:56 GSD getOne 第 1 次 等待 3 秒
2023-12-06 02:36:59 查询号码 【1811572】，返回信息 {"status":"ok","msg":"江苏-徐州","gid":"421402","time_insert":"2021-07-28 05:38"}
2023-12-06 02:36:59 查询号码 【1811572】，GSD为【"江苏-徐州"】

2023-12-06 02:37:00 开始第 1671 次操作

2023-12-06 02:37:00 开始操作号码 【1811573】
2023-12-06 02:37:04 GSD getOne 第 1 次 等待 3 秒
2023-12-06 02:37:07 查询号码 【1811573】，返回信息 {"status":"ok","msg":"江苏-徐州","gid":"421661","time_insert":"2021-07-28 05:57"}
2023-12-06 02:37:07 查询号码 【1811573】，GSD为【"江苏-徐州"】

2023-12-06 02:37:08 开始第 1672 次操作

2023-12-06 02:37:08 开始操作号码 【1811574】
2023-12-06 02:37:11 GSD getOne 第 1 次 等待 3 秒
2023-12-06 02:37:14 查询号码 【1811574】，返回信息 {"status":"ok","msg":"江苏-徐州","gid":"421836","time_insert":"2021-07-28 06:14"}
2023-12-06 02:37:14 查询号码 【1811574】，GSD为【"江苏-徐州"】

2023-12-06 03:10:10 开始第 1673 次操作

2023-12-06 03:10:10 开始操作号码 【1811575】
2023-12-06 03:10:28 GSD getOne 第 1 次 等待 3 秒
2023-12-06 03:10:31 查询号码 【1811575】，返回信息 {"status":"ok","msg":"江苏-无锡","gid":"421864","time_insert":"2021-07-28 06:34"}
2023-12-06 03:10:31 查询号码 【1811575】，GSD为【"江苏-无锡"】

2023-12-06 03:10:32 开始第 1674 次操作

2023-12-06 03:10:32 开始操作号码 【1811576】
2023-12-06 03:11:48 GSD getOne 第 1 次 等待 3 秒
2023-12-06 03:11:51 查询号码 【1811576】，返回信息 {"status":"ok","msg":"江苏-无锡","gid":"422079","time_insert":"2021-07-28 06:53"}
2023-12-06 03:11:51 查询号码 【1811576】，GSD为【"江苏-无锡"】

2023-12-06 03:11:52 开始第 1675 次操作

2023-12-06 03:11:52 开始操作号码 【1811577】
2023-12-06 03:12:31 GSD getOne 第 1 次 等待 3 秒
2023-12-06 03:12:34 查询号码 【1811577】，返回信息 {"status":"ok","msg":"江苏-无锡","gid":"422298","time_insert":"2021-07-28 07:13"}
2023-12-06 03:12:34 查询号码 【1811577】，GSD为【"江苏-无锡"】

2023-12-06 03:12:35 开始第 1676 次操作

2023-12-06 03:12:35 开始操作号码 【1811578】
2023-12-06 03:12:42 GSD getOne 第 1 次 等待 3 秒
2023-12-06 03:12:45 查询号码 【1811578】，返回信息 {"status":"ok","msg":"江苏-常州","gid":"422328","time_insert":"2021-07-28 07:33"}
2023-12-06 03:12:45 查询号码 【1811578】，GSD为【"江苏-常州"】

2023-12-06 03:36:01 开始第 1677 次操作

2023-12-06 03:36:01 开始操作号码 【1811579】
2023-12-06 03:36:05 GSD getOne 第 1 次 等待 3 秒
2023-12-06 03:36:08 查询号码 【1811579】，返回信息 {"status":"ok","msg":"江苏-常州","gid":"422512","time_insert":"2021-07-28 07:52"}
2023-12-06 03:36:08 查询号码 【1811579】，GSD为【"江苏-常州"】

2023-12-06 03:36:09 开始第 1678 次操作

2023-12-06 03:36:09 开始操作号码 【1811580】
2023-12-06 03:36:12 GSD getOne 第 1 次 等待 3 秒
2023-12-06 03:36:15 查询号码 【1811580】，返回信息 {"status":"ok","msg":"江苏-常州","gid":"56738","time_insert":"2021-05-03 20:11"}
2023-12-06 03:36:15 查询号码 【1811580】，GSD为【"江苏-常州"】

2023-12-06 03:36:16 开始第 1679 次操作

2023-12-06 03:36:16 开始操作号码 【1811581】
2023-12-06 03:36:20 GSD getOne 第 1 次 等待 3 秒
2023-12-06 03:36:23 查询号码 【1811581】，返回信息 {"status":"ok","msg":"江苏-南通","gid":"422688","time_insert":"2021-07-28 08:10"}
2023-12-06 03:36:23 查询号码 【1811581】，GSD为【"江苏-南通"】

2023-12-06 03:36:24 开始第 1680 次操作

2023-12-06 03:36:24 开始操作号码 【1811582】
2023-12-06 03:36:28 GSD getOne 第 1 次 等待 3 秒
2023-12-06 03:36:31 查询号码 【1811582】，返回信息 {"status":"ok","msg":"江苏-南通","gid":"422733","time_insert":"2021-07-28 08:30"}
2023-12-06 03:36:31 查询号码 【1811582】，GSD为【"江苏-南通"】

2023-12-06 04:15:36 开始第 1681 次操作

2023-12-06 04:15:36 开始操作号码 【1811583】
2023-12-06 04:15:39 GSD getOne 第 1 次 等待 3 秒
2023-12-06 04:15:42 查询号码 【1811583】，返回信息 {"status":"ok","msg":"江苏-南通","gid":"422768","time_insert":"2021-07-28 08:49"}
2023-12-06 04:15:42 查询号码 【1811583】，GSD为【"江苏-南通"】

2023-12-06 04:15:43 开始第 1682 次操作

2023-12-06 04:15:43 开始操作号码 【1811584】
2023-12-06 04:15:47 GSD getOne 第 1 次 等待 3 秒
2023-12-06 04:15:50 查询号码 【1811584】，返回信息 {"status":"ok","msg":"江苏-苏州","gid":"422788","time_insert":"2021-07-28 09:07"}
2023-12-06 04:15:50 查询号码 【1811584】，GSD为【"江苏-苏州"】

2023-12-06 04:15:51 开始第 1683 次操作

2023-12-06 04:15:51 开始操作号码 【1811585】
2023-12-06 04:15:54 GSD getOne 第 1 次 等待 3 秒
2023-12-06 04:15:57 查询号码 【1811585】，返回信息 {"status":"ok","msg":"江苏-宿迁","gid":"422807","time_insert":"2021-07-28 09:23"}
2023-12-06 04:15:57 查询号码 【1811585】，GSD为【"江苏-宿迁"】

2023-12-06 04:15:58 开始第 1684 次操作

2023-12-06 04:15:58 开始操作号码 【1811586】
2023-12-06 04:16:02 GSD getOne 第 1 次 等待 3 秒
2023-12-06 04:16:05 查询号码 【1811586】，返回信息 {"status":"ok","msg":"江苏-连云港","gid":"422827","time_insert":"2021-07-28 09:41"}
2023-12-06 04:16:05 查询号码 【1811586】，GSD为【"江苏-连云港"】

2023-12-06 04:36:21 开始第 1685 次操作

2023-12-06 04:36:21 开始操作号码 【1811587】
2023-12-06 04:36:29 GSD getOne 第 1 次 等待 3 秒
2023-12-06 04:36:32 查询号码 【1811587】，返回信息 {"status":"ok","msg":"江苏-泰州","gid":"422967","time_insert":"2021-07-28 09:58"}
2023-12-06 04:36:32 查询号码 【1811587】，GSD为【"江苏-泰州"】

2023-12-06 04:36:33 开始第 1686 次操作

2023-12-06 04:36:33 开始操作号码 【1811588】
2023-12-06 04:36:40 GSD getOne 第 1 次 等待 3 秒
2023-12-06 04:36:43 查询号码 【1811588】，返回信息 {"status":"ok","msg":"江苏-南京","gid":"423145","time_insert":"2021-07-28 10:14"}
2023-12-06 04:36:43 查询号码 【1811588】，GSD为【"江苏-南京"】

2023-12-06 04:36:44 开始第 1687 次操作

2023-12-06 04:36:44 开始操作号码 【1811589】
2023-12-06 04:37:12 GSD getOne 第 1 次 等待 3 秒
2023-12-06 04:37:15 查询号码 【1811589】，返回信息 {"status":"ok","msg":"江苏-镇江","gid":"423210","time_insert":"2021-07-28 10:31"}
2023-12-06 04:37:16 查询号码 【1811589】，GSD为【"江苏-镇江"】

2023-12-06 04:37:17 开始第 1688 次操作

2023-12-06 04:37:17 开始操作号码 【1811590】
2023-12-06 04:37:26 GSD getOne 第 1 次 等待 3 秒
2023-12-06 04:37:29 查询号码 【1811590】，返回信息 {"status":"ok","msg":"江苏-泰州","gid":"423291","time_insert":"2021-07-28 10:50"}
2023-12-06 04:37:29 查询号码 【1811590】，GSD为【"江苏-泰州"】

