2024-09-20 00:15:18 开始第 5653 次操作

2024-09-20 00:15:18 开始操作号码 【1375652】
2024-09-20 00:15:22 GSD getOne 第 1 次 等待 3 秒
2024-09-20 00:15:25 查询号码 【1375652】，返回信息 {"status":"ok","msg":"吉林-长春","gid":"320968","time_insert":"2021-07-19 01:13"}
2024-09-20 00:15:25 查询号码 【1375652】，GSD为【"吉林-长春"】

2024-09-20 00:15:26 开始第 5654 次操作

2024-09-20 00:15:26 开始操作号码 【1375653】
2024-09-20 00:15:28 GSD getOne 第 1 次 等待 3 秒
2024-09-20 00:15:31 查询号码 【1375653】，返回信息 {"status":"ok","msg":"吉林-长春","gid":"10057","time_insert":"2016-03-09 00:03","time_update":"2020-08-21 17:10"}
2024-09-20 00:15:31 查询号码 【1375653】，GSD为【"吉林-长春"】

2024-09-20 00:15:32 开始第 5655 次操作

2024-09-20 00:15:32 开始操作号码 【1375654】
2024-09-20 00:15:34 GSD getOne 第 1 次 等待 3 秒
2024-09-20 00:15:37 查询号码 【1375654】，返回信息 {"status":"ok","msg":"吉林-长春","gid":"321084","time_insert":"2021-07-19 01:29"}
2024-09-20 00:15:37 查询号码 【1375654】，GSD为【"吉林-长春"】

2024-09-20 00:15:38 开始第 5656 次操作

2024-09-20 00:15:38 开始操作号码 【1375655】
2024-09-20 00:15:40 GSD getOne 第 1 次 等待 3 秒
2024-09-20 00:15:43 查询号码 【1375655】，返回信息 {"status":"ok","msg":"吉林-长春","gid":"321219","time_insert":"2021-07-19 01:42"}
2024-09-20 00:15:43 查询号码 【1375655】，GSD为【"吉林-长春"】

