2023-12-17 00:16:36 开始第 3629 次操作

2023-12-17 00:16:36 开始操作号码 【1813531】
2023-12-17 00:16:40 GSD getOne 第 1 次 等待 3 秒
2023-12-17 00:16:43 查询号码 【1813531】，返回信息 {"status":"ok","msg":"山西-吕梁","gid":"436809","time_insert":"2021-07-29 19:55"}
2023-12-17 00:16:43 查询号码 【1813531】，GSD为【"山西-吕梁"】

2023-12-17 00:16:44 开始第 3630 次操作

2023-12-17 00:16:44 开始操作号码 【1813532】
2023-12-17 00:16:49 GSD getOne 第 1 次 等待 3 秒
2023-12-17 00:16:52 查询号码 【1813532】，返回信息 {"status":"ok","msg":"山西-晋中","gid":"436800","time_insert":"2021-07-29 19:55"}
2023-12-17 00:16:52 查询号码 【1813532】，GSD为【"山西-晋中"】

2023-12-17 00:16:53 开始第 3631 次操作

2023-12-17 00:16:53 开始操作号码 【1813533】
2023-12-17 00:16:57 GSD getOne 第 1 次 等待 3 秒
2023-12-17 00:17:00 查询号码 【1813533】，返回信息 {"status":"ok","msg":"山西-晋中","gid":"436790","time_insert":"2021-07-29 19:54"}
2023-12-17 00:17:00 查询号码 【1813533】，GSD为【"山西-晋中"】

2023-12-17 00:17:01 开始第 3632 次操作

2023-12-17 00:17:01 开始操作号码 【1813534】
2023-12-17 00:17:05 GSD getOne 第 1 次 等待 3 秒
2023-12-17 00:17:08 查询号码 【1813534】，返回信息 {"status":"ok","msg":"山西-运城","gid":"436782","time_insert":"2021-07-29 19:54"}
2023-12-17 00:17:08 查询号码 【1813534】，GSD为【"山西-运城"】

