2024-07-18 00:19:31 开始第 6653 次操作

2024-07-18 00:19:31 开始操作号码 【1486554】
2024-07-18 00:19:40 GSD getOne 第 1 次 等待 3 秒
2024-07-18 00:19:43 查询号码 【1486554】，返回信息 {"status":"ok","msg":"广东-广州","gid":"280044","time_insert":"2021-07-15 04:31","time_update":"2023-05-24 20:54"}
2024-07-18 00:19:43 查询号码 【1486554】，GSD为【"广东-广州"】

2024-07-18 00:19:44 开始第 6654 次操作

2024-07-18 00:19:44 开始操作号码 【1486555】
2024-07-18 00:19:52 GSD getOne 第 1 次 等待 3 秒
2024-07-18 00:19:55 查询号码 【1486555】，返回信息 {"status":"ok","msg":"广东-广州","gid":"280058","time_insert":"2021-07-15 04:36","time_update":"2023-05-24 20:39"}
2024-07-18 00:19:55 查询号码 【1486555】，GSD为【"广东-广州"】

2024-07-18 00:19:56 开始第 6655 次操作

2024-07-18 00:19:56 开始操作号码 【1486556】
2024-07-18 00:20:04 GSD getOne 第 1 次 等待 3 秒
2024-07-18 00:20:07 查询号码 【1486556】，返回信息 {"status":"ok","msg":"广东-广州","gid":"280120","time_insert":"2021-07-15 04:40","time_update":"2023-05-24 20:18"}
2024-07-18 00:20:07 查询号码 【1486556】，GSD为【"广东-广州"】

2024-07-18 00:20:08 开始第 6656 次操作

2024-07-18 00:20:08 开始操作号码 【1486557】
2024-07-18 00:20:17 GSD getOne 第 1 次 等待 3 秒
2024-07-18 00:20:20 查询号码 【1486557】，返回信息 {"status":"ok","msg":"广东-广州","gid":"280215","time_insert":"2021-07-15 04:45","time_update":"2023-05-24 20:09"}
2024-07-18 00:20:20 查询号码 【1486557】，GSD为【"广东-广州"】

2024-07-18 00:41:34 开始第 6657 次操作

2024-07-18 00:41:34 开始操作号码 【1486558】
2024-07-18 00:41:43 GSD getOne 第 1 次 等待 3 秒
2024-07-18 00:41:46 查询号码 【1486558】，返回信息 {"status":"ok","msg":"广东-广州","gid":"280301","time_insert":"2021-07-15 04:51","time_update":"2023-05-24 19:58"}
2024-07-18 00:41:46 查询号码 【1486558】，GSD为【"广东-广州"】

2024-07-18 00:41:47 开始第 6658 次操作

2024-07-18 00:41:47 开始操作号码 【1486559】
2024-07-18 00:41:55 GSD getOne 第 1 次 等待 3 秒
2024-07-18 00:41:58 查询号码 【1486559】，返回信息 {"status":"ok","msg":"广东-广州","gid":"280337","time_insert":"2021-07-15 04:57","time_update":"2023-05-24 19:38"}
2024-07-18 00:41:58 查询号码 【1486559】，GSD为【"广东-广州"】

2024-07-18 00:41:59 开始第 6659 次操作

2024-07-18 00:41:59 开始操作号码 【1486560】
2024-07-18 00:42:07 GSD getOne 第 1 次 等待 3 秒
2024-07-18 00:42:10 查询号码 【1486560】，返回信息 {"status":"ok","msg":"广东-广州","gid":"280362","time_insert":"2021-07-15 05:01","time_update":"2023-05-24 19:24"}
2024-07-18 00:42:10 查询号码 【1486560】，GSD为【"广东-广州"】

2024-07-18 00:42:11 开始第 6660 次操作

2024-07-18 00:42:11 开始操作号码 【1486561】
2024-07-18 00:42:19 GSD getOne 第 1 次 等待 3 秒
2024-07-18 00:42:22 查询号码 【1486561】，返回信息 {"status":"ok","msg":"广东-广州","gid":"280375","time_insert":"2021-07-15 05:05","time_update":"2023-05-24 19:02"}
2024-07-18 00:42:22 查询号码 【1486561】，GSD为【"广东-广州"】

