2023-10-15 00:16:02 开始第 3189 次操作

2023-10-15 00:16:02 开始操作号码 【1913155】
2023-10-15 00:16:08 GSD getOne 第 1 次 等待 3 秒
2023-10-15 00:16:11 查询号码 【1913155】，返回信息 {"status":"ok","msg":"河北-唐山","gid":"504998","time_insert":"2021-08-12 02:44"}
2023-10-15 00:16:11 查询号码 【1913155】，GSD为【"河北-唐山"】

2023-10-15 00:16:12 开始第 3190 次操作

2023-10-15 00:16:12 开始操作号码 【1913156】
2023-10-15 00:16:27 GSD getOne 第 1 次 等待 3 秒
2023-10-15 00:16:30 查询号码 【1913156】，返回信息 {"status":"ok","msg":"河北-唐山","gid":"505024","time_insert":"2021-08-12 02:59"}
2023-10-15 00:16:30 查询号码 【1913156】，GSD为【"河北-唐山"】

2023-10-15 00:16:31 开始第 3191 次操作

2023-10-15 00:16:31 开始操作号码 【1913157】
2023-10-15 00:17:04 GSD getOne 第 1 次 等待 3 秒
2023-10-15 00:17:07 查询号码 【1913157】，返回信息 {"status":"ok","msg":"河北-唐山","gid":"505043","time_insert":"2021-08-12 03:12"}
2023-10-15 00:17:07 查询号码 【1913157】，GSD为【"河北-唐山"】

2023-10-15 00:17:08 开始第 3192 次操作

2023-10-15 00:17:08 开始操作号码 【1913158】
2023-10-15 00:17:18 GSD getOne 第 1 次 等待 3 秒
2023-10-15 00:17:21 查询号码 【1913158】，返回信息 {"status":"ok","msg":"河北-唐山","gid":"505059","time_insert":"2021-08-12 03:22"}
2023-10-15 00:17:21 查询号码 【1913158】，GSD为【"河北-唐山"】

2023-10-15 00:35:58 开始第 3193 次操作

2023-10-15 00:35:58 开始操作号码 【1913159】
2023-10-15 00:36:02 GSD getOne 第 1 次 等待 3 秒
2023-10-15 00:36:05 查询号码 【1913159】，返回信息 {"status":"ok","msg":"河北-唐山","gid":"505074","time_insert":"2021-08-12 03:34"}
2023-10-15 00:36:05 查询号码 【1913159】，GSD为【"河北-唐山"】

2023-10-15 00:36:06 开始第 3194 次操作

2023-10-15 00:36:06 开始操作号码 【1913160】
2023-10-15 00:36:13 GSD getOne 第 1 次 等待 3 秒
2023-10-15 00:36:16 查询号码 【1913160】，返回信息 {"status":"ok","msg":"河北-廊坊","gid":"505094","time_insert":"2021-08-12 03:46"}
2023-10-15 00:36:16 查询号码 【1913160】，GSD为【"河北-廊坊"】

2023-10-15 00:36:17 开始第 3195 次操作

2023-10-15 00:36:17 开始操作号码 【1913161】
2023-10-15 00:36:24 GSD getOne 第 1 次 等待 3 秒
2023-10-15 00:36:27 查询号码 【1913161】，返回信息 {"status":"ok","msg":"河北-廊坊","gid":"505111","time_insert":"2021-08-12 03:59"}
2023-10-15 00:36:27 查询号码 【1913161】，GSD为【"河北-廊坊"】

2023-10-15 00:36:28 开始第 3196 次操作

2023-10-15 00:36:28 开始操作号码 【1913162】
2023-10-15 00:36:31 GSD getOne 第 1 次 等待 3 秒
2023-10-15 00:36:34 查询号码 【1913162】，返回信息 {"status":"ok","msg":"河北-廊坊","gid":"505127","time_insert":"2021-08-12 04:12"}
2023-10-15 00:36:34 查询号码 【1913162】，GSD为【"河北-廊坊"】

2023-10-15 01:10:47 开始第 3197 次操作

2023-10-15 01:10:47 开始操作号码 【1913163】
2023-10-15 01:10:57 GSD getOne 第 1 次 等待 3 秒
2023-10-15 01:11:00 查询号码 【1913163】，返回信息 {"status":"ok","msg":"河北-廊坊","gid":"505145","time_insert":"2021-08-12 04:22"}
2023-10-15 01:11:00 查询号码 【1913163】，GSD为【"河北-廊坊"】

2023-10-15 01:11:01 开始第 3198 次操作

2023-10-15 01:11:01 开始操作号码 【1913164】
2023-10-15 01:11:03 GSD getOne 第 1 次 等待 3 秒
2023-10-15 01:11:06 查询号码 【1913164】，返回信息 {"status":"ok","msg":"河北-廊坊","gid":"505162","time_insert":"2021-08-12 04:35"}
2023-10-15 01:11:07 查询号码 【1913164】，GSD为【"河北-廊坊"】

2023-10-15 01:11:08 开始第 3199 次操作

2023-10-15 01:11:08 开始操作号码 【1913165】
2023-10-15 01:11:15 GSD getOne 第 1 次 等待 3 秒
2023-10-15 01:11:18 查询号码 【1913165】，返回信息 {"status":"ok","msg":"河北-廊坊","gid":"505180","time_insert":"2021-08-12 04:46"}
2023-10-15 01:11:18 查询号码 【1913165】，GSD为【"河北-廊坊"】

2023-10-15 01:11:19 开始第 3200 次操作

2023-10-15 01:11:19 开始操作号码 【1913166】
2023-10-15 01:11:23 GSD getOne 第 1 次 等待 3 秒
2023-10-15 01:11:26 查询号码 【1913166】，返回信息 {"status":"ok","msg":"河北-廊坊","gid":"505184","time_insert":"2021-08-12 04:49"}
2023-10-15 01:11:26 查询号码 【1913166】，GSD为【"河北-廊坊"】

