2024-03-10 00:16:15 开始第 8117 次操作

2024-03-10 00:16:15 开始操作号码 【1708019】
2024-03-10 00:16:19 GSD getOne 第 1 次 等待 3 秒
2024-03-10 00:16:22 查询号码 【1708019】，返回信息 {"status":"ok","msg":"北京-北京","gid":"189211","time_insert":"2021-07-04 10:52"}
2024-03-10 00:16:22 查询号码 【1708019】，GSD为【"北京-北京"】

2024-03-10 00:16:23 开始第 8118 次操作

2024-03-10 00:16:23 开始操作号码 【1708020】
2024-03-10 00:16:28 GSD getOne 第 1 次 等待 3 秒
2024-03-10 00:16:31 查询号码 【1708020】，返回信息 {"status":"ok","msg":"广东-深圳","gid":"189221","time_insert":"2021-07-04 10:52"}
2024-03-10 00:16:31 查询号码 【1708020】，GSD为【"广东-深圳"】

2024-03-10 00:16:32 开始第 8119 次操作

2024-03-10 00:16:32 开始操作号码 【1708021】
2024-03-10 00:16:37 GSD getOne 第 1 次 等待 3 秒
2024-03-10 00:16:40 查询号码 【1708021】，返回信息 {"status":"ok","msg":"广东-深圳","gid":"189230","time_insert":"2021-07-04 10:52"}
2024-03-10 00:16:40 查询号码 【1708021】，GSD为【"广东-深圳"】

2024-03-10 00:16:41 开始第 8120 次操作

2024-03-10 00:16:41 开始操作号码 【1708022】
2024-03-10 00:16:46 GSD getOne 第 1 次 等待 3 秒
2024-03-10 00:16:49 查询号码 【1708022】，返回信息 {"status":"ok","msg":"广东-深圳","gid":"189237","time_insert":"2021-07-04 10:53"}
2024-03-10 00:16:49 查询号码 【1708022】，GSD为【"广东-深圳"】

