2021-07-13 00:00:03 开始第 2 次操作

2021-07-13 00:00:03 开始操作号码 【1673665】
2021-07-13 00:00:06 GSD getOne 第 1 次 等待 1 秒
2021-07-13 00:00:07 查询号码 【1673665】，返回信息 {"status":"bad","msg":""}
2021-07-13 00:00:07 查询号码 【1673665】，GSD为【""】
2021-07-13 00:00:07 bad
2021-07-13 00:00:09 CHB 1673665?1626105607 第 1 次 等待 1 秒
2021-07-13 00:00:10 CHB 1673665?1626105607 第 1 次 获取到号码【1673665】GSD
2021-07-13 00:00:10 获取到号码【1673665】的GSD为【山东-烟台】
2021-07-13 00:00:14 GSD insert 第 1 次 等待 1 秒
2021-07-13 00:00:15 {"status":"ok","id":260608,"msg":"添加成功！260608"}
2021-07-13 00:00:15 下次操作: 2021-07-13 00:00:28

2021-07-13 00:00:28 开始第 3 次操作

2021-07-13 00:00:28 开始操作号码 【1673666】
2021-07-13 00:00:36 GSD getOne 第 1 次 等待 1 秒
2021-07-13 00:00:37 查询号码 【1673666】，返回信息 {"status":"bad","msg":""}
2021-07-13 00:00:37 查询号码 【1673666】，GSD为【""】
2021-07-13 00:00:37 bad
2021-07-13 00:00:39 CHB 1673666?1626105637 第 1 次 等待 1 秒
2021-07-13 00:00:40 CHB 1673666?1626105637 第 1 次 获取到号码【1673666】GSD
2021-07-13 00:00:40 获取到号码【1673666】的GSD为【山东-烟台】
2021-07-13 00:00:54 GSD insert 第 1 次 等待 1 秒
2021-07-13 00:00:55 {"status":"ok","id":260616,"msg":"添加成功！260616"}
2021-07-13 00:00:55 下次操作: 2021-07-13 00:01:05

2021-07-13 00:01:05 开始第 4 次操作

2021-07-13 00:01:05 开始操作号码 【1673667】
2021-07-13 00:01:08 GSD getOne 第 1 次 等待 1 秒
2021-07-13 00:01:09 查询号码 【1673667】，返回信息 {"status":"bad","msg":""}
2021-07-13 00:01:09 查询号码 【1673667】，GSD为【""】
2021-07-13 00:01:09 bad
2021-07-13 00:01:11 CHB 1673667?1626105669 第 1 次 等待 1 秒
2021-07-13 00:01:12 CHB 1673667?1626105669 第 1 次 获取到号码【1673667】GSD
2021-07-13 00:01:12 获取到号码【1673667】的GSD为【山东-烟台】
2021-07-13 00:01:22 GSD insert 第 1 次 等待 1 秒
2021-07-13 00:01:23 {"status":"ok","id":260625,"msg":"添加成功！260625"}
2021-07-13 00:01:23 下次操作: 2021-07-13 00:01:33

2021-07-13 00:01:33 开始第 5 次操作

2021-07-13 00:01:33 开始操作号码 【1673668】
2021-07-13 00:01:46 GSD getOne 第 1 次 等待 1 秒
2021-07-13 00:01:47 查询号码 【1673668】，返回信息 {"status":"bad","msg":""}
2021-07-13 00:01:47 查询号码 【1673668】，GSD为【""】
2021-07-13 00:01:47 bad
2021-07-13 00:01:49 CHB 1673668?1626105707 第 1 次 等待 1 秒
2021-07-13 00:01:50 CHB 1673668?1626105707 第 1 次 获取到号码【1673668】GSD
2021-07-13 00:01:50 获取到号码【1673668】的GSD为【山东-烟台】
2021-07-13 00:01:54 GSD insert 第 1 次 等待 1 秒
2021-07-13 00:01:55 {"status":"ok","id":260631,"msg":"添加成功！260631"}
2021-07-13 00:01:55 下次操作: 2021-07-13 00:02:02

2021-07-13 00:02:02 开始第 6 次操作

2021-07-13 00:02:02 开始操作号码 【1673669】
2021-07-13 00:02:09 GSD getOne 第 1 次 等待 1 秒
2021-07-13 00:02:10 查询号码 【1673669】，返回信息 {"status":"bad","msg":""}
2021-07-13 00:02:10 查询号码 【1673669】，GSD为【""】
2021-07-13 00:02:10 bad
2021-07-13 00:02:12 CHB 1673669?1626105730 第 1 次 等待 1 秒
2021-07-13 00:02:13 CHB 1673669?1626105730 第 1 次 获取到号码【1673669】GSD
2021-07-13 00:02:13 获取到号码【1673669】的GSD为【山东-烟台】
2021-07-13 00:02:17 GSD insert 第 1 次 等待 1 秒
2021-07-13 00:02:18 {"status":"ok","id":260636,"msg":"添加成功！260636"}
2021-07-13 00:02:18 下次操作: 2021-07-13 00:02:24

2021-07-13 00:02:24 开始第 7 次操作

2021-07-13 00:02:24 开始操作号码 【1673670】
2021-07-13 00:02:29 GSD getOne 第 1 次 等待 1 秒
2021-07-13 00:02:30 查询号码 【1673670】，返回信息 {"status":"bad","msg":""}
2021-07-13 00:02:30 查询号码 【1673670】，GSD为【""】
2021-07-13 00:02:30 bad
2021-07-13 00:02:33 CHB 1673670?1626105750 第 1 次 等待 1 秒
2021-07-13 00:02:34 CHB 1673670?1626105750 第 1 次 获取到号码【1673670】GSD
2021-07-13 00:02:34 获取到号码【1673670】的GSD为【山东-烟台】
2021-07-13 00:02:38 GSD insert 第 1 次 等待 1 秒
2021-07-13 00:02:39 {"status":"ok","id":260640,"msg":"添加成功！260640"}
2021-07-13 00:02:39 下次操作: 2021-07-13 00:02:48

2021-07-13 00:02:48 开始第 8 次操作

2021-07-13 00:02:48 开始操作号码 【1673671】
2021-07-13 00:02:58 GSD getOne 第 1 次 等待 1 秒
2021-07-13 00:02:59 查询号码 【1673671】，返回信息 {"status":"bad","msg":""}
2021-07-13 00:02:59 查询号码 【1673671】，GSD为【""】
2021-07-13 00:02:59 bad
2021-07-13 00:03:16 CHB 1673671?1626105779 第 1 次 等待 1 秒
2021-07-13 00:03:17 CHB 1673671?1626105779 第 1 次 获取到号码【1673671】GSD
2021-07-13 00:03:17 获取到号码【1673671】的GSD为【山东-烟台】
2021-07-13 00:03:20 GSD insert 第 1 次 等待 1 秒
2021-07-13 00:03:21 {"status":"ok","id":260646,"msg":"添加成功！260646"}
2021-07-13 00:03:21 下次操作: 2021-07-13 00:03:29

2021-07-13 00:03:29 开始第 9 次操作

2021-07-13 00:03:29 开始操作号码 【1673672】
2021-07-13 00:03:33 GSD getOne 第 1 次 等待 1 秒
2021-07-13 00:03:34 查询号码 【1673672】，返回信息 {"status":"bad","msg":""}
2021-07-13 00:03:34 查询号码 【1673672】，GSD为【""】
2021-07-13 00:03:34 bad
2021-07-13 00:03:35 CHB 1673672?1626105814 第 1 次 等待 1 秒
2021-07-13 00:03:36 CHB 1673672?1626105814 第 1 次 获取到号码【1673672】GSD
2021-07-13 00:03:36 获取到号码【1673672】的GSD为【山东-烟台】
2021-07-13 00:03:41 GSD insert 第 1 次 等待 1 秒
2021-07-13 00:03:42 {"status":"ok","id":260648,"msg":"添加成功！260648"}
2021-07-13 00:03:42 下次操作: 2021-07-13 00:03:48

2021-07-13 00:03:48 开始第 10 次操作

2021-07-13 00:03:48 开始操作号码 【1673673】
2021-07-13 00:03:52 GSD getOne 第 1 次 等待 1 秒
2021-07-13 00:03:53 查询号码 【1673673】，返回信息 {"status":"bad","msg":""}
2021-07-13 00:03:53 查询号码 【1673673】，GSD为【""】
2021-07-13 00:03:53 bad
2021-07-13 00:03:57 CHB 1673673?1626105833 第 1 次 等待 1 秒
2021-07-13 00:03:58 CHB 1673673?1626105833 第 1 次 获取到号码【1673673】GSD
2021-07-13 00:03:58 获取到号码【1673673】的GSD为【山东-烟台】
2021-07-13 00:04:00 GSD insert 第 1 次 等待 1 秒
2021-07-13 00:04:01 {"status":"ok","id":260649,"msg":"添加成功！260649"}
2021-07-13 00:04:01 下次操作: 2021-07-13 00:04:17

2021-07-13 00:04:17 开始第 11 次操作

2021-07-13 00:04:17 开始操作号码 【1673674】
2021-07-13 00:04:22 GSD getOne 第 1 次 等待 1 秒
2021-07-13 00:04:23 查询号码 【1673674】，返回信息 {"status":"bad","msg":""}
2021-07-13 00:04:23 查询号码 【1673674】，GSD为【""】
2021-07-13 00:04:23 bad
2021-07-13 00:04:25 CHB 1673674?1626105863 第 1 次 等待 1 秒
2021-07-13 00:04:26 CHB 1673674?1626105863 第 1 次 获取到号码【1673674】GSD
2021-07-13 00:04:26 获取到号码【1673674】的GSD为【山东-烟台】
2021-07-13 00:04:29 GSD insert 第 1 次 等待 1 秒
2021-07-13 00:04:30 {"status":"ok","id":260655,"msg":"添加成功！260655"}
2021-07-13 00:04:30 下次操作: 2021-07-13 00:04:46

2021-07-13 00:04:46 开始第 12 次操作

2021-07-13 00:04:46 开始操作号码 【1673675】
2021-07-13 00:04:51 GSD getOne 第 1 次 等待 1 秒
2021-07-13 00:04:52 查询号码 【1673675】，返回信息 {"status":"bad","msg":""}
2021-07-13 00:04:53 查询号码 【1673675】，GSD为【""】
2021-07-13 00:04:53 bad
2021-07-13 00:04:55 CHB 1673675?1626105893 第 1 次 等待 1 秒
2021-07-13 00:04:56 CHB 1673675?1626105893 第 1 次 获取到号码【1673675】GSD
2021-07-13 00:04:56 获取到号码【1673675】的GSD为【山东-烟台】
2021-07-13 00:05:01 GSD insert 第 1 次 等待 1 秒
2021-07-13 00:05:02 {"status":"ok","id":260659,"msg":"添加成功！260659"}
2021-07-13 00:05:02 下次操作: 2021-07-13 00:05:08

2021-07-13 00:05:08 开始第 13 次操作

2021-07-13 00:05:08 开始操作号码 【1673676】
2021-07-13 00:05:12 GSD getOne 第 1 次 等待 1 秒
2021-07-13 00:05:13 查询号码 【1673676】，返回信息 {"status":"bad","msg":""}
2021-07-13 00:05:13 查询号码 【1673676】，GSD为【""】
2021-07-13 00:05:13 bad
2021-07-13 00:05:16 CHB 1673676?1626105913 第 1 次 等待 1 秒
2021-07-13 00:05:17 CHB 1673676?1626105913 第 1 次 获取到号码【1673676】GSD
2021-07-13 00:05:17 获取到号码【1673676】的GSD为【山东-青岛】
2021-07-13 00:05:24 GSD insert 第 1 次 等待 1 秒
2021-07-13 00:05:25 {"status":"ok","id":260661,"msg":"添加成功！260661"}
2021-07-13 00:05:25 下次操作: 2021-07-13 00:05:35

2021-07-13 00:05:35 开始第 14 次操作

2021-07-13 00:05:35 开始操作号码 【1673677】
2021-07-13 00:05:43 GSD getOne 第 1 次 等待 1 秒
2021-07-13 00:05:44 查询号码 【1673677】，返回信息 {"status":"bad","msg":""}
2021-07-13 00:05:44 查询号码 【1673677】，GSD为【""】
2021-07-13 00:05:44 bad
2021-07-13 00:05:46 CHB 1673677?1626105944 第 1 次 等待 1 秒
2021-07-13 00:05:47 CHB 1673677?1626105944 第 1 次 获取到号码【1673677】GSD
2021-07-13 00:05:47 获取到号码【1673677】的GSD为【山东-青岛】
2021-07-13 00:05:52 GSD insert 第 1 次 等待 1 秒
2021-07-13 00:05:53 {"status":"ok","id":260665,"msg":"添加成功！260665"}
2021-07-13 00:05:53 下次操作: 2021-07-13 00:06:10

2021-07-13 00:06:10 开始第 15 次操作

2021-07-13 00:06:10 开始操作号码 【1673678】
2021-07-13 00:06:15 GSD getOne 第 1 次 等待 1 秒
2021-07-13 00:06:16 查询号码 【1673678】，返回信息 {"status":"bad","msg":""}
2021-07-13 00:06:16 查询号码 【1673678】，GSD为【""】
2021-07-13 00:06:16 bad
2021-07-13 00:06:22 CHB 1673678?1626105976 第 1 次 等待 1 秒
2021-07-13 00:06:23 CHB 1673678?1626105976 第 1 次 获取到号码【1673678】GSD
2021-07-13 00:06:23 获取到号码【1673678】的GSD为【山东-青岛】
2021-07-13 00:06:41 GSD insert 第 1 次 等待 1 秒
2021-07-13 00:06:42 {"status":"ok","id":260672,"msg":"添加成功！260672"}
2021-07-13 00:06:42 下次操作: 2021-07-13 00:06:56

2021-07-13 00:06:57 开始第 16 次操作

2021-07-13 00:06:57 开始操作号码 【1673679】
2021-07-13 00:07:02 GSD getOne 第 1 次 等待 1 秒
2021-07-13 00:07:03 查询号码 【1673679】，返回信息 {"status":"bad","msg":""}
2021-07-13 00:07:03 查询号码 【1673679】，GSD为【""】
2021-07-13 00:07:03 bad
2021-07-13 00:07:05 CHB 1673679?1626106023 第 1 次 等待 1 秒
2021-07-13 00:07:06 CHB 1673679?1626106023 第 1 次 获取到号码【1673679】GSD
2021-07-13 00:07:06 获取到号码【1673679】的GSD为【山东-青岛】
2021-07-13 00:07:12 GSD insert 第 1 次 等待 1 秒
2021-07-13 00:07:13 {"status":"ok","id":260673,"msg":"添加成功！260673"}
2021-07-13 00:07:13 下次操作: 2021-07-13 00:07:29

2021-07-13 00:07:29 开始第 17 次操作

2021-07-13 00:07:29 开始操作号码 【1673680】
2021-07-13 00:07:42 GSD getOne 第 1 次 等待 1 秒
2021-07-13 00:07:43 查询号码 【1673680】，返回信息 {"status":"bad","msg":""}
2021-07-13 00:07:43 查询号码 【1673680】，GSD为【""】
2021-07-13 00:07:43 bad
2021-07-13 00:07:47 CHB 1673680?1626106063 第 1 次 等待 1 秒
2021-07-13 00:07:48 CHB 1673680?1626106063 第 1 次 获取到号码【1673680】GSD
2021-07-13 00:07:48 获取到号码【1673680】的GSD为【山东-青岛】
2021-07-13 00:07:50 GSD insert 第 1 次 等待 1 秒
2021-07-13 00:07:51 {"status":"ok","id":260677,"msg":"添加成功！260677"}
2021-07-13 00:07:51 下次操作: 2021-07-13 00:08:03

2021-07-13 00:08:03 开始第 18 次操作

2021-07-13 00:08:03 开始操作号码 【1673681】
2021-07-13 00:08:08 GSD getOne 第 1 次 等待 1 秒
2021-07-13 00:08:09 查询号码 【1673681】，返回信息 {"status":"bad","msg":""}
2021-07-13 00:08:09 查询号码 【1673681】，GSD为【""】
2021-07-13 00:08:09 bad
2021-07-13 00:08:12 CHB 1673681?1626106089 第 1 次 等待 1 秒
2021-07-13 00:08:13 CHB 1673681?1626106089 第 1 次 获取到号码【1673681】GSD
2021-07-13 00:08:13 获取到号码【1673681】的GSD为【山东-青岛】
2021-07-13 00:08:30 GSD insert 第 1 次 等待 1 秒
2021-07-13 00:08:31 {"status":"ok","id":260682,"msg":"添加成功！260682"}
2021-07-13 00:08:31 下次操作: 2021-07-13 00:08:45

2021-07-13 00:08:45 开始第 19 次操作

2021-07-13 00:08:45 开始操作号码 【1673682】
2021-07-13 00:08:48 GSD getOne 第 1 次 等待 1 秒
2021-07-13 00:08:49 查询号码 【1673682】，返回信息 {"status":"bad","msg":""}
2021-07-13 00:08:49 查询号码 【1673682】，GSD为【""】
2021-07-13 00:08:49 bad
2021-07-13 00:08:52 CHB 1673682?1626106129 第 1 次 等待 1 秒
2021-07-13 00:08:53 CHB 1673682?1626106129 第 1 次 获取到号码【1673682】GSD
2021-07-13 00:08:53 获取到号码【1673682】的GSD为【山东-青岛】
2021-07-13 00:09:01 GSD insert 第 1 次 等待 1 秒
2021-07-13 00:09:02 {"status":"ok","id":260684,"msg":"添加成功！260684"}
2021-07-13 00:09:02 下次操作: 2021-07-13 00:09:16

2021-07-13 00:09:16 开始第 20 次操作

2021-07-13 00:09:16 开始操作号码 【1673683】
2021-07-13 00:09:20 GSD getOne 第 1 次 等待 1 秒
2021-07-13 00:09:21 查询号码 【1673683】，返回信息 {"status":"bad","msg":""}
2021-07-13 00:09:21 查询号码 【1673683】，GSD为【""】
2021-07-13 00:09:21 bad
2021-07-13 00:09:23 CHB 1673683?1626106161 第 1 次 等待 1 秒
2021-07-13 00:09:24 CHB 1673683?1626106161 第 1 次 获取到号码【1673683】GSD
2021-07-13 00:09:24 获取到号码【1673683】的GSD为【山东-青岛】
2021-07-13 00:09:29 GSD insert 第 1 次 等待 1 秒
2021-07-13 00:09:30 {"status":"ok","id":260690,"msg":"添加成功！260690"}
2021-07-13 00:09:30 下次操作: 2021-07-13 00:09:37

2021-07-13 00:09:37 开始第 21 次操作

2021-07-13 00:09:37 开始操作号码 【1673684】
2021-07-13 00:10:56 GSD getOne 第 1 次 等待 1 秒
2021-07-13 00:10:57 查询号码 【1673684】，返回信息 {"status":"bad","msg":""}
2021-07-13 00:10:57 查询号码 【1673684】，GSD为【""】
2021-07-13 00:10:57 bad
2021-07-13 00:11:01 CHB 1673684?1626106257 第 1 次 等待 1 秒
2021-07-13 00:11:02 CHB 1673684?1626106257 第 1 次 获取到号码【1673684】GSD
2021-07-13 00:11:02 获取到号码【1673684】的GSD为【山东-青岛】
2021-07-13 00:12:22 GSD insert 第 1 次 等待 1 秒
2021-07-13 00:12:23 {"status":"ok","id":260698,"msg":"添加成功！260698"}
2021-07-13 00:12:23 下次操作: 2021-07-13 00:12:30

2021-07-13 00:12:30 开始第 22 次操作

2021-07-13 00:12:30 开始操作号码 【1673685】
2021-07-13 00:12:34 GSD getOne 第 1 次 等待 1 秒
2021-07-13 00:12:35 查询号码 【1673685】，返回信息 {"status":"bad","msg":""}
2021-07-13 00:12:35 查询号码 【1673685】，GSD为【""】
2021-07-13 00:12:35 bad
2021-07-13 00:12:38 CHB 1673685?1626106355 第 1 次 等待 1 秒
2021-07-13 00:12:39 CHB 1673685?1626106355 第 1 次 获取到号码【1673685】GSD
2021-07-13 00:12:39 获取到号码【1673685】的GSD为【山东-青岛】
2021-07-13 00:13:04 GSD insert 第 1 次 等待 1 秒
2021-07-13 00:13:05 {"status":"ok","id":260700,"msg":"添加成功！260700"}
2021-07-13 00:13:05 下次操作: 2021-07-13 00:13:14

2021-07-13 00:13:14 开始第 23 次操作

2021-07-13 00:13:14 开始操作号码 【1673686】
2021-07-13 00:13:27 GSD getOne 第 1 次 等待 1 秒
2021-07-13 00:13:28 查询号码 【1673686】，返回信息 {"status":"bad","msg":""}
2021-07-13 00:13:28 查询号码 【1673686】，GSD为【""】
2021-07-13 00:13:28 bad
2021-07-13 00:13:31 CHB 1673686?1626106408 第 1 次 等待 1 秒
2021-07-13 00:13:32 CHB 1673686?1626106408 第 1 次 获取到号码【1673686】GSD
2021-07-13 00:13:32 获取到号码【1673686】的GSD为【山东-青岛】
2021-07-13 00:13:37 GSD insert 第 1 次 等待 1 秒
2021-07-13 00:13:38 {"status":"ok","id":260702,"msg":"添加成功！260702"}
2021-07-13 00:13:38 下次操作: 2021-07-13 00:13:44

2021-07-13 00:13:44 开始第 24 次操作

2021-07-13 00:13:44 开始操作号码 【1673687】
2021-07-13 00:14:11 GSD getOne 第 1 次 等待 1 秒
2021-07-13 00:14:12 查询号码 【1673687】，返回信息 {"status":"bad","msg":""}
2021-07-13 00:14:12 查询号码 【1673687】，GSD为【""】
2021-07-13 00:14:12 bad
2021-07-13 00:14:16 CHB 1673687?1626106452 第 1 次 等待 1 秒
2021-07-13 00:14:17 CHB 1673687?1626106452 第 1 次 获取到号码【1673687】GSD
2021-07-13 00:14:17 获取到号码【1673687】的GSD为【山东-潍坊】
2021-07-13 00:15:36 GSD insert 第 1 次 等待 1 秒
2021-07-13 00:15:37 {"status":"ok","id":260709,"msg":"添加成功！260709"}
2021-07-13 00:15:37 下次操作: 2021-07-13 00:15:45

2021-07-13 00:15:45 开始第 25 次操作

2021-07-13 00:15:45 开始操作号码 【1673688】
2021-07-13 00:17:31 GSD getOne 第 1 次 等待 1 秒
2021-07-13 00:17:32 查询号码 【1673688】，返回信息 {"status":"bad","msg":""}
2021-07-13 00:17:32 查询号码 【1673688】，GSD为【""】
2021-07-13 00:17:32 bad
2021-07-13 00:17:34 CHB 1673688?1626106652 第 1 次 等待 1 秒
2021-07-13 00:17:35 CHB 1673688?1626106652 第 1 次 获取到号码【1673688】GSD
2021-07-13 00:17:35 获取到号码【1673688】的GSD为【山东-潍坊】
2021-07-13 00:18:37 GSD insert 第 1 次 等待 1 秒
2021-07-13 00:18:38 {"status":"ok","id":260717,"msg":"添加成功！260717"}
2021-07-13 00:18:38 下次操作: 2021-07-13 00:18:52

2021-07-13 00:18:52 开始第 26 次操作

2021-07-13 00:18:52 开始操作号码 【1673689】
2021-07-13 00:19:05 GSD getOne 第 1 次 等待 1 秒
2021-07-13 00:19:06 查询号码 【1673689】，返回信息 {"status":"bad","msg":""}
2021-07-13 00:19:06 查询号码 【1673689】，GSD为【""】
2021-07-13 00:19:06 bad
2021-07-13 00:19:08 CHB 1673689?1626106746 第 1 次 等待 1 秒
2021-07-13 00:19:09 CHB 1673689?1626106746 第 1 次 获取到号码【1673689】GSD
2021-07-13 00:19:09 获取到号码【1673689】的GSD为【山东-潍坊】
2021-07-13 00:19:15 GSD insert 第 1 次 等待 1 秒
2021-07-13 00:19:16 {"status":"ok","id":260722,"msg":"添加成功！260722"}
2021-07-13 00:19:16 下次操作: 2021-07-13 00:19:30

2021-07-13 00:19:30 开始第 27 次操作

2021-07-13 00:19:30 开始操作号码 【1673690】
2021-07-13 00:19:54 GSD getOne 第 1 次 等待 1 秒
2021-07-13 00:19:55 查询号码 【1673690】，返回信息 {"status":"bad","msg":""}
2021-07-13 00:19:56 查询号码 【1673690】，GSD为【""】
2021-07-13 00:19:56 bad
2021-07-13 00:19:58 CHB 1673690?1626106796 第 1 次 等待 1 秒
2021-07-13 00:19:59 CHB 1673690?1626106796 第 1 次 获取到号码【1673690】GSD
2021-07-13 00:19:59 获取到号码【1673690】的GSD为【山东-潍坊】
2021-07-13 00:20:06 GSD insert 第 1 次 等待 1 秒
2021-07-13 00:20:07 {"status":"ok","id":260724,"msg":"添加成功！260724"}
2021-07-13 00:20:07 下次操作: 2021-07-13 00:20:16

2021-07-13 00:20:16 开始第 28 次操作

2021-07-13 00:20:16 开始操作号码 【1673691】
2021-07-13 00:20:21 GSD getOne 第 1 次 等待 1 秒
2021-07-13 00:20:22 查询号码 【1673691】，返回信息 {"status":"bad","msg":""}
2021-07-13 00:20:22 查询号码 【1673691】，GSD为【""】
2021-07-13 00:20:22 bad
2021-07-13 00:20:24 CHB 1673691?1626106822 第 1 次 等待 1 秒
2021-07-13 00:20:25 CHB 1673691?1626106822 第 1 次 获取到号码【1673691】GSD
2021-07-13 00:20:25 获取到号码【1673691】的GSD为【山东-潍坊】
2021-07-13 00:20:29 GSD insert 第 1 次 等待 1 秒
2021-07-13 00:20:30 {"status":"ok","id":260729,"msg":"添加成功！260729"}
2021-07-13 00:20:30 下次操作: 2021-07-13 00:20:36

2021-07-13 00:20:36 开始第 29 次操作

2021-07-13 00:20:36 开始操作号码 【1673692】
2021-07-13 00:21:34 GSD getOne 第 1 次 等待 1 秒
2021-07-13 00:21:35 查询号码 【1673692】，返回信息 {"status":"bad","msg":""}
2021-07-13 00:21:35 查询号码 【1673692】，GSD为【""】
2021-07-13 00:21:35 bad
2021-07-13 00:21:37 CHB 1673692?1626106895 第 1 次 等待 1 秒
2021-07-13 00:21:38 CHB 1673692?1626106895 第 1 次 获取到号码【1673692】GSD
2021-07-13 00:21:38 获取到号码【1673692】的GSD为【山东-潍坊】
2021-07-13 00:21:45 GSD insert 第 1 次 等待 1 秒
2021-07-13 00:21:46 {"status":"ok","id":260734,"msg":"添加成功！260734"}
2021-07-13 00:21:46 下次操作: 2021-07-13 00:21:56

2021-07-13 00:21:56 开始第 30 次操作

2021-07-13 00:21:56 开始操作号码 【1673693】
2021-07-13 00:24:29 GSD getOne 第 1 次 等待 1 秒
2021-07-13 00:24:30 查询号码 【1673693】，返回信息 {"status":"bad","msg":""}
2021-07-13 00:24:30 查询号码 【1673693】，GSD为【""】
2021-07-13 00:24:30 bad
2021-07-13 00:24:41 CHB 1673693?1626107070 第 1 次 等待 1 秒
2021-07-13 00:24:42 CHB 1673693?1626107070 第 1 次 获取到号码【1673693】GSD
2021-07-13 00:24:42 获取到号码【1673693】的GSD为【山东-潍坊】
2021-07-13 00:24:47 GSD insert 第 1 次 等待 1 秒
2021-07-13 00:24:48 {"status":"ok","id":260742,"msg":"添加成功！260742"}

