2024-02-01 00:16:18 开始第 1241 次操作

2024-02-01 00:16:18 开始操作号码 【1701143】
2024-02-01 00:16:23 GSD getOne 第 1 次 等待 3 秒
2024-02-01 00:16:26 查询号码 【1701143】，返回信息 {"status":"ok","msg":"山东-济宁","gid":"120429","time_insert":"2021-06-24 01:48"}
2024-02-01 00:16:26 查询号码 【1701143】，GSD为【"山东-济宁"】

2024-02-01 00:16:27 开始第 1242 次操作

2024-02-01 00:16:27 开始操作号码 【1701144】
2024-02-01 00:16:34 GSD getOne 第 1 次 等待 3 秒
2024-02-01 00:16:37 查询号码 【1701144】，返回信息 {"status":"ok","msg":"山东-聊城","gid":"120432","time_insert":"2021-06-24 01:48"}
2024-02-01 00:16:37 查询号码 【1701144】，GSD为【"山东-聊城"】

2024-02-01 00:16:38 开始第 1243 次操作

2024-02-01 00:16:38 开始操作号码 【1701145】
2024-02-01 00:16:43 GSD getOne 第 1 次 等待 3 秒
2024-02-01 00:16:46 查询号码 【1701145】，返回信息 {"status":"ok","msg":"山东-聊城","gid":"120435","time_insert":"2021-06-24 01:49"}
2024-02-01 00:16:46 查询号码 【1701145】，GSD为【"山东-聊城"】

2024-02-01 00:16:47 开始第 1244 次操作

2024-02-01 00:16:47 开始操作号码 【1701146】
2024-02-01 00:16:51 GSD getOne 第 1 次 等待 3 秒
2024-02-01 00:16:54 查询号码 【1701146】，返回信息 {"status":"ok","msg":"山东-淄博","gid":"120437","time_insert":"2021-06-24 01:49"}
2024-02-01 00:16:54 查询号码 【1701146】，GSD为【"山东-淄博"】

2024-02-01 00:35:51 开始第 1245 次操作

2024-02-01 00:35:51 开始操作号码 【1701147】
2024-02-01 00:35:55 GSD getOne 第 1 次 等待 3 秒
2024-02-01 00:35:58 查询号码 【1701147】，返回信息 {"status":"ok","msg":"山东-淄博","gid":"120440","time_insert":"2021-06-24 01:50"}
2024-02-01 00:35:58 查询号码 【1701147】，GSD为【"山东-淄博"】

2024-02-01 00:35:59 开始第 1246 次操作

2024-02-01 00:35:59 开始操作号码 【1701148】
2024-02-01 00:36:03 GSD getOne 第 1 次 等待 3 秒
2024-02-01 00:36:06 查询号码 【1701148】，返回信息 {"status":"ok","msg":"山东-日照","gid":"120442","time_insert":"2021-06-24 01:50"}
2024-02-01 00:36:06 查询号码 【1701148】，GSD为【"山东-日照"】

2024-02-01 00:36:07 开始第 1247 次操作

2024-02-01 00:36:07 开始操作号码 【1701149】
2024-02-01 00:36:11 GSD getOne 第 1 次 等待 3 秒
2024-02-01 00:36:14 查询号码 【1701149】，返回信息 {"status":"ok","msg":"山东-日照","gid":"120445","time_insert":"2021-06-24 01:50"}
2024-02-01 00:36:14 查询号码 【1701149】，GSD为【"山东-日照"】

2024-02-01 00:36:15 开始第 1248 次操作

2024-02-01 00:36:15 开始操作号码 【1701150】
2024-02-01 00:36:19 GSD getOne 第 1 次 等待 3 秒
2024-02-01 00:36:22 查询号码 【1701150】，返回信息 {"status":"ok","msg":"山东-日照","gid":"120449","time_insert":"2021-06-24 01:51"}
2024-02-01 00:36:22 查询号码 【1701150】，GSD为【"山东-日照"】

