2024-09-12 00:15:10 开始第 4229 次操作

2024-09-12 00:15:10 开始操作号码 【1374228】
2024-09-12 00:15:19 GSD getOne 第 1 次 等待 3 秒
2024-09-12 00:15:22 查询号码 【1374228】，返回信息 {"status":"ok","msg":"辽宁-鞍山","gid":"211845","time_insert":"2021-07-07 05:00"}
2024-09-12 00:15:22 查询号码 【1374228】，GSD为【"辽宁-鞍山"】

2024-09-12 00:15:23 开始第 4230 次操作

2024-09-12 00:15:23 开始操作号码 【1374229】
2024-09-12 00:15:34 GSD getOne 第 1 次 等待 3 秒
2024-09-12 00:15:37 查询号码 【1374229】，返回信息 {"status":"ok","msg":"辽宁-鞍山","gid":"211877","time_insert":"2021-07-07 05:11"}
2024-09-12 00:15:37 查询号码 【1374229】，GSD为【"辽宁-鞍山"】

2024-09-12 00:15:38 开始第 4231 次操作

2024-09-12 00:15:38 开始操作号码 【1374230】
2024-09-12 00:15:47 GSD getOne 第 1 次 等待 3 秒
2024-09-12 00:15:50 查询号码 【1374230】，返回信息 {"status":"ok","msg":"辽宁-抚顺","gid":"211899","time_insert":"2021-07-07 05:23"}
2024-09-12 00:15:50 查询号码 【1374230】，GSD为【"辽宁-抚顺"】

2024-09-12 00:15:51 开始第 4232 次操作

2024-09-12 00:15:51 开始操作号码 【1374231】
2024-09-12 00:16:02 GSD getOne 第 1 次 等待 3 秒
2024-09-12 00:16:05 查询号码 【1374231】，返回信息 {"status":"ok","msg":"辽宁-抚顺","gid":"211921","time_insert":"2021-07-07 05:35"}
2024-09-12 00:16:05 查询号码 【1374231】，GSD为【"辽宁-抚顺"】

