2023-11-21 00:19:10 开始第 9849 次操作

2023-11-21 00:19:10 开始操作号码 【1919750】
2023-11-21 00:19:13 GSD getOne 第 1 次 等待 3 秒
2023-11-21 00:19:16 查询号码 【1919750】，返回信息 {"status":"ok","msg":"广西-崇左","gid":"433575","time_insert":"2021-07-29 13:13"}
2023-11-21 00:19:16 查询号码 【1919750】，GSD为【"广西-崇左"】

2023-11-21 00:19:17 开始第 9850 次操作

2023-11-21 00:19:17 开始操作号码 【1919751】
2023-11-21 00:19:28 GSD getOne 第 1 次 等待 3 秒
2023-11-21 00:19:31 查询号码 【1919751】，返回信息 {"status":"ok","msg":"广西-崇左","gid":"433570","time_insert":"2021-07-29 13:13"}
2023-11-21 00:19:31 查询号码 【1919751】，GSD为【"广西-崇左"】

2023-11-21 00:19:32 开始第 9851 次操作

2023-11-21 00:19:32 开始操作号码 【1919752】
2023-11-21 00:19:44 GSD getOne 第 1 次 等待 3 秒
2023-11-21 00:19:47 查询号码 【1919752】，返回信息 {"status":"ok","msg":"广西-崇左","gid":"433565","time_insert":"2021-07-29 13:12"}
2023-11-21 00:19:47 查询号码 【1919752】，GSD为【"广西-崇左"】

2023-11-21 00:19:48 开始第 9852 次操作

2023-11-21 00:19:48 开始操作号码 【1919753】
2023-11-21 00:19:54 GSD getOne 第 1 次 等待 3 秒
2023-11-21 00:19:57 查询号码 【1919753】，返回信息 {"status":"ok","msg":"广西-崇左","gid":"433556","time_insert":"2021-07-29 13:12"}
2023-11-21 00:19:57 查询号码 【1919753】，GSD为【"广西-崇左"】

2023-11-21 00:38:10 开始第 9853 次操作

2023-11-21 00:38:10 开始操作号码 【1919754】
2023-11-21 00:38:13 GSD getOne 第 1 次 等待 3 秒
2023-11-21 00:38:17 查询号码 【1919754】，返回信息 {"status":"ok","msg":"广西-崇左","gid":"433547","time_insert":"2021-07-29 13:11"}
2023-11-21 00:38:17 查询号码 【1919754】，GSD为【"广西-崇左"】

2023-11-21 00:38:18 开始第 9854 次操作

2023-11-21 00:38:18 开始操作号码 【1919755】
2023-11-21 00:38:24 GSD getOne 第 1 次 等待 3 秒
2023-11-21 00:38:28 查询号码 【1919755】，返回信息 {"status":"ok","msg":"广西-崇左","gid":"433538","time_insert":"2021-07-29 13:10"}
2023-11-21 00:38:28 查询号码 【1919755】，GSD为【"广西-崇左"】

2023-11-21 00:38:29 开始第 9855 次操作

2023-11-21 00:38:29 开始操作号码 【1919756】
2023-11-21 00:38:33 GSD getOne 第 1 次 等待 3 秒
2023-11-21 00:38:36 查询号码 【1919756】，返回信息 {"status":"ok","msg":"广西-崇左","gid":"433531","time_insert":"2021-07-29 13:10"}
2023-11-21 00:38:36 查询号码 【1919756】，GSD为【"广西-崇左"】

2023-11-21 00:38:37 开始第 9856 次操作

2023-11-21 00:38:37 开始操作号码 【1919757】
2023-11-21 00:38:41 GSD getOne 第 1 次 等待 3 秒
2023-11-21 00:38:44 查询号码 【1919757】，返回信息 {"status":"ok","msg":"广西-崇左","gid":"433523","time_insert":"2021-07-29 13:09"}
2023-11-21 00:38:44 查询号码 【1919757】，GSD为【"广西-崇左"】

