2024-07-03 00:20:34 开始第 3981 次操作

2024-07-03 00:20:34 开始操作号码 【1483882】
2024-07-03 00:20:43 GSD getOne 第 1 次 等待 3 秒
2024-07-03 00:20:46 查询号码 【1483882】，返回信息 {"status":"ok","msg":"广东-广州","gid":"207394","time_insert":"2021-07-06 16:52"}
2024-07-03 00:20:46 查询号码 【1483882】，GSD为【"广东-广州"】

2024-07-03 00:20:47 开始第 3982 次操作

2024-07-03 00:20:47 开始操作号码 【1483883】
2024-07-03 00:20:56 GSD getOne 第 1 次 等待 3 秒
2024-07-03 00:20:59 查询号码 【1483883】，返回信息 {"status":"ok","msg":"广东-广州","gid":"207464","time_insert":"2021-07-06 16:57"}
2024-07-03 00:20:59 查询号码 【1483883】，GSD为【"广东-广州"】

2024-07-03 00:21:00 开始第 3983 次操作

2024-07-03 00:21:00 开始操作号码 【1483884】
2024-07-03 00:21:09 GSD getOne 第 1 次 等待 3 秒
2024-07-03 00:21:12 查询号码 【1483884】，返回信息 {"status":"ok","msg":"广东-广州","gid":"207528","time_insert":"2021-07-06 17:02"}
2024-07-03 00:21:12 查询号码 【1483884】，GSD为【"广东-广州"】

2024-07-03 00:21:13 开始第 3984 次操作

2024-07-03 00:21:13 开始操作号码 【1483885】
2024-07-03 00:21:21 GSD getOne 第 1 次 等待 3 秒
2024-07-03 00:21:24 查询号码 【1483885】，返回信息 {"status":"ok","msg":"广东-广州","gid":"207551","time_insert":"2021-07-06 17:06"}
2024-07-03 00:21:25 查询号码 【1483885】，GSD为【"广东-广州"】

