2023-12-02 00:18:12 开始第 929 次操作

2023-12-02 00:18:12 开始操作号码 【1810831】
2023-12-02 00:18:17 GSD getOne 第 1 次 等待 3 秒
2023-12-02 00:18:20 查询号码 【1810831】，返回信息 {"status":"ok","msg":"重庆-重庆","gid":"349632","time_insert":"2021-07-21 22:29"}
2023-12-02 00:18:20 查询号码 【1810831】，GSD为【"重庆-重庆"】

2023-12-02 00:18:21 开始第 930 次操作

2023-12-02 00:18:21 开始操作号码 【1810832】
2023-12-02 00:18:24 GSD getOne 第 1 次 等待 3 秒
2023-12-02 00:18:27 查询号码 【1810832】，返回信息 {"status":"ok","msg":"重庆-重庆","gid":"349744","time_insert":"2021-07-21 22:49"}
2023-12-02 00:18:28 查询号码 【1810832】，GSD为【"重庆-重庆"】

2023-12-02 00:18:29 开始第 931 次操作

2023-12-02 00:18:29 开始操作号码 【1810833】
2023-12-02 00:18:33 GSD getOne 第 1 次 等待 3 秒
2023-12-02 00:18:36 查询号码 【1810833】，返回信息 {"status":"ok","msg":"重庆-重庆","gid":"33121","time_insert":"2019-03-06 18:10","time_update":"2021-01-15 16:31"}
2023-12-02 00:18:36 查询号码 【1810833】，GSD为【"重庆-重庆"】

2023-12-02 00:18:37 开始第 932 次操作

2023-12-02 00:18:37 开始操作号码 【1810834】
2023-12-02 00:18:41 GSD getOne 第 1 次 等待 3 秒
2023-12-02 00:18:44 查询号码 【1810834】，返回信息 {"status":"ok","msg":"重庆-重庆","gid":"33122","time_insert":"2017-05-10 16:05","time_update":"2021-01-15 16:39"}
2023-12-02 00:18:44 查询号码 【1810834】，GSD为【"重庆-重庆"】

2023-12-02 00:39:35 开始第 933 次操作

2023-12-02 00:39:35 开始操作号码 【1810835】
2023-12-02 00:39:39 GSD getOne 第 1 次 等待 3 秒
2023-12-02 00:39:42 查询号码 【1810835】，返回信息 {"status":"ok","msg":"重庆-重庆","gid":"33123","time_insert":"2019-11-15 11:24","time_update":"2021-01-15 16:44"}
2023-12-02 00:39:42 查询号码 【1810835】，GSD为【"重庆-重庆"】

2023-12-02 00:39:43 开始第 934 次操作

2023-12-02 00:39:43 开始操作号码 【1810836】
2023-12-02 00:39:47 GSD getOne 第 1 次 等待 3 秒
2023-12-02 00:39:50 查询号码 【1810836】，返回信息 {"status":"ok","msg":"重庆-重庆","gid":"349867","time_insert":"2021-07-21 23:05"}
2023-12-02 00:39:50 查询号码 【1810836】，GSD为【"重庆-重庆"】

2023-12-02 00:39:51 开始第 935 次操作

2023-12-02 00:39:51 开始操作号码 【1810837】
2023-12-02 00:39:55 GSD getOne 第 1 次 等待 3 秒
2023-12-02 00:39:58 查询号码 【1810837】，返回信息 {"status":"ok","msg":"重庆-重庆","gid":"349951","time_insert":"2021-07-21 23:23"}
2023-12-02 00:39:58 查询号码 【1810837】，GSD为【"重庆-重庆"】

2023-12-02 00:39:59 开始第 936 次操作

2023-12-02 00:39:59 开始操作号码 【1810838】
2023-12-02 00:40:02 GSD getOne 第 1 次 等待 3 秒
2023-12-02 00:40:05 查询号码 【1810838】，返回信息 {"status":"ok","msg":"重庆-重庆","gid":"33124","time_insert":"2016-10-20 23:10","time_update":"2021-01-15 16:50"}
2023-12-02 00:40:05 查询号码 【1810838】，GSD为【"重庆-重庆"】

