2024-07-26 00:19:39 开始第 8065 次操作

2024-07-26 00:19:39 开始操作号码 【1487966】
2024-07-26 00:19:47 GSD getOne 第 1 次 等待 3 秒
2024-07-26 00:19:50 查询号码 【1487966】，返回信息 {"status":"ok","msg":"广西-南宁","gid":"327980","time_insert":"2021-07-19 16:59","time_update":"2023-05-24 01:08"}
2024-07-26 00:19:50 查询号码 【1487966】，GSD为【"广西-南宁"】

2024-07-26 00:19:51 开始第 8066 次操作

2024-07-26 00:19:51 开始操作号码 【1487967】
2024-07-26 00:19:59 GSD getOne 第 1 次 等待 3 秒
2024-07-26 00:20:02 查询号码 【1487967】，返回信息 {"status":"ok","msg":"广西-南宁","gid":"328048","time_insert":"2021-07-19 17:04","time_update":"2023-05-24 00:50"}
2024-07-26 00:20:02 查询号码 【1487967】，GSD为【"广西-南宁"】

2024-07-26 00:20:03 开始第 8067 次操作

2024-07-26 00:20:03 开始操作号码 【1487968】
2024-07-26 00:20:12 GSD getOne 第 1 次 等待 3 秒
2024-07-26 00:20:15 查询号码 【1487968】，返回信息 {"status":"ok","msg":"广西-南宁","gid":"328099","time_insert":"2021-07-19 17:09","time_update":"2023-05-24 00:40"}
2024-07-26 00:20:15 查询号码 【1487968】，GSD为【"广西-南宁"】

2024-07-26 00:20:16 开始第 8068 次操作

2024-07-26 00:20:16 开始操作号码 【1487969】
2024-07-26 00:20:24 GSD getOne 第 1 次 等待 3 秒
2024-07-26 00:20:27 查询号码 【1487969】，返回信息 {"status":"ok","msg":"广西-南宁","gid":"328134","time_insert":"2021-07-19 17:14","time_update":"2023-05-24 00:32"}
2024-07-26 00:20:27 查询号码 【1487969】，GSD为【"广西-南宁"】

2024-07-26 00:41:26 开始第 8069 次操作

2024-07-26 00:41:26 开始操作号码 【1487970】
2024-07-26 00:41:35 GSD getOne 第 1 次 等待 3 秒
2024-07-26 00:41:38 查询号码 【1487970】，返回信息 {"status":"ok","msg":"广西-南宁","gid":"328152","time_insert":"2021-07-19 17:19","time_update":"2023-05-24 00:20"}
2024-07-26 00:41:38 查询号码 【1487970】，GSD为【"广西-南宁"】

2024-07-26 00:41:39 开始第 8070 次操作

2024-07-26 00:41:39 开始操作号码 【1487971】
2024-07-26 00:41:47 GSD getOne 第 1 次 等待 3 秒
2024-07-26 00:41:50 查询号码 【1487971】，返回信息 {"status":"ok","msg":"广西-南宁","gid":"328162","time_insert":"2021-07-19 17:23","time_update":"2023-05-23 23:59"}
2024-07-26 00:41:50 查询号码 【1487971】，GSD为【"广西-南宁"】

2024-07-26 00:41:51 开始第 8071 次操作

2024-07-26 00:41:51 开始操作号码 【1487972】
2024-07-26 00:41:59 GSD getOne 第 1 次 等待 3 秒
2024-07-26 00:42:02 查询号码 【1487972】，返回信息 {"status":"ok","msg":"广西-南宁","gid":"328179","time_insert":"2021-07-19 17:28","time_update":"2023-05-23 23:46"}
2024-07-26 00:42:02 查询号码 【1487972】，GSD为【"广西-南宁"】

2024-07-26 00:42:03 开始第 8072 次操作

2024-07-26 00:42:03 开始操作号码 【1487973】
2024-07-26 00:42:10 GSD getOne 第 1 次 等待 3 秒
2024-07-26 00:42:13 查询号码 【1487973】，返回信息 {"status":"ok","msg":"广西-南宁","gid":"328188","time_insert":"2021-07-19 17:32","time_update":"2023-05-23 23:26"}
2024-07-26 00:42:13 查询号码 【1487973】，GSD为【"广西-南宁"】

2024-07-26 01:13:31 开始第 8073 次操作

2024-07-26 01:13:31 开始操作号码 【1487974】
2024-07-26 01:13:40 GSD getOne 第 1 次 等待 3 秒
2024-07-26 01:13:43 查询号码 【1487974】，返回信息 {"status":"ok","msg":"广西-南宁","gid":"328197","time_insert":"2021-07-19 17:36","time_update":"2023-05-23 23:06"}
2024-07-26 01:13:43 查询号码 【1487974】，GSD为【"广西-南宁"】

2024-07-26 01:13:44 开始第 8074 次操作

2024-07-26 01:13:44 开始操作号码 【1487975】
2024-07-26 01:13:53 GSD getOne 第 1 次 等待 3 秒
2024-07-26 01:13:56 查询号码 【1487975】，返回信息 {"status":"ok","msg":"广西-南宁","gid":"328211","time_insert":"2021-07-19 17:40","time_update":"2023-05-23 22:53"}
2024-07-26 01:13:56 查询号码 【1487975】，GSD为【"广西-南宁"】

2024-07-26 01:13:57 开始第 8075 次操作

2024-07-26 01:13:57 开始操作号码 【1487976】
2024-07-26 01:14:04 GSD getOne 第 1 次 等待 3 秒
2024-07-26 01:14:07 查询号码 【1487976】，返回信息 {"status":"ok","msg":"广西-南宁","gid":"328256","time_insert":"2021-07-19 17:45","time_update":"2023-05-23 22:36"}
2024-07-26 01:14:07 查询号码 【1487976】，GSD为【"广西-南宁"】

2024-07-26 01:14:08 开始第 8076 次操作

2024-07-26 01:14:08 开始操作号码 【1487977】
2024-07-26 01:14:17 GSD getOne 第 1 次 等待 3 秒
2024-07-26 01:14:20 查询号码 【1487977】，返回信息 {"status":"ok","msg":"广西-南宁","gid":"328316","time_insert":"2021-07-19 17:50","time_update":"2023-05-23 22:25"}
2024-07-26 01:14:20 查询号码 【1487977】，GSD为【"广西-南宁"】

