2024-04-23 00:17:35 开始第 5073 次操作

2024-04-23 00:17:35 开始操作号码 【1594976】
2024-04-23 00:17:42 GSD getOne 第 1 次 等待 3 秒
2024-04-23 00:17:45 查询号码 【1594976】，返回信息 {"status":"ok","msg":"山东-潍坊","gid":"136904","time_insert":"2021-06-27 04:48"}
2024-04-23 00:17:45 查询号码 【1594976】，GSD为【"山东-潍坊"】

2024-04-23 00:17:46 开始第 5074 次操作

2024-04-23 00:17:46 开始操作号码 【1594977】
2024-04-23 00:17:55 GSD getOne 第 1 次 等待 3 秒
2024-04-23 00:17:58 查询号码 【1594977】，返回信息 {"status":"ok","msg":"山东-临沂","gid":"136913","time_insert":"2021-06-27 04:48"}
2024-04-23 00:17:58 查询号码 【1594977】，GSD为【"山东-临沂"】

2024-04-23 00:17:59 开始第 5075 次操作

2024-04-23 00:17:59 开始操作号码 【1594978】
2024-04-23 00:18:04 GSD getOne 第 1 次 等待 3 秒
2024-04-23 00:18:07 查询号码 【1594978】，返回信息 {"status":"ok","msg":"山东-潍坊","gid":"136917","time_insert":"2021-06-27 04:48"}
2024-04-23 00:18:07 查询号码 【1594978】，GSD为【"山东-潍坊"】

2024-04-23 00:18:08 开始第 5076 次操作

2024-04-23 00:18:08 开始操作号码 【1594979】
2024-04-23 00:18:13 GSD getOne 第 1 次 等待 3 秒
2024-04-23 00:18:16 查询号码 【1594979】，返回信息 {"status":"ok","msg":"山东-泰安","gid":"136925","time_insert":"2021-06-27 04:49"}
2024-04-23 00:18:16 查询号码 【1594979】，GSD为【"山东-泰安"】

