2024-09-13 00:14:48 开始第 4409 次操作

2024-09-13 00:14:48 开始操作号码 【1374408】
2024-09-13 00:15:06 GSD getOne 第 1 次 等待 3 秒
2024-09-13 00:15:09 查询号码 【1374408】，返回信息 {"status":"ok","msg":"吉林-长春","gid":"225267","time_insert":"2021-07-08 20:20"}
2024-09-13 00:15:09 查询号码 【1374408】，GSD为【"吉林-长春"】

2024-09-13 00:15:10 开始第 4410 次操作

2024-09-13 00:15:10 开始操作号码 【1374409】
2024-09-13 00:15:18 GSD getOne 第 1 次 等待 3 秒
2024-09-13 00:15:21 查询号码 【1374409】，返回信息 {"status":"ok","msg":"吉林-长春","gid":"225287","time_insert":"2021-07-08 20:32"}
2024-09-13 00:15:21 查询号码 【1374409】，GSD为【"吉林-长春"】

2024-09-13 00:15:22 开始第 4411 次操作

2024-09-13 00:15:22 开始操作号码 【1374410】
2024-09-13 00:15:30 GSD getOne 第 1 次 等待 3 秒
2024-09-13 00:15:33 查询号码 【1374410】，返回信息 {"status":"ok","msg":"吉林-长春","gid":"225307","time_insert":"2021-07-08 20:43"}
2024-09-13 00:15:33 查询号码 【1374410】，GSD为【"吉林-长春"】

2024-09-13 00:15:34 开始第 4412 次操作

2024-09-13 00:15:34 开始操作号码 【1374411】
2024-09-13 00:15:42 GSD getOne 第 1 次 等待 3 秒
2024-09-13 00:15:45 查询号码 【1374411】，返回信息 {"status":"ok","msg":"吉林-长春","gid":"225324","time_insert":"2021-07-08 20:54"}
2024-09-13 00:15:45 查询号码 【1374411】，GSD为【"吉林-长春"】

