2023-10-05 00:18:42 开始第 1561 次操作

2023-10-05 00:18:42 开始操作号码 【1911560】
2023-10-05 00:18:46 GSD getOne 第 1 次 等待 3 秒
2023-10-05 00:18:49 查询号码 【1911560】，返回信息 {"status":"ok","msg":"重庆-重庆","gid":"501220","time_insert":"2021-08-09 23:12"}
2023-10-05 00:18:49 查询号码 【1911560】，GSD为【"重庆-重庆"】

2023-10-05 00:18:50 开始第 1562 次操作

2023-10-05 00:18:50 开始操作号码 【1911561】
2023-10-05 00:18:55 GSD getOne 第 1 次 等待 3 秒
2023-10-05 00:18:58 查询号码 【1911561】，返回信息 {"status":"ok","msg":"重庆-重庆","gid":"501230","time_insert":"2021-08-09 23:30"}
2023-10-05 00:18:59 查询号码 【1911561】，GSD为【"重庆-重庆"】

2023-10-05 00:19:00 开始第 1563 次操作

2023-10-05 00:19:00 开始操作号码 【1911562】
2023-10-05 00:19:05 GSD getOne 第 1 次 等待 3 秒
2023-10-05 00:19:08 查询号码 【1911562】，返回信息 {"status":"ok","msg":"重庆-重庆","gid":"501242","time_insert":"2021-08-09 23:47"}
2023-10-05 00:19:08 查询号码 【1911562】，GSD为【"重庆-重庆"】

2023-10-05 00:19:09 开始第 1564 次操作

2023-10-05 00:19:09 开始操作号码 【1911563】
2023-10-05 00:19:12 GSD getOne 第 1 次 等待 3 秒
2023-10-05 00:19:15 查询号码 【1911563】，返回信息 {"status":"ok","msg":"重庆-重庆","gid":"501254","time_insert":"2021-08-10 00:03"}
2023-10-05 00:19:15 查询号码 【1911563】，GSD为【"重庆-重庆"】

2023-10-05 00:38:57 开始第 1565 次操作

2023-10-05 00:38:57 开始操作号码 【1911564】
2023-10-05 00:39:00 GSD getOne 第 1 次 等待 3 秒
2023-10-05 00:39:03 查询号码 【1911564】，返回信息 {"status":"ok","msg":"重庆-重庆","gid":"501265","time_insert":"2021-08-10 00:22"}
2023-10-05 00:39:03 查询号码 【1911564】，GSD为【"重庆-重庆"】

2023-10-05 00:39:04 开始第 1566 次操作

2023-10-05 00:39:04 开始操作号码 【1911565】
2023-10-05 00:39:09 GSD getOne 第 1 次 等待 3 秒
2023-10-05 00:39:13 查询号码 【1911565】，返回信息 {"status":"ok","msg":"重庆-重庆","gid":"501277","time_insert":"2021-08-10 00:38"}
2023-10-05 00:39:13 查询号码 【1911565】，GSD为【"重庆-重庆"】

2023-10-05 00:39:14 开始第 1567 次操作

2023-10-05 00:39:14 开始操作号码 【1911566】
2023-10-05 00:39:16 GSD getOne 第 1 次 等待 3 秒
2023-10-05 00:39:19 查询号码 【1911566】，返回信息 {"status":"ok","msg":"重庆-重庆","gid":"501290","time_insert":"2021-08-10 00:58"}
2023-10-05 00:39:19 查询号码 【1911566】，GSD为【"重庆-重庆"】

2023-10-05 00:39:20 开始第 1568 次操作

2023-10-05 00:39:20 开始操作号码 【1911567】
2023-10-05 00:39:23 GSD getOne 第 1 次 等待 3 秒
2023-10-05 00:39:26 查询号码 【1911567】，返回信息 {"status":"ok","msg":"重庆-重庆","gid":"501303","time_insert":"2021-08-10 01:15"}
2023-10-05 00:39:26 查询号码 【1911567】，GSD为【"重庆-重庆"】

