2024-04-19 00:18:10 开始第 4353 次操作

2024-04-19 00:18:10 开始操作号码 【1594256】
2024-04-19 00:18:15 GSD getOne 第 1 次 等待 3 秒
2024-04-19 00:18:18 查询号码 【1594256】，返回信息 {"status":"ok","msg":"辽宁-丹东","gid":"130707","time_insert":"2021-06-26 06:47"}
2024-04-19 00:18:18 查询号码 【1594256】，GSD为【"辽宁-丹东"】

2024-04-19 00:18:19 开始第 4354 次操作

2024-04-19 00:18:19 开始操作号码 【1594257】
2024-04-19 00:18:24 GSD getOne 第 1 次 等待 3 秒
2024-04-19 00:18:27 查询号码 【1594257】，返回信息 {"status":"ok","msg":"辽宁-丹东","gid":"130714","time_insert":"2021-06-26 06:48"}
2024-04-19 00:18:27 查询号码 【1594257】，GSD为【"辽宁-丹东"】

2024-04-19 00:18:28 开始第 4355 次操作

2024-04-19 00:18:28 开始操作号码 【1594258】
2024-04-19 00:18:32 GSD getOne 第 1 次 等待 3 秒
2024-04-19 00:18:35 查询号码 【1594258】，返回信息 {"status":"ok","msg":"辽宁-丹东","gid":"130718","time_insert":"2021-06-26 06:48"}
2024-04-19 00:18:36 查询号码 【1594258】，GSD为【"辽宁-丹东"】

2024-04-19 00:18:37 开始第 4356 次操作

2024-04-19 00:18:37 开始操作号码 【1594259】
2024-04-19 00:18:42 GSD getOne 第 1 次 等待 3 秒
2024-04-19 00:18:45 查询号码 【1594259】，返回信息 {"status":"ok","msg":"辽宁-丹东","gid":"130720","time_insert":"2021-06-26 06:49"}
2024-04-19 00:18:45 查询号码 【1594259】，GSD为【"辽宁-丹东"】

2024-04-19 00:37:55 开始第 4357 次操作

2024-04-19 00:37:55 开始操作号码 【1594260】
2024-04-19 00:38:00 GSD getOne 第 1 次 等待 3 秒
2024-04-19 00:38:03 查询号码 【1594260】，返回信息 {"status":"ok","msg":"辽宁-大连","gid":"27263","time_insert":"2018-01-03 20:45","time_update":"2020-08-20 14:00"}
2024-04-19 00:38:03 查询号码 【1594260】，GSD为【"辽宁-大连"】

2024-04-19 00:38:04 开始第 4358 次操作

2024-04-19 00:38:04 开始操作号码 【1594261】
2024-04-19 00:38:08 GSD getOne 第 1 次 等待 3 秒
2024-04-19 00:38:11 查询号码 【1594261】，返回信息 {"status":"ok","msg":"辽宁-大连","gid":"27264","time_insert":"2020-08-04 15:38","time_update":"2020-08-20 13:55"}
2024-04-19 00:38:11 查询号码 【1594261】，GSD为【"辽宁-大连"】

2024-04-19 00:38:12 开始第 4359 次操作

2024-04-19 00:38:12 开始操作号码 【1594262】
2024-04-19 00:38:18 GSD getOne 第 1 次 等待 3 秒
2024-04-19 00:38:21 查询号码 【1594262】，返回信息 {"status":"ok","msg":"辽宁-大连","gid":"130724","time_insert":"2021-06-26 06:49"}
2024-04-19 00:38:21 查询号码 【1594262】，GSD为【"辽宁-大连"】

2024-04-19 00:38:22 开始第 4360 次操作

2024-04-19 00:38:22 开始操作号码 【1594263】
2024-04-19 00:38:26 GSD getOne 第 1 次 等待 3 秒
2024-04-19 00:38:29 查询号码 【1594263】，返回信息 {"status":"ok","msg":"辽宁-大连","gid":"130732","time_insert":"2021-06-26 06:50"}
2024-04-19 00:38:29 查询号码 【1594263】，GSD为【"辽宁-大连"】

2024-04-19 01:12:38 开始第 4361 次操作

2024-04-19 01:12:38 开始操作号码 【1594264】
2024-04-19 01:12:44 GSD getOne 第 1 次 等待 3 秒
2024-04-19 01:12:47 查询号码 【1594264】，返回信息 {"status":"ok","msg":"辽宁-大连","gid":"130736","time_insert":"2021-06-26 06:51"}
2024-04-19 01:12:47 查询号码 【1594264】，GSD为【"辽宁-大连"】

2024-04-19 01:12:48 开始第 4362 次操作

2024-04-19 01:12:48 开始操作号码 【1594265】
2024-04-19 01:12:53 GSD getOne 第 1 次 等待 3 秒
2024-04-19 01:12:56 查询号码 【1594265】，返回信息 {"status":"ok","msg":"辽宁-大连","gid":"130738","time_insert":"2021-06-26 06:51"}
2024-04-19 01:12:56 查询号码 【1594265】，GSD为【"辽宁-大连"】

2024-04-19 01:12:57 开始第 4363 次操作

2024-04-19 01:12:57 开始操作号码 【1594266】
2024-04-19 01:13:02 GSD getOne 第 1 次 等待 3 秒
2024-04-19 01:13:05 查询号码 【1594266】，返回信息 {"status":"ok","msg":"辽宁-大连","gid":"27265","time_insert":"2018-06-15 22:07","time_update":"2020-08-20 14:38"}
2024-04-19 01:13:05 查询号码 【1594266】，GSD为【"辽宁-大连"】

2024-04-19 01:13:06 开始第 4364 次操作

2024-04-19 01:13:06 开始操作号码 【1594267】
2024-04-19 01:13:11 GSD getOne 第 1 次 等待 3 秒
2024-04-19 01:13:14 查询号码 【1594267】，返回信息 {"status":"ok","msg":"辽宁-大连","gid":"130744","time_insert":"2021-06-26 06:52"}
2024-04-19 01:13:14 查询号码 【1594267】，GSD为【"辽宁-大连"】

