2024-03-26 00:17:39 开始第 181 次操作

2024-03-26 00:17:39 开始操作号码 【1590084】
2024-03-26 00:17:45 GSD getOne 第 1 次 等待 3 秒
2024-03-26 00:17:48 查询号码 【1590084】，返回信息 {"status":"ok","msg":"上海-上海","gid":"90912","time_insert":"2021-06-11 08:39"}
2024-03-26 00:17:48 查询号码 【1590084】，GSD为【"上海-上海"】

2024-03-26 00:17:49 开始第 182 次操作

2024-03-26 00:17:49 开始操作号码 【1590085】
2024-03-26 00:17:53 GSD getOne 第 1 次 等待 3 秒
2024-03-26 00:17:56 查询号码 【1590085】，返回信息 {"status":"ok","msg":"上海-上海","gid":"90917","time_insert":"2021-06-11 08:44"}
2024-03-26 00:17:56 查询号码 【1590085】，GSD为【"上海-上海"】

2024-03-26 00:17:57 开始第 183 次操作

2024-03-26 00:17:57 开始操作号码 【1590086】
2024-03-26 00:18:02 GSD getOne 第 1 次 等待 3 秒
2024-03-26 00:18:05 查询号码 【1590086】，返回信息 {"status":"ok","msg":"上海-上海","gid":"90944","time_insert":"2021-06-11 09:06"}
2024-03-26 00:18:05 查询号码 【1590086】，GSD为【"上海-上海"】

2024-03-26 00:18:06 开始第 184 次操作

2024-03-26 00:18:06 开始操作号码 【1590087】
2024-03-26 00:18:13 GSD getOne 第 1 次 等待 3 秒
2024-03-26 00:18:16 查询号码 【1590087】，返回信息 {"status":"ok","msg":"上海-上海","gid":"90947","time_insert":"2021-06-11 09:09"}
2024-03-26 00:18:16 查询号码 【1590087】，GSD为【"上海-上海"】

