2023-11-08 00:17:55 开始第 7521 次操作

2023-11-08 00:17:55 开始操作号码 【1917423】
2023-11-08 00:18:02 GSD getOne 第 1 次 等待 3 秒
2023-11-08 00:18:05 查询号码 【1917423】，返回信息 {"status":"ok","msg":"湖南-株洲","gid":"461083","time_insert":"2021-07-31 22:51"}
2023-11-08 00:18:05 查询号码 【1917423】，GSD为【"湖南-株洲"】

2023-11-08 00:18:06 开始第 7522 次操作

2023-11-08 00:18:06 开始操作号码 【1917424】
2023-11-08 00:18:09 GSD getOne 第 1 次 等待 3 秒
2023-11-08 00:18:12 查询号码 【1917424】，返回信息 {"status":"ok","msg":"湖南-株洲","gid":"461072","time_insert":"2021-07-31 22:51"}
2023-11-08 00:18:12 查询号码 【1917424】，GSD为【"湖南-株洲"】

2023-11-08 00:18:13 开始第 7523 次操作

2023-11-08 00:18:13 开始操作号码 【1917425】
2023-11-08 00:18:20 GSD getOne 第 1 次 等待 3 秒
2023-11-08 00:18:23 查询号码 【1917425】，返回信息 {"status":"ok","msg":"湖南-株洲","gid":"461060","time_insert":"2021-07-31 22:50"}
2023-11-08 00:18:23 查询号码 【1917425】，GSD为【"湖南-株洲"】

2023-11-08 00:18:24 开始第 7524 次操作

2023-11-08 00:18:24 开始操作号码 【1917426】
2023-11-08 00:18:27 GSD getOne 第 1 次 等待 3 秒
2023-11-08 00:18:30 查询号码 【1917426】，返回信息 {"status":"ok","msg":"湖南-株洲","gid":"461049","time_insert":"2021-07-31 22:49"}
2023-11-08 00:18:30 查询号码 【1917426】，GSD为【"湖南-株洲"】

2023-11-08 00:39:37 开始第 7525 次操作

2023-11-08 00:39:37 开始操作号码 【1917427】
2023-11-08 00:39:44 GSD getOne 第 1 次 等待 3 秒
2023-11-08 00:39:47 查询号码 【1917427】，返回信息 {"status":"ok","msg":"湖南-株洲","gid":"461041","time_insert":"2021-07-31 22:49"}
2023-11-08 00:39:47 查询号码 【1917427】，GSD为【"湖南-株洲"】

2023-11-08 00:39:48 开始第 7526 次操作

2023-11-08 00:39:48 开始操作号码 【1917428】
2023-11-08 00:39:51 GSD getOne 第 1 次 等待 3 秒
2023-11-08 00:39:54 查询号码 【1917428】，返回信息 {"status":"ok","msg":"湖南-株洲","gid":"461030","time_insert":"2021-07-31 22:48"}
2023-11-08 00:39:54 查询号码 【1917428】，GSD为【"湖南-株洲"】

2023-11-08 00:39:55 开始第 7527 次操作

2023-11-08 00:39:55 开始操作号码 【1917429】
2023-11-08 00:39:58 GSD getOne 第 1 次 等待 3 秒
2023-11-08 00:40:01 查询号码 【1917429】，返回信息 {"status":"ok","msg":"湖南-株洲","gid":"461022","time_insert":"2021-07-31 22:47","time_update":"2021-08-12 18:34"}
2023-11-08 00:40:01 查询号码 【1917429】，GSD为【"湖南-株洲"】

2023-11-08 00:40:02 开始第 7528 次操作

2023-11-08 00:40:02 开始操作号码 【1917430】
2023-11-08 00:40:09 GSD getOne 第 1 次 等待 3 秒
2023-11-08 00:40:12 查询号码 【1917430】，返回信息 {"status":"ok","msg":"湖南-湘西","gid":"461017","time_insert":"2021-07-31 22:47"}
2023-11-08 00:40:12 查询号码 【1917430】，GSD为【"湖南-湘西"】

2023-11-08 01:12:26 开始第 7529 次操作

2023-11-08 01:12:26 开始操作号码 【1917431】
2023-11-08 01:12:29 GSD getOne 第 1 次 等待 3 秒
2023-11-08 01:12:32 查询号码 【1917431】，返回信息 {"status":"ok","msg":"湖南-湘西","gid":"460997","time_insert":"2021-07-31 22:44"}
2023-11-08 01:12:32 查询号码 【1917431】，GSD为【"湖南-湘西"】

2023-11-08 01:12:33 开始第 7530 次操作

2023-11-08 01:12:33 开始操作号码 【1917432】
2023-11-08 01:12:37 GSD getOne 第 1 次 等待 3 秒
2023-11-08 01:12:40 查询号码 【1917432】，返回信息 {"status":"ok","msg":"湖南-湘西","gid":"460993","time_insert":"2021-07-31 22:44"}
2023-11-08 01:12:40 查询号码 【1917432】，GSD为【"湖南-湘西"】

2023-11-08 01:12:41 开始第 7531 次操作

2023-11-08 01:12:41 开始操作号码 【1917433】
2023-11-08 01:12:44 GSD getOne 第 1 次 等待 3 秒
2023-11-08 01:12:47 查询号码 【1917433】，返回信息 {"status":"ok","msg":"湖南-湘西","gid":"460988","time_insert":"2021-07-31 22:43"}
2023-11-08 01:12:47 查询号码 【1917433】，GSD为【"湖南-湘西"】

2023-11-08 01:12:48 开始第 7532 次操作

2023-11-08 01:12:48 开始操作号码 【1917434】
2023-11-08 01:12:52 GSD getOne 第 1 次 等待 3 秒
2023-11-08 01:12:55 查询号码 【1917434】，返回信息 {"status":"ok","msg":"湖南-湘西","gid":"460981","time_insert":"2021-07-31 22:42"}
2023-11-08 01:12:55 查询号码 【1917434】，GSD为【"湖南-湘西"】

2023-11-08 01:35:54 开始第 7533 次操作

2023-11-08 01:35:54 开始操作号码 【1917435】
2023-11-08 01:35:59 GSD getOne 第 1 次 等待 3 秒
2023-11-08 01:36:02 查询号码 【1917435】，返回信息 {"status":"ok","msg":"湖南-湘西","gid":"460974","time_insert":"2021-07-31 22:41"}
2023-11-08 01:36:02 查询号码 【1917435】，GSD为【"湖南-湘西"】

2023-11-08 01:36:03 开始第 7534 次操作

2023-11-08 01:36:03 开始操作号码 【1917436】
2023-11-08 01:36:06 GSD getOne 第 1 次 等待 3 秒
2023-11-08 01:36:09 查询号码 【1917436】，返回信息 {"status":"ok","msg":"湖南-湘西","gid":"460962","time_insert":"2021-07-31 22:40"}
2023-11-08 01:36:09 查询号码 【1917436】，GSD为【"湖南-湘西"】

2023-11-08 01:36:10 开始第 7535 次操作

2023-11-08 01:36:10 开始操作号码 【1917437】
2023-11-08 01:36:13 GSD getOne 第 1 次 等待 3 秒
2023-11-08 01:36:16 查询号码 【1917437】，返回信息 {"status":"ok","msg":"湖南-湘西","gid":"460952","time_insert":"2021-07-31 22:39"}
2023-11-08 01:36:16 查询号码 【1917437】，GSD为【"湖南-湘西"】

2023-11-08 01:36:17 开始第 7536 次操作

2023-11-08 01:36:17 开始操作号码 【1917438】
2023-11-08 01:36:20 GSD getOne 第 1 次 等待 3 秒
2023-11-08 01:36:23 查询号码 【1917438】，返回信息 {"status":"ok","msg":"湖南-湘西","gid":"460947","time_insert":"2021-07-31 22:38"}
2023-11-08 01:36:23 查询号码 【1917438】，GSD为【"湖南-湘西"】

2023-11-08 02:17:14 开始第 7537 次操作

2023-11-08 02:17:14 开始操作号码 【1917439】
2023-11-08 02:17:17 GSD getOne 第 1 次 等待 3 秒
2023-11-08 02:17:20 查询号码 【1917439】，返回信息 {"status":"ok","msg":"湖南-湘西","gid":"460817","time_insert":"2021-07-31 22:06","time_update":"2021-08-12 18:48"}
2023-11-08 02:17:20 查询号码 【1917439】，GSD为【"湖南-湘西"】

2023-11-08 02:17:21 开始第 7538 次操作

2023-11-08 02:17:21 开始操作号码 【1917440】
2023-11-08 02:17:23 GSD getOne 第 1 次 等待 3 秒
2023-11-08 02:17:26 查询号码 【1917440】，返回信息 {"status":"ok","msg":"湖南-张家界","gid":"460812","time_insert":"2021-07-31 22:05"}
2023-11-08 02:17:26 查询号码 【1917440】，GSD为【"湖南-张家界"】

2023-11-08 02:17:28 开始第 7539 次操作

2023-11-08 02:17:28 开始操作号码 【1917441】
2023-11-08 02:17:30 GSD getOne 第 1 次 等待 3 秒
2023-11-08 02:17:33 查询号码 【1917441】，返回信息 {"status":"ok","msg":"湖南-张家界","gid":"460808","time_insert":"2021-07-31 22:04"}
2023-11-08 02:17:33 查询号码 【1917441】，GSD为【"湖南-张家界"】

2023-11-08 02:17:34 开始第 7540 次操作

2023-11-08 02:17:34 开始操作号码 【1917442】
2023-11-08 02:17:37 GSD getOne 第 1 次 等待 3 秒
2023-11-08 02:17:40 查询号码 【1917442】，返回信息 {"status":"ok","msg":"湖南-张家界","gid":"460801","time_insert":"2021-07-31 22:04"}
2023-11-08 02:17:40 查询号码 【1917442】，GSD为【"湖南-张家界"】

2023-11-08 02:36:42 开始第 7541 次操作

2023-11-08 02:36:42 开始操作号码 【1917443】
2023-11-08 02:36:46 GSD getOne 第 1 次 等待 3 秒
2023-11-08 02:36:49 查询号码 【1917443】，返回信息 {"status":"ok","msg":"湖南-张家界","gid":"460791","time_insert":"2021-07-31 22:03"}
2023-11-08 02:36:49 查询号码 【1917443】，GSD为【"湖南-张家界"】

2023-11-08 02:36:50 开始第 7542 次操作

2023-11-08 02:36:50 开始操作号码 【1917444】
2023-11-08 02:36:53 GSD getOne 第 1 次 等待 3 秒
2023-11-08 02:36:56 查询号码 【1917444】，返回信息 {"status":"ok","msg":"湖南-张家界","gid":"460783","time_insert":"2021-07-31 22:02"}
2023-11-08 02:36:56 查询号码 【1917444】，GSD为【"湖南-张家界"】

2023-11-08 02:36:57 开始第 7543 次操作

2023-11-08 02:36:57 开始操作号码 【1917445】
2023-11-08 02:37:00 GSD getOne 第 1 次 等待 3 秒
2023-11-08 02:37:03 查询号码 【1917445】，返回信息 {"status":"ok","msg":"湖南-张家界","gid":"460773","time_insert":"2021-07-31 22:02"}
2023-11-08 02:37:04 查询号码 【1917445】，GSD为【"湖南-张家界"】

2023-11-08 02:37:05 开始第 7544 次操作

2023-11-08 02:37:05 开始操作号码 【1917446】
2023-11-08 02:37:08 GSD getOne 第 1 次 等待 3 秒
2023-11-08 02:37:11 查询号码 【1917446】，返回信息 {"status":"ok","msg":"湖南-张家界","gid":"460763","time_insert":"2021-07-31 22:01"}
2023-11-08 02:37:11 查询号码 【1917446】，GSD为【"湖南-张家界"】

2023-11-08 03:10:54 开始第 7545 次操作

2023-11-08 03:10:54 开始操作号码 【1917447】
2023-11-08 03:10:57 GSD getOne 第 1 次 等待 3 秒
2023-11-08 03:11:00 查询号码 【1917447】，返回信息 {"status":"ok","msg":"湖南-张家界","gid":"460752","time_insert":"2021-07-31 22:00"}
2023-11-08 03:11:00 查询号码 【1917447】，GSD为【"湖南-张家界"】

2023-11-08 03:11:01 开始第 7546 次操作

2023-11-08 03:11:01 开始操作号码 【1917448】
2023-11-08 03:11:04 GSD getOne 第 1 次 等待 3 秒
2023-11-08 03:11:07 查询号码 【1917448】，返回信息 {"status":"ok","msg":"湖南-张家界","gid":"460743","time_insert":"2021-07-31 22:00"}
2023-11-08 03:11:07 查询号码 【1917448】，GSD为【"湖南-张家界"】

2023-11-08 03:11:08 开始第 7547 次操作

2023-11-08 03:11:08 开始操作号码 【1917449】
2023-11-08 03:11:11 GSD getOne 第 1 次 等待 3 秒
2023-11-08 03:11:14 查询号码 【1917449】，返回信息 {"status":"ok","msg":"湖南-张家界","gid":"460729","time_insert":"2021-07-31 21:59"}
2023-11-08 03:11:14 查询号码 【1917449】，GSD为【"湖南-张家界"】

2023-11-08 03:11:16 开始第 7548 次操作

2023-11-08 03:11:16 开始操作号码 【1917450】
2023-11-08 03:11:18 GSD getOne 第 1 次 等待 3 秒
2023-11-08 03:11:21 查询号码 【1917450】，返回信息 {"status":"ok","msg":"湖南-怀化","gid":"460719","time_insert":"2021-07-31 21:58"}
2023-11-08 03:11:22 查询号码 【1917450】，GSD为【"湖南-怀化"】

2023-11-08 03:35:45 开始第 7549 次操作

2023-11-08 03:35:45 开始操作号码 【1917451】
2023-11-08 03:35:47 GSD getOne 第 1 次 等待 3 秒
2023-11-08 03:35:51 查询号码 【1917451】，返回信息 {"status":"ok","msg":"湖南-怀化","gid":"460708","time_insert":"2021-07-31 21:58"}
2023-11-08 03:35:51 查询号码 【1917451】，GSD为【"湖南-怀化"】

2023-11-08 03:35:52 开始第 7550 次操作

2023-11-08 03:35:52 开始操作号码 【1917452】
2023-11-08 03:35:54 GSD getOne 第 1 次 等待 3 秒
2023-11-08 03:35:57 查询号码 【1917452】，返回信息 {"status":"ok","msg":"湖南-怀化","gid":"460699","time_insert":"2021-07-31 21:57"}
2023-11-08 03:35:57 查询号码 【1917452】，GSD为【"湖南-怀化"】

2023-11-08 03:35:58 开始第 7551 次操作

2023-11-08 03:35:58 开始操作号码 【1917453】
2023-11-08 03:36:01 GSD getOne 第 1 次 等待 3 秒
2023-11-08 03:36:04 查询号码 【1917453】，返回信息 {"status":"ok","msg":"湖南-怀化","gid":"460690","time_insert":"2021-07-31 21:56"}
2023-11-08 03:36:04 查询号码 【1917453】，GSD为【"湖南-怀化"】

2023-11-08 03:36:05 开始第 7552 次操作

2023-11-08 03:36:05 开始操作号码 【1917454】
2023-11-08 03:36:08 GSD getOne 第 1 次 等待 3 秒
2023-11-08 03:36:11 查询号码 【1917454】，返回信息 {"status":"ok","msg":"湖南-怀化","gid":"460678","time_insert":"2021-07-31 21:56"}
2023-11-08 03:36:11 查询号码 【1917454】，GSD为【"湖南-怀化"】

2023-11-08 04:14:09 开始第 7553 次操作

2023-11-08 04:14:09 开始操作号码 【1917455】
2023-11-08 04:14:12 GSD getOne 第 1 次 等待 3 秒
2023-11-08 04:14:15 查询号码 【1917455】，返回信息 {"status":"ok","msg":"湖南-怀化","gid":"460667","time_insert":"2021-07-31 21:55","time_update":"2021-08-12 19:01"}
2023-11-08 04:14:15 查询号码 【1917455】，GSD为【"湖南-怀化"】

2023-11-08 04:14:16 开始第 7554 次操作

2023-11-08 04:14:16 开始操作号码 【1917456】
2023-11-08 04:14:19 GSD getOne 第 1 次 等待 3 秒
2023-11-08 04:14:22 查询号码 【1917456】，返回信息 {"status":"ok","msg":"湖南-怀化","gid":"460656","time_insert":"2021-07-31 21:54"}
2023-11-08 04:14:22 查询号码 【1917456】，GSD为【"湖南-怀化"】

2023-11-08 04:14:23 开始第 7555 次操作

2023-11-08 04:14:23 开始操作号码 【1917457】
2023-11-08 04:14:26 GSD getOne 第 1 次 等待 3 秒
2023-11-08 04:14:29 查询号码 【1917457】，返回信息 {"status":"ok","msg":"湖南-怀化","gid":"460635","time_insert":"2021-07-31 21:53"}
2023-11-08 04:14:29 查询号码 【1917457】，GSD为【"湖南-怀化"】

2023-11-08 04:14:30 开始第 7556 次操作

2023-11-08 04:14:30 开始操作号码 【1917458】
2023-11-08 04:14:34 GSD getOne 第 1 次 等待 3 秒
2023-11-08 04:14:37 查询号码 【1917458】，返回信息 {"status":"ok","msg":"湖南-怀化","gid":"460629","time_insert":"2021-07-31 21:52"}
2023-11-08 04:14:37 查询号码 【1917458】，GSD为【"湖南-怀化"】

2023-11-08 04:36:13 开始第 7557 次操作

2023-11-08 04:36:13 开始操作号码 【1917459】
2023-11-08 04:36:17 GSD getOne 第 1 次 等待 3 秒
2023-11-08 04:36:20 查询号码 【1917459】，返回信息 {"status":"ok","msg":"湖南-怀化","gid":"460618","time_insert":"2021-07-31 21:52"}
2023-11-08 04:36:20 查询号码 【1917459】，GSD为【"湖南-怀化"】

2023-11-08 04:36:21 开始第 7558 次操作

2023-11-08 04:36:21 开始操作号码 【1917460】
2023-11-08 04:36:24 GSD getOne 第 1 次 等待 3 秒
2023-11-08 04:36:27 查询号码 【1917460】，返回信息 {"status":"ok","msg":"湖南-永州","gid":"460605","time_insert":"2021-07-31 21:51"}
2023-11-08 04:36:27 查询号码 【1917460】，GSD为【"湖南-永州"】

2023-11-08 04:36:28 开始第 7559 次操作

2023-11-08 04:36:28 开始操作号码 【1917461】
2023-11-08 04:36:31 GSD getOne 第 1 次 等待 3 秒
2023-11-08 04:36:34 查询号码 【1917461】，返回信息 {"status":"ok","msg":"湖南-永州","gid":"460594","time_insert":"2021-07-31 21:50"}
2023-11-08 04:36:34 查询号码 【1917461】，GSD为【"湖南-永州"】

2023-11-08 04:36:35 开始第 7560 次操作

2023-11-08 04:36:35 开始操作号码 【1917462】
2023-11-08 04:36:38 GSD getOne 第 1 次 等待 3 秒
2023-11-08 04:36:41 查询号码 【1917462】，返回信息 {"status":"ok","msg":"湖南-永州","gid":"460581","time_insert":"2021-07-31 21:50"}
2023-11-08 04:36:41 查询号码 【1917462】，GSD为【"湖南-永州"】

2023-11-08 05:11:58 开始第 7561 次操作

2023-11-08 05:11:58 开始操作号码 【1917463】
2023-11-08 05:12:01 GSD getOne 第 1 次 等待 3 秒
2023-11-08 05:12:04 查询号码 【1917463】，返回信息 {"status":"ok","msg":"湖南-永州","gid":"460572","time_insert":"2021-07-31 21:49"}
2023-11-08 05:12:04 查询号码 【1917463】，GSD为【"湖南-永州"】

2023-11-08 05:12:05 开始第 7562 次操作

2023-11-08 05:12:05 开始操作号码 【1917464】
2023-11-08 05:12:08 GSD getOne 第 1 次 等待 3 秒
2023-11-08 05:12:11 查询号码 【1917464】，返回信息 {"status":"ok","msg":"湖南-永州","gid":"460562","time_insert":"2021-07-31 21:49"}
2023-11-08 05:12:11 查询号码 【1917464】，GSD为【"湖南-永州"】

2023-11-08 05:12:12 开始第 7563 次操作

2023-11-08 05:12:12 开始操作号码 【1917465】
2023-11-08 05:12:16 GSD getOne 第 1 次 等待 3 秒
2023-11-08 05:12:19 查询号码 【1917465】，返回信息 {"status":"ok","msg":"湖南-永州","gid":"460550","time_insert":"2021-07-31 21:48"}
2023-11-08 05:12:19 查询号码 【1917465】，GSD为【"湖南-永州"】

2023-11-08 05:12:20 开始第 7564 次操作

2023-11-08 05:12:20 开始操作号码 【1917466】
2023-11-08 05:12:23 GSD getOne 第 1 次 等待 3 秒
2023-11-08 05:12:26 查询号码 【1917466】，返回信息 {"status":"ok","msg":"湖南-永州","gid":"460541","time_insert":"2021-07-31 21:47"}
2023-11-08 05:12:26 查询号码 【1917466】，GSD为【"湖南-永州"】

2023-11-08 05:35:38 开始第 7565 次操作

2023-11-08 05:35:38 开始操作号码 【1917467】
2023-11-08 05:35:41 GSD getOne 第 1 次 等待 3 秒
2023-11-08 05:35:44 查询号码 【1917467】，返回信息 {"status":"ok","msg":"湖南-永州","gid":"460531","time_insert":"2021-07-31 21:47"}
2023-11-08 05:35:44 查询号码 【1917467】，GSD为【"湖南-永州"】

2023-11-08 05:35:45 开始第 7566 次操作

2023-11-08 05:35:45 开始操作号码 【1917468】
2023-11-08 05:35:49 GSD getOne 第 1 次 等待 3 秒
2023-11-08 05:35:52 查询号码 【1917468】，返回信息 {"status":"ok","msg":"湖南-永州","gid":"460519","time_insert":"2021-07-31 21:46"}
2023-11-08 05:35:52 查询号码 【1917468】，GSD为【"湖南-永州"】

2023-11-08 05:35:53 开始第 7567 次操作

2023-11-08 05:35:53 开始操作号码 【1917469】
2023-11-08 05:35:56 GSD getOne 第 1 次 等待 3 秒
2023-11-08 05:35:59 查询号码 【1917469】，返回信息 {"status":"ok","msg":"湖南-永州","gid":"460511","time_insert":"2021-07-31 21:45"}
2023-11-08 05:35:59 查询号码 【1917469】，GSD为【"湖南-永州"】

2023-11-08 05:36:00 开始第 7568 次操作

2023-11-08 05:36:00 开始操作号码 【1917470】
2023-11-08 05:36:03 GSD getOne 第 1 次 等待 3 秒
2023-11-08 05:36:06 查询号码 【1917470】，返回信息 {"status":"ok","msg":"湖南-长沙","gid":"460498","time_insert":"2021-07-31 21:44"}
2023-11-08 05:36:06 查询号码 【1917470】，GSD为【"湖南-长沙"】

2023-11-08 06:12:39 开始第 7569 次操作

2023-11-08 06:12:39 开始操作号码 【1917471】
2023-11-08 06:12:42 GSD getOne 第 1 次 等待 3 秒
2023-11-08 06:12:45 查询号码 【1917471】，返回信息 {"status":"ok","msg":"湖南-长沙","gid":"460485","time_insert":"2021-07-31 21:44","time_update":"2021-08-12 19:15"}
2023-11-08 06:12:45 查询号码 【1917471】，GSD为【"湖南-长沙"】

2023-11-08 06:12:46 开始第 7570 次操作

2023-11-08 06:12:46 开始操作号码 【1917472】
2023-11-08 06:12:49 GSD getOne 第 1 次 等待 3 秒
2023-11-08 06:12:52 查询号码 【1917472】，返回信息 {"status":"ok","msg":"湖南-长沙","gid":"460476","time_insert":"2021-07-31 21:43"}
2023-11-08 06:12:52 查询号码 【1917472】，GSD为【"湖南-长沙"】

2023-11-08 06:12:53 开始第 7571 次操作

2023-11-08 06:12:53 开始操作号码 【1917473】
2023-11-08 06:12:56 GSD getOne 第 1 次 等待 3 秒
2023-11-08 06:12:59 查询号码 【1917473】，返回信息 {"status":"ok","msg":"湖南-长沙","gid":"460465","time_insert":"2021-07-31 21:42"}
2023-11-08 06:12:59 查询号码 【1917473】，GSD为【"湖南-长沙"】

2023-11-08 06:13:00 开始第 7572 次操作

2023-11-08 06:13:00 开始操作号码 【1917474】
2023-11-08 06:13:03 GSD getOne 第 1 次 等待 3 秒
2023-11-08 06:13:06 查询号码 【1917474】，返回信息 {"status":"ok","msg":"湖南-长沙","gid":"460449","time_insert":"2021-07-31 21:42"}
2023-11-08 06:13:06 查询号码 【1917474】，GSD为【"湖南-长沙"】

