2023-10-26 00:17:29 开始第 5169 次操作

2023-10-26 00:17:29 开始操作号码 【1915071】
2023-10-26 00:17:33 GSD getOne 第 1 次 等待 3 秒
2023-10-26 00:17:36 查询号码 【1915071】，返回信息 {"status":"ok","msg":"四川-宜宾","gid":"46222","time_insert":"2020-01-20 17:52","time_update":"2020-11-15 12:25"}
2023-10-26 00:17:36 查询号码 【1915071】，GSD为【"四川-宜宾"】

2023-10-26 00:17:37 开始第 5170 次操作

2023-10-26 00:17:37 开始操作号码 【1915072】
2023-10-26 00:17:40 GSD getOne 第 1 次 等待 3 秒
2023-10-26 00:17:43 查询号码 【1915072】，返回信息 {"status":"ok","msg":"四川-宜宾","gid":"489393","time_insert":"2021-08-03 11:19"}
2023-10-26 00:17:43 查询号码 【1915072】，GSD为【"四川-宜宾"】

2023-10-26 00:17:44 开始第 5171 次操作

2023-10-26 00:17:44 开始操作号码 【1915073】
2023-10-26 00:17:47 GSD getOne 第 1 次 等待 3 秒
2023-10-26 00:17:50 查询号码 【1915073】，返回信息 {"status":"ok","msg":"四川-宜宾","gid":"489388","time_insert":"2021-08-03 11:18"}
2023-10-26 00:17:50 查询号码 【1915073】，GSD为【"四川-宜宾"】

2023-10-26 00:17:51 开始第 5172 次操作

2023-10-26 00:17:51 开始操作号码 【1915074】
2023-10-26 00:17:56 GSD getOne 第 1 次 等待 3 秒
2023-10-26 00:17:59 查询号码 【1915074】，返回信息 {"status":"ok","msg":"四川-宜宾","gid":"489382","time_insert":"2021-08-03 11:17"}
2023-10-26 00:17:59 查询号码 【1915074】，GSD为【"四川-宜宾"】

