2024-05-20 00:17:34 开始第 9933 次操作

2024-05-20 00:17:34 开始操作号码 【1599836】
2024-05-20 00:17:42 GSD getOne 第 1 次 等待 3 秒
2024-05-20 00:17:45 查询号码 【1599836】，返回信息 {"status":"ok","msg":"辽宁-沈阳","gid":"28372","time_insert":"2018-02-09 18:16","time_update":"2020-08-20 10:07"}
2024-05-20 00:17:45 查询号码 【1599836】，GSD为【"辽宁-沈阳"】

2024-05-20 00:17:46 开始第 9934 次操作

2024-05-20 00:17:46 开始操作号码 【1599837】
2024-05-20 00:17:55 GSD getOne 第 1 次 等待 3 秒
2024-05-20 00:17:58 查询号码 【1599837】，返回信息 {"status":"ok","msg":"辽宁-沈阳","gid":"111079","time_insert":"2021-06-21 18:31"}
2024-05-20 00:17:58 查询号码 【1599837】，GSD为【"辽宁-沈阳"】

2024-05-20 00:17:59 开始第 9935 次操作

2024-05-20 00:17:59 开始操作号码 【1599838】
2024-05-20 00:18:06 GSD getOne 第 1 次 等待 3 秒
2024-05-20 00:18:09 查询号码 【1599838】，返回信息 {"status":"ok","msg":"辽宁-沈阳","gid":"111075","time_insert":"2021-06-21 18:31"}
2024-05-20 00:18:09 查询号码 【1599838】，GSD为【"辽宁-沈阳"】

2024-05-20 00:18:10 开始第 9936 次操作

2024-05-20 00:18:10 开始操作号码 【1599839】
2024-05-20 00:18:17 GSD getOne 第 1 次 等待 3 秒
2024-05-20 00:18:20 查询号码 【1599839】，返回信息 {"status":"ok","msg":"辽宁-沈阳","gid":"111074","time_insert":"2021-06-21 18:30"}
2024-05-20 00:18:20 查询号码 【1599839】，GSD为【"辽宁-沈阳"】

2024-05-20 00:38:29 开始第 9937 次操作

2024-05-20 00:38:30 开始操作号码 【1599840】
2024-05-20 00:38:36 GSD getOne 第 1 次 等待 3 秒
2024-05-20 00:38:39 查询号码 【1599840】，返回信息 {"status":"ok","msg":"辽宁-大连","gid":"111066","time_insert":"2021-06-21 18:26"}
2024-05-20 00:38:39 查询号码 【1599840】，GSD为【"辽宁-大连"】

2024-05-20 00:38:40 开始第 9938 次操作

2024-05-20 00:38:40 开始操作号码 【1599841】
2024-05-20 00:38:45 GSD getOne 第 1 次 等待 3 秒
2024-05-20 00:38:48 查询号码 【1599841】，返回信息 {"status":"ok","msg":"辽宁-大连","gid":"111065","time_insert":"2021-06-21 18:26"}
2024-05-20 00:38:49 查询号码 【1599841】，GSD为【"辽宁-大连"】

2024-05-20 00:38:50 开始第 9939 次操作

2024-05-20 00:38:50 开始操作号码 【1599842】
2024-05-20 00:38:55 GSD getOne 第 1 次 等待 3 秒
2024-05-20 00:38:58 查询号码 【1599842】，返回信息 {"status":"ok","msg":"辽宁-大连","gid":"111063","time_insert":"2021-06-21 18:25"}
2024-05-20 00:38:58 查询号码 【1599842】，GSD为【"辽宁-大连"】

2024-05-20 00:38:59 开始第 9940 次操作

2024-05-20 00:38:59 开始操作号码 【1599843】
2024-05-20 00:39:04 GSD getOne 第 1 次 等待 3 秒
2024-05-20 00:39:07 查询号码 【1599843】，返回信息 {"status":"ok","msg":"辽宁-大连","gid":"111060","time_insert":"2021-06-21 18:23"}
2024-05-20 00:39:07 查询号码 【1599843】，GSD为【"辽宁-大连"】

