2023-09-26 09:26:00 开始第 1 次操作

2023-09-26 09:26:00 开始操作号码 【1910000】
2023-09-26 09:26:02 GSD getOne 第 1 次 等待 3 秒
2023-09-26 09:26:05 查询号码 【1910000】，返回信息 {"status":"ok","msg":"-","gid":"399305","time_insert":"2021-07-26 08:42"}
2023-09-26 09:26:05 查询号码 【1910000】，GSD为【"-"】
2023-09-26 09:26:05 ok && -
2023-09-26 09:26:07 CHB 1910000?1695691565 第 1 次 等待 3 秒
2023-09-26 09:26:10 CHB 1910000?1695691565 第 1 次 获取到号码【1910000】GSD
2023-09-26 09:26:10 未获取到号码【1910000】GSD，可能号码格式错误
2023-09-26 09:26:10 获取到号码【1910000】的GSD为【-】
2023-09-26 09:26:12 GSD insert 第 1 次 等待 3 秒
2023-09-26 09:26:15 {"status":"bad","gid":"399305","msg":"添加失败！号码【1910000(-|-)】已存在！"}
2023-09-26 09:26:15 随机等待 108 秒，约 1 分钟
2023-09-26 09:26:15 下次操作: 2023-09-26 09:28:03

2023-09-26 09:28:03 开始第 2 次操作

2023-09-26 09:28:03 开始操作号码 【1910001】
2023-09-26 09:28:04 GSD getOne 第 1 次 等待 3 秒
2023-09-26 09:28:07 查询号码 【1910001】，返回信息 {"status":"ok","msg":"-","gid":"399341","time_insert":"2021-07-26 08:55"}
2023-09-26 09:28:07 查询号码 【1910001】，GSD为【"-"】
2023-09-26 09:28:07 ok && -
2023-09-26 09:28:10 CHB 1910001?1695691687 第 1 次 等待 3 秒
2023-09-26 09:28:13 CHB 1910001?1695691687 第 1 次 获取到号码【1910001】GSD
2023-09-26 09:28:13 未获取到号码【1910001】GSD，可能号码格式错误
2023-09-26 09:28:13 获取到号码【1910001】的GSD为【-】
2023-09-26 09:28:14 GSD insert 第 1 次 等待 3 秒
2023-09-26 09:28:17 {"status":"bad","gid":"399341","msg":"添加失败！号码【1910001(-|-)】已存在！"}
2023-09-26 09:28:17 随机等待 111 秒，约 1 分钟
2023-09-26 09:28:17 下次操作: 2023-09-26 09:30:08

2023-09-26 09:30:09 开始第 3 次操作

2023-09-26 09:30:09 开始操作号码 【1910002】
2023-09-26 09:30:10 GSD getOne 第 1 次 等待 3 秒
2023-09-26 09:30:13 查询号码 【1910002】，返回信息 {"status":"ok","msg":"-","gid":"399375","time_insert":"2021-07-26 09:07"}
2023-09-26 09:30:13 查询号码 【1910002】，GSD为【"-"】
2023-09-26 09:30:13 ok && -
2023-09-26 09:30:15 CHB 1910002?1695691813 第 1 次 等待 3 秒
2023-09-26 09:30:18 CHB 1910002?1695691813 第 1 次 获取到号码【1910002】GSD
2023-09-26 09:30:18 未获取到号码【1910002】GSD，可能号码格式错误
2023-09-26 09:30:18 获取到号码【1910002】的GSD为【-】
2023-09-26 09:30:20 GSD insert 第 1 次 等待 3 秒
2023-09-26 09:30:23 {"status":"bad","gid":"399375","msg":"添加失败！号码【1910002(-|-)】已存在！"}
2023-09-26 09:30:23 随机等待 207 秒，约 3 分钟
2023-09-26 09:30:23 下次操作: 2023-09-26 09:33:50

2023-09-26 09:33:50 开始第 4 次操作

2023-09-26 09:33:50 开始操作号码 【1910003】
2023-09-26 09:33:52 GSD getOne 第 1 次 等待 3 秒
2023-09-26 09:33:55 查询号码 【1910003】，返回信息 {"status":"ok","msg":"-","gid":"399412","time_insert":"2021-07-26 09:21"}
2023-09-26 09:33:55 查询号码 【1910003】，GSD为【"-"】
2023-09-26 09:33:55 ok && -
2023-09-26 09:33:58 CHB 1910003?1695692035 第 1 次 等待 3 秒
2023-09-26 09:34:01 CHB 1910003?1695692035 第 1 次 获取到号码【1910003】GSD
2023-09-26 09:34:01 未获取到号码【1910003】GSD，可能号码格式错误
2023-09-26 09:34:01 获取到号码【1910003】的GSD为【-】
2023-09-26 09:34:02 GSD insert 第 1 次 等待 3 秒
2023-09-26 09:34:05 {"status":"bad","gid":"399412","msg":"添加失败！号码【1910003(-|-)】已存在！"}

