2024-09-15 00:14:14 开始第 4769 次操作

2024-09-15 00:14:14 开始操作号码 【1374768】
2024-09-15 00:14:22 GSD getOne 第 1 次 等待 3 秒
2024-09-15 00:14:25 查询号码 【1374768】，返回信息 {"status":"ok","msg":"内蒙古-赤峰","gid":"251692","time_insert":"2021-07-11 23:24","time_update":"2021-07-12 00:25"}
2024-09-15 00:14:25 查询号码 【1374768】，GSD为【"内蒙古-赤峰"】

2024-09-15 00:14:26 开始第 4770 次操作

2024-09-15 00:14:26 开始操作号码 【1374769】
2024-09-15 00:14:34 GSD getOne 第 1 次 等待 3 秒
2024-09-15 00:14:37 查询号码 【1374769】，返回信息 {"status":"ok","msg":"内蒙古-赤峰","gid":"251719","time_insert":"2021-07-11 23:39"}
2024-09-15 00:14:37 查询号码 【1374769】，GSD为【"内蒙古-赤峰"】

2024-09-15 00:14:38 开始第 4771 次操作

2024-09-15 00:14:38 开始操作号码 【1374770】
2024-09-15 00:14:45 GSD getOne 第 1 次 等待 3 秒
2024-09-15 00:14:48 查询号码 【1374770】，返回信息 {"status":"ok","msg":"内蒙古-赤峰","gid":"251857","time_insert":"2021-07-11 23:53"}
2024-09-15 00:14:48 查询号码 【1374770】，GSD为【"内蒙古-赤峰"】

2024-09-15 00:14:49 开始第 4772 次操作

2024-09-15 00:14:49 开始操作号码 【1374771】
2024-09-15 00:14:57 GSD getOne 第 1 次 等待 3 秒
2024-09-15 00:15:00 查询号码 【1374771】，返回信息 {"status":"ok","msg":"内蒙古-赤峰","gid":"251976","time_insert":"2021-07-12 00:05"}
2024-09-15 00:15:00 查询号码 【1374771】，GSD为【"内蒙古-赤峰"】

