2023-10-23 00:16:16 开始第 4629 次操作

2023-10-23 00:16:16 开始操作号码 【1914531】
2023-10-23 00:16:22 GSD getOne 第 1 次 等待 3 秒
2023-10-23 00:16:25 查询号码 【1914531】，返回信息 {"status":"ok","msg":"陕西-渭南","gid":"493053","time_insert":"2021-08-03 22:19"}
2023-10-23 00:16:25 查询号码 【1914531】，GSD为【"陕西-渭南"】

2023-10-23 00:16:26 开始第 4630 次操作

2023-10-23 00:16:26 开始操作号码 【1914532】
2023-10-23 00:16:32 GSD getOne 第 1 次 等待 3 秒
2023-10-23 00:16:35 查询号码 【1914532】，返回信息 {"status":"ok","msg":"陕西-渭南","gid":"493049","time_insert":"2021-08-03 22:18"}
2023-10-23 00:16:35 查询号码 【1914532】，GSD为【"陕西-渭南"】

2023-10-23 00:16:36 开始第 4631 次操作

2023-10-23 00:16:36 开始操作号码 【1914533】
2023-10-23 00:16:40 GSD getOne 第 1 次 等待 3 秒
2023-10-23 00:16:43 查询号码 【1914533】，返回信息 {"status":"ok","msg":"陕西-宝鸡","gid":"493042","time_insert":"2021-08-03 22:17"}
2023-10-23 00:16:43 查询号码 【1914533】，GSD为【"陕西-宝鸡"】

2023-10-23 00:16:44 开始第 4632 次操作

2023-10-23 00:16:44 开始操作号码 【1914534】
2023-10-23 00:16:51 GSD getOne 第 1 次 等待 3 秒
2023-10-23 00:16:54 查询号码 【1914534】，返回信息 {"status":"ok","msg":"陕西-延安","gid":"493036","time_insert":"2021-08-03 22:16"}
2023-10-23 00:16:54 查询号码 【1914534】，GSD为【"陕西-延安"】

