2023-11-06 00:16:07 开始第 7161 次操作

2023-11-06 00:16:07 开始操作号码 【1917063】
2023-11-06 00:16:11 GSD getOne 第 1 次 等待 3 秒
2023-11-06 00:16:14 查询号码 【1917063】，返回信息 {"status":"ok","msg":"江西-宜春","gid":"465354","time_insert":"2021-08-01 07:51"}
2023-11-06 00:16:15 查询号码 【1917063】，GSD为【"江西-宜春"】

2023-11-06 00:16:16 开始第 7162 次操作

2023-11-06 00:16:16 开始操作号码 【1917064】
2023-11-06 00:16:22 GSD getOne 第 1 次 等待 3 秒
2023-11-06 00:16:25 查询号码 【1917064】，返回信息 {"status":"ok","msg":"江西-宜春","gid":"465339","time_insert":"2021-08-01 07:50"}
2023-11-06 00:16:25 查询号码 【1917064】，GSD为【"江西-宜春"】

2023-11-06 00:16:26 开始第 7163 次操作

2023-11-06 00:16:26 开始操作号码 【1917065】
2023-11-06 00:16:36 GSD getOne 第 1 次 等待 3 秒
2023-11-06 00:16:39 查询号码 【1917065】，返回信息 {"status":"ok","msg":"江西-宜春","gid":"465325","time_insert":"2021-08-01 07:49"}
2023-11-06 00:16:39 查询号码 【1917065】，GSD为【"江西-宜春"】

2023-11-06 00:16:40 开始第 7164 次操作

2023-11-06 00:16:40 开始操作号码 【1917066】
2023-11-06 00:16:47 GSD getOne 第 1 次 等待 3 秒
2023-11-06 00:16:50 查询号码 【1917066】，返回信息 {"status":"ok","msg":"江西-宜春","gid":"465309","time_insert":"2021-08-01 07:48"}
2023-11-06 00:16:50 查询号码 【1917066】，GSD为【"江西-宜春"】

