2024-04-02 00:17:29 开始第 1445 次操作

2024-04-02 00:17:29 开始操作号码 【1591348】
2024-04-02 00:17:34 GSD getOne 第 1 次 等待 3 秒
2024-04-02 00:17:37 查询号码 【1591348】，返回信息 {"status":"ok","msg":"广东-中山","gid":"115103","time_insert":"2021-06-22 21:49"}
2024-04-02 00:17:37 查询号码 【1591348】，GSD为【"广东-中山"】

2024-04-02 00:17:38 开始第 1446 次操作

2024-04-02 00:17:38 开始操作号码 【1591349】
2024-04-02 00:17:43 GSD getOne 第 1 次 等待 3 秒
2024-04-02 00:17:46 查询号码 【1591349】，返回信息 {"status":"ok","msg":"广东-中山","gid":"26664","time_insert":"2019-11-15 11:24","time_update":"2020-09-30 12:30"}
2024-04-02 00:17:46 查询号码 【1591349】，GSD为【"广东-中山"】

2024-04-02 00:17:47 开始第 1447 次操作

2024-04-02 00:17:47 开始操作号码 【1591350】
2024-04-02 00:17:51 GSD getOne 第 1 次 等待 3 秒
2024-04-02 00:17:54 查询号码 【1591350】，返回信息 {"status":"ok","msg":"广东-湛江","gid":"115106","time_insert":"2021-06-22 21:50"}
2024-04-02 00:17:54 查询号码 【1591350】，GSD为【"广东-湛江"】

2024-04-02 00:17:56 开始第 1448 次操作

2024-04-02 00:17:56 开始操作号码 【1591351】
2024-04-02 00:18:02 GSD getOne 第 1 次 等待 3 秒
2024-04-02 00:18:05 查询号码 【1591351】，返回信息 {"status":"ok","msg":"广东-湛江","gid":"115112","time_insert":"2021-06-22 21:51"}
2024-04-02 00:18:05 查询号码 【1591351】，GSD为【"广东-湛江"】

2024-04-02 00:39:55 开始第 1449 次操作

2024-04-02 00:39:55 开始操作号码 【1591352】
2024-04-02 00:40:00 GSD getOne 第 1 次 等待 3 秒
2024-04-02 00:40:03 查询号码 【1591352】，返回信息 {"status":"ok","msg":"广东-湛江","gid":"115116","time_insert":"2021-06-22 21:51"}
2024-04-02 00:40:03 查询号码 【1591352】，GSD为【"广东-湛江"】

2024-04-02 00:40:04 开始第 1450 次操作

2024-04-02 00:40:04 开始操作号码 【1591353】
2024-04-02 00:40:09 GSD getOne 第 1 次 等待 3 秒
2024-04-02 00:40:12 查询号码 【1591353】，返回信息 {"status":"ok","msg":"广东-湛江","gid":"115118","time_insert":"2021-06-22 21:51"}
2024-04-02 00:40:12 查询号码 【1591353】，GSD为【"广东-湛江"】

2024-04-02 00:40:13 开始第 1451 次操作

2024-04-02 00:40:13 开始操作号码 【1591354】
2024-04-02 00:40:20 GSD getOne 第 1 次 等待 3 秒
2024-04-02 00:40:23 查询号码 【1591354】，返回信息 {"status":"ok","msg":"广东-湛江","gid":"115120","time_insert":"2021-06-22 21:52"}
2024-04-02 00:40:23 查询号码 【1591354】，GSD为【"广东-湛江"】

2024-04-02 00:40:24 开始第 1452 次操作

2024-04-02 00:40:24 开始操作号码 【1591355】
2024-04-02 00:40:29 GSD getOne 第 1 次 等待 3 秒
2024-04-02 00:40:32 查询号码 【1591355】，返回信息 {"status":"ok","msg":"广东-湛江","gid":"115123","time_insert":"2021-06-22 21:53"}
2024-04-02 00:40:32 查询号码 【1591355】，GSD为【"广东-湛江"】

2024-04-02 01:15:15 开始第 1453 次操作

2024-04-02 01:15:15 开始操作号码 【1591356】
2024-04-02 01:15:20 GSD getOne 第 1 次 等待 3 秒
2024-04-02 01:15:23 查询号码 【1591356】，返回信息 {"status":"ok","msg":"广东-湛江","gid":"115127","time_insert":"2021-06-22 21:53"}
2024-04-02 01:15:23 查询号码 【1591356】，GSD为【"广东-湛江"】

2024-04-02 01:15:24 开始第 1454 次操作

2024-04-02 01:15:24 开始操作号码 【1591357】
2024-04-02 01:15:29 GSD getOne 第 1 次 等待 3 秒
2024-04-02 01:15:32 查询号码 【1591357】，返回信息 {"status":"ok","msg":"广东-湛江","gid":"115133","time_insert":"2021-06-22 21:54"}
2024-04-02 01:15:32 查询号码 【1591357】，GSD为【"广东-湛江"】

2024-04-02 01:15:33 开始第 1455 次操作

2024-04-02 01:15:33 开始操作号码 【1591358】
2024-04-02 01:15:40 GSD getOne 第 1 次 等待 3 秒
2024-04-02 01:15:43 查询号码 【1591358】，返回信息 {"status":"ok","msg":"广东-湛江","gid":"115137","time_insert":"2021-06-22 21:54"}
2024-04-02 01:15:43 查询号码 【1591358】，GSD为【"广东-湛江"】

2024-04-02 01:15:44 开始第 1456 次操作

2024-04-02 01:15:44 开始操作号码 【1591359】
2024-04-02 01:15:49 GSD getOne 第 1 次 等待 3 秒
2024-04-02 01:15:52 查询号码 【1591359】，返回信息 {"status":"ok","msg":"广东-湛江","gid":"115141","time_insert":"2021-06-22 21:55"}
2024-04-02 01:15:52 查询号码 【1591359】，GSD为【"广东-湛江"】

2024-04-02 01:35:43 开始第 1457 次操作

2024-04-02 01:35:43 开始操作号码 【1591360】
2024-04-02 01:35:49 GSD getOne 第 1 次 等待 3 秒
2024-04-02 01:35:52 查询号码 【1591360】，返回信息 {"status":"ok","msg":"广东-江门","gid":"26665","time_insert":"2014-11-18 01:27","time_update":"2020-09-30 12:34"}
2024-04-02 01:35:52 查询号码 【1591360】，GSD为【"广东-江门"】

2024-04-02 01:35:53 开始第 1458 次操作

2024-04-02 01:35:53 开始操作号码 【1591361】
2024-04-02 01:35:58 GSD getOne 第 1 次 等待 3 秒
2024-04-02 01:36:01 查询号码 【1591361】，返回信息 {"status":"ok","msg":"广东-江门","gid":"115145","time_insert":"2021-06-22 21:55"}
2024-04-02 01:36:01 查询号码 【1591361】，GSD为【"广东-江门"】

2024-04-02 01:36:02 开始第 1459 次操作

2024-04-02 01:36:02 开始操作号码 【1591362】
2024-04-02 01:36:07 GSD getOne 第 1 次 等待 3 秒
2024-04-02 01:36:10 查询号码 【1591362】，返回信息 {"status":"ok","msg":"广东-江门","gid":"115147","time_insert":"2021-06-22 21:55"}
2024-04-02 01:36:10 查询号码 【1591362】，GSD为【"广东-江门"】

2024-04-02 01:36:11 开始第 1460 次操作

2024-04-02 01:36:11 开始操作号码 【1591363】
2024-04-02 01:36:16 GSD getOne 第 1 次 等待 3 秒
2024-04-02 01:36:19 查询号码 【1591363】，返回信息 {"status":"ok","msg":"广东-江门","gid":"115152","time_insert":"2021-06-22 21:56"}
2024-04-02 01:36:19 查询号码 【1591363】，GSD为【"广东-江门"】

2024-04-02 02:16:59 开始第 1461 次操作

2024-04-02 02:16:59 开始操作号码 【1591364】
2024-04-02 02:17:04 GSD getOne 第 1 次 等待 3 秒
2024-04-02 02:17:07 查询号码 【1591364】，返回信息 {"status":"ok","msg":"广东-江门","gid":"115156","time_insert":"2021-06-22 21:57"}
2024-04-02 02:17:07 查询号码 【1591364】，GSD为【"广东-江门"】

2024-04-02 02:17:08 开始第 1462 次操作

2024-04-02 02:17:08 开始操作号码 【1591365】
2024-04-02 02:17:13 GSD getOne 第 1 次 等待 3 秒
2024-04-02 02:17:16 查询号码 【1591365】，返回信息 {"status":"ok","msg":"广东-江门","gid":"115160","time_insert":"2021-06-22 21:57"}
2024-04-02 02:17:16 查询号码 【1591365】，GSD为【"广东-江门"】

2024-04-02 02:17:17 开始第 1463 次操作

2024-04-02 02:17:17 开始操作号码 【1591366】
2024-04-02 02:17:22 GSD getOne 第 1 次 等待 3 秒
2024-04-02 02:17:25 查询号码 【1591366】，返回信息 {"status":"ok","msg":"广东-江门","gid":"115162","time_insert":"2021-06-22 21:58"}
2024-04-02 02:17:25 查询号码 【1591366】，GSD为【"广东-江门"】

2024-04-02 02:17:26 开始第 1464 次操作

2024-04-02 02:17:26 开始操作号码 【1591367】
2024-04-02 02:17:31 GSD getOne 第 1 次 等待 3 秒
2024-04-02 02:17:34 查询号码 【1591367】，返回信息 {"status":"ok","msg":"广东-江门","gid":"115258","time_insert":"2021-06-22 22:45"}
2024-04-02 02:17:34 查询号码 【1591367】，GSD为【"广东-江门"】

2024-04-02 02:35:47 开始第 1465 次操作

2024-04-02 02:35:47 开始操作号码 【1591368】
2024-04-02 02:35:52 GSD getOne 第 1 次 等待 3 秒
2024-04-02 02:35:55 查询号码 【1591368】，返回信息 {"status":"ok","msg":"广东-江门","gid":"115266","time_insert":"2021-06-22 22:46"}
2024-04-02 02:35:55 查询号码 【1591368】，GSD为【"广东-江门"】

2024-04-02 02:35:56 开始第 1466 次操作

2024-04-02 02:35:56 开始操作号码 【1591369】
2024-04-02 02:36:01 GSD getOne 第 1 次 等待 3 秒
2024-04-02 02:36:04 查询号码 【1591369】，返回信息 {"status":"ok","msg":"广东-江门","gid":"115274","time_insert":"2021-06-22 22:47"}
2024-04-02 02:36:04 查询号码 【1591369】，GSD为【"广东-江门"】

2024-04-02 02:36:05 开始第 1467 次操作

2024-04-02 02:36:05 开始操作号码 【1591370】
2024-04-02 02:36:10 GSD getOne 第 1 次 等待 3 秒
2024-04-02 02:36:13 查询号码 【1591370】，返回信息 {"status":"ok","msg":"广东-东莞","gid":"115279","time_insert":"2021-06-22 22:48"}
2024-04-02 02:36:13 查询号码 【1591370】，GSD为【"广东-东莞"】

2024-04-02 02:36:14 开始第 1468 次操作

2024-04-02 02:36:14 开始操作号码 【1591371】
2024-04-02 02:36:18 GSD getOne 第 1 次 等待 3 秒
2024-04-02 02:36:21 查询号码 【1591371】，返回信息 {"status":"ok","msg":"广东-东莞","gid":"115283","time_insert":"2021-06-22 22:49"}
2024-04-02 02:36:21 查询号码 【1591371】，GSD为【"广东-东莞"】

2024-04-02 03:10:48 开始第 1469 次操作

2024-04-02 03:10:48 开始操作号码 【1591372】
2024-04-02 03:10:53 GSD getOne 第 1 次 等待 3 秒
2024-04-02 03:10:56 查询号码 【1591372】，返回信息 {"status":"ok","msg":"广东-东莞","gid":"115290","time_insert":"2021-06-22 22:50"}
2024-04-02 03:10:56 查询号码 【1591372】，GSD为【"广东-东莞"】

2024-04-02 03:10:57 开始第 1470 次操作

2024-04-02 03:10:57 开始操作号码 【1591373】
2024-04-02 03:11:02 GSD getOne 第 1 次 等待 3 秒
2024-04-02 03:11:05 查询号码 【1591373】，返回信息 {"status":"ok","msg":"广东-东莞","gid":"115294","time_insert":"2021-06-22 22:51"}
2024-04-02 03:11:05 查询号码 【1591373】，GSD为【"广东-东莞"】

2024-04-02 03:11:06 开始第 1471 次操作

2024-04-02 03:11:06 开始操作号码 【1591374】
2024-04-02 03:11:11 GSD getOne 第 1 次 等待 3 秒
2024-04-02 03:11:14 查询号码 【1591374】，返回信息 {"status":"ok","msg":"广东-东莞","gid":"115297","time_insert":"2021-06-22 22:51"}
2024-04-02 03:11:14 查询号码 【1591374】，GSD为【"广东-东莞"】

2024-04-02 03:11:15 开始第 1472 次操作

2024-04-02 03:11:15 开始操作号码 【1591375】
2024-04-02 03:11:19 GSD getOne 第 1 次 等待 3 秒
2024-04-02 03:11:22 查询号码 【1591375】，返回信息 {"status":"ok","msg":"广东-东莞","gid":"115302","time_insert":"2021-06-22 22:52"}
2024-04-02 03:11:23 查询号码 【1591375】，GSD为【"广东-东莞"】

