2024-02-27 00:17:08 开始第 5965 次操作

2024-02-27 00:17:08 开始操作号码 【1705867】
2024-02-27 00:17:14 GSD getOne 第 1 次 等待 3 秒
2024-02-27 00:17:17 查询号码 【1705867】，返回信息 {"status":"ok","msg":"广东-深圳","gid":"164725","time_insert":"2021-07-01 06:00"}
2024-02-27 00:17:17 查询号码 【1705867】，GSD为【"广东-深圳"】

2024-02-27 00:17:18 开始第 5966 次操作

2024-02-27 00:17:18 开始操作号码 【1705868】
2024-02-27 00:17:22 GSD getOne 第 1 次 等待 3 秒
2024-02-27 00:17:25 查询号码 【1705868】，返回信息 {"status":"ok","msg":"广东-深圳","gid":"164731","time_insert":"2021-07-01 06:01"}
2024-02-27 00:17:25 查询号码 【1705868】，GSD为【"广东-深圳"】

2024-02-27 00:17:26 开始第 5967 次操作

2024-02-27 00:17:26 开始操作号码 【1705869】
2024-02-27 00:17:30 GSD getOne 第 1 次 等待 3 秒
2024-02-27 00:17:33 查询号码 【1705869】，返回信息 {"status":"ok","msg":"广东-深圳","gid":"164739","time_insert":"2021-07-01 06:02"}
2024-02-27 00:17:34 查询号码 【1705869】，GSD为【"广东-深圳"】

2024-02-27 00:17:35 开始第 5968 次操作

2024-02-27 00:17:35 开始操作号码 【1705870】
2024-02-27 00:17:39 GSD getOne 第 1 次 等待 3 秒
2024-02-27 00:17:42 查询号码 【1705870】，返回信息 {"status":"ok","msg":"上海-上海","gid":"164745","time_insert":"2021-07-01 06:02"}
2024-02-27 00:17:42 查询号码 【1705870】，GSD为【"上海-上海"】

2024-02-27 00:37:16 开始第 5969 次操作

2024-02-27 00:37:16 开始操作号码 【1705871】
2024-02-27 00:37:21 GSD getOne 第 1 次 等待 3 秒
2024-02-27 00:37:24 查询号码 【1705871】，返回信息 {"status":"ok","msg":"上海-上海","gid":"164752","time_insert":"2021-07-01 06:03"}
2024-02-27 00:37:24 查询号码 【1705871】，GSD为【"上海-上海"】

2024-02-27 00:37:25 开始第 5970 次操作

2024-02-27 00:37:25 开始操作号码 【1705872】
2024-02-27 00:37:32 GSD getOne 第 1 次 等待 3 秒
2024-02-27 00:37:35 查询号码 【1705872】，返回信息 {"status":"ok","msg":"上海-上海","gid":"164759","time_insert":"2021-07-01 06:04"}
2024-02-27 00:37:35 查询号码 【1705872】，GSD为【"上海-上海"】

2024-02-27 00:37:36 开始第 5971 次操作

2024-02-27 00:37:36 开始操作号码 【1705873】
2024-02-27 00:37:41 GSD getOne 第 1 次 等待 3 秒
2024-02-27 00:37:44 查询号码 【1705873】，返回信息 {"status":"ok","msg":"上海-上海","gid":"164765","time_insert":"2021-07-01 06:05"}
2024-02-27 00:37:44 查询号码 【1705873】，GSD为【"上海-上海"】

2024-02-27 00:37:45 开始第 5972 次操作

2024-02-27 00:37:45 开始操作号码 【1705874】
2024-02-27 00:37:50 GSD getOne 第 1 次 等待 3 秒
2024-02-27 00:37:53 查询号码 【1705874】，返回信息 {"status":"ok","msg":"上海-上海","gid":"164774","time_insert":"2021-07-01 06:05"}
2024-02-27 00:37:53 查询号码 【1705874】，GSD为【"上海-上海"】

2024-02-27 01:12:35 开始第 5973 次操作

2024-02-27 01:12:35 开始操作号码 【1705875】
2024-02-27 01:12:40 GSD getOne 第 1 次 等待 3 秒
2024-02-27 01:12:43 查询号码 【1705875】，返回信息 {"status":"ok","msg":"山东-临沂","gid":"164789","time_insert":"2021-07-01 06:08"}
2024-02-27 01:12:43 查询号码 【1705875】，GSD为【"山东-临沂"】

2024-02-27 01:12:44 开始第 5974 次操作

2024-02-27 01:12:44 开始操作号码 【1705876】
2024-02-27 01:12:48 GSD getOne 第 1 次 等待 3 秒
2024-02-27 01:12:51 查询号码 【1705876】，返回信息 {"status":"ok","msg":"辽宁-锦州","gid":"164793","time_insert":"2021-07-01 06:09"}
2024-02-27 01:12:51 查询号码 【1705876】，GSD为【"辽宁-锦州"】

2024-02-27 01:12:52 开始第 5975 次操作

2024-02-27 01:12:52 开始操作号码 【1705877】
2024-02-27 01:12:57 GSD getOne 第 1 次 等待 3 秒
2024-02-27 01:13:00 查询号码 【1705877】，返回信息 {"status":"ok","msg":"吉林-长春","gid":"164795","time_insert":"2021-07-01 06:10"}
2024-02-27 01:13:00 查询号码 【1705877】，GSD为【"吉林-长春"】

2024-02-27 01:13:01 开始第 5976 次操作

2024-02-27 01:13:01 开始操作号码 【1705878】
2024-02-27 01:13:05 GSD getOne 第 1 次 等待 3 秒
2024-02-27 01:13:08 查询号码 【1705878】，返回信息 {"status":"ok","msg":"广东-佛山","gid":"164841","time_insert":"2021-07-01 06:42"}
2024-02-27 01:13:09 查询号码 【1705878】，GSD为【"广东-佛山"】

