2024-02-08 00:18:19 开始第 2509 次操作

2024-02-08 00:18:19 开始操作号码 【1702411】
2024-02-08 00:18:24 GSD getOne 第 1 次 等待 3 秒
2024-02-08 00:18:27 查询号码 【1702411】，返回信息 {"status":"ok","msg":"辽宁-鞍山","gid":"129261","time_insert":"2021-06-25 23:00"}
2024-02-08 00:18:27 查询号码 【1702411】，GSD为【"辽宁-鞍山"】

2024-02-08 00:18:28 开始第 2510 次操作

2024-02-08 00:18:28 开始操作号码 【1702412】
2024-02-08 00:18:32 GSD getOne 第 1 次 等待 3 秒
2024-02-08 00:18:35 查询号码 【1702412】，返回信息 {"status":"ok","msg":"辽宁-鞍山","gid":"129266","time_insert":"2021-06-25 23:01"}
2024-02-08 00:18:35 查询号码 【1702412】，GSD为【"辽宁-鞍山"】

2024-02-08 00:18:36 开始第 2511 次操作

2024-02-08 00:18:36 开始操作号码 【1702413】
2024-02-08 00:18:43 GSD getOne 第 1 次 等待 3 秒
2024-02-08 00:18:46 查询号码 【1702413】，返回信息 {"status":"ok","msg":"辽宁-鞍山","gid":"129271","time_insert":"2021-06-25 23:02"}
2024-02-08 00:18:46 查询号码 【1702413】，GSD为【"辽宁-鞍山"】

2024-02-08 00:18:47 开始第 2512 次操作

2024-02-08 00:18:47 开始操作号码 【1702414】
2024-02-08 00:18:51 GSD getOne 第 1 次 等待 3 秒
2024-02-08 00:18:54 查询号码 【1702414】，返回信息 {"status":"ok","msg":"辽宁-丹东","gid":"129274","time_insert":"2021-06-25 23:02"}
2024-02-08 00:18:54 查询号码 【1702414】，GSD为【"辽宁-丹东"】

