2023-11-12 00:16:01 开始第 8237 次操作

2023-11-12 00:16:01 开始操作号码 【1918138】
2023-11-12 00:16:05 GSD getOne 第 1 次 等待 3 秒
2023-11-12 00:16:08 查询号码 【1918138】，返回信息 {"status":"ok","msg":"四川-乐山","gid":"452119","time_insert":"2021-07-31 04:01"}
2023-11-12 00:16:09 查询号码 【1918138】，GSD为【"四川-乐山"】

2023-11-12 00:16:10 开始第 8238 次操作

2023-11-12 00:16:10 开始操作号码 【1918139】
2023-11-12 00:16:16 GSD getOne 第 1 次 等待 3 秒
2023-11-12 00:16:19 查询号码 【1918139】，返回信息 {"status":"ok","msg":"四川-乐山","gid":"452113","time_insert":"2021-07-31 04:01"}
2023-11-12 00:16:19 查询号码 【1918139】，GSD为【"四川-乐山"】

2023-11-12 00:16:20 开始第 8239 次操作

2023-11-12 00:16:20 开始操作号码 【1918140】
2023-11-12 00:16:23 GSD getOne 第 1 次 等待 3 秒
2023-11-12 00:16:26 查询号码 【1918140】，返回信息 {"status":"ok","msg":"四川-内江","gid":"452105","time_insert":"2021-07-31 04:00"}
2023-11-12 00:16:26 查询号码 【1918140】，GSD为【"四川-内江"】

2023-11-12 00:16:27 开始第 8240 次操作

2023-11-12 00:16:27 开始操作号码 【1918141】
2023-11-12 00:16:33 GSD getOne 第 1 次 等待 3 秒
2023-11-12 00:16:36 查询号码 【1918141】，返回信息 {"status":"ok","msg":"四川-内江","gid":"46261","time_insert":"2020-05-08 11:02","time_update":"2020-11-15 14:10"}
2023-11-12 00:16:36 查询号码 【1918141】，GSD为【"四川-内江"】

2023-11-12 00:36:26 开始第 8241 次操作

2023-11-12 00:36:26 开始操作号码 【1918142】
2023-11-12 00:36:30 GSD getOne 第 1 次 等待 3 秒
2023-11-12 00:36:33 查询号码 【1918142】，返回信息 {"status":"ok","msg":"四川-内江","gid":"452091","time_insert":"2021-07-31 03:59"}
2023-11-12 00:36:33 查询号码 【1918142】，GSD为【"四川-内江"】

2023-11-12 00:36:34 开始第 8242 次操作

2023-11-12 00:36:34 开始操作号码 【1918143】
2023-11-12 00:36:38 GSD getOne 第 1 次 等待 3 秒
2023-11-12 00:36:41 查询号码 【1918143】，返回信息 {"status":"ok","msg":"四川-内江","gid":"452080","time_insert":"2021-07-31 03:59"}
2023-11-12 00:36:41 查询号码 【1918143】，GSD为【"四川-内江"】

2023-11-12 00:36:42 开始第 8243 次操作

2023-11-12 00:36:42 开始操作号码 【1918144】
2023-11-12 00:36:47 GSD getOne 第 1 次 等待 3 秒
2023-11-12 00:36:50 查询号码 【1918144】，返回信息 {"status":"ok","msg":"四川-内江","gid":"51777","time_insert":"2021-04-22 10:15"}
2023-11-12 00:36:50 查询号码 【1918144】，GSD为【"四川-内江"】

2023-11-12 00:36:51 开始第 8244 次操作

2023-11-12 00:36:51 开始操作号码 【1918145】
2023-11-12 00:36:55 GSD getOne 第 1 次 等待 3 秒
2023-11-12 00:36:58 查询号码 【1918145】，返回信息 {"status":"ok","msg":"四川-达州","gid":"452069","time_insert":"2021-07-31 03:58"}
2023-11-12 00:36:58 查询号码 【1918145】，GSD为【"四川-达州"】

