2024-02-10 00:16:29 开始第 2877 次操作

2024-02-10 00:16:29 开始操作号码 【1702779】
2024-02-10 00:16:33 GSD getOne 第 1 次 等待 3 秒
2024-02-10 00:16:36 查询号码 【1702779】，返回信息 {"status":"ok","msg":"广西-南宁","gid":"131778","time_insert":"2021-06-26 11:52"}
2024-02-10 00:16:36 查询号码 【1702779】，GSD为【"广西-南宁"】

2024-02-10 00:16:37 开始第 2878 次操作

2024-02-10 00:16:37 开始操作号码 【1702780】
2024-02-10 00:16:41 GSD getOne 第 1 次 等待 3 秒
2024-02-10 00:16:44 查询号码 【1702780】，返回信息 {"status":"ok","msg":"广东-汕头","gid":"131783","time_insert":"2021-06-26 11:53"}
2024-02-10 00:16:45 查询号码 【1702780】，GSD为【"广东-汕头"】

2024-02-10 00:16:46 开始第 2879 次操作

2024-02-10 00:16:46 开始操作号码 【1702781】
2024-02-10 00:16:50 GSD getOne 第 1 次 等待 3 秒
2024-02-10 00:16:53 查询号码 【1702781】，返回信息 {"status":"ok","msg":"广东-汕头","gid":"131788","time_insert":"2021-06-26 11:54"}
2024-02-10 00:16:53 查询号码 【1702781】，GSD为【"广东-汕头"】

2024-02-10 00:16:54 开始第 2880 次操作

2024-02-10 00:16:54 开始操作号码 【1702782】
2024-02-10 00:16:58 GSD getOne 第 1 次 等待 3 秒
2024-02-10 00:17:01 查询号码 【1702782】，返回信息 {"status":"ok","msg":"广东-汕头","gid":"131793","time_insert":"2021-06-26 11:55"}
2024-02-10 00:17:01 查询号码 【1702782】，GSD为【"广东-汕头"】

2024-02-10 00:37:07 开始第 2881 次操作

2024-02-10 00:37:07 开始操作号码 【1702783】
2024-02-10 00:37:11 GSD getOne 第 1 次 等待 3 秒
2024-02-10 00:37:14 查询号码 【1702783】，返回信息 {"status":"ok","msg":"广东-汕头","gid":"131800","time_insert":"2021-06-26 11:56"}
2024-02-10 00:37:14 查询号码 【1702783】，GSD为【"广东-汕头"】

2024-02-10 00:37:15 开始第 2882 次操作

2024-02-10 00:37:15 开始操作号码 【1702784】
2024-02-10 00:37:19 GSD getOne 第 1 次 等待 3 秒
2024-02-10 00:37:22 查询号码 【1702784】，返回信息 {"status":"ok","msg":"广东-汕头","gid":"131803","time_insert":"2021-06-26 11:56"}
2024-02-10 00:37:22 查询号码 【1702784】，GSD为【"广东-汕头"】

2024-02-10 00:37:23 开始第 2883 次操作

2024-02-10 00:37:23 开始操作号码 【1702785】
2024-02-10 00:37:27 GSD getOne 第 1 次 等待 3 秒
2024-02-10 00:37:30 查询号码 【1702785】，返回信息 {"status":"ok","msg":"广东-汕头","gid":"131808","time_insert":"2021-06-26 11:57"}
2024-02-10 00:37:30 查询号码 【1702785】，GSD为【"广东-汕头"】

2024-02-10 00:37:31 开始第 2884 次操作

2024-02-10 00:37:31 开始操作号码 【1702786】
2024-02-10 00:37:35 GSD getOne 第 1 次 等待 3 秒
2024-02-10 00:37:38 查询号码 【1702786】，返回信息 {"status":"ok","msg":"广东-汕头","gid":"131816","time_insert":"2021-06-26 11:58"}
2024-02-10 00:37:38 查询号码 【1702786】，GSD为【"广东-汕头"】

