2024-05-13 00:17:00 开始第 8673 次操作

2024-05-13 00:17:00 开始操作号码 【1598576】
2024-05-13 00:17:05 GSD getOne 第 1 次 等待 3 秒
2024-05-13 00:17:08 查询号码 【1598576】，返回信息 {"status":"ok","msg":"福建-福州","gid":"116832","time_insert":"2021-06-23 06:55"}
2024-05-13 00:17:08 查询号码 【1598576】，GSD为【"福建-福州"】

2024-05-13 00:17:09 开始第 8674 次操作

2024-05-13 00:17:09 开始操作号码 【1598577】
2024-05-13 00:17:21 GSD getOne 第 1 次 等待 3 秒
2024-05-13 00:17:24 查询号码 【1598577】，返回信息 {"status":"ok","msg":"福建-福州","gid":"116826","time_insert":"2021-06-23 06:54"}
2024-05-13 00:17:24 查询号码 【1598577】，GSD为【"福建-福州"】

2024-05-13 00:17:25 开始第 8675 次操作

2024-05-13 00:17:25 开始操作号码 【1598578】
2024-05-13 00:17:30 GSD getOne 第 1 次 等待 3 秒
2024-05-13 00:17:33 查询号码 【1598578】，返回信息 {"status":"ok","msg":"福建-福州","gid":"116822","time_insert":"2021-06-23 06:53"}
2024-05-13 00:17:33 查询号码 【1598578】，GSD为【"福建-福州"】

2024-05-13 00:17:34 开始第 8676 次操作

2024-05-13 00:17:34 开始操作号码 【1598579】
2024-05-13 00:17:43 GSD getOne 第 1 次 等待 3 秒
2024-05-13 00:17:46 查询号码 【1598579】，返回信息 {"status":"ok","msg":"福建-福州","gid":"116804","time_insert":"2021-06-23 06:50"}
2024-05-13 00:17:46 查询号码 【1598579】，GSD为【"福建-福州"】

2024-05-13 00:36:59 开始第 8677 次操作

2024-05-13 00:36:59 开始操作号码 【1598580】
2024-05-13 00:37:07 GSD getOne 第 1 次 等待 3 秒
2024-05-13 00:37:10 查询号码 【1598580】，返回信息 {"status":"ok","msg":"福建-厦门","gid":"28114","time_insert":"2017-02-05 14:00","time_update":"2020-09-04 14:09"}
2024-05-13 00:37:10 查询号码 【1598580】，GSD为【"福建-厦门"】

2024-05-13 00:37:11 开始第 8678 次操作

2024-05-13 00:37:11 开始操作号码 【1598581】
2024-05-13 00:37:19 GSD getOne 第 1 次 等待 3 秒
2024-05-13 00:37:22 查询号码 【1598581】，返回信息 {"status":"ok","msg":"福建-厦门","gid":"116794","time_insert":"2021-06-23 06:49"}
2024-05-13 00:37:22 查询号码 【1598581】，GSD为【"福建-厦门"】

2024-05-13 00:37:23 开始第 8679 次操作

2024-05-13 00:37:23 开始操作号码 【1598582】
2024-05-13 00:37:31 GSD getOne 第 1 次 等待 3 秒
2024-05-13 00:37:34 查询号码 【1598582】，返回信息 {"status":"ok","msg":"福建-厦门","gid":"116790","time_insert":"2021-06-23 06:48"}
2024-05-13 00:37:34 查询号码 【1598582】，GSD为【"福建-厦门"】

2024-05-13 00:37:35 开始第 8680 次操作

2024-05-13 00:37:35 开始操作号码 【1598583】
2024-05-13 00:37:41 GSD getOne 第 1 次 等待 3 秒
2024-05-13 00:37:44 查询号码 【1598583】，返回信息 {"status":"ok","msg":"福建-厦门","gid":"28115","time_insert":"2018-07-08 12:44","time_update":"2020-09-03 16:45"}
2024-05-13 00:37:44 查询号码 【1598583】，GSD为【"福建-厦门"】

2024-05-13 01:11:26 开始第 8681 次操作

2024-05-13 01:11:26 开始操作号码 【1598584】
2024-05-13 01:11:34 GSD getOne 第 1 次 等待 3 秒
2024-05-13 01:11:37 查询号码 【1598584】，返回信息 {"status":"ok","msg":"福建-厦门","gid":"116781","time_insert":"2021-06-23 06:46"}
2024-05-13 01:11:37 查询号码 【1598584】，GSD为【"福建-厦门"】

2024-05-13 01:11:38 开始第 8682 次操作

2024-05-13 01:11:38 开始操作号码 【1598585】
2024-05-13 01:11:44 GSD getOne 第 1 次 等待 3 秒
2024-05-13 01:11:47 查询号码 【1598585】，返回信息 {"status":"ok","msg":"福建-厦门","gid":"28116","time_insert":"2017-05-31 13:45","time_update":"2020-09-04 14:47"}
2024-05-13 01:11:48 查询号码 【1598585】，GSD为【"福建-厦门"】

2024-05-13 01:11:49 开始第 8683 次操作

2024-05-13 01:11:49 开始操作号码 【1598586】
2024-05-13 01:11:53 GSD getOne 第 1 次 等待 3 秒
2024-05-13 01:11:56 查询号码 【1598586】，返回信息 {"status":"ok","msg":"福建-厦门","gid":"116775","time_insert":"2021-06-23 06:45"}
2024-05-13 01:11:56 查询号码 【1598586】，GSD为【"福建-厦门"】

2024-05-13 01:11:57 开始第 8684 次操作

2024-05-13 01:11:57 开始操作号码 【1598587】
2024-05-13 01:12:07 GSD getOne 第 1 次 等待 3 秒
2024-05-13 01:12:10 查询号码 【1598587】，返回信息 {"status":"ok","msg":"福建-厦门","gid":"116680","time_insert":"2021-06-23 06:01"}
2024-05-13 01:12:10 查询号码 【1598587】，GSD为【"福建-厦门"】

2024-05-13 01:36:40 开始第 8685 次操作

2024-05-13 01:36:40 开始操作号码 【1598588】
2024-05-13 01:36:45 GSD getOne 第 1 次 等待 3 秒
2024-05-13 01:36:48 查询号码 【1598588】，返回信息 {"status":"ok","msg":"福建-厦门","gid":"116676","time_insert":"2021-06-23 06:00"}
2024-05-13 01:36:48 查询号码 【1598588】，GSD为【"福建-厦门"】

2024-05-13 01:36:49 开始第 8686 次操作

2024-05-13 01:36:49 开始操作号码 【1598589】
2024-05-13 01:36:54 GSD getOne 第 1 次 等待 3 秒
2024-05-13 01:36:57 查询号码 【1598589】，返回信息 {"status":"ok","msg":"福建-厦门","gid":"28117","time_insert":"2019-07-09 14:04","time_update":"2020-09-04 14:43"}
2024-05-13 01:36:57 查询号码 【1598589】，GSD为【"福建-厦门"】

2024-05-13 01:36:58 开始第 8687 次操作

2024-05-13 01:36:58 开始操作号码 【1598590】
2024-05-13 01:37:08 GSD getOne 第 1 次 等待 3 秒
2024-05-13 01:37:11 查询号码 【1598590】，返回信息 {"status":"ok","msg":"福建-泉州","gid":"28118","time_insert":"2013-11-28 10:39","time_update":"2020-09-04 15:23"}
2024-05-13 01:37:11 查询号码 【1598590】，GSD为【"福建-泉州"】

2024-05-13 01:37:12 开始第 8688 次操作

2024-05-13 01:37:12 开始操作号码 【1598591】
2024-05-13 01:37:17 GSD getOne 第 1 次 等待 3 秒
2024-05-13 01:37:20 查询号码 【1598591】，返回信息 {"status":"ok","msg":"福建-泉州","gid":"28119","time_insert":"2016-07-05 19:42","time_update":"2020-09-04 11:30"}
2024-05-13 01:37:20 查询号码 【1598591】，GSD为【"福建-泉州"】

2024-05-13 02:19:32 开始第 8689 次操作

2024-05-13 02:19:32 开始操作号码 【1598592】
2024-05-13 02:19:38 GSD getOne 第 1 次 等待 3 秒
2024-05-13 02:19:41 查询号码 【1598592】，返回信息 {"status":"ok","msg":"福建-泉州","gid":"116672","time_insert":"2021-06-23 05:59"}
2024-05-13 02:19:41 查询号码 【1598592】，GSD为【"福建-泉州"】

2024-05-13 02:19:42 开始第 8690 次操作

2024-05-13 02:19:42 开始操作号码 【1598593】
2024-05-13 02:19:50 GSD getOne 第 1 次 等待 3 秒
2024-05-13 02:19:53 查询号码 【1598593】，返回信息 {"status":"ok","msg":"福建-泉州","gid":"116668","time_insert":"2021-06-23 05:59"}
2024-05-13 02:19:53 查询号码 【1598593】，GSD为【"福建-泉州"】

2024-05-13 02:19:54 开始第 8691 次操作

2024-05-13 02:19:54 开始操作号码 【1598594】
2024-05-13 02:20:01 GSD getOne 第 1 次 等待 3 秒
2024-05-13 02:20:04 查询号码 【1598594】，返回信息 {"status":"ok","msg":"福建-泉州","gid":"116664","time_insert":"2021-06-23 05:58"}
2024-05-13 02:20:04 查询号码 【1598594】，GSD为【"福建-泉州"】

2024-05-13 02:20:05 开始第 8692 次操作

2024-05-13 02:20:05 开始操作号码 【1598595】
2024-05-13 02:20:10 GSD getOne 第 1 次 等待 3 秒
2024-05-13 02:20:13 查询号码 【1598595】，返回信息 {"status":"ok","msg":"福建-泉州","gid":"116661","time_insert":"2021-06-23 05:58"}
2024-05-13 02:20:13 查询号码 【1598595】，GSD为【"福建-泉州"】

2024-05-13 02:36:29 开始第 8693 次操作

2024-05-13 02:36:29 开始操作号码 【1598596】
2024-05-13 02:36:37 GSD getOne 第 1 次 等待 3 秒
2024-05-13 02:36:40 查询号码 【1598596】，返回信息 {"status":"ok","msg":"福建-泉州","gid":"116657","time_insert":"2021-06-23 05:57"}
2024-05-13 02:36:40 查询号码 【1598596】，GSD为【"福建-泉州"】

2024-05-13 02:36:41 开始第 8694 次操作

2024-05-13 02:36:41 开始操作号码 【1598597】
2024-05-13 02:36:48 GSD getOne 第 1 次 等待 3 秒
2024-05-13 02:36:51 查询号码 【1598597】，返回信息 {"status":"ok","msg":"福建-泉州","gid":"116656","time_insert":"2021-06-23 05:57"}
2024-05-13 02:36:51 查询号码 【1598597】，GSD为【"福建-泉州"】

2024-05-13 02:36:52 开始第 8695 次操作

2024-05-13 02:36:52 开始操作号码 【1598598】
2024-05-13 02:37:01 GSD getOne 第 1 次 等待 3 秒
2024-05-13 02:37:04 查询号码 【1598598】，返回信息 {"status":"ok","msg":"福建-泉州","gid":"116651","time_insert":"2021-06-23 05:56"}
2024-05-13 02:37:04 查询号码 【1598598】，GSD为【"福建-泉州"】

2024-05-13 02:37:05 开始第 8696 次操作

2024-05-13 02:37:05 开始操作号码 【1598599】
2024-05-13 02:37:19 GSD getOne 第 1 次 等待 3 秒
2024-05-13 02:37:22 查询号码 【1598599】，返回信息 {"status":"ok","msg":"福建-泉州","gid":"116646","time_insert":"2021-06-23 05:56"}
2024-05-13 02:37:22 查询号码 【1598599】，GSD为【"福建-泉州"】

2024-05-13 03:11:11 开始第 8697 次操作

2024-05-13 03:11:11 开始操作号码 【1598600】
2024-05-13 03:11:16 GSD getOne 第 1 次 等待 3 秒
2024-05-13 03:11:19 查询号码 【1598600】，返回信息 {"status":"ok","msg":"广东-河源","gid":"116642","time_insert":"2021-06-23 05:55"}
2024-05-13 03:11:19 查询号码 【1598600】，GSD为【"广东-河源"】

2024-05-13 03:11:20 开始第 8698 次操作

2024-05-13 03:11:20 开始操作号码 【1598601】
2024-05-13 03:11:24 GSD getOne 第 1 次 等待 3 秒
2024-05-13 03:11:27 查询号码 【1598601】，返回信息 {"status":"ok","msg":"广东-河源","gid":"116638","time_insert":"2021-06-23 05:55"}
2024-05-13 03:11:27 查询号码 【1598601】，GSD为【"广东-河源"】

2024-05-13 03:11:28 开始第 8699 次操作

2024-05-13 03:11:28 开始操作号码 【1598602】
2024-05-13 03:11:33 GSD getOne 第 1 次 等待 3 秒
2024-05-13 03:11:36 查询号码 【1598602】，返回信息 {"status":"ok","msg":"广东-河源","gid":"116636","time_insert":"2021-06-23 05:54"}
2024-05-13 03:11:36 查询号码 【1598602】，GSD为【"广东-河源"】

2024-05-13 03:11:37 开始第 8700 次操作

2024-05-13 03:11:37 开始操作号码 【1598603】
2024-05-13 03:11:41 GSD getOne 第 1 次 等待 3 秒
2024-05-13 03:11:44 查询号码 【1598603】，返回信息 {"status":"ok","msg":"广东-河源","gid":"116631","time_insert":"2021-06-23 05:54"}
2024-05-13 03:11:44 查询号码 【1598603】，GSD为【"广东-河源"】

2024-05-13 03:36:17 开始第 8701 次操作

2024-05-13 03:36:17 开始操作号码 【1598604】
2024-05-13 03:36:24 GSD getOne 第 1 次 等待 3 秒
2024-05-13 03:36:27 查询号码 【1598604】，返回信息 {"status":"ok","msg":"广东-河源","gid":"116627","time_insert":"2021-06-23 05:53"}
2024-05-13 03:36:27 查询号码 【1598604】，GSD为【"广东-河源"】

2024-05-13 03:36:28 开始第 8702 次操作

2024-05-13 03:36:28 开始操作号码 【1598605】
2024-05-13 03:36:33 GSD getOne 第 1 次 等待 3 秒
2024-05-13 03:36:36 查询号码 【1598605】，返回信息 {"status":"ok","msg":"广东-佛山","gid":"116624","time_insert":"2021-06-23 05:53"}
2024-05-13 03:36:36 查询号码 【1598605】，GSD为【"广东-佛山"】

2024-05-13 03:36:37 开始第 8703 次操作

2024-05-13 03:36:37 开始操作号码 【1598606】
2024-05-13 03:36:44 GSD getOne 第 1 次 等待 3 秒
2024-05-13 03:36:47 查询号码 【1598606】，返回信息 {"status":"ok","msg":"广东-佛山","gid":"116621","time_insert":"2021-06-23 05:53"}
2024-05-13 03:36:47 查询号码 【1598606】，GSD为【"广东-佛山"】

2024-05-13 03:36:48 开始第 8704 次操作

2024-05-13 03:36:48 开始操作号码 【1598607】
2024-05-13 03:36:52 GSD getOne 第 1 次 等待 3 秒
2024-05-13 03:36:55 查询号码 【1598607】，返回信息 {"status":"ok","msg":"广东-佛山","gid":"116615","time_insert":"2021-06-23 05:52"}
2024-05-13 03:36:55 查询号码 【1598607】，GSD为【"广东-佛山"】

2024-05-13 04:13:45 开始第 8705 次操作

2024-05-13 04:13:45 开始操作号码 【1598608】
2024-05-13 04:13:50 GSD getOne 第 1 次 等待 3 秒
2024-05-13 04:13:53 查询号码 【1598608】，返回信息 {"status":"ok","msg":"广东-佛山","gid":"116611","time_insert":"2021-06-23 05:51"}
2024-05-13 04:13:53 查询号码 【1598608】，GSD为【"广东-佛山"】

2024-05-13 04:13:54 开始第 8706 次操作

2024-05-13 04:13:54 开始操作号码 【1598609】
2024-05-13 04:13:59 GSD getOne 第 1 次 等待 3 秒
2024-05-13 04:14:02 查询号码 【1598609】，返回信息 {"status":"ok","msg":"广东-佛山","gid":"116608","time_insert":"2021-06-23 05:51"}
2024-05-13 04:14:02 查询号码 【1598609】，GSD为【"广东-佛山"】

2024-05-13 04:14:03 开始第 8707 次操作

2024-05-13 04:14:03 开始操作号码 【1598610】
2024-05-13 04:14:08 GSD getOne 第 1 次 等待 3 秒
2024-05-13 04:14:11 查询号码 【1598610】，返回信息 {"status":"ok","msg":"广东-佛山","gid":"116604","time_insert":"2021-06-23 05:50"}
2024-05-13 04:14:11 查询号码 【1598610】，GSD为【"广东-佛山"】

2024-05-13 04:14:12 开始第 8708 次操作

2024-05-13 04:14:12 开始操作号码 【1598611】
2024-05-13 04:14:16 GSD getOne 第 1 次 等待 3 秒
2024-05-13 04:14:19 查询号码 【1598611】，返回信息 {"status":"ok","msg":"广东-佛山","gid":"116599","time_insert":"2021-06-23 05:50"}
2024-05-13 04:14:19 查询号码 【1598611】，GSD为【"广东-佛山"】

2024-05-13 04:36:48 开始第 8709 次操作

2024-05-13 04:36:48 开始操作号码 【1598612】
2024-05-13 04:36:52 GSD getOne 第 1 次 等待 3 秒
2024-05-13 04:36:55 查询号码 【1598612】，返回信息 {"status":"ok","msg":"广东-佛山","gid":"116590","time_insert":"2021-06-23 05:49"}
2024-05-13 04:36:56 查询号码 【1598612】，GSD为【"广东-佛山"】

2024-05-13 04:36:57 开始第 8710 次操作

2024-05-13 04:36:57 开始操作号码 【1598613】
2024-05-13 04:37:01 GSD getOne 第 1 次 等待 3 秒
2024-05-13 04:37:04 查询号码 【1598613】，返回信息 {"status":"ok","msg":"广东-佛山","gid":"116588","time_insert":"2021-06-23 05:49"}
2024-05-13 04:37:04 查询号码 【1598613】，GSD为【"广东-佛山"】

2024-05-13 04:37:05 开始第 8711 次操作

2024-05-13 04:37:05 开始操作号码 【1598614】
2024-05-13 04:37:10 GSD getOne 第 1 次 等待 3 秒
2024-05-13 04:37:13 查询号码 【1598614】，返回信息 {"status":"ok","msg":"广东-佛山","gid":"28120","time_insert":"2018-05-20 19:46","time_update":"2020-09-30 18:53"}
2024-05-13 04:37:13 查询号码 【1598614】，GSD为【"广东-佛山"】

2024-05-13 04:37:14 开始第 8712 次操作

2024-05-13 04:37:14 开始操作号码 【1598615】
2024-05-13 04:37:19 GSD getOne 第 1 次 等待 3 秒
2024-05-13 04:37:22 查询号码 【1598615】，返回信息 {"status":"ok","msg":"广东-佛山","gid":"116584","time_insert":"2021-06-23 05:48"}
2024-05-13 04:37:22 查询号码 【1598615】，GSD为【"广东-佛山"】

2024-05-13 05:13:25 开始第 8713 次操作

2024-05-13 05:13:25 开始操作号码 【1598616】
2024-05-13 05:13:31 GSD getOne 第 1 次 等待 3 秒
2024-05-13 05:13:34 查询号码 【1598616】，返回信息 {"status":"ok","msg":"广东-佛山","gid":"116582","time_insert":"2021-06-23 05:48"}
2024-05-13 05:13:34 查询号码 【1598616】，GSD为【"广东-佛山"】

2024-05-13 05:13:35 开始第 8714 次操作

2024-05-13 05:13:35 开始操作号码 【1598617】
2024-05-13 05:13:40 GSD getOne 第 1 次 等待 3 秒
2024-05-13 05:13:43 查询号码 【1598617】，返回信息 {"status":"ok","msg":"广东-佛山","gid":"28121","time_insert":"2015-02-06 22:48","time_update":"2020-09-30 18:58"}
2024-05-13 05:13:43 查询号码 【1598617】，GSD为【"广东-佛山"】

2024-05-13 05:13:44 开始第 8715 次操作

2024-05-13 05:13:44 开始操作号码 【1598618】
2024-05-13 05:13:50 GSD getOne 第 1 次 等待 3 秒
2024-05-13 05:13:53 查询号码 【1598618】，返回信息 {"status":"ok","msg":"广东-佛山","gid":"116578","time_insert":"2021-06-23 05:48"}
2024-05-13 05:13:53 查询号码 【1598618】，GSD为【"广东-佛山"】

2024-05-13 05:13:55 开始第 8716 次操作

2024-05-13 05:13:55 开始操作号码 【1598619】
2024-05-13 05:13:59 GSD getOne 第 1 次 等待 3 秒
2024-05-13 05:14:02 查询号码 【1598619】，返回信息 {"status":"ok","msg":"广东-佛山","gid":"116573","time_insert":"2021-06-23 05:47"}
2024-05-13 05:14:02 查询号码 【1598619】，GSD为【"广东-佛山"】

2024-05-13 05:36:42 开始第 8717 次操作

2024-05-13 05:36:42 开始操作号码 【1598620】
2024-05-13 05:36:48 GSD getOne 第 1 次 等待 3 秒
2024-05-13 05:36:51 查询号码 【1598620】，返回信息 {"status":"ok","msg":"广东-茂名","gid":"116571","time_insert":"2021-06-23 05:46"}
2024-05-13 05:36:51 查询号码 【1598620】，GSD为【"广东-茂名"】

2024-05-13 05:36:52 开始第 8718 次操作

2024-05-13 05:36:52 开始操作号码 【1598621】
2024-05-13 05:36:57 GSD getOne 第 1 次 等待 3 秒
2024-05-13 05:37:00 查询号码 【1598621】，返回信息 {"status":"ok","msg":"广东-茂名","gid":"116566","time_insert":"2021-06-23 05:46"}
2024-05-13 05:37:00 查询号码 【1598621】，GSD为【"广东-茂名"】

2024-05-13 05:37:01 开始第 8719 次操作

2024-05-13 05:37:01 开始操作号码 【1598622】
2024-05-13 05:37:05 GSD getOne 第 1 次 等待 3 秒
2024-05-13 05:37:09 查询号码 【1598622】，返回信息 {"status":"ok","msg":"广东-茂名","gid":"116489","time_insert":"2021-06-23 05:01"}
2024-05-13 05:37:09 查询号码 【1598622】，GSD为【"广东-茂名"】

2024-05-13 05:37:10 开始第 8720 次操作

2024-05-13 05:37:10 开始操作号码 【1598623】
2024-05-13 05:37:14 GSD getOne 第 1 次 等待 3 秒
2024-05-13 05:37:17 查询号码 【1598623】，返回信息 {"status":"ok","msg":"广东-茂名","gid":"116485","time_insert":"2021-06-23 05:00"}
2024-05-13 05:37:17 查询号码 【1598623】，GSD为【"广东-茂名"】

2024-05-13 06:12:19 开始第 8721 次操作

2024-05-13 06:12:19 开始操作号码 【1598624】
2024-05-13 06:12:24 GSD getOne 第 1 次 等待 3 秒
2024-05-13 06:12:27 查询号码 【1598624】，返回信息 {"status":"ok","msg":"广东-茂名","gid":"116481","time_insert":"2021-06-23 05:00"}
2024-05-13 06:12:27 查询号码 【1598624】，GSD为【"广东-茂名"】

2024-05-13 06:12:28 开始第 8722 次操作

2024-05-13 06:12:28 开始操作号码 【1598625】
2024-05-13 06:12:32 GSD getOne 第 1 次 等待 3 秒
2024-05-13 06:12:35 查询号码 【1598625】，返回信息 {"status":"ok","msg":"广东-阳江","gid":"116475","time_insert":"2021-06-23 04:59"}
2024-05-13 06:12:35 查询号码 【1598625】，GSD为【"广东-阳江"】

2024-05-13 06:12:36 开始第 8723 次操作

2024-05-13 06:12:36 开始操作号码 【1598626】
2024-05-13 06:12:41 GSD getOne 第 1 次 等待 3 秒
2024-05-13 06:12:44 查询号码 【1598626】，返回信息 {"status":"ok","msg":"广东-阳江","gid":"116472","time_insert":"2021-06-23 04:59"}
2024-05-13 06:12:44 查询号码 【1598626】，GSD为【"广东-阳江"】

2024-05-13 06:12:45 开始第 8724 次操作

2024-05-13 06:12:45 开始操作号码 【1598627】
2024-05-13 06:12:49 GSD getOne 第 1 次 等待 3 秒
2024-05-13 06:12:52 查询号码 【1598627】，返回信息 {"status":"ok","msg":"广东-阳江","gid":"116467","time_insert":"2021-06-23 04:58"}
2024-05-13 06:12:52 查询号码 【1598627】，GSD为【"广东-阳江"】

2024-05-13 06:35:58 开始第 8725 次操作

2024-05-13 06:35:58 开始操作号码 【1598628】
2024-05-13 06:36:02 GSD getOne 第 1 次 等待 3 秒
2024-05-13 06:36:05 查询号码 【1598628】，返回信息 {"status":"ok","msg":"广东-阳江","gid":"116463","time_insert":"2021-06-23 04:58"}
2024-05-13 06:36:06 查询号码 【1598628】，GSD为【"广东-阳江"】

2024-05-13 06:36:07 开始第 8726 次操作

2024-05-13 06:36:07 开始操作号码 【1598629】
2024-05-13 06:36:12 GSD getOne 第 1 次 等待 3 秒
2024-05-13 06:36:15 查询号码 【1598629】，返回信息 {"status":"ok","msg":"广东-阳江","gid":"116458","time_insert":"2021-06-23 04:57"}
2024-05-13 06:36:15 查询号码 【1598629】，GSD为【"广东-阳江"】

2024-05-13 06:36:16 开始第 8727 次操作

2024-05-13 06:36:16 开始操作号码 【1598630】
2024-05-13 06:36:22 GSD getOne 第 1 次 等待 3 秒
2024-05-13 06:36:25 查询号码 【1598630】，返回信息 {"status":"ok","msg":"广东-广州","gid":"116454","time_insert":"2021-06-23 04:57"}
2024-05-13 06:36:25 查询号码 【1598630】，GSD为【"广东-广州"】

2024-05-13 06:36:26 开始第 8728 次操作

2024-05-13 06:36:26 开始操作号码 【1598631】
2024-05-13 06:36:32 GSD getOne 第 1 次 等待 3 秒
2024-05-13 06:36:35 查询号码 【1598631】，返回信息 {"status":"ok","msg":"广东-广州","gid":"116448","time_insert":"2021-06-23 04:56"}
2024-05-13 06:36:35 查询号码 【1598631】，GSD为【"广东-广州"】

2024-05-13 07:14:40 开始第 8729 次操作

2024-05-13 07:14:40 开始操作号码 【1598632】
2024-05-13 07:14:45 GSD getOne 第 1 次 等待 3 秒
2024-05-13 07:14:48 查询号码 【1598632】，返回信息 {"status":"ok","msg":"广东-广州","gid":"116446","time_insert":"2021-06-23 04:55"}
2024-05-13 07:14:48 查询号码 【1598632】，GSD为【"广东-广州"】

2024-05-13 07:14:49 开始第 8730 次操作

2024-05-13 07:14:49 开始操作号码 【1598633】
2024-05-13 07:14:54 GSD getOne 第 1 次 等待 3 秒
2024-05-13 07:14:57 查询号码 【1598633】，返回信息 {"status":"ok","msg":"广东-广州","gid":"116440","time_insert":"2021-06-23 04:55"}
2024-05-13 07:14:57 查询号码 【1598633】，GSD为【"广东-广州"】

2024-05-13 07:14:58 开始第 8731 次操作

2024-05-13 07:14:58 开始操作号码 【1598634】
2024-05-13 07:15:04 GSD getOne 第 1 次 等待 3 秒
2024-05-13 07:15:07 查询号码 【1598634】，返回信息 {"status":"ok","msg":"广东-广州","gid":"116436","time_insert":"2021-06-23 04:55"}
2024-05-13 07:15:07 查询号码 【1598634】，GSD为【"广东-广州"】

2024-05-13 07:15:08 开始第 8732 次操作

2024-05-13 07:15:08 开始操作号码 【1598635】
2024-05-13 07:15:13 GSD getOne 第 1 次 等待 3 秒
2024-05-13 07:15:16 查询号码 【1598635】，返回信息 {"status":"ok","msg":"广东-广州","gid":"116432","time_insert":"2021-06-23 04:54"}
2024-05-13 07:15:16 查询号码 【1598635】，GSD为【"广东-广州"】

2024-05-13 07:35:58 开始第 8733 次操作

2024-05-13 07:35:58 开始操作号码 【1598636】
2024-05-13 07:36:03 GSD getOne 第 1 次 等待 3 秒
2024-05-13 07:36:06 查询号码 【1598636】，返回信息 {"status":"ok","msg":"广东-广州","gid":"116427","time_insert":"2021-06-23 04:53"}
2024-05-13 07:36:06 查询号码 【1598636】，GSD为【"广东-广州"】

2024-05-13 07:36:07 开始第 8734 次操作

2024-05-13 07:36:07 开始操作号码 【1598637】
2024-05-13 07:36:12 GSD getOne 第 1 次 等待 3 秒
2024-05-13 07:36:15 查询号码 【1598637】，返回信息 {"status":"ok","msg":"广东-广州","gid":"116423","time_insert":"2021-06-23 04:53"}
2024-05-13 07:36:15 查询号码 【1598637】，GSD为【"广东-广州"】

2024-05-13 07:36:16 开始第 8735 次操作

2024-05-13 07:36:16 开始操作号码 【1598638】
2024-05-13 07:36:30 GSD getOne 第 1 次 等待 3 秒
2024-05-13 07:36:33 查询号码 【1598638】，返回信息 {"status":"ok","msg":"广东-广州","gid":"116418","time_insert":"2021-06-23 04:52"}
2024-05-13 07:36:33 查询号码 【1598638】，GSD为【"广东-广州"】

2024-05-13 07:36:34 开始第 8736 次操作

2024-05-13 07:36:34 开始操作号码 【1598639】
2024-05-13 07:36:40 GSD getOne 第 1 次 等待 3 秒
2024-05-13 07:36:43 查询号码 【1598639】，返回信息 {"status":"ok","msg":"广东-广州","gid":"116416","time_insert":"2021-06-23 04:52"}
2024-05-13 07:36:43 查询号码 【1598639】，GSD为【"广东-广州"】

2024-05-13 09:06:22 开始第 8737 次操作

2024-05-13 09:06:22 开始操作号码 【1598640】
2024-05-13 09:06:28 GSD getOne 第 1 次 等待 3 秒
2024-05-13 09:06:31 查询号码 【1598640】，返回信息 {"status":"ok","msg":"广东-广州","gid":"116411","time_insert":"2021-06-23 04:51"}
2024-05-13 09:06:31 查询号码 【1598640】，GSD为【"广东-广州"】

2024-05-13 09:06:32 开始第 8738 次操作

2024-05-13 09:06:32 开始操作号码 【1598641】
2024-05-13 09:06:37 GSD getOne 第 1 次 等待 3 秒
2024-05-13 09:06:40 查询号码 【1598641】，返回信息 {"status":"ok","msg":"广东-广州","gid":"116407","time_insert":"2021-06-23 04:51"}
2024-05-13 09:06:40 查询号码 【1598641】，GSD为【"广东-广州"】

2024-05-13 09:06:41 开始第 8739 次操作

2024-05-13 09:06:41 开始操作号码 【1598642】
2024-05-13 09:06:46 GSD getOne 第 1 次 等待 3 秒
2024-05-13 09:06:49 查询号码 【1598642】，返回信息 {"status":"ok","msg":"广东-广州","gid":"116401","time_insert":"2021-06-23 04:50"}
2024-05-13 09:06:49 查询号码 【1598642】，GSD为【"广东-广州"】

2024-05-13 09:06:50 开始第 8740 次操作

2024-05-13 09:06:50 开始操作号码 【1598643】
2024-05-13 09:06:55 GSD getOne 第 1 次 等待 3 秒
2024-05-13 09:06:58 查询号码 【1598643】，返回信息 {"status":"ok","msg":"广东-广州","gid":"116397","time_insert":"2021-06-23 04:50"}
2024-05-13 09:06:58 查询号码 【1598643】，GSD为【"广东-广州"】

2024-05-13 10:10:56 开始第 8741 次操作

2024-05-13 10:10:56 开始操作号码 【1598644】
2024-05-13 10:11:03 GSD getOne 第 1 次 等待 3 秒
2024-05-13 10:11:06 查询号码 【1598644】，返回信息 {"status":"ok","msg":"广东-广州","gid":"116392","time_insert":"2021-06-23 04:49"}
2024-05-13 10:11:06 查询号码 【1598644】，GSD为【"广东-广州"】

2024-05-13 10:11:07 开始第 8742 次操作

2024-05-13 10:11:07 开始操作号码 【1598645】
2024-05-13 10:11:12 GSD getOne 第 1 次 等待 3 秒
2024-05-13 10:11:15 查询号码 【1598645】，返回信息 {"status":"ok","msg":"广东-梅州","gid":"116390","time_insert":"2021-06-23 04:49"}
2024-05-13 10:11:15 查询号码 【1598645】，GSD为【"广东-梅州"】

2024-05-13 10:11:16 开始第 8743 次操作

2024-05-13 10:11:16 开始操作号码 【1598646】
2024-05-13 10:11:24 GSD getOne 第 1 次 等待 3 秒
2024-05-13 10:11:27 查询号码 【1598646】，返回信息 {"status":"ok","msg":"广东-梅州","gid":"116385","time_insert":"2021-06-23 04:49"}
2024-05-13 10:11:27 查询号码 【1598646】，GSD为【"广东-梅州"】

2024-05-13 10:11:28 开始第 8744 次操作

2024-05-13 10:11:28 开始操作号码 【1598647】
2024-05-13 10:11:33 GSD getOne 第 1 次 等待 3 秒
2024-05-13 10:11:36 查询号码 【1598647】，返回信息 {"status":"ok","msg":"广东-梅州","gid":"116381","time_insert":"2021-06-23 04:48"}
2024-05-13 10:11:36 查询号码 【1598647】，GSD为【"广东-梅州"】

2024-05-13 10:42:35 开始第 8745 次操作

2024-05-13 10:42:35 开始操作号码 【1598648】
2024-05-13 10:42:45 GSD getOne 第 1 次 等待 3 秒
2024-05-13 10:42:48 查询号码 【1598648】，返回信息 {"status":"ok","msg":"广东-梅州","gid":"116378","time_insert":"2021-06-23 04:47"}
2024-05-13 10:42:48 查询号码 【1598648】，GSD为【"广东-梅州"】

2024-05-13 10:42:49 开始第 8746 次操作

2024-05-13 10:42:49 开始操作号码 【1598649】
2024-05-13 10:42:57 GSD getOne 第 1 次 等待 3 秒
2024-05-13 10:43:00 查询号码 【1598649】，返回信息 {"status":"ok","msg":"广东-梅州","gid":"116372","time_insert":"2021-06-23 04:47"}
2024-05-13 10:43:00 查询号码 【1598649】，GSD为【"广东-梅州"】

2024-05-13 10:43:01 开始第 8747 次操作

2024-05-13 10:43:01 开始操作号码 【1598650】
2024-05-13 10:43:07 GSD getOne 第 1 次 等待 3 秒
2024-05-13 10:43:10 查询号码 【1598650】，返回信息 {"status":"ok","msg":"广东-惠州","gid":"116371","time_insert":"2021-06-23 04:47"}
2024-05-13 10:43:10 查询号码 【1598650】，GSD为【"广东-惠州"】

2024-05-13 10:43:11 开始第 8748 次操作

2024-05-13 10:43:11 开始操作号码 【1598651】
2024-05-13 10:43:16 GSD getOne 第 1 次 等待 3 秒
2024-05-13 10:43:19 查询号码 【1598651】，返回信息 {"status":"ok","msg":"广东-惠州","gid":"116366","time_insert":"2021-06-23 04:46"}
2024-05-13 10:43:19 查询号码 【1598651】，GSD为【"广东-惠州"】

2024-05-13 11:15:42 开始第 8749 次操作

2024-05-13 11:15:42 开始操作号码 【1598652】
2024-05-13 11:15:47 GSD getOne 第 1 次 等待 3 秒
2024-05-13 11:15:50 查询号码 【1598652】，返回信息 {"status":"ok","msg":"广东-惠州","gid":"116307","time_insert":"2021-06-23 04:09"}
2024-05-13 11:15:50 查询号码 【1598652】，GSD为【"广东-惠州"】

2024-05-13 11:15:51 开始第 8750 次操作

2024-05-13 11:15:51 开始操作号码 【1598653】
2024-05-13 11:15:56 GSD getOne 第 1 次 等待 3 秒
2024-05-13 11:15:59 查询号码 【1598653】，返回信息 {"status":"ok","msg":"广东-惠州","gid":"28122","time_insert":"2018-04-14 17:31","time_update":"2020-09-30 19:02"}
2024-05-13 11:15:59 查询号码 【1598653】，GSD为【"广东-惠州"】

2024-05-13 11:16:00 开始第 8751 次操作

2024-05-13 11:16:00 开始操作号码 【1598654】
2024-05-13 11:16:06 GSD getOne 第 1 次 等待 3 秒
2024-05-13 11:16:09 查询号码 【1598654】，返回信息 {"status":"ok","msg":"广东-惠州","gid":"116305","time_insert":"2021-06-23 04:08"}
2024-05-13 11:16:10 查询号码 【1598654】，GSD为【"广东-惠州"】

2024-05-13 11:16:11 开始第 8752 次操作

2024-05-13 11:16:11 开始操作号码 【1598655】
2024-05-13 11:16:17 GSD getOne 第 1 次 等待 3 秒
2024-05-13 11:16:20 查询号码 【1598655】，返回信息 {"status":"ok","msg":"广东-惠州","gid":"116304","time_insert":"2021-06-23 04:07"}
2024-05-13 11:16:20 查询号码 【1598655】，GSD为【"广东-惠州"】

2024-05-13 11:35:51 开始第 8753 次操作

2024-05-13 11:35:51 开始操作号码 【1598656】
2024-05-13 11:35:56 GSD getOne 第 1 次 等待 3 秒
2024-05-13 11:35:59 查询号码 【1598656】，返回信息 {"status":"ok","msg":"广东-惠州","gid":"116302","time_insert":"2021-06-23 04:07"}
2024-05-13 11:35:59 查询号码 【1598656】，GSD为【"广东-惠州"】

2024-05-13 11:36:00 开始第 8754 次操作

2024-05-13 11:36:00 开始操作号码 【1598657】
2024-05-13 11:36:05 GSD getOne 第 1 次 等待 3 秒
2024-05-13 11:36:08 查询号码 【1598657】，返回信息 {"status":"ok","msg":"广东-惠州","gid":"116300","time_insert":"2021-06-23 04:06"}
2024-05-13 11:36:08 查询号码 【1598657】，GSD为【"广东-惠州"】

2024-05-13 11:36:09 开始第 8755 次操作

2024-05-13 11:36:09 开始操作号码 【1598658】
2024-05-13 11:36:14 GSD getOne 第 1 次 等待 3 秒
2024-05-13 11:36:17 查询号码 【1598658】，返回信息 {"status":"ok","msg":"广东-惠州","gid":"116298","time_insert":"2021-06-23 04:05"}
2024-05-13 11:36:17 查询号码 【1598658】，GSD为【"广东-惠州"】

2024-05-13 11:36:18 开始第 8756 次操作

2024-05-13 11:36:18 开始操作号码 【1598659】
2024-05-13 11:36:22 GSD getOne 第 1 次 等待 3 秒
2024-05-13 11:36:25 查询号码 【1598659】，返回信息 {"status":"ok","msg":"广东-惠州","gid":"116295","time_insert":"2021-06-23 04:04"}
2024-05-13 11:36:25 查询号码 【1598659】，GSD为【"广东-惠州"】

2024-05-13 12:18:12 开始第 8757 次操作

2024-05-13 12:18:12 开始操作号码 【1598660】
2024-05-13 12:18:17 GSD getOne 第 1 次 等待 3 秒
2024-05-13 12:18:20 查询号码 【1598660】，返回信息 {"status":"ok","msg":"广东-深圳","gid":"116293","time_insert":"2021-06-23 04:04"}
2024-05-13 12:18:20 查询号码 【1598660】，GSD为【"广东-深圳"】

2024-05-13 12:18:21 开始第 8758 次操作

2024-05-13 12:18:21 开始操作号码 【1598661】
2024-05-13 12:18:29 GSD getOne 第 1 次 等待 3 秒
2024-05-13 12:18:32 查询号码 【1598661】，返回信息 {"status":"ok","msg":"广东-深圳","gid":"116290","time_insert":"2021-06-23 04:03"}
2024-05-13 12:18:32 查询号码 【1598661】，GSD为【"广东-深圳"】

2024-05-13 12:18:33 开始第 8759 次操作

2024-05-13 12:18:33 开始操作号码 【1598662】
2024-05-13 12:18:39 GSD getOne 第 1 次 等待 3 秒
2024-05-13 12:18:42 查询号码 【1598662】，返回信息 {"status":"ok","msg":"广东-深圳","gid":"28123","time_insert":"2018-02-18 09:51","time_update":"2020-09-30 19:06"}
2024-05-13 12:18:42 查询号码 【1598662】，GSD为【"广东-深圳"】

2024-05-13 12:18:43 开始第 8760 次操作

2024-05-13 12:18:43 开始操作号码 【1598663】
2024-05-13 12:18:49 GSD getOne 第 1 次 等待 3 秒
2024-05-13 12:18:52 查询号码 【1598663】，返回信息 {"status":"ok","msg":"广东-深圳","gid":"116287","time_insert":"2021-06-23 04:03"}
2024-05-13 12:18:52 查询号码 【1598663】，GSD为【"广东-深圳"】

