2024-02-28 00:18:03 开始第 6149 次操作

2024-02-28 00:18:03 开始操作号码 【1706051】
2024-02-28 00:18:08 GSD getOne 第 1 次 等待 3 秒
2024-02-28 00:18:11 查询号码 【1706051】，返回信息 {"status":"ok","msg":"北京-北京","gid":"166582","time_insert":"2021-07-01 13:05"}
2024-02-28 00:18:11 查询号码 【1706051】，GSD为【"北京-北京"】

2024-02-28 00:18:12 开始第 6150 次操作

2024-02-28 00:18:12 开始操作号码 【1706052】
2024-02-28 00:18:16 GSD getOne 第 1 次 等待 3 秒
2024-02-28 00:18:19 查询号码 【1706052】，返回信息 {"status":"ok","msg":"北京-北京","gid":"166591","time_insert":"2021-07-01 13:06"}
2024-02-28 00:18:19 查询号码 【1706052】，GSD为【"北京-北京"】

2024-02-28 00:18:20 开始第 6151 次操作

2024-02-28 00:18:20 开始操作号码 【1706053】
2024-02-28 00:18:25 GSD getOne 第 1 次 等待 3 秒
2024-02-28 00:18:28 查询号码 【1706053】，返回信息 {"status":"ok","msg":"北京-北京","gid":"166601","time_insert":"2021-07-01 13:06"}
2024-02-28 00:18:28 查询号码 【1706053】，GSD为【"北京-北京"】

2024-02-28 00:18:29 开始第 6152 次操作

2024-02-28 00:18:29 开始操作号码 【1706054】
2024-02-28 00:18:34 GSD getOne 第 1 次 等待 3 秒
2024-02-28 00:18:37 查询号码 【1706054】，返回信息 {"status":"ok","msg":"北京-北京","gid":"166609","time_insert":"2021-07-01 13:07"}
2024-02-28 00:18:37 查询号码 【1706054】，GSD为【"北京-北京"】

