2024-04-29 00:16:17 开始第 6149 次操作

2024-04-29 00:16:17 开始操作号码 【1596052】
2024-04-29 00:16:23 GSD getOne 第 1 次 等待 3 秒
2024-04-29 00:16:26 查询号码 【1596052】，返回信息 {"status":"ok","msg":"福建-莆田","gid":"128725","time_insert":"2021-06-25 19:51"}
2024-04-29 00:16:26 查询号码 【1596052】，GSD为【"福建-莆田"】

2024-04-29 00:16:27 开始第 6150 次操作

2024-04-29 00:16:27 开始操作号码 【1596053】
2024-04-29 00:16:34 GSD getOne 第 1 次 等待 3 秒
2024-04-29 00:16:37 查询号码 【1596053】，返回信息 {"status":"ok","msg":"福建-莆田","gid":"27413","time_insert":"2018-01-25 16:32","time_update":"2020-09-03 16:31"}
2024-04-29 00:16:37 查询号码 【1596053】，GSD为【"福建-莆田"】

2024-04-29 00:16:38 开始第 6151 次操作

2024-04-29 00:16:38 开始操作号码 【1596054】
2024-04-29 00:16:46 GSD getOne 第 1 次 等待 3 秒
2024-04-29 00:16:49 查询号码 【1596054】，返回信息 {"status":"ok","msg":"福建-莆田","gid":"27414","time_insert":"2015-03-23 23:20","time_update":"2021-06-08 18:32"}
2024-04-29 00:16:49 查询号码 【1596054】，GSD为【"福建-莆田"】

2024-04-29 00:16:50 开始第 6152 次操作

2024-04-29 00:16:50 开始操作号码 【1596055】
2024-04-29 00:16:58 GSD getOne 第 1 次 等待 3 秒
2024-04-29 00:17:01 查询号码 【1596055】，返回信息 {"status":"ok","msg":"福建-泉州","gid":"128715","time_insert":"2021-06-25 19:48"}
2024-04-29 00:17:01 查询号码 【1596055】，GSD为【"福建-泉州"】

2024-04-29 00:35:56 开始第 6153 次操作

2024-04-29 00:35:56 开始操作号码 【1596056】
2024-04-29 00:36:55 GSD getOne 第 1 次 等待 3 秒
2024-04-29 00:36:58 查询号码 【1596056】，返回信息 {"status":"ok","msg":"福建-泉州","gid":"128707","time_insert":"2021-06-25 19:48"}
2024-04-29 00:36:58 查询号码 【1596056】，GSD为【"福建-泉州"】

2024-04-29 00:36:59 开始第 6154 次操作

2024-04-29 00:36:59 开始操作号码 【1596057】
2024-04-29 00:37:06 GSD getOne 第 1 次 等待 3 秒
2024-04-29 00:37:09 查询号码 【1596057】，返回信息 {"status":"ok","msg":"福建-泉州","gid":"27415","time_insert":"2017-09-26 09:57","time_update":"2020-09-03 16:24"}
2024-04-29 00:37:09 查询号码 【1596057】，GSD为【"福建-泉州"】

2024-04-29 00:37:10 开始第 6155 次操作

2024-04-29 00:37:10 开始操作号码 【1596058】
2024-04-29 00:37:16 GSD getOne 第 1 次 等待 3 秒
2024-04-29 00:37:19 查询号码 【1596058】，返回信息 {"status":"ok","msg":"福建-泉州","gid":"128696","time_insert":"2021-06-25 19:46"}
2024-04-29 00:37:19 查询号码 【1596058】，GSD为【"福建-泉州"】

2024-04-29 00:37:20 开始第 6156 次操作

2024-04-29 00:37:20 开始操作号码 【1596059】
2024-04-29 00:37:26 GSD getOne 第 1 次 等待 3 秒
2024-04-29 00:37:29 查询号码 【1596059】，返回信息 {"status":"ok","msg":"福建-泉州","gid":"27416","time_insert":"2017-07-08 12:53","time_update":"2021-06-08 18:50"}
2024-04-29 00:37:29 查询号码 【1596059】，GSD为【"福建-泉州"】

