2023-11-16 00:18:52 开始第 8953 次操作

2023-11-16 00:18:52 开始操作号码 【1918854】
2023-11-16 00:18:56 GSD getOne 第 1 次 等待 3 秒
2023-11-16 00:18:59 查询号码 【1918854】，返回信息 {"status":"ok","msg":"云南-楚雄","gid":"57255","time_insert":"2021-05-08 19:46"}
2023-11-16 00:18:59 查询号码 【1918854】，GSD为【"云南-楚雄"】

2023-11-16 00:19:00 开始第 8954 次操作

2023-11-16 00:19:00 开始操作号码 【1918855】
2023-11-16 00:19:52 GSD getOne 第 1 次 等待 3 秒
2023-11-16 00:19:55 查询号码 【1918855】，返回信息 {"status":"ok","msg":"云南-楚雄","gid":"444009","time_insert":"2021-07-30 12:12"}
2023-11-16 00:19:55 查询号码 【1918855】，GSD为【"云南-楚雄"】

2023-11-16 00:19:56 开始第 8955 次操作

2023-11-16 00:19:56 开始操作号码 【1918856】
2023-11-16 00:20:01 GSD getOne 第 1 次 等待 3 秒
2023-11-16 00:20:04 查询号码 【1918856】，返回信息 {"status":"ok","msg":"云南-楚雄","gid":"444002","time_insert":"2021-07-30 12:11"}
2023-11-16 00:20:04 查询号码 【1918856】，GSD为【"云南-楚雄"】

2023-11-16 00:20:05 开始第 8956 次操作

2023-11-16 00:20:05 开始操作号码 【1918857】
2023-11-16 00:20:09 GSD getOne 第 1 次 等待 3 秒
2023-11-16 00:20:12 查询号码 【1918857】，返回信息 {"status":"ok","msg":"云南-楚雄","gid":"443992","time_insert":"2021-07-30 12:11"}
2023-11-16 00:20:12 查询号码 【1918857】，GSD为【"云南-楚雄"】

