2024-04-03 00:17:40 开始第 1625 次操作

2024-04-03 00:17:40 开始操作号码 【1591528】
2024-04-03 00:17:45 GSD getOne 第 1 次 等待 3 秒
2024-04-03 00:17:48 查询号码 【1591528】，返回信息 {"status":"ok","msg":"广东-茂名","gid":"26689","time_insert":"2018-01-09 16:16","time_update":"2020-09-30 14:00"}
2024-04-03 00:17:48 查询号码 【1591528】，GSD为【"广东-茂名"】

2024-04-03 00:17:49 开始第 1626 次操作

2024-04-03 00:17:49 开始操作号码 【1591529】
2024-04-03 00:17:54 GSD getOne 第 1 次 等待 3 秒
2024-04-03 00:17:57 查询号码 【1591529】，返回信息 {"status":"ok","msg":"广东-茂名","gid":"116196","time_insert":"2021-06-23 03:47"}
2024-04-03 00:17:57 查询号码 【1591529】，GSD为【"广东-茂名"】

2024-04-03 00:17:58 开始第 1627 次操作

2024-04-03 00:17:58 开始操作号码 【1591530】
2024-04-03 00:18:03 GSD getOne 第 1 次 等待 3 秒
2024-04-03 00:18:06 查询号码 【1591530】，返回信息 {"status":"ok","msg":"广东-深圳","gid":"116203","time_insert":"2021-06-23 03:47"}
2024-04-03 00:18:06 查询号码 【1591530】，GSD为【"广东-深圳"】

2024-04-03 00:18:07 开始第 1628 次操作

2024-04-03 00:18:07 开始操作号码 【1591531】
2024-04-03 00:18:11 GSD getOne 第 1 次 等待 3 秒
2024-04-03 00:18:14 查询号码 【1591531】，返回信息 {"status":"ok","msg":"广东-深圳","gid":"116205","time_insert":"2021-06-23 03:48"}
2024-04-03 00:18:14 查询号码 【1591531】，GSD为【"广东-深圳"】

2024-04-03 00:38:13 开始第 1629 次操作

2024-04-03 00:38:13 开始操作号码 【1591532】
2024-04-03 00:38:18 GSD getOne 第 1 次 等待 3 秒
2024-04-03 00:38:21 查询号码 【1591532】，返回信息 {"status":"ok","msg":"广东-深圳","gid":"116209","time_insert":"2021-06-23 03:48"}
2024-04-03 00:38:21 查询号码 【1591532】，GSD为【"广东-深圳"】

2024-04-03 00:38:22 开始第 1630 次操作

2024-04-03 00:38:22 开始操作号码 【1591533】
2024-04-03 00:38:27 GSD getOne 第 1 次 等待 3 秒
2024-04-03 00:38:30 查询号码 【1591533】，返回信息 {"status":"ok","msg":"广东-深圳","gid":"116212","time_insert":"2021-06-23 03:48"}
2024-04-03 00:38:30 查询号码 【1591533】，GSD为【"广东-深圳"】

2024-04-03 00:38:31 开始第 1631 次操作

2024-04-03 00:38:31 开始操作号码 【1591534】
2024-04-03 00:38:36 GSD getOne 第 1 次 等待 3 秒
2024-04-03 00:38:39 查询号码 【1591534】，返回信息 {"status":"ok","msg":"广东-深圳","gid":"116216","time_insert":"2021-06-23 03:49"}
2024-04-03 00:38:39 查询号码 【1591534】，GSD为【"广东-深圳"】

2024-04-03 00:38:40 开始第 1632 次操作

2024-04-03 00:38:40 开始操作号码 【1591535】
2024-04-03 00:38:44 GSD getOne 第 1 次 等待 3 秒
2024-04-03 00:38:47 查询号码 【1591535】，返回信息 {"status":"ok","msg":"广东-深圳","gid":"116220","time_insert":"2021-06-23 03:50"}
2024-04-03 00:38:47 查询号码 【1591535】，GSD为【"广东-深圳"】

