2024-03-05 00:18:20 开始第 7193 次操作

2024-03-05 00:18:20 开始操作号码 【1707095】
2024-03-05 00:18:24 GSD getOne 第 1 次 等待 3 秒
2024-03-05 00:18:27 查询号码 【1707095】，返回信息 {"status":"ok","msg":"河北-石家庄","gid":"177881","time_insert":"2021-07-03 01:43"}
2024-03-05 00:18:27 查询号码 【1707095】，GSD为【"河北-石家庄"】

2024-03-05 00:18:29 开始第 7194 次操作

2024-03-05 00:18:29 开始操作号码 【1707096】
2024-03-05 00:18:33 GSD getOne 第 1 次 等待 3 秒
2024-03-05 00:18:36 查询号码 【1707096】，返回信息 {"status":"ok","msg":"河北-石家庄","gid":"177889","time_insert":"2021-07-03 01:43"}
2024-03-05 00:18:36 查询号码 【1707096】，GSD为【"河北-石家庄"】

2024-03-05 00:18:37 开始第 7195 次操作

2024-03-05 00:18:37 开始操作号码 【1707097】
2024-03-05 00:18:41 GSD getOne 第 1 次 等待 3 秒
2024-03-05 00:18:44 查询号码 【1707097】，返回信息 {"status":"ok","msg":"河北-石家庄","gid":"177895","time_insert":"2021-07-03 01:44"}
2024-03-05 00:18:44 查询号码 【1707097】，GSD为【"河北-石家庄"】

2024-03-05 00:18:45 开始第 7196 次操作

2024-03-05 00:18:45 开始操作号码 【1707098】
2024-03-05 00:18:49 GSD getOne 第 1 次 等待 3 秒
2024-03-05 00:18:52 查询号码 【1707098】，返回信息 {"status":"ok","msg":"河北-石家庄","gid":"177900","time_insert":"2021-07-03 01:44"}
2024-03-05 00:18:52 查询号码 【1707098】，GSD为【"河北-石家庄"】

2024-03-05 00:38:04 开始第 7197 次操作

2024-03-05 00:38:04 开始操作号码 【1707099】
2024-03-05 00:38:09 GSD getOne 第 1 次 等待 3 秒
2024-03-05 00:38:12 查询号码 【1707099】，返回信息 {"status":"ok","msg":"河北-石家庄","gid":"177907","time_insert":"2021-07-03 01:44"}
2024-03-05 00:38:12 查询号码 【1707099】，GSD为【"河北-石家庄"】

2024-03-05 00:38:13 开始第 7198 次操作

2024-03-05 00:38:13 开始操作号码 【1707100】
2024-03-05 00:38:18 GSD getOne 第 1 次 等待 3 秒
2024-03-05 00:38:21 查询号码 【1707100】，返回信息 {"status":"ok","msg":"北京-北京","gid":"177919","time_insert":"2021-07-03 01:45"}
2024-03-05 00:38:21 查询号码 【1707100】，GSD为【"北京-北京"】

2024-03-05 00:38:22 开始第 7199 次操作

2024-03-05 00:38:22 开始操作号码 【1707101】
2024-03-05 00:38:26 GSD getOne 第 1 次 等待 3 秒
2024-03-05 00:38:30 查询号码 【1707101】，返回信息 {"status":"ok","msg":"北京-北京","gid":"177924","time_insert":"2021-07-03 01:46"}
2024-03-05 00:38:30 查询号码 【1707101】，GSD为【"北京-北京"】

2024-03-05 00:38:31 开始第 7200 次操作

2024-03-05 00:38:31 开始操作号码 【1707102】
2024-03-05 00:38:35 GSD getOne 第 1 次 等待 3 秒
2024-03-05 00:38:38 查询号码 【1707102】，返回信息 {"status":"ok","msg":"北京-北京","gid":"177930","time_insert":"2021-07-03 01:46"}
2024-03-05 00:38:38 查询号码 【1707102】，GSD为【"北京-北京"】

2024-03-05 01:14:10 开始第 7201 次操作

2024-03-05 01:14:10 开始操作号码 【1707103】
2024-03-05 01:14:15 GSD getOne 第 1 次 等待 3 秒
2024-03-05 01:14:18 查询号码 【1707103】，返回信息 {"status":"ok","msg":"北京-北京","gid":"177937","time_insert":"2021-07-03 01:47"}
2024-03-05 01:14:18 查询号码 【1707103】，GSD为【"北京-北京"】

2024-03-05 01:14:19 开始第 7202 次操作

2024-03-05 01:14:19 开始操作号码 【1707104】
2024-03-05 01:14:24 GSD getOne 第 1 次 等待 3 秒
2024-03-05 01:14:27 查询号码 【1707104】，返回信息 {"status":"ok","msg":"北京-北京","gid":"177943","time_insert":"2021-07-03 01:47"}
2024-03-05 01:14:27 查询号码 【1707104】，GSD为【"北京-北京"】

2024-03-05 01:14:28 开始第 7203 次操作

2024-03-05 01:14:28 开始操作号码 【1707105】
2024-03-05 01:14:32 GSD getOne 第 1 次 等待 3 秒
2024-03-05 01:14:35 查询号码 【1707105】，返回信息 {"status":"ok","msg":"北京-北京","gid":"177946","time_insert":"2021-07-03 01:47"}
2024-03-05 01:14:35 查询号码 【1707105】，GSD为【"北京-北京"】

2024-03-05 01:14:36 开始第 7204 次操作

2024-03-05 01:14:36 开始操作号码 【1707106】
2024-03-05 01:14:41 GSD getOne 第 1 次 等待 3 秒
2024-03-05 01:14:44 查询号码 【1707106】，返回信息 {"status":"ok","msg":"北京-北京","gid":"177956","time_insert":"2021-07-03 01:48"}
2024-03-05 01:14:44 查询号码 【1707106】，GSD为【"北京-北京"】

