2024-03-13 00:17:42 开始第 8661 次操作

2024-03-13 00:17:42 开始操作号码 【1708563】
2024-03-13 00:17:47 GSD getOne 第 1 次 等待 3 秒
2024-03-13 00:17:50 查询号码 【1708563】，返回信息 {"status":"ok","msg":"安徽-安庆","gid":"195892","time_insert":"2021-07-05 06:04"}
2024-03-13 00:17:50 查询号码 【1708563】，GSD为【"安徽-安庆"】

2024-03-13 00:17:51 开始第 8662 次操作

2024-03-13 00:17:51 开始操作号码 【1708564】
2024-03-13 00:17:56 GSD getOne 第 1 次 等待 3 秒
2024-03-13 00:17:59 查询号码 【1708564】，返回信息 {"status":"ok","msg":"安徽-六安","gid":"195898","time_insert":"2021-07-05 06:05"}
2024-03-13 00:17:59 查询号码 【1708564】，GSD为【"安徽-六安"】

2024-03-13 00:18:00 开始第 8663 次操作

2024-03-13 00:18:00 开始操作号码 【1708565】
2024-03-13 00:18:05 GSD getOne 第 1 次 等待 3 秒
2024-03-13 00:18:08 查询号码 【1708565】，返回信息 {"status":"ok","msg":"安徽-安庆","gid":"195903","time_insert":"2021-07-05 06:05"}
2024-03-13 00:18:08 查询号码 【1708565】，GSD为【"安徽-安庆"】

2024-03-13 00:18:09 开始第 8664 次操作

2024-03-13 00:18:09 开始操作号码 【1708566】
2024-03-13 00:18:13 GSD getOne 第 1 次 等待 3 秒
2024-03-13 00:18:16 查询号码 【1708566】，返回信息 {"status":"ok","msg":"安徽-安庆","gid":"195905","time_insert":"2021-07-05 06:06"}
2024-03-13 00:18:16 查询号码 【1708566】，GSD为【"安徽-安庆"】

