2024-08-02 00:19:56 开始第 9313 次操作

2024-08-02 00:19:56 开始操作号码 【1489214】
2024-08-02 00:20:07 GSD getOne 第 1 次 等待 3 秒
2024-08-02 00:20:10 查询号码 【1489214】，返回信息 {"status":"ok","msg":"广西-南宁","gid":"367867","time_insert":"2021-07-23 16:54","time_update":"2023-05-26 08:26"}
2024-08-02 00:20:10 查询号码 【1489214】，GSD为【"广西-南宁"】

2024-08-02 00:20:11 开始第 9314 次操作

2024-08-02 00:20:11 开始操作号码 【1489215】
2024-08-02 00:20:19 GSD getOne 第 1 次 等待 3 秒
2024-08-02 00:20:22 查询号码 【1489215】，返回信息 {"status":"ok","msg":"广西-南宁","gid":"367953","time_insert":"2021-07-23 17:00","time_update":"2023-05-26 08:29"}
2024-08-02 00:20:22 查询号码 【1489215】，GSD为【"广西-南宁"】

2024-08-02 00:20:23 开始第 9315 次操作

2024-08-02 00:20:23 开始操作号码 【1489216】
2024-08-02 00:20:32 GSD getOne 第 1 次 等待 3 秒
2024-08-02 00:20:35 查询号码 【1489216】，返回信息 {"status":"ok","msg":"广西-南宁","gid":"367996","time_insert":"2021-07-23 17:03","time_update":"2023-05-26 08:35"}
2024-08-02 00:20:36 查询号码 【1489216】，GSD为【"广西-南宁"】

2024-08-02 00:20:37 开始第 9316 次操作

2024-08-02 00:20:37 开始操作号码 【1489217】
2024-08-02 00:20:47 GSD getOne 第 1 次 等待 3 秒
2024-08-02 00:20:50 查询号码 【1489217】，返回信息 {"status":"ok","msg":"广西-南宁","gid":"368035","time_insert":"2021-07-23 17:07","time_update":"2023-05-26 08:37"}
2024-08-02 00:20:50 查询号码 【1489217】，GSD为【"广西-南宁"】

2024-08-02 00:40:42 开始第 9317 次操作

2024-08-02 00:40:42 开始操作号码 【1489218】
2024-08-02 00:40:51 GSD getOne 第 1 次 等待 3 秒
2024-08-02 00:40:54 查询号码 【1489218】，返回信息 {"status":"ok","msg":"广西-南宁","gid":"368077","time_insert":"2021-07-23 17:12","time_update":"2023-05-26 08:43"}
2024-08-02 00:40:54 查询号码 【1489218】，GSD为【"广西-南宁"】

2024-08-02 00:40:55 开始第 9318 次操作

2024-08-02 00:40:55 开始操作号码 【1489219】
2024-08-02 00:41:04 GSD getOne 第 1 次 等待 3 秒
2024-08-02 00:41:07 查询号码 【1489219】，返回信息 {"status":"ok","msg":"广西-南宁","gid":"368100","time_insert":"2021-07-23 17:18","time_update":"2023-05-26 08:45"}
2024-08-02 00:41:07 查询号码 【1489219】，GSD为【"广西-南宁"】

2024-08-02 00:41:08 开始第 9319 次操作

2024-08-02 00:41:08 开始操作号码 【1489220】
2024-08-02 00:41:17 GSD getOne 第 1 次 等待 3 秒
2024-08-02 00:41:20 查询号码 【1489220】，返回信息 {"status":"ok","msg":"广西-南宁","gid":"368116","time_insert":"2021-07-23 17:21","time_update":"2023-05-26 08:51"}
2024-08-02 00:41:21 查询号码 【1489220】，GSD为【"广西-南宁"】

2024-08-02 00:41:22 开始第 9320 次操作

2024-08-02 00:41:22 开始操作号码 【1489221】
2024-08-02 00:41:30 GSD getOne 第 1 次 等待 3 秒
2024-08-02 00:41:33 查询号码 【1489221】，返回信息 {"status":"ok","msg":"广西-南宁","gid":"368130","time_insert":"2021-07-23 17:27","time_update":"2023-05-26 08:53"}
2024-08-02 00:41:33 查询号码 【1489221】，GSD为【"广西-南宁"】

2024-08-02 01:15:29 开始第 9321 次操作

2024-08-02 01:15:29 开始操作号码 【1489222】
2024-08-02 01:15:38 GSD getOne 第 1 次 等待 3 秒
2024-08-02 01:15:41 查询号码 【1489222】，返回信息 {"status":"ok","msg":"广西-南宁","gid":"368140","time_insert":"2021-07-23 17:31","time_update":"2023-05-26 08:58"}
2024-08-02 01:15:41 查询号码 【1489222】，GSD为【"广西-南宁"】

2024-08-02 01:15:42 开始第 9322 次操作

2024-08-02 01:15:42 开始操作号码 【1489223】
2024-08-02 01:15:50 GSD getOne 第 1 次 等待 3 秒
2024-08-02 01:15:53 查询号码 【1489223】，返回信息 {"status":"ok","msg":"广西-南宁","gid":"368151","time_insert":"2021-07-23 17:36","time_update":"2023-05-26 09:02"}
2024-08-02 01:15:53 查询号码 【1489223】，GSD为【"广西-南宁"】

2024-08-02 01:15:54 开始第 9323 次操作

2024-08-02 01:15:54 开始操作号码 【1489224】
2024-08-02 01:16:03 GSD getOne 第 1 次 等待 3 秒
2024-08-02 01:16:06 查询号码 【1489224】，返回信息 {"status":"ok","msg":"广西-南宁","gid":"368159","time_insert":"2021-07-23 17:39","time_update":"2023-05-26 09:05"}
2024-08-02 01:16:06 查询号码 【1489224】，GSD为【"广西-南宁"】

2024-08-02 01:16:07 开始第 9324 次操作

2024-08-02 01:16:07 开始操作号码 【1489225】
2024-08-02 01:16:16 GSD getOne 第 1 次 等待 3 秒
2024-08-02 01:16:19 查询号码 【1489225】，返回信息 {"status":"ok","msg":"广西-南宁","gid":"368181","time_insert":"2021-07-23 17:43","time_update":"2023-05-26 09:09"}
2024-08-02 01:16:19 查询号码 【1489225】，GSD为【"广西-南宁"】

2024-08-02 01:35:46 开始第 9325 次操作

2024-08-02 01:35:46 开始操作号码 【1489226】
2024-08-02 01:35:54 GSD getOne 第 1 次 等待 3 秒
2024-08-02 01:35:57 查询号码 【1489226】，返回信息 {"status":"ok","msg":"广西-南宁","gid":"368237","time_insert":"2021-07-23 17:47","time_update":"2023-05-26 09:11"}
2024-08-02 01:35:57 查询号码 【1489226】，GSD为【"广西-南宁"】

2024-08-02 01:35:58 开始第 9326 次操作

2024-08-02 01:35:58 开始操作号码 【1489227】
2024-08-02 01:36:06 GSD getOne 第 1 次 等待 3 秒
2024-08-02 01:36:09 查询号码 【1489227】，返回信息 {"status":"ok","msg":"广西-南宁","gid":"368303","time_insert":"2021-07-23 17:52","time_update":"2023-05-26 09:16"}
2024-08-02 01:36:09 查询号码 【1489227】，GSD为【"广西-南宁"】

2024-08-02 01:36:10 开始第 9327 次操作

2024-08-02 01:36:10 开始操作号码 【1489228】
2024-08-02 01:36:19 GSD getOne 第 1 次 等待 3 秒
2024-08-02 01:36:22 查询号码 【1489228】，返回信息 {"status":"ok","msg":"广西-南宁","gid":"368347","time_insert":"2021-07-23 17:56","time_update":"2023-05-26 09:17"}
2024-08-02 01:36:22 查询号码 【1489228】，GSD为【"广西-南宁"】

2024-08-02 01:36:23 开始第 9328 次操作

2024-08-02 01:36:23 开始操作号码 【1489229】
2024-08-02 01:36:31 GSD getOne 第 1 次 等待 3 秒
2024-08-02 01:36:34 查询号码 【1489229】，返回信息 {"status":"ok","msg":"广西-南宁","gid":"368405","time_insert":"2021-07-23 17:59","time_update":"2023-05-26 09:26"}
2024-08-02 01:36:34 查询号码 【1489229】，GSD为【"广西-南宁"】

2024-08-02 02:20:40 开始第 9329 次操作

2024-08-02 02:20:40 开始操作号码 【1489230】
2024-08-02 02:20:48 GSD getOne 第 1 次 等待 3 秒
2024-08-02 02:20:51 查询号码 【1489230】，返回信息 {"status":"ok","msg":"湖南-长沙","gid":"368496","time_insert":"2021-07-23 18:05","time_update":"2023-05-26 09:26"}
2024-08-02 02:20:51 查询号码 【1489230】，GSD为【"湖南-长沙"】

2024-08-02 02:20:52 开始第 9330 次操作

2024-08-02 02:20:52 开始操作号码 【1489231】
2024-08-02 02:20:59 GSD getOne 第 1 次 等待 3 秒
2024-08-02 02:21:02 查询号码 【1489231】，返回信息 {"status":"ok","msg":"湖南-长沙","gid":"368547","time_insert":"2021-07-23 18:10","time_update":"2023-05-26 09:33"}
2024-08-02 02:21:02 查询号码 【1489231】，GSD为【"湖南-长沙"】

2024-08-02 02:21:03 开始第 9331 次操作

2024-08-02 02:21:03 开始操作号码 【1489232】
2024-08-02 02:21:11 GSD getOne 第 1 次 等待 3 秒
2024-08-02 02:21:14 查询号码 【1489232】，返回信息 {"status":"ok","msg":"湖南-长沙","gid":"368582","time_insert":"2021-07-23 18:16","time_update":"2023-05-26 09:33"}
2024-08-02 02:21:14 查询号码 【1489232】，GSD为【"湖南-长沙"】

2024-08-02 02:21:15 开始第 9332 次操作

2024-08-02 02:21:15 开始操作号码 【1489233】
2024-08-02 02:21:22 GSD getOne 第 1 次 等待 3 秒
2024-08-02 02:21:25 查询号码 【1489233】，返回信息 {"status":"ok","msg":"湖南-长沙","gid":"368610","time_insert":"2021-07-23 18:21","time_update":"2023-05-26 09:39"}
2024-08-02 02:21:25 查询号码 【1489233】，GSD为【"湖南-长沙"】

