2021-07-21 00:00:34 开始第 25 次操作

2021-07-21 00:00:34 开始操作号码 【1399738】
2021-07-21 00:00:38 GSD getOne 第 1 次 等待 3 秒
2021-07-21 00:00:41 查询号码 【1399738】，返回信息 {"status":"ok","msg":"青海-西宁","gid":"14586","time_insert":"2017-11-09 15:33","time_update":"2020-12-15 18:05"}
2021-07-21 00:00:41 查询号码 【1399738】，GSD为【"青海-西宁"】

2021-07-21 00:00:41 开始第 25 次操作

2021-07-21 00:00:41 开始操作号码 【1399737】
2021-07-21 00:01:11 GSD getOne 第 1 次 等待 3 秒
2021-07-21 00:01:14 查询号码 【1399737】，返回信息 {"status":"bad","msg":""}
2021-07-21 00:01:14 查询号码 【1399737】，GSD为【""】
2021-07-21 00:01:14 bad
2021-07-21 00:01:16 CHB 1399737?1626796874 第 1 次 等待 3 秒
2021-07-21 00:01:19 CHB 1399737?1626796874 第 1 次 获取到号码【1399737】GSD
2021-07-21 00:01:19 获取到号码【1399737】的GSD为【青海-格尔木】
2021-07-21 00:01:28 GSD insert 第 1 次 等待 3 秒
2021-07-21 00:01:31 {"status":"ok","gid":341264,"msg":"添加成功！"}
2021-07-21 00:01:31 下次操作: 2021-07-21 00:01:52

2021-07-21 00:01:52 开始第 26 次操作

2021-07-21 00:01:52 开始操作号码 【1399736】
2021-07-21 00:01:55 GSD getOne 第 1 次 等待 3 秒
2021-07-21 00:01:58 查询号码 【1399736】，返回信息 {"status":"ok","msg":"青海-玉树","gid":"14585","time_insert":"2015-10-06 08:44","time_update":"2020-12-15 19:07"}
2021-07-21 00:01:58 查询号码 【1399736】，GSD为【"青海-玉树"】

2021-07-21 00:01:58 开始第 26 次操作

2021-07-21 00:01:58 开始操作号码 【1399735】
2021-07-21 00:02:01 GSD getOne 第 1 次 等待 3 秒
2021-07-21 00:02:04 查询号码 【1399735】，返回信息 {"status":"bad","msg":""}
2021-07-21 00:02:04 查询号码 【1399735】，GSD为【""】
2021-07-21 00:02:04 bad
2021-07-21 00:02:06 CHB 1399735?1626796924 第 1 次 等待 3 秒
2021-07-21 00:02:09 CHB 1399735?1626796924 第 1 次 获取到号码【1399735】GSD
2021-07-21 00:02:09 获取到号码【1399735】的GSD为【青海-西宁】
2021-07-21 00:02:13 GSD insert 第 1 次 等待 3 秒
2021-07-21 00:02:16 {"status":"ok","gid":341273,"msg":"添加成功！"}
2021-07-21 00:02:16 下次操作: 2021-07-21 00:02:40

2021-07-21 00:02:40 开始第 27 次操作

2021-07-21 00:02:40 开始操作号码 【1399734】
2021-07-21 00:02:44 GSD getOne 第 1 次 等待 3 秒
2021-07-21 00:02:47 查询号码 【1399734】，返回信息 {"status":"bad","msg":""}
2021-07-21 00:02:47 查询号码 【1399734】，GSD为【""】
2021-07-21 00:02:47 bad
2021-07-21 00:02:48 CHB 1399734?1626796967 第 1 次 等待 3 秒
2021-07-21 00:02:51 CHB 1399734?1626796967 第 1 次 获取到号码【1399734】GSD
2021-07-21 00:02:51 获取到号码【1399734】的GSD为【青海-海南】
2021-07-21 00:02:55 GSD insert 第 1 次 等待 3 秒
2021-07-21 00:02:58 {"status":"ok","gid":341278,"msg":"添加成功！"}
2021-07-21 00:02:58 下次操作: 2021-07-21 00:03:22

2021-07-21 00:03:22 开始第 28 次操作

2021-07-21 00:03:22 开始操作号码 【1399733】
2021-07-21 00:03:28 GSD getOne 第 1 次 等待 3 秒
2021-07-21 00:03:31 查询号码 【1399733】，返回信息 {"status":"bad","msg":""}
2021-07-21 00:03:31 查询号码 【1399733】，GSD为【""】
2021-07-21 00:03:31 bad
2021-07-21 00:03:33 CHB 1399733?1626797011 第 1 次 等待 3 秒
2021-07-21 00:03:36 CHB 1399733?1626797011 第 1 次 获取到号码【1399733】GSD
2021-07-21 00:03:36 获取到号码【1399733】的GSD为【青海-西宁】
2021-07-21 00:03:39 GSD insert 第 1 次 等待 3 秒
2021-07-21 00:03:42 {"status":"ok","gid":341285,"msg":"添加成功！"}
2021-07-21 00:03:42 下次操作: 2021-07-21 00:04:01

2021-07-21 00:04:01 开始第 29 次操作

2021-07-21 00:04:01 开始操作号码 【1399732】
2021-07-21 00:04:08 GSD getOne 第 1 次 等待 3 秒
2021-07-21 00:04:11 查询号码 【1399732】，返回信息 {"status":"bad","msg":""}
2021-07-21 00:04:11 查询号码 【1399732】，GSD为【""】
2021-07-21 00:04:11 bad
2021-07-21 00:04:12 CHB 1399732?1626797051 第 1 次 等待 3 秒
2021-07-21 00:04:15 CHB 1399732?1626797051 第 1 次 获取到号码【1399732】GSD
2021-07-21 00:04:15 获取到号码【1399732】的GSD为【青海-海东】
2021-07-21 00:04:19 GSD insert 第 1 次 等待 3 秒
2021-07-21 00:04:22 {"status":"ok","gid":341291,"msg":"添加成功！"}
2021-07-21 00:04:22 下次操作: 2021-07-21 00:04:44

2021-07-21 00:04:44 开始第 30 次操作

2021-07-21 00:04:44 开始操作号码 【1399731】
2021-07-21 00:04:47 GSD getOne 第 1 次 等待 3 秒
2021-07-21 00:04:50 查询号码 【1399731】，返回信息 {"status":"bad","msg":""}
2021-07-21 00:04:50 查询号码 【1399731】，GSD为【""】
2021-07-21 00:04:50 bad
2021-07-21 00:04:51 CHB 1399731?1626797090 第 1 次 等待 3 秒
2021-07-21 00:04:54 CHB 1399731?1626797090 第 1 次 获取到号码【1399731】GSD
2021-07-21 00:04:55 获取到号码【1399731】的GSD为【青海-西宁】
2021-07-21 00:04:58 GSD insert 第 1 次 等待 3 秒
2021-07-21 00:05:01 {"status":"ok","gid":341298,"msg":"添加成功！"}
2021-07-21 00:05:01 下次操作: 2021-07-21 00:05:24

2021-07-21 00:05:24 开始第 31 次操作

2021-07-21 00:05:24 开始操作号码 【1399730】
2021-07-21 00:05:29 GSD getOne 第 1 次 等待 3 秒
2021-07-21 00:05:32 查询号码 【1399730】，返回信息 {"status":"bad","msg":""}
2021-07-21 00:05:32 查询号码 【1399730】，GSD为【""】
2021-07-21 00:05:32 bad
2021-07-21 00:05:33 CHB 1399730?1626797132 第 1 次 等待 3 秒
2021-07-21 00:05:36 CHB 1399730?1626797132 第 1 次 获取到号码【1399730】GSD
2021-07-21 00:05:36 获取到号码【1399730】的GSD为【青海-海东】
2021-07-21 00:05:41 GSD insert 第 1 次 等待 3 秒
2021-07-21 00:05:44 {"status":"ok","gid":341306,"msg":"添加成功！"}
2021-07-21 00:05:44 下次操作: 2021-07-21 00:06:08

2021-07-21 00:06:08 开始第 32 次操作

2021-07-21 00:06:08 开始操作号码 【1399729】
2021-07-21 00:06:13 GSD getOne 第 1 次 等待 3 秒
2021-07-21 00:06:16 查询号码 【1399729】，返回信息 {"status":"bad","msg":""}
2021-07-21 00:06:16 查询号码 【1399729】，GSD为【""】
2021-07-21 00:06:16 bad
2021-07-21 00:06:18 CHB 1399729?1626797176 第 1 次 等待 3 秒
2021-07-21 00:06:21 CHB 1399729?1626797176 第 1 次 获取到号码【1399729】GSD
2021-07-21 00:06:21 获取到号码【1399729】的GSD为【青海-西宁】
2021-07-21 00:06:26 GSD insert 第 1 次 等待 3 秒
2021-07-21 00:06:29 {"status":"ok","gid":341313,"msg":"添加成功！"}
2021-07-21 00:06:29 下次操作: 2021-07-21 00:06:42

2021-07-21 00:06:42 开始第 33 次操作

2021-07-21 00:06:42 开始操作号码 【1399728】
2021-07-21 00:06:48 GSD getOne 第 1 次 等待 3 秒
2021-07-21 00:06:51 查询号码 【1399728】，返回信息 {"status":"ok","msg":"青海-西宁","gid":"14584","time_insert":"2017-06-23 11:46","time_update":"2020-12-15 19:03"}
2021-07-21 00:06:52 查询号码 【1399728】，GSD为【"青海-西宁"】

2021-07-21 00:06:52 开始第 33 次操作

2021-07-21 00:06:52 开始操作号码 【1399727】
2021-07-21 00:06:54 GSD getOne 第 1 次 等待 3 秒
2021-07-21 00:06:57 查询号码 【1399727】，返回信息 {"status":"bad","msg":""}
2021-07-21 00:06:57 查询号码 【1399727】，GSD为【""】
2021-07-21 00:06:57 bad
2021-07-21 00:06:59 CHB 1399727?1626797217 第 1 次 等待 3 秒
2021-07-21 00:07:02 CHB 1399727?1626797217 第 1 次 获取到号码【1399727】GSD
2021-07-21 00:07:02 获取到号码【1399727】的GSD为【青海-西宁】
2021-07-21 00:07:09 GSD insert 第 1 次 等待 3 秒
2021-07-21 00:07:12 {"status":"ok","gid":341320,"msg":"添加成功！"}
2021-07-21 00:07:12 下次操作: 2021-07-21 00:07:27

2021-07-21 00:07:27 开始第 34 次操作

2021-07-21 00:07:27 开始操作号码 【1399726】
2021-07-21 00:07:34 GSD getOne 第 1 次 等待 3 秒
2021-07-21 00:07:37 查询号码 【1399726】，返回信息 {"status":"bad","msg":""}
2021-07-21 00:07:37 查询号码 【1399726】，GSD为【""】
2021-07-21 00:07:37 bad
2021-07-21 00:07:39 CHB 1399726?1626797257 第 1 次 等待 3 秒
2021-07-21 00:07:42 CHB 1399726?1626797257 第 1 次 获取到号码【1399726】GSD
2021-07-21 00:07:42 获取到号码【1399726】的GSD为【青海-西宁】
2021-07-21 00:07:45 GSD insert 第 1 次 等待 3 秒
2021-07-21 00:07:48 {"status":"ok","gid":341325,"msg":"添加成功！"}
2021-07-21 00:07:48 下次操作: 2021-07-21 00:08:06

2021-07-21 00:08:06 开始第 35 次操作

2021-07-21 00:08:06 开始操作号码 【1399725】
2021-07-21 00:08:11 GSD getOne 第 1 次 等待 3 秒
2021-07-21 00:08:14 查询号码 【1399725】，返回信息 {"status":"ok","msg":"青海-西宁","gid":"14583","time_insert":"2018-03-30 10:46","time_update":"2020-12-15 18:58"}
2021-07-21 00:08:14 查询号码 【1399725】，GSD为【"青海-西宁"】

2021-07-21 00:08:14 开始第 35 次操作

2021-07-21 00:08:14 开始操作号码 【1399724】
2021-07-21 00:08:17 GSD getOne 第 1 次 等待 3 秒
2021-07-21 00:08:20 查询号码 【1399724】，返回信息 {"status":"bad","msg":""}
2021-07-21 00:08:20 查询号码 【1399724】，GSD为【""】
2021-07-21 00:08:20 bad
2021-07-21 00:08:22 CHB 1399724?1626797300 第 1 次 等待 3 秒
2021-07-21 00:08:25 CHB 1399724?1626797300 第 1 次 获取到号码【1399724】GSD
2021-07-21 00:08:25 获取到号码【1399724】的GSD为【青海-西宁】
2021-07-21 00:08:28 GSD insert 第 1 次 等待 3 秒
2021-07-21 00:08:31 {"status":"ok","gid":341332,"msg":"添加成功！"}
2021-07-21 00:08:31 下次操作: 2021-07-21 00:08:52

2021-07-21 00:08:52 开始第 36 次操作

2021-07-21 00:08:52 开始操作号码 【1399723】
2021-07-21 00:08:55 GSD getOne 第 1 次 等待 3 秒
2021-07-21 00:08:58 查询号码 【1399723】，返回信息 {"status":"bad","msg":""}
2021-07-21 00:08:58 查询号码 【1399723】，GSD为【""】
2021-07-21 00:08:58 bad
2021-07-21 00:09:00 CHB 1399723?1626797338 第 1 次 等待 3 秒
2021-07-21 00:09:03 CHB 1399723?1626797338 第 1 次 获取到号码【1399723】GSD
2021-07-21 00:09:03 获取到号码【1399723】的GSD为【青海-西宁】
2021-07-21 00:09:07 GSD insert 第 1 次 等待 3 秒
2021-07-21 00:09:10 {"status":"ok","gid":341339,"msg":"添加成功！"}
2021-07-21 00:09:10 下次操作: 2021-07-21 00:09:29

2021-07-21 00:09:29 开始第 37 次操作

2021-07-21 00:09:29 开始操作号码 【1399722】
2021-07-21 00:09:38 GSD getOne 第 1 次 等待 3 秒
2021-07-21 00:09:41 查询号码 【1399722】，返回信息 {"status":"bad","msg":""}
2021-07-21 00:09:41 查询号码 【1399722】，GSD为【""】
2021-07-21 00:09:41 bad
2021-07-21 00:09:43 CHB 1399722?1626797381 第 1 次 等待 3 秒
2021-07-21 00:09:46 CHB 1399722?1626797381 第 1 次 获取到号码【1399722】GSD
2021-07-21 00:09:46 获取到号码【1399722】的GSD为【青海-西宁】
2021-07-21 00:09:50 GSD insert 第 1 次 等待 3 秒
2021-07-21 00:09:53 {"status":"ok","gid":341348,"msg":"添加成功！"}
2021-07-21 00:09:53 下次操作: 2021-07-21 00:10:06

2021-07-21 00:10:06 开始第 38 次操作

2021-07-21 00:10:06 开始操作号码 【1399721】
2021-07-21 00:10:08 GSD getOne 第 1 次 等待 3 秒
2021-07-21 00:10:11 查询号码 【1399721】，返回信息 {"status":"ok","msg":"青海-西宁","gid":"14582","time_insert":"2017-06-20 20:33","time_update":"2020-12-15 18:54"}
2021-07-21 00:10:11 查询号码 【1399721】，GSD为【"青海-西宁"】

2021-07-21 00:10:11 开始第 38 次操作

2021-07-21 00:10:11 开始操作号码 【1399720】
2021-07-21 00:10:14 GSD getOne 第 1 次 等待 3 秒
2021-07-21 00:10:17 查询号码 【1399720】，返回信息 {"status":"ok","msg":"青海-西宁","gid":"14581","time_insert":"2017-07-31 16:13","time_update":"2020-12-15 18:50"}
2021-07-21 00:10:17 查询号码 【1399720】，GSD为【"青海-西宁"】

2021-07-21 00:10:17 开始第 38 次操作

2021-07-21 00:10:17 开始操作号码 【1399719】
2021-07-21 00:10:54 GSD getOne 第 1 次 等待 3 秒
2021-07-21 00:10:57 查询号码 【1399719】，返回信息 {"status":"bad","msg":""}
2021-07-21 00:10:58 查询号码 【1399719】，GSD为【""】
2021-07-21 00:10:58 bad
2021-07-21 00:10:59 CHB 1399719?1626797458 第 1 次 等待 3 秒
2021-07-21 00:11:02 CHB 1399719?1626797458 第 1 次 获取到号码【1399719】GSD
2021-07-21 00:11:02 获取到号码【1399719】的GSD为【青海-西宁】
2021-07-21 00:11:16 GSD insert 第 1 次 等待 3 秒
2021-07-21 00:11:19 {"status":"ok","gid":341360,"msg":"添加成功！"}
2021-07-21 00:11:19 下次操作: 2021-07-21 00:11:41

2021-07-21 00:11:41 开始第 39 次操作

2021-07-21 00:11:41 开始操作号码 【1399718】
2021-07-21 00:12:14 GSD getOne 第 1 次 等待 3 秒
2021-07-21 00:12:17 查询号码 【1399718】，返回信息 {"status":"bad","msg":""}
2021-07-21 00:12:17 查询号码 【1399718】，GSD为【""】
2021-07-21 00:12:17 bad
2021-07-21 00:12:19 CHB 1399718?1626797537 第 1 次 等待 3 秒
2021-07-21 00:12:22 CHB 1399718?1626797537 第 1 次 获取到号码【1399718】GSD
2021-07-21 00:12:22 获取到号码【1399718】的GSD为【青海-西宁】
2021-07-21 00:12:25 GSD insert 第 1 次 等待 3 秒
2021-07-21 00:12:28 {"status":"ok","gid":341372,"msg":"添加成功！"}
2021-07-21 00:12:28 下次操作: 2021-07-21 00:12:47

2021-07-21 00:12:47 开始第 40 次操作

2021-07-21 00:12:47 开始操作号码 【1399717】
2021-07-21 00:12:56 GSD getOne 第 1 次 等待 3 秒
2021-07-21 00:12:59 查询号码 【1399717】，返回信息 {"status":"bad","msg":""}
2021-07-21 00:12:59 查询号码 【1399717】，GSD为【""】
2021-07-21 00:12:59 bad
2021-07-21 00:13:05 CHB 1399717?1626797580 第 1 次 等待 3 秒
2021-07-21 00:13:08 CHB 1399717?1626797580 第 1 次 获取到号码【1399717】GSD
2021-07-21 00:13:08 获取到号码【1399717】的GSD为【青海-西宁】
2021-07-21 00:13:17 GSD insert 第 1 次 等待 3 秒
2021-07-21 00:13:20 {"status":"ok","gid":341380,"msg":"添加成功！"}

2021-07-21 01:00:51 开始第 1 次操作

2021-07-21 01:00:51 开始操作号码 【1399716】
2021-07-21 01:00:54 GSD getOne 第 1 次 等待 3 秒
2021-07-21 01:00:57 查询号码 【1399716】，返回信息 {"status":"bad","msg":""}
2021-07-21 01:00:57 查询号码 【1399716】，GSD为【""】
2021-07-21 01:00:57 bad
2021-07-21 01:00:58 CHB 1399716?1626800457 第 1 次 等待 3 秒
2021-07-21 01:01:01 CHB 1399716?1626800457 第 1 次 未获取到 等待 20 秒 下次操作: 2021-07-21 01:01:21
2021-07-21 01:01:21 CHB 1399716?1626800481 第 2 次 等待 3 秒
2021-07-21 01:01:24 CHB 1399716?1626800481 第 2 次 未获取到 等待 24 秒 下次操作: 2021-07-21 01:01:48
2021-07-21 01:01:49 CHB 1399716?1626800508 第 3 次 等待 3 秒
2021-07-21 01:01:52 CHB 1399716?1626800508 第 3 次 跳过号码【1399716】
2021-07-21 01:01:52 未获取到号码【1399716】源码
2021-07-21 01:01:52 获取到号码【1399716】的GSD为【-】
2021-07-21 01:01:55 GSD insert 第 1 次 等待 3 秒
2021-07-21 01:01:58 {"status":"ok","gid":341586,"msg":"添加成功！"}
2021-07-21 01:01:58 下次操作: 2021-07-21 01:02:21

2021-07-21 01:02:21 开始第 2 次操作

2021-07-21 01:02:21 开始操作号码 【1399715】
2021-07-21 01:02:24 GSD getOne 第 1 次 等待 3 秒
2021-07-21 01:02:27 查询号码 【1399715】，返回信息 {"status":"bad","msg":""}
2021-07-21 01:02:27 查询号码 【1399715】，GSD为【""】
2021-07-21 01:02:27 bad
2021-07-21 01:02:28 CHB 1399715?1626800547 第 1 次 等待 3 秒
2021-07-21 01:02:31 CHB 1399715?1626800547 第 1 次 未获取到 等待 19 秒 下次操作: 2021-07-21 01:02:50
2021-07-21 01:02:51 CHB 1399715?1626800570 第 2 次 等待 3 秒
2021-07-21 01:02:54 CHB 1399715?1626800570 第 2 次 未获取到 等待 20 秒 下次操作: 2021-07-21 01:03:14
2021-07-21 01:03:14 CHB 1399715?1626800594 第 3 次 等待 3 秒
2021-07-21 01:03:17 CHB 1399715?1626800594 第 3 次 跳过号码【1399715】
2021-07-21 01:03:17 未获取到号码【1399715】源码
2021-07-21 01:03:17 获取到号码【1399715】的GSD为【-】
2021-07-21 01:03:22 GSD insert 第 1 次 等待 3 秒
2021-07-21 01:03:25 {"status":"ok","gid":341595,"msg":"添加成功！"}
2021-07-21 01:03:25 下次操作: 2021-07-21 01:03:38

2021-07-21 01:03:38 开始第 3 次操作

2021-07-21 01:03:38 开始操作号码 【1399714】
2021-07-21 01:03:41 GSD getOne 第 1 次 等待 3 秒
2021-07-21 01:03:44 查询号码 【1399714】，返回信息 {"status":"bad","msg":""}
2021-07-21 01:03:44 查询号码 【1399714】，GSD为【""】
2021-07-21 01:03:44 bad
2021-07-21 01:03:45 CHB 1399714?1626800624 第 1 次 等待 3 秒
2021-07-21 01:03:48 CHB 1399714?1626800624 第 1 次 未获取到 等待 19 秒 下次操作: 2021-07-21 01:04:07
2021-07-21 01:04:08 CHB 1399714?1626800647 第 2 次 等待 3 秒
2021-07-21 01:04:11 CHB 1399714?1626800647 第 2 次 未获取到 等待 21 秒 下次操作: 2021-07-21 01:04:32
2021-07-21 01:04:32 CHB 1399714?1626800672 第 3 次 等待 3 秒
2021-07-21 01:04:35 CHB 1399714?1626800672 第 3 次 跳过号码【1399714】
2021-07-21 01:04:35 未获取到号码【1399714】源码
2021-07-21 01:04:35 获取到号码【1399714】的GSD为【-】
2021-07-21 01:04:39 GSD insert 第 1 次 等待 3 秒
2021-07-21 01:04:42 {"status":"ok","gid":341608,"msg":"添加成功！"}
2021-07-21 01:04:42 下次操作: 2021-07-21 01:05:04

2021-07-21 01:05:04 开始第 4 次操作

2021-07-21 01:05:04 开始操作号码 【1399713】
2021-07-21 01:05:10 GSD getOne 第 1 次 等待 3 秒
2021-07-21 01:05:13 查询号码 【1399713】，返回信息 {"status":"bad","msg":""}
2021-07-21 01:05:13 查询号码 【1399713】，GSD为【""】
2021-07-21 01:05:13 bad
2021-07-21 01:05:14 CHB 1399713?1626800713 第 1 次 等待 3 秒
2021-07-21 01:05:17 CHB 1399713?1626800713 第 1 次 未获取到 等待 14 秒 下次操作: 2021-07-21 01:05:31
2021-07-21 01:05:31 CHB 1399713?1626800731 第 2 次 等待 3 秒
2021-07-21 01:05:34 CHB 1399713?1626800731 第 2 次 未获取到 等待 13 秒 下次操作: 2021-07-21 01:05:47
2021-07-21 01:05:48 CHB 1399713?1626800747 第 3 次 等待 3 秒
2021-07-21 01:05:51 CHB 1399713?1626800747 第 3 次 跳过号码【1399713】
2021-07-21 01:05:51 未获取到号码【1399713】源码
2021-07-21 01:05:51 获取到号码【1399713】的GSD为【-】
2021-07-21 01:05:55 GSD insert 第 1 次 等待 3 秒
2021-07-21 01:05:58 {"status":"ok","gid":341622,"msg":"添加成功！"}
2021-07-21 01:05:58 下次操作: 2021-07-21 01:06:19

2021-07-21 01:06:19 开始第 5 次操作

2021-07-21 01:06:19 开始操作号码 【1399712】
2021-07-21 01:06:23 GSD getOne 第 1 次 等待 3 秒
2021-07-21 01:06:26 查询号码 【1399712】，返回信息 {"status":"bad","msg":""}
2021-07-21 01:06:26 查询号码 【1399712】，GSD为【""】
2021-07-21 01:06:26 bad
2021-07-21 01:06:27 CHB 1399712?1626800786 第 1 次 等待 3 秒
2021-07-21 01:06:30 CHB 1399712?1626800786 第 1 次 未获取到 等待 20 秒 下次操作: 2021-07-21 01:06:50
2021-07-21 01:06:50 CHB 1399712?1626800810 第 2 次 等待 3 秒
2021-07-21 01:06:53 CHB 1399712?1626800810 第 2 次 未获取到 等待 20 秒 下次操作: 2021-07-21 01:07:13
2021-07-21 01:07:14 CHB 1399712?1626800833 第 3 次 等待 3 秒
2021-07-21 01:07:17 CHB 1399712?1626800833 第 3 次 跳过号码【1399712】
2021-07-21 01:07:17 未获取到号码【1399712】源码
2021-07-21 01:07:17 获取到号码【1399712】的GSD为【-】
2021-07-21 01:07:20 GSD insert 第 1 次 等待 3 秒
2021-07-21 01:07:23 {"status":"ok","gid":341635,"msg":"添加成功！"}
2021-07-21 01:07:23 下次操作: 2021-07-21 01:07:40

2021-07-21 01:07:40 开始第 6 次操作

2021-07-21 01:07:40 开始操作号码 【1399711】
2021-07-21 01:07:44 GSD getOne 第 1 次 等待 3 秒
2021-07-21 01:07:47 查询号码 【1399711】，返回信息 {"status":"bad","msg":""}
2021-07-21 01:07:47 查询号码 【1399711】，GSD为【""】
2021-07-21 01:07:47 bad
2021-07-21 01:07:47 CHB 1399711?1626800867 第 1 次 等待 3 秒
2021-07-21 01:07:50 CHB 1399711?1626800867 第 1 次 未获取到 等待 20 秒 下次操作: 2021-07-21 01:08:10
2021-07-21 01:08:11 CHB 1399711?1626800890 第 2 次 等待 3 秒
2021-07-21 01:08:14 CHB 1399711?1626800890 第 2 次 未获取到 等待 18 秒 下次操作: 2021-07-21 01:08:32
2021-07-21 01:08:32 CHB 1399711?1626800912 第 3 次 等待 3 秒
2021-07-21 01:08:35 CHB 1399711?1626800912 第 3 次 跳过号码【1399711】
2021-07-21 01:08:35 未获取到号码【1399711】源码
2021-07-21 01:08:35 获取到号码【1399711】的GSD为【-】
2021-07-21 01:08:38 GSD insert 第 1 次 等待 3 秒
2021-07-21 01:08:41 {"status":"ok","gid":341649,"msg":"添加成功！"}
2021-07-21 01:08:41 下次操作: 2021-07-21 01:09:01

2021-07-21 01:09:01 开始第 7 次操作

2021-07-21 01:09:01 开始操作号码 【1399710】
2021-07-21 01:09:07 GSD getOne 第 1 次 等待 3 秒
2021-07-21 01:09:10 查询号码 【1399710】，返回信息 {"status":"bad","msg":""}
2021-07-21 01:09:10 查询号码 【1399710】，GSD为【""】
2021-07-21 01:09:10 bad
2021-07-21 01:09:15 CHB 1399710?1626800950 第 1 次 等待 3 秒
2021-07-21 01:09:18 CHB 1399710?1626800950 第 1 次 未获取到 等待 21 秒 下次操作: 2021-07-21 01:09:39
2021-07-21 01:09:39 CHB 1399710?1626800979 第 2 次 等待 3 秒
2021-07-21 01:09:42 CHB 1399710?1626800979 第 2 次 未获取到 等待 20 秒 下次操作: 2021-07-21 01:10:02
2021-07-21 01:10:03 CHB 1399710?1626801002 第 3 次 等待 3 秒
2021-07-21 01:10:06 CHB 1399710?1626801002 第 3 次 跳过号码【1399710】
2021-07-21 01:10:06 未获取到号码【1399710】源码
2021-07-21 01:10:06 获取到号码【1399710】的GSD为【-】
2021-07-21 01:10:08 GSD insert 第 1 次 等待 3 秒
2021-07-21 01:10:11 {"status":"ok","gid":341664,"msg":"添加成功！"}
2021-07-21 01:10:11 下次操作: 2021-07-21 01:10:31

2021-07-21 01:10:31 开始第 8 次操作

2021-07-21 01:10:31 开始操作号码 【1399709】
2021-07-21 01:10:34 GSD getOne 第 1 次 等待 3 秒
2021-07-21 01:10:37 查询号码 【1399709】，返回信息 {"status":"bad","msg":""}
2021-07-21 01:10:37 查询号码 【1399709】，GSD为【""】
2021-07-21 01:10:37 bad
2021-07-21 01:10:38 CHB 1399709?1626801037 第 1 次 等待 3 秒
2021-07-21 01:10:41 CHB 1399709?1626801037 第 1 次 未获取到 等待 20 秒 下次操作: 2021-07-21 01:11:01
2021-07-21 01:11:01 CHB 1399709?1626801061 第 2 次 等待 3 秒
2021-07-21 01:11:04 CHB 1399709?1626801061 第 2 次 未获取到 等待 13 秒 下次操作: 2021-07-21 01:11:17
2021-07-21 01:11:18 CHB 1399709?1626801077 第 3 次 等待 3 秒
2021-07-21 01:11:21 CHB 1399709?1626801077 第 3 次 跳过号码【1399709】
2021-07-21 01:11:21 未获取到号码【1399709】源码
2021-07-21 01:11:21 获取到号码【1399709】的GSD为【-】
2021-07-21 01:11:26 GSD insert 第 1 次 等待 3 秒
2021-07-21 01:11:29 {"status":"ok","gid":341678,"msg":"添加成功！"}
2021-07-21 01:11:29 下次操作: 2021-07-21 01:11:47

2021-07-21 01:11:47 开始第 9 次操作

2021-07-21 01:11:47 开始操作号码 【1399708】
2021-07-21 01:11:51 GSD getOne 第 1 次 等待 3 秒
2021-07-21 01:11:54 查询号码 【1399708】，返回信息 {"status":"ok","msg":"青海-西宁","gid":"14580","time_insert":"2017-04-19 11:23","time_update":"2020-12-15 18:46"}
2021-07-21 01:11:54 查询号码 【1399708】，GSD为【"青海-西宁"】

2021-07-21 01:11:54 开始第 9 次操作

2021-07-21 01:11:54 开始操作号码 【1399707】
2021-07-21 01:11:58 GSD getOne 第 1 次 等待 3 秒
2021-07-21 01:12:01 查询号码 【1399707】，返回信息 {"status":"bad","msg":""}
2021-07-21 01:12:01 查询号码 【1399707】，GSD为【""】
2021-07-21 01:12:01 bad
2021-07-21 01:12:01 CHB 1399707?1626801121 第 1 次 等待 3 秒
2021-07-21 01:12:04 CHB 1399707?1626801121 第 1 次 未获取到 等待 16 秒 下次操作: 2021-07-21 01:12:20
2021-07-21 01:12:21 CHB 1399707?1626801140 第 2 次 等待 3 秒
2021-07-21 01:12:24 CHB 1399707?1626801140 第 2 次 未获取到 等待 16 秒 下次操作: 2021-07-21 01:12:40
2021-07-21 01:12:40 CHB 1399707?1626801160 第 3 次 等待 3 秒
2021-07-21 01:12:43 CHB 1399707?1626801160 第 3 次 跳过号码【1399707】
2021-07-21 01:12:43 未获取到号码【1399707】源码
2021-07-21 01:12:43 获取到号码【1399707】的GSD为【-】
2021-07-21 01:12:46 GSD insert 第 1 次 等待 3 秒
2021-07-21 01:12:49 {"status":"ok","gid":341696,"msg":"添加成功！"}
2021-07-21 01:12:49 下次操作: 2021-07-21 01:13:13

2021-07-21 01:13:13 开始第 10 次操作

2021-07-21 01:13:13 开始操作号码 【1399706】
2021-07-21 01:13:20 GSD getOne 第 1 次 等待 3 秒
2021-07-21 01:13:23 查询号码 【1399706】，返回信息 {"status":"ok","msg":"青海-西宁","gid":"14579","time_insert":"2015-10-03 02:46","time_update":"2020-12-15 18:41"}
2021-07-21 01:13:23 查询号码 【1399706】，GSD为【"青海-西宁"】

2021-07-21 01:13:23 开始第 10 次操作

2021-07-21 01:13:23 开始操作号码 【1399705】
2021-07-21 01:13:27 GSD getOne 第 1 次 等待 3 秒
2021-07-21 01:13:30 查询号码 【1399705】，返回信息 {"status":"bad","msg":""}
2021-07-21 01:13:30 查询号码 【1399705】，GSD为【""】
2021-07-21 01:13:30 bad
2021-07-21 01:13:31 CHB 1399705?1626801210 第 1 次 等待 3 秒
2021-07-21 01:13:34 CHB 1399705?1626801210 第 1 次 未获取到 等待 20 秒 下次操作: 2021-07-21 01:13:54
2021-07-21 01:13:54 CHB 1399705?1626801234 第 2 次 等待 3 秒
2021-07-21 01:13:57 CHB 1399705?1626801234 第 2 次 未获取到 等待 17 秒 下次操作: 2021-07-21 01:14:14
2021-07-21 01:14:15 CHB 1399705?1626801254 第 3 次 等待 3 秒
2021-07-21 01:14:18 CHB 1399705?1626801254 第 3 次 跳过号码【1399705】
2021-07-21 01:14:18 未获取到号码【1399705】源码
2021-07-21 01:14:18 获取到号码【1399705】的GSD为【-】
2021-07-21 01:14:22 GSD insert 第 1 次 等待 3 秒
2021-07-21 01:14:25 {"status":"ok","gid":341714,"msg":"添加成功！"}
2021-07-21 01:14:25 下次操作: 2021-07-21 01:14:39

2021-07-21 01:14:39 开始第 11 次操作

2021-07-21 01:14:39 开始操作号码 【1399704】
2021-07-21 01:14:42 GSD getOne 第 1 次 等待 3 秒
2021-07-21 01:14:45 查询号码 【1399704】，返回信息 {"status":"bad","msg":""}
2021-07-21 01:14:45 查询号码 【1399704】，GSD为【""】
2021-07-21 01:14:45 bad
2021-07-21 01:14:46 CHB 1399704?1626801285 第 1 次 等待 3 秒
2021-07-21 01:14:49 CHB 1399704?1626801285 第 1 次 未获取到 等待 24 秒 下次操作: 2021-07-21 01:15:13
2021-07-21 01:15:13 CHB 1399704?1626801313 第 2 次 等待 3 秒
2021-07-21 01:15:16 CHB 1399704?1626801313 第 2 次 未获取到 等待 20 秒 下次操作: 2021-07-21 01:15:36
2021-07-21 01:15:37 CHB 1399704?1626801336 第 3 次 等待 3 秒
2021-07-21 01:15:40 CHB 1399704?1626801336 第 3 次 跳过号码【1399704】
2021-07-21 01:15:40 未获取到号码【1399704】源码
2021-07-21 01:15:40 获取到号码【1399704】的GSD为【-】
2021-07-21 01:15:43 GSD insert 第 1 次 等待 3 秒
2021-07-21 01:15:46 {"status":"ok","gid":341730,"msg":"添加成功！"}
2021-07-21 01:15:46 下次操作: 2021-07-21 01:16:04

2021-07-21 01:16:04 开始第 12 次操作

2021-07-21 01:16:04 开始操作号码 【1399703】
2021-07-21 01:16:08 GSD getOne 第 1 次 等待 3 秒
2021-07-21 01:16:11 查询号码 【1399703】，返回信息 {"status":"ok","msg":"青海-西宁","gid":"14578","time_insert":"2018-03-25 13:29","time_update":"2020-12-15 18:38"}
2021-07-21 01:16:11 查询号码 【1399703】，GSD为【"青海-西宁"】

2021-07-21 01:16:11 开始第 12 次操作

2021-07-21 01:16:11 开始操作号码 【1399702】
2021-07-21 01:16:14 GSD getOne 第 1 次 等待 3 秒
2021-07-21 01:16:17 查询号码 【1399702】，返回信息 {"status":"ok","msg":"青海-海东","gid":"14577","time_insert":"2017-03-13 22:17","time_update":"2020-12-15 18:33"}
2021-07-21 01:16:17 查询号码 【1399702】，GSD为【"青海-海东"】

2021-07-21 01:16:17 开始第 12 次操作

2021-07-21 01:16:17 开始操作号码 【1399701】
2021-07-21 01:16:23 GSD getOne 第 1 次 等待 3 秒
2021-07-21 01:16:26 查询号码 【1399701】，返回信息 {"status":"bad","msg":""}
2021-07-21 01:16:26 查询号码 【1399701】，GSD为【""】
2021-07-21 01:16:26 bad
2021-07-21 01:16:27 CHB 1399701?1626801386 第 1 次 等待 3 秒
2021-07-21 01:16:30 CHB 1399701?1626801386 第 1 次 未获取到 等待 24 秒 下次操作: 2021-07-21 01:16:54
2021-07-21 01:16:59 CHB 1399701?1626801414 第 2 次 等待 3 秒
2021-07-21 01:17:02 CHB 1399701?1626801414 第 2 次 未获取到 等待 18 秒 下次操作: 2021-07-21 01:17:20
2021-07-21 01:17:20 CHB 1399701?1626801440 第 3 次 等待 3 秒
2021-07-21 01:17:23 CHB 1399701?1626801440 第 3 次 跳过号码【1399701】
2021-07-21 01:17:23 未获取到号码【1399701】源码
2021-07-21 01:17:23 获取到号码【1399701】的GSD为【-】
2021-07-21 01:17:26 GSD insert 第 1 次 等待 3 秒
2021-07-21 01:17:29 {"status":"ok","gid":341745,"msg":"添加成功！"}
2021-07-21 01:17:29 下次操作: 2021-07-21 01:17:50

2021-07-21 01:17:50 开始第 13 次操作

2021-07-21 01:17:50 开始操作号码 【1399700】
2021-07-21 01:17:53 GSD getOne 第 1 次 等待 3 秒
2021-07-21 01:17:56 查询号码 【1399700】，返回信息 {"status":"ok","msg":"青海-西宁","gid":"14576","time_insert":"2019-02-17 20:38","time_update":"2020-12-15 20:07"}
2021-07-21 01:17:56 查询号码 【1399700】，GSD为【"青海-西宁"】

2021-07-21 01:17:56 开始第 13 次操作

2021-07-21 01:17:56 开始操作号码 【1399699】
2021-07-21 01:18:00 GSD getOne 第 1 次 等待 3 秒
2021-07-21 01:18:03 查询号码 【1399699】，返回信息 {"status":"ok","msg":"重庆-黔江","gid":"14575","time_insert":"2019-09-12 10:44","time_update":"2021-01-08 04:29"}
2021-07-21 01:18:03 查询号码 【1399699】，GSD为【"重庆-黔江"】

2021-07-21 01:18:03 开始第 13 次操作

2021-07-21 01:18:03 开始操作号码 【1399698】
2021-07-21 01:18:06 GSD getOne 第 1 次 等待 3 秒
2021-07-21 01:18:09 查询号码 【1399698】，返回信息 {"status":"ok","msg":"重庆-黔江","gid":"14574","time_insert":"2014-09-29 22:44","time_update":"2021-01-08 04:28"}
2021-07-21 01:18:09 查询号码 【1399698】，GSD为【"重庆-黔江"】

2021-07-21 01:18:09 开始第 13 次操作

2021-07-21 01:18:09 开始操作号码 【1399697】
2021-07-21 01:18:12 GSD getOne 第 1 次 等待 3 秒
2021-07-21 01:18:15 查询号码 【1399697】，返回信息 {"status":"ok","msg":"重庆-黔江","gid":"14573","time_insert":"2017-04-19 11:23","time_update":"2021-01-08 04:22"}
2021-07-21 01:18:15 查询号码 【1399697】，GSD为【"重庆-黔江"】

2021-07-21 01:18:15 开始第 13 次操作

2021-07-21 01:18:15 开始操作号码 【1399696】
2021-07-21 01:18:19 GSD getOne 第 1 次 等待 3 秒
2021-07-21 01:18:22 查询号码 【1399696】，返回信息 {"status":"bad","msg":""}
2021-07-21 01:18:22 查询号码 【1399696】，GSD为【""】
2021-07-21 01:18:22 bad
2021-07-21 01:18:22 CHB 1399696?1626801502 第 1 次 等待 3 秒
2021-07-21 01:18:25 CHB 1399696?1626801502 第 1 次 未获取到 等待 18 秒 下次操作: 2021-07-21 01:18:43
2021-07-21 01:18:44 CHB 1399696?1626801523 第 2 次 等待 3 秒
2021-07-21 01:18:47 CHB 1399696?1626801523 第 2 次 未获取到 等待 20 秒 下次操作: 2021-07-21 01:19:07
2021-07-21 01:19:08 CHB 1399696?1626801547 第 3 次 等待 3 秒
2021-07-21 01:19:11 CHB 1399696?1626801547 第 3 次 跳过号码【1399696】
2021-07-21 01:19:11 未获取到号码【1399696】源码
2021-07-21 01:19:11 获取到号码【1399696】的GSD为【-】
2021-07-21 01:19:16 GSD insert 第 1 次 等待 3 秒
2021-07-21 01:19:19 {"status":"ok","gid":341763,"msg":"添加成功！"}
2021-07-21 01:19:19 下次操作: 2021-07-21 01:19:40

2021-07-21 01:19:40 开始第 14 次操作

2021-07-21 01:19:40 开始操作号码 【1399695】
2021-07-21 01:19:43 GSD getOne 第 1 次 等待 3 秒
2021-07-21 01:19:46 查询号码 【1399695】，返回信息 {"status":"bad","msg":""}
2021-07-21 01:19:46 查询号码 【1399695】，GSD为【""】
2021-07-21 01:19:46 bad
2021-07-21 01:19:47 CHB 1399695?1626801586 第 1 次 等待 3 秒
2021-07-21 01:19:50 CHB 1399695?1626801586 第 1 次 未获取到 等待 23 秒 下次操作: 2021-07-21 01:20:13
2021-07-21 01:20:14 CHB 1399695?1626801613 第 2 次 等待 3 秒
2021-07-21 01:20:17 CHB 1399695?1626801613 第 2 次 未获取到 等待 21 秒 下次操作: 2021-07-21 01:20:38
2021-07-21 01:20:38 CHB 1399695?1626801638 第 3 次 等待 3 秒
2021-07-21 01:20:41 CHB 1399695?1626801638 第 3 次 跳过号码【1399695】
2021-07-21 01:20:41 未获取到号码【1399695】源码
2021-07-21 01:20:41 获取到号码【1399695】的GSD为【-】
2021-07-21 01:20:45 GSD insert 第 1 次 等待 3 秒
2021-07-21 01:20:48 {"status":"ok","gid":341780,"msg":"添加成功！"}
2021-07-21 01:20:48 下次操作: 2021-07-21 01:21:10

2021-07-21 01:21:10 开始第 15 次操作

2021-07-21 01:21:10 开始操作号码 【1399694】
2021-07-21 01:21:13 GSD getOne 第 1 次 等待 3 秒
2021-07-21 01:21:16 查询号码 【1399694】，返回信息 {"status":"ok","msg":"重庆-黔江","gid":"14572","time_insert":"2018-05-26 17:51","time_update":"2021-01-08 04:17"}
2021-07-21 01:21:16 查询号码 【1399694】，GSD为【"重庆-黔江"】

2021-07-21 01:21:16 开始第 15 次操作

2021-07-21 01:21:16 开始操作号码 【1399693】
2021-07-21 01:21:19 GSD getOne 第 1 次 等待 3 秒
2021-07-21 01:21:22 查询号码 【1399693】，返回信息 {"status":"ok","msg":"重庆-黔江","gid":"14571","time_insert":"2017-05-09 15:54","time_update":"2021-01-08 04:15"}
2021-07-21 01:21:22 查询号码 【1399693】，GSD为【"重庆-黔江"】

2021-07-21 01:21:22 开始第 15 次操作

2021-07-21 01:21:22 开始操作号码 【1399692】
2021-07-21 01:21:25 GSD getOne 第 1 次 等待 3 秒
2021-07-21 01:21:28 查询号码 【1399692】，返回信息 {"status":"ok","msg":"重庆-黔江","gid":"14570","time_insert":"2020-05-29 11:41","time_update":"2021-01-08 04:10"}
2021-07-21 01:21:28 查询号码 【1399692】，GSD为【"重庆-黔江"】

2021-07-21 01:21:28 开始第 15 次操作

2021-07-21 01:21:28 开始操作号码 【1399691】
2021-07-21 01:21:31 GSD getOne 第 1 次 等待 3 秒
2021-07-21 01:21:34 查询号码 【1399691】，返回信息 {"status":"ok","msg":"重庆-黔江","gid":"14569","time_insert":"2015-04-14 19:05","time_update":"2021-01-08 04:04"}
2021-07-21 01:21:34 查询号码 【1399691】，GSD为【"重庆-黔江"】

2021-07-21 01:21:34 开始第 15 次操作

2021-07-21 01:21:34 开始操作号码 【1399690】
2021-07-21 01:21:36 GSD getOne 第 1 次 等待 3 秒
2021-07-21 01:21:39 查询号码 【1399690】，返回信息 {"status":"ok","msg":"重庆-黔江","gid":"51473","time_insert":"2021-04-22 09:50"}
2021-07-21 01:21:39 查询号码 【1399690】，GSD为【"重庆-黔江"】

2021-07-21 01:21:40 开始第 15 次操作

2021-07-21 01:21:40 开始操作号码 【1399689】
2021-07-21 01:21:42 GSD getOne 第 1 次 等待 3 秒
2021-07-21 01:21:45 查询号码 【1399689】，返回信息 {"status":"ok","msg":"重庆-涪陵","gid":"14568","time_insert":"2019-09-10 20:46","time_update":"2021-01-08 04:03"}
2021-07-21 01:21:45 查询号码 【1399689】，GSD为【"重庆-涪陵"】

2021-07-21 01:21:45 开始第 15 次操作

2021-07-21 01:21:45 开始操作号码 【1399688】
2021-07-21 01:21:50 GSD getOne 第 1 次 等待 3 秒
2021-07-21 01:21:53 查询号码 【1399688】，返回信息 {"status":"ok","msg":"重庆-涪陵","gid":"51464","time_insert":"2021-04-22 09:49"}
2021-07-21 01:21:53 查询号码 【1399688】，GSD为【"重庆-涪陵"】

2021-07-21 01:21:53 开始第 15 次操作

2021-07-21 01:21:53 开始操作号码 【1399687】
2021-07-21 01:21:57 GSD getOne 第 1 次 等待 3 秒
2021-07-21 01:22:00 查询号码 【1399687】，返回信息 {"status":"ok","msg":"重庆-涪陵","gid":"14567","time_insert":"2017-04-20 16:34","time_update":"2021-01-08 03:57"}
2021-07-21 01:22:00 查询号码 【1399687】，GSD为【"重庆-涪陵"】

2021-07-21 01:22:00 开始第 15 次操作

2021-07-21 01:22:00 开始操作号码 【1399686】
2021-07-21 01:22:04 GSD getOne 第 1 次 等待 3 秒
2021-07-21 01:22:07 查询号码 【1399686】，返回信息 {"status":"ok","msg":"重庆-涪陵","gid":"14566","time_insert":"2017-05-02 22:54","time_update":"2021-01-08 03:52"}
2021-07-21 01:22:07 查询号码 【1399686】，GSD为【"重庆-涪陵"】

2021-07-21 01:22:07 开始第 15 次操作

2021-07-21 01:22:07 开始操作号码 【1399685】
2021-07-21 01:22:09 GSD getOne 第 1 次 等待 3 秒
2021-07-21 01:22:12 查询号码 【1399685】，返回信息 {"status":"ok","msg":"重庆-涪陵","gid":"14565","time_insert":"2017-03-29 14:00","time_update":"2021-01-08 03:48"}
2021-07-21 01:22:13 查询号码 【1399685】，GSD为【"重庆-涪陵"】

2021-07-21 01:22:13 开始第 15 次操作

2021-07-21 01:22:13 开始操作号码 【1399684】
2021-07-21 01:22:16 GSD getOne 第 1 次 等待 3 秒
2021-07-21 01:22:19 查询号码 【1399684】，返回信息 {"status":"ok","msg":"重庆-涪陵","gid":"14564","time_insert":"2017-07-31 10:12","time_update":"2021-01-08 03:43"}
2021-07-21 01:22:19 查询号码 【1399684】，GSD为【"重庆-涪陵"】

2021-07-21 01:22:19 开始第 15 次操作

2021-07-21 01:22:19 开始操作号码 【1399683】
2021-07-21 01:22:22 GSD getOne 第 1 次 等待 3 秒
2021-07-21 01:22:25 查询号码 【1399683】，返回信息 {"status":"ok","msg":"重庆-涪陵","gid":"14563","time_insert":"2019-09-07 14:17","time_update":"2021-01-08 03:38"}
2021-07-21 01:22:25 查询号码 【1399683】，GSD为【"重庆-涪陵"】

2021-07-21 01:22:25 开始第 15 次操作

2021-07-21 01:22:25 开始操作号码 【1399682】
2021-07-21 01:22:27 GSD getOne 第 1 次 等待 3 秒
2021-07-21 01:22:30 查询号码 【1399682】，返回信息 {"status":"ok","msg":"重庆-涪陵","gid":"14562","time_insert":"2014-03-28 10:32","time_update":"2021-01-08 03:30"}
2021-07-21 01:22:30 查询号码 【1399682】，GSD为【"重庆-涪陵"】

2021-07-21 01:22:30 开始第 15 次操作

2021-07-21 01:22:30 开始操作号码 【1399681】
2021-07-21 01:22:33 GSD getOne 第 1 次 等待 3 秒
2021-07-21 01:22:36 查询号码 【1399681】，返回信息 {"status":"bad","msg":""}
2021-07-21 01:22:36 查询号码 【1399681】，GSD为【""】
2021-07-21 01:22:36 bad
2021-07-21 01:22:37 CHB 1399681?1626801756 第 1 次 等待 3 秒
2021-07-21 01:22:40 CHB 1399681?1626801756 第 1 次 未获取到 等待 24 秒 下次操作: 2021-07-21 01:23:04
2021-07-21 01:23:04 CHB 1399681?1626801784 第 2 次 等待 3 秒
2021-07-21 01:23:08 CHB 1399681?1626801784 第 2 次 未获取到 等待 22 秒 下次操作: 2021-07-21 01:23:30
2021-07-21 01:23:30 CHB 1399681?1626801810 第 3 次 等待 3 秒
2021-07-21 01:23:33 CHB 1399681?1626801810 第 3 次 跳过号码【1399681】
2021-07-21 01:23:33 未获取到号码【1399681】源码
2021-07-21 01:23:33 获取到号码【1399681】的GSD为【-】
2021-07-21 01:23:37 GSD insert 第 1 次 等待 3 秒
2021-07-21 01:23:40 {"status":"ok","gid":341810,"msg":"添加成功！"}
2021-07-21 01:23:40 下次操作: 2021-07-21 01:23:53

2021-07-21 01:23:53 开始第 16 次操作

2021-07-21 01:23:53 开始操作号码 【1399680】
2021-07-21 01:23:56 GSD getOne 第 1 次 等待 3 秒
2021-07-21 01:23:59 查询号码 【1399680】，返回信息 {"status":"ok","msg":"重庆-涪陵","gid":"14561","time_insert":"2017-05-10 16:05","time_update":"2021-01-08 03:23"}
2021-07-21 01:23:59 查询号码 【1399680】，GSD为【"重庆-涪陵"】

2021-07-21 01:23:59 开始第 16 次操作

2021-07-21 01:23:59 开始操作号码 【1399679】
2021-07-21 01:24:02 GSD getOne 第 1 次 等待 3 秒
2021-07-21 01:24:05 查询号码 【1399679】，返回信息 {"status":"ok","msg":"重庆-涪陵","gid":"14560","time_insert":"2018-12-21 20:05","time_update":"2021-01-08 03:17"}
2021-07-21 01:24:05 查询号码 【1399679】，GSD为【"重庆-涪陵"】

2021-07-21 01:24:05 开始第 16 次操作

2021-07-21 01:24:05 开始操作号码 【1399678】
2021-07-21 01:24:08 GSD getOne 第 1 次 等待 3 秒
2021-07-21 01:24:11 查询号码 【1399678】，返回信息 {"status":"ok","msg":"重庆-涪陵","gid":"14559","time_insert":"2018-11-26 22:00","time_update":"2021-01-08 03:09"}
2021-07-21 01:24:11 查询号码 【1399678】，GSD为【"重庆-涪陵"】

2021-07-21 01:24:11 开始第 16 次操作

2021-07-21 01:24:11 开始操作号码 【1399677】
2021-07-21 01:24:14 GSD getOne 第 1 次 等待 3 秒
2021-07-21 01:24:17 查询号码 【1399677】，返回信息 {"status":"bad","msg":""}
2021-07-21 01:24:17 查询号码 【1399677】，GSD为【""】
2021-07-21 01:24:17 bad
2021-07-21 01:24:17 CHB 1399677?1626801857 第 1 次 等待 3 秒
2021-07-21 01:24:20 CHB 1399677?1626801857 第 1 次 未获取到 等待 15 秒 下次操作: 2021-07-21 01:24:35
2021-07-21 01:24:36 CHB 1399677?1626801875 第 2 次 等待 3 秒
2021-07-21 01:24:39 CHB 1399677?1626801875 第 2 次 未获取到 等待 20 秒 下次操作: 2021-07-21 01:24:59
2021-07-21 01:25:00 CHB 1399677?1626801899 第 3 次 等待 3 秒
2021-07-21 01:25:03 CHB 1399677?1626801899 第 3 次 跳过号码【1399677】
2021-07-21 01:25:03 未获取到号码【1399677】源码
2021-07-21 01:25:03 获取到号码【1399677】的GSD为【-】
2021-07-21 01:25:06 GSD insert 第 1 次 等待 3 秒
2021-07-21 01:25:09 {"status":"ok","gid":341827,"msg":"添加成功！"}
2021-07-21 01:25:09 下次操作: 2021-07-21 01:25:26

2021-07-21 01:25:26 开始第 17 次操作

2021-07-21 01:25:26 开始操作号码 【1399676】
2021-07-21 01:25:29 GSD getOne 第 1 次 等待 3 秒
2021-07-21 01:25:32 查询号码 【1399676】，返回信息 {"status":"ok","msg":"重庆-涪陵","gid":"14558","time_insert":"2018-01-12 12:34","time_update":"2021-01-08 03:08"}
2021-07-21 01:25:32 查询号码 【1399676】，GSD为【"重庆-涪陵"】

2021-07-21 01:25:32 开始第 17 次操作

2021-07-21 01:25:32 开始操作号码 【1399675】
2021-07-21 01:25:36 GSD getOne 第 1 次 等待 3 秒
2021-07-21 01:25:39 查询号码 【1399675】，返回信息 {"status":"ok","msg":"重庆-涪陵","gid":"14557","time_insert":"2017-11-07 15:03","time_update":"2021-01-08 03:02"}
2021-07-21 01:25:39 查询号码 【1399675】，GSD为【"重庆-涪陵"】

2021-07-21 01:25:39 开始第 17 次操作

2021-07-21 01:25:39 开始操作号码 【1399674】
2021-07-21 01:25:43 GSD getOne 第 1 次 等待 3 秒
2021-07-21 01:25:46 查询号码 【1399674】，返回信息 {"status":"ok","msg":"重庆-涪陵","gid":"14556","time_insert":"2019-06-16 08:36","time_update":"2021-01-08 02:55"}
2021-07-21 01:25:46 查询号码 【1399674】，GSD为【"重庆-涪陵"】

2021-07-21 01:25:46 开始第 17 次操作

2021-07-21 01:25:46 开始操作号码 【1399673】
2021-07-21 01:25:49 GSD getOne 第 1 次 等待 3 秒
2021-07-21 01:25:52 查询号码 【1399673】，返回信息 {"status":"ok","msg":"重庆-涪陵","gid":"14555","time_insert":"2017-07-18 11:48","time_update":"2021-01-08 02:53"}
2021-07-21 01:25:52 查询号码 【1399673】，GSD为【"重庆-涪陵"】

2021-07-21 01:25:52 开始第 17 次操作

2021-07-21 01:25:52 开始操作号码 【1399672】
2021-07-21 01:25:56 GSD getOne 第 1 次 等待 3 秒
2021-07-21 01:25:59 查询号码 【1399672】，返回信息 {"status":"ok","msg":"重庆-涪陵","gid":"14554","time_insert":"2017-05-02 16:18","time_update":"2021-01-08 02:46"}
2021-07-21 01:25:59 查询号码 【1399672】，GSD为【"重庆-涪陵"】

2021-07-21 01:25:59 开始第 17 次操作

2021-07-21 01:25:59 开始操作号码 【1399671】
2021-07-21 01:26:02 GSD getOne 第 1 次 等待 3 秒
2021-07-21 01:26:05 查询号码 【1399671】，返回信息 {"status":"ok","msg":"重庆-涪陵","gid":"14553","time_insert":"2015-04-19 10:39","time_update":"2021-01-08 02:39"}
2021-07-21 01:26:05 查询号码 【1399671】，GSD为【"重庆-涪陵"】

2021-07-21 01:26:05 开始第 17 次操作

2021-07-21 01:26:05 开始操作号码 【1399670】
2021-07-21 01:26:08 GSD getOne 第 1 次 等待 3 秒
2021-07-21 01:26:11 查询号码 【1399670】，返回信息 {"status":"ok","msg":"重庆-涪陵","gid":"14552","time_insert":"2018-11-29 17:11","time_update":"2021-01-08 02:33"}
2021-07-21 01:26:12 查询号码 【1399670】，GSD为【"重庆-涪陵"】

2021-07-21 01:26:12 开始第 17 次操作

2021-07-21 01:26:12 开始操作号码 【1399669】
2021-07-21 01:26:14 GSD getOne 第 1 次 等待 3 秒
2021-07-21 01:26:17 查询号码 【1399669】，返回信息 {"status":"ok","msg":"重庆-万州","gid":"14551","time_insert":"2017-06-25 12:14","time_update":"2021-01-08 02:26"}
2021-07-21 01:26:17 查询号码 【1399669】，GSD为【"重庆-万州"】

2021-07-21 01:26:17 开始第 17 次操作

2021-07-21 01:26:17 开始操作号码 【1399668】
2021-07-21 01:26:21 GSD getOne 第 1 次 等待 3 秒
2021-07-21 01:26:24 查询号码 【1399668】，返回信息 {"status":"ok","msg":"重庆-万州","gid":"14550","time_insert":"2016-07-04 14:01","time_update":"2021-01-08 02:24"}
2021-07-21 01:26:24 查询号码 【1399668】，GSD为【"重庆-万州"】

2021-07-21 01:26:24 开始第 17 次操作

2021-07-21 01:26:24 开始操作号码 【1399667】
2021-07-21 01:26:27 GSD getOne 第 1 次 等待 3 秒
2021-07-21 01:26:30 查询号码 【1399667】，返回信息 {"status":"ok","msg":"重庆-万州","gid":"14549","time_insert":"2019-06-25 01:38","time_update":"2021-01-08 02:17"}
2021-07-21 01:26:30 查询号码 【1399667】，GSD为【"重庆-万州"】

2021-07-21 01:26:30 开始第 17 次操作

2021-07-21 01:26:30 开始操作号码 【1399666】
2021-07-21 01:26:33 GSD getOne 第 1 次 等待 3 秒
2021-07-21 01:26:36 查询号码 【1399666】，返回信息 {"status":"ok","msg":"重庆-万州","gid":"14548","time_insert":"2017-05-30 14:16","time_update":"2021-01-08 02:11"}
2021-07-21 01:26:36 查询号码 【1399666】，GSD为【"重庆-万州"】

2021-07-21 01:26:36 开始第 17 次操作

2021-07-21 01:26:36 开始操作号码 【1399665】
2021-07-21 01:26:41 GSD getOne 第 1 次 等待 3 秒
2021-07-21 01:26:44 查询号码 【1399665】，返回信息 {"status":"ok","msg":"重庆-万州","gid":"14547","time_insert":"2017-05-30 10:52","time_update":"2021-01-08 02:04"}
2021-07-21 01:26:44 查询号码 【1399665】，GSD为【"重庆-万州"】

2021-07-21 01:26:44 开始第 17 次操作

2021-07-21 01:26:44 开始操作号码 【1399664】
2021-07-21 01:26:47 GSD getOne 第 1 次 等待 3 秒
2021-07-21 01:26:50 查询号码 【1399664】，返回信息 {"status":"ok","msg":"重庆-万州","gid":"14546","time_insert":"2020-05-16 00:44","time_update":"2021-01-08 01:56"}
2021-07-21 01:26:50 查询号码 【1399664】，GSD为【"重庆-万州"】

2021-07-21 01:26:50 开始第 17 次操作

2021-07-21 01:26:50 开始操作号码 【1399663】
2021-07-21 01:26:57 GSD getOne 第 1 次 等待 3 秒
2021-07-21 01:27:00 查询号码 【1399663】，返回信息 {"status":"ok","msg":"重庆-万州","gid":"14545","time_insert":"2014-05-16 16:56","time_update":"2021-01-08 01:54"}
2021-07-21 01:27:00 查询号码 【1399663】，GSD为【"重庆-万州"】

2021-07-21 01:27:00 开始第 17 次操作

2021-07-21 01:27:00 开始操作号码 【1399662】
2021-07-21 01:27:04 GSD getOne 第 1 次 等待 3 秒
2021-07-21 01:27:07 查询号码 【1399662】，返回信息 {"status":"ok","msg":"重庆-万州","gid":"14544","time_insert":"2020-06-21 08:14","time_update":"2021-01-08 01:49"}
2021-07-21 01:27:07 查询号码 【1399662】，GSD为【"重庆-万州"】

2021-07-21 01:27:07 开始第 17 次操作

2021-07-21 01:27:07 开始操作号码 【1399661】
2021-07-21 01:27:11 GSD getOne 第 1 次 等待 3 秒
2021-07-21 01:27:14 查询号码 【1399661】，返回信息 {"status":"ok","msg":"重庆-万州","gid":"14543","time_insert":"2017-06-07 10:04","time_update":"2021-01-08 01:44"}
2021-07-21 01:27:14 查询号码 【1399661】，GSD为【"重庆-万州"】

2021-07-21 01:27:14 开始第 17 次操作

2021-07-21 01:27:14 开始操作号码 【1399660】
2021-07-21 01:27:16 GSD getOne 第 1 次 等待 3 秒
2021-07-21 01:27:19 查询号码 【1399660】，返回信息 {"status":"ok","msg":"重庆-万州","gid":"14542","time_insert":"2016-05-17 01:28","time_update":"2021-01-08 01:39"}
2021-07-21 01:27:20 查询号码 【1399660】，GSD为【"重庆-万州"】

2021-07-21 01:27:20 开始第 17 次操作

2021-07-21 01:27:20 开始操作号码 【1399659】
2021-07-21 01:27:24 GSD getOne 第 1 次 等待 3 秒
2021-07-21 01:27:27 查询号码 【1399659】，返回信息 {"status":"ok","msg":"重庆-万州","gid":"14541","time_insert":"2017-03-25 08:00","time_update":"2021-01-08 01:31"}
2021-07-21 01:27:27 查询号码 【1399659】，GSD为【"重庆-万州"】

2021-07-21 01:27:27 开始第 17 次操作

2021-07-21 01:27:27 开始操作号码 【1399658】
2021-07-21 01:27:30 GSD getOne 第 1 次 等待 3 秒
2021-07-21 01:27:33 查询号码 【1399658】，返回信息 {"status":"ok","msg":"重庆-万州","gid":"14540","time_insert":"2018-08-23 16:27","time_update":"2021-01-08 01:24"}
2021-07-21 01:27:33 查询号码 【1399658】，GSD为【"重庆-万州"】

2021-07-21 01:27:33 开始第 17 次操作

2021-07-21 01:27:33 开始操作号码 【1399657】
2021-07-21 01:27:36 GSD getOne 第 1 次 等待 3 秒
2021-07-21 01:27:39 查询号码 【1399657】，返回信息 {"status":"ok","msg":"重庆-万州","gid":"14539","time_insert":"2017-05-13 09:40","time_update":"2021-01-08 01:18"}
2021-07-21 01:27:39 查询号码 【1399657】，GSD为【"重庆-万州"】

2021-07-21 01:27:39 开始第 17 次操作

2021-07-21 01:27:39 开始操作号码 【1399656】
2021-07-21 01:27:47 GSD getOne 第 1 次 等待 3 秒
2021-07-21 01:27:50 查询号码 【1399656】，返回信息 {"status":"ok","msg":"重庆-万州","gid":"51278","time_insert":"2021-04-22 09:33"}
2021-07-21 01:27:50 查询号码 【1399656】，GSD为【"重庆-万州"】

2021-07-21 01:27:50 开始第 17 次操作

2021-07-21 01:27:50 开始操作号码 【1399655】
2021-07-21 01:27:53 GSD getOne 第 1 次 等待 3 秒
2021-07-21 01:27:56 查询号码 【1399655】，返回信息 {"status":"ok","msg":"重庆-万州","gid":"50780","time_insert":"2021-04-21 17:02"}
2021-07-21 01:27:56 查询号码 【1399655】，GSD为【"重庆-万州"】

2021-07-21 01:27:56 开始第 17 次操作

2021-07-21 01:27:56 开始操作号码 【1399654】
2021-07-21 01:28:00 GSD getOne 第 1 次 等待 3 秒
2021-07-21 01:28:03 查询号码 【1399654】，返回信息 {"status":"ok","msg":"重庆-万州","gid":"14538","time_insert":"2018-11-27 13:34","time_update":"2021-01-08 01:17"}
2021-07-21 01:28:03 查询号码 【1399654】，GSD为【"重庆-万州"】

2021-07-21 01:28:03 开始第 17 次操作

2021-07-21 01:28:03 开始操作号码 【1399653】
2021-07-21 01:28:06 GSD getOne 第 1 次 等待 3 秒
2021-07-21 01:28:09 查询号码 【1399653】，返回信息 {"status":"ok","msg":"重庆-万州","gid":"14537","time_insert":"2016-08-13 10:28","time_update":"2021-01-08 01:10"}
2021-07-21 01:28:09 查询号码 【1399653】，GSD为【"重庆-万州"】

2021-07-21 01:28:09 开始第 17 次操作

2021-07-21 01:28:09 开始操作号码 【1399652】
2021-07-21 01:28:14 GSD getOne 第 1 次 等待 3 秒
2021-07-21 01:28:17 查询号码 【1399652】，返回信息 {"status":"bad","msg":""}
2021-07-21 01:28:17 查询号码 【1399652】，GSD为【""】
2021-07-21 01:28:17 bad
2021-07-21 01:28:18 CHB 1399652?1626802097 第 1 次 等待 3 秒
2021-07-21 01:28:21 CHB 1399652?1626802097 第 1 次 未获取到 等待 15 秒 下次操作: 2021-07-21 01:28:36
2021-07-21 01:28:36 CHB 1399652?1626802116 第 2 次 等待 3 秒
2021-07-21 01:28:39 CHB 1399652?1626802116 第 2 次 未获取到 等待 15 秒 下次操作: 2021-07-21 01:28:54
2021-07-21 01:28:55 CHB 1399652?1626802134 第 3 次 等待 3 秒
2021-07-21 01:28:58 CHB 1399652?1626802134 第 3 次 跳过号码【1399652】
2021-07-21 01:28:58 未获取到号码【1399652】源码
2021-07-21 01:28:58 获取到号码【1399652】的GSD为【-】
2021-07-21 01:29:02 GSD insert 第 1 次 等待 3 秒
2021-07-21 01:29:05 {"status":"ok","gid":341856,"msg":"添加成功！"}
2021-07-21 01:29:05 下次操作: 2021-07-21 01:29:28

2021-07-21 01:29:28 开始第 18 次操作

2021-07-21 01:29:28 开始操作号码 【1399651】
2021-07-21 01:29:31 GSD getOne 第 1 次 等待 3 秒
2021-07-21 01:29:34 查询号码 【1399651】，返回信息 {"status":"ok","msg":"重庆-万州","gid":"14536","time_insert":"2017-05-11 09:33","time_update":"2021-01-08 01:04"}
2021-07-21 01:29:34 查询号码 【1399651】，GSD为【"重庆-万州"】

2021-07-21 01:29:34 开始第 18 次操作

2021-07-21 01:29:34 开始操作号码 【1399650】
2021-07-21 01:29:37 GSD getOne 第 1 次 等待 3 秒
2021-07-21 01:29:40 查询号码 【1399650】，返回信息 {"status":"ok","msg":"重庆-万州","gid":"14535","time_insert":"2018-12-21 14:45","time_update":"2021-01-08 01:02"}
2021-07-21 01:29:40 查询号码 【1399650】，GSD为【"重庆-万州"】

2021-07-21 01:29:40 开始第 18 次操作

2021-07-21 01:29:40 开始操作号码 【1399649】
2021-07-21 01:29:44 GSD getOne 第 1 次 等待 3 秒
2021-07-21 01:29:47 查询号码 【1399649】，返回信息 {"status":"ok","msg":"重庆-重庆","gid":"14534","time_insert":"2015-09-07 21:40","time_update":"2021-01-08 00:54"}
2021-07-21 01:29:47 查询号码 【1399649】，GSD为【"重庆-重庆"】

2021-07-21 01:29:47 开始第 18 次操作

2021-07-21 01:29:47 开始操作号码 【1399648】
2021-07-21 01:29:51 GSD getOne 第 1 次 等待 3 秒
2021-07-21 01:29:54 查询号码 【1399648】，返回信息 {"status":"ok","msg":"重庆-重庆","gid":"14533","time_insert":"2017-05-10 16:05","time_update":"2021-01-08 00:49"}
2021-07-21 01:29:54 查询号码 【1399648】，GSD为【"重庆-重庆"】

2021-07-21 01:29:54 开始第 18 次操作

2021-07-21 01:29:54 开始操作号码 【1399647】
2021-07-21 01:29:58 GSD getOne 第 1 次 等待 3 秒
2021-07-21 01:30:01 查询号码 【1399647】，返回信息 {"status":"ok","msg":"重庆-重庆","gid":"14532","time_insert":"2017-05-10 16:05","time_update":"2021-01-08 00:41"}
2021-07-21 01:30:02 查询号码 【1399647】，GSD为【"重庆-重庆"】

2021-07-21 01:30:02 开始第 18 次操作

2021-07-21 01:30:02 开始操作号码 【1399646】
2021-07-21 01:30:04 GSD getOne 第 1 次 等待 3 秒
2021-07-21 01:30:07 查询号码 【1399646】，返回信息 {"status":"bad","msg":""}
2021-07-21 01:30:07 查询号码 【1399646】，GSD为【""】
2021-07-21 01:30:07 bad
2021-07-21 01:30:08 CHB 1399646?1626802207 第 1 次 等待 3 秒
2021-07-21 01:30:11 CHB 1399646?1626802207 第 1 次 未获取到 等待 18 秒 下次操作: 2021-07-21 01:30:29
2021-07-21 01:30:30 CHB 1399646?1626802229 第 2 次 等待 3 秒
2021-07-21 01:30:33 CHB 1399646?1626802229 第 2 次 未获取到 等待 14 秒 下次操作: 2021-07-21 01:30:47
2021-07-21 01:30:47 CHB 1399646?1626802247 第 3 次 等待 3 秒
2021-07-21 01:30:50 CHB 1399646?1626802247 第 3 次 跳过号码【1399646】
2021-07-21 01:30:50 未获取到号码【1399646】源码
2021-07-21 01:30:50 获取到号码【1399646】的GSD为【-】
2021-07-21 01:30:54 GSD insert 第 1 次 等待 3 秒
2021-07-21 01:30:57 {"status":"ok","gid":341862,"msg":"添加成功！"}
2021-07-21 01:30:57 下次操作: 2021-07-21 01:31:10

2021-07-21 01:31:10 开始第 19 次操作

2021-07-21 01:31:10 开始操作号码 【1399645】
2021-07-21 01:31:13 GSD getOne 第 1 次 等待 3 秒
2021-07-21 01:31:16 查询号码 【1399645】，返回信息 {"status":"ok","msg":"重庆-重庆","gid":"14531","time_insert":"2020-05-27 09:13","time_update":"2021-01-08 00:35"}
2021-07-21 01:31:16 查询号码 【1399645】，GSD为【"重庆-重庆"】

2021-07-21 01:31:16 开始第 19 次操作

2021-07-21 01:31:16 开始操作号码 【1399644】
2021-07-21 01:31:19 GSD getOne 第 1 次 等待 3 秒
2021-07-21 01:31:22 查询号码 【1399644】，返回信息 {"status":"bad","msg":""}
2021-07-21 01:31:22 查询号码 【1399644】，GSD为【""】
2021-07-21 01:31:22 bad
2021-07-21 01:31:23 CHB 1399644?1626802282 第 1 次 等待 3 秒
2021-07-21 01:31:26 CHB 1399644?1626802282 第 1 次 未获取到 等待 19 秒 下次操作: 2021-07-21 01:31:45
2021-07-21 01:31:45 CHB 1399644?1626802305 第 2 次 等待 3 秒
2021-07-21 01:31:48 CHB 1399644?1626802305 第 2 次 未获取到 等待 17 秒 下次操作: 2021-07-21 01:32:05
2021-07-21 01:32:06 CHB 1399644?1626802325 第 3 次 等待 3 秒
2021-07-21 01:32:09 CHB 1399644?1626802325 第 3 次 跳过号码【1399644】
2021-07-21 01:32:09 未获取到号码【1399644】源码
2021-07-21 01:32:09 获取到号码【1399644】的GSD为【-】
2021-07-21 01:32:13 GSD insert 第 1 次 等待 3 秒
2021-07-21 01:32:16 {"status":"ok","gid":341870,"msg":"添加成功！"}
2021-07-21 01:32:16 下次操作: 2021-07-21 01:32:39

2021-07-21 01:32:39 开始第 20 次操作

2021-07-21 01:32:39 开始操作号码 【1399643】
2021-07-21 01:32:41 GSD getOne 第 1 次 等待 3 秒
2021-07-21 01:32:44 查询号码 【1399643】，返回信息 {"status":"ok","msg":"重庆-重庆","gid":"14530","time_insert":"2016-03-02 10:03","time_update":"2021-01-08 00:29"}
2021-07-21 01:32:44 查询号码 【1399643】，GSD为【"重庆-重庆"】

2021-07-21 01:32:44 开始第 20 次操作

2021-07-21 01:32:44 开始操作号码 【1399642】
2021-07-21 01:32:47 GSD getOne 第 1 次 等待 3 秒
2021-07-21 01:32:50 查询号码 【1399642】，返回信息 {"status":"ok","msg":"重庆-重庆","gid":"14529","time_insert":"2018-08-11 17:56","time_update":"2021-01-08 00:22"}
2021-07-21 01:32:50 查询号码 【1399642】，GSD为【"重庆-重庆"】

2021-07-21 01:32:50 开始第 20 次操作

2021-07-21 01:32:50 开始操作号码 【1399641】
2021-07-21 01:32:53 GSD getOne 第 1 次 等待 3 秒
2021-07-21 01:32:56 查询号码 【1399641】，返回信息 {"status":"ok","msg":"重庆-重庆","gid":"14528","time_insert":"2019-05-24 18:41","time_update":"2021-01-08 00:21"}
2021-07-21 01:32:56 查询号码 【1399641】，GSD为【"重庆-重庆"】

2021-07-21 01:32:56 开始第 20 次操作

2021-07-21 01:32:56 开始操作号码 【1399640】
2021-07-21 01:32:59 GSD getOne 第 1 次 等待 3 秒
2021-07-21 01:33:02 查询号码 【1399640】，返回信息 {"status":"ok","msg":"重庆-重庆","gid":"14527","time_insert":"2018-11-03 14:20","time_update":"2021-01-08 00:14"}
2021-07-21 01:33:02 查询号码 【1399640】，GSD为【"重庆-重庆"】

2021-07-21 01:33:02 开始第 20 次操作

2021-07-21 01:33:02 开始操作号码 【1399639】
2021-07-21 01:33:04 GSD getOne 第 1 次 等待 3 秒
2021-07-21 01:33:07 查询号码 【1399639】，返回信息 {"status":"ok","msg":"重庆-重庆","gid":"14526","time_insert":"2017-05-02 16:18","time_update":"2021-01-08 00:09"}
2021-07-21 01:33:07 查询号码 【1399639】，GSD为【"重庆-重庆"】

2021-07-21 01:33:08 开始第 20 次操作

2021-07-21 01:33:08 开始操作号码 【1399638】
2021-07-21 01:33:10 GSD getOne 第 1 次 等待 3 秒
2021-07-21 01:33:13 查询号码 【1399638】，返回信息 {"status":"ok","msg":"重庆-重庆","gid":"14525","time_insert":"2014-08-06 17:19","time_update":"2021-01-08 00:01"}
2021-07-21 01:33:13 查询号码 【1399638】，GSD为【"重庆-重庆"】

2021-07-21 01:33:13 开始第 20 次操作

2021-07-21 01:33:13 开始操作号码 【1399637】
2021-07-21 01:33:16 GSD getOne 第 1 次 等待 3 秒
2021-07-21 01:33:19 查询号码 【1399637】，返回信息 {"status":"ok","msg":"重庆-重庆","gid":"14524","time_insert":"2017-11-08 07:55","time_update":"2021-01-07 23:55"}
2021-07-21 01:33:19 查询号码 【1399637】，GSD为【"重庆-重庆"】

2021-07-21 01:33:19 开始第 20 次操作

2021-07-21 01:33:19 开始操作号码 【1399636】
2021-07-21 01:33:22 GSD getOne 第 1 次 等待 3 秒
2021-07-21 01:33:25 查询号码 【1399636】，返回信息 {"status":"ok","msg":"重庆-重庆","gid":"14523","time_insert":"2019-03-25 18:22","time_update":"2021-01-07 23:48"}
2021-07-21 01:33:25 查询号码 【1399636】，GSD为【"重庆-重庆"】

2021-07-21 01:33:25 开始第 20 次操作

2021-07-21 01:33:25 开始操作号码 【1399635】
2021-07-21 01:33:29 GSD getOne 第 1 次 等待 3 秒
2021-07-21 01:33:32 查询号码 【1399635】，返回信息 {"status":"ok","msg":"重庆-重庆","gid":"14522","time_insert":"2017-04-25 14:41","time_update":"2021-01-07 23:42"}
2021-07-21 01:33:32 查询号码 【1399635】，GSD为【"重庆-重庆"】

2021-07-21 01:33:32 开始第 20 次操作

2021-07-21 01:33:32 开始操作号码 【1399634】
2021-07-21 01:33:35 GSD getOne 第 1 次 等待 3 秒
2021-07-21 01:33:38 查询号码 【1399634】，返回信息 {"status":"bad","msg":""}
2021-07-21 01:33:38 查询号码 【1399634】，GSD为【""】
2021-07-21 01:33:38 bad
2021-07-21 01:33:38 CHB 1399634?1626802418 第 1 次 等待 3 秒
2021-07-21 01:33:41 CHB 1399634?1626802418 第 1 次 未获取到 等待 16 秒 下次操作: 2021-07-21 01:33:57
2021-07-21 01:33:58 CHB 1399634?1626802437 第 2 次 等待 3 秒
2021-07-21 01:34:01 CHB 1399634?1626802437 第 2 次 未获取到 等待 24 秒 下次操作: 2021-07-21 01:34:25
2021-07-21 01:34:26 CHB 1399634?1626802465 第 3 次 等待 3 秒
2021-07-21 01:34:29 CHB 1399634?1626802465 第 3 次 跳过号码【1399634】
2021-07-21 01:34:29 未获取到号码【1399634】源码
2021-07-21 01:34:29 获取到号码【1399634】的GSD为【-】
2021-07-21 01:34:32 GSD insert 第 1 次 等待 3 秒
2021-07-21 01:34:35 {"status":"ok","gid":341879,"msg":"添加成功！"}
2021-07-21 01:34:35 下次操作: 2021-07-21 01:34:59

2021-07-21 01:34:59 开始第 21 次操作

2021-07-21 01:34:59 开始操作号码 【1399633】
2021-07-21 01:35:03 GSD getOne 第 1 次 等待 3 秒
2021-07-21 01:35:06 查询号码 【1399633】，返回信息 {"status":"ok","msg":"重庆-重庆","gid":"14521","time_insert":"2015-03-24 17:18","time_update":"2021-01-07 23:35"}
2021-07-21 01:35:06 查询号码 【1399633】，GSD为【"重庆-重庆"】

2021-07-21 01:35:06 开始第 21 次操作

2021-07-21 01:35:06 开始操作号码 【1399632】
2021-07-21 01:35:09 GSD getOne 第 1 次 等待 3 秒
2021-07-21 01:35:12 查询号码 【1399632】，返回信息 {"status":"ok","msg":"重庆-重庆","gid":"14520","time_insert":"2017-12-06 10:06","time_update":"2021-01-07 23:29"}
2021-07-21 01:35:12 查询号码 【1399632】，GSD为【"重庆-重庆"】

2021-07-21 01:35:12 开始第 21 次操作

2021-07-21 01:35:12 开始操作号码 【1399631】
2021-07-21 01:35:16 GSD getOne 第 1 次 等待 3 秒
2021-07-21 01:35:19 查询号码 【1399631】，返回信息 {"status":"ok","msg":"重庆-重庆","gid":"14519","time_insert":"2017-05-30 10:52","time_update":"2021-01-07 23:23"}
2021-07-21 01:35:19 查询号码 【1399631】，GSD为【"重庆-重庆"】

2021-07-21 01:35:19 开始第 21 次操作

2021-07-21 01:35:19 开始操作号码 【1399630】
2021-07-21 01:35:22 GSD getOne 第 1 次 等待 3 秒
2021-07-21 01:35:25 查询号码 【1399630】，返回信息 {"status":"bad","msg":""}
2021-07-21 01:35:25 查询号码 【1399630】，GSD为【""】
2021-07-21 01:35:25 bad
2021-07-21 01:35:26 CHB 1399630?1626802525 第 1 次 等待 3 秒
2021-07-21 01:35:29 CHB 1399630?1626802525 第 1 次 未获取到 等待 19 秒 下次操作: 2021-07-21 01:35:48
2021-07-21 01:35:49 CHB 1399630?1626802548 第 2 次 等待 3 秒
2021-07-21 01:35:52 CHB 1399630?1626802548 第 2 次 未获取到 等待 13 秒 下次操作: 2021-07-21 01:36:05
2021-07-21 01:36:05 CHB 1399630?1626802565 第 3 次 等待 3 秒
2021-07-21 01:36:08 CHB 1399630?1626802565 第 3 次 跳过号码【1399630】
2021-07-21 01:36:08 未获取到号码【1399630】源码
2021-07-21 01:36:08 获取到号码【1399630】的GSD为【-】
2021-07-21 01:36:11 GSD insert 第 1 次 等待 3 秒
2021-07-21 01:36:14 {"status":"ok","gid":341889,"msg":"添加成功！"}
2021-07-21 01:36:14 下次操作: 2021-07-21 01:36:26

2021-07-21 01:36:26 开始第 22 次操作

2021-07-21 01:36:26 开始操作号码 【1399629】
2021-07-21 01:36:29 GSD getOne 第 1 次 等待 3 秒
2021-07-21 01:36:32 查询号码 【1399629】，返回信息 {"status":"ok","msg":"重庆-重庆","gid":"14518","time_insert":"2017-08-16 09:37","time_update":"2021-01-07 23:16"}
2021-07-21 01:36:32 查询号码 【1399629】，GSD为【"重庆-重庆"】

2021-07-21 01:36:32 开始第 22 次操作

2021-07-21 01:36:32 开始操作号码 【1399628】
2021-07-21 01:36:35 GSD getOne 第 1 次 等待 3 秒
2021-07-21 01:36:38 查询号码 【1399628】，返回信息 {"status":"ok","msg":"重庆-重庆","gid":"14517","time_insert":"2017-05-10 16:05","time_update":"2021-01-07 23:08"}
2021-07-21 01:36:38 查询号码 【1399628】，GSD为【"重庆-重庆"】

2021-07-21 01:36:38 开始第 22 次操作

2021-07-21 01:36:38 开始操作号码 【1399627】
2021-07-21 01:36:45 GSD getOne 第 1 次 等待 3 秒
2021-07-21 01:36:48 查询号码 【1399627】，返回信息 {"status":"ok","msg":"重庆-重庆","gid":"14516","time_insert":"2017-07-30 00:53","time_update":"2021-01-07 23:02"}
2021-07-21 01:36:48 查询号码 【1399627】，GSD为【"重庆-重庆"】

2021-07-21 01:36:48 开始第 22 次操作

2021-07-21 01:36:48 开始操作号码 【1399626】
2021-07-21 01:36:52 GSD getOne 第 1 次 等待 3 秒
2021-07-21 01:36:55 查询号码 【1399626】，返回信息 {"status":"ok","msg":"重庆-重庆","gid":"14515","time_insert":"2017-05-30 10:52","time_update":"2021-01-07 23:01"}
2021-07-21 01:36:55 查询号码 【1399626】，GSD为【"重庆-重庆"】

2021-07-21 01:36:55 开始第 22 次操作

2021-07-21 01:36:55 开始操作号码 【1399625】
2021-07-21 01:36:58 GSD getOne 第 1 次 等待 3 秒
2021-07-21 01:37:01 查询号码 【1399625】，返回信息 {"status":"ok","msg":"重庆-重庆","gid":"14514","time_insert":"2018-05-22 10:09","time_update":"2021-01-07 22:54"}
2021-07-21 01:37:01 查询号码 【1399625】，GSD为【"重庆-重庆"】

2021-07-21 01:37:01 开始第 22 次操作

2021-07-21 01:37:01 开始操作号码 【1399624】
2021-07-21 01:37:04 GSD getOne 第 1 次 等待 3 秒
2021-07-21 01:37:07 查询号码 【1399624】，返回信息 {"status":"ok","msg":"重庆-重庆","gid":"14513","time_insert":"2017-05-12 16:32","time_update":"2021-01-07 22:48"}
2021-07-21 01:37:07 查询号码 【1399624】，GSD为【"重庆-重庆"】

2021-07-21 01:37:07 开始第 22 次操作

2021-07-21 01:37:07 开始操作号码 【1399623】
2021-07-21 01:37:10 GSD getOne 第 1 次 等待 3 秒
2021-07-21 01:37:13 查询号码 【1399623】，返回信息 {"status":"ok","msg":"重庆-重庆","gid":"14512","time_insert":"2017-04-26 15:59","time_update":"2021-01-07 22:46"}
2021-07-21 01:37:13 查询号码 【1399623】，GSD为【"重庆-重庆"】

2021-07-21 01:37:13 开始第 22 次操作

2021-07-21 01:37:13 开始操作号码 【1399622】
2021-07-21 01:37:19 GSD getOne 第 1 次 等待 3 秒
2021-07-21 01:37:22 查询号码 【1399622】，返回信息 {"status":"ok","msg":"重庆-重庆","gid":"14511","time_insert":"2018-02-06 02:13","time_update":"2021-01-07 22:40"}
2021-07-21 01:37:22 查询号码 【1399622】，GSD为【"重庆-重庆"】

2021-07-21 01:37:22 开始第 22 次操作

2021-07-21 01:37:22 开始操作号码 【1399621】
2021-07-21 01:37:25 GSD getOne 第 1 次 等待 3 秒
2021-07-21 01:37:28 查询号码 【1399621】，返回信息 {"status":"ok","msg":"重庆-重庆","gid":"14510","time_insert":"2017-05-30 10:52","time_update":"2021-01-07 22:33"}
2021-07-21 01:37:28 查询号码 【1399621】，GSD为【"重庆-重庆"】

2021-07-21 01:37:28 开始第 22 次操作

2021-07-21 01:37:28 开始操作号码 【1399620】
2021-07-21 01:37:30 GSD getOne 第 1 次 等待 3 秒
2021-07-21 01:37:33 查询号码 【1399620】，返回信息 {"status":"bad","msg":""}
2021-07-21 01:37:33 查询号码 【1399620】，GSD为【""】
2021-07-21 01:37:33 bad
2021-07-21 01:37:34 CHB 1399620?1626802653 第 1 次 等待 3 秒
2021-07-21 01:37:37 CHB 1399620?1626802653 第 1 次 未获取到 等待 21 秒 下次操作: 2021-07-21 01:37:58
2021-07-21 01:37:59 CHB 1399620?1626802678 第 2 次 等待 3 秒
2021-07-21 01:38:02 CHB 1399620?1626802678 第 2 次 未获取到 等待 19 秒 下次操作: 2021-07-21 01:38:21
2021-07-21 01:38:21 CHB 1399620?1626802701 第 3 次 等待 3 秒
2021-07-21 01:38:24 CHB 1399620?1626802701 第 3 次 跳过号码【1399620】
2021-07-21 01:38:24 未获取到号码【1399620】源码
2021-07-21 01:38:24 获取到号码【1399620】的GSD为【-】
2021-07-21 01:38:28 GSD insert 第 1 次 等待 3 秒
2021-07-21 01:38:31 {"status":"ok","gid":341899,"msg":"添加成功！"}
2021-07-21 01:38:31 下次操作: 2021-07-21 01:38:47

2021-07-21 01:38:47 开始第 23 次操作

2021-07-21 01:38:47 开始操作号码 【1399619】
2021-07-21 01:38:50 GSD getOne 第 1 次 等待 3 秒
2021-07-21 01:38:53 查询号码 【1399619】，返回信息 {"status":"ok","msg":"重庆-重庆","gid":"14509","time_insert":"2017-09-17 22:05","time_update":"2021-01-07 22:32"}
2021-07-21 01:38:53 查询号码 【1399619】，GSD为【"重庆-重庆"】

2021-07-21 01:38:53 开始第 23 次操作

2021-07-21 01:38:53 开始操作号码 【1399618】
2021-07-21 01:38:57 GSD getOne 第 1 次 等待 3 秒
2021-07-21 01:39:00 查询号码 【1399618】，返回信息 {"status":"ok","msg":"重庆-重庆","gid":"14508","time_insert":"2017-05-10 16:05","time_update":"2021-01-07 22:27"}
2021-07-21 01:39:00 查询号码 【1399618】，GSD为【"重庆-重庆"】

2021-07-21 01:39:00 开始第 23 次操作

2021-07-21 01:39:00 开始操作号码 【1399617】
2021-07-21 01:39:03 GSD getOne 第 1 次 等待 3 秒
2021-07-21 01:39:06 查询号码 【1399617】，返回信息 {"status":"ok","msg":"重庆-重庆","gid":"292344","time_insert":"2021-07-16 10:55","time_update":"2021-07-16 17:01"}
2021-07-21 01:39:06 查询号码 【1399617】，GSD为【"重庆-重庆"】

2021-07-21 01:39:06 开始第 23 次操作

2021-07-21 01:39:06 开始操作号码 【1399616】
2021-07-21 01:39:10 GSD getOne 第 1 次 等待 3 秒
2021-07-21 01:39:13 查询号码 【1399616】，返回信息 {"status":"ok","msg":"重庆-重庆","gid":"14507","time_insert":"2019-11-27 16:12","time_update":"2021-01-07 22:20"}
2021-07-21 01:39:13 查询号码 【1399616】，GSD为【"重庆-重庆"】

2021-07-21 01:39:13 开始第 23 次操作

2021-07-21 01:39:13 开始操作号码 【1399615】
2021-07-21 01:39:16 GSD getOne 第 1 次 等待 3 秒
2021-07-21 01:39:19 查询号码 【1399615】，返回信息 {"status":"ok","msg":"重庆-重庆","gid":"14506","time_insert":"2017-05-30 10:52","time_update":"2021-01-07 22:14"}
2021-07-21 01:39:19 查询号码 【1399615】，GSD为【"重庆-重庆"】

2021-07-21 01:39:19 开始第 23 次操作

2021-07-21 01:39:19 开始操作号码 【1399614】
2021-07-21 01:39:22 GSD getOne 第 1 次 等待 3 秒
2021-07-21 01:39:25 查询号码 【1399614】，返回信息 {"status":"ok","msg":"重庆-重庆","gid":"14505","time_insert":"2017-05-10 16:05","time_update":"2021-01-07 22:08"}
2021-07-21 01:39:25 查询号码 【1399614】，GSD为【"重庆-重庆"】

2021-07-21 01:39:25 开始第 23 次操作

2021-07-21 01:39:25 开始操作号码 【1399613】
2021-07-21 01:39:29 GSD getOne 第 1 次 等待 3 秒
2021-07-21 01:39:32 查询号码 【1399613】，返回信息 {"status":"ok","msg":"重庆-重庆","gid":"52028","time_insert":"2021-04-22 10:37"}
2021-07-21 01:39:32 查询号码 【1399613】，GSD为【"重庆-重庆"】

2021-07-21 01:39:32 开始第 23 次操作

2021-07-21 01:39:32 开始操作号码 【1399612】
2021-07-21 01:39:35 GSD getOne 第 1 次 等待 3 秒
2021-07-21 01:39:38 查询号码 【1399612】，返回信息 {"status":"ok","msg":"重庆-重庆","gid":"14504","time_insert":"2020-06-17 09:02","time_update":"2021-01-07 22:03"}
2021-07-21 01:39:38 查询号码 【1399612】，GSD为【"重庆-重庆"】

2021-07-21 01:39:38 开始第 23 次操作

2021-07-21 01:39:38 开始操作号码 【1399611】
2021-07-21 01:39:40 GSD getOne 第 1 次 等待 3 秒
2021-07-21 01:39:43 查询号码 【1399611】，返回信息 {"status":"ok","msg":"重庆-重庆","gid":"14503","time_insert":"2015-03-08 23:26","time_update":"2021-01-07 21:56"}
2021-07-21 01:39:43 查询号码 【1399611】，GSD为【"重庆-重庆"】

2021-07-21 01:39:43 开始第 23 次操作

2021-07-21 01:39:43 开始操作号码 【1399610】
2021-07-21 01:39:46 GSD getOne 第 1 次 等待 3 秒
2021-07-21 01:39:49 查询号码 【1399610】，返回信息 {"status":"ok","msg":"重庆-重庆","gid":"51353","time_insert":"2021-04-22 09:39"}
2021-07-21 01:39:49 查询号码 【1399610】，GSD为【"重庆-重庆"】

2021-07-21 01:39:49 开始第 23 次操作

2021-07-21 01:39:49 开始操作号码 【1399609】
2021-07-21 01:39:53 GSD getOne 第 1 次 等待 3 秒
2021-07-21 01:39:56 查询号码 【1399609】，返回信息 {"status":"bad","msg":""}
2021-07-21 01:39:56 查询号码 【1399609】，GSD为【""】
2021-07-21 01:39:56 bad
2021-07-21 01:39:56 CHB 1399609?1626802796 第 1 次 等待 3 秒
2021-07-21 01:40:00 CHB 1399609?1626802796 第 1 次 未获取到 等待 24 秒 下次操作: 2021-07-21 01:40:24
2021-07-21 01:40:24 CHB 1399609?1626802824 第 2 次 等待 3 秒
2021-07-21 01:40:27 CHB 1399609?1626802824 第 2 次 未获取到 等待 14 秒 下次操作: 2021-07-21 01:40:41
2021-07-21 01:40:42 CHB 1399609?1626802841 第 3 次 等待 3 秒
2021-07-21 01:40:45 CHB 1399609?1626802841 第 3 次 跳过号码【1399609】
2021-07-21 01:40:45 未获取到号码【1399609】源码
2021-07-21 01:40:45 获取到号码【1399609】的GSD为【-】
2021-07-21 01:40:47 GSD insert 第 1 次 等待 3 秒
2021-07-21 01:40:50 {"status":"ok","gid":341913,"msg":"添加成功！"}
2021-07-21 01:40:50 下次操作: 2021-07-21 01:41:05

2021-07-21 01:41:05 开始第 24 次操作

2021-07-21 01:41:05 开始操作号码 【1399608】
2021-07-21 01:41:08 GSD getOne 第 1 次 等待 3 秒
2021-07-21 01:41:11 查询号码 【1399608】，返回信息 {"status":"bad","msg":""}
2021-07-21 01:41:11 查询号码 【1399608】，GSD为【""】
2021-07-21 01:41:11 bad
2021-07-21 01:41:12 CHB 1399608?1626802871 第 1 次 等待 3 秒
2021-07-21 01:41:15 CHB 1399608?1626802871 第 1 次 未获取到 等待 16 秒 下次操作: 2021-07-21 01:41:31
2021-07-21 01:41:31 CHB 1399608?1626802891 第 2 次 等待 3 秒
2021-07-21 01:41:34 CHB 1399608?1626802891 第 2 次 未获取到 等待 12 秒 下次操作: 2021-07-21 01:41:46
2021-07-21 01:41:47 CHB 1399608?1626802906 第 3 次 等待 3 秒
2021-07-21 01:41:50 CHB 1399608?1626802906 第 3 次 跳过号码【1399608】
2021-07-21 01:41:50 未获取到号码【1399608】源码
2021-07-21 01:41:50 获取到号码【1399608】的GSD为【-】
2021-07-21 01:41:53 GSD insert 第 1 次 等待 3 秒
2021-07-21 01:41:56 {"status":"ok","gid":341919,"msg":"添加成功！"}
2021-07-21 01:41:56 下次操作: 2021-07-21 01:42:09

2021-07-21 01:42:09 开始第 25 次操作

2021-07-21 01:42:09 开始操作号码 【1399607】
2021-07-21 01:42:12 GSD getOne 第 1 次 等待 3 秒
2021-07-21 01:42:15 查询号码 【1399607】，返回信息 {"status":"ok","msg":"重庆-重庆","gid":"14502","time_insert":"2019-10-28 13:22","time_update":"2021-01-07 21:52"}
2021-07-21 01:42:15 查询号码 【1399607】，GSD为【"重庆-重庆"】

2021-07-21 01:42:15 开始第 25 次操作

2021-07-21 01:42:15 开始操作号码 【1399606】
2021-07-21 01:42:18 GSD getOne 第 1 次 等待 3 秒
2021-07-21 01:42:21 查询号码 【1399606】，返回信息 {"status":"ok","msg":"重庆-重庆","gid":"14501","time_insert":"2020-06-08 17:55","time_update":"2021-01-07 21:44"}
2021-07-21 01:42:21 查询号码 【1399606】，GSD为【"重庆-重庆"】

2021-07-21 01:42:21 开始第 25 次操作

2021-07-21 01:42:21 开始操作号码 【1399605】
2021-07-21 01:42:24 GSD getOne 第 1 次 等待 3 秒
2021-07-21 01:42:27 查询号码 【1399605】，返回信息 {"status":"ok","msg":"重庆-重庆","gid":"14500","time_insert":"2019-07-15 23:38","time_update":"2021-01-07 21:36"}
2021-07-21 01:42:27 查询号码 【1399605】，GSD为【"重庆-重庆"】

2021-07-21 01:42:27 开始第 25 次操作

2021-07-21 01:42:27 开始操作号码 【1399604】
2021-07-21 01:42:30 GSD getOne 第 1 次 等待 3 秒
2021-07-21 01:42:33 查询号码 【1399604】，返回信息 {"status":"ok","msg":"重庆-重庆","gid":"14499","time_insert":"2017-05-11 09:33","time_update":"2021-01-07 21:29"}
2021-07-21 01:42:33 查询号码 【1399604】，GSD为【"重庆-重庆"】

2021-07-21 01:42:33 开始第 25 次操作

2021-07-21 01:42:33 开始操作号码 【1399603】
2021-07-21 01:42:36 GSD getOne 第 1 次 等待 3 秒
2021-07-21 01:42:39 查询号码 【1399603】，返回信息 {"status":"ok","msg":"重庆-重庆","gid":"14498","time_insert":"2017-04-27 10:41","time_update":"2021-01-07 21:26"}
2021-07-21 01:42:39 查询号码 【1399603】，GSD为【"重庆-重庆"】

2021-07-21 01:42:39 开始第 25 次操作

2021-07-21 01:42:39 开始操作号码 【1399602】
2021-07-21 01:42:42 GSD getOne 第 1 次 等待 3 秒
2021-07-21 01:42:45 查询号码 【1399602】，返回信息 {"status":"ok","msg":"重庆-重庆","gid":"14497","time_insert":"2017-05-10 16:05","time_update":"2021-01-07 21:20"}
2021-07-21 01:42:46 查询号码 【1399602】，GSD为【"重庆-重庆"】

2021-07-21 01:42:46 开始第 25 次操作

2021-07-21 01:42:46 开始操作号码 【1399601】
2021-07-21 01:42:48 GSD getOne 第 1 次 等待 3 秒
2021-07-21 01:42:51 查询号码 【1399601】，返回信息 {"status":"ok","msg":"重庆-重庆","gid":"14496","time_insert":"2017-05-12 16:32","time_update":"2021-01-07 21:13"}
2021-07-21 01:42:51 查询号码 【1399601】，GSD为【"重庆-重庆"】

2021-07-21 01:42:51 开始第 25 次操作

2021-07-21 01:42:51 开始操作号码 【1399600】
2021-07-21 01:42:54 GSD getOne 第 1 次 等待 3 秒
2021-07-21 01:42:57 查询号码 【1399600】，返回信息 {"status":"bad","msg":""}
2021-07-21 01:42:57 查询号码 【1399600】，GSD为【""】
2021-07-21 01:42:57 bad
2021-07-21 01:42:58 CHB 1399600?1626802977 第 1 次 等待 3 秒
2021-07-21 01:43:01 CHB 1399600?1626802977 第 1 次 未获取到 等待 23 秒 下次操作: 2021-07-21 01:43:24
2021-07-21 01:43:25 CHB 1399600?1626803004 第 2 次 等待 3 秒
2021-07-21 01:43:28 CHB 1399600?1626803004 第 2 次 未获取到 等待 13 秒 下次操作: 2021-07-21 01:43:41
2021-07-21 01:43:41 CHB 1399600?1626803021 第 3 次 等待 3 秒
2021-07-21 01:43:44 CHB 1399600?1626803021 第 3 次 跳过号码【1399600】
2021-07-21 01:43:44 未获取到号码【1399600】源码
2021-07-21 01:43:44 获取到号码【1399600】的GSD为【-】
2021-07-21 01:43:48 GSD insert 第 1 次 等待 3 秒
2021-07-21 01:43:51 {"status":"ok","gid":341927,"msg":"添加成功！"}
2021-07-21 01:43:51 下次操作: 2021-07-21 01:44:12

2021-07-21 01:44:12 开始第 26 次操作

2021-07-21 01:44:12 开始操作号码 【1399599】
2021-07-21 01:44:14 GSD getOne 第 1 次 等待 3 秒
2021-07-21 01:44:17 查询号码 【1399599】，返回信息 {"status":"bad","msg":""}
2021-07-21 01:44:17 查询号码 【1399599】，GSD为【""】
2021-07-21 01:44:17 bad
2021-07-21 01:44:18 CHB 1399599?1626803057 第 1 次 等待 3 秒
2021-07-21 01:44:21 CHB 1399599?1626803057 第 1 次 未获取到 等待 20 秒 下次操作: 2021-07-21 01:44:41
2021-07-21 01:44:42 CHB 1399599?1626803081 第 2 次 等待 3 秒
2021-07-21 01:44:45 CHB 1399599?1626803081 第 2 次 未获取到 等待 14 秒 下次操作: 2021-07-21 01:44:59
2021-07-21 01:44:59 CHB 1399599?1626803099 第 3 次 等待 3 秒
2021-07-21 01:45:02 CHB 1399599?1626803099 第 3 次 跳过号码【1399599】
2021-07-21 01:45:02 未获取到号码【1399599】源码
2021-07-21 01:45:02 获取到号码【1399599】的GSD为【-】
2021-07-21 01:45:06 GSD insert 第 1 次 等待 3 秒
2021-07-21 01:45:09 {"status":"ok","gid":341939,"msg":"添加成功！"}
2021-07-21 01:45:09 下次操作: 2021-07-21 01:45:29

2021-07-21 01:45:29 开始第 27 次操作

2021-07-21 01:45:29 开始操作号码 【1399598】
2021-07-21 01:45:33 GSD getOne 第 1 次 等待 3 秒
2021-07-21 01:45:36 查询号码 【1399598】，返回信息 {"status":"ok","msg":"湖北-黄石","gid":"14495","time_insert":"2017-12-14 15:53","time_update":"2020-09-16 07:09"}
2021-07-21 01:45:36 查询号码 【1399598】，GSD为【"湖北-黄石"】

2021-07-21 01:45:36 开始第 27 次操作

2021-07-21 01:45:36 开始操作号码 【1399597】
2021-07-21 01:45:41 GSD getOne 第 1 次 等待 3 秒
2021-07-21 01:45:44 查询号码 【1399597】，返回信息 {"status":"bad","msg":""}
2021-07-21 01:45:44 查询号码 【1399597】，GSD为【""】
2021-07-21 01:45:44 bad
2021-07-21 01:45:44 CHB 1399597?1626803144 第 1 次 等待 3 秒
2021-07-21 01:45:47 CHB 1399597?1626803144 第 1 次 未获取到 等待 18 秒 下次操作: 2021-07-21 01:46:05
2021-07-21 01:46:06 CHB 1399597?1626803165 第 2 次 等待 3 秒
2021-07-21 01:46:09 CHB 1399597?1626803165 第 2 次 未获取到 等待 23 秒 下次操作: 2021-07-21 01:46:32
2021-07-21 01:46:33 CHB 1399597?1626803192 第 3 次 等待 3 秒
2021-07-21 01:46:36 CHB 1399597?1626803192 第 3 次 跳过号码【1399597】
2021-07-21 01:46:36 未获取到号码【1399597】源码
2021-07-21 01:46:36 获取到号码【1399597】的GSD为【-】
2021-07-21 01:46:39 GSD insert 第 1 次 等待 3 秒
2021-07-21 01:46:42 {"status":"ok","gid":341956,"msg":"添加成功！"}
2021-07-21 01:46:42 下次操作: 2021-07-21 01:47:01

2021-07-21 01:47:01 开始第 28 次操作

2021-07-21 01:47:01 开始操作号码 【1399596】
2021-07-21 01:47:05 GSD getOne 第 1 次 等待 3 秒
2021-07-21 01:47:08 查询号码 【1399596】，返回信息 {"status":"ok","msg":"湖北-黄石","gid":"14494","time_insert":"2018-08-16 16:48","time_update":"2020-09-16 07:06"}
2021-07-21 01:47:08 查询号码 【1399596】，GSD为【"湖北-黄石"】

2021-07-21 01:47:08 开始第 28 次操作

2021-07-21 01:47:08 开始操作号码 【1399595】
2021-07-21 01:47:13 GSD getOne 第 1 次 等待 3 秒
2021-07-21 01:47:16 查询号码 【1399595】，返回信息 {"status":"bad","msg":""}
2021-07-21 01:47:16 查询号码 【1399595】，GSD为【""】
2021-07-21 01:47:16 bad
2021-07-21 01:47:16 CHB 1399595?1626803236 第 1 次 等待 3 秒
2021-07-21 01:47:19 CHB 1399595?1626803236 第 1 次 未获取到 等待 19 秒 下次操作: 2021-07-21 01:47:38
2021-07-21 01:47:39 CHB 1399595?1626803258 第 2 次 等待 3 秒
2021-07-21 01:47:42 CHB 1399595?1626803258 第 2 次 未获取到 等待 23 秒 下次操作: 2021-07-21 01:48:05
2021-07-21 01:48:06 CHB 1399595?1626803285 第 3 次 等待 3 秒
2021-07-21 01:48:09 CHB 1399595?1626803285 第 3 次 跳过号码【1399595】
2021-07-21 01:48:09 未获取到号码【1399595】源码
2021-07-21 01:48:09 获取到号码【1399595】的GSD为【-】
2021-07-21 01:48:11 GSD insert 第 1 次 等待 3 秒
2021-07-21 01:48:14 {"status":"ok","gid":341972,"msg":"添加成功！"}
2021-07-21 01:48:14 下次操作: 2021-07-21 01:48:30

2021-07-21 01:48:30 开始第 29 次操作

2021-07-21 01:48:30 开始操作号码 【1399594】
2021-07-21 01:48:34 GSD getOne 第 1 次 等待 3 秒
2021-07-21 01:48:37 查询号码 【1399594】，返回信息 {"status":"bad","msg":""}
2021-07-21 01:48:37 查询号码 【1399594】，GSD为【""】
2021-07-21 01:48:37 bad
2021-07-21 01:48:37 CHB 1399594?1626803317 第 1 次 等待 3 秒
2021-07-21 01:48:40 CHB 1399594?1626803317 第 1 次 未获取到 等待 14 秒 下次操作: 2021-07-21 01:48:54
2021-07-21 01:48:55 CHB 1399594?1626803334 第 2 次 等待 3 秒
2021-07-21 01:48:58 CHB 1399594?1626803334 第 2 次 未获取到 等待 12 秒 下次操作: 2021-07-21 01:49:10
2021-07-21 01:49:11 CHB 1399594?1626803350 第 3 次 等待 3 秒
2021-07-21 01:49:14 CHB 1399594?1626803350 第 3 次 跳过号码【1399594】
2021-07-21 01:49:14 未获取到号码【1399594】源码
2021-07-21 01:49:14 获取到号码【1399594】的GSD为【-】
2021-07-21 01:49:20 GSD insert 第 1 次 等待 3 秒
2021-07-21 01:49:23 {"status":"ok","gid":341985,"msg":"添加成功！"}
2021-07-21 01:49:23 下次操作: 2021-07-21 01:49:47

2021-07-21 01:49:47 开始第 30 次操作

2021-07-21 01:49:47 开始操作号码 【1399593】
2021-07-21 01:49:49 GSD getOne 第 1 次 等待 3 秒
2021-07-21 01:49:52 查询号码 【1399593】，返回信息 {"status":"bad","msg":""}
2021-07-21 01:49:52 查询号码 【1399593】，GSD为【""】
2021-07-21 01:49:52 bad
2021-07-21 01:49:53 CHB 1399593?1626803392 第 1 次 等待 3 秒
2021-07-21 01:49:56 CHB 1399593?1626803392 第 1 次 未获取到 等待 19 秒 下次操作: 2021-07-21 01:50:15
2021-07-21 01:50:16 CHB 1399593?1626803415 第 2 次 等待 3 秒
2021-07-21 01:50:19 CHB 1399593?1626803415 第 2 次 未获取到 等待 20 秒 下次操作: 2021-07-21 01:50:39
2021-07-21 01:50:39 CHB 1399593?1626803439 第 3 次 等待 3 秒
2021-07-21 01:50:42 CHB 1399593?1626803439 第 3 次 跳过号码【1399593】
2021-07-21 01:50:42 未获取到号码【1399593】源码
2021-07-21 01:50:42 获取到号码【1399593】的GSD为【-】
2021-07-21 01:50:45 GSD insert 第 1 次 等待 3 秒
2021-07-21 01:50:48 {"status":"ok","gid":342001,"msg":"添加成功！"}
2021-07-21 01:50:48 下次操作: 2021-07-21 01:51:02

2021-07-21 01:51:02 开始第 31 次操作

2021-07-21 01:51:02 开始操作号码 【1399592】
2021-07-21 01:51:05 GSD getOne 第 1 次 等待 3 秒
2021-07-21 01:51:08 查询号码 【1399592】，返回信息 {"status":"ok","msg":"湖北-黄冈","gid":"14493","time_insert":"2017-04-19 11:23","time_update":"2020-09-16 07:01"}
2021-07-21 01:51:08 查询号码 【1399592】，GSD为【"湖北-黄冈"】

2021-07-21 01:51:08 开始第 31 次操作

2021-07-21 01:51:08 开始操作号码 【1399591】
2021-07-21 01:51:13 GSD getOne 第 1 次 等待 3 秒
2021-07-21 01:51:16 查询号码 【1399591】，返回信息 {"status":"bad","msg":""}
2021-07-21 01:51:16 查询号码 【1399591】，GSD为【""】
2021-07-21 01:51:16 bad
2021-07-21 01:51:16 CHB 1399591?1626803476 第 1 次 等待 3 秒
2021-07-21 01:51:19 CHB 1399591?1626803476 第 1 次 未获取到 等待 20 秒 下次操作: 2021-07-21 01:51:39
2021-07-21 01:51:40 CHB 1399591?1626803499 第 2 次 等待 3 秒
2021-07-21 01:51:43 CHB 1399591?1626803499 第 2 次 未获取到 等待 20 秒 下次操作: 2021-07-21 01:52:03
2021-07-21 01:52:04 CHB 1399591?1626803523 第 3 次 等待 3 秒
2021-07-21 01:52:07 CHB 1399591?1626803523 第 3 次 跳过号码【1399591】
2021-07-21 01:52:07 未获取到号码【1399591】源码
2021-07-21 01:52:07 获取到号码【1399591】的GSD为【-】
2021-07-21 01:52:10 GSD insert 第 1 次 等待 3 秒
2021-07-21 01:52:13 {"status":"ok","gid":342015,"msg":"添加成功！"}
2021-07-21 01:52:13 下次操作: 2021-07-21 01:52:35

2021-07-21 01:52:35 开始第 32 次操作

2021-07-21 01:52:35 开始操作号码 【1399590】
2021-07-21 01:52:39 GSD getOne 第 1 次 等待 3 秒
2021-07-21 01:52:42 查询号码 【1399590】，返回信息 {"status":"bad","msg":""}
2021-07-21 01:52:42 查询号码 【1399590】，GSD为【""】
2021-07-21 01:52:42 bad
2021-07-21 01:52:42 CHB 1399590?1626803562 第 1 次 等待 3 秒
2021-07-21 01:52:45 CHB 1399590?1626803562 第 1 次 未获取到 等待 12 秒 下次操作: 2021-07-21 01:52:57
2021-07-21 01:52:58 CHB 1399590?1626803577 第 2 次 等待 3 秒
2021-07-21 01:53:01 CHB 1399590?1626803577 第 2 次 未获取到 等待 24 秒 下次操作: 2021-07-21 01:53:25
2021-07-21 01:53:25 CHB 1399590?1626803605 第 3 次 等待 3 秒
2021-07-21 01:53:28 CHB 1399590?1626803605 第 3 次 跳过号码【1399590】
2021-07-21 01:53:28 未获取到号码【1399590】源码
2021-07-21 01:53:28 获取到号码【1399590】的GSD为【-】
2021-07-21 01:53:31 GSD insert 第 1 次 等待 3 秒
2021-07-21 01:53:34 {"status":"ok","gid":342030,"msg":"添加成功！"}
2021-07-21 01:53:34 下次操作: 2021-07-21 01:53:57

2021-07-21 01:53:57 开始第 33 次操作

2021-07-21 01:53:57 开始操作号码 【1399589】
2021-07-21 01:54:00 GSD getOne 第 1 次 等待 3 秒
2021-07-21 01:54:03 查询号码 【1399589】，返回信息 {"status":"bad","msg":""}
2021-07-21 01:54:03 查询号码 【1399589】，GSD为【""】
2021-07-21 01:54:03 bad
2021-07-21 01:54:04 CHB 1399589?1626803643 第 1 次 等待 3 秒
2021-07-21 01:54:07 CHB 1399589?1626803643 第 1 次 未获取到 等待 20 秒 下次操作: 2021-07-21 01:54:27
2021-07-21 01:54:27 CHB 1399589?1626803667 第 2 次 等待 3 秒
2021-07-21 01:54:30 CHB 1399589?1626803667 第 2 次 未获取到 等待 22 秒 下次操作: 2021-07-21 01:54:52
2021-07-21 01:54:53 CHB 1399589?1626803692 第 3 次 等待 3 秒
2021-07-21 01:54:56 CHB 1399589?1626803692 第 3 次 跳过号码【1399589】
2021-07-21 01:54:56 未获取到号码【1399589】源码
2021-07-21 01:54:56 获取到号码【1399589】的GSD为【-】
2021-07-21 01:55:00 GSD insert 第 1 次 等待 3 秒
2021-07-21 01:55:03 {"status":"ok","gid":342046,"msg":"添加成功！"}
2021-07-21 01:55:03 下次操作: 2021-07-21 01:55:15

2021-07-21 01:55:15 开始第 34 次操作

2021-07-21 01:55:15 开始操作号码 【1399588】
2021-07-21 01:55:17 GSD getOne 第 1 次 等待 3 秒
2021-07-21 01:55:20 查询号码 【1399588】，返回信息 {"status":"ok","msg":"湖北-孝感","gid":"14492","time_insert":"2020-03-01 10:03","time_update":"2020-09-16 06:58"}
2021-07-21 01:55:21 查询号码 【1399588】，GSD为【"湖北-孝感"】

2021-07-21 01:55:21 开始第 34 次操作

2021-07-21 01:55:21 开始操作号码 【1399587】
2021-07-21 01:55:24 GSD getOne 第 1 次 等待 3 秒
2021-07-21 01:55:27 查询号码 【1399587】，返回信息 {"status":"ok","msg":"湖北-孝感","gid":"14491","time_insert":"2019-02-13 17:18","time_update":"2020-09-16 06:54"}
2021-07-21 01:55:27 查询号码 【1399587】，GSD为【"湖北-孝感"】

2021-07-21 01:55:27 开始第 34 次操作

2021-07-21 01:55:27 开始操作号码 【1399586】
2021-07-21 01:55:30 GSD getOne 第 1 次 等待 3 秒
2021-07-21 01:55:33 查询号码 【1399586】，返回信息 {"status":"bad","msg":""}
2021-07-21 01:55:34 查询号码 【1399586】，GSD为【""】
2021-07-21 01:55:34 bad
2021-07-21 01:55:34 CHB 1399586?1626803734 第 1 次 等待 3 秒
2021-07-21 01:55:37 CHB 1399586?1626803734 第 1 次 未获取到 等待 18 秒 下次操作: 2021-07-21 01:55:55
2021-07-21 01:55:56 CHB 1399586?1626803755 第 2 次 等待 3 秒
2021-07-21 01:55:59 CHB 1399586?1626803755 第 2 次 未获取到 等待 18 秒 下次操作: 2021-07-21 01:56:17
2021-07-21 01:56:17 CHB 1399586?1626803777 第 3 次 等待 3 秒
2021-07-21 01:56:20 CHB 1399586?1626803777 第 3 次 跳过号码【1399586】
2021-07-21 01:56:20 未获取到号码【1399586】源码
2021-07-21 01:56:20 获取到号码【1399586】的GSD为【-】
2021-07-21 01:56:23 GSD insert 第 1 次 等待 3 秒
2021-07-21 01:56:26 {"status":"ok","gid":342060,"msg":"添加成功！"}
2021-07-21 01:56:26 下次操作: 2021-07-21 01:56:45

2021-07-21 01:56:45 开始第 35 次操作

2021-07-21 01:56:45 开始操作号码 【1399585】
2021-07-21 01:56:48 GSD getOne 第 1 次 等待 3 秒
2021-07-21 01:56:51 查询号码 【1399585】，返回信息 {"status":"ok","msg":"湖北-孝感","gid":"14490","time_insert":"2018-07-11 21:36","time_update":"2020-09-16 06:50"}
2021-07-21 01:56:51 查询号码 【1399585】，GSD为【"湖北-孝感"】

2021-07-21 01:56:51 开始第 35 次操作

2021-07-21 01:56:51 开始操作号码 【1399584】
2021-07-21 01:56:55 GSD getOne 第 1 次 等待 3 秒
2021-07-21 01:56:58 查询号码 【1399584】，返回信息 {"status":"ok","msg":"湖北-鄂州","gid":"14489","time_insert":"2018-07-06 19:16","time_update":"2020-09-16 06:45"}
2021-07-21 01:56:58 查询号码 【1399584】，GSD为【"湖北-鄂州"】

2021-07-21 01:56:58 开始第 35 次操作

2021-07-21 01:56:58 开始操作号码 【1399583】
2021-07-21 01:57:00 GSD getOne 第 1 次 等待 3 秒
2021-07-21 01:57:03 查询号码 【1399583】，返回信息 {"status":"ok","msg":"湖北-鄂州","gid":"14488","time_insert":"2015-01-24 23:01","time_update":"2020-09-16 06:40"}
2021-07-21 01:57:03 查询号码 【1399583】，GSD为【"湖北-鄂州"】

2021-07-21 01:57:03 开始第 35 次操作

2021-07-21 01:57:03 开始操作号码 【1399582】
2021-07-21 01:57:06 GSD getOne 第 1 次 等待 3 秒
2021-07-21 01:57:09 查询号码 【1399582】，返回信息 {"status":"bad","msg":""}
2021-07-21 01:57:09 查询号码 【1399582】，GSD为【""】
2021-07-21 01:57:09 bad
2021-07-21 01:57:10 CHB 1399582?1626803829 第 1 次 等待 3 秒
2021-07-21 01:57:13 CHB 1399582?1626803829 第 1 次 未获取到 等待 20 秒 下次操作: 2021-07-21 01:57:33
2021-07-21 01:57:34 CHB 1399582?1626803853 第 2 次 等待 3 秒
2021-07-21 01:57:37 CHB 1399582?1626803853 第 2 次 未获取到 等待 24 秒 下次操作: 2021-07-21 01:58:01
2021-07-21 01:58:01 CHB 1399582?1626803881 第 3 次 等待 3 秒
2021-07-21 01:58:04 CHB 1399582?1626803881 第 3 次 跳过号码【1399582】
2021-07-21 01:58:04 未获取到号码【1399582】源码
2021-07-21 01:58:04 获取到号码【1399582】的GSD为【-】
2021-07-21 01:58:07 GSD insert 第 1 次 等待 3 秒
2021-07-21 01:58:10 {"status":"ok","gid":342077,"msg":"添加成功！"}
2021-07-21 01:58:10 下次操作: 2021-07-21 01:58:34

2021-07-21 01:58:34 开始第 36 次操作

2021-07-21 01:58:34 开始操作号码 【1399581】
2021-07-21 01:58:37 GSD getOne 第 1 次 等待 3 秒
2021-07-21 01:58:40 查询号码 【1399581】，返回信息 {"status":"bad","msg":""}
2021-07-21 01:58:40 查询号码 【1399581】，GSD为【""】
2021-07-21 01:58:40 bad
2021-07-21 01:58:40 CHB 1399581?1626803920 第 1 次 等待 3 秒
2021-07-21 01:58:43 CHB 1399581?1626803920 第 1 次 未获取到 等待 21 秒 下次操作: 2021-07-21 01:59:04
2021-07-21 01:59:05 CHB 1399581?1626803944 第 2 次 等待 3 秒
2021-07-21 01:59:08 CHB 1399581?1626803944 第 2 次 未获取到 等待 21 秒 下次操作: 2021-07-21 01:59:29
2021-07-21 01:59:30 CHB 1399581?1626803969 第 3 次 等待 3 秒
2021-07-21 01:59:33 CHB 1399581?1626803969 第 3 次 跳过号码【1399581】
2021-07-21 01:59:33 未获取到号码【1399581】源码
2021-07-21 01:59:33 获取到号码【1399581】的GSD为【-】
2021-07-21 01:59:36 GSD insert 第 1 次 等待 3 秒
2021-07-21 01:59:39 {"status":"ok","gid":342091,"msg":"添加成功！"}
2021-07-21 01:59:39 下次操作: 2021-07-21 01:59:52

2021-07-21 01:59:52 开始第 37 次操作

2021-07-21 01:59:52 开始操作号码 【1399580】
2021-07-21 01:59:55 GSD getOne 第 1 次 等待 3 秒
2021-07-21 01:59:58 查询号码 【1399580】，返回信息 {"status":"bad","msg":""}
2021-07-21 01:59:58 查询号码 【1399580】，GSD为【""】
2021-07-21 01:59:58 bad
2021-07-21 01:59:59 CHB 1399580?1626803998 第 1 次 等待 3 秒
2021-07-21 02:00:02 CHB 1399580?1626803998 第 1 次 未获取到 等待 13 秒 下次操作: 2021-07-21 02:00:15
2021-07-21 02:00:15 CHB 1399580?1626804015 第 2 次 等待 3 秒
2021-07-21 02:00:18 CHB 1399580?1626804015 第 2 次 未获取到 等待 24 秒 下次操作: 2021-07-21 02:00:42
2021-07-21 02:00:43 CHB 1399580?1626804042 第 3 次 等待 3 秒
2021-07-21 02:00:46 CHB 1399580?1626804042 第 3 次 跳过号码【1399580】
2021-07-21 02:00:46 未获取到号码【1399580】源码
2021-07-21 02:00:46 获取到号码【1399580】的GSD为【-】
2021-07-21 02:00:50 GSD insert 第 1 次 等待 3 秒
2021-07-21 02:00:53 {"status":"ok","gid":342104,"msg":"添加成功！"}
2021-07-21 02:00:53 下次操作: 2021-07-21 02:01:16

2021-07-21 02:01:16 开始第 38 次操作

2021-07-21 02:01:16 开始操作号码 【1399579】
2021-07-21 02:01:19 GSD getOne 第 1 次 等待 3 秒
2021-07-21 02:01:22 查询号码 【1399579】，返回信息 {"status":"bad","msg":""}
2021-07-21 02:01:22 查询号码 【1399579】，GSD为【""】
2021-07-21 02:01:22 bad
2021-07-21 02:01:23 CHB 1399579?1626804082 第 1 次 等待 3 秒
2021-07-21 02:01:26 CHB 1399579?1626804082 第 1 次 未获取到 等待 15 秒 下次操作: 2021-07-21 02:01:41
2021-07-21 02:01:41 CHB 1399579?1626804101 第 2 次 等待 3 秒
2021-07-21 02:01:44 CHB 1399579?1626804101 第 2 次 未获取到 等待 17 秒 下次操作: 2021-07-21 02:02:01
2021-07-21 02:02:02 CHB 1399579?1626804122 第 3 次 等待 3 秒
2021-07-21 02:02:05 CHB 1399579?1626804122 第 3 次 跳过号码【1399579】
2021-07-21 02:02:05 未获取到号码【1399579】源码
2021-07-21 02:02:05 获取到号码【1399579】的GSD为【-】
2021-07-21 02:02:10 GSD insert 第 1 次 等待 3 秒
2021-07-21 02:02:13 {"status":"ok","gid":342120,"msg":"添加成功！"}
2021-07-21 02:02:13 下次操作: 2021-07-21 02:02:36

2021-07-21 02:02:36 开始第 39 次操作

2021-07-21 02:02:36 开始操作号码 【1399578】
2021-07-21 02:02:39 GSD getOne 第 1 次 等待 3 秒
2021-07-21 02:02:42 查询号码 【1399578】，返回信息 {"status":"bad","msg":""}
2021-07-21 02:02:42 查询号码 【1399578】，GSD为【""】
2021-07-21 02:02:42 bad
2021-07-21 02:02:43 CHB 1399578?1626804162 第 1 次 等待 3 秒
2021-07-21 02:02:46 CHB 1399578?1626804162 第 1 次 未获取到 等待 17 秒 下次操作: 2021-07-21 02:03:03
2021-07-21 02:03:03 CHB 1399578?1626804183 第 2 次 等待 3 秒
2021-07-21 02:03:06 CHB 1399578?1626804183 第 2 次 未获取到 等待 15 秒 下次操作: 2021-07-21 02:03:21
2021-07-21 02:03:22 CHB 1399578?1626804201 第 3 次 等待 3 秒
2021-07-21 02:03:25 CHB 1399578?1626804201 第 3 次 跳过号码【1399578】
2021-07-21 02:03:25 未获取到号码【1399578】源码
2021-07-21 02:03:25 获取到号码【1399578】的GSD为【-】
2021-07-21 02:03:27 GSD insert 第 1 次 等待 3 秒
2021-07-21 02:03:30 {"status":"ok","gid":342134,"msg":"添加成功！"}
2021-07-21 02:03:30 下次操作: 2021-07-21 02:03:46

2021-07-21 02:03:46 开始第 40 次操作

2021-07-21 02:03:46 开始操作号码 【1399577】
2021-07-21 02:03:52 GSD getOne 第 1 次 等待 3 秒
2021-07-21 02:03:55 查询号码 【1399577】，返回信息 {"status":"ok","msg":"湖北-襄阳","gid":"14487","time_insert":"2019-06-23 14:56","time_update":"2020-09-16 06:36"}
2021-07-21 02:03:55 查询号码 【1399577】，GSD为【"湖北-襄阳"】

2021-07-21 02:03:55 开始第 40 次操作

2021-07-21 02:03:55 开始操作号码 【1399576】
2021-07-21 02:03:59 GSD getOne 第 1 次 等待 3 秒
2021-07-21 02:04:02 查询号码 【1399576】，返回信息 {"status":"bad","msg":""}
2021-07-21 02:04:02 查询号码 【1399576】，GSD为【""】
2021-07-21 02:04:02 bad
2021-07-21 02:04:02 CHB 1399576?1626804242 第 1 次 等待 3 秒
2021-07-21 02:04:05 CHB 1399576?1626804242 第 1 次 未获取到 等待 17 秒 下次操作: 2021-07-21 02:04:22
2021-07-21 02:04:23 CHB 1399576?1626804262 第 2 次 等待 3 秒
2021-07-21 02:04:26 CHB 1399576?1626804262 第 2 次 未获取到 等待 16 秒 下次操作: 2021-07-21 02:04:42
2021-07-21 02:04:43 CHB 1399576?1626804282 第 3 次 等待 3 秒
2021-07-21 02:04:46 CHB 1399576?1626804282 第 3 次 跳过号码【1399576】
2021-07-21 02:04:46 未获取到号码【1399576】源码
2021-07-21 02:04:46 获取到号码【1399576】的GSD为【-】
2021-07-21 02:04:50 GSD insert 第 1 次 等待 3 秒
2021-07-21 02:04:53 {"status":"ok","gid":342148,"msg":"添加成功！"}

