2024-06-19 00:19:23 开始第 1469 次操作

2024-06-19 00:19:23 开始操作号码 【1481373】
2024-06-19 00:19:33 GSD getOne 第 1 次 等待 3 秒
2024-06-19 00:19:36 查询号码 【1481373】，返回信息 {"status":"ok","msg":"广东-广州","gid":"147916","time_insert":"2021-06-28 17:40"}
2024-06-19 00:19:36 查询号码 【1481373】，GSD为【"广东-广州"】

2024-06-19 00:19:37 开始第 1470 次操作

2024-06-19 00:19:37 开始操作号码 【1481374】
2024-06-19 00:19:44 GSD getOne 第 1 次 等待 3 秒
2024-06-19 00:19:47 查询号码 【1481374】，返回信息 {"status":"ok","msg":"广东-广州","gid":"147921","time_insert":"2021-06-28 17:44"}
2024-06-19 00:19:47 查询号码 【1481374】，GSD为【"广东-广州"】

2024-06-19 00:19:48 开始第 1471 次操作

2024-06-19 00:19:48 开始操作号码 【1481375】
2024-06-19 00:20:00 GSD getOne 第 1 次 等待 3 秒
2024-06-19 00:20:03 查询号码 【1481375】，返回信息 {"status":"ok","msg":"广东-广州","gid":"147937","time_insert":"2021-06-28 17:49"}
2024-06-19 00:20:03 查询号码 【1481375】，GSD为【"广东-广州"】

2024-06-19 00:20:04 开始第 1472 次操作

2024-06-19 00:20:04 开始操作号码 【1481376】
2024-06-19 00:20:14 GSD getOne 第 1 次 等待 3 秒
2024-06-19 00:20:17 查询号码 【1481376】，返回信息 {"status":"ok","msg":"广东-广州","gid":"147979","time_insert":"2021-06-28 17:52"}
2024-06-19 00:20:17 查询号码 【1481376】，GSD为【"广东-广州"】

2024-06-19 00:40:15 开始第 1473 次操作

2024-06-19 00:40:15 开始操作号码 【1481377】
2024-06-19 00:40:20 GSD getOne 第 1 次 等待 3 秒
2024-06-19 00:40:23 查询号码 【1481377】，返回信息 {"status":"ok","msg":"广东-广州","gid":"148038","time_insert":"2021-06-28 17:56"}
2024-06-19 00:40:23 查询号码 【1481377】，GSD为【"广东-广州"】

2024-06-19 00:40:24 开始第 1474 次操作

2024-06-19 00:40:24 开始操作号码 【1481378】
2024-06-19 00:40:30 GSD getOne 第 1 次 等待 3 秒
2024-06-19 00:40:33 查询号码 【1481378】，返回信息 {"status":"ok","msg":"广东-广州","gid":"148111","time_insert":"2021-06-28 18:02"}
2024-06-19 00:40:33 查询号码 【1481378】，GSD为【"广东-广州"】

2024-06-19 00:40:34 开始第 1475 次操作

2024-06-19 00:40:34 开始操作号码 【1481379】
2024-06-19 00:40:42 GSD getOne 第 1 次 等待 3 秒
2024-06-19 00:40:45 查询号码 【1481379】，返回信息 {"status":"ok","msg":"广东-广州","gid":"148156","time_insert":"2021-06-28 18:07"}
2024-06-19 00:40:45 查询号码 【1481379】，GSD为【"广东-广州"】

2024-06-19 00:40:46 开始第 1476 次操作

2024-06-19 00:40:46 开始操作号码 【1481380】
2024-06-19 00:40:56 GSD getOne 第 1 次 等待 3 秒
2024-06-19 00:40:59 查询号码 【1481380】，返回信息 {"status":"ok","msg":"广东-广州","gid":"148191","time_insert":"2021-06-28 18:11"}
2024-06-19 00:40:59 查询号码 【1481380】，GSD为【"广东-广州"】

2024-06-19 01:16:18 开始第 1477 次操作

2024-06-19 01:16:18 开始操作号码 【1481381】
2024-06-19 01:16:24 GSD getOne 第 1 次 等待 3 秒
2024-06-19 01:16:27 查询号码 【1481381】，返回信息 {"status":"ok","msg":"广东-广州","gid":"148205","time_insert":"2021-06-28 18:14"}
2024-06-19 01:16:27 查询号码 【1481381】，GSD为【"广东-广州"】

2024-06-19 01:16:28 开始第 1478 次操作

2024-06-19 01:16:28 开始操作号码 【1481382】
2024-06-19 01:16:33 GSD getOne 第 1 次 等待 3 秒
2024-06-19 01:16:36 查询号码 【1481382】，返回信息 {"status":"ok","msg":"广东-广州","gid":"148211","time_insert":"2021-06-28 18:20"}
2024-06-19 01:16:36 查询号码 【1481382】，GSD为【"广东-广州"】

2024-06-19 01:16:37 开始第 1479 次操作

2024-06-19 01:16:37 开始操作号码 【1481383】
2024-06-19 01:16:43 GSD getOne 第 1 次 等待 3 秒
2024-06-19 01:16:46 查询号码 【1481383】，返回信息 {"status":"ok","msg":"广东-广州","gid":"148218","time_insert":"2021-06-28 18:25"}
2024-06-19 01:16:46 查询号码 【1481383】，GSD为【"广东-广州"】

2024-06-19 01:16:47 开始第 1480 次操作

2024-06-19 01:16:47 开始操作号码 【1481384】
2024-06-19 01:16:52 GSD getOne 第 1 次 等待 3 秒
2024-06-19 01:16:55 查询号码 【1481384】，返回信息 {"status":"ok","msg":"广东-广州","gid":"148225","time_insert":"2021-06-28 18:30"}
2024-06-19 01:16:55 查询号码 【1481384】，GSD为【"广东-广州"】

2024-06-19 01:36:46 开始第 1481 次操作

2024-06-19 01:36:46 开始操作号码 【1481385】
2024-06-19 01:36:52 GSD getOne 第 1 次 等待 3 秒
2024-06-19 01:36:55 查询号码 【1481385】，返回信息 {"status":"ok","msg":"广东-广州","gid":"148231","time_insert":"2021-06-28 18:34"}
2024-06-19 01:36:56 查询号码 【1481385】，GSD为【"广东-广州"】

2024-06-19 01:36:57 开始第 1482 次操作

2024-06-19 01:36:57 开始操作号码 【1481386】
2024-06-19 01:37:02 GSD getOne 第 1 次 等待 3 秒
2024-06-19 01:37:05 查询号码 【1481386】，返回信息 {"status":"ok","msg":"广东-广州","gid":"148239","time_insert":"2021-06-28 18:39"}
2024-06-19 01:37:05 查询号码 【1481386】，GSD为【"广东-广州"】

2024-06-19 01:37:06 开始第 1483 次操作

2024-06-19 01:37:06 开始操作号码 【1481387】
2024-06-19 01:37:13 GSD getOne 第 1 次 等待 3 秒
2024-06-19 01:37:16 查询号码 【1481387】，返回信息 {"status":"ok","msg":"广东-广州","gid":"148242","time_insert":"2021-06-28 18:43"}
2024-06-19 01:37:16 查询号码 【1481387】，GSD为【"广东-广州"】

2024-06-19 01:37:17 开始第 1484 次操作

2024-06-19 01:37:17 开始操作号码 【1481388】
2024-06-19 01:37:23 GSD getOne 第 1 次 等待 3 秒
2024-06-19 01:37:26 查询号码 【1481388】，返回信息 {"status":"ok","msg":"广东-广州","gid":"148256","time_insert":"2021-06-28 18:46"}
2024-06-19 01:37:26 查询号码 【1481388】，GSD为【"广东-广州"】

2024-06-19 02:20:45 开始第 1485 次操作

2024-06-19 02:20:45 开始操作号码 【1481389】
2024-06-19 02:20:53 GSD getOne 第 1 次 等待 3 秒
2024-06-19 02:20:56 查询号码 【1481389】，返回信息 {"status":"ok","msg":"广东-广州","gid":"148314","time_insert":"2021-06-28 18:51"}
2024-06-19 02:20:56 查询号码 【1481389】，GSD为【"广东-广州"】

2024-06-19 02:20:57 开始第 1486 次操作

2024-06-19 02:20:57 开始操作号码 【1481390】
2024-06-19 02:21:08 GSD getOne 第 1 次 等待 3 秒
2024-06-19 02:21:11 查询号码 【1481390】，返回信息 {"status":"ok","msg":"广东-广州","gid":"148373","time_insert":"2021-06-28 18:55"}
2024-06-19 02:21:11 查询号码 【1481390】，GSD为【"广东-广州"】

2024-06-19 02:21:12 开始第 1487 次操作

2024-06-19 02:21:12 开始操作号码 【1481391】
2024-06-19 02:21:19 GSD getOne 第 1 次 等待 3 秒
2024-06-19 02:21:22 查询号码 【1481391】，返回信息 {"status":"ok","msg":"广东-广州","gid":"148420","time_insert":"2021-06-28 18:59"}
2024-06-19 02:21:22 查询号码 【1481391】，GSD为【"广东-广州"】

2024-06-19 02:21:23 开始第 1488 次操作

2024-06-19 02:21:23 开始操作号码 【1481392】
2024-06-19 02:21:33 GSD getOne 第 1 次 等待 3 秒
2024-06-19 02:21:36 查询号码 【1481392】，返回信息 {"status":"ok","msg":"广东-广州","gid":"148451","time_insert":"2021-06-28 19:02"}
2024-06-19 02:21:36 查询号码 【1481392】，GSD为【"广东-广州"】

2024-06-19 02:39:06 开始第 1489 次操作

2024-06-19 02:39:06 开始操作号码 【1481393】
2024-06-19 02:39:17 GSD getOne 第 1 次 等待 3 秒
2024-06-19 02:39:20 查询号码 【1481393】，返回信息 {"status":"ok","msg":"广东-广州","gid":"148489","time_insert":"2021-06-28 19:06"}
2024-06-19 02:39:20 查询号码 【1481393】，GSD为【"广东-广州"】

2024-06-19 02:39:21 开始第 1490 次操作

2024-06-19 02:39:21 开始操作号码 【1481394】
2024-06-19 02:39:39 GSD getOne 第 1 次 等待 3 秒
2024-06-19 02:39:42 查询号码 【1481394】，返回信息 {"status":"ok","msg":"广东-广州","gid":"148516","time_insert":"2021-06-28 19:10"}
2024-06-19 02:39:42 查询号码 【1481394】，GSD为【"广东-广州"】

2024-06-19 02:39:43 开始第 1491 次操作

2024-06-19 02:39:43 开始操作号码 【1481395】
2024-06-19 02:39:51 GSD getOne 第 1 次 等待 3 秒
2024-06-19 02:39:54 查询号码 【1481395】，返回信息 {"status":"ok","msg":"广东-广州","gid":"148532","time_insert":"2021-06-28 19:16"}
2024-06-19 02:39:54 查询号码 【1481395】，GSD为【"广东-广州"】

2024-06-19 02:39:55 开始第 1492 次操作

2024-06-19 02:39:55 开始操作号码 【1481396】
2024-06-19 02:40:01 GSD getOne 第 1 次 等待 3 秒
2024-06-19 02:40:04 查询号码 【1481396】，返回信息 {"status":"ok","msg":"广东-广州","gid":"148535","time_insert":"2021-06-28 19:19"}
2024-06-19 02:40:04 查询号码 【1481396】，GSD为【"广东-广州"】

