2024-06-18 00:19:22 开始第 1293 次操作

2024-06-18 00:19:22 开始操作号码 【1481197】
2024-06-18 00:19:28 GSD getOne 第 1 次 等待 3 秒
2024-06-18 00:19:31 查询号码 【1481197】，返回信息 {"status":"ok","msg":"福建-福州","gid":"144077","time_insert":"2021-06-28 04:24"}
2024-06-18 00:19:31 查询号码 【1481197】，GSD为【"福建-福州"】

2024-06-18 00:19:32 开始第 1294 次操作

2024-06-18 00:19:32 开始操作号码 【1481198】
2024-06-18 00:19:39 GSD getOne 第 1 次 等待 3 秒
2024-06-18 00:19:42 查询号码 【1481198】，返回信息 {"status":"ok","msg":"福建-福州","gid":"144083","time_insert":"2021-06-28 04:29"}
2024-06-18 00:19:42 查询号码 【1481198】，GSD为【"福建-福州"】

2024-06-18 00:19:43 开始第 1295 次操作

2024-06-18 00:19:43 开始操作号码 【1481199】
2024-06-18 00:19:48 GSD getOne 第 1 次 等待 3 秒
2024-06-18 00:19:51 查询号码 【1481199】，返回信息 {"status":"ok","msg":"福建-福州","gid":"144089","time_insert":"2021-06-28 04:32"}
2024-06-18 00:19:51 查询号码 【1481199】，GSD为【"福建-福州"】

2024-06-18 00:19:52 开始第 1296 次操作

2024-06-18 00:19:52 开始操作号码 【1481200】
2024-06-18 00:20:00 GSD getOne 第 1 次 等待 3 秒
2024-06-18 00:20:03 查询号码 【1481200】，返回信息 {"status":"ok","msg":"福建-福州","gid":"144094","time_insert":"2021-06-28 04:37"}
2024-06-18 00:20:03 查询号码 【1481200】，GSD为【"福建-福州"】

