2024-04-13 00:17:04 开始第 3421 次操作

2024-04-13 00:17:04 开始操作号码 【1593324】
2024-04-13 00:17:09 GSD getOne 第 1 次 等待 3 秒
2024-04-13 00:17:12 查询号码 【1593324】，返回信息 {"status":"ok","msg":"河北-保定","gid":"125323","time_insert":"2021-06-25 03:46"}
2024-04-13 00:17:12 查询号码 【1593324】，GSD为【"河北-保定"】

2024-04-13 00:17:13 开始第 3422 次操作

2024-04-13 00:17:13 开始操作号码 【1593325】
2024-04-13 00:17:18 GSD getOne 第 1 次 等待 3 秒
2024-04-13 00:17:21 查询号码 【1593325】，返回信息 {"status":"ok","msg":"河北-唐山","gid":"125327","time_insert":"2021-06-25 03:46"}
2024-04-13 00:17:21 查询号码 【1593325】，GSD为【"河北-唐山"】

2024-04-13 00:17:22 开始第 3423 次操作

2024-04-13 00:17:22 开始操作号码 【1593326】
2024-04-13 00:17:27 GSD getOne 第 1 次 等待 3 秒
2024-04-13 00:17:30 查询号码 【1593326】，返回信息 {"status":"ok","msg":"河北-廊坊","gid":"125333","time_insert":"2021-06-25 03:47"}
2024-04-13 00:17:30 查询号码 【1593326】，GSD为【"河北-廊坊"】

2024-04-13 00:17:31 开始第 3424 次操作

2024-04-13 00:17:31 开始操作号码 【1593327】
2024-04-13 00:17:36 GSD getOne 第 1 次 等待 3 秒
2024-04-13 00:17:39 查询号码 【1593327】，返回信息 {"status":"ok","msg":"河北-沧州","gid":"125339","time_insert":"2021-06-25 03:48"}
2024-04-13 00:17:39 查询号码 【1593327】，GSD为【"河北-沧州"】

