2024-02-16 00:16:52 开始第 3961 次操作

2024-02-16 00:16:52 开始操作号码 【1703863】
2024-02-16 00:17:01 GSD getOne 第 1 次 等待 3 秒
2024-02-16 00:17:04 查询号码 【1703863】，返回信息 {"status":"ok","msg":"山东-济南","gid":"142558","time_insert":"2021-06-27 22:59"}
2024-02-16 00:17:04 查询号码 【1703863】，GSD为【"山东-济南"】

2024-02-16 00:17:05 开始第 3962 次操作

2024-02-16 00:17:05 开始操作号码 【1703864】
2024-02-16 00:17:09 GSD getOne 第 1 次 等待 3 秒
2024-02-16 00:17:13 查询号码 【1703864】，返回信息 {"status":"ok","msg":"山东-济南","gid":"142660","time_insert":"2021-06-27 23:55"}
2024-02-16 00:17:13 查询号码 【1703864】，GSD为【"山东-济南"】

2024-02-16 00:17:14 开始第 3963 次操作

2024-02-16 00:17:14 开始操作号码 【1703865】
2024-02-16 00:17:18 GSD getOne 第 1 次 等待 3 秒
2024-02-16 00:17:21 查询号码 【1703865】，返回信息 {"status":"ok","msg":"山东-济南","gid":"142668","time_insert":"2021-06-27 23:56"}
2024-02-16 00:17:21 查询号码 【1703865】，GSD为【"山东-济南"】

2024-02-16 00:17:22 开始第 3964 次操作

2024-02-16 00:17:22 开始操作号码 【1703866】
2024-02-16 00:17:26 GSD getOne 第 1 次 等待 3 秒
2024-02-16 00:17:29 查询号码 【1703866】，返回信息 {"status":"ok","msg":"山东-济南","gid":"142679","time_insert":"2021-06-27 23:56"}
2024-02-16 00:17:29 查询号码 【1703866】，GSD为【"山东-济南"】

