2021-07-01 00:00:05 开始第 10 次操作

2021-07-01 00:00:05 开始操作号码 【1665800】
2021-07-01 00:00:09 GSD getOne 第 1 次 等待 1 秒
2021-07-01 00:00:10 查询号码 【1665800】，返回信息 {"status":"bad","msg":""}
2021-07-01 00:00:10 查询号码 【1665800】，GSD为【""】
2021-07-01 00:00:10 bad
2021-07-01 00:00:11 CHB 1665800?1625068810 第 1 次 等待 1 秒
2021-07-01 00:00:12 CHB 1665800?1625068810 第 1 次 获取到号码【1665800】GSD
2021-07-01 00:00:12 获取到号码【1665800】的GSD为【广东-广州】
2021-07-01 00:00:20 GSD insert 第 1 次 等待 1 秒
2021-07-01 00:00:21 {"status":"ok","msg":"添加成功！163001"}
2021-07-01 00:00:21 下次操作: 2021-07-01 00:00:34

2021-07-01 00:00:34 开始第 11 次操作

2021-07-01 00:00:34 开始操作号码 【1665801】
2021-07-01 00:00:43 GSD getOne 第 1 次 等待 1 秒
2021-07-01 00:00:44 查询号码 【1665801】，返回信息 {"status":"bad","msg":""}
2021-07-01 00:00:44 查询号码 【1665801】，GSD为【""】
2021-07-01 00:00:44 bad
2021-07-01 00:00:47 CHB 1665801?1625068844 第 1 次 等待 1 秒
2021-07-01 00:00:48 CHB 1665801?1625068844 第 1 次 获取到号码【1665801】GSD
2021-07-01 00:00:48 获取到号码【1665801】的GSD为【广东-广州】
2021-07-01 00:00:54 GSD insert 第 1 次 等待 1 秒
2021-07-01 00:00:55 {"status":"ok","msg":"添加成功！163006"}
2021-07-01 00:00:55 下次操作: 2021-07-01 00:01:03

2021-07-01 00:01:03 开始第 12 次操作

2021-07-01 00:01:03 开始操作号码 【1665802】
2021-07-01 00:01:07 GSD getOne 第 1 次 等待 1 秒
2021-07-01 00:01:08 查询号码 【1665802】，返回信息 {"status":"bad","msg":""}
2021-07-01 00:01:08 查询号码 【1665802】，GSD为【""】
2021-07-01 00:01:08 bad
2021-07-01 00:01:10 CHB 1665802?1625068868 第 1 次 等待 1 秒
2021-07-01 00:01:11 CHB 1665802?1625068868 第 1 次 获取到号码【1665802】GSD
2021-07-01 00:01:11 获取到号码【1665802】的GSD为【广东-广州】
2021-07-01 00:01:15 GSD insert 第 1 次 等待 1 秒
2021-07-01 00:01:16 {"status":"ok","msg":"添加成功！163009"}
2021-07-01 00:01:16 下次操作: 2021-07-01 00:01:30

2021-07-01 00:01:30 开始第 13 次操作

2021-07-01 00:01:30 开始操作号码 【1665803】
2021-07-01 00:01:38 GSD getOne 第 1 次 等待 1 秒
2021-07-01 00:01:39 查询号码 【1665803】，返回信息 {"status":"bad","msg":""}
2021-07-01 00:01:39 查询号码 【1665803】，GSD为【""】
2021-07-01 00:01:39 bad
2021-07-01 00:01:41 CHB 1665803?1625068899 第 1 次 等待 1 秒
2021-07-01 00:01:42 CHB 1665803?1625068899 第 1 次 获取到号码【1665803】GSD
2021-07-01 00:01:42 获取到号码【1665803】的GSD为【广东-广州】
2021-07-01 00:01:46 GSD insert 第 1 次 等待 1 秒
2021-07-01 00:01:47 {"status":"ok","msg":"添加成功！163014"}
2021-07-01 00:01:47 下次操作: 2021-07-01 00:02:00

2021-07-01 00:02:00 开始第 14 次操作

2021-07-01 00:02:00 开始操作号码 【1665804】
2021-07-01 00:02:03 GSD getOne 第 1 次 等待 1 秒
2021-07-01 00:02:04 查询号码 【1665804】，返回信息 {"status":"bad","msg":""}
2021-07-01 00:02:05 查询号码 【1665804】，GSD为【""】
2021-07-01 00:02:05 bad
2021-07-01 00:02:14 CHB 1665804?1625068925 第 1 次 等待 1 秒
2021-07-01 00:02:15 CHB 1665804?1625068925 第 1 次 获取到号码【1665804】GSD
2021-07-01 00:02:15 获取到号码【1665804】的GSD为【广东-广州】
2021-07-01 00:02:19 GSD insert 第 1 次 等待 1 秒
2021-07-01 00:02:20 {"status":"ok","msg":"添加成功！163017"}
2021-07-01 00:02:20 下次操作: 2021-07-01 00:02:38

2021-07-01 00:02:38 开始第 15 次操作

2021-07-01 00:02:38 开始操作号码 【1665805】
2021-07-01 00:02:42 GSD getOne 第 1 次 等待 1 秒
2021-07-01 00:02:43 查询号码 【1665805】，返回信息 {"status":"bad","msg":""}
2021-07-01 00:02:43 查询号码 【1665805】，GSD为【""】
2021-07-01 00:02:43 bad
2021-07-01 00:02:46 CHB 1665805?1625068963 第 1 次 等待 1 秒
2021-07-01 00:02:47 CHB 1665805?1625068963 第 1 次 获取到号码【1665805】GSD
2021-07-01 00:02:47 获取到号码【1665805】的GSD为【广东-广州】
2021-07-01 00:02:51 GSD insert 第 1 次 等待 1 秒
2021-07-01 00:02:52 {"status":"ok","msg":"添加成功！163021"}
2021-07-01 00:02:52 下次操作: 2021-07-01 00:03:04

2021-07-01 00:03:04 开始第 16 次操作

2021-07-01 00:03:04 开始操作号码 【1665806】
2021-07-01 00:03:08 GSD getOne 第 1 次 等待 1 秒
2021-07-01 00:03:09 查询号码 【1665806】，返回信息 {"status":"bad","msg":""}
2021-07-01 00:03:09 查询号码 【1665806】，GSD为【""】
2021-07-01 00:03:09 bad
2021-07-01 00:03:12 CHB 1665806?1625068989 第 1 次 等待 1 秒
2021-07-01 00:03:13 CHB 1665806?1625068989 第 1 次 获取到号码【1665806】GSD
2021-07-01 00:03:13 获取到号码【1665806】的GSD为【广东-广州】
2021-07-01 00:03:19 GSD insert 第 1 次 等待 1 秒
2021-07-01 00:03:20 {"status":"ok","msg":"添加成功！163025"}
2021-07-01 00:03:20 下次操作: 2021-07-01 00:03:31

2021-07-01 00:03:31 开始第 17 次操作

2021-07-01 00:03:31 开始操作号码 【1665807】
2021-07-01 00:03:37 GSD getOne 第 1 次 等待 1 秒
2021-07-01 00:03:38 查询号码 【1665807】，返回信息 {"status":"bad","msg":""}
2021-07-01 00:03:38 查询号码 【1665807】，GSD为【""】
2021-07-01 00:03:38 bad
2021-07-01 00:03:40 CHB 1665807?1625069018 第 1 次 等待 1 秒
2021-07-01 00:03:41 CHB 1665807?1625069018 第 1 次 获取到号码【1665807】GSD
2021-07-01 00:03:41 获取到号码【1665807】的GSD为【广东-广州】
2021-07-01 00:03:45 GSD insert 第 1 次 等待 1 秒
2021-07-01 00:03:46 {"status":"ok","msg":"添加成功！163029"}
2021-07-01 00:03:46 下次操作: 2021-07-01 00:03:58

2021-07-01 00:03:58 开始第 18 次操作

2021-07-01 00:03:58 开始操作号码 【1665808】
2021-07-01 00:04:02 GSD getOne 第 1 次 等待 1 秒
2021-07-01 00:04:03 查询号码 【1665808】，返回信息 {"status":"bad","msg":""}
2021-07-01 00:04:03 查询号码 【1665808】，GSD为【""】
2021-07-01 00:04:03 bad
2021-07-01 00:04:05 CHB 1665808?1625069043 第 1 次 等待 1 秒
2021-07-01 00:04:06 CHB 1665808?1625069043 第 1 次 获取到号码【1665808】GSD
2021-07-01 00:04:06 获取到号码【1665808】的GSD为【广东-广州】
2021-07-01 00:04:10 GSD insert 第 1 次 等待 1 秒
2021-07-01 00:04:11 {"status":"ok","msg":"添加成功！163033"}
2021-07-01 00:04:11 下次操作: 2021-07-01 00:04:17

2021-07-01 00:04:17 开始第 19 次操作

2021-07-01 00:04:17 开始操作号码 【1665809】
2021-07-01 00:04:21 GSD getOne 第 1 次 等待 1 秒
2021-07-01 00:04:22 查询号码 【1665809】，返回信息 {"status":"bad","msg":""}
2021-07-01 00:04:22 查询号码 【1665809】，GSD为【""】
2021-07-01 00:04:22 bad
2021-07-01 00:04:24 CHB 1665809?1625069062 第 1 次 等待 1 秒
2021-07-01 00:04:25 CHB 1665809?1625069062 第 1 次 获取到号码【1665809】GSD
2021-07-01 00:04:25 获取到号码【1665809】的GSD为【广东-广州】
2021-07-01 00:04:29 GSD insert 第 1 次 等待 1 秒
2021-07-01 00:04:30 {"status":"ok","msg":"添加成功！163037"}
2021-07-01 00:04:30 下次操作: 2021-07-01 00:04:44

2021-07-01 00:04:44 开始第 20 次操作

2021-07-01 00:04:44 开始操作号码 【1665810】
2021-07-01 00:04:49 GSD getOne 第 1 次 等待 1 秒
2021-07-01 00:04:50 查询号码 【1665810】，返回信息 {"status":"bad","msg":""}
2021-07-01 00:04:50 查询号码 【1665810】，GSD为【""】
2021-07-01 00:04:50 bad
2021-07-01 00:04:52 CHB 1665810?1625069090 第 1 次 等待 1 秒
2021-07-01 00:04:53 CHB 1665810?1625069090 第 1 次 获取到号码【1665810】GSD
2021-07-01 00:04:53 获取到号码【1665810】的GSD为【广东-广州】
2021-07-01 00:04:57 GSD insert 第 1 次 等待 1 秒
2021-07-01 00:04:58 {"status":"ok","msg":"添加成功！163040"}
2021-07-01 00:04:58 下次操作: 2021-07-01 00:05:04

2021-07-01 00:05:04 开始第 21 次操作

2021-07-01 00:05:04 开始操作号码 【1665811】
2021-07-01 00:05:08 GSD getOne 第 1 次 等待 1 秒
2021-07-01 00:05:09 查询号码 【1665811】，返回信息 {"status":"bad","msg":""}
2021-07-01 00:05:09 查询号码 【1665811】，GSD为【""】
2021-07-01 00:05:09 bad
2021-07-01 00:05:13 CHB 1665811?1625069109 第 1 次 等待 1 秒
2021-07-01 00:05:14 CHB 1665811?1625069109 第 1 次 获取到号码【1665811】GSD
2021-07-01 00:05:14 获取到号码【1665811】的GSD为【广东-广州】
2021-07-01 00:05:18 GSD insert 第 1 次 等待 1 秒
2021-07-01 00:05:19 {"status":"ok","msg":"添加成功！163043"}
2021-07-01 00:05:19 下次操作: 2021-07-01 00:05:37

2021-07-01 00:05:37 开始第 22 次操作

2021-07-01 00:05:37 开始操作号码 【1665812】
2021-07-01 00:05:43 GSD getOne 第 1 次 等待 1 秒
2021-07-01 00:05:44 查询号码 【1665812】，返回信息 {"status":"bad","msg":""}
2021-07-01 00:05:44 查询号码 【1665812】，GSD为【""】
2021-07-01 00:05:44 bad
2021-07-01 00:05:46 CHB 1665812?1625069144 第 1 次 等待 1 秒
2021-07-01 00:05:47 CHB 1665812?1625069144 第 1 次 获取到号码【1665812】GSD
2021-07-01 00:05:47 获取到号码【1665812】的GSD为【广东-广州】
2021-07-01 00:05:51 GSD insert 第 1 次 等待 1 秒
2021-07-01 00:05:52 {"status":"ok","msg":"添加成功！163048"}
2021-07-01 00:05:52 下次操作: 2021-07-01 00:05:58

2021-07-01 00:05:58 开始第 23 次操作

2021-07-01 00:05:58 开始操作号码 【1665813】
2021-07-01 00:06:02 GSD getOne 第 1 次 等待 1 秒
2021-07-01 00:06:03 查询号码 【1665813】，返回信息 {"status":"bad","msg":""}
2021-07-01 00:06:04 查询号码 【1665813】，GSD为【""】
2021-07-01 00:06:04 bad
2021-07-01 00:06:05 CHB 1665813?1625069164 第 1 次 等待 1 秒
2021-07-01 00:06:06 CHB 1665813?1625069164 第 1 次 获取到号码【1665813】GSD
2021-07-01 00:06:06 获取到号码【1665813】的GSD为【广东-广州】
2021-07-01 00:06:10 GSD insert 第 1 次 等待 1 秒
2021-07-01 00:06:11 {"status":"ok","msg":"添加成功！163053"}
2021-07-01 00:06:11 下次操作: 2021-07-01 00:06:23

2021-07-01 00:06:23 开始第 24 次操作

2021-07-01 00:06:23 开始操作号码 【1665814】
2021-07-01 00:06:34 GSD getOne 第 1 次 等待 1 秒
2021-07-01 00:06:35 查询号码 【1665814】，返回信息 {"status":"bad","msg":""}
2021-07-01 00:06:35 查询号码 【1665814】，GSD为【""】
2021-07-01 00:06:35 bad
2021-07-01 00:06:37 CHB 1665814?1625069195 第 1 次 等待 1 秒
2021-07-01 00:06:38 CHB 1665814?1625069195 第 1 次 获取到号码【1665814】GSD
2021-07-01 00:06:38 获取到号码【1665814】的GSD为【广东-广州】
2021-07-01 00:06:42 GSD insert 第 1 次 等待 1 秒
2021-07-01 00:06:43 {"status":"ok","msg":"添加成功！163056"}
2021-07-01 00:06:43 下次操作: 2021-07-01 00:06:52

2021-07-01 00:06:52 开始第 25 次操作

2021-07-01 00:06:52 开始操作号码 【1665815】
2021-07-01 00:06:56 GSD getOne 第 1 次 等待 1 秒
2021-07-01 00:06:57 查询号码 【1665815】，返回信息 {"status":"bad","msg":""}
2021-07-01 00:06:57 查询号码 【1665815】，GSD为【""】
2021-07-01 00:06:57 bad
2021-07-01 00:06:58 CHB 1665815?1625069217 第 1 次 等待 1 秒
2021-07-01 00:06:59 CHB 1665815?1625069217 第 1 次 获取到号码【1665815】GSD
2021-07-01 00:06:59 获取到号码【1665815】的GSD为【广东-广州】
2021-07-01 00:07:03 GSD insert 第 1 次 等待 1 秒
2021-07-01 00:07:04 {"status":"ok","msg":"添加成功！163060"}
2021-07-01 00:07:04 下次操作: 2021-07-01 00:07:22

2021-07-01 00:07:22 开始第 26 次操作

2021-07-01 00:07:22 开始操作号码 【1665816】
2021-07-01 00:07:26 GSD getOne 第 1 次 等待 1 秒
2021-07-01 00:07:27 查询号码 【1665816】，返回信息 {"status":"bad","msg":""}
2021-07-01 00:07:27 查询号码 【1665816】，GSD为【""】
2021-07-01 00:07:27 bad
2021-07-01 00:07:30 CHB 1665816?1625069247 第 1 次 等待 1 秒
2021-07-01 00:07:31 CHB 1665816?1625069247 第 1 次 获取到号码【1665816】GSD
2021-07-01 00:07:31 获取到号码【1665816】的GSD为【广东-广州】
2021-07-01 00:07:35 GSD insert 第 1 次 等待 1 秒
2021-07-01 00:07:36 {"status":"ok","msg":"添加成功！163064"}
2021-07-01 00:07:36 下次操作: 2021-07-01 00:07:51

2021-07-01 00:07:51 开始第 27 次操作

2021-07-01 00:07:51 开始操作号码 【1665817】
2021-07-01 00:07:55 GSD getOne 第 1 次 等待 1 秒
2021-07-01 00:07:56 查询号码 【1665817】，返回信息 {"status":"bad","msg":""}
2021-07-01 00:07:56 查询号码 【1665817】，GSD为【""】
2021-07-01 00:07:56 bad
2021-07-01 00:07:58 CHB 1665817?1625069276 第 1 次 等待 1 秒
2021-07-01 00:07:59 CHB 1665817?1625069276 第 1 次 获取到号码【1665817】GSD
2021-07-01 00:07:59 获取到号码【1665817】的GSD为【广东-广州】
2021-07-01 00:08:02 GSD insert 第 1 次 等待 1 秒
2021-07-01 00:08:03 {"status":"ok","msg":"添加成功！163066"}
2021-07-01 00:08:03 下次操作: 2021-07-01 00:08:09

2021-07-01 00:08:09 开始第 28 次操作

2021-07-01 00:08:09 开始操作号码 【1665818】
2021-07-01 00:08:15 GSD getOne 第 1 次 等待 1 秒
2021-07-01 00:08:16 查询号码 【1665818】，返回信息 {"status":"bad","msg":""}
2021-07-01 00:08:16 查询号码 【1665818】，GSD为【""】
2021-07-01 00:08:16 bad
2021-07-01 00:08:18 CHB 1665818?1625069296 第 1 次 等待 1 秒
2021-07-01 00:08:19 CHB 1665818?1625069296 第 1 次 获取到号码【1665818】GSD
2021-07-01 00:08:20 获取到号码【1665818】的GSD为【广东-广州】
2021-07-01 00:08:25 GSD insert 第 1 次 等待 1 秒
2021-07-01 00:08:26 {"status":"ok","msg":"添加成功！163070"}
2021-07-01 00:08:26 下次操作: 2021-07-01 00:08:34

2021-07-01 00:08:34 开始第 29 次操作

2021-07-01 00:08:34 开始操作号码 【1665819】
2021-07-01 00:08:38 GSD getOne 第 1 次 等待 1 秒
2021-07-01 00:08:39 查询号码 【1665819】，返回信息 {"status":"bad","msg":""}
2021-07-01 00:08:39 查询号码 【1665819】，GSD为【""】
2021-07-01 00:08:39 bad
2021-07-01 00:08:41 CHB 1665819?1625069319 第 1 次 等待 1 秒
2021-07-01 00:08:42 CHB 1665819?1625069319 第 1 次 获取到号码【1665819】GSD
2021-07-01 00:08:42 获取到号码【1665819】的GSD为【广东-广州】
2021-07-01 00:08:46 GSD insert 第 1 次 等待 1 秒
2021-07-01 00:08:47 {"status":"ok","msg":"添加成功！163072"}
2021-07-01 00:08:47 下次操作: 2021-07-01 00:09:04

2021-07-01 00:09:04 开始第 30 次操作

2021-07-01 00:09:04 开始操作号码 【1665820】
2021-07-01 00:09:11 GSD getOne 第 1 次 等待 1 秒
2021-07-01 00:09:12 查询号码 【1665820】，返回信息 {"status":"bad","msg":""}
2021-07-01 00:09:12 查询号码 【1665820】，GSD为【""】
2021-07-01 00:09:12 bad
2021-07-01 00:09:15 CHB 1665820?1625069352 第 1 次 等待 1 秒
2021-07-01 00:09:16 CHB 1665820?1625069352 第 1 次 获取到号码【1665820】GSD
2021-07-01 00:09:16 获取到号码【1665820】的GSD为【广东-东莞】
2021-07-01 00:09:20 GSD insert 第 1 次 等待 1 秒
2021-07-01 00:09:21 {"status":"ok","msg":"添加成功！163076"}

2021-07-01 01:39:22 开始第 1 次操作

2021-07-01 01:39:22 开始操作号码 【1665821】
2021-07-01 01:39:26 GSD getOne 第 1 次 等待 1 秒
2021-07-01 01:39:27 查询号码 【1665821】，返回信息 {"status":"bad","msg":""}
2021-07-01 01:39:27 查询号码 【1665821】，GSD为【""】
2021-07-01 01:39:27 bad
2021-07-01 01:39:29 CHB 1665821?1625074767 第 1 次 等待 1 秒
2021-07-01 01:39:30 CHB 1665821?1625074767 第 1 次 获取到号码【1665821】GSD
2021-07-01 01:39:30 获取到号码【1665821】的GSD为【广东-东莞】
2021-07-01 01:39:34 GSD insert 第 1 次 等待 1 秒
2021-07-01 01:39:35 {"status":"ok","msg":"添加成功！163355"}
2021-07-01 01:39:35 下次操作: 2021-07-01 01:39:45

2021-07-01 01:39:45 开始第 2 次操作

2021-07-01 01:39:45 开始操作号码 【1665822】
2021-07-01 01:39:49 GSD getOne 第 1 次 等待 1 秒
2021-07-01 01:39:50 查询号码 【1665822】，返回信息 {"status":"bad","msg":""}
2021-07-01 01:39:50 查询号码 【1665822】，GSD为【""】
2021-07-01 01:39:50 bad
2021-07-01 01:39:52 CHB 1665822?1625074790 第 1 次 等待 1 秒
2021-07-01 01:39:53 CHB 1665822?1625074790 第 1 次 获取到号码【1665822】GSD
2021-07-01 01:39:53 获取到号码【1665822】的GSD为【广东-东莞】
2021-07-01 01:39:57 GSD insert 第 1 次 等待 1 秒
2021-07-01 01:39:58 {"status":"ok","msg":"添加成功！163359"}
2021-07-01 01:39:58 下次操作: 2021-07-01 01:40:13

2021-07-01 01:40:13 开始第 3 次操作

2021-07-01 01:40:13 开始操作号码 【1665823】
2021-07-01 01:40:16 GSD getOne 第 1 次 等待 1 秒
2021-07-01 01:40:17 查询号码 【1665823】，返回信息 {"status":"bad","msg":""}
2021-07-01 01:40:17 查询号码 【1665823】，GSD为【""】
2021-07-01 01:40:17 bad
2021-07-01 01:40:19 CHB 1665823?1625074817 第 1 次 等待 1 秒
2021-07-01 01:40:20 CHB 1665823?1625074817 第 1 次 获取到号码【1665823】GSD
2021-07-01 01:40:20 获取到号码【1665823】的GSD为【广东-东莞】
2021-07-01 01:40:24 GSD insert 第 1 次 等待 1 秒
2021-07-01 01:40:25 {"status":"ok","msg":"添加成功！163362"}
2021-07-01 01:40:25 下次操作: 2021-07-01 01:40:40

2021-07-01 01:40:40 开始第 4 次操作

2021-07-01 01:40:40 开始操作号码 【1665824】
2021-07-01 01:40:44 GSD getOne 第 1 次 等待 1 秒
2021-07-01 01:40:45 查询号码 【1665824】，返回信息 {"status":"bad","msg":""}
2021-07-01 01:40:45 查询号码 【1665824】，GSD为【""】
2021-07-01 01:40:45 bad
2021-07-01 01:40:47 CHB 1665824?1625074845 第 1 次 等待 1 秒
2021-07-01 01:40:48 CHB 1665824?1625074845 第 1 次 获取到号码【1665824】GSD
2021-07-01 01:40:48 获取到号码【1665824】的GSD为【广东-东莞】
2021-07-01 01:40:52 GSD insert 第 1 次 等待 1 秒
2021-07-01 01:40:53 {"status":"ok","msg":"添加成功！163365"}
2021-07-01 01:40:53 下次操作: 2021-07-01 01:41:09

2021-07-01 01:41:09 开始第 5 次操作

2021-07-01 01:41:09 开始操作号码 【1665825】
2021-07-01 01:41:13 GSD getOne 第 1 次 等待 1 秒
2021-07-01 01:41:14 查询号码 【1665825】，返回信息 {"status":"bad","msg":""}
2021-07-01 01:41:14 查询号码 【1665825】，GSD为【""】
2021-07-01 01:41:14 bad
2021-07-01 01:41:16 CHB 1665825?1625074874 第 1 次 等待 1 秒
2021-07-01 01:41:17 CHB 1665825?1625074874 第 1 次 获取到号码【1665825】GSD
2021-07-01 01:41:17 获取到号码【1665825】的GSD为【广东-东莞】
2021-07-01 01:41:20 GSD insert 第 1 次 等待 1 秒
2021-07-01 01:41:21 {"status":"ok","msg":"添加成功！163369"}
2021-07-01 01:41:21 下次操作: 2021-07-01 01:41:34

2021-07-01 01:41:34 开始第 6 次操作

2021-07-01 01:41:34 开始操作号码 【1665826】
2021-07-01 01:41:38 GSD getOne 第 1 次 等待 1 秒
2021-07-01 01:41:39 查询号码 【1665826】，返回信息 {"status":"bad","msg":""}
2021-07-01 01:41:39 查询号码 【1665826】，GSD为【""】
2021-07-01 01:41:39 bad
2021-07-01 01:41:40 CHB 1665826?1625074899 第 1 次 等待 1 秒
2021-07-01 01:41:41 CHB 1665826?1625074899 第 1 次 获取到号码【1665826】GSD
2021-07-01 01:41:42 获取到号码【1665826】的GSD为【广东-东莞】
2021-07-01 01:41:48 GSD insert 第 1 次 等待 1 秒
2021-07-01 01:41:49 {"status":"ok","msg":"添加成功！163373"}
2021-07-01 01:41:49 下次操作: 2021-07-01 01:42:07

2021-07-01 01:42:07 开始第 7 次操作

2021-07-01 01:42:07 开始操作号码 【1665827】
2021-07-01 01:42:11 GSD getOne 第 1 次 等待 1 秒
2021-07-01 01:42:12 查询号码 【1665827】，返回信息 {"status":"bad","msg":""}
2021-07-01 01:42:12 查询号码 【1665827】，GSD为【""】
2021-07-01 01:42:12 bad
2021-07-01 01:42:15 CHB 1665827?1625074932 第 1 次 等待 1 秒
2021-07-01 01:42:16 CHB 1665827?1625074932 第 1 次 获取到号码【1665827】GSD
2021-07-01 01:42:16 获取到号码【1665827】的GSD为【广东-东莞】
2021-07-01 01:42:20 GSD insert 第 1 次 等待 1 秒
2021-07-01 01:42:21 {"status":"ok","msg":"添加成功！163377"}
2021-07-01 01:42:21 下次操作: 2021-07-01 01:42:31

2021-07-01 01:42:31 开始第 8 次操作

2021-07-01 01:42:31 开始操作号码 【1665828】
2021-07-01 01:42:35 GSD getOne 第 1 次 等待 1 秒
2021-07-01 01:42:36 查询号码 【1665828】，返回信息 {"status":"bad","msg":""}
2021-07-01 01:42:36 查询号码 【1665828】，GSD为【""】
2021-07-01 01:42:36 bad
2021-07-01 01:42:39 CHB 1665828?1625074956 第 1 次 等待 1 秒
2021-07-01 01:42:40 CHB 1665828?1625074956 第 1 次 获取到号码【1665828】GSD
2021-07-01 01:42:40 获取到号码【1665828】的GSD为【广东-东莞】
2021-07-01 01:42:43 GSD insert 第 1 次 等待 1 秒
2021-07-01 01:42:44 {"status":"ok","msg":"添加成功！163378"}
2021-07-01 01:42:44 下次操作: 2021-07-01 01:42:52

2021-07-01 01:42:52 开始第 9 次操作

2021-07-01 01:42:52 开始操作号码 【1665829】
2021-07-01 01:42:56 GSD getOne 第 1 次 等待 1 秒
2021-07-01 01:42:57 查询号码 【1665829】，返回信息 {"status":"bad","msg":""}
2021-07-01 01:42:57 查询号码 【1665829】，GSD为【""】
2021-07-01 01:42:57 bad
2021-07-01 01:42:59 CHB 1665829?1625074977 第 1 次 等待 1 秒
2021-07-01 01:43:00 CHB 1665829?1625074977 第 1 次 获取到号码【1665829】GSD
2021-07-01 01:43:00 获取到号码【1665829】的GSD为【广东-东莞】
2021-07-01 01:43:04 GSD insert 第 1 次 等待 1 秒
2021-07-01 01:43:05 {"status":"ok","msg":"添加成功！163382"}
2021-07-01 01:43:05 下次操作: 2021-07-01 01:43:14

2021-07-01 01:43:14 开始第 10 次操作

2021-07-01 01:43:14 开始操作号码 【1665830】
2021-07-01 01:43:17 GSD getOne 第 1 次 等待 1 秒
2021-07-01 01:43:18 查询号码 【1665830】，返回信息 {"status":"bad","msg":""}
2021-07-01 01:43:19 查询号码 【1665830】，GSD为【""】
2021-07-01 01:43:19 bad
2021-07-01 01:43:21 CHB 1665830?1625074999 第 1 次 等待 1 秒
2021-07-01 01:43:22 CHB 1665830?1625074999 第 1 次 获取到号码【1665830】GSD
2021-07-01 01:43:22 获取到号码【1665830】的GSD为【广东-东莞】
2021-07-01 01:43:25 GSD insert 第 1 次 等待 1 秒
2021-07-01 01:43:26 {"status":"ok","msg":"添加成功！163386"}
2021-07-01 01:43:26 下次操作: 2021-07-01 01:43:38

2021-07-01 01:43:38 开始第 11 次操作

2021-07-01 01:43:38 开始操作号码 【1665831】
2021-07-01 01:43:42 GSD getOne 第 1 次 等待 1 秒
2021-07-01 01:43:43 查询号码 【1665831】，返回信息 {"status":"bad","msg":""}
2021-07-01 01:43:43 查询号码 【1665831】，GSD为【""】
2021-07-01 01:43:43 bad
2021-07-01 01:43:46 CHB 1665831?1625075023 第 1 次 等待 1 秒
2021-07-01 01:43:47 CHB 1665831?1625075023 第 1 次 获取到号码【1665831】GSD
2021-07-01 01:43:47 获取到号码【1665831】的GSD为【广东-东莞】
2021-07-01 01:43:51 GSD insert 第 1 次 等待 1 秒
2021-07-01 01:43:52 {"status":"ok","msg":"添加成功！163390"}
2021-07-01 01:43:52 下次操作: 2021-07-01 01:44:10

2021-07-01 01:44:10 开始第 12 次操作

2021-07-01 01:44:10 开始操作号码 【1665832】
2021-07-01 01:44:15 GSD getOne 第 1 次 等待 1 秒
2021-07-01 01:44:16 查询号码 【1665832】，返回信息 {"status":"bad","msg":""}
2021-07-01 01:44:16 查询号码 【1665832】，GSD为【""】
2021-07-01 01:44:16 bad
2021-07-01 01:44:18 CHB 1665832?1625075056 第 1 次 等待 1 秒
2021-07-01 01:44:19 CHB 1665832?1625075056 第 1 次 获取到号码【1665832】GSD
2021-07-01 01:44:19 获取到号码【1665832】的GSD为【广东-东莞】
2021-07-01 01:44:22 GSD insert 第 1 次 等待 1 秒
2021-07-01 01:44:23 {"status":"ok","msg":"添加成功！163393"}
2021-07-01 01:44:23 下次操作: 2021-07-01 01:44:37

2021-07-01 01:44:37 开始第 13 次操作

2021-07-01 01:44:37 开始操作号码 【1665833】
2021-07-01 01:44:41 GSD getOne 第 1 次 等待 1 秒
2021-07-01 01:44:42 查询号码 【1665833】，返回信息 {"status":"bad","msg":""}
2021-07-01 01:44:42 查询号码 【1665833】，GSD为【""】
2021-07-01 01:44:42 bad
2021-07-01 01:44:44 CHB 1665833?1625075082 第 1 次 等待 1 秒
2021-07-01 01:44:45 CHB 1665833?1625075082 第 1 次 获取到号码【1665833】GSD
2021-07-01 01:44:45 获取到号码【1665833】的GSD为【广东-东莞】
2021-07-01 01:44:48 GSD insert 第 1 次 等待 1 秒
2021-07-01 01:44:49 {"status":"ok","msg":"添加成功！163397"}
2021-07-01 01:44:49 下次操作: 2021-07-01 01:44:56

2021-07-01 01:44:56 开始第 14 次操作

2021-07-01 01:44:56 开始操作号码 【1665834】
2021-07-01 01:45:00 GSD getOne 第 1 次 等待 1 秒
2021-07-01 01:45:01 查询号码 【1665834】，返回信息 {"status":"bad","msg":""}
2021-07-01 01:45:01 查询号码 【1665834】，GSD为【""】
2021-07-01 01:45:01 bad
2021-07-01 01:45:03 CHB 1665834?1625075101 第 1 次 等待 1 秒
2021-07-01 01:45:04 CHB 1665834?1625075101 第 1 次 获取到号码【1665834】GSD
2021-07-01 01:45:04 获取到号码【1665834】的GSD为【广东-东莞】
2021-07-01 01:45:07 GSD insert 第 1 次 等待 1 秒
2021-07-01 01:45:08 {"status":"ok","msg":"添加成功！163399"}
2021-07-01 01:45:08 下次操作: 2021-07-01 01:45:17

2021-07-01 01:45:17 开始第 15 次操作

2021-07-01 01:45:17 开始操作号码 【1665835】
2021-07-01 01:45:21 GSD getOne 第 1 次 等待 1 秒
2021-07-01 01:45:22 查询号码 【1665835】，返回信息 {"status":"bad","msg":""}
2021-07-01 01:45:22 查询号码 【1665835】，GSD为【""】
2021-07-01 01:45:22 bad
2021-07-01 01:45:24 CHB 1665835?1625075122 第 1 次 等待 1 秒
2021-07-01 01:45:25 CHB 1665835?1625075122 第 1 次 获取到号码【1665835】GSD
2021-07-01 01:45:25 获取到号码【1665835】的GSD为【广东-东莞】
2021-07-01 01:45:28 GSD insert 第 1 次 等待 1 秒
2021-07-01 01:45:29 {"status":"ok","msg":"添加成功！163404"}
2021-07-01 01:45:29 下次操作: 2021-07-01 01:45:47

2021-07-01 01:45:47 开始第 16 次操作

2021-07-01 01:45:47 开始操作号码 【1665836】
2021-07-01 01:45:51 GSD getOne 第 1 次 等待 1 秒
2021-07-01 01:45:52 查询号码 【1665836】，返回信息 {"status":"bad","msg":""}
2021-07-01 01:45:52 查询号码 【1665836】，GSD为【""】
2021-07-01 01:45:52 bad
2021-07-01 01:45:54 CHB 1665836?1625075152 第 1 次 等待 1 秒
2021-07-01 01:45:55 CHB 1665836?1625075152 第 1 次 获取到号码【1665836】GSD
2021-07-01 01:45:55 获取到号码【1665836】的GSD为【广东-东莞】
2021-07-01 01:45:59 GSD insert 第 1 次 等待 1 秒
2021-07-01 01:46:00 {"status":"ok","msg":"添加成功！163407"}
2021-07-01 01:46:00 下次操作: 2021-07-01 01:46:08

2021-07-01 01:46:08 开始第 17 次操作

2021-07-01 01:46:08 开始操作号码 【1665837】
2021-07-01 01:46:12 GSD getOne 第 1 次 等待 1 秒
2021-07-01 01:46:13 查询号码 【1665837】，返回信息 {"status":"bad","msg":""}
2021-07-01 01:46:13 查询号码 【1665837】，GSD为【""】
2021-07-01 01:46:13 bad
2021-07-01 01:46:15 CHB 1665837?1625075173 第 1 次 等待 1 秒
2021-07-01 01:46:16 CHB 1665837?1625075173 第 1 次 获取到号码【1665837】GSD
2021-07-01 01:46:16 获取到号码【1665837】的GSD为【广东-肇庆】
2021-07-01 01:46:21 GSD insert 第 1 次 等待 1 秒
2021-07-01 01:46:22 {"status":"ok","msg":"添加成功！163412"}
2021-07-01 01:46:22 下次操作: 2021-07-01 01:46:39

2021-07-01 01:46:39 开始第 18 次操作

2021-07-01 01:46:39 开始操作号码 【1665838】
2021-07-01 01:46:43 GSD getOne 第 1 次 等待 1 秒
2021-07-01 01:46:44 查询号码 【1665838】，返回信息 {"status":"bad","msg":""}
2021-07-01 01:46:44 查询号码 【1665838】，GSD为【""】
2021-07-01 01:46:44 bad
2021-07-01 01:46:46 CHB 1665838?1625075204 第 1 次 等待 1 秒
2021-07-01 01:46:47 CHB 1665838?1625075204 第 1 次 获取到号码【1665838】GSD
2021-07-01 01:46:47 获取到号码【1665838】的GSD为【广东-肇庆】
2021-07-01 01:46:52 GSD insert 第 1 次 等待 1 秒
2021-07-01 01:46:53 {"status":"ok","msg":"添加成功！163417"}
2021-07-01 01:46:53 下次操作: 2021-07-01 01:47:05

2021-07-01 01:47:05 开始第 19 次操作

2021-07-01 01:47:05 开始操作号码 【1665839】
2021-07-01 01:47:08 GSD getOne 第 1 次 等待 1 秒
2021-07-01 01:47:09 查询号码 【1665839】，返回信息 {"status":"bad","msg":""}
2021-07-01 01:47:09 查询号码 【1665839】，GSD为【""】
2021-07-01 01:47:09 bad
2021-07-01 01:47:11 CHB 1665839?1625075229 第 1 次 等待 1 秒
2021-07-01 01:47:12 CHB 1665839?1625075229 第 1 次 获取到号码【1665839】GSD
2021-07-01 01:47:12 获取到号码【1665839】的GSD为【广东-肇庆】
2021-07-01 01:47:16 GSD insert 第 1 次 等待 1 秒
2021-07-01 01:47:17 {"status":"ok","msg":"添加成功！163419"}
2021-07-01 01:47:17 下次操作: 2021-07-01 01:47:28

2021-07-01 01:47:28 开始第 20 次操作

2021-07-01 01:47:28 开始操作号码 【1665840】
2021-07-01 01:47:32 GSD getOne 第 1 次 等待 1 秒
2021-07-01 01:47:33 查询号码 【1665840】，返回信息 {"status":"bad","msg":""}
2021-07-01 01:47:33 查询号码 【1665840】，GSD为【""】
2021-07-01 01:47:33 bad
2021-07-01 01:47:35 CHB 1665840?1625075253 第 1 次 等待 1 秒
2021-07-01 01:47:36 CHB 1665840?1625075253 第 1 次 获取到号码【1665840】GSD
2021-07-01 01:47:36 获取到号码【1665840】的GSD为【山东-临沂】
2021-07-01 01:47:39 GSD insert 第 1 次 等待 1 秒
2021-07-01 01:47:40 {"status":"ok","msg":"添加成功！163424"}
2021-07-01 01:47:40 下次操作: 2021-07-01 01:47:46

2021-07-01 01:47:46 开始第 21 次操作

2021-07-01 01:47:46 开始操作号码 【1665841】
2021-07-01 01:47:50 GSD getOne 第 1 次 等待 1 秒
2021-07-01 01:47:51 查询号码 【1665841】，返回信息 {"status":"bad","msg":""}
2021-07-01 01:47:51 查询号码 【1665841】，GSD为【""】
2021-07-01 01:47:51 bad
2021-07-01 01:47:53 CHB 1665841?1625075271 第 1 次 等待 1 秒
2021-07-01 01:47:54 CHB 1665841?1625075271 第 1 次 获取到号码【1665841】GSD
2021-07-01 01:47:54 获取到号码【1665841】的GSD为【山东-临沂】
2021-07-01 01:47:58 GSD insert 第 1 次 等待 1 秒
2021-07-01 01:47:59 {"status":"ok","msg":"添加成功！163428"}
2021-07-01 01:47:59 下次操作: 2021-07-01 01:48:09

2021-07-01 01:48:09 开始第 22 次操作

2021-07-01 01:48:09 开始操作号码 【1665842】
2021-07-01 01:48:13 GSD getOne 第 1 次 等待 1 秒
2021-07-01 01:48:14 查询号码 【1665842】，返回信息 {"status":"bad","msg":""}
2021-07-01 01:48:14 查询号码 【1665842】，GSD为【""】
2021-07-01 01:48:14 bad
2021-07-01 01:48:16 CHB 1665842?1625075294 第 1 次 等待 1 秒
2021-07-01 01:48:17 CHB 1665842?1625075294 第 1 次 获取到号码【1665842】GSD
2021-07-01 01:48:17 获取到号码【1665842】的GSD为【山东-临沂】
2021-07-01 01:48:20 GSD insert 第 1 次 等待 1 秒
2021-07-01 01:48:21 {"status":"ok","msg":"添加成功！163431"}
2021-07-01 01:48:21 下次操作: 2021-07-01 01:48:31

2021-07-01 01:48:31 开始第 23 次操作

2021-07-01 01:48:31 开始操作号码 【1665843】
2021-07-01 01:48:35 GSD getOne 第 1 次 等待 1 秒
2021-07-01 01:48:36 查询号码 【1665843】，返回信息 {"status":"bad","msg":""}
2021-07-01 01:48:36 查询号码 【1665843】，GSD为【""】
2021-07-01 01:48:36 bad
2021-07-01 01:48:38 CHB 1665843?1625075316 第 1 次 等待 1 秒
2021-07-01 01:48:39 CHB 1665843?1625075316 第 1 次 获取到号码【1665843】GSD
2021-07-01 01:48:39 获取到号码【1665843】的GSD为【山东-临沂】
2021-07-01 01:48:42 GSD insert 第 1 次 等待 1 秒
2021-07-01 01:48:43 {"status":"ok","msg":"添加成功！163434"}
2021-07-01 01:48:43 下次操作: 2021-07-01 01:48:50

2021-07-01 01:48:50 开始第 24 次操作

2021-07-01 01:48:50 开始操作号码 【1665844】
2021-07-01 01:48:54 GSD getOne 第 1 次 等待 1 秒
2021-07-01 01:48:55 查询号码 【1665844】，返回信息 {"status":"bad","msg":""}
2021-07-01 01:48:55 查询号码 【1665844】，GSD为【""】
2021-07-01 01:48:55 bad
2021-07-01 01:48:57 CHB 1665844?1625075335 第 1 次 等待 1 秒
2021-07-01 01:48:58 CHB 1665844?1625075335 第 1 次 获取到号码【1665844】GSD
2021-07-01 01:48:58 获取到号码【1665844】的GSD为【山东-临沂】
2021-07-01 01:49:01 GSD insert 第 1 次 等待 1 秒
2021-07-01 01:49:02 {"status":"ok","msg":"添加成功！163437"}
2021-07-01 01:49:02 下次操作: 2021-07-01 01:49:10

2021-07-01 01:49:10 开始第 25 次操作

2021-07-01 01:49:10 开始操作号码 【1665845】
2021-07-01 01:49:14 GSD getOne 第 1 次 等待 1 秒
2021-07-01 01:49:15 查询号码 【1665845】，返回信息 {"status":"bad","msg":""}
2021-07-01 01:49:15 查询号码 【1665845】，GSD为【""】
2021-07-01 01:49:15 bad
2021-07-01 01:49:17 CHB 1665845?1625075355 第 1 次 等待 1 秒
2021-07-01 01:49:18 CHB 1665845?1625075355 第 1 次 获取到号码【1665845】GSD
2021-07-01 01:49:18 获取到号码【1665845】的GSD为【山东-威海】
2021-07-01 01:49:21 GSD insert 第 1 次 等待 1 秒
2021-07-01 01:49:22 {"status":"ok","msg":"添加成功！163440"}
2021-07-01 01:49:22 下次操作: 2021-07-01 01:49:40

2021-07-01 01:49:40 开始第 26 次操作

2021-07-01 01:49:40 开始操作号码 【1665846】
2021-07-01 01:49:44 GSD getOne 第 1 次 等待 1 秒
2021-07-01 01:49:45 查询号码 【1665846】，返回信息 {"status":"bad","msg":""}
2021-07-01 01:49:45 查询号码 【1665846】，GSD为【""】
2021-07-01 01:49:45 bad
2021-07-01 01:49:47 CHB 1665846?1625075385 第 1 次 等待 1 秒
2021-07-01 01:49:48 CHB 1665846?1625075385 第 1 次 获取到号码【1665846】GSD
2021-07-01 01:49:48 获取到号码【1665846】的GSD为【山东-威海】
2021-07-01 01:49:52 GSD insert 第 1 次 等待 1 秒
2021-07-01 01:49:53 {"status":"ok","msg":"添加成功！163444"}
2021-07-01 01:49:53 下次操作: 2021-07-01 01:50:08

2021-07-01 01:50:08 开始第 27 次操作

2021-07-01 01:50:08 开始操作号码 【1665847】
2021-07-01 01:50:12 GSD getOne 第 1 次 等待 1 秒
2021-07-01 01:50:13 查询号码 【1665847】，返回信息 {"status":"bad","msg":""}
2021-07-01 01:50:13 查询号码 【1665847】，GSD为【""】
2021-07-01 01:50:13 bad
2021-07-01 01:50:14 CHB 1665847?1625075413 第 1 次 等待 1 秒
2021-07-01 01:50:15 CHB 1665847?1625075413 第 1 次 获取到号码【1665847】GSD
2021-07-01 01:50:15 获取到号码【1665847】的GSD为【山东-枣庄】
2021-07-01 01:50:19 GSD insert 第 1 次 等待 1 秒
2021-07-01 01:50:20 {"status":"ok","msg":"添加成功！163449"}
2021-07-01 01:50:20 下次操作: 2021-07-01 01:50:34

2021-07-01 01:50:34 开始第 28 次操作

2021-07-01 01:50:34 开始操作号码 【1665848】
2021-07-01 01:50:37 GSD getOne 第 1 次 等待 1 秒
2021-07-01 01:50:38 查询号码 【1665848】，返回信息 {"status":"bad","msg":""}
2021-07-01 01:50:38 查询号码 【1665848】，GSD为【""】
2021-07-01 01:50:38 bad
2021-07-01 01:50:40 CHB 1665848?1625075438 第 1 次 等待 1 秒
2021-07-01 01:50:41 CHB 1665848?1625075438 第 1 次 获取到号码【1665848】GSD
2021-07-01 01:50:41 获取到号码【1665848】的GSD为【山东-枣庄】
2021-07-01 01:50:45 GSD insert 第 1 次 等待 1 秒
2021-07-01 01:50:46 {"status":"ok","msg":"添加成功！163452"}
2021-07-01 01:50:46 下次操作: 2021-07-01 01:50:52

2021-07-01 01:50:52 开始第 29 次操作

2021-07-01 01:50:52 开始操作号码 【1665849】
2021-07-01 01:50:55 GSD getOne 第 1 次 等待 1 秒
2021-07-01 01:50:56 查询号码 【1665849】，返回信息 {"status":"bad","msg":""}
2021-07-01 01:50:56 查询号码 【1665849】，GSD为【""】
2021-07-01 01:50:56 bad
2021-07-01 01:50:58 CHB 1665849?1625075456 第 1 次 等待 1 秒
2021-07-01 01:50:59 CHB 1665849?1625075456 第 1 次 获取到号码【1665849】GSD
2021-07-01 01:50:59 获取到号码【1665849】的GSD为【山东-枣庄】
2021-07-01 01:51:03 GSD insert 第 1 次 等待 1 秒
2021-07-01 01:51:04 {"status":"ok","msg":"添加成功！163456"}
2021-07-01 01:51:04 下次操作: 2021-07-01 01:51:22

2021-07-01 01:51:22 开始第 30 次操作

2021-07-01 01:51:22 开始操作号码 【1665850】
2021-07-01 01:51:26 GSD getOne 第 1 次 等待 1 秒
2021-07-01 01:51:27 查询号码 【1665850】，返回信息 {"status":"bad","msg":""}
2021-07-01 01:51:27 查询号码 【1665850】，GSD为【""】
2021-07-01 01:51:27 bad
2021-07-01 01:51:29 CHB 1665850?1625075487 第 1 次 等待 1 秒
2021-07-01 01:51:30 CHB 1665850?1625075487 第 1 次 获取到号码【1665850】GSD
2021-07-01 01:51:30 获取到号码【1665850】的GSD为【山东-潍坊】
2021-07-01 01:51:33 GSD insert 第 1 次 等待 1 秒
2021-07-01 01:51:34 {"status":"ok","msg":"添加成功！163460"}

2021-07-01 02:55:38 开始第 1 次操作

2021-07-01 02:55:38 开始操作号码 【1665851】
2021-07-01 02:55:42 GSD getOne 第 1 次 等待 1 秒
2021-07-01 02:55:43 查询号码 【1665851】，返回信息 {"status":"bad","msg":""}
2021-07-01 02:55:43 查询号码 【1665851】，GSD为【""】
2021-07-01 02:55:43 bad
2021-07-01 02:55:44 CHB 1665851?1625079343 第 1 次 等待 1 秒
2021-07-01 02:55:45 CHB 1665851?1625079343 第 1 次 获取到号码【1665851】GSD
2021-07-01 02:55:46 获取到号码【1665851】的GSD为【山东-潍坊】
2021-07-01 02:56:05 GSD insert 第 1 次 等待 1 秒
2021-07-01 02:56:06 {"status":"ok","msg":"添加成功！163663"}
2021-07-01 02:56:06 下次操作: 2021-07-01 02:56:18

2021-07-01 02:56:18 开始第 2 次操作

2021-07-01 02:56:18 开始操作号码 【1665852】
2021-07-01 02:56:24 GSD getOne 第 1 次 等待 1 秒
2021-07-01 02:56:25 查询号码 【1665852】，返回信息 {"status":"bad","msg":""}
2021-07-01 02:56:26 查询号码 【1665852】，GSD为【""】
2021-07-01 02:56:26 bad
2021-07-01 02:56:27 CHB 1665852?1625079386 第 1 次 等待 1 秒
2021-07-01 02:56:28 CHB 1665852?1625079386 第 1 次 获取到号码【1665852】GSD
2021-07-01 02:56:28 获取到号码【1665852】的GSD为【山东-潍坊】
2021-07-01 02:56:47 GSD insert 第 1 次 等待 1 秒
2021-07-01 02:56:48 {"status":"ok","msg":"添加成功！163668"}
2021-07-01 02:56:48 下次操作: 2021-07-01 02:56:55

2021-07-01 02:56:55 开始第 3 次操作

2021-07-01 02:56:55 开始操作号码 【1665853】
2021-07-01 02:57:14 GSD getOne 第 1 次 等待 1 秒
2021-07-01 02:57:15 查询号码 【1665853】，返回信息 {"status":"bad","msg":""}
2021-07-01 02:57:15 查询号码 【1665853】，GSD为【""】
2021-07-01 02:57:15 bad
2021-07-01 02:57:17 CHB 1665853?1625079435 第 1 次 等待 1 秒
2021-07-01 02:57:18 CHB 1665853?1625079435 第 1 次 获取到号码【1665853】GSD
2021-07-01 02:57:18 获取到号码【1665853】的GSD为【山东-潍坊】
2021-07-01 02:57:37 GSD insert 第 1 次 等待 1 秒
2021-07-01 02:57:38 {"status":"ok","msg":"添加成功！163676"}
2021-07-01 02:57:38 下次操作: 2021-07-01 02:57:56

2021-07-01 02:57:56 开始第 4 次操作

2021-07-01 02:57:56 开始操作号码 【1665854】
2021-07-01 02:58:00 GSD getOne 第 1 次 等待 1 秒
2021-07-01 02:58:01 查询号码 【1665854】，返回信息 {"status":"bad","msg":""}
2021-07-01 02:58:01 查询号码 【1665854】，GSD为【""】
2021-07-01 02:58:01 bad
2021-07-01 02:58:03 CHB 1665854?1625079481 第 1 次 等待 1 秒
2021-07-01 02:58:04 CHB 1665854?1625079481 第 1 次 获取到号码【1665854】GSD
2021-07-01 02:58:04 获取到号码【1665854】的GSD为【山东-潍坊】
2021-07-01 02:58:23 GSD insert 第 1 次 等待 1 秒
2021-07-01 02:58:24 {"status":"ok","msg":"添加成功！163682"}
2021-07-01 02:58:24 下次操作: 2021-07-01 02:58:42

2021-07-01 02:58:42 开始第 5 次操作

2021-07-01 02:58:42 开始操作号码 【1665855】
2021-07-01 02:58:46 GSD getOne 第 1 次 等待 1 秒
2021-07-01 02:58:47 查询号码 【1665855】，返回信息 {"status":"bad","msg":""}
2021-07-01 02:58:47 查询号码 【1665855】，GSD为【""】
2021-07-01 02:58:47 bad
2021-07-01 02:58:48 CHB 1665855?1625079527 第 1 次 等待 1 秒
2021-07-01 02:58:49 CHB 1665855?1625079527 第 1 次 获取到号码【1665855】GSD
2021-07-01 02:58:49 获取到号码【1665855】的GSD为【山东-烟台】
2021-07-01 02:59:08 GSD insert 第 1 次 等待 1 秒
2021-07-01 02:59:09 {"status":"ok","msg":"添加成功！163688"}
2021-07-01 02:59:09 下次操作: 2021-07-01 02:59:24

2021-07-01 02:59:24 开始第 6 次操作

2021-07-01 02:59:24 开始操作号码 【1665856】
2021-07-01 02:59:28 GSD getOne 第 1 次 等待 1 秒
2021-07-01 02:59:29 查询号码 【1665856】，返回信息 {"status":"bad","msg":""}
2021-07-01 02:59:29 查询号码 【1665856】，GSD为【""】
2021-07-01 02:59:29 bad
2021-07-01 02:59:30 CHB 1665856?1625079569 第 1 次 等待 1 秒
2021-07-01 02:59:31 CHB 1665856?1625079569 第 1 次 获取到号码【1665856】GSD
2021-07-01 02:59:32 获取到号码【1665856】的GSD为【山东-烟台】
2021-07-01 02:59:51 GSD insert 第 1 次 等待 1 秒
2021-07-01 02:59:52 {"status":"ok","msg":"添加成功！163695"}
2021-07-01 02:59:52 下次操作: 2021-07-01 02:59:59

2021-07-01 02:59:59 开始第 7 次操作

2021-07-01 02:59:59 开始操作号码 【1665857】
2021-07-01 03:00:12 GSD getOne 第 1 次 等待 1 秒
2021-07-01 03:00:13 查询号码 【1665857】，返回信息 {"status":"bad","msg":""}
2021-07-01 03:00:13 查询号码 【1665857】，GSD为【""】
2021-07-01 03:00:13 bad
2021-07-01 03:00:15 CHB 1665857?1625079613 第 1 次 等待 1 秒
2021-07-01 03:00:16 CHB 1665857?1625079613 第 1 次 获取到号码【1665857】GSD
2021-07-01 03:00:16 获取到号码【1665857】的GSD为【山东-烟台】
2021-07-01 03:00:35 GSD insert 第 1 次 等待 1 秒
2021-07-01 03:00:36 {"status":"ok","msg":"添加成功！163702"}
2021-07-01 03:00:36 下次操作: 2021-07-01 03:00:42

2021-07-01 03:00:42 开始第 8 次操作

2021-07-01 03:00:42 开始操作号码 【1665858】
2021-07-01 03:01:02 GSD getOne 第 1 次 等待 1 秒
2021-07-01 03:01:03 查询号码 【1665858】，返回信息 {"status":"bad","msg":""}
2021-07-01 03:01:03 查询号码 【1665858】，GSD为【""】
2021-07-01 03:01:03 bad
2021-07-01 03:01:05 CHB 1665858?1625079663 第 1 次 等待 1 秒
2021-07-01 03:01:06 CHB 1665858?1625079663 第 1 次 获取到号码【1665858】GSD
2021-07-01 03:01:06 获取到号码【1665858】的GSD为【山东-烟台】
2021-07-01 03:01:28 GSD insert 第 1 次 等待 1 秒
2021-07-01 03:01:29 {"status":"ok","msg":"添加成功！163711"}
2021-07-01 03:01:29 下次操作: 2021-07-01 03:01:44

2021-07-01 03:01:44 开始第 9 次操作

2021-07-01 03:01:44 开始操作号码 【1665859】
2021-07-01 03:01:48 GSD getOne 第 1 次 等待 1 秒
2021-07-01 03:01:49 查询号码 【1665859】，返回信息 {"status":"bad","msg":""}
2021-07-01 03:01:49 查询号码 【1665859】，GSD为【""】
2021-07-01 03:01:49 bad
2021-07-01 03:01:50 CHB 1665859?1625079709 第 1 次 等待 1 秒
2021-07-01 03:01:51 CHB 1665859?1625079709 第 1 次 获取到号码【1665859】GSD
2021-07-01 03:01:51 获取到号码【1665859】的GSD为【山东-烟台】
2021-07-01 03:02:10 GSD insert 第 1 次 等待 1 秒
2021-07-01 03:02:11 {"status":"ok","msg":"添加成功！163719"}
2021-07-01 03:02:11 下次操作: 2021-07-01 03:02:18

2021-07-01 03:02:18 开始第 10 次操作

2021-07-01 03:02:18 开始操作号码 【1665860】
2021-07-01 03:02:37 GSD getOne 第 1 次 等待 1 秒
2021-07-01 03:02:38 查询号码 【1665860】，返回信息 {"status":"bad","msg":""}
2021-07-01 03:02:39 查询号码 【1665860】，GSD为【""】
2021-07-01 03:02:39 bad
2021-07-01 03:02:40 CHB 1665860?1625079759 第 1 次 等待 1 秒
2021-07-01 03:02:41 CHB 1665860?1625079759 第 1 次 获取到号码【1665860】GSD
2021-07-01 03:02:41 获取到号码【1665860】的GSD为【山东-威海】
2021-07-01 03:03:00 GSD insert 第 1 次 等待 1 秒
2021-07-01 03:03:01 {"status":"ok","msg":"添加成功！163726"}
2021-07-01 03:03:01 下次操作: 2021-07-01 03:03:16

2021-07-01 03:03:16 开始第 11 次操作

2021-07-01 03:03:16 开始操作号码 【1665861】
2021-07-01 03:03:20 GSD getOne 第 1 次 等待 1 秒
2021-07-01 03:03:21 查询号码 【1665861】，返回信息 {"status":"bad","msg":""}
2021-07-01 03:03:22 查询号码 【1665861】，GSD为【""】
2021-07-01 03:03:22 bad
2021-07-01 03:03:23 CHB 1665861?1625079802 第 1 次 等待 1 秒
2021-07-01 03:03:24 CHB 1665861?1625079802 第 1 次 获取到号码【1665861】GSD
2021-07-01 03:03:24 获取到号码【1665861】的GSD为【山东-威海】
2021-07-01 03:03:43 GSD insert 第 1 次 等待 1 秒
2021-07-01 03:03:44 {"status":"ok","msg":"添加成功！163735"}
2021-07-01 03:03:44 下次操作: 2021-07-01 03:03:53

2021-07-01 03:03:53 开始第 12 次操作

2021-07-01 03:03:53 开始操作号码 【1665862】
2021-07-01 03:04:05 GSD getOne 第 1 次 等待 1 秒
2021-07-01 03:04:06 查询号码 【1665862】，返回信息 {"status":"bad","msg":""}
2021-07-01 03:04:06 查询号码 【1665862】，GSD为【""】
2021-07-01 03:04:06 bad
2021-07-01 03:04:07 CHB 1665862?1625079846 第 1 次 等待 1 秒
2021-07-01 03:04:08 CHB 1665862?1625079846 第 1 次 获取到号码【1665862】GSD
2021-07-01 03:04:08 获取到号码【1665862】的GSD为【山东-威海】
2021-07-01 03:04:29 GSD insert 第 1 次 等待 1 秒
2021-07-01 03:04:30 {"status":"ok","msg":"添加成功！163742"}
2021-07-01 03:04:30 下次操作: 2021-07-01 03:04:46

2021-07-01 03:04:46 开始第 13 次操作

2021-07-01 03:04:46 开始操作号码 【1665863】
2021-07-01 03:04:55 GSD getOne 第 1 次 等待 1 秒
2021-07-01 03:04:56 查询号码 【1665863】，返回信息 {"status":"bad","msg":""}
2021-07-01 03:04:56 查询号码 【1665863】，GSD为【""】
2021-07-01 03:04:56 bad
2021-07-01 03:04:58 CHB 1665863?1625079896 第 1 次 等待 1 秒
2021-07-01 03:04:59 CHB 1665863?1625079896 第 1 次 获取到号码【1665863】GSD
2021-07-01 03:04:59 获取到号码【1665863】的GSD为【山东-威海】
2021-07-01 03:05:18 GSD insert 第 1 次 等待 1 秒
2021-07-01 03:05:19 {"status":"ok","msg":"添加成功！163752"}
2021-07-01 03:05:19 下次操作: 2021-07-01 03:05:34

2021-07-01 03:05:34 开始第 14 次操作

2021-07-01 03:05:34 开始操作号码 【1665864】
2021-07-01 03:05:38 GSD getOne 第 1 次 等待 1 秒
2021-07-01 03:05:39 查询号码 【1665864】，返回信息 {"status":"bad","msg":""}
2021-07-01 03:05:39 查询号码 【1665864】，GSD为【""】
2021-07-01 03:05:39 bad
2021-07-01 03:05:40 CHB 1665864?1625079939 第 1 次 等待 1 秒
2021-07-01 03:05:41 CHB 1665864?1625079939 第 1 次 获取到号码【1665864】GSD
2021-07-01 03:05:41 获取到号码【1665864】的GSD为【山东-威海】
2021-07-01 03:06:00 GSD insert 第 1 次 等待 1 秒
2021-07-01 03:06:01 {"status":"ok","msg":"添加成功！163760"}
2021-07-01 03:06:01 下次操作: 2021-07-01 03:06:15

2021-07-01 03:06:15 开始第 15 次操作

2021-07-01 03:06:15 开始操作号码 【1665865】
2021-07-01 03:06:22 GSD getOne 第 1 次 等待 1 秒
2021-07-01 03:06:23 查询号码 【1665865】，返回信息 {"status":"bad","msg":""}
2021-07-01 03:06:23 查询号码 【1665865】，GSD为【""】
2021-07-01 03:06:23 bad
2021-07-01 03:06:24 CHB 1665865?1625079983 第 1 次 等待 1 秒
2021-07-01 03:06:25 CHB 1665865?1625079983 第 1 次 获取到号码【1665865】GSD
2021-07-01 03:06:25 获取到号码【1665865】的GSD为【山东-临沂】
2021-07-01 03:06:48 GSD insert 第 1 次 等待 1 秒
2021-07-01 03:06:49 {"status":"ok","msg":"添加成功！163767"}
2021-07-01 03:06:49 下次操作: 2021-07-01 03:06:59

2021-07-01 03:06:59 开始第 16 次操作

2021-07-01 03:06:59 开始操作号码 【1665866】
2021-07-01 03:07:09 GSD getOne 第 1 次 等待 1 秒
2021-07-01 03:07:11 查询号码 【1665866】，返回信息 {"status":"bad","msg":""}
2021-07-01 03:07:11 查询号码 【1665866】，GSD为【""】
2021-07-01 03:07:11 bad
2021-07-01 03:07:12 CHB 1665866?1625080031 第 1 次 等待 1 秒
2021-07-01 03:07:13 CHB 1665866?1625080031 第 1 次 获取到号码【1665866】GSD
2021-07-01 03:07:13 获取到号码【1665866】的GSD为【山东-临沂】
2021-07-01 03:07:32 GSD insert 第 1 次 等待 1 秒
2021-07-01 03:07:33 {"status":"ok","msg":"添加成功！163775"}
2021-07-01 03:07:33 下次操作: 2021-07-01 03:07:43

2021-07-01 03:07:43 开始第 17 次操作

2021-07-01 03:07:43 开始操作号码 【1665867】
2021-07-01 03:07:54 GSD getOne 第 1 次 等待 1 秒
2021-07-01 03:07:55 查询号码 【1665867】，返回信息 {"status":"bad","msg":""}
2021-07-01 03:07:55 查询号码 【1665867】，GSD为【""】
2021-07-01 03:07:55 bad
2021-07-01 03:07:57 CHB 1665867?1625080075 第 1 次 等待 1 秒
2021-07-01 03:07:58 CHB 1665867?1625080075 第 1 次 获取到号码【1665867】GSD
2021-07-01 03:07:58 获取到号码【1665867】的GSD为【山东-临沂】
2021-07-01 03:08:17 GSD insert 第 1 次 等待 1 秒
2021-07-01 03:08:18 {"status":"ok","msg":"添加成功！163784"}
2021-07-01 03:08:18 下次操作: 2021-07-01 03:08:25

2021-07-01 03:08:25 开始第 18 次操作

2021-07-01 03:08:25 开始操作号码 【1665868】
2021-07-01 03:08:44 GSD getOne 第 1 次 等待 1 秒
2021-07-01 03:08:45 查询号码 【1665868】，返回信息 {"status":"bad","msg":""}
2021-07-01 03:08:45 查询号码 【1665868】，GSD为【""】
2021-07-01 03:08:45 bad
2021-07-01 03:08:47 CHB 1665868?1625080125 第 1 次 等待 1 秒
2021-07-01 03:08:48 CHB 1665868?1625080125 第 1 次 获取到号码【1665868】GSD
2021-07-01 03:08:48 获取到号码【1665868】的GSD为【山东-临沂】
2021-07-01 03:09:07 GSD insert 第 1 次 等待 1 秒
2021-07-01 03:09:08 {"status":"ok","msg":"添加成功！163794"}
2021-07-01 03:09:08 下次操作: 2021-07-01 03:09:15

2021-07-01 03:09:15 开始第 19 次操作

2021-07-01 03:09:15 开始操作号码 【1665869】
2021-07-01 03:09:34 GSD getOne 第 1 次 等待 1 秒
2021-07-01 03:09:35 查询号码 【1665869】，返回信息 {"status":"bad","msg":""}
2021-07-01 03:09:35 查询号码 【1665869】，GSD为【""】
2021-07-01 03:09:35 bad
2021-07-01 03:09:36 CHB 1665869?1625080175 第 1 次 等待 1 秒
2021-07-01 03:09:37 CHB 1665869?1625080175 第 1 次 获取到号码【1665869】GSD
2021-07-01 03:09:38 获取到号码【1665869】的GSD为【山东-临沂】
2021-07-01 03:09:56 GSD insert 第 1 次 等待 1 秒
2021-07-01 03:09:57 {"status":"ok","msg":"添加成功！163803"}
2021-07-01 03:09:58 下次操作: 2021-07-01 03:10:07

2021-07-01 03:10:07 开始第 20 次操作

2021-07-01 03:10:07 开始操作号码 【1665870】
2021-07-01 03:10:21 GSD getOne 第 1 次 等待 1 秒
2021-07-01 03:10:22 查询号码 【1665870】，返回信息 {"status":"bad","msg":""}
2021-07-01 03:10:22 查询号码 【1665870】，GSD为【""】
2021-07-01 03:10:22 bad
2021-07-01 03:10:23 CHB 1665870?1625080222 第 1 次 等待 1 秒
2021-07-01 03:10:24 CHB 1665870?1625080222 第 1 次 获取到号码【1665870】GSD
2021-07-01 03:10:25 获取到号码【1665870】的GSD为【山东-青岛】
2021-07-01 03:10:44 GSD insert 第 1 次 等待 1 秒
2021-07-01 03:10:45 {"status":"ok","msg":"添加成功！163815"}
2021-07-01 03:10:45 下次操作: 2021-07-01 03:10:51

2021-07-01 03:10:51 开始第 21 次操作

2021-07-01 03:10:51 开始操作号码 【1665871】
2021-07-01 03:11:10 GSD getOne 第 1 次 等待 1 秒
2021-07-01 03:11:11 查询号码 【1665871】，返回信息 {"status":"bad","msg":""}
2021-07-01 03:11:11 查询号码 【1665871】，GSD为【""】
2021-07-01 03:11:11 bad
2021-07-01 03:11:12 CHB 1665871?1625080271 第 1 次 等待 1 秒
2021-07-01 03:11:13 CHB 1665871?1625080271 第 1 次 获取到号码【1665871】GSD
2021-07-01 03:11:13 获取到号码【1665871】的GSD为【山东-青岛】
2021-07-01 03:11:32 GSD insert 第 1 次 等待 1 秒
2021-07-01 03:11:33 {"status":"ok","msg":"添加成功！163824"}
2021-07-01 03:11:33 下次操作: 2021-07-01 03:11:39

2021-07-01 03:11:40 开始第 22 次操作

2021-07-01 03:11:40 开始操作号码 【1665872】
2021-07-01 03:12:03 GSD getOne 第 1 次 等待 1 秒
2021-07-01 03:12:04 查询号码 【1665872】，返回信息 {"status":"bad","msg":""}
2021-07-01 03:12:04 查询号码 【1665872】，GSD为【""】
2021-07-01 03:12:04 bad
2021-07-01 03:12:05 CHB 1665872?1625080324 第 1 次 等待 1 秒
2021-07-01 03:12:06 CHB 1665872?1625080324 第 1 次 获取到号码【1665872】GSD
2021-07-01 03:12:06 获取到号码【1665872】的GSD为【山东-青岛】
2021-07-01 03:12:26 GSD insert 第 1 次 等待 1 秒
2021-07-01 03:12:27 {"status":"ok","msg":"添加成功！163833"}
2021-07-01 03:12:27 下次操作: 2021-07-01 03:12:33

2021-07-01 03:12:33 开始第 23 次操作

2021-07-01 03:12:33 开始操作号码 【1665873】
2021-07-01 03:12:52 GSD getOne 第 1 次 等待 1 秒
2021-07-01 03:12:53 查询号码 【1665873】，返回信息 {"status":"bad","msg":""}
2021-07-01 03:12:53 查询号码 【1665873】，GSD为【""】
2021-07-01 03:12:53 bad
2021-07-01 03:12:54 CHB 1665873?1625080373 第 1 次 等待 1 秒
2021-07-01 03:12:55 CHB 1665873?1625080373 第 1 次 获取到号码【1665873】GSD
2021-07-01 03:12:55 获取到号码【1665873】的GSD为【山东-青岛】
2021-07-01 03:13:15 GSD insert 第 1 次 等待 1 秒
2021-07-01 03:13:16 {"status":"ok","msg":"添加成功！163841"}
2021-07-01 03:13:16 下次操作: 2021-07-01 03:13:34

2021-07-01 03:13:34 开始第 24 次操作

2021-07-01 03:13:34 开始操作号码 【1665874】
2021-07-01 03:13:37 GSD getOne 第 1 次 等待 1 秒
2021-07-01 03:13:38 查询号码 【1665874】，返回信息 {"status":"bad","msg":""}
2021-07-01 03:13:38 查询号码 【1665874】，GSD为【""】
2021-07-01 03:13:38 bad
2021-07-01 03:13:40 CHB 1665874?1625080418 第 1 次 等待 1 秒
2021-07-01 03:13:41 CHB 1665874?1625080418 第 1 次 获取到号码【1665874】GSD
2021-07-01 03:13:41 获取到号码【1665874】的GSD为【山东-青岛】
2021-07-01 03:14:02 GSD insert 第 1 次 等待 1 秒
2021-07-01 03:14:03 {"status":"ok","msg":"添加成功！163849"}
2021-07-01 03:14:03 下次操作: 2021-07-01 03:14:11

2021-07-01 03:14:11 开始第 25 次操作

2021-07-01 03:14:11 开始操作号码 【1665875】
2021-07-01 03:14:22 GSD getOne 第 1 次 等待 1 秒
2021-07-01 03:14:23 查询号码 【1665875】，返回信息 {"status":"bad","msg":""}
2021-07-01 03:14:23 查询号码 【1665875】，GSD为【""】
2021-07-01 03:14:23 bad
2021-07-01 03:14:24 CHB 1665875?1625080463 第 1 次 等待 1 秒
2021-07-01 03:14:25 CHB 1665875?1625080463 第 1 次 获取到号码【1665875】GSD
2021-07-01 03:14:25 获取到号码【1665875】的GSD为【山东-青岛】
2021-07-01 03:14:44 GSD insert 第 1 次 等待 1 秒
2021-07-01 03:14:45 {"status":"ok","msg":"添加成功！163856"}
2021-07-01 03:14:45 下次操作: 2021-07-01 03:14:58

2021-07-01 03:14:58 开始第 26 次操作

2021-07-01 03:14:58 开始操作号码 【1665876】
2021-07-01 03:15:06 GSD getOne 第 1 次 等待 1 秒
2021-07-01 03:15:07 查询号码 【1665876】，返回信息 {"status":"bad","msg":""}
2021-07-01 03:15:07 查询号码 【1665876】，GSD为【""】
2021-07-01 03:15:07 bad
2021-07-01 03:15:08 CHB 1665876?1625080507 第 1 次 等待 1 秒
2021-07-01 03:15:09 CHB 1665876?1625080507 第 1 次 获取到号码【1665876】GSD
2021-07-01 03:15:09 获取到号码【1665876】的GSD为【山东-青岛】
2021-07-01 03:15:28 GSD insert 第 1 次 等待 1 秒
2021-07-01 03:15:29 {"status":"ok","msg":"添加成功！163865"}
2021-07-01 03:15:29 下次操作: 2021-07-01 03:15:36

2021-07-01 03:15:36 开始第 27 次操作

2021-07-01 03:15:36 开始操作号码 【1665877】
2021-07-01 03:15:57 GSD getOne 第 1 次 等待 1 秒
2021-07-01 03:15:58 查询号码 【1665877】，返回信息 {"status":"bad","msg":""}
2021-07-01 03:15:58 查询号码 【1665877】，GSD为【""】
2021-07-01 03:15:58 bad
2021-07-01 03:15:59 CHB 1665877?1625080558 第 1 次 等待 1 秒
2021-07-01 03:16:00 CHB 1665877?1625080558 第 1 次 获取到号码【1665877】GSD
2021-07-01 03:16:00 获取到号码【1665877】的GSD为【山东-青岛】
2021-07-01 03:16:20 GSD insert 第 1 次 等待 1 秒
2021-07-01 03:16:21 {"status":"ok","msg":"添加成功！163870"}
2021-07-01 03:16:21 下次操作: 2021-07-01 03:16:38

2021-07-01 03:16:38 开始第 28 次操作

2021-07-01 03:16:38 开始操作号码 【1665878】
2021-07-01 03:16:41 GSD getOne 第 1 次 等待 1 秒
2021-07-01 03:16:42 查询号码 【1665878】，返回信息 {"status":"bad","msg":""}
2021-07-01 03:16:43 查询号码 【1665878】，GSD为【""】
2021-07-01 03:16:43 bad
2021-07-01 03:16:44 CHB 1665878?1625080603 第 1 次 等待 1 秒
2021-07-01 03:16:45 CHB 1665878?1625080603 第 1 次 获取到号码【1665878】GSD
2021-07-01 03:16:45 获取到号码【1665878】的GSD为【山东-青岛】
2021-07-01 03:17:04 GSD insert 第 1 次 等待 1 秒
2021-07-01 03:17:05 {"status":"ok","msg":"添加成功！163877"}
2021-07-01 03:17:05 下次操作: 2021-07-01 03:17:18

2021-07-01 03:17:18 开始第 29 次操作

2021-07-01 03:17:18 开始操作号码 【1665879】
2021-07-01 03:17:25 GSD getOne 第 1 次 等待 1 秒
2021-07-01 03:17:26 查询号码 【1665879】，返回信息 {"status":"bad","msg":""}
2021-07-01 03:17:26 查询号码 【1665879】，GSD为【""】
2021-07-01 03:17:26 bad
2021-07-01 03:17:27 CHB 1665879?1625080646 第 1 次 等待 1 秒
2021-07-01 03:17:28 CHB 1665879?1625080646 第 1 次 获取到号码【1665879】GSD
2021-07-01 03:17:29 获取到号码【1665879】的GSD为【山东-青岛】
2021-07-01 03:17:48 GSD insert 第 1 次 等待 1 秒
2021-07-01 03:17:49 {"status":"ok","msg":"添加成功！163884"}
2021-07-01 03:17:49 下次操作: 2021-07-01 03:18:01

2021-07-01 03:18:01 开始第 30 次操作

2021-07-01 03:18:01 开始操作号码 【1665880】
2021-07-01 03:18:10 GSD getOne 第 1 次 等待 1 秒
2021-07-01 03:18:11 查询号码 【1665880】，返回信息 {"status":"bad","msg":""}
2021-07-01 03:18:11 查询号码 【1665880】，GSD为【""】
2021-07-01 03:18:11 bad
2021-07-01 03:18:13 CHB 1665880?1625080691 第 1 次 等待 1 秒
2021-07-01 03:18:14 CHB 1665880?1625080691 第 1 次 获取到号码【1665880】GSD
2021-07-01 03:18:14 获取到号码【1665880】的GSD为【山东-济南】
2021-07-01 03:18:33 GSD insert 第 1 次 等待 1 秒
2021-07-01 03:18:34 {"status":"ok","msg":"添加成功！163890"}

2021-07-01 03:34:36 开始第 1 次操作

2021-07-01 03:34:36 开始操作号码 【1665881】
2021-07-01 03:34:40 GSD getOne 第 1 次 等待 1 秒
2021-07-01 03:34:41 查询号码 【1665881】，返回信息 {"status":"bad","msg":""}
2021-07-01 03:34:41 查询号码 【1665881】，GSD为【""】
2021-07-01 03:34:41 bad
2021-07-01 03:34:43 CHB 1665881?1625081681 第 1 次 等待 1 秒
2021-07-01 03:34:44 CHB 1665881?1625081681 第 1 次 获取到号码【1665881】GSD
2021-07-01 03:34:44 获取到号码【1665881】的GSD为【山东-济南】
2021-07-01 03:34:47 GSD insert 第 1 次 等待 1 秒
2021-07-01 03:34:48 {"status":"ok","msg":"添加成功！163938"}
2021-07-01 03:34:48 下次操作: 2021-07-01 03:34:59

2021-07-01 03:34:59 开始第 2 次操作

2021-07-01 03:34:59 开始操作号码 【1665882】
2021-07-01 03:35:05 GSD getOne 第 1 次 等待 1 秒
2021-07-01 03:35:06 查询号码 【1665882】，返回信息 {"status":"bad","msg":""}
2021-07-01 03:35:06 查询号码 【1665882】，GSD为【""】
2021-07-01 03:35:06 bad
2021-07-01 03:35:07 CHB 1665882?1625081706 第 1 次 等待 1 秒
2021-07-01 03:35:08 CHB 1665882?1625081706 第 1 次 获取到号码【1665882】GSD
2021-07-01 03:35:08 获取到号码【1665882】的GSD为【山东-济南】
2021-07-01 03:35:13 GSD insert 第 1 次 等待 1 秒
2021-07-01 03:35:14 {"status":"ok","msg":"添加成功！163939"}
2021-07-01 03:35:14 下次操作: 2021-07-01 03:35:32

2021-07-01 03:35:32 开始第 3 次操作

2021-07-01 03:35:32 开始操作号码 【1665883】
2021-07-01 03:35:36 GSD getOne 第 1 次 等待 1 秒
2021-07-01 03:35:37 查询号码 【1665883】，返回信息 {"status":"bad","msg":""}
2021-07-01 03:35:37 查询号码 【1665883】，GSD为【""】
2021-07-01 03:35:37 bad
2021-07-01 03:35:38 CHB 1665883?1625081737 第 1 次 等待 1 秒
2021-07-01 03:35:39 CHB 1665883?1625081737 第 1 次 获取到号码【1665883】GSD
2021-07-01 03:35:39 获取到号码【1665883】的GSD为【山东-济南】
2021-07-01 03:35:43 GSD insert 第 1 次 等待 1 秒
2021-07-01 03:35:44 {"status":"ok","msg":"添加成功！163942"}
2021-07-01 03:35:44 下次操作: 2021-07-01 03:35:51

2021-07-01 03:35:51 开始第 4 次操作

2021-07-01 03:35:51 开始操作号码 【1665884】
2021-07-01 03:35:55 GSD getOne 第 1 次 等待 1 秒
2021-07-01 03:35:56 查询号码 【1665884】，返回信息 {"status":"bad","msg":""}
2021-07-01 03:35:56 查询号码 【1665884】，GSD为【""】
2021-07-01 03:35:56 bad
2021-07-01 03:35:57 CHB 1665884?1625081756 第 1 次 等待 1 秒
2021-07-01 03:35:58 CHB 1665884?1625081756 第 1 次 获取到号码【1665884】GSD
2021-07-01 03:35:58 获取到号码【1665884】的GSD为【山东-济南】
2021-07-01 03:36:02 GSD insert 第 1 次 等待 1 秒
2021-07-01 03:36:03 {"status":"ok","msg":"添加成功！163943"}
2021-07-01 03:36:03 下次操作: 2021-07-01 03:36:19

2021-07-01 03:36:19 开始第 5 次操作

2021-07-01 03:36:19 开始操作号码 【1665885】
2021-07-01 03:36:24 GSD getOne 第 1 次 等待 1 秒
2021-07-01 03:36:25 查询号码 【1665885】，返回信息 {"status":"bad","msg":""}
2021-07-01 03:36:25 查询号码 【1665885】，GSD为【""】
2021-07-01 03:36:25 bad
2021-07-01 03:36:27 CHB 1665885?1625081785 第 1 次 等待 1 秒
2021-07-01 03:36:28 CHB 1665885?1625081785 第 1 次 获取到号码【1665885】GSD
2021-07-01 03:36:28 获取到号码【1665885】的GSD为【山东-济南】
2021-07-01 03:36:31 GSD insert 第 1 次 等待 1 秒
2021-07-01 03:36:32 {"status":"ok","msg":"添加成功！163946"}
2021-07-01 03:36:32 下次操作: 2021-07-01 03:36:47

2021-07-01 03:36:47 开始第 6 次操作

2021-07-01 03:36:47 开始操作号码 【1665886】
2021-07-01 03:36:51 GSD getOne 第 1 次 等待 1 秒
2021-07-01 03:36:52 查询号码 【1665886】，返回信息 {"status":"bad","msg":""}
2021-07-01 03:36:52 查询号码 【1665886】，GSD为【""】
2021-07-01 03:36:52 bad
2021-07-01 03:36:54 CHB 1665886?1625081812 第 1 次 等待 1 秒
2021-07-01 03:36:55 CHB 1665886?1625081812 第 1 次 获取到号码【1665886】GSD
2021-07-01 03:36:55 获取到号码【1665886】的GSD为【山东-济南】
2021-07-01 03:36:59 GSD insert 第 1 次 等待 1 秒
2021-07-01 03:37:00 {"status":"ok","msg":"添加成功！163949"}
2021-07-01 03:37:00 下次操作: 2021-07-01 03:37:12

2021-07-01 03:37:12 开始第 7 次操作

2021-07-01 03:37:12 开始操作号码 【1665887】
2021-07-01 03:37:15 GSD getOne 第 1 次 等待 1 秒
2021-07-01 03:37:16 查询号码 【1665887】，返回信息 {"status":"bad","msg":""}
2021-07-01 03:37:16 查询号码 【1665887】，GSD为【""】
2021-07-01 03:37:16 bad
2021-07-01 03:37:18 CHB 1665887?1625081836 第 1 次 等待 1 秒
2021-07-01 03:37:19 CHB 1665887?1625081836 第 1 次 获取到号码【1665887】GSD
2021-07-01 03:37:19 获取到号码【1665887】的GSD为【山东-济南】
2021-07-01 03:37:22 GSD insert 第 1 次 等待 1 秒
2021-07-01 03:37:23 {"status":"ok","msg":"添加成功！163952"}
2021-07-01 03:37:23 下次操作: 2021-07-01 03:37:33

2021-07-01 03:37:33 开始第 8 次操作

2021-07-01 03:37:33 开始操作号码 【1665888】
2021-07-01 03:37:39 GSD getOne 第 1 次 等待 1 秒
2021-07-01 03:37:40 查询号码 【1665888】，返回信息 {"status":"bad","msg":""}
2021-07-01 03:37:40 查询号码 【1665888】，GSD为【""】
2021-07-01 03:37:40 bad
2021-07-01 03:37:41 CHB 1665888?1625081860 第 1 次 等待 1 秒
2021-07-01 03:37:42 CHB 1665888?1625081860 第 1 次 获取到号码【1665888】GSD
2021-07-01 03:37:42 获取到号码【1665888】的GSD为【山东-济南】
2021-07-01 03:37:46 GSD insert 第 1 次 等待 1 秒
2021-07-01 03:37:47 {"status":"ok","msg":"添加成功！163955"}
2021-07-01 03:37:47 下次操作: 2021-07-01 03:37:57

2021-07-01 03:37:57 开始第 9 次操作

2021-07-01 03:37:57 开始操作号码 【1665889】
2021-07-01 03:38:01 GSD getOne 第 1 次 等待 1 秒
2021-07-01 03:38:02 查询号码 【1665889】，返回信息 {"status":"bad","msg":""}
2021-07-01 03:38:02 查询号码 【1665889】，GSD为【""】
2021-07-01 03:38:02 bad
2021-07-01 03:38:03 CHB 1665889?1625081882 第 1 次 等待 1 秒
2021-07-01 03:38:04 CHB 1665889?1625081882 第 1 次 获取到号码【1665889】GSD
2021-07-01 03:38:04 获取到号码【1665889】的GSD为【山东-济南】
2021-07-01 03:38:08 GSD insert 第 1 次 等待 1 秒
2021-07-01 03:38:09 {"status":"ok","msg":"添加成功！163960"}
2021-07-01 03:38:09 下次操作: 2021-07-01 03:38:18

2021-07-01 03:38:18 开始第 10 次操作

2021-07-01 03:38:18 开始操作号码 【1665890】
2021-07-01 03:38:21 GSD getOne 第 1 次 等待 1 秒
2021-07-01 03:38:22 查询号码 【1665890】，返回信息 {"status":"bad","msg":""}
2021-07-01 03:38:23 查询号码 【1665890】，GSD为【""】
2021-07-01 03:38:23 bad
2021-07-01 03:38:24 CHB 1665890?1625081903 第 1 次 等待 1 秒
2021-07-01 03:38:25 CHB 1665890?1625081903 第 1 次 获取到号码【1665890】GSD
2021-07-01 03:38:25 获取到号码【1665890】的GSD为【山东-菏泽】
2021-07-01 03:38:28 GSD insert 第 1 次 等待 1 秒
2021-07-01 03:38:29 {"status":"ok","msg":"添加成功！163964"}
2021-07-01 03:38:29 下次操作: 2021-07-01 03:38:35

2021-07-01 03:38:35 开始第 11 次操作

2021-07-01 03:38:35 开始操作号码 【1665891】
2021-07-01 03:38:39 GSD getOne 第 1 次 等待 1 秒
2021-07-01 03:38:40 查询号码 【1665891】，返回信息 {"status":"bad","msg":""}
2021-07-01 03:38:40 查询号码 【1665891】，GSD为【""】
2021-07-01 03:38:40 bad
2021-07-01 03:38:41 CHB 1665891?1625081920 第 1 次 等待 1 秒
2021-07-01 03:38:42 CHB 1665891?1625081920 第 1 次 获取到号码【1665891】GSD
2021-07-01 03:38:42 获取到号码【1665891】的GSD为【山东-菏泽】
2021-07-01 03:38:46 GSD insert 第 1 次 等待 1 秒
2021-07-01 03:38:47 {"status":"ok","msg":"添加成功！163967"}
2021-07-01 03:38:47 下次操作: 2021-07-01 03:39:01

2021-07-01 03:39:01 开始第 12 次操作

2021-07-01 03:39:01 开始操作号码 【1665892】
2021-07-01 03:39:05 GSD getOne 第 1 次 等待 1 秒
2021-07-01 03:39:06 查询号码 【1665892】，返回信息 {"status":"bad","msg":""}
2021-07-01 03:39:06 查询号码 【1665892】，GSD为【""】
2021-07-01 03:39:06 bad
2021-07-01 03:39:08 CHB 1665892?1625081946 第 1 次 等待 1 秒
2021-07-01 03:39:09 CHB 1665892?1625081946 第 1 次 获取到号码【1665892】GSD
2021-07-01 03:39:09 获取到号码【1665892】的GSD为【山东-菏泽】
2021-07-01 03:39:12 GSD insert 第 1 次 等待 1 秒
2021-07-01 03:39:13 {"status":"ok","msg":"添加成功！163971"}
2021-07-01 03:39:13 下次操作: 2021-07-01 03:39:22

2021-07-01 03:39:22 开始第 13 次操作

2021-07-01 03:39:22 开始操作号码 【1665893】
2021-07-01 03:39:26 GSD getOne 第 1 次 等待 1 秒
2021-07-01 03:39:27 查询号码 【1665893】，返回信息 {"status":"bad","msg":""}
2021-07-01 03:39:27 查询号码 【1665893】，GSD为【""】
2021-07-01 03:39:27 bad
2021-07-01 03:39:29 CHB 1665893?1625081967 第 1 次 等待 1 秒
2021-07-01 03:39:30 CHB 1665893?1625081967 第 1 次 获取到号码【1665893】GSD
2021-07-01 03:39:30 获取到号码【1665893】的GSD为【山东-菏泽】
2021-07-01 03:39:35 GSD insert 第 1 次 等待 1 秒
2021-07-01 03:39:36 {"status":"ok","msg":"添加成功！163978"}
2021-07-01 03:39:36 下次操作: 2021-07-01 03:39:48

2021-07-01 03:39:48 开始第 14 次操作

2021-07-01 03:39:48 开始操作号码 【1665894】
2021-07-01 03:39:56 GSD getOne 第 1 次 等待 1 秒
2021-07-01 03:39:57 查询号码 【1665894】，返回信息 {"status":"bad","msg":""}
2021-07-01 03:39:57 查询号码 【1665894】，GSD为【""】
2021-07-01 03:39:57 bad
2021-07-01 03:39:58 CHB 1665894?1625081997 第 1 次 等待 1 秒
2021-07-01 03:39:59 CHB 1665894?1625081997 第 1 次 获取到号码【1665894】GSD
2021-07-01 03:39:59 获取到号码【1665894】的GSD为【山东-济宁】
2021-07-01 03:40:03 GSD insert 第 1 次 等待 1 秒
2021-07-01 03:40:04 {"status":"ok","msg":"添加成功！163982"}
2021-07-01 03:40:04 下次操作: 2021-07-01 03:40:19

2021-07-01 03:40:19 开始第 15 次操作

2021-07-01 03:40:19 开始操作号码 【1665895】
2021-07-01 03:40:23 GSD getOne 第 1 次 等待 1 秒
2021-07-01 03:40:24 查询号码 【1665895】，返回信息 {"status":"bad","msg":""}
2021-07-01 03:40:24 查询号码 【1665895】，GSD为【""】
2021-07-01 03:40:24 bad
2021-07-01 03:40:25 CHB 1665895?1625082024 第 1 次 等待 1 秒
2021-07-01 03:40:26 CHB 1665895?1625082024 第 1 次 获取到号码【1665895】GSD
2021-07-01 03:40:26 获取到号码【1665895】的GSD为【山东-济宁】
2021-07-01 03:40:29 GSD insert 第 1 次 等待 1 秒
2021-07-01 03:40:30 {"status":"ok","msg":"添加成功！163989"}
2021-07-01 03:40:30 下次操作: 2021-07-01 03:40:48

2021-07-01 03:40:48 开始第 16 次操作

2021-07-01 03:40:48 开始操作号码 【1665896】
2021-07-01 03:40:52 GSD getOne 第 1 次 等待 1 秒
2021-07-01 03:40:53 查询号码 【1665896】，返回信息 {"status":"bad","msg":""}
2021-07-01 03:40:53 查询号码 【1665896】，GSD为【""】
2021-07-01 03:40:53 bad
2021-07-01 03:40:55 CHB 1665896?1625082053 第 1 次 等待 1 秒
2021-07-01 03:40:56 CHB 1665896?1625082053 第 1 次 获取到号码【1665896】GSD
2021-07-01 03:40:56 获取到号码【1665896】的GSD为【山东-济宁】
2021-07-01 03:40:59 GSD insert 第 1 次 等待 1 秒
2021-07-01 03:41:00 {"status":"ok","msg":"添加成功！163994"}
2021-07-01 03:41:00 下次操作: 2021-07-01 03:41:17

2021-07-01 03:41:17 开始第 17 次操作

2021-07-01 03:41:17 开始操作号码 【1665897】
2021-07-01 03:41:21 GSD getOne 第 1 次 等待 1 秒
2021-07-01 03:41:22 查询号码 【1665897】，返回信息 {"status":"bad","msg":""}
2021-07-01 03:41:22 查询号码 【1665897】，GSD为【""】
2021-07-01 03:41:22 bad
2021-07-01 03:41:23 CHB 1665897?1625082082 第 1 次 等待 1 秒
2021-07-01 03:41:24 CHB 1665897?1625082082 第 1 次 获取到号码【1665897】GSD
2021-07-01 03:41:24 获取到号码【1665897】的GSD为【山东-济宁】
2021-07-01 03:41:30 GSD insert 第 1 次 等待 1 秒
2021-07-01 03:41:31 {"status":"ok","msg":"添加成功！164001"}
2021-07-01 03:41:31 下次操作: 2021-07-01 03:41:47

2021-07-01 03:41:47 开始第 18 次操作

2021-07-01 03:41:47 开始操作号码 【1665898】
2021-07-01 03:41:51 GSD getOne 第 1 次 等待 1 秒
2021-07-01 03:41:52 查询号码 【1665898】，返回信息 {"status":"bad","msg":""}
2021-07-01 03:41:52 查询号码 【1665898】，GSD为【""】
2021-07-01 03:41:52 bad
2021-07-01 03:41:53 CHB 1665898?1625082112 第 1 次 等待 1 秒
2021-07-01 03:41:54 CHB 1665898?1625082112 第 1 次 获取到号码【1665898】GSD
2021-07-01 03:41:54 获取到号码【1665898】的GSD为【山东-济宁】
2021-07-01 03:41:58 GSD insert 第 1 次 等待 1 秒
2021-07-01 03:41:59 {"status":"ok","msg":"添加成功！164006"}
2021-07-01 03:41:59 下次操作: 2021-07-01 03:42:10

2021-07-01 03:42:10 开始第 19 次操作

2021-07-01 03:42:10 开始操作号码 【1665899】
2021-07-01 03:42:14 GSD getOne 第 1 次 等待 1 秒
2021-07-01 03:42:15 查询号码 【1665899】，返回信息 {"status":"bad","msg":""}
2021-07-01 03:42:15 查询号码 【1665899】，GSD为【""】
2021-07-01 03:42:15 bad
2021-07-01 03:42:17 CHB 1665899?1625082135 第 1 次 等待 1 秒
2021-07-01 03:42:18 CHB 1665899?1625082135 第 1 次 获取到号码【1665899】GSD
2021-07-01 03:42:18 获取到号码【1665899】的GSD为【山东-烟台】
2021-07-01 03:42:22 GSD insert 第 1 次 等待 1 秒
2021-07-01 03:42:23 {"status":"ok","msg":"添加成功！164010"}
2021-07-01 03:42:23 下次操作: 2021-07-01 03:42:36

2021-07-01 03:42:36 开始第 20 次操作

2021-07-01 03:42:36 开始操作号码 【1665900】
2021-07-01 03:42:40 GSD getOne 第 1 次 等待 1 秒
2021-07-01 03:42:41 查询号码 【1665900】，返回信息 {"status":"bad","msg":""}
2021-07-01 03:42:41 查询号码 【1665900】，GSD为【""】
2021-07-01 03:42:41 bad
2021-07-01 03:42:42 CHB 1665900?1625082161 第 1 次 等待 1 秒
2021-07-01 03:42:43 CHB 1665900?1625082161 第 1 次 获取到号码【1665900】GSD
2021-07-01 03:42:43 获取到号码【1665900】的GSD为【福建-福州】
2021-07-01 03:42:47 GSD insert 第 1 次 等待 1 秒
2021-07-01 03:42:48 {"status":"ok","msg":"添加成功！164016"}
2021-07-01 03:42:48 下次操作: 2021-07-01 03:42:54

2021-07-01 03:42:54 开始第 21 次操作

2021-07-01 03:42:54 开始操作号码 【1665901】
2021-07-01 03:42:58 GSD getOne 第 1 次 等待 1 秒
2021-07-01 03:42:59 查询号码 【1665901】，返回信息 {"status":"bad","msg":""}
2021-07-01 03:42:59 查询号码 【1665901】，GSD为【""】
2021-07-01 03:42:59 bad
2021-07-01 03:43:01 CHB 1665901?1625082179 第 1 次 等待 1 秒
2021-07-01 03:43:02 CHB 1665901?1625082179 第 1 次 获取到号码【1665901】GSD
2021-07-01 03:43:02 获取到号码【1665901】的GSD为【福建-福州】
2021-07-01 03:43:05 GSD insert 第 1 次 等待 1 秒
2021-07-01 03:43:06 {"status":"ok","msg":"添加成功！164020"}
2021-07-01 03:43:06 下次操作: 2021-07-01 03:43:16

2021-07-01 03:43:16 开始第 22 次操作

2021-07-01 03:43:16 开始操作号码 【1665902】
2021-07-01 03:43:20 GSD getOne 第 1 次 等待 1 秒
2021-07-01 03:43:21 查询号码 【1665902】，返回信息 {"status":"bad","msg":""}
2021-07-01 03:43:21 查询号码 【1665902】，GSD为【""】
2021-07-01 03:43:21 bad
2021-07-01 03:43:22 CHB 1665902?1625082201 第 1 次 等待 1 秒
2021-07-01 03:43:23 CHB 1665902?1625082201 第 1 次 获取到号码【1665902】GSD
2021-07-01 03:43:23 获取到号码【1665902】的GSD为【福建-福州】
2021-07-01 03:43:27 GSD insert 第 1 次 等待 1 秒
2021-07-01 03:43:28 {"status":"ok","msg":"添加成功！164024"}
2021-07-01 03:43:28 下次操作: 2021-07-01 03:43:36

2021-07-01 03:43:36 开始第 23 次操作

2021-07-01 03:43:36 开始操作号码 【1665903】
2021-07-01 03:43:40 GSD getOne 第 1 次 等待 1 秒
2021-07-01 03:43:41 查询号码 【1665903】，返回信息 {"status":"bad","msg":""}
2021-07-01 03:43:41 查询号码 【1665903】，GSD为【""】
2021-07-01 03:43:41 bad
2021-07-01 03:43:43 CHB 1665903?1625082221 第 1 次 等待 1 秒
2021-07-01 03:43:44 CHB 1665903?1625082221 第 1 次 获取到号码【1665903】GSD
2021-07-01 03:43:44 获取到号码【1665903】的GSD为【福建-福州】
2021-07-01 03:43:47 GSD insert 第 1 次 等待 1 秒
2021-07-01 03:43:48 {"status":"ok","msg":"添加成功！164028"}
2021-07-01 03:43:48 下次操作: 2021-07-01 03:44:03

2021-07-01 03:44:03 开始第 24 次操作

2021-07-01 03:44:03 开始操作号码 【1665904】
2021-07-01 03:44:07 GSD getOne 第 1 次 等待 1 秒
2021-07-01 03:44:08 查询号码 【1665904】，返回信息 {"status":"bad","msg":""}
2021-07-01 03:44:08 查询号码 【1665904】，GSD为【""】
2021-07-01 03:44:08 bad
2021-07-01 03:44:09 CHB 1665904?1625082248 第 1 次 等待 1 秒
2021-07-01 03:44:10 CHB 1665904?1625082248 第 1 次 获取到号码【1665904】GSD
2021-07-01 03:44:10 获取到号码【1665904】的GSD为【福建-福州】
2021-07-01 03:44:14 GSD insert 第 1 次 等待 1 秒
2021-07-01 03:44:15 {"status":"ok","msg":"添加成功！164033"}
2021-07-01 03:44:15 下次操作: 2021-07-01 03:44:24

2021-07-01 03:44:24 开始第 25 次操作

2021-07-01 03:44:24 开始操作号码 【1665905】
2021-07-01 03:44:28 GSD getOne 第 1 次 等待 1 秒
2021-07-01 03:44:29 查询号码 【1665905】，返回信息 {"status":"bad","msg":""}
2021-07-01 03:44:29 查询号码 【1665905】，GSD为【""】
2021-07-01 03:44:29 bad
2021-07-01 03:44:30 CHB 1665905?1625082269 第 1 次 等待 1 秒
2021-07-01 03:44:31 CHB 1665905?1625082269 第 1 次 获取到号码【1665905】GSD
2021-07-01 03:44:31 获取到号码【1665905】的GSD为【福建-福州】
2021-07-01 03:44:35 GSD insert 第 1 次 等待 1 秒
2021-07-01 03:44:36 {"status":"ok","msg":"添加成功！164037"}
2021-07-01 03:44:36 下次操作: 2021-07-01 03:44:49

2021-07-01 03:44:49 开始第 26 次操作

2021-07-01 03:44:49 开始操作号码 【1665906】
2021-07-01 03:44:53 GSD getOne 第 1 次 等待 1 秒
2021-07-01 03:44:54 查询号码 【1665906】，返回信息 {"status":"bad","msg":""}
2021-07-01 03:44:54 查询号码 【1665906】，GSD为【""】
2021-07-01 03:44:54 bad
2021-07-01 03:44:55 CHB 1665906?1625082294 第 1 次 等待 1 秒
2021-07-01 03:44:56 CHB 1665906?1625082294 第 1 次 获取到号码【1665906】GSD
2021-07-01 03:44:56 获取到号码【1665906】的GSD为【福建-福州】
2021-07-01 03:45:03 GSD insert 第 1 次 等待 1 秒
2021-07-01 03:45:04 {"status":"ok","msg":"添加成功！164046"}
2021-07-01 03:45:04 下次操作: 2021-07-01 03:45:11

2021-07-01 03:45:11 开始第 27 次操作

2021-07-01 03:45:11 开始操作号码 【1665907】
2021-07-01 03:45:14 GSD getOne 第 1 次 等待 1 秒
2021-07-01 03:45:15 查询号码 【1665907】，返回信息 {"status":"bad","msg":""}
2021-07-01 03:45:16 查询号码 【1665907】，GSD为【""】
2021-07-01 03:45:16 bad
2021-07-01 03:45:17 CHB 1665907?1625082316 第 1 次 等待 1 秒
2021-07-01 03:45:18 CHB 1665907?1625082316 第 1 次 获取到号码【1665907】GSD
2021-07-01 03:45:18 获取到号码【1665907】的GSD为【福建-福州】
2021-07-01 03:45:22 GSD insert 第 1 次 等待 1 秒
2021-07-01 03:45:23 {"status":"ok","msg":"添加成功！164050"}
2021-07-01 03:45:23 下次操作: 2021-07-01 03:45:35

2021-07-01 03:45:35 开始第 28 次操作

2021-07-01 03:45:35 开始操作号码 【1665908】
2021-07-01 03:45:39 GSD getOne 第 1 次 等待 1 秒
2021-07-01 03:45:40 查询号码 【1665908】，返回信息 {"status":"bad","msg":""}
2021-07-01 03:45:40 查询号码 【1665908】，GSD为【""】
2021-07-01 03:45:40 bad
2021-07-01 03:45:41 CHB 1665908?1625082340 第 1 次 等待 1 秒
2021-07-01 03:45:42 CHB 1665908?1625082340 第 1 次 获取到号码【1665908】GSD
2021-07-01 03:45:42 获取到号码【1665908】的GSD为【福建-福州】
2021-07-01 03:45:46 GSD insert 第 1 次 等待 1 秒
2021-07-01 03:45:47 {"status":"ok","msg":"添加成功！164055"}
2021-07-01 03:45:47 下次操作: 2021-07-01 03:45:58

2021-07-01 03:45:58 开始第 29 次操作

2021-07-01 03:45:58 开始操作号码 【1665909】
2021-07-01 03:46:01 GSD getOne 第 1 次 等待 1 秒
2021-07-01 03:46:02 查询号码 【1665909】，返回信息 {"status":"bad","msg":""}
2021-07-01 03:46:02 查询号码 【1665909】，GSD为【""】
2021-07-01 03:46:02 bad
2021-07-01 03:46:04 CHB 1665909?1625082362 第 1 次 等待 1 秒
2021-07-01 03:46:05 CHB 1665909?1625082362 第 1 次 获取到号码【1665909】GSD
2021-07-01 03:46:05 获取到号码【1665909】的GSD为【福建-福州】
2021-07-01 03:46:09 GSD insert 第 1 次 等待 1 秒
2021-07-01 03:46:10 {"status":"ok","msg":"添加成功！164060"}
2021-07-01 03:46:10 下次操作: 2021-07-01 03:46:18

2021-07-01 03:46:18 开始第 30 次操作

2021-07-01 03:46:18 开始操作号码 【1665910】
2021-07-01 03:46:22 GSD getOne 第 1 次 等待 1 秒
2021-07-01 03:46:23 查询号码 【1665910】，返回信息 {"status":"bad","msg":""}
2021-07-01 03:46:23 查询号码 【1665910】，GSD为【""】
2021-07-01 03:46:23 bad
2021-07-01 03:46:24 CHB 1665910?1625082383 第 1 次 等待 1 秒
2021-07-01 03:46:25 CHB 1665910?1625082383 第 1 次 获取到号码【1665910】GSD
2021-07-01 03:46:25 获取到号码【1665910】的GSD为【福建-宁德】
2021-07-01 03:46:29 GSD insert 第 1 次 等待 1 秒
2021-07-01 03:46:30 {"status":"ok","msg":"添加成功！164063"}

2021-07-01 04:41:04 开始第 1 次操作

2021-07-01 04:41:04 开始操作号码 【1665911】
2021-07-01 04:41:07 GSD getOne 第 1 次 等待 1 秒
2021-07-01 04:41:08 查询号码 【1665911】，返回信息 {"status":"bad","msg":""}
2021-07-01 04:41:09 查询号码 【1665911】，GSD为【""】
2021-07-01 04:41:09 bad
2021-07-01 04:41:10 CHB 1665911?1625085669 第 1 次 等待 1 秒
2021-07-01 04:41:11 CHB 1665911?1625085669 第 1 次 获取到号码【1665911】GSD
2021-07-01 04:41:11 获取到号码【1665911】的GSD为【福建-莆田】
2021-07-01 04:41:30 GSD insert 第 1 次 等待 1 秒
2021-07-01 04:41:31 {"status":"ok","msg":"添加成功！164225"}
2021-07-01 04:41:31 下次操作: 2021-07-01 04:41:47

2021-07-01 04:41:47 开始第 2 次操作

2021-07-01 04:41:47 开始操作号码 【1665912】
2021-07-01 04:41:51 GSD getOne 第 1 次 等待 1 秒
2021-07-01 04:41:52 查询号码 【1665912】，返回信息 {"status":"bad","msg":""}
2021-07-01 04:41:52 查询号码 【1665912】，GSD为【""】
2021-07-01 04:41:52 bad
2021-07-01 04:41:54 CHB 1665912?1625085712 第 1 次 等待 1 秒
2021-07-01 04:41:55 CHB 1665912?1625085712 第 1 次 获取到号码【1665912】GSD
2021-07-01 04:41:55 获取到号码【1665912】的GSD为【福建-厦门】
2021-07-01 04:42:14 GSD insert 第 1 次 等待 1 秒
2021-07-01 04:42:15 {"status":"ok","msg":"添加成功！164233"}
2021-07-01 04:42:15 下次操作: 2021-07-01 04:42:28

2021-07-01 04:42:28 开始第 3 次操作

2021-07-01 04:42:28 开始操作号码 【1665913】
2021-07-01 04:42:35 GSD getOne 第 1 次 等待 1 秒
2021-07-01 04:42:36 查询号码 【1665913】，返回信息 {"status":"bad","msg":""}
2021-07-01 04:42:36 查询号码 【1665913】，GSD为【""】
2021-07-01 04:42:36 bad
2021-07-01 04:42:37 CHB 1665913?1625085756 第 1 次 等待 1 秒
2021-07-01 04:42:38 CHB 1665913?1625085756 第 1 次 获取到号码【1665913】GSD
2021-07-01 04:42:38 获取到号码【1665913】的GSD为【福建-厦门】
2021-07-01 04:42:59 GSD insert 第 1 次 等待 1 秒
2021-07-01 04:43:00 {"status":"ok","msg":"添加成功！164242"}
2021-07-01 04:43:00 下次操作: 2021-07-01 04:43:14

2021-07-01 04:43:14 开始第 4 次操作

2021-07-01 04:43:14 开始操作号码 【1665914】
2021-07-01 04:43:18 GSD getOne 第 1 次 等待 1 秒
2021-07-01 04:43:19 查询号码 【1665914】，返回信息 {"status":"bad","msg":""}
2021-07-01 04:43:19 查询号码 【1665914】，GSD为【""】
2021-07-01 04:43:19 bad
2021-07-01 04:43:21 CHB 1665914?1625085799 第 1 次 等待 1 秒
2021-07-01 04:43:22 CHB 1665914?1625085799 第 1 次 获取到号码【1665914】GSD
2021-07-01 04:43:22 获取到号码【1665914】的GSD为【福建-厦门】
2021-07-01 04:43:41 GSD insert 第 1 次 等待 1 秒
2021-07-01 04:43:42 {"status":"ok","msg":"添加成功！164251"}
2021-07-01 04:43:42 下次操作: 2021-07-01 04:43:51

2021-07-01 04:43:51 开始第 5 次操作

2021-07-01 04:43:51 开始操作号码 【1665915】
2021-07-01 04:44:01 GSD getOne 第 1 次 等待 1 秒
2021-07-01 04:44:02 查询号码 【1665915】，返回信息 {"status":"bad","msg":""}
2021-07-01 04:44:02 查询号码 【1665915】，GSD为【""】
2021-07-01 04:44:02 bad
2021-07-01 04:44:04 CHB 1665915?1625085842 第 1 次 等待 1 秒
2021-07-01 04:44:05 CHB 1665915?1625085842 第 1 次 获取到号码【1665915】GSD
2021-07-01 04:44:05 获取到号码【1665915】的GSD为【福建-厦门】
2021-07-01 04:44:24 GSD insert 第 1 次 等待 1 秒
2021-07-01 04:44:25 {"status":"ok","msg":"添加成功！164263"}
2021-07-01 04:44:25 下次操作: 2021-07-01 04:44:37

2021-07-01 04:44:37 开始第 6 次操作

2021-07-01 04:44:37 开始操作号码 【1665916】
2021-07-01 04:44:44 GSD getOne 第 1 次 等待 1 秒
2021-07-01 04:44:45 查询号码 【1665916】，返回信息 {"status":"bad","msg":""}
2021-07-01 04:44:45 查询号码 【1665916】，GSD为【""】
2021-07-01 04:44:45 bad
2021-07-01 04:44:46 CHB 1665916?1625085885 第 1 次 等待 1 秒
2021-07-01 04:44:47 CHB 1665916?1625085885 第 1 次 获取到号码【1665916】GSD
2021-07-01 04:44:47 获取到号码【1665916】的GSD为【福建-厦门】
2021-07-01 04:45:06 GSD insert 第 1 次 等待 1 秒
2021-07-01 04:45:07 {"status":"ok","msg":"添加成功！164271"}
2021-07-01 04:45:07 下次操作: 2021-07-01 04:45:18

2021-07-01 04:45:18 开始第 7 次操作

2021-07-01 04:45:18 开始操作号码 【1665917】
2021-07-01 04:45:29 GSD getOne 第 1 次 等待 1 秒
2021-07-01 04:45:30 查询号码 【1665917】，返回信息 {"status":"bad","msg":""}
2021-07-01 04:45:30 查询号码 【1665917】，GSD为【""】
2021-07-01 04:45:30 bad
2021-07-01 04:45:31 CHB 1665917?1625085930 第 1 次 等待 1 秒
2021-07-01 04:45:32 CHB 1665917?1625085930 第 1 次 获取到号码【1665917】GSD
2021-07-01 04:45:32 获取到号码【1665917】的GSD为【福建-厦门】
2021-07-01 04:45:51 GSD insert 第 1 次 等待 1 秒
2021-07-01 04:45:52 {"status":"ok","msg":"添加成功！164283"}
2021-07-01 04:45:52 下次操作: 2021-07-01 04:46:02

2021-07-01 04:46:03 开始第 8 次操作

2021-07-01 04:46:03 开始操作号码 【1665918】
2021-07-01 04:46:13 GSD getOne 第 1 次 等待 1 秒
2021-07-01 04:46:14 查询号码 【1665918】，返回信息 {"status":"bad","msg":""}
2021-07-01 04:46:14 查询号码 【1665918】，GSD为【""】
2021-07-01 04:46:14 bad
2021-07-01 04:46:16 CHB 1665918?1625085974 第 1 次 等待 1 秒
2021-07-01 04:46:17 CHB 1665918?1625085974 第 1 次 获取到号码【1665918】GSD
2021-07-01 04:46:17 获取到号码【1665918】的GSD为【福建-厦门】
2021-07-01 04:46:36 GSD insert 第 1 次 等待 1 秒
2021-07-01 04:46:37 {"status":"ok","msg":"添加成功！164292"}
2021-07-01 04:46:37 下次操作: 2021-07-01 04:46:53

2021-07-01 04:46:53 开始第 9 次操作

2021-07-01 04:46:53 开始操作号码 【1665919】
2021-07-01 04:46:57 GSD getOne 第 1 次 等待 1 秒
2021-07-01 04:46:58 查询号码 【1665919】，返回信息 {"status":"bad","msg":""}
2021-07-01 04:46:58 查询号码 【1665919】，GSD为【""】
2021-07-01 04:46:58 bad
2021-07-01 04:47:00 CHB 1665919?1625086018 第 1 次 等待 1 秒
2021-07-01 04:47:01 CHB 1665919?1625086018 第 1 次 获取到号码【1665919】GSD
2021-07-01 04:47:01 获取到号码【1665919】的GSD为【福建-厦门】
2021-07-01 04:47:19 GSD insert 第 1 次 等待 1 秒
2021-07-01 04:47:20 {"status":"ok","msg":"添加成功！164302"}
2021-07-01 04:47:20 下次操作: 2021-07-01 04:47:38

2021-07-01 04:47:38 开始第 10 次操作

2021-07-01 04:47:38 开始操作号码 【1665920】
2021-07-01 04:47:42 GSD getOne 第 1 次 等待 1 秒
2021-07-01 04:47:43 查询号码 【1665920】，返回信息 {"status":"bad","msg":""}
2021-07-01 04:47:43 查询号码 【1665920】，GSD为【""】
2021-07-01 04:47:43 bad
2021-07-01 04:47:44 CHB 1665920?1625086063 第 1 次 等待 1 秒
2021-07-01 04:47:45 CHB 1665920?1625086063 第 1 次 获取到号码【1665920】GSD
2021-07-01 04:47:46 获取到号码【1665920】的GSD为【福建-莆田】
2021-07-01 04:48:05 GSD insert 第 1 次 等待 1 秒
2021-07-01 04:48:06 {"status":"ok","msg":"添加成功！164311"}
2021-07-01 04:48:06 下次操作: 2021-07-01 04:48:16

2021-07-01 04:48:16 开始第 11 次操作

2021-07-01 04:48:16 开始操作号码 【1665921】
2021-07-01 04:48:27 GSD getOne 第 1 次 等待 1 秒
2021-07-01 04:48:28 查询号码 【1665921】，返回信息 {"status":"bad","msg":""}
2021-07-01 04:48:28 查询号码 【1665921】，GSD为【""】
2021-07-01 04:48:28 bad
2021-07-01 04:48:29 CHB 1665921?1625086108 第 1 次 等待 1 秒
2021-07-01 04:48:30 CHB 1665921?1625086108 第 1 次 获取到号码【1665921】GSD
2021-07-01 04:48:30 获取到号码【1665921】的GSD为【福建-莆田】
2021-07-01 04:48:49 GSD insert 第 1 次 等待 1 秒
2021-07-01 04:48:50 {"status":"ok","msg":"添加成功！164320"}
2021-07-01 04:48:50 下次操作: 2021-07-01 04:48:58

2021-07-01 04:48:58 开始第 12 次操作

2021-07-01 04:48:58 开始操作号码 【1665922】
2021-07-01 04:49:09 GSD getOne 第 1 次 等待 1 秒
2021-07-01 04:49:10 查询号码 【1665922】，返回信息 {"status":"bad","msg":""}
2021-07-01 04:49:10 查询号码 【1665922】，GSD为【""】
2021-07-01 04:49:10 bad
2021-07-01 04:49:12 CHB 1665922?1625086150 第 1 次 等待 1 秒
2021-07-01 04:49:13 CHB 1665922?1625086150 第 1 次 获取到号码【1665922】GSD
2021-07-01 04:49:13 获取到号码【1665922】的GSD为【福建-泉州】
2021-07-01 04:49:32 GSD insert 第 1 次 等待 1 秒
2021-07-01 04:49:33 {"status":"ok","msg":"添加成功！164331"}
2021-07-01 04:49:33 下次操作: 2021-07-01 04:49:46

2021-07-01 04:49:46 开始第 13 次操作

2021-07-01 04:49:46 开始操作号码 【1665923】
2021-07-01 04:49:52 GSD getOne 第 1 次 等待 1 秒
2021-07-01 04:49:53 查询号码 【1665923】，返回信息 {"status":"bad","msg":""}
2021-07-01 04:49:53 查询号码 【1665923】，GSD为【""】
2021-07-01 04:49:53 bad
2021-07-01 04:49:55 CHB 1665923?1625086193 第 1 次 等待 1 秒
2021-07-01 04:49:56 CHB 1665923?1625086193 第 1 次 获取到号码【1665923】GSD
2021-07-01 04:49:56 获取到号码【1665923】的GSD为【福建-泉州】
2021-07-01 04:50:15 GSD insert 第 1 次 等待 1 秒
2021-07-01 04:50:16 {"status":"ok","msg":"添加成功！164342"}
2021-07-01 04:50:16 下次操作: 2021-07-01 04:50:23

2021-07-01 04:50:23 开始第 14 次操作

2021-07-01 04:50:23 开始操作号码 【1665924】
2021-07-01 04:50:42 GSD getOne 第 1 次 等待 1 秒
2021-07-01 04:50:43 查询号码 【1665924】，返回信息 {"status":"bad","msg":""}
2021-07-01 04:50:43 查询号码 【1665924】，GSD为【""】
2021-07-01 04:50:43 bad
2021-07-01 04:50:44 CHB 1665924?1625086243 第 1 次 等待 1 秒
2021-07-01 04:50:45 CHB 1665924?1625086243 第 1 次 获取到号码【1665924】GSD
2021-07-01 04:50:45 获取到号码【1665924】的GSD为【福建-泉州】
2021-07-01 04:51:04 GSD insert 第 1 次 等待 1 秒
2021-07-01 04:51:05 {"status":"ok","msg":"添加成功！164353"}
2021-07-01 04:51:05 下次操作: 2021-07-01 04:51:20

2021-07-01 04:51:20 开始第 15 次操作

2021-07-01 04:51:20 开始操作号码 【1665925】
2021-07-01 04:51:24 GSD getOne 第 1 次 等待 1 秒
2021-07-01 04:51:25 查询号码 【1665925】，返回信息 {"status":"bad","msg":""}
2021-07-01 04:51:25 查询号码 【1665925】，GSD为【""】
2021-07-01 04:51:25 bad
2021-07-01 04:51:27 CHB 1665925?1625086285 第 1 次 等待 1 秒
2021-07-01 04:51:28 CHB 1665925?1625086285 第 1 次 获取到号码【1665925】GSD
2021-07-01 04:51:28 获取到号码【1665925】的GSD为【福建-泉州】
2021-07-01 04:51:47 GSD insert 第 1 次 等待 1 秒
2021-07-01 04:51:48 {"status":"ok","msg":"添加成功！164363"}
2021-07-01 04:51:48 下次操作: 2021-07-01 04:51:56

2021-07-01 04:51:56 开始第 16 次操作

2021-07-01 04:51:56 开始操作号码 【1665926】
2021-07-01 04:52:07 GSD getOne 第 1 次 等待 1 秒
2021-07-01 04:52:08 查询号码 【1665926】，返回信息 {"status":"bad","msg":""}
2021-07-01 04:52:08 查询号码 【1665926】，GSD为【""】
2021-07-01 04:52:08 bad
2021-07-01 04:52:09 CHB 1665926?1625086328 第 1 次 等待 1 秒
2021-07-01 04:52:10 CHB 1665926?1625086328 第 1 次 获取到号码【1665926】GSD
2021-07-01 04:52:10 获取到号码【1665926】的GSD为【福建-泉州】
2021-07-01 04:52:29 GSD insert 第 1 次 等待 1 秒
2021-07-01 04:52:30 {"status":"ok","msg":"添加成功！164372"}
2021-07-01 04:52:30 下次操作: 2021-07-01 04:52:48

2021-07-01 04:52:48 开始第 17 次操作

2021-07-01 04:52:48 开始操作号码 【1665927】
2021-07-01 04:52:52 GSD getOne 第 1 次 等待 1 秒
2021-07-01 04:52:53 查询号码 【1665927】，返回信息 {"status":"bad","msg":""}
2021-07-01 04:52:54 查询号码 【1665927】，GSD为【""】
2021-07-01 04:52:54 bad
2021-07-01 04:52:55 CHB 1665927?1625086374 第 1 次 等待 1 秒
2021-07-01 04:52:56 CHB 1665927?1625086374 第 1 次 获取到号码【1665927】GSD
2021-07-01 04:52:56 获取到号码【1665927】的GSD为【福建-泉州】
2021-07-01 04:53:15 GSD insert 第 1 次 等待 1 秒
2021-07-01 04:53:16 {"status":"ok","msg":"添加成功！164384"}
2021-07-01 04:53:16 下次操作: 2021-07-01 04:53:29

2021-07-01 04:53:29 开始第 18 次操作

2021-07-01 04:53:29 开始操作号码 【1665928】
2021-07-01 04:53:36 GSD getOne 第 1 次 等待 1 秒
2021-07-01 04:53:37 查询号码 【1665928】，返回信息 {"status":"bad","msg":""}
2021-07-01 04:53:37 查询号码 【1665928】，GSD为【""】
2021-07-01 04:53:37 bad
2021-07-01 04:53:38 CHB 1665928?1625086417 第 1 次 等待 1 秒
2021-07-01 04:53:39 CHB 1665928?1625086417 第 1 次 获取到号码【1665928】GSD
2021-07-01 04:53:40 获取到号码【1665928】的GSD为【福建-泉州】
2021-07-01 04:53:59 GSD insert 第 1 次 等待 1 秒
2021-07-01 04:54:00 {"status":"ok","msg":"添加成功！164393"}
2021-07-01 04:54:00 下次操作: 2021-07-01 04:54:15

2021-07-01 04:54:15 开始第 19 次操作

2021-07-01 04:54:15 开始操作号码 【1665929】
2021-07-01 04:54:19 GSD getOne 第 1 次 等待 1 秒
2021-07-01 04:54:20 查询号码 【1665929】，返回信息 {"status":"bad","msg":""}
2021-07-01 04:54:20 查询号码 【1665929】，GSD为【""】
2021-07-01 04:54:20 bad
2021-07-01 04:54:21 CHB 1665929?1625086460 第 1 次 等待 1 秒
2021-07-01 04:54:22 CHB 1665929?1625086460 第 1 次 获取到号码【1665929】GSD
2021-07-01 04:54:22 获取到号码【1665929】的GSD为【福建-泉州】
2021-07-01 04:54:41 GSD insert 第 1 次 等待 1 秒
2021-07-01 04:54:42 {"status":"ok","msg":"添加成功！164399"}
2021-07-01 04:54:42 下次操作: 2021-07-01 04:55:00

2021-07-01 04:55:00 开始第 20 次操作

2021-07-01 04:55:00 开始操作号码 【1665930】
2021-07-01 04:55:04 GSD getOne 第 1 次 等待 1 秒
2021-07-01 04:55:05 查询号码 【1665930】，返回信息 {"status":"bad","msg":""}
2021-07-01 04:55:06 查询号码 【1665930】，GSD为【""】
2021-07-01 04:55:06 bad
2021-07-01 04:55:07 CHB 1665930?1625086506 第 1 次 等待 1 秒
2021-07-01 04:55:08 CHB 1665930?1625086506 第 1 次 获取到号码【1665930】GSD
2021-07-01 04:55:08 获取到号码【1665930】的GSD为【福建-莆田】
2021-07-01 04:55:27 GSD insert 第 1 次 等待 1 秒
2021-07-01 04:55:28 {"status":"ok","msg":"添加成功！164405"}
2021-07-01 04:55:28 下次操作: 2021-07-01 04:55:34

2021-07-01 04:55:34 开始第 21 次操作

2021-07-01 04:55:34 开始操作号码 【1665931】
2021-07-01 04:55:53 GSD getOne 第 1 次 等待 1 秒
2021-07-01 04:55:54 查询号码 【1665931】，返回信息 {"status":"bad","msg":""}
2021-07-01 04:55:54 查询号码 【1665931】，GSD为【""】
2021-07-01 04:55:54 bad
2021-07-01 04:55:56 CHB 1665931?1625086554 第 1 次 等待 1 秒
2021-07-01 04:55:57 CHB 1665931?1625086554 第 1 次 获取到号码【1665931】GSD
2021-07-01 04:55:57 获取到号码【1665931】的GSD为【福建-漳州】
2021-07-01 04:56:16 GSD insert 第 1 次 等待 1 秒
2021-07-01 04:56:17 {"status":"ok","msg":"添加成功！164414"}
2021-07-01 04:56:17 下次操作: 2021-07-01 04:56:27

2021-07-01 04:56:27 开始第 22 次操作

2021-07-01 04:56:27 开始操作号码 【1665932】
2021-07-01 04:56:37 GSD getOne 第 1 次 等待 1 秒
2021-07-01 04:56:38 查询号码 【1665932】，返回信息 {"status":"bad","msg":""}
2021-07-01 04:56:38 查询号码 【1665932】，GSD为【""】
2021-07-01 04:56:38 bad
2021-07-01 04:56:40 CHB 1665932?1625086598 第 1 次 等待 1 秒
2021-07-01 04:56:41 CHB 1665932?1625086598 第 1 次 获取到号码【1665932】GSD
2021-07-01 04:56:41 获取到号码【1665932】的GSD为【福建-漳州】
2021-07-01 04:57:00 GSD insert 第 1 次 等待 1 秒
2021-07-01 04:57:01 {"status":"ok","msg":"添加成功！164419"}
2021-07-01 04:57:02 下次操作: 2021-07-01 04:57:20

2021-07-01 04:57:20 开始第 23 次操作

2021-07-01 04:57:20 开始操作号码 【1665933】
2021-07-01 04:57:23 GSD getOne 第 1 次 等待 1 秒
2021-07-01 04:57:24 查询号码 【1665933】，返回信息 {"status":"bad","msg":""}
2021-07-01 04:57:24 查询号码 【1665933】，GSD为【""】
2021-07-01 04:57:24 bad
2021-07-01 04:57:26 CHB 1665933?1625086644 第 1 次 等待 1 秒
2021-07-01 04:57:27 CHB 1665933?1625086644 第 1 次 获取到号码【1665933】GSD
2021-07-01 04:57:27 获取到号码【1665933】的GSD为【福建-漳州】
2021-07-01 04:57:45 GSD insert 第 1 次 等待 1 秒
2021-07-01 04:57:46 {"status":"ok","msg":"添加成功！164423"}
2021-07-01 04:57:46 下次操作: 2021-07-01 04:57:59

2021-07-01 04:57:59 开始第 24 次操作

2021-07-01 04:57:59 开始操作号码 【1665934】
2021-07-01 04:58:06 GSD getOne 第 1 次 等待 1 秒
2021-07-01 04:58:07 查询号码 【1665934】，返回信息 {"status":"bad","msg":""}
2021-07-01 04:58:07 查询号码 【1665934】，GSD为【""】
2021-07-01 04:58:07 bad
2021-07-01 04:58:09 CHB 1665934?1625086687 第 1 次 等待 1 秒
2021-07-01 04:58:10 CHB 1665934?1625086687 第 1 次 获取到号码【1665934】GSD
2021-07-01 04:58:10 获取到号码【1665934】的GSD为【福建-漳州】
2021-07-01 04:58:29 GSD insert 第 1 次 等待 1 秒
2021-07-01 04:58:30 {"status":"ok","msg":"添加成功！164427"}
2021-07-01 04:58:30 下次操作: 2021-07-01 04:58:46

2021-07-01 04:58:46 开始第 25 次操作

2021-07-01 04:58:46 开始操作号码 【1665935】
2021-07-01 04:58:49 GSD getOne 第 1 次 等待 1 秒
2021-07-01 04:58:50 查询号码 【1665935】，返回信息 {"status":"bad","msg":""}
2021-07-01 04:58:50 查询号码 【1665935】，GSD为【""】
2021-07-01 04:58:50 bad
2021-07-01 04:58:52 CHB 1665935?1625086730 第 1 次 等待 1 秒
2021-07-01 04:58:53 CHB 1665935?1625086730 第 1 次 获取到号码【1665935】GSD
2021-07-01 04:58:53 获取到号码【1665935】的GSD为【福建-福州】
2021-07-01 04:59:12 GSD insert 第 1 次 等待 1 秒
2021-07-01 04:59:13 {"status":"ok","msg":"添加成功！164432"}
2021-07-01 04:59:13 下次操作: 2021-07-01 04:59:28

2021-07-01 04:59:28 开始第 26 次操作

2021-07-01 04:59:28 开始操作号码 【1665936】
2021-07-01 04:59:31 GSD getOne 第 1 次 等待 1 秒
2021-07-01 04:59:32 查询号码 【1665936】，返回信息 {"status":"bad","msg":""}
2021-07-01 04:59:32 查询号码 【1665936】，GSD为【""】
2021-07-01 04:59:32 bad
2021-07-01 04:59:34 CHB 1665936?1625086772 第 1 次 等待 1 秒
2021-07-01 04:59:35 CHB 1665936?1625086772 第 1 次 获取到号码【1665936】GSD
2021-07-01 04:59:35 获取到号码【1665936】的GSD为【福建-福州】
2021-07-01 04:59:54 GSD insert 第 1 次 等待 1 秒
2021-07-01 04:59:55 {"status":"ok","msg":"添加成功！164438"}
2021-07-01 04:59:55 下次操作: 2021-07-01 05:00:11

2021-07-01 05:00:11 开始第 27 次操作

2021-07-01 05:00:11 开始操作号码 【1665937】
2021-07-01 05:00:14 GSD getOne 第 1 次 等待 1 秒
2021-07-01 05:00:15 查询号码 【1665937】，返回信息 {"status":"bad","msg":""}
2021-07-01 05:00:15 查询号码 【1665937】，GSD为【""】
2021-07-01 05:00:15 bad
2021-07-01 05:00:17 CHB 1665937?1625086815 第 1 次 等待 1 秒
2021-07-01 05:00:18 CHB 1665937?1625086815 第 1 次 获取到号码【1665937】GSD
2021-07-01 05:00:18 获取到号码【1665937】的GSD为【福建-福州】
2021-07-01 05:00:37 GSD insert 第 1 次 等待 1 秒
2021-07-01 05:00:38 {"status":"ok","msg":"添加成功！164443"}
2021-07-01 05:00:38 下次操作: 2021-07-01 05:00:52

2021-07-01 05:00:52 开始第 28 次操作

2021-07-01 05:00:52 开始操作号码 【1665938】
2021-07-01 05:00:57 GSD getOne 第 1 次 等待 1 秒
2021-07-01 05:00:58 查询号码 【1665938】，返回信息 {"status":"bad","msg":""}
2021-07-01 05:00:58 查询号码 【1665938】，GSD为【""】
2021-07-01 05:00:58 bad
2021-07-01 05:00:59 CHB 1665938?1625086858 第 1 次 等待 1 秒
2021-07-01 05:01:00 CHB 1665938?1625086858 第 1 次 获取到号码【1665938】GSD
2021-07-01 05:01:00 获取到号码【1665938】的GSD为【福建-福州】
2021-07-01 05:01:19 GSD insert 第 1 次 等待 1 秒
2021-07-01 05:01:20 {"status":"ok","msg":"添加成功！164450"}
2021-07-01 05:01:20 下次操作: 2021-07-01 05:01:27

2021-07-01 05:01:27 开始第 29 次操作

2021-07-01 05:01:27 开始操作号码 【1665939】
2021-07-01 05:01:38 GSD getOne 第 1 次 等待 1 秒
2021-07-01 05:01:39 查询号码 【1665939】，返回信息 {"status":"bad","msg":""}
2021-07-01 05:01:40 查询号码 【1665939】，GSD为【""】
2021-07-01 05:01:40 bad
2021-07-01 05:01:41 CHB 1665939?1625086900 第 1 次 等待 1 秒
2021-07-01 05:01:42 CHB 1665939?1625086900 第 1 次 获取到号码【1665939】GSD
2021-07-01 05:01:42 获取到号码【1665939】的GSD为【福建-福州】
2021-07-01 05:02:01 GSD insert 第 1 次 等待 1 秒
2021-07-01 05:02:02 {"status":"ok","msg":"添加成功！164454"}
2021-07-01 05:02:02 下次操作: 2021-07-01 05:02:13

2021-07-01 05:02:13 开始第 30 次操作

2021-07-01 05:02:13 开始操作号码 【1665940】
2021-07-01 05:02:24 GSD getOne 第 1 次 等待 1 秒
2021-07-01 05:02:25 查询号码 【1665940】，返回信息 {"status":"bad","msg":""}
2021-07-01 05:02:25 查询号码 【1665940】，GSD为【""】
2021-07-01 05:02:25 bad
2021-07-01 05:02:26 CHB 1665940?1625086945 第 1 次 等待 1 秒
2021-07-01 05:02:27 CHB 1665940?1625086945 第 1 次 获取到号码【1665940】GSD
2021-07-01 05:02:27 获取到号码【1665940】的GSD为【福建-福州】
2021-07-01 05:02:48 GSD insert 第 1 次 等待 1 秒
2021-07-01 05:02:49 {"status":"ok","msg":"添加成功！164462"}

2021-07-01 05:44:49 开始第 1 次操作

2021-07-01 05:44:49 开始操作号码 【1665941】
2021-07-01 05:44:53 GSD getOne 第 1 次 等待 1 秒
2021-07-01 05:44:54 查询号码 【1665941】，返回信息 {"status":"bad","msg":""}
2021-07-01 05:44:55 查询号码 【1665941】，GSD为【""】
2021-07-01 05:44:55 bad
2021-07-01 05:44:57 CHB 1665941?1625089495 第 1 次 等待 1 秒
2021-07-01 05:44:58 CHB 1665941?1625089495 第 1 次 获取到号码【1665941】GSD
2021-07-01 05:44:58 获取到号码【1665941】的GSD为【福建-福州】
2021-07-01 05:45:17 GSD insert 第 1 次 等待 1 秒
2021-07-01 05:45:18 {"status":"ok","msg":"添加成功！164554"}
2021-07-01 05:45:18 下次操作: 2021-07-01 05:45:31

2021-07-01 05:45:31 开始第 2 次操作

2021-07-01 05:45:31 开始操作号码 【1665942】
2021-07-01 05:45:38 GSD getOne 第 1 次 等待 1 秒
2021-07-01 05:45:39 查询号码 【1665942】，返回信息 {"status":"bad","msg":""}
2021-07-01 05:45:39 查询号码 【1665942】，GSD为【""】
2021-07-01 05:45:39 bad
2021-07-01 05:45:40 CHB 1665942?1625089539 第 1 次 等待 1 秒
2021-07-01 05:45:41 CHB 1665942?1625089539 第 1 次 获取到号码【1665942】GSD
2021-07-01 05:45:42 获取到号码【1665942】的GSD为【福建-福州】
2021-07-01 05:46:01 GSD insert 第 1 次 等待 1 秒
2021-07-01 05:46:02 {"status":"ok","msg":"添加成功！164562"}
2021-07-01 05:46:02 下次操作: 2021-07-01 05:46:11

2021-07-01 05:46:11 开始第 3 次操作

2021-07-01 05:46:11 开始操作号码 【1665943】
2021-07-01 05:46:22 GSD getOne 第 1 次 等待 1 秒
2021-07-01 05:46:23 查询号码 【1665943】，返回信息 {"status":"bad","msg":""}
2021-07-01 05:46:23 查询号码 【1665943】，GSD为【""】
2021-07-01 05:46:23 bad
2021-07-01 05:46:25 CHB 1665943?1625089583 第 1 次 等待 1 秒
2021-07-01 05:46:26 CHB 1665943?1625089583 第 1 次 获取到号码【1665943】GSD
2021-07-01 05:46:26 获取到号码【1665943】的GSD为【福建-福州】
2021-07-01 05:46:45 GSD insert 第 1 次 等待 1 秒
2021-07-01 05:46:46 {"status":"ok","msg":"添加成功！164569"}
2021-07-01 05:46:46 下次操作: 2021-07-01 05:47:03

2021-07-01 05:47:03 开始第 4 次操作

2021-07-01 05:47:03 开始操作号码 【1665944】
2021-07-01 05:47:06 GSD getOne 第 1 次 等待 1 秒
2021-07-01 05:47:07 查询号码 【1665944】，返回信息 {"status":"bad","msg":""}
2021-07-01 05:47:08 查询号码 【1665944】，GSD为【""】
2021-07-01 05:47:08 bad
2021-07-01 05:47:09 CHB 1665944?1625089628 第 1 次 等待 1 秒
2021-07-01 05:47:10 CHB 1665944?1625089628 第 1 次 获取到号码【1665944】GSD
2021-07-01 05:47:10 获取到号码【1665944】的GSD为【福建-福州】
2021-07-01 05:47:29 GSD insert 第 1 次 等待 1 秒
2021-07-01 05:47:30 {"status":"ok","msg":"添加成功！164579"}
2021-07-01 05:47:30 下次操作: 2021-07-01 05:47:47

2021-07-01 05:47:47 开始第 5 次操作

2021-07-01 05:47:47 开始操作号码 【1665945】
2021-07-01 05:47:51 GSD getOne 第 1 次 等待 1 秒
2021-07-01 05:47:52 查询号码 【1665945】，返回信息 {"status":"bad","msg":""}
2021-07-01 05:47:52 查询号码 【1665945】，GSD为【""】
2021-07-01 05:47:52 bad
2021-07-01 05:47:53 CHB 1665945?1625089672 第 1 次 等待 1 秒
2021-07-01 05:47:54 CHB 1665945?1625089672 第 1 次 获取到号码【1665945】GSD
2021-07-01 05:47:54 获取到号码【1665945】的GSD为【福建-厦门】
2021-07-01 05:48:13 GSD insert 第 1 次 等待 1 秒
2021-07-01 05:48:14 {"status":"ok","msg":"添加成功！164586"}
2021-07-01 05:48:14 下次操作: 2021-07-01 05:48:23

2021-07-01 05:48:23 开始第 6 次操作

2021-07-01 05:48:23 开始操作号码 【1665946】
2021-07-01 05:48:34 GSD getOne 第 1 次 等待 1 秒
2021-07-01 05:48:35 查询号码 【1665946】，返回信息 {"status":"bad","msg":""}
2021-07-01 05:48:35 查询号码 【1665946】，GSD为【""】
2021-07-01 05:48:35 bad
2021-07-01 05:48:37 CHB 1665946?1625089715 第 1 次 等待 1 秒
2021-07-01 05:48:38 CHB 1665946?1625089715 第 1 次 获取到号码【1665946】GSD
2021-07-01 05:48:38 获取到号码【1665946】的GSD为【福建-泉州】
2021-07-01 05:48:57 GSD insert 第 1 次 等待 1 秒
2021-07-01 05:48:58 {"status":"ok","msg":"添加成功！164594"}
2021-07-01 05:48:58 下次操作: 2021-07-01 05:49:14

2021-07-01 05:49:14 开始第 7 次操作

2021-07-01 05:49:14 开始操作号码 【1665947】
2021-07-01 05:49:18 GSD getOne 第 1 次 等待 1 秒
2021-07-01 05:49:19 查询号码 【1665947】，返回信息 {"status":"bad","msg":""}
2021-07-01 05:49:19 查询号码 【1665947】，GSD为【""】
2021-07-01 05:49:19 bad
2021-07-01 05:49:21 CHB 1665947?1625089759 第 1 次 等待 1 秒
2021-07-01 05:49:22 CHB 1665947?1625089759 第 1 次 获取到号码【1665947】GSD
2021-07-01 05:49:22 获取到号码【1665947】的GSD为【福建-南平】
2021-07-01 05:49:41 GSD insert 第 1 次 等待 1 秒
2021-07-01 05:49:42 {"status":"ok","msg":"添加成功！164605"}
2021-07-01 05:49:42 下次操作: 2021-07-01 05:49:53

2021-07-01 05:49:53 开始第 8 次操作

2021-07-01 05:49:53 开始操作号码 【1665948】
2021-07-01 05:50:03 GSD getOne 第 1 次 等待 1 秒
2021-07-01 05:50:04 查询号码 【1665948】，返回信息 {"status":"bad","msg":""}
2021-07-01 05:50:05 查询号码 【1665948】，GSD为【""】
2021-07-01 05:50:05 bad
2021-07-01 05:50:06 CHB 1665948?1625089805 第 1 次 等待 1 秒
2021-07-01 05:50:07 CHB 1665948?1625089805 第 1 次 获取到号码【1665948】GSD
2021-07-01 05:50:07 获取到号码【1665948】的GSD为【福建-三明】
2021-07-01 05:50:26 GSD insert 第 1 次 等待 1 秒
2021-07-01 05:50:27 {"status":"ok","msg":"添加成功！164612"}
2021-07-01 05:50:27 下次操作: 2021-07-01 05:50:40

2021-07-01 05:50:40 开始第 9 次操作

2021-07-01 05:50:40 开始操作号码 【1665949】
2021-07-01 05:50:47 GSD getOne 第 1 次 等待 1 秒
2021-07-01 05:50:48 查询号码 【1665949】，返回信息 {"status":"bad","msg":""}
2021-07-01 05:50:48 查询号码 【1665949】，GSD为【""】
2021-07-01 05:50:48 bad
2021-07-01 05:50:49 CHB 1665949?1625089848 第 1 次 等待 1 秒
2021-07-01 05:50:50 CHB 1665949?1625089848 第 1 次 获取到号码【1665949】GSD
2021-07-01 05:50:50 获取到号码【1665949】的GSD为【福建-龙岩】
2021-07-01 05:51:10 GSD insert 第 1 次 等待 1 秒
2021-07-01 05:51:11 {"status":"ok","msg":"添加成功！164622"}
2021-07-01 05:51:11 下次操作: 2021-07-01 05:51:26

2021-07-01 05:51:26 开始第 10 次操作

2021-07-01 05:51:26 开始操作号码 【1665950】
2021-07-01 05:51:29 GSD getOne 第 1 次 等待 1 秒
2021-07-01 05:51:30 查询号码 【1665950】，返回信息 {"status":"bad","msg":""}
2021-07-01 05:51:30 查询号码 【1665950】，GSD为【""】
2021-07-01 05:51:30 bad
2021-07-01 05:51:32 CHB 1665950?1625089890 第 1 次 等待 1 秒
2021-07-01 05:51:33 CHB 1665950?1625089890 第 1 次 获取到号码【1665950】GSD
2021-07-01 05:51:33 获取到号码【1665950】的GSD为【福建-三明】
2021-07-01 05:51:52 GSD insert 第 1 次 等待 1 秒
2021-07-01 05:51:53 {"status":"ok","msg":"添加成功！164630"}
2021-07-01 05:51:53 下次操作: 2021-07-01 05:52:03

2021-07-01 05:52:03 开始第 11 次操作

2021-07-01 05:52:03 开始操作号码 【1665951】
2021-07-01 05:52:14 GSD getOne 第 1 次 等待 1 秒
2021-07-01 05:52:15 查询号码 【1665951】，返回信息 {"status":"bad","msg":""}
2021-07-01 05:52:15 查询号码 【1665951】，GSD为【""】
2021-07-01 05:52:15 bad
2021-07-01 05:52:16 CHB 1665951?1625089935 第 1 次 等待 1 秒
2021-07-01 05:52:17 CHB 1665951?1625089935 第 1 次 获取到号码【1665951】GSD
2021-07-01 05:52:17 获取到号码【1665951】的GSD为【福建-宁德】
2021-07-01 05:52:36 GSD insert 第 1 次 等待 1 秒
2021-07-01 05:52:37 {"status":"ok","msg":"添加成功！164640"}
2021-07-01 05:52:37 下次操作: 2021-07-01 05:52:53

2021-07-01 05:52:53 开始第 12 次操作

2021-07-01 05:52:53 开始操作号码 【1665952】
2021-07-01 05:52:57 GSD getOne 第 1 次 等待 1 秒
2021-07-01 05:52:58 查询号码 【1665952】，返回信息 {"status":"bad","msg":""}
2021-07-01 05:52:58 查询号码 【1665952】，GSD为【""】
2021-07-01 05:52:58 bad
2021-07-01 05:53:00 CHB 1665952?1625089978 第 1 次 等待 1 秒
2021-07-01 05:53:01 CHB 1665952?1625089978 第 1 次 获取到号码【1665952】GSD
2021-07-01 05:53:01 获取到号码【1665952】的GSD为【福建-宁德】
2021-07-01 05:53:20 GSD insert 第 1 次 等待 1 秒
2021-07-01 05:53:21 {"status":"ok","msg":"添加成功！164650"}
2021-07-01 05:53:21 下次操作: 2021-07-01 05:53:38

2021-07-01 05:53:38 开始第 13 次操作

2021-07-01 05:53:38 开始操作号码 【1665953】
2021-07-01 05:53:42 GSD getOne 第 1 次 等待 1 秒
2021-07-01 05:53:43 查询号码 【1665953】，返回信息 {"status":"bad","msg":""}
2021-07-01 05:53:43 查询号码 【1665953】，GSD为【""】
2021-07-01 05:53:43 bad
2021-07-01 05:53:44 CHB 1665953?1625090023 第 1 次 等待 1 秒
2021-07-01 05:53:45 CHB 1665953?1625090023 第 1 次 获取到号码【1665953】GSD
2021-07-01 05:53:45 获取到号码【1665953】的GSD为【福建-宁德】
2021-07-01 05:54:04 GSD insert 第 1 次 等待 1 秒
2021-07-01 05:54:05 {"status":"ok","msg":"添加成功！164659"}
2021-07-01 05:54:05 下次操作: 2021-07-01 05:54:11

2021-07-01 05:54:11 开始第 14 次操作

2021-07-01 05:54:11 开始操作号码 【1665954】
2021-07-01 05:54:30 GSD getOne 第 1 次 等待 1 秒
2021-07-01 05:54:31 查询号码 【1665954】，返回信息 {"status":"bad","msg":""}
2021-07-01 05:54:31 查询号码 【1665954】，GSD为【""】
2021-07-01 05:54:31 bad
2021-07-01 05:54:33 CHB 1665954?1625090071 第 1 次 等待 1 秒
2021-07-01 05:54:34 CHB 1665954?1625090071 第 1 次 获取到号码【1665954】GSD
2021-07-01 05:54:34 获取到号码【1665954】的GSD为【福建-莆田】
2021-07-01 05:54:53 GSD insert 第 1 次 等待 1 秒
2021-07-01 05:54:54 {"status":"ok","msg":"添加成功！164666"}
2021-07-01 05:54:54 下次操作: 2021-07-01 05:55:05

2021-07-01 05:55:05 开始第 15 次操作

2021-07-01 05:55:05 开始操作号码 【1665955】
2021-07-01 05:55:16 GSD getOne 第 1 次 等待 1 秒
2021-07-01 05:55:17 查询号码 【1665955】，返回信息 {"status":"bad","msg":""}
2021-07-01 05:55:17 查询号码 【1665955】，GSD为【""】
2021-07-01 05:55:17 bad
2021-07-01 05:55:18 CHB 1665955?1625090117 第 1 次 等待 1 秒
2021-07-01 05:55:19 CHB 1665955?1625090117 第 1 次 获取到号码【1665955】GSD
2021-07-01 05:55:19 获取到号码【1665955】的GSD为【福建-莆田】
2021-07-01 05:55:39 GSD insert 第 1 次 等待 1 秒
2021-07-01 05:55:40 {"status":"ok","msg":"添加成功！164675"}
2021-07-01 05:55:40 下次操作: 2021-07-01 05:55:58

2021-07-01 05:55:58 开始第 16 次操作

2021-07-01 05:55:58 开始操作号码 【1665956】
2021-07-01 05:56:01 GSD getOne 第 1 次 等待 1 秒
2021-07-01 05:56:02 查询号码 【1665956】，返回信息 {"status":"bad","msg":""}
2021-07-01 05:56:03 查询号码 【1665956】，GSD为【""】
2021-07-01 05:56:03 bad
2021-07-01 05:56:04 CHB 1665956?1625090163 第 1 次 等待 1 秒
2021-07-01 05:56:05 CHB 1665956?1625090163 第 1 次 获取到号码【1665956】GSD
2021-07-01 05:56:05 获取到号码【1665956】的GSD为【福建-莆田】
2021-07-01 05:56:24 GSD insert 第 1 次 等待 1 秒
2021-07-01 05:56:25 {"status":"ok","msg":"添加成功！164683"}
2021-07-01 05:56:25 下次操作: 2021-07-01 05:56:31

2021-07-01 05:56:31 开始第 17 次操作

2021-07-01 05:56:31 开始操作号码 【1665957】
2021-07-01 05:56:52 GSD getOne 第 1 次 等待 1 秒
2021-07-01 05:56:53 查询号码 【1665957】，返回信息 {"status":"bad","msg":""}
2021-07-01 05:56:53 查询号码 【1665957】，GSD为【""】
2021-07-01 05:56:53 bad
2021-07-01 05:56:54 CHB 1665957?1625090213 第 1 次 等待 1 秒
2021-07-01 05:56:55 CHB 1665957?1625090213 第 1 次 获取到号码【1665957】GSD
2021-07-01 05:56:55 获取到号码【1665957】的GSD为【福建-莆田】
2021-07-01 05:57:14 GSD insert 第 1 次 等待 1 秒
2021-07-01 05:57:15 {"status":"ok","msg":"添加成功！164691"}
2021-07-01 05:57:15 下次操作: 2021-07-01 05:57:30

2021-07-01 05:57:30 开始第 18 次操作

2021-07-01 05:57:30 开始操作号码 【1665958】
2021-07-01 05:57:34 GSD getOne 第 1 次 等待 1 秒
2021-07-01 05:57:35 查询号码 【1665958】，返回信息 {"status":"bad","msg":""}
2021-07-01 05:57:35 查询号码 【1665958】，GSD为【""】
2021-07-01 05:57:35 bad
2021-07-01 05:57:37 CHB 1665958?1625090255 第 1 次 等待 1 秒
2021-07-01 05:57:38 CHB 1665958?1625090255 第 1 次 获取到号码【1665958】GSD
2021-07-01 05:57:38 获取到号码【1665958】的GSD为【福建-莆田】
2021-07-01 05:57:57 GSD insert 第 1 次 等待 1 秒
2021-07-01 05:57:58 {"status":"ok","msg":"添加成功！164700"}
2021-07-01 05:57:58 下次操作: 2021-07-01 05:58:04

2021-07-01 05:58:04 开始第 19 次操作

2021-07-01 05:58:04 开始操作号码 【1665959】
2021-07-01 05:58:23 GSD getOne 第 1 次 等待 1 秒
2021-07-01 05:58:24 查询号码 【1665959】，返回信息 {"status":"bad","msg":""}
2021-07-01 05:58:24 查询号码 【1665959】，GSD为【""】
2021-07-01 05:58:24 bad
2021-07-01 05:58:25 CHB 1665959?1625090304 第 1 次 等待 1 秒
2021-07-01 05:58:26 CHB 1665959?1625090304 第 1 次 获取到号码【1665959】GSD
2021-07-01 05:58:27 获取到号码【1665959】的GSD为【福建-莆田】
2021-07-01 05:58:45 GSD insert 第 1 次 等待 1 秒
2021-07-01 05:58:46 {"status":"ok","msg":"添加成功！164709"}
2021-07-01 05:58:46 下次操作: 2021-07-01 05:58:59

2021-07-01 05:58:59 开始第 20 次操作

2021-07-01 05:58:59 开始操作号码 【1665960】
2021-07-01 05:59:07 GSD getOne 第 1 次 等待 1 秒
2021-07-01 05:59:08 查询号码 【1665960】，返回信息 {"status":"bad","msg":""}
2021-07-01 05:59:08 查询号码 【1665960】，GSD为【""】
2021-07-01 05:59:08 bad
2021-07-01 05:59:09 CHB 1665960?1625090348 第 1 次 等待 1 秒
2021-07-01 05:59:10 CHB 1665960?1625090348 第 1 次 获取到号码【1665960】GSD
2021-07-01 05:59:10 获取到号码【1665960】的GSD为【四川-绵阳】
2021-07-01 05:59:29 GSD insert 第 1 次 等待 1 秒
2021-07-01 05:59:30 {"status":"ok","msg":"添加成功！164716"}
2021-07-01 05:59:30 下次操作: 2021-07-01 05:59:39

2021-07-01 05:59:39 开始第 21 次操作

2021-07-01 05:59:39 开始操作号码 【1665961】
2021-07-01 05:59:51 GSD getOne 第 1 次 等待 1 秒
2021-07-01 05:59:52 查询号码 【1665961】，返回信息 {"status":"bad","msg":""}
2021-07-01 05:59:52 查询号码 【1665961】，GSD为【""】
2021-07-01 05:59:52 bad
2021-07-01 05:59:54 CHB 1665961?1625090392 第 1 次 等待 1 秒
2021-07-01 05:59:55 CHB 1665961?1625090392 第 1 次 获取到号码【1665961】GSD
2021-07-01 05:59:55 获取到号码【1665961】的GSD为【四川-遂宁】
2021-07-01 06:00:14 GSD insert 第 1 次 等待 1 秒
2021-07-01 06:00:15 {"status":"ok","msg":"添加成功！164723"}
2021-07-01 06:00:15 下次操作: 2021-07-01 06:00:27

2021-07-01 06:00:27 开始第 22 次操作

2021-07-01 06:00:27 开始操作号码 【1665962】
2021-07-01 06:00:34 GSD getOne 第 1 次 等待 1 秒
2021-07-01 06:00:35 查询号码 【1665962】，返回信息 {"status":"ok","msg":"四川-遂宁","time_insert":"2020-04-16 09:29","time_update":"2020-10-27 14:03"}
2021-07-01 06:00:35 查询号码 【1665962】，GSD为【"四川-遂宁"】

2021-07-01 06:00:35 开始第 22 次操作

2021-07-01 06:00:35 开始操作号码 【1665963】
2021-07-01 06:00:54 GSD getOne 第 1 次 等待 1 秒
2021-07-01 06:00:55 查询号码 【1665963】，返回信息 {"status":"bad","msg":""}
2021-07-01 06:00:55 查询号码 【1665963】，GSD为【""】
2021-07-01 06:00:55 bad
2021-07-01 06:00:56 CHB 1665963?1625090455 第 1 次 等待 1 秒
2021-07-01 06:00:57 CHB 1665963?1625090455 第 1 次 获取到号码【1665963】GSD
2021-07-01 06:00:57 获取到号码【1665963】的GSD为【四川-南充】
2021-07-01 06:01:16 GSD insert 第 1 次 等待 1 秒
2021-07-01 06:01:17 {"status":"ok","msg":"添加成功！164730"}
2021-07-01 06:01:17 下次操作: 2021-07-01 06:01:26

2021-07-01 06:01:26 开始第 23 次操作

2021-07-01 06:01:26 开始操作号码 【1665964】
2021-07-01 06:01:37 GSD getOne 第 1 次 等待 1 秒
2021-07-01 06:01:38 查询号码 【1665964】，返回信息 {"status":"bad","msg":""}
2021-07-01 06:01:38 查询号码 【1665964】，GSD为【""】
2021-07-01 06:01:38 bad
2021-07-01 06:01:39 CHB 1665964?1625090498 第 1 次 等待 1 秒
2021-07-01 06:01:41 CHB 1665964?1625090498 第 1 次 获取到号码【1665964】GSD
2021-07-01 06:01:41 获取到号码【1665964】的GSD为【四川-南充】
2021-07-01 06:01:59 GSD insert 第 1 次 等待 1 秒
2021-07-01 06:02:00 {"status":"ok","msg":"添加成功！164737"}
2021-07-01 06:02:00 下次操作: 2021-07-01 06:02:18

2021-07-01 06:02:18 开始第 24 次操作

2021-07-01 06:02:18 开始操作号码 【1665965】
2021-07-01 06:02:22 GSD getOne 第 1 次 等待 1 秒
2021-07-01 06:02:23 查询号码 【1665965】，返回信息 {"status":"bad","msg":""}
2021-07-01 06:02:23 查询号码 【1665965】，GSD为【""】
2021-07-01 06:02:23 bad
2021-07-01 06:02:25 CHB 1665965?1625090543 第 1 次 等待 1 秒
2021-07-01 06:02:26 CHB 1665965?1625090543 第 1 次 获取到号码【1665965】GSD
2021-07-01 06:02:26 获取到号码【1665965】的GSD为【四川-南充】
2021-07-01 06:02:45 GSD insert 第 1 次 等待 1 秒
2021-07-01 06:02:46 {"status":"ok","msg":"添加成功！164744"}
2021-07-01 06:02:46 下次操作: 2021-07-01 06:03:03

2021-07-01 06:03:03 开始第 25 次操作

2021-07-01 06:03:03 开始操作号码 【1665966】
2021-07-01 06:03:07 GSD getOne 第 1 次 等待 1 秒
2021-07-01 06:03:08 查询号码 【1665966】，返回信息 {"status":"bad","msg":""}
2021-07-01 06:03:08 查询号码 【1665966】，GSD为【""】
2021-07-01 06:03:08 bad
2021-07-01 06:03:09 CHB 1665966?1625090588 第 1 次 等待 1 秒
2021-07-01 06:03:10 CHB 1665966?1625090588 第 1 次 获取到号码【1665966】GSD
2021-07-01 06:03:10 获取到号码【1665966】的GSD为【四川-绵阳】
2021-07-01 06:03:31 GSD insert 第 1 次 等待 1 秒
2021-07-01 06:03:32 {"status":"ok","msg":"添加成功！164751"}
2021-07-01 06:03:32 下次操作: 2021-07-01 06:03:46

2021-07-01 06:03:46 开始第 26 次操作

2021-07-01 06:03:46 开始操作号码 【1665967】
2021-07-01 06:03:51 GSD getOne 第 1 次 等待 1 秒
2021-07-01 06:03:52 查询号码 【1665967】，返回信息 {"status":"bad","msg":""}
2021-07-01 06:03:52 查询号码 【1665967】，GSD为【""】
2021-07-01 06:03:52 bad
2021-07-01 06:03:53 CHB 1665967?1625090632 第 1 次 等待 1 秒
2021-07-01 06:03:54 CHB 1665967?1625090632 第 1 次 获取到号码【1665967】GSD
2021-07-01 06:03:54 获取到号码【1665967】的GSD为【四川-南充】
2021-07-01 06:04:13 GSD insert 第 1 次 等待 1 秒
2021-07-01 06:04:14 {"status":"ok","msg":"添加成功！164758"}
2021-07-01 06:04:14 下次操作: 2021-07-01 06:04:25

2021-07-01 06:04:25 开始第 27 次操作

2021-07-01 06:04:25 开始操作号码 【1665968】
2021-07-01 06:04:36 GSD getOne 第 1 次 等待 1 秒
2021-07-01 06:04:37 查询号码 【1665968】，返回信息 {"status":"bad","msg":""}
2021-07-01 06:04:37 查询号码 【1665968】，GSD为【""】
2021-07-01 06:04:37 bad
2021-07-01 06:04:38 CHB 1665968?1625090677 第 1 次 等待 1 秒
2021-07-01 06:04:39 CHB 1665968?1625090677 第 1 次 获取到号码【1665968】GSD
2021-07-01 06:04:39 获取到号码【1665968】的GSD为【四川-南充】
2021-07-01 06:04:58 GSD insert 第 1 次 等待 1 秒
2021-07-01 06:04:59 {"status":"ok","msg":"添加成功！164764"}
2021-07-01 06:04:59 下次操作: 2021-07-01 06:05:14

2021-07-01 06:05:15 开始第 28 次操作

2021-07-01 06:05:15 开始操作号码 【1665969】
2021-07-01 06:05:18 GSD getOne 第 1 次 等待 1 秒
2021-07-01 06:05:19 查询号码 【1665969】，返回信息 {"status":"bad","msg":""}
2021-07-01 06:05:19 查询号码 【1665969】，GSD为【""】
2021-07-01 06:05:19 bad
2021-07-01 06:05:21 CHB 1665969?1625090719 第 1 次 等待 1 秒
2021-07-01 06:05:22 CHB 1665969?1625090719 第 1 次 获取到号码【1665969】GSD
2021-07-01 06:05:22 获取到号码【1665969】的GSD为【四川-南充】
2021-07-01 06:05:41 GSD insert 第 1 次 等待 1 秒
2021-07-01 06:05:42 {"status":"ok","msg":"添加成功！164772"}
2021-07-01 06:05:42 下次操作: 2021-07-01 06:05:56

2021-07-01 06:05:56 开始第 29 次操作

2021-07-01 06:05:56 开始操作号码 【1665970】
2021-07-01 06:06:01 GSD getOne 第 1 次 等待 1 秒
2021-07-01 06:06:02 查询号码 【1665970】，返回信息 {"status":"bad","msg":""}
2021-07-01 06:06:02 查询号码 【1665970】，GSD为【""】
2021-07-01 06:06:02 bad
2021-07-01 06:06:03 CHB 1665970?1625090762 第 1 次 等待 1 秒
2021-07-01 06:06:04 CHB 1665970?1625090762 第 1 次 获取到号码【1665970】GSD
2021-07-01 06:06:04 获取到号码【1665970】的GSD为【福建-泉州】
2021-07-01 06:06:23 GSD insert 第 1 次 等待 1 秒
2021-07-01 06:06:24 {"status":"ok","msg":"添加成功！164778"}
2021-07-01 06:06:24 下次操作: 2021-07-01 06:06:42

2021-07-01 06:06:43 开始第 30 次操作

2021-07-01 06:06:43 开始操作号码 【1665971】
2021-07-01 06:06:46 GSD getOne 第 1 次 等待 1 秒
2021-07-01 06:06:47 查询号码 【1665971】，返回信息 {"status":"bad","msg":""}
2021-07-01 06:06:47 查询号码 【1665971】，GSD为【""】
2021-07-01 06:06:47 bad
2021-07-01 06:06:49 CHB 1665971?1625090807 第 1 次 等待 1 秒
2021-07-01 06:06:50 CHB 1665971?1625090807 第 1 次 获取到号码【1665971】GSD
2021-07-01 06:06:50 获取到号码【1665971】的GSD为【福建-泉州】
2021-07-01 06:07:09 GSD insert 第 1 次 等待 1 秒
2021-07-01 06:07:10 {"status":"ok","msg":"添加成功！164783"}

