2024-05-18 00:17:26 开始第 9573 次操作

2024-05-18 00:17:26 开始操作号码 【1599476】
2024-05-18 00:17:33 GSD getOne 第 1 次 等待 3 秒
2024-05-18 00:17:36 查询号码 【1599476】，返回信息 {"status":"ok","msg":"广东-深圳","gid":"28331","time_insert":"2019-05-08 15:55","time_update":"2020-09-30 21:44"}
2024-05-18 00:17:36 查询号码 【1599476】，GSD为【"广东-深圳"】

2024-05-18 00:17:37 开始第 9574 次操作

2024-05-18 00:17:37 开始操作号码 【1599477】
2024-05-18 00:17:42 GSD getOne 第 1 次 等待 3 秒
2024-05-18 00:17:45 查询号码 【1599477】，返回信息 {"status":"ok","msg":"广东-深圳","gid":"112419","time_insert":"2021-06-22 06:07"}
2024-05-18 00:17:45 查询号码 【1599477】，GSD为【"广东-深圳"】

2024-05-18 00:17:46 开始第 9575 次操作

2024-05-18 00:17:46 开始操作号码 【1599478】
2024-05-18 00:17:51 GSD getOne 第 1 次 等待 3 秒
2024-05-18 00:17:54 查询号码 【1599478】，返回信息 {"status":"ok","msg":"广东-深圳","gid":"112417","time_insert":"2021-06-22 06:06"}
2024-05-18 00:17:54 查询号码 【1599478】，GSD为【"广东-深圳"】

2024-05-18 00:17:55 开始第 9576 次操作

2024-05-18 00:17:55 开始操作号码 【1599479】
2024-05-18 00:18:05 GSD getOne 第 1 次 等待 3 秒
2024-05-18 00:18:08 查询号码 【1599479】，返回信息 {"status":"ok","msg":"广东-深圳","gid":"112415","time_insert":"2021-06-22 06:05"}
2024-05-18 00:18:08 查询号码 【1599479】，GSD为【"广东-深圳"】

2024-05-18 00:39:17 开始第 9577 次操作

2024-05-18 00:39:17 开始操作号码 【1599480】
2024-05-18 00:39:23 GSD getOne 第 1 次 等待 3 秒
2024-05-18 00:39:26 查询号码 【1599480】，返回信息 {"status":"ok","msg":"广东-深圳","gid":"112412","time_insert":"2021-06-22 06:05"}
2024-05-18 00:39:26 查询号码 【1599480】，GSD为【"广东-深圳"】

2024-05-18 00:39:27 开始第 9578 次操作

2024-05-18 00:39:27 开始操作号码 【1599481】
2024-05-18 00:39:32 GSD getOne 第 1 次 等待 3 秒
2024-05-18 00:39:35 查询号码 【1599481】，返回信息 {"status":"ok","msg":"广东-深圳","gid":"112410","time_insert":"2021-06-22 06:04"}
2024-05-18 00:39:35 查询号码 【1599481】，GSD为【"广东-深圳"】

2024-05-18 00:39:36 开始第 9579 次操作

2024-05-18 00:39:36 开始操作号码 【1599482】
2024-05-18 00:39:47 GSD getOne 第 1 次 等待 3 秒
2024-05-18 00:39:50 查询号码 【1599482】，返回信息 {"status":"ok","msg":"广东-深圳","gid":"112408","time_insert":"2021-06-22 06:03"}
2024-05-18 00:39:50 查询号码 【1599482】，GSD为【"广东-深圳"】

2024-05-18 00:39:51 开始第 9580 次操作

2024-05-18 00:39:51 开始操作号码 【1599483】
2024-05-18 00:39:56 GSD getOne 第 1 次 等待 3 秒
2024-05-18 00:39:59 查询号码 【1599483】，返回信息 {"status":"ok","msg":"广东-深圳","gid":"112405","time_insert":"2021-06-22 06:02"}
2024-05-18 00:39:59 查询号码 【1599483】，GSD为【"广东-深圳"】

2024-05-18 01:13:51 开始第 9581 次操作

2024-05-18 01:13:51 开始操作号码 【1599484】
2024-05-18 01:14:07 GSD getOne 第 1 次 等待 3 秒
2024-05-18 01:14:10 查询号码 【1599484】，返回信息 {"status":"ok","msg":"广东-深圳","gid":"112401","time_insert":"2021-06-22 06:01"}
2024-05-18 01:14:10 查询号码 【1599484】，GSD为【"广东-深圳"】

2024-05-18 01:14:11 开始第 9582 次操作

2024-05-18 01:14:11 开始操作号码 【1599485】
2024-05-18 01:14:24 GSD getOne 第 1 次 等待 3 秒
2024-05-18 01:14:27 查询号码 【1599485】，返回信息 {"status":"ok","msg":"广东-江门","gid":"112398","time_insert":"2021-06-22 06:01"}
2024-05-18 01:14:27 查询号码 【1599485】，GSD为【"广东-江门"】

2024-05-18 01:14:28 开始第 9583 次操作

2024-05-18 01:14:28 开始操作号码 【1599486】
2024-05-18 01:14:37 GSD getOne 第 1 次 等待 3 秒
2024-05-18 01:14:40 查询号码 【1599486】，返回信息 {"status":"ok","msg":"广东-江门","gid":"112397","time_insert":"2021-06-22 06:00"}
2024-05-18 01:14:40 查询号码 【1599486】，GSD为【"广东-江门"】

2024-05-18 01:14:41 开始第 9584 次操作

2024-05-18 01:14:41 开始操作号码 【1599487】
2024-05-18 01:14:46 GSD getOne 第 1 次 等待 3 秒
2024-05-18 01:14:49 查询号码 【1599487】，返回信息 {"status":"ok","msg":"广东-江门","gid":"112395","time_insert":"2021-06-22 05:59"}
2024-05-18 01:14:49 查询号码 【1599487】，GSD为【"广东-江门"】

2024-05-18 01:35:48 开始第 9585 次操作

2024-05-18 01:35:48 开始操作号码 【1599488】
2024-05-18 01:35:56 GSD getOne 第 1 次 等待 3 秒
2024-05-18 01:35:59 查询号码 【1599488】，返回信息 {"status":"ok","msg":"广东-江门","gid":"112393","time_insert":"2021-06-22 05:58"}
2024-05-18 01:35:59 查询号码 【1599488】，GSD为【"广东-江门"】

2024-05-18 01:36:00 开始第 9586 次操作

2024-05-18 01:36:00 开始操作号码 【1599489】
2024-05-18 01:36:07 GSD getOne 第 1 次 等待 3 秒
2024-05-18 01:36:10 查询号码 【1599489】，返回信息 {"status":"ok","msg":"广东-江门","gid":"112392","time_insert":"2021-06-22 05:57"}
2024-05-18 01:36:10 查询号码 【1599489】，GSD为【"广东-江门"】

2024-05-18 01:36:11 开始第 9587 次操作

2024-05-18 01:36:11 开始操作号码 【1599490】
2024-05-18 01:36:18 GSD getOne 第 1 次 等待 3 秒
2024-05-18 01:36:21 查询号码 【1599490】，返回信息 {"status":"ok","msg":"广东-汕头","gid":"112391","time_insert":"2021-06-22 05:57"}
2024-05-18 01:36:21 查询号码 【1599490】，GSD为【"广东-汕头"】

2024-05-18 01:36:22 开始第 9588 次操作

2024-05-18 01:36:22 开始操作号码 【1599491】
2024-05-18 01:36:28 GSD getOne 第 1 次 等待 3 秒
2024-05-18 01:36:31 查询号码 【1599491】，返回信息 {"status":"ok","msg":"广东-汕头","gid":"112390","time_insert":"2021-06-22 05:56"}
2024-05-18 01:36:31 查询号码 【1599491】，GSD为【"广东-汕头"】

2024-05-18 02:19:43 开始第 9589 次操作

2024-05-18 02:19:43 开始操作号码 【1599492】
2024-05-18 02:19:48 GSD getOne 第 1 次 等待 3 秒
2024-05-18 02:19:51 查询号码 【1599492】，返回信息 {"status":"ok","msg":"广东-汕头","gid":"112388","time_insert":"2021-06-22 05:55"}
2024-05-18 02:19:51 查询号码 【1599492】，GSD为【"广东-汕头"】

2024-05-18 02:19:52 开始第 9590 次操作

2024-05-18 02:19:52 开始操作号码 【1599493】
2024-05-18 02:19:57 GSD getOne 第 1 次 等待 3 秒
2024-05-18 02:20:00 查询号码 【1599493】，返回信息 {"status":"ok","msg":"广东-汕头","gid":"112386","time_insert":"2021-06-22 05:54"}
2024-05-18 02:20:00 查询号码 【1599493】，GSD为【"广东-汕头"】

2024-05-18 02:20:01 开始第 9591 次操作

2024-05-18 02:20:01 开始操作号码 【1599494】
2024-05-18 02:20:06 GSD getOne 第 1 次 等待 3 秒
2024-05-18 02:20:09 查询号码 【1599494】，返回信息 {"status":"ok","msg":"广东-汕头","gid":"112382","time_insert":"2021-06-22 05:54"}
2024-05-18 02:20:09 查询号码 【1599494】，GSD为【"广东-汕头"】

2024-05-18 02:20:10 开始第 9592 次操作

2024-05-18 02:20:10 开始操作号码 【1599495】
2024-05-18 02:20:16 GSD getOne 第 1 次 等待 3 秒
2024-05-18 02:20:19 查询号码 【1599495】，返回信息 {"status":"ok","msg":"广东-潮州","gid":"112380","time_insert":"2021-06-22 05:53"}
2024-05-18 02:20:19 查询号码 【1599495】，GSD为【"广东-潮州"】

2024-05-18 02:38:13 开始第 9593 次操作

2024-05-18 02:38:13 开始操作号码 【1599496】
2024-05-18 02:38:19 GSD getOne 第 1 次 等待 3 秒
2024-05-18 02:38:22 查询号码 【1599496】，返回信息 {"status":"ok","msg":"广东-潮州","gid":"112379","time_insert":"2021-06-22 05:52"}
2024-05-18 02:38:22 查询号码 【1599496】，GSD为【"广东-潮州"】

2024-05-18 02:38:23 开始第 9594 次操作

2024-05-18 02:38:23 开始操作号码 【1599497】
2024-05-18 02:38:31 GSD getOne 第 1 次 等待 3 秒
2024-05-18 02:38:34 查询号码 【1599497】，返回信息 {"status":"ok","msg":"广东-潮州","gid":"112376","time_insert":"2021-06-22 05:51"}
2024-05-18 02:38:34 查询号码 【1599497】，GSD为【"广东-潮州"】

2024-05-18 02:38:35 开始第 9595 次操作

2024-05-18 02:38:35 开始操作号码 【1599498】
2024-05-18 02:38:40 GSD getOne 第 1 次 等待 3 秒
2024-05-18 02:38:43 查询号码 【1599498】，返回信息 {"status":"ok","msg":"广东-潮州","gid":"49919","time_insert":"2021-04-21 14:36"}
2024-05-18 02:38:43 查询号码 【1599498】，GSD为【"广东-潮州"】

2024-05-18 02:38:44 开始第 9596 次操作

2024-05-18 02:38:44 开始操作号码 【1599499】
2024-05-18 02:38:49 GSD getOne 第 1 次 等待 3 秒
2024-05-18 02:38:52 查询号码 【1599499】，返回信息 {"status":"ok","msg":"广东-潮州","gid":"112315","time_insert":"2021-06-22 05:09"}
2024-05-18 02:38:52 查询号码 【1599499】，GSD为【"广东-潮州"】

2024-05-18 03:11:48 开始第 9597 次操作

2024-05-18 03:11:48 开始操作号码 【1599500】
2024-05-18 03:11:53 GSD getOne 第 1 次 等待 3 秒
2024-05-18 03:11:56 查询号码 【1599500】，返回信息 {"status":"ok","msg":"江苏-常州","gid":"112313","time_insert":"2021-06-22 05:09"}
2024-05-18 03:11:56 查询号码 【1599500】，GSD为【"江苏-常州"】

2024-05-18 03:11:57 开始第 9598 次操作

2024-05-18 03:11:57 开始操作号码 【1599501】
2024-05-18 03:12:03 GSD getOne 第 1 次 等待 3 秒
2024-05-18 03:12:06 查询号码 【1599501】，返回信息 {"status":"ok","msg":"江苏-常州","gid":"28332","time_insert":"2017-07-22 20:29","time_update":"2020-08-25 21:19"}
2024-05-18 03:12:06 查询号码 【1599501】，GSD为【"江苏-常州"】

2024-05-18 03:12:07 开始第 9599 次操作

2024-05-18 03:12:07 开始操作号码 【1599502】
2024-05-18 03:12:12 GSD getOne 第 1 次 等待 3 秒
2024-05-18 03:12:15 查询号码 【1599502】，返回信息 {"status":"ok","msg":"江苏-常州","gid":"112311","time_insert":"2021-06-22 05:07"}
2024-05-18 03:12:15 查询号码 【1599502】，GSD为【"江苏-常州"】

2024-05-18 03:12:16 开始第 9600 次操作

2024-05-18 03:12:16 开始操作号码 【1599503】
2024-05-18 03:12:21 GSD getOne 第 1 次 等待 3 秒
2024-05-18 03:12:24 查询号码 【1599503】，返回信息 {"status":"ok","msg":"江苏-常州","gid":"112308","time_insert":"2021-06-22 05:07"}
2024-05-18 03:12:24 查询号码 【1599503】，GSD为【"江苏-常州"】

2024-05-18 03:35:37 开始第 9601 次操作

2024-05-18 03:35:37 开始操作号码 【1599504】
2024-05-18 03:35:42 GSD getOne 第 1 次 等待 3 秒
2024-05-18 03:35:45 查询号码 【1599504】，返回信息 {"status":"ok","msg":"江苏-常州","gid":"112305","time_insert":"2021-06-22 05:06"}
2024-05-18 03:35:46 查询号码 【1599504】，GSD为【"江苏-常州"】

2024-05-18 03:35:47 开始第 9602 次操作

2024-05-18 03:35:47 开始操作号码 【1599505】
2024-05-18 03:35:52 GSD getOne 第 1 次 等待 3 秒
2024-05-18 03:35:55 查询号码 【1599505】，返回信息 {"status":"ok","msg":"江苏-常州","gid":"112302","time_insert":"2021-06-22 05:05"}
2024-05-18 03:35:55 查询号码 【1599505】，GSD为【"江苏-常州"】

2024-05-18 03:35:56 开始第 9603 次操作

2024-05-18 03:35:56 开始操作号码 【1599506】
2024-05-18 03:36:01 GSD getOne 第 1 次 等待 3 秒
2024-05-18 03:36:04 查询号码 【1599506】，返回信息 {"status":"ok","msg":"江苏-常州","gid":"112301","time_insert":"2021-06-22 05:04"}
2024-05-18 03:36:04 查询号码 【1599506】，GSD为【"江苏-常州"】

2024-05-18 03:36:05 开始第 9604 次操作

2024-05-18 03:36:05 开始操作号码 【1599507】
2024-05-18 03:36:10 GSD getOne 第 1 次 等待 3 秒
2024-05-18 03:36:13 查询号码 【1599507】，返回信息 {"status":"ok","msg":"江苏-常州","gid":"112300","time_insert":"2021-06-22 05:03"}
2024-05-18 03:36:13 查询号码 【1599507】，GSD为【"江苏-常州"】

2024-05-18 04:15:45 开始第 9605 次操作

2024-05-18 04:15:45 开始操作号码 【1599508】
2024-05-18 04:15:50 GSD getOne 第 1 次 等待 3 秒
2024-05-18 04:15:53 查询号码 【1599508】，返回信息 {"status":"ok","msg":"江苏-常州","gid":"112297","time_insert":"2021-06-22 05:03"}
2024-05-18 04:15:53 查询号码 【1599508】，GSD为【"江苏-常州"】

2024-05-18 04:15:54 开始第 9606 次操作

2024-05-18 04:15:54 开始操作号码 【1599509】
2024-05-18 04:16:00 GSD getOne 第 1 次 等待 3 秒
2024-05-18 04:16:03 查询号码 【1599509】，返回信息 {"status":"ok","msg":"江苏-常州","gid":"28333","time_insert":"2017-07-21 17:08","time_update":"2020-08-25 21:24"}
2024-05-18 04:16:03 查询号码 【1599509】，GSD为【"江苏-常州"】

2024-05-18 04:16:04 开始第 9607 次操作

2024-05-18 04:16:04 开始操作号码 【1599510】
2024-05-18 04:16:09 GSD getOne 第 1 次 等待 3 秒
2024-05-18 04:16:12 查询号码 【1599510】，返回信息 {"status":"ok","msg":"江苏-扬州","gid":"112296","time_insert":"2021-06-22 05:02"}
2024-05-18 04:16:12 查询号码 【1599510】，GSD为【"江苏-扬州"】

2024-05-18 04:16:13 开始第 9608 次操作

2024-05-18 04:16:13 开始操作号码 【1599511】
2024-05-18 04:16:18 GSD getOne 第 1 次 等待 3 秒
2024-05-18 04:16:21 查询号码 【1599511】，返回信息 {"status":"ok","msg":"江苏-扬州","gid":"112293","time_insert":"2021-06-22 05:01"}
2024-05-18 04:16:21 查询号码 【1599511】，GSD为【"江苏-扬州"】

2024-05-18 04:35:54 开始第 9609 次操作

2024-05-18 04:35:54 开始操作号码 【1599512】
2024-05-18 04:36:00 GSD getOne 第 1 次 等待 3 秒
2024-05-18 04:36:03 查询号码 【1599512】，返回信息 {"status":"ok","msg":"江苏-扬州","gid":"112290","time_insert":"2021-06-22 05:00"}
2024-05-18 04:36:03 查询号码 【1599512】，GSD为【"江苏-扬州"】

2024-05-18 04:36:04 开始第 9610 次操作

2024-05-18 04:36:04 开始操作号码 【1599513】
2024-05-18 04:36:10 GSD getOne 第 1 次 等待 3 秒
2024-05-18 04:36:13 查询号码 【1599513】，返回信息 {"status":"ok","msg":"江苏-扬州","gid":"112288","time_insert":"2021-06-22 04:59"}
2024-05-18 04:36:13 查询号码 【1599513】，GSD为【"江苏-扬州"】

2024-05-18 04:36:14 开始第 9611 次操作

2024-05-18 04:36:14 开始操作号码 【1599514】
2024-05-18 04:36:19 GSD getOne 第 1 次 等待 3 秒
2024-05-18 04:36:22 查询号码 【1599514】，返回信息 {"status":"ok","msg":"江苏-扬州","gid":"112285","time_insert":"2021-06-22 04:58"}
2024-05-18 04:36:22 查询号码 【1599514】，GSD为【"江苏-扬州"】

2024-05-18 04:36:23 开始第 9612 次操作

2024-05-18 04:36:23 开始操作号码 【1599515】
2024-05-18 04:36:28 GSD getOne 第 1 次 等待 3 秒
2024-05-18 04:36:31 查询号码 【1599515】，返回信息 {"status":"ok","msg":"江苏-盐城","gid":"112284","time_insert":"2021-06-22 04:58"}
2024-05-18 04:36:31 查询号码 【1599515】，GSD为【"江苏-盐城"】

2024-05-18 05:12:55 开始第 9613 次操作

2024-05-18 05:12:55 开始操作号码 【1599516】
2024-05-18 05:13:00 GSD getOne 第 1 次 等待 3 秒
2024-05-18 05:13:03 查询号码 【1599516】，返回信息 {"status":"ok","msg":"江苏-盐城","gid":"112282","time_insert":"2021-06-22 04:57"}
2024-05-18 05:13:03 查询号码 【1599516】，GSD为【"江苏-盐城"】

2024-05-18 05:13:04 开始第 9614 次操作

2024-05-18 05:13:04 开始操作号码 【1599517】
2024-05-18 05:13:08 GSD getOne 第 1 次 等待 3 秒
2024-05-18 05:13:11 查询号码 【1599517】，返回信息 {"status":"ok","msg":"江苏-盐城","gid":"112281","time_insert":"2021-06-22 04:56"}
2024-05-18 05:13:11 查询号码 【1599517】，GSD为【"江苏-盐城"】

2024-05-18 05:13:12 开始第 9615 次操作

2024-05-18 05:13:12 开始操作号码 【1599518】
2024-05-18 05:13:17 GSD getOne 第 1 次 等待 3 秒
2024-05-18 05:13:20 查询号码 【1599518】，返回信息 {"status":"ok","msg":"江苏-盐城","gid":"112280","time_insert":"2021-06-22 04:55"}
2024-05-18 05:13:20 查询号码 【1599518】，GSD为【"江苏-盐城"】

2024-05-18 05:13:21 开始第 9616 次操作

2024-05-18 05:13:21 开始操作号码 【1599519】
2024-05-18 05:13:29 GSD getOne 第 1 次 等待 3 秒
2024-05-18 05:13:32 查询号码 【1599519】，返回信息 {"status":"ok","msg":"江苏-盐城","gid":"112277","time_insert":"2021-06-22 04:54"}
2024-05-18 05:13:32 查询号码 【1599519】，GSD为【"江苏-盐城"】

2024-05-18 05:36:29 开始第 9617 次操作

2024-05-18 05:36:29 开始操作号码 【1599520】
2024-05-18 05:36:35 GSD getOne 第 1 次 等待 3 秒
2024-05-18 05:36:38 查询号码 【1599520】，返回信息 {"status":"ok","msg":"江苏-无锡","gid":"112275","time_insert":"2021-06-22 04:54"}
2024-05-18 05:36:38 查询号码 【1599520】，GSD为【"江苏-无锡"】

2024-05-18 05:36:39 开始第 9618 次操作

2024-05-18 05:36:39 开始操作号码 【1599521】
2024-05-18 05:36:46 GSD getOne 第 1 次 等待 3 秒
2024-05-18 05:36:49 查询号码 【1599521】，返回信息 {"status":"ok","msg":"江苏-无锡","gid":"112272","time_insert":"2021-06-22 04:53"}
2024-05-18 05:36:49 查询号码 【1599521】，GSD为【"江苏-无锡"】

2024-05-18 05:36:50 开始第 9619 次操作

2024-05-18 05:36:50 开始操作号码 【1599522】
2024-05-18 05:36:55 GSD getOne 第 1 次 等待 3 秒
2024-05-18 05:36:58 查询号码 【1599522】，返回信息 {"status":"ok","msg":"江苏-无锡","gid":"112270","time_insert":"2021-06-22 04:52"}
2024-05-18 05:36:58 查询号码 【1599522】，GSD为【"江苏-无锡"】

2024-05-18 05:36:59 开始第 9620 次操作

2024-05-18 05:36:59 开始操作号码 【1599523】
2024-05-18 05:37:04 GSD getOne 第 1 次 等待 3 秒
2024-05-18 05:37:07 查询号码 【1599523】，返回信息 {"status":"ok","msg":"江苏-无锡","gid":"112269","time_insert":"2021-06-22 04:51"}
2024-05-18 05:37:07 查询号码 【1599523】，GSD为【"江苏-无锡"】

