2024-03-11 00:16:07 开始第 8297 次操作

2024-03-11 00:16:07 开始操作号码 【1708199】
2024-03-11 00:16:13 GSD getOne 第 1 次 等待 3 秒
2024-03-11 00:16:16 查询号码 【1708199】，返回信息 {"status":"ok","msg":"福建-漳州","gid":"191406","time_insert":"2021-07-04 16:45"}
2024-03-11 00:16:16 查询号码 【1708199】，GSD为【"福建-漳州"】

2024-03-11 00:16:17 开始第 8298 次操作

2024-03-11 00:16:17 开始操作号码 【1708200】
2024-03-11 00:16:21 GSD getOne 第 1 次 等待 3 秒
2024-03-11 00:16:24 查询号码 【1708200】，返回信息 {"status":"ok","msg":"广东-东莞","gid":"28661","time_insert":"2020-05-26 09:36","time_update":"2020-09-30 23:29"}
2024-03-11 00:16:25 查询号码 【1708200】，GSD为【"广东-东莞"】

2024-03-11 00:16:26 开始第 8299 次操作

2024-03-11 00:16:26 开始操作号码 【1708201】
2024-03-11 00:16:31 GSD getOne 第 1 次 等待 3 秒
2024-03-11 00:16:34 查询号码 【1708201】，返回信息 {"status":"ok","msg":"广东-东莞","gid":"191423","time_insert":"2021-07-04 16:46"}
2024-03-11 00:16:34 查询号码 【1708201】，GSD为【"广东-东莞"】

2024-03-11 00:16:35 开始第 8300 次操作

2024-03-11 00:16:35 开始操作号码 【1708202】
2024-03-11 00:16:39 GSD getOne 第 1 次 等待 3 秒
2024-03-11 00:16:42 查询号码 【1708202】，返回信息 {"status":"ok","msg":"广东-东莞","gid":"191437","time_insert":"2021-07-04 16:46"}
2024-03-11 00:16:42 查询号码 【1708202】，GSD为【"广东-东莞"】

