2023-12-19 00:18:14 开始第 3989 次操作

2023-12-19 00:18:14 开始操作号码 【1813891】
2023-12-19 00:18:18 GSD getOne 第 1 次 等待 3 秒
2023-12-19 00:18:21 查询号码 【1813891】，返回信息 {"status":"ok","msg":"广东-佛山","gid":"432974","time_insert":"2021-07-29 11:59"}
2023-12-19 00:18:21 查询号码 【1813891】，GSD为【"广东-佛山"】

2023-12-19 00:18:22 开始第 3990 次操作

2023-12-19 00:18:22 开始操作号码 【1813892】
2023-12-19 00:18:26 GSD getOne 第 1 次 等待 3 秒
2023-12-19 00:18:29 查询号码 【1813892】，返回信息 {"status":"ok","msg":"广东-佛山","gid":"432965","time_insert":"2021-07-29 11:58"}
2023-12-19 00:18:29 查询号码 【1813892】，GSD为【"广东-佛山"】

2023-12-19 00:18:30 开始第 3991 次操作

2023-12-19 00:18:30 开始操作号码 【1813893】
2023-12-19 00:18:34 GSD getOne 第 1 次 等待 3 秒
2023-12-19 00:18:37 查询号码 【1813893】，返回信息 {"status":"ok","msg":"广东-佛山","gid":"432957","time_insert":"2021-07-29 11:58"}
2023-12-19 00:18:37 查询号码 【1813893】，GSD为【"广东-佛山"】

2023-12-19 00:18:38 开始第 3992 次操作

2023-12-19 00:18:38 开始操作号码 【1813894】
2023-12-19 00:18:41 GSD getOne 第 1 次 等待 3 秒
2023-12-19 00:18:44 查询号码 【1813894】，返回信息 {"status":"ok","msg":"广东-佛山","gid":"432948","time_insert":"2021-07-29 11:57"}
2023-12-19 00:18:44 查询号码 【1813894】，GSD为【"广东-佛山"】

