2024-06-20 00:18:43 开始第 1649 次操作

2024-06-20 00:18:43 开始操作号码 【1481553】
2024-06-20 00:18:51 GSD getOne 第 1 次 等待 3 秒
2024-06-20 00:18:54 查询号码 【1481553】，返回信息 {"status":"ok","msg":"广东-广州","gid":"151965","time_insert":"2021-06-29 07:13"}
2024-06-20 00:18:54 查询号码 【1481553】，GSD为【"广东-广州"】

2024-06-20 00:18:55 开始第 1650 次操作

2024-06-20 00:18:55 开始操作号码 【1481554】
2024-06-20 00:19:01 GSD getOne 第 1 次 等待 3 秒
2024-06-20 00:19:04 查询号码 【1481554】，返回信息 {"status":"ok","msg":"广东-广州","gid":"151970","time_insert":"2021-06-29 07:17"}
2024-06-20 00:19:04 查询号码 【1481554】，GSD为【"广东-广州"】

2024-06-20 00:19:05 开始第 1651 次操作

2024-06-20 00:19:05 开始操作号码 【1481555】
2024-06-20 00:19:13 GSD getOne 第 1 次 等待 3 秒
2024-06-20 00:19:16 查询号码 【1481555】，返回信息 {"status":"ok","msg":"广东-广州","gid":"151977","time_insert":"2021-06-29 07:23"}
2024-06-20 00:19:16 查询号码 【1481555】，GSD为【"广东-广州"】

2024-06-20 00:19:17 开始第 1652 次操作

2024-06-20 00:19:17 开始操作号码 【1481556】
2024-06-20 00:19:24 GSD getOne 第 1 次 等待 3 秒
2024-06-20 00:19:27 查询号码 【1481556】，返回信息 {"status":"ok","msg":"广东-广州","gid":"151985","time_insert":"2021-06-29 07:28"}
2024-06-20 00:19:27 查询号码 【1481556】，GSD为【"广东-广州"】

2024-06-20 00:40:25 开始第 1653 次操作

2024-06-20 00:40:25 开始操作号码 【1481557】
2024-06-20 00:40:30 GSD getOne 第 1 次 等待 3 秒
2024-06-20 00:40:33 查询号码 【1481557】，返回信息 {"status":"ok","msg":"广东-广州","gid":"151992","time_insert":"2021-06-29 07:32"}
2024-06-20 00:40:33 查询号码 【1481557】，GSD为【"广东-广州"】

2024-06-20 00:40:34 开始第 1654 次操作

2024-06-20 00:40:34 开始操作号码 【1481558】
2024-06-20 00:40:42 GSD getOne 第 1 次 等待 3 秒
2024-06-20 00:40:45 查询号码 【1481558】，返回信息 {"status":"ok","msg":"广东-广州","gid":"151999","time_insert":"2021-06-29 07:37"}
2024-06-20 00:40:45 查询号码 【1481558】，GSD为【"广东-广州"】

2024-06-20 00:40:46 开始第 1655 次操作

2024-06-20 00:40:46 开始操作号码 【1481559】
2024-06-20 00:40:56 GSD getOne 第 1 次 等待 3 秒
2024-06-20 00:40:59 查询号码 【1481559】，返回信息 {"status":"ok","msg":"广东-广州","gid":"152002","time_insert":"2021-06-29 07:40"}
2024-06-20 00:40:59 查询号码 【1481559】，GSD为【"广东-广州"】

2024-06-20 00:41:00 开始第 1656 次操作

2024-06-20 00:41:00 开始操作号码 【1481560】
2024-06-20 00:41:07 GSD getOne 第 1 次 等待 3 秒
2024-06-20 00:41:10 查询号码 【1481560】，返回信息 {"status":"ok","msg":"广东-广州","gid":"152021","time_insert":"2021-06-29 07:43"}
2024-06-20 00:41:10 查询号码 【1481560】，GSD为【"广东-广州"】

2024-06-20 01:15:33 开始第 1657 次操作

2024-06-20 01:15:33 开始操作号码 【1481561】
2024-06-20 01:15:41 GSD getOne 第 1 次 等待 3 秒
2024-06-20 01:15:44 查询号码 【1481561】，返回信息 {"status":"ok","msg":"广东-广州","gid":"152066","time_insert":"2021-06-29 07:47"}
2024-06-20 01:15:44 查询号码 【1481561】，GSD为【"广东-广州"】

2024-06-20 01:15:45 开始第 1658 次操作

2024-06-20 01:15:46 开始操作号码 【1481562】
2024-06-20 01:15:51 GSD getOne 第 1 次 等待 3 秒
2024-06-20 01:15:54 查询号码 【1481562】，返回信息 {"status":"ok","msg":"广东-广州","gid":"152124","time_insert":"2021-06-29 07:51"}
2024-06-20 01:15:54 查询号码 【1481562】，GSD为【"广东-广州"】

2024-06-20 01:15:55 开始第 1659 次操作

2024-06-20 01:15:55 开始操作号码 【1481563】
2024-06-20 01:16:01 GSD getOne 第 1 次 等待 3 秒
2024-06-20 01:16:04 查询号码 【1481563】，返回信息 {"status":"ok","msg":"广东-广州","gid":"152181","time_insert":"2021-06-29 07:57"}
2024-06-20 01:16:04 查询号码 【1481563】，GSD为【"广东-广州"】

2024-06-20 01:16:05 开始第 1660 次操作

2024-06-20 01:16:05 开始操作号码 【1481564】
2024-06-20 01:16:11 GSD getOne 第 1 次 等待 3 秒
2024-06-20 01:16:14 查询号码 【1481564】，返回信息 {"status":"ok","msg":"广东-广州","gid":"152220","time_insert":"2021-06-29 08:01"}
2024-06-20 01:16:14 查询号码 【1481564】，GSD为【"广东-广州"】

