2024-08-03 00:19:14 开始第 9489 次操作

2024-08-03 00:19:14 开始操作号码 【1489390】
2024-08-03 00:19:21 GSD getOne 第 1 次 等待 3 秒
2024-08-03 00:19:25 查询号码 【1489390】，返回信息 {"status":"ok","msg":"上海-上海","gid":"374282","time_insert":"2021-07-24 05:59","time_update":"2023-09-21 19:44"}
2024-08-03 00:19:25 查询号码 【1489390】，GSD为【"上海-上海"】

2024-08-03 00:19:26 开始第 9490 次操作

2024-08-03 00:19:26 开始操作号码 【1489391】
2024-08-03 00:19:34 GSD getOne 第 1 次 等待 3 秒
2024-08-03 00:19:37 查询号码 【1489391】，返回信息 {"status":"ok","msg":"上海-上海","gid":"374334","time_insert":"2021-07-24 06:02","time_update":"2023-09-21 19:49"}
2024-08-03 00:19:37 查询号码 【1489391】，GSD为【"上海-上海"】

2024-08-03 00:19:38 开始第 9491 次操作

2024-08-03 00:19:38 开始操作号码 【1489392】
2024-08-03 00:19:47 GSD getOne 第 1 次 等待 3 秒
2024-08-03 00:19:50 查询号码 【1489392】，返回信息 {"status":"ok","msg":"上海-上海","gid":"374366","time_insert":"2021-07-24 06:06","time_update":"2023-09-21 20:34"}
2024-08-03 00:19:50 查询号码 【1489392】，GSD为【"上海-上海"】

2024-08-03 00:19:51 开始第 9492 次操作

2024-08-03 00:19:51 开始操作号码 【1489393】
2024-08-03 00:19:59 GSD getOne 第 1 次 等待 3 秒
2024-08-03 00:20:02 查询号码 【1489393】，返回信息 {"status":"ok","msg":"上海-上海","gid":"374398","time_insert":"2021-07-24 06:10","time_update":"2023-09-21 20:37"}
2024-08-03 00:20:02 查询号码 【1489393】，GSD为【"上海-上海"】

2024-08-03 00:41:45 开始第 9493 次操作

2024-08-03 00:41:45 开始操作号码 【1489394】
2024-08-03 00:41:53 GSD getOne 第 1 次 等待 3 秒
2024-08-03 00:41:56 查询号码 【1489394】，返回信息 {"status":"ok","msg":"上海-上海","gid":"374423","time_insert":"2021-07-24 06:13","time_update":"2023-09-21 20:41"}
2024-08-03 00:41:56 查询号码 【1489394】，GSD为【"上海-上海"】

2024-08-03 00:41:57 开始第 9494 次操作

2024-08-03 00:41:57 开始操作号码 【1489395】
2024-08-03 00:42:05 GSD getOne 第 1 次 等待 3 秒
2024-08-03 00:42:08 查询号码 【1489395】，返回信息 {"status":"ok","msg":"上海-上海","gid":"374443","time_insert":"2021-07-24 06:17","time_update":"2023-09-21 20:44"}
2024-08-03 00:42:08 查询号码 【1489395】，GSD为【"上海-上海"】

2024-08-03 00:42:09 开始第 9495 次操作

2024-08-03 00:42:09 开始操作号码 【1489396】
2024-08-03 00:42:17 GSD getOne 第 1 次 等待 3 秒
2024-08-03 00:42:20 查询号码 【1489396】，返回信息 {"status":"ok","msg":"上海-上海","gid":"374459","time_insert":"2021-07-24 06:20","time_update":"2023-09-21 21:35"}
2024-08-03 00:42:20 查询号码 【1489396】，GSD为【"上海-上海"】

2024-08-03 00:42:21 开始第 9496 次操作

2024-08-03 00:42:21 开始操作号码 【1489397】
2024-08-03 00:42:29 GSD getOne 第 1 次 等待 3 秒
2024-08-03 00:42:32 查询号码 【1489397】，返回信息 {"status":"ok","msg":"上海-上海","gid":"374465","time_insert":"2021-07-24 06:26","time_update":"2023-09-21 21:38"}
2024-08-03 00:42:32 查询号码 【1489397】，GSD为【"上海-上海"】

