2024-06-25 00:18:32 开始第 2549 次操作

2024-06-25 00:18:32 开始操作号码 【1482453】
2024-06-25 00:18:48 GSD getOne 第 1 次 等待 3 秒
2024-06-25 00:18:51 查询号码 【1482453】，返回信息 {"status":"ok","msg":"江苏-南京","gid":"171140","time_insert":"2021-07-02 03:40"}
2024-06-25 00:18:51 查询号码 【1482453】，GSD为【"江苏-南京"】

2024-06-25 00:18:52 开始第 2550 次操作

2024-06-25 00:18:52 开始操作号码 【1482454】
2024-06-25 00:19:08 GSD getOne 第 1 次 等待 3 秒
2024-06-25 00:19:11 查询号码 【1482454】，返回信息 {"status":"ok","msg":"江苏-南京","gid":"171187","time_insert":"2021-07-02 03:43"}
2024-06-25 00:19:11 查询号码 【1482454】，GSD为【"江苏-南京"】

2024-06-25 00:19:12 开始第 2551 次操作

2024-06-25 00:19:12 开始操作号码 【1482455】
2024-06-25 00:19:27 GSD getOne 第 1 次 等待 3 秒
2024-06-25 00:19:30 查询号码 【1482455】，返回信息 {"status":"ok","msg":"江苏-南京","gid":"171242","time_insert":"2021-07-02 03:47"}
2024-06-25 00:19:30 查询号码 【1482455】，GSD为【"江苏-南京"】

2024-06-25 00:19:31 开始第 2552 次操作

2024-06-25 00:19:31 开始操作号码 【1482456】
2024-06-25 00:19:48 GSD getOne 第 1 次 等待 3 秒
2024-06-25 00:19:51 查询号码 【1482456】，返回信息 {"status":"ok","msg":"江苏-南京","gid":"171277","time_insert":"2021-07-02 03:51"}
2024-06-25 00:19:51 查询号码 【1482456】，GSD为【"江苏-南京"】

2024-06-25 00:39:21 开始第 2553 次操作

2024-06-25 00:39:21 开始操作号码 【1482457】
2024-06-25 00:39:36 GSD getOne 第 1 次 等待 3 秒
2024-06-25 00:39:39 查询号码 【1482457】，返回信息 {"status":"ok","msg":"江苏-南京","gid":"171306","time_insert":"2021-07-02 03:54"}
2024-06-25 00:39:39 查询号码 【1482457】，GSD为【"江苏-南京"】

2024-06-25 00:39:40 开始第 2554 次操作

2024-06-25 00:39:40 开始操作号码 【1482458】
2024-06-25 00:39:54 GSD getOne 第 1 次 等待 3 秒
2024-06-25 00:39:57 查询号码 【1482458】，返回信息 {"status":"ok","msg":"江苏-南京","gid":"171343","time_insert":"2021-07-02 03:58"}
2024-06-25 00:39:58 查询号码 【1482458】，GSD为【"江苏-南京"】

2024-06-25 00:39:59 开始第 2555 次操作

2024-06-25 00:39:59 开始操作号码 【1482459】
2024-06-25 00:40:14 GSD getOne 第 1 次 等待 3 秒
2024-06-25 00:40:17 查询号码 【1482459】，返回信息 {"status":"ok","msg":"江苏-南京","gid":"171363","time_insert":"2021-07-02 04:01"}
2024-06-25 00:40:17 查询号码 【1482459】，GSD为【"江苏-南京"】

2024-06-25 00:40:18 开始第 2556 次操作

2024-06-25 00:40:18 开始操作号码 【1482460】
2024-06-25 00:40:32 GSD getOne 第 1 次 等待 3 秒
2024-06-25 00:40:35 查询号码 【1482460】，返回信息 {"status":"ok","msg":"江苏-南京","gid":"171369","time_insert":"2021-07-02 04:07"}
2024-06-25 00:40:35 查询号码 【1482460】，GSD为【"江苏-南京"】

2024-06-25 01:13:29 开始第 2557 次操作

2024-06-25 01:13:29 开始操作号码 【1482461】
2024-06-25 01:13:43 GSD getOne 第 1 次 等待 3 秒
2024-06-25 01:13:46 查询号码 【1482461】，返回信息 {"status":"ok","msg":"江苏-南京","gid":"171375","time_insert":"2021-07-02 04:12"}
2024-06-25 01:13:46 查询号码 【1482461】，GSD为【"江苏-南京"】

2024-06-25 01:13:47 开始第 2558 次操作

2024-06-25 01:13:47 开始操作号码 【1482462】
2024-06-25 01:14:01 GSD getOne 第 1 次 等待 3 秒
2024-06-25 01:14:04 查询号码 【1482462】，返回信息 {"status":"ok","msg":"江苏-南京","gid":"171380","time_insert":"2021-07-02 04:16"}
2024-06-25 01:14:04 查询号码 【1482462】，GSD为【"江苏-南京"】

2024-06-25 01:14:05 开始第 2559 次操作

2024-06-25 01:14:05 开始操作号码 【1482463】
2024-06-25 01:14:21 GSD getOne 第 1 次 等待 3 秒
2024-06-25 01:14:24 查询号码 【1482463】，返回信息 {"status":"ok","msg":"江苏-南京","gid":"171391","time_insert":"2021-07-02 04:21"}
2024-06-25 01:14:24 查询号码 【1482463】，GSD为【"江苏-南京"】

2024-06-25 01:14:25 开始第 2560 次操作

2024-06-25 01:14:25 开始操作号码 【1482464】
2024-06-25 01:14:40 GSD getOne 第 1 次 等待 3 秒
2024-06-25 01:14:43 查询号码 【1482464】，返回信息 {"status":"ok","msg":"江苏-南京","gid":"171397","time_insert":"2021-07-02 04:26"}
2024-06-25 01:14:44 查询号码 【1482464】，GSD为【"江苏-南京"】

