2023-10-02 00:15:50 开始第 1021 次操作

2023-10-02 00:15:50 开始操作号码 【1911020】
2023-10-02 00:15:59 GSD getOne 第 1 次 等待 3 秒
2023-10-02 00:16:02 查询号码 【1911020】，返回信息 {"status":"ok","msg":"北京-北京","gid":"495339","time_insert":"2021-08-04 08:47"}
2023-10-02 00:16:02 查询号码 【1911020】，GSD为【"北京-北京"】

2023-10-02 00:16:03 开始第 1022 次操作

2023-10-02 00:16:03 开始操作号码 【1911021】
2023-10-02 00:16:05 GSD getOne 第 1 次 等待 3 秒
2023-10-02 00:16:08 查询号码 【1911021】，返回信息 {"status":"ok","msg":"北京-北京","gid":"496436","time_insert":"2021-08-05 09:21"}
2023-10-02 00:16:08 查询号码 【1911021】，GSD为【"北京-北京"】

2023-10-02 00:16:10 开始第 1023 次操作

2023-10-02 00:16:10 开始操作号码 【1911022】
2023-10-02 00:16:25 GSD getOne 第 1 次 等待 3 秒
2023-10-02 00:16:28 查询号码 【1911022】，返回信息 {"status":"ok","msg":"北京-北京","gid":"495446","time_insert":"2021-08-04 09:13"}
2023-10-02 00:16:28 查询号码 【1911022】，GSD为【"北京-北京"】

2023-10-02 00:16:29 开始第 1024 次操作

2023-10-02 00:16:29 开始操作号码 【1911023】
2023-10-02 00:16:43 GSD getOne 第 1 次 等待 3 秒
2023-10-02 00:16:46 查询号码 【1911023】，返回信息 {"status":"ok","msg":"北京-北京","gid":"495499","time_insert":"2021-08-04 09:28"}
2023-10-02 00:16:46 查询号码 【1911023】，GSD为【"北京-北京"】

2023-10-02 00:36:25 开始第 1025 次操作

2023-10-02 00:36:25 开始操作号码 【1911024】
2023-10-02 00:36:33 GSD getOne 第 1 次 等待 3 秒
2023-10-02 00:36:36 查询号码 【1911024】，返回信息 {"status":"ok","msg":"北京-北京","gid":"495535","time_insert":"2021-08-04 09:40"}
2023-10-02 00:36:36 查询号码 【1911024】，GSD为【"北京-北京"】

2023-10-02 00:36:37 开始第 1026 次操作

2023-10-02 00:36:37 开始操作号码 【1911025】
2023-10-02 00:36:44 GSD getOne 第 1 次 等待 3 秒
2023-10-02 00:36:47 查询号码 【1911025】，返回信息 {"status":"ok","msg":"北京-北京","gid":"495578","time_insert":"2021-08-04 09:52"}
2023-10-02 00:36:47 查询号码 【1911025】，GSD为【"北京-北京"】

2023-10-02 00:36:48 开始第 1027 次操作

2023-10-02 00:36:48 开始操作号码 【1911026】
2023-10-02 00:36:52 GSD getOne 第 1 次 等待 3 秒
2023-10-02 00:36:55 查询号码 【1911026】，返回信息 {"status":"ok","msg":"北京-北京","gid":"495795","time_insert":"2021-08-04 16:26"}
2023-10-02 00:36:55 查询号码 【1911026】，GSD为【"北京-北京"】

2023-10-02 00:36:56 开始第 1028 次操作

2023-10-02 00:36:56 开始操作号码 【1911027】
2023-10-02 00:37:01 GSD getOne 第 1 次 等待 3 秒
2023-10-02 00:37:04 查询号码 【1911027】，返回信息 {"status":"ok","msg":"北京-北京","gid":"495805","time_insert":"2021-08-04 16:41"}
2023-10-02 00:37:04 查询号码 【1911027】，GSD为【"北京-北京"】

2023-10-02 01:11:31 开始第 1029 次操作

2023-10-02 01:11:31 开始操作号码 【1911028】
2023-10-02 01:11:35 GSD getOne 第 1 次 等待 3 秒
2023-10-02 01:11:38 查询号码 【1911028】，返回信息 {"status":"ok","msg":"北京-北京","gid":"495810","time_insert":"2021-08-04 16:55"}
2023-10-02 01:11:38 查询号码 【1911028】，GSD为【"北京-北京"】

2023-10-02 01:11:39 开始第 1030 次操作

2023-10-02 01:11:39 开始操作号码 【1911029】
2023-10-02 01:11:45 GSD getOne 第 1 次 等待 3 秒
2023-10-02 01:11:48 查询号码 【1911029】，返回信息 {"status":"ok","msg":"北京-北京","gid":"495817","time_insert":"2021-08-04 17:07"}
2023-10-02 01:11:48 查询号码 【1911029】，GSD为【"北京-北京"】

2023-10-02 01:11:49 开始第 1031 次操作

2023-10-02 01:11:49 开始操作号码 【1911030】
2023-10-02 01:11:53 GSD getOne 第 1 次 等待 3 秒
2023-10-02 01:11:56 查询号码 【1911030】，返回信息 {"status":"ok","msg":"北京-北京","gid":"495825","time_insert":"2021-08-04 17:18"}
2023-10-02 01:11:56 查询号码 【1911030】，GSD为【"北京-北京"】

2023-10-02 01:11:57 开始第 1032 次操作

2023-10-02 01:11:57 开始操作号码 【1911031】
2023-10-02 01:12:00 GSD getOne 第 1 次 等待 3 秒
2023-10-02 01:12:03 查询号码 【1911031】，返回信息 {"status":"ok","msg":"北京-北京","gid":"495832","time_insert":"2021-08-04 17:32"}
2023-10-02 01:12:03 查询号码 【1911031】，GSD为【"北京-北京"】

