2021-07-03 00:00:07 开始第 7 次操作

2021-07-03 00:00:07 开始操作号码 【1667120】
2021-07-03 00:00:18 GSD getOne 第 1 次 等待 1 秒
2021-07-03 00:00:19 查询号码 【1667120】，返回信息 {"status":"bad","msg":""}
2021-07-03 00:00:19 查询号码 【1667120】，GSD为【""】
2021-07-03 00:00:19 bad
2021-07-03 00:00:21 CHB 1667120?1625241619 第 1 次 等待 1 秒
2021-07-03 00:00:22 CHB 1667120?1625241619 第 1 次 获取到号码【1667120】GSD
2021-07-03 00:00:22 获取到号码【1667120】的GSD为【湖北-荆门】
2021-07-03 00:00:42 GSD insert 第 1 次 等待 1 秒
2021-07-03 00:00:43 {"status":"ok","msg":"添加成功！177491"}
2021-07-03 00:00:43 下次操作: 2021-07-03 00:00:58

2021-07-03 00:00:58 开始第 8 次操作

2021-07-03 00:00:58 开始操作号码 【1667121】
2021-07-03 00:01:02 GSD getOne 第 1 次 等待 1 秒
2021-07-03 00:01:03 查询号码 【1667121】，返回信息 {"status":"bad","msg":""}
2021-07-03 00:01:03 查询号码 【1667121】，GSD为【""】
2021-07-03 00:01:03 bad
2021-07-03 00:01:08 CHB 1667121?1625241663 第 1 次 等待 1 秒
2021-07-03 00:01:09 CHB 1667121?1625241663 第 1 次 获取到号码【1667121】GSD
2021-07-03 00:01:09 获取到号码【1667121】的GSD为【湖北-荆门】
2021-07-03 00:01:31 GSD insert 第 1 次 等待 1 秒
2021-07-03 00:01:32 {"status":"ok","msg":"添加成功！177501"}
2021-07-03 00:01:32 下次操作: 2021-07-03 00:01:49

2021-07-03 00:01:49 开始第 9 次操作

2021-07-03 00:01:49 开始操作号码 【1667122】
2021-07-03 00:01:53 GSD getOne 第 1 次 等待 1 秒
2021-07-03 00:01:54 查询号码 【1667122】，返回信息 {"status":"bad","msg":""}
2021-07-03 00:01:54 查询号码 【1667122】，GSD为【""】
2021-07-03 00:01:54 bad
2021-07-03 00:01:57 CHB 1667122?1625241714 第 1 次 等待 1 秒
2021-07-03 00:01:58 CHB 1667122?1625241714 第 1 次 获取到号码【1667122】GSD
2021-07-03 00:01:58 获取到号码【1667122】的GSD为【湖北-荆门】
2021-07-03 00:02:21 GSD insert 第 1 次 等待 1 秒
2021-07-03 00:02:22 {"status":"ok","msg":"添加成功！177513"}
2021-07-03 00:02:22 下次操作: 2021-07-03 00:02:30

2021-07-03 00:02:30 开始第 10 次操作

2021-07-03 00:02:30 开始操作号码 【1667123】
2021-07-03 00:02:52 GSD getOne 第 1 次 等待 1 秒
2021-07-03 00:02:53 查询号码 【1667123】，返回信息 {"status":"bad","msg":""}
2021-07-03 00:02:53 查询号码 【1667123】，GSD为【""】
2021-07-03 00:02:53 bad
2021-07-03 00:02:56 CHB 1667123?1625241773 第 1 次 等待 1 秒
2021-07-03 00:02:57 CHB 1667123?1625241773 第 1 次 获取到号码【1667123】GSD
2021-07-03 00:02:57 获取到号码【1667123】的GSD为【湖北-荆门】
2021-07-03 00:03:18 GSD insert 第 1 次 等待 1 秒
2021-07-03 00:03:19 {"status":"ok","msg":"添加成功！177524"}
2021-07-03 00:03:19 下次操作: 2021-07-03 00:03:30

2021-07-03 00:03:30 开始第 11 次操作

2021-07-03 00:03:30 开始操作号码 【1667124】
2021-07-03 00:03:44 GSD getOne 第 1 次 等待 1 秒
2021-07-03 00:03:45 查询号码 【1667124】，返回信息 {"status":"bad","msg":""}
2021-07-03 00:03:45 查询号码 【1667124】，GSD为【""】
2021-07-03 00:03:45 bad
2021-07-03 00:03:48 CHB 1667124?1625241825 第 1 次 等待 1 秒
2021-07-03 00:03:49 CHB 1667124?1625241825 第 1 次 获取到号码【1667124】GSD
2021-07-03 00:03:49 获取到号码【1667124】的GSD为【湖北-孝感】
2021-07-03 00:04:09 GSD insert 第 1 次 等待 1 秒
2021-07-03 00:04:10 {"status":"ok","msg":"添加成功！177536"}
2021-07-03 00:04:10 下次操作: 2021-07-03 00:04:28

2021-07-03 00:04:28 开始第 12 次操作

2021-07-03 00:04:28 开始操作号码 【1667125】
2021-07-03 00:04:36 GSD getOne 第 1 次 等待 1 秒
2021-07-03 00:04:37 查询号码 【1667125】，返回信息 {"status":"bad","msg":""}
2021-07-03 00:04:37 查询号码 【1667125】，GSD为【""】
2021-07-03 00:04:37 bad
2021-07-03 00:04:41 CHB 1667125?1625241877 第 1 次 等待 1 秒
2021-07-03 00:04:42 CHB 1667125?1625241877 第 1 次 获取到号码【1667125】GSD
2021-07-03 00:04:42 获取到号码【1667125】的GSD为【湖北-孝感】
2021-07-03 00:05:18 GSD insert 第 1 次 等待 1 秒
2021-07-03 00:05:19 {"status":"ok","msg":"添加成功！177553"}
2021-07-03 00:05:19 下次操作: 2021-07-03 00:05:34

2021-07-03 00:05:34 开始第 13 次操作

2021-07-03 00:05:34 开始操作号码 【1667126】
2021-07-03 00:05:39 GSD getOne 第 1 次 等待 1 秒
2021-07-03 00:05:40 查询号码 【1667126】，返回信息 {"status":"bad","msg":""}
2021-07-03 00:05:40 查询号码 【1667126】，GSD为【""】
2021-07-03 00:05:40 bad
2021-07-03 00:05:41 CHB 1667126?1625241940 第 1 次 等待 1 秒
2021-07-03 00:05:42 CHB 1667126?1625241940 第 1 次 获取到号码【1667126】GSD
2021-07-03 00:05:42 获取到号码【1667126】的GSD为【湖北-孝感】
2021-07-03 00:06:02 GSD insert 第 1 次 等待 1 秒
2021-07-03 00:06:03 {"status":"ok","msg":"添加成功！177565"}
2021-07-03 00:06:03 下次操作: 2021-07-03 00:06:18

2021-07-03 00:06:18 开始第 14 次操作

2021-07-03 00:06:18 开始操作号码 【1667127】
2021-07-03 00:06:23 GSD getOne 第 1 次 等待 1 秒
2021-07-03 00:06:24 查询号码 【1667127】，返回信息 {"status":"bad","msg":""}
2021-07-03 00:06:24 查询号码 【1667127】，GSD为【""】
2021-07-03 00:06:24 bad
2021-07-03 00:06:25 CHB 1667127?1625241984 第 1 次 等待 1 秒
2021-07-03 00:06:26 CHB 1667127?1625241984 第 1 次 获取到号码【1667127】GSD
2021-07-03 00:06:26 获取到号码【1667127】的GSD为【湖北-孝感】
2021-07-03 00:06:46 GSD insert 第 1 次 等待 1 秒
2021-07-03 00:06:47 {"status":"ok","msg":"添加成功！177573"}
2021-07-03 00:06:47 下次操作: 2021-07-03 00:06:57

2021-07-03 00:06:57 开始第 15 次操作

2021-07-03 00:06:57 开始操作号码 【1667128】
2021-07-03 00:07:11 GSD getOne 第 1 次 等待 1 秒
2021-07-03 00:07:12 查询号码 【1667128】，返回信息 {"status":"bad","msg":""}
2021-07-03 00:07:12 查询号码 【1667128】，GSD为【""】
2021-07-03 00:07:12 bad
2021-07-03 00:07:14 CHB 1667128?1625242032 第 1 次 等待 1 秒
2021-07-03 00:07:15 CHB 1667128?1625242032 第 1 次 获取到号码【1667128】GSD
2021-07-03 00:07:15 获取到号码【1667128】的GSD为【湖北-随州】
2021-07-03 00:07:38 GSD insert 第 1 次 等待 1 秒
2021-07-03 00:07:39 {"status":"ok","msg":"添加成功！177582"}
2021-07-03 00:07:39 下次操作: 2021-07-03 00:07:54

2021-07-03 00:07:54 开始第 16 次操作

2021-07-03 00:07:54 开始操作号码 【1667129】
2021-07-03 00:07:58 GSD getOne 第 1 次 等待 1 秒
2021-07-03 00:07:59 查询号码 【1667129】，返回信息 {"status":"bad","msg":""}
2021-07-03 00:07:59 查询号码 【1667129】，GSD为【""】
2021-07-03 00:07:59 bad
2021-07-03 00:08:06 CHB 1667129?1625242079 第 1 次 等待 1 秒
2021-07-03 00:08:07 CHB 1667129?1625242079 第 1 次 获取到号码【1667129】GSD
2021-07-03 00:08:07 获取到号码【1667129】的GSD为【湖北-随州】
2021-07-03 00:08:29 GSD insert 第 1 次 等待 1 秒
2021-07-03 00:08:30 {"status":"ok","msg":"添加成功！177593"}
2021-07-03 00:08:30 下次操作: 2021-07-03 00:08:42

2021-07-03 00:08:42 开始第 17 次操作

2021-07-03 00:08:42 开始操作号码 【1667130】
2021-07-03 00:08:53 GSD getOne 第 1 次 等待 1 秒
2021-07-03 00:08:54 查询号码 【1667130】，返回信息 {"status":"bad","msg":""}
2021-07-03 00:08:54 查询号码 【1667130】，GSD为【""】
2021-07-03 00:08:54 bad
2021-07-03 00:08:55 CHB 1667130?1625242134 第 1 次 等待 1 秒
2021-07-03 00:08:56 CHB 1667130?1625242134 第 1 次 获取到号码【1667130】GSD
2021-07-03 00:08:56 获取到号码【1667130】的GSD为【湖北-黄冈】
2021-07-03 00:09:18 GSD insert 第 1 次 等待 1 秒
2021-07-03 00:09:19 {"status":"ok","msg":"添加成功！177602"}
2021-07-03 00:09:19 下次操作: 2021-07-03 00:09:25

2021-07-03 00:09:25 开始第 18 次操作

2021-07-03 00:09:25 开始操作号码 【1667131】
2021-07-03 00:09:47 GSD getOne 第 1 次 等待 1 秒
2021-07-03 00:09:48 查询号码 【1667131】，返回信息 {"status":"bad","msg":""}
2021-07-03 00:09:48 查询号码 【1667131】，GSD为【""】
2021-07-03 00:09:48 bad
2021-07-03 00:09:56 CHB 1667131?1625242188 第 1 次 等待 1 秒
2021-07-03 00:09:57 CHB 1667131?1625242188 第 1 次 获取到号码【1667131】GSD
2021-07-03 00:09:57 获取到号码【1667131】的GSD为【湖北-黄冈】
2021-07-03 00:10:08 GSD insert 第 1 次 等待 1 秒
2021-07-03 00:10:09 {"status":"ok","msg":"添加成功！177611"}
2021-07-03 00:10:09 下次操作: 2021-07-03 00:10:23

2021-07-03 00:10:23 开始第 19 次操作

2021-07-03 00:10:23 开始操作号码 【1667132】
2021-07-03 00:10:32 GSD getOne 第 1 次 等待 1 秒
2021-07-03 00:10:33 查询号码 【1667132】，返回信息 {"status":"bad","msg":""}
2021-07-03 00:10:33 查询号码 【1667132】，GSD为【""】
2021-07-03 00:10:33 bad
2021-07-03 00:10:36 CHB 1667132?1625242233 第 1 次 等待 1 秒
2021-07-03 00:10:37 CHB 1667132?1625242233 第 1 次 获取到号码【1667132】GSD
2021-07-03 00:10:37 获取到号码【1667132】的GSD为【湖北-黄冈】
2021-07-03 00:11:08 GSD insert 第 1 次 等待 1 秒
2021-07-03 00:11:09 {"status":"ok","msg":"添加成功！177618"}
2021-07-03 00:11:09 下次操作: 2021-07-03 00:11:23

2021-07-03 00:11:23 开始第 20 次操作

2021-07-03 00:11:23 开始操作号码 【1667133】
2021-07-03 00:11:30 GSD getOne 第 1 次 等待 1 秒
2021-07-03 00:11:31 查询号码 【1667133】，返回信息 {"status":"bad","msg":""}
2021-07-03 00:11:31 查询号码 【1667133】，GSD为【""】
2021-07-03 00:11:31 bad
2021-07-03 00:11:33 CHB 1667133?1625242291 第 1 次 等待 1 秒
2021-07-03 00:11:34 CHB 1667133?1625242291 第 1 次 获取到号码【1667133】GSD
2021-07-03 00:11:34 获取到号码【1667133】的GSD为【湖北-黄冈】
2021-07-03 00:11:54 GSD insert 第 1 次 等待 1 秒
2021-07-03 00:11:55 {"status":"ok","msg":"添加成功！177624"}
2021-07-03 00:11:55 下次操作: 2021-07-03 00:12:02

2021-07-03 00:12:02 开始第 21 次操作

2021-07-03 00:12:02 开始操作号码 【1667134】
2021-07-03 00:12:37 GSD getOne 第 1 次 等待 1 秒
2021-07-03 00:12:38 查询号码 【1667134】，返回信息 {"status":"bad","msg":""}
2021-07-03 00:12:38 查询号码 【1667134】，GSD为【""】
2021-07-03 00:12:38 bad
2021-07-03 00:12:41 CHB 1667134?1625242358 第 1 次 等待 1 秒
2021-07-03 00:12:42 CHB 1667134?1625242358 第 1 次 获取到号码【1667134】GSD
2021-07-03 00:12:42 获取到号码【1667134】的GSD为【湖北-黄冈】
2021-07-03 00:13:19 GSD insert 第 1 次 等待 1 秒
2021-07-03 00:13:20 {"status":"ok","msg":"添加成功！177633"}
2021-07-03 00:13:20 下次操作: 2021-07-03 00:13:34

2021-07-03 00:13:34 开始第 22 次操作

2021-07-03 00:13:34 开始操作号码 【1667135】
2021-07-03 00:13:44 GSD getOne 第 1 次 等待 1 秒
2021-07-03 00:13:45 查询号码 【1667135】，返回信息 {"status":"bad","msg":""}
2021-07-03 00:13:45 查询号码 【1667135】，GSD为【""】
2021-07-03 00:13:45 bad
2021-07-03 00:13:48 CHB 1667135?1625242425 第 1 次 等待 1 秒
2021-07-03 00:13:49 CHB 1667135?1625242425 第 1 次 获取到号码【1667135】GSD
2021-07-03 00:13:49 获取到号码【1667135】的GSD为【湖北-黄冈】
2021-07-03 00:14:09 GSD insert 第 1 次 等待 1 秒
2021-07-03 00:14:10 {"status":"ok","msg":"添加成功！177638"}
2021-07-03 00:14:10 下次操作: 2021-07-03 00:14:28

2021-07-03 00:14:28 开始第 23 次操作

2021-07-03 00:14:28 开始操作号码 【1667136】
2021-07-03 00:14:32 GSD getOne 第 1 次 等待 1 秒
2021-07-03 00:14:33 查询号码 【1667136】，返回信息 {"status":"bad","msg":""}
2021-07-03 00:14:33 查询号码 【1667136】，GSD为【""】
2021-07-03 00:14:33 bad
2021-07-03 00:14:35 CHB 1667136?1625242473 第 1 次 等待 1 秒
2021-07-03 00:14:36 CHB 1667136?1625242473 第 1 次 获取到号码【1667136】GSD
2021-07-03 00:14:36 获取到号码【1667136】的GSD为【湖北-黄冈】
2021-07-03 00:15:11 GSD insert 第 1 次 等待 1 秒
2021-07-03 00:15:12 {"status":"ok","msg":"添加成功！177646"}
2021-07-03 00:15:12 下次操作: 2021-07-03 00:15:29

2021-07-03 00:15:29 开始第 24 次操作

2021-07-03 00:15:29 开始操作号码 【1667137】
2021-07-03 00:15:34 GSD getOne 第 1 次 等待 1 秒
2021-07-03 00:15:35 查询号码 【1667137】，返回信息 {"status":"bad","msg":""}
2021-07-03 00:15:35 查询号码 【1667137】，GSD为【""】
2021-07-03 00:15:35 bad
2021-07-03 00:15:41 CHB 1667137?1625242535 第 1 次 等待 1 秒
2021-07-03 00:15:42 CHB 1667137?1625242535 第 1 次 获取到号码【1667137】GSD
2021-07-03 00:15:42 获取到号码【1667137】的GSD为【湖北-黄冈】
2021-07-03 00:16:01 GSD insert 第 1 次 等待 1 秒
2021-07-03 00:16:02 {"status":"ok","msg":"添加成功！177650"}
2021-07-03 00:16:02 下次操作: 2021-07-03 00:16:16

2021-07-03 00:16:16 开始第 25 次操作

2021-07-03 00:16:16 开始操作号码 【1667138】
2021-07-03 00:16:25 GSD getOne 第 1 次 等待 1 秒
2021-07-03 00:16:26 查询号码 【1667138】，返回信息 {"status":"bad","msg":""}
2021-07-03 00:16:26 查询号码 【1667138】，GSD为【""】
2021-07-03 00:16:26 bad
2021-07-03 00:16:28 CHB 1667138?1625242586 第 1 次 等待 1 秒
2021-07-03 00:16:29 CHB 1667138?1625242586 第 1 次 获取到号码【1667138】GSD
2021-07-03 00:16:29 获取到号码【1667138】的GSD为【湖北-黄石】
2021-07-03 00:17:11 GSD insert 第 1 次 等待 1 秒
2021-07-03 00:17:12 {"status":"ok","msg":"添加成功！177657"}
2021-07-03 00:17:12 下次操作: 2021-07-03 00:17:19

2021-07-03 00:17:19 开始第 26 次操作

2021-07-03 00:17:19 开始操作号码 【1667139】
2021-07-03 00:17:39 GSD getOne 第 1 次 等待 1 秒
2021-07-03 00:17:40 查询号码 【1667139】，返回信息 {"status":"bad","msg":""}
2021-07-03 00:17:40 查询号码 【1667139】，GSD为【""】
2021-07-03 00:17:40 bad
2021-07-03 00:17:42 CHB 1667139?1625242660 第 1 次 等待 1 秒
2021-07-03 00:17:43 CHB 1667139?1625242660 第 1 次 获取到号码【1667139】GSD
2021-07-03 00:17:43 获取到号码【1667139】的GSD为【湖北-黄石】
2021-07-03 00:18:03 GSD insert 第 1 次 等待 1 秒
2021-07-03 00:18:04 {"status":"ok","msg":"添加成功！177664"}
2021-07-03 00:18:04 下次操作: 2021-07-03 00:18:13

2021-07-03 00:18:13 开始第 27 次操作

2021-07-03 00:18:13 开始操作号码 【1667140】
2021-07-03 00:18:32 GSD getOne 第 1 次 等待 1 秒
2021-07-03 00:18:33 查询号码 【1667140】，返回信息 {"status":"bad","msg":""}
2021-07-03 00:18:33 查询号码 【1667140】，GSD为【""】
2021-07-03 00:18:33 bad
2021-07-03 00:18:36 CHB 1667140?1625242713 第 1 次 等待 1 秒
2021-07-03 00:18:37 CHB 1667140?1625242713 第 1 次 获取到号码【1667140】GSD
2021-07-03 00:18:37 获取到号码【1667140】的GSD为【湖北-黄石】
2021-07-03 00:18:56 GSD insert 第 1 次 等待 1 秒
2021-07-03 00:18:57 {"status":"ok","msg":"添加成功！177667"}
2021-07-03 00:18:57 下次操作: 2021-07-03 00:19:11

2021-07-03 00:19:11 开始第 28 次操作

2021-07-03 00:19:11 开始操作号码 【1667141】
2021-07-03 00:19:18 GSD getOne 第 1 次 等待 1 秒
2021-07-03 00:19:19 查询号码 【1667141】，返回信息 {"status":"bad","msg":""}
2021-07-03 00:19:19 查询号码 【1667141】，GSD为【""】
2021-07-03 00:19:19 bad
2021-07-03 00:19:23 CHB 1667141?1625242759 第 1 次 等待 1 秒
2021-07-03 00:19:24 CHB 1667141?1625242759 第 1 次 获取到号码【1667141】GSD
2021-07-03 00:19:24 获取到号码【1667141】的GSD为【湖北-黄石】
2021-07-03 00:19:45 GSD insert 第 1 次 等待 1 秒
2021-07-03 00:19:46 {"status":"ok","msg":"添加成功！177672"}
2021-07-03 00:19:46 下次操作: 2021-07-03 00:20:01

2021-07-03 00:20:01 开始第 29 次操作

2021-07-03 00:20:01 开始操作号码 【1667142】
2021-07-03 00:20:05 GSD getOne 第 1 次 等待 1 秒
2021-07-03 00:20:06 查询号码 【1667142】，返回信息 {"status":"bad","msg":""}
2021-07-03 00:20:06 查询号码 【1667142】，GSD为【""】
2021-07-03 00:20:06 bad
2021-07-03 00:20:08 CHB 1667142?1625242806 第 1 次 等待 1 秒
2021-07-03 00:20:09 CHB 1667142?1625242806 第 1 次 获取到号码【1667142】GSD
2021-07-03 00:20:09 获取到号码【1667142】的GSD为【湖北-黄石】
2021-07-03 00:20:29 GSD insert 第 1 次 等待 1 秒
2021-07-03 00:20:30 {"status":"ok","msg":"添加成功！177678"}
2021-07-03 00:20:30 下次操作: 2021-07-03 00:20:45

2021-07-03 00:20:45 开始第 30 次操作

2021-07-03 00:20:45 开始操作号码 【1667143】
2021-07-03 00:20:50 GSD getOne 第 1 次 等待 1 秒
2021-07-03 00:20:51 查询号码 【1667143】，返回信息 {"status":"bad","msg":""}
2021-07-03 00:20:51 查询号码 【1667143】，GSD为【""】
2021-07-03 00:20:51 bad
2021-07-03 00:20:55 CHB 1667143?1625242851 第 1 次 等待 1 秒
2021-07-03 00:20:56 CHB 1667143?1625242851 第 1 次 获取到号码【1667143】GSD
2021-07-03 00:20:56 获取到号码【1667143】的GSD为【湖北-荆门】
2021-07-03 00:21:15 GSD insert 第 1 次 等待 1 秒
2021-07-03 00:21:16 {"status":"ok","msg":"添加成功！177682"}

2021-07-03 01:37:30 开始第 1 次操作

2021-07-03 01:37:30 开始操作号码 【1667144】
2021-07-03 01:37:41 GSD getOne 第 1 次 等待 1 秒
2021-07-03 01:37:42 查询号码 【1667144】，返回信息 {"status":"bad","msg":""}
2021-07-03 01:37:42 查询号码 【1667144】，GSD为【""】
2021-07-03 01:37:42 bad
2021-07-03 01:37:45 CHB 1667144?1625247462 第 1 次 等待 1 秒
2021-07-03 01:37:46 CHB 1667144?1625247462 第 1 次 获取到号码【1667144】GSD
2021-07-03 01:37:46 获取到号码【1667144】的GSD为【湖北-荆门】
2021-07-03 01:38:05 GSD insert 第 1 次 等待 1 秒
2021-07-03 01:38:06 {"status":"ok","msg":"添加成功！177823"}
2021-07-03 01:38:06 下次操作: 2021-07-03 01:38:16

2021-07-03 01:38:16 开始第 2 次操作

2021-07-03 01:38:16 开始操作号码 【1667145】
2021-07-03 01:38:27 GSD getOne 第 1 次 等待 1 秒
2021-07-03 01:38:28 查询号码 【1667145】，返回信息 {"status":"bad","msg":""}
2021-07-03 01:38:28 查询号码 【1667145】，GSD为【""】
2021-07-03 01:38:28 bad
2021-07-03 01:38:32 CHB 1667145?1625247508 第 1 次 等待 1 秒
2021-07-03 01:38:33 CHB 1667145?1625247508 第 1 次 获取到号码【1667145】GSD
2021-07-03 01:38:33 获取到号码【1667145】的GSD为【湖北-孝感】
2021-07-03 01:38:52 GSD insert 第 1 次 等待 1 秒
2021-07-03 01:38:53 {"status":"ok","msg":"添加成功！177835"}
2021-07-03 01:38:53 下次操作: 2021-07-03 01:39:01

2021-07-03 01:39:01 开始第 3 次操作

2021-07-03 01:39:01 开始操作号码 【1667146】
2021-07-03 01:39:12 GSD getOne 第 1 次 等待 1 秒
2021-07-03 01:39:13 查询号码 【1667146】，返回信息 {"status":"bad","msg":""}
2021-07-03 01:39:13 查询号码 【1667146】，GSD为【""】
2021-07-03 01:39:13 bad
2021-07-03 01:39:16 CHB 1667146?1625247553 第 1 次 等待 1 秒
2021-07-03 01:39:17 CHB 1667146?1625247553 第 1 次 获取到号码【1667146】GSD
2021-07-03 01:39:17 获取到号码【1667146】的GSD为【湖北-孝感】
2021-07-03 01:39:36 GSD insert 第 1 次 等待 1 秒
2021-07-03 01:39:37 {"status":"ok","msg":"添加成功！177842"}
2021-07-03 01:39:37 下次操作: 2021-07-03 01:39:47

2021-07-03 01:39:47 开始第 4 次操作

2021-07-03 01:39:47 开始操作号码 【1667147】
2021-07-03 01:39:58 GSD getOne 第 1 次 等待 1 秒
2021-07-03 01:39:59 查询号码 【1667147】，返回信息 {"status":"bad","msg":""}
2021-07-03 01:39:59 查询号码 【1667147】，GSD为【""】
2021-07-03 01:39:59 bad
2021-07-03 01:40:02 CHB 1667147?1625247599 第 1 次 等待 1 秒
2021-07-03 01:40:03 CHB 1667147?1625247599 第 1 次 获取到号码【1667147】GSD
2021-07-03 01:40:03 获取到号码【1667147】的GSD为【湖北-十堰】
2021-07-03 01:40:22 GSD insert 第 1 次 等待 1 秒
2021-07-03 01:40:23 {"status":"ok","msg":"添加成功！177851"}
2021-07-03 01:40:23 下次操作: 2021-07-03 01:40:35

2021-07-03 01:40:35 开始第 5 次操作

2021-07-03 01:40:35 开始操作号码 【1667148】
2021-07-03 01:40:41 GSD getOne 第 1 次 等待 1 秒
2021-07-03 01:40:42 查询号码 【1667148】，返回信息 {"status":"bad","msg":""}
2021-07-03 01:40:43 查询号码 【1667148】，GSD为【""】
2021-07-03 01:40:43 bad
2021-07-03 01:40:44 CHB 1667148?1625247643 第 1 次 等待 1 秒
2021-07-03 01:40:45 CHB 1667148?1625247643 第 1 次 获取到号码【1667148】GSD
2021-07-03 01:40:45 获取到号码【1667148】的GSD为【湖北-十堰】
2021-07-03 01:41:06 GSD insert 第 1 次 等待 1 秒
2021-07-03 01:41:07 {"status":"ok","msg":"添加成功！177859"}
2021-07-03 01:41:07 下次操作: 2021-07-03 01:41:23

2021-07-03 01:41:23 开始第 6 次操作

2021-07-03 01:41:23 开始操作号码 【1667149】
2021-07-03 01:41:27 GSD getOne 第 1 次 等待 1 秒
2021-07-03 01:41:28 查询号码 【1667149】，返回信息 {"status":"bad","msg":""}
2021-07-03 01:41:28 查询号码 【1667149】，GSD为【""】
2021-07-03 01:41:28 bad
2021-07-03 01:41:29 CHB 1667149?1625247688 第 1 次 等待 1 秒
2021-07-03 01:41:30 CHB 1667149?1625247688 第 1 次 获取到号码【1667149】GSD
2021-07-03 01:41:30 获取到号码【1667149】的GSD为【湖北-十堰】
2021-07-03 01:41:50 GSD insert 第 1 次 等待 1 秒
2021-07-03 01:41:51 {"status":"ok","msg":"添加成功！177867"}
2021-07-03 01:41:51 下次操作: 2021-07-03 01:42:05

2021-07-03 01:42:05 开始第 7 次操作

2021-07-03 01:42:05 开始操作号码 【1667150】
2021-07-03 01:42:10 GSD getOne 第 1 次 等待 1 秒
2021-07-03 01:42:11 查询号码 【1667150】，返回信息 {"status":"bad","msg":""}
2021-07-03 01:42:11 查询号码 【1667150】，GSD为【""】
2021-07-03 01:42:11 bad
2021-07-03 01:42:12 CHB 1667150?1625247731 第 1 次 等待 1 秒
2021-07-03 01:42:13 CHB 1667150?1625247731 第 1 次 获取到号码【1667150】GSD
2021-07-03 01:42:13 获取到号码【1667150】的GSD为【湖北-十堰】
2021-07-03 01:42:33 GSD insert 第 1 次 等待 1 秒
2021-07-03 01:42:34 {"status":"ok","msg":"添加成功！177875"}
2021-07-03 01:42:34 下次操作: 2021-07-03 01:42:46

2021-07-03 01:42:46 开始第 8 次操作

2021-07-03 01:42:46 开始操作号码 【1667151】
2021-07-03 01:42:57 GSD getOne 第 1 次 等待 1 秒
2021-07-03 01:42:58 查询号码 【1667151】，返回信息 {"status":"bad","msg":""}
2021-07-03 01:42:58 查询号码 【1667151】，GSD为【""】
2021-07-03 01:42:58 bad
2021-07-03 01:43:00 CHB 1667151?1625247778 第 1 次 等待 1 秒
2021-07-03 01:43:01 CHB 1667151?1625247778 第 1 次 获取到号码【1667151】GSD
2021-07-03 01:43:01 获取到号码【1667151】的GSD为【湖北-十堰】
2021-07-03 01:43:20 GSD insert 第 1 次 等待 1 秒
2021-07-03 01:43:21 {"status":"ok","msg":"添加成功！177882"}
2021-07-03 01:43:21 下次操作: 2021-07-03 01:43:29

2021-07-03 01:43:29 开始第 9 次操作

2021-07-03 01:43:29 开始操作号码 【1667152】
2021-07-03 01:43:42 GSD getOne 第 1 次 等待 1 秒
2021-07-03 01:43:43 查询号码 【1667152】，返回信息 {"status":"bad","msg":""}
2021-07-03 01:43:43 查询号码 【1667152】，GSD为【""】
2021-07-03 01:43:43 bad
2021-07-03 01:43:45 CHB 1667152?1625247823 第 1 次 等待 1 秒
2021-07-03 01:43:46 CHB 1667152?1625247823 第 1 次 获取到号码【1667152】GSD
2021-07-03 01:43:46 获取到号码【1667152】的GSD为【湖北-十堰】
2021-07-03 01:44:07 GSD insert 第 1 次 等待 1 秒
2021-07-03 01:44:08 {"status":"ok","msg":"添加成功！177892"}
2021-07-03 01:44:08 下次操作: 2021-07-03 01:44:15

2021-07-03 01:44:15 开始第 10 次操作

2021-07-03 01:44:15 开始操作号码 【1667153】
2021-07-03 01:44:34 GSD getOne 第 1 次 等待 1 秒
2021-07-03 01:44:35 查询号码 【1667153】，返回信息 {"status":"bad","msg":""}
2021-07-03 01:44:35 查询号码 【1667153】，GSD为【""】
2021-07-03 01:44:35 bad
2021-07-03 01:44:37 CHB 1667153?1625247875 第 1 次 等待 1 秒
2021-07-03 01:44:38 CHB 1667153?1625247875 第 1 次 获取到号码【1667153】GSD
2021-07-03 01:44:38 获取到号码【1667153】的GSD为【湖北-十堰】
2021-07-03 01:44:57 GSD insert 第 1 次 等待 1 秒
2021-07-03 01:44:58 {"status":"ok","msg":"添加成功！177905"}
2021-07-03 01:44:58 下次操作: 2021-07-03 01:45:07

2021-07-03 01:45:07 开始第 11 次操作

2021-07-03 01:45:07 开始操作号码 【1667154】
2021-07-03 01:45:18 GSD getOne 第 1 次 等待 1 秒
2021-07-03 01:45:19 查询号码 【1667154】，返回信息 {"status":"bad","msg":""}
2021-07-03 01:45:19 查询号码 【1667154】，GSD为【""】
2021-07-03 01:45:19 bad
2021-07-03 01:45:20 CHB 1667154?1625247919 第 1 次 等待 1 秒
2021-07-03 01:45:21 CHB 1667154?1625247919 第 1 次 获取到号码【1667154】GSD
2021-07-03 01:45:21 获取到号码【1667154】的GSD为【湖北-咸宁】
2021-07-03 01:45:49 GSD insert 第 1 次 等待 1 秒
2021-07-03 01:45:50 {"status":"ok","msg":"添加成功！177916"}
2021-07-03 01:45:50 下次操作: 2021-07-03 01:45:59

2021-07-03 01:45:59 开始第 12 次操作

2021-07-03 01:45:59 开始操作号码 【1667155】
2021-07-03 01:46:10 GSD getOne 第 1 次 等待 1 秒
2021-07-03 01:46:11 查询号码 【1667155】，返回信息 {"status":"bad","msg":""}
2021-07-03 01:46:11 查询号码 【1667155】，GSD为【""】
2021-07-03 01:46:11 bad
2021-07-03 01:46:13 CHB 1667155?1625247971 第 1 次 等待 1 秒
2021-07-03 01:46:14 CHB 1667155?1625247971 第 1 次 获取到号码【1667155】GSD
2021-07-03 01:46:14 获取到号码【1667155】的GSD为【湖北-咸宁】
2021-07-03 01:46:36 GSD insert 第 1 次 等待 1 秒
2021-07-03 01:46:37 {"status":"ok","msg":"添加成功！177928"}
2021-07-03 01:46:37 下次操作: 2021-07-03 01:46:48

2021-07-03 01:46:48 开始第 13 次操作

2021-07-03 01:46:48 开始操作号码 【1667156】
2021-07-03 01:47:00 GSD getOne 第 1 次 等待 1 秒
2021-07-03 01:47:01 查询号码 【1667156】，返回信息 {"status":"bad","msg":""}
2021-07-03 01:47:01 查询号码 【1667156】，GSD为【""】
2021-07-03 01:47:01 bad
2021-07-03 01:47:02 CHB 1667156?1625248021 第 1 次 等待 1 秒
2021-07-03 01:47:03 CHB 1667156?1625248021 第 1 次 获取到号码【1667156】GSD
2021-07-03 01:47:03 获取到号码【1667156】的GSD为【湖北-咸宁】
2021-07-03 01:47:22 GSD insert 第 1 次 等待 1 秒
2021-07-03 01:47:23 {"status":"ok","msg":"添加成功！177940"}
2021-07-03 01:47:23 下次操作: 2021-07-03 01:47:32

2021-07-03 01:47:32 开始第 14 次操作

2021-07-03 01:47:32 开始操作号码 【1667157】
2021-07-03 01:47:43 GSD getOne 第 1 次 等待 1 秒
2021-07-03 01:47:44 查询号码 【1667157】，返回信息 {"status":"bad","msg":""}
2021-07-03 01:47:45 查询号码 【1667157】，GSD为【""】
2021-07-03 01:47:45 bad
2021-07-03 01:47:47 CHB 1667157?1625248065 第 1 次 等待 1 秒
2021-07-03 01:47:48 CHB 1667157?1625248065 第 1 次 获取到号码【1667157】GSD
2021-07-03 01:47:48 获取到号码【1667157】的GSD为【湖北-咸宁】
2021-07-03 01:48:07 GSD insert 第 1 次 等待 1 秒
2021-07-03 01:48:08 {"status":"ok","msg":"添加成功！177952"}
2021-07-03 01:48:08 下次操作: 2021-07-03 01:48:20

2021-07-03 01:48:20 开始第 15 次操作

2021-07-03 01:48:20 开始操作号码 【1667158】
2021-07-03 01:48:28 GSD getOne 第 1 次 等待 1 秒
2021-07-03 01:48:29 查询号码 【1667158】，返回信息 {"status":"bad","msg":""}
2021-07-03 01:48:29 查询号码 【1667158】，GSD为【""】
2021-07-03 01:48:29 bad
2021-07-03 01:48:30 CHB 1667158?1625248109 第 1 次 等待 1 秒
2021-07-03 01:48:31 CHB 1667158?1625248109 第 1 次 获取到号码【1667158】GSD
2021-07-03 01:48:31 获取到号码【1667158】的GSD为【湖北-咸宁】
2021-07-03 01:48:50 GSD insert 第 1 次 等待 1 秒
2021-07-03 01:48:51 {"status":"ok","msg":"添加成功！177963"}
2021-07-03 01:48:51 下次操作: 2021-07-03 01:48:59

2021-07-03 01:48:59 开始第 16 次操作

2021-07-03 01:48:59 开始操作号码 【1667159】
2021-07-03 01:49:12 GSD getOne 第 1 次 等待 1 秒
2021-07-03 01:49:13 查询号码 【1667159】，返回信息 {"status":"bad","msg":""}
2021-07-03 01:49:14 查询号码 【1667159】，GSD为【""】
2021-07-03 01:49:14 bad
2021-07-03 01:49:15 CHB 1667159?1625248154 第 1 次 等待 1 秒
2021-07-03 01:49:16 CHB 1667159?1625248154 第 1 次 获取到号码【1667159】GSD
2021-07-03 01:49:16 获取到号码【1667159】的GSD为【湖北-襄阳】
2021-07-03 01:49:36 GSD insert 第 1 次 等待 1 秒
2021-07-03 01:49:37 {"status":"ok","msg":"添加成功！177973"}
2021-07-03 01:49:37 下次操作: 2021-07-03 01:49:49

2021-07-03 01:49:49 开始第 17 次操作

2021-07-03 01:49:49 开始操作号码 【1667160】
2021-07-03 01:49:55 GSD getOne 第 1 次 等待 1 秒
2021-07-03 01:49:56 查询号码 【1667160】，返回信息 {"status":"bad","msg":""}
2021-07-03 01:49:56 查询号码 【1667160】，GSD为【""】
2021-07-03 01:49:56 bad
2021-07-03 01:49:58 CHB 1667160?1625248196 第 1 次 等待 1 秒
2021-07-03 01:49:59 CHB 1667160?1625248196 第 1 次 获取到号码【1667160】GSD
2021-07-03 01:49:59 获取到号码【1667160】的GSD为【湖北-荆州】
2021-07-03 01:50:18 GSD insert 第 1 次 等待 1 秒
2021-07-03 01:50:19 {"status":"ok","msg":"添加成功！177984"}
2021-07-03 01:50:19 下次操作: 2021-07-03 01:50:36

2021-07-03 01:50:36 开始第 18 次操作

2021-07-03 01:50:36 开始操作号码 【1667161】
2021-07-03 01:50:40 GSD getOne 第 1 次 等待 1 秒
2021-07-03 01:50:41 查询号码 【1667161】，返回信息 {"status":"bad","msg":""}
2021-07-03 01:50:41 查询号码 【1667161】，GSD为【""】
2021-07-03 01:50:41 bad
2021-07-03 01:50:42 CHB 1667161?1625248241 第 1 次 等待 1 秒
2021-07-03 01:50:43 CHB 1667161?1625248241 第 1 次 获取到号码【1667161】GSD
2021-07-03 01:50:43 获取到号码【1667161】的GSD为【湖北-荆州】
2021-07-03 01:51:03 GSD insert 第 1 次 等待 1 秒
2021-07-03 01:51:04 {"status":"ok","msg":"添加成功！177994"}
2021-07-03 01:51:04 下次操作: 2021-07-03 01:51:14

2021-07-03 01:51:14 开始第 19 次操作

2021-07-03 01:51:14 开始操作号码 【1667162】
2021-07-03 01:51:25 GSD getOne 第 1 次 等待 1 秒
2021-07-03 01:51:26 查询号码 【1667162】，返回信息 {"status":"bad","msg":""}
2021-07-03 01:51:26 查询号码 【1667162】，GSD为【""】
2021-07-03 01:51:26 bad
2021-07-03 01:51:27 CHB 1667162?1625248286 第 1 次 等待 1 秒
2021-07-03 01:51:28 CHB 1667162?1625248286 第 1 次 获取到号码【1667162】GSD
2021-07-03 01:51:29 获取到号码【1667162】的GSD为【湖北-荆州】
2021-07-03 01:51:49 GSD insert 第 1 次 等待 1 秒
2021-07-03 01:51:50 {"status":"ok","msg":"添加成功！178005"}
2021-07-03 01:51:50 下次操作: 2021-07-03 01:52:05

2021-07-03 01:52:05 开始第 20 次操作

2021-07-03 01:52:05 开始操作号码 【1667163】
2021-07-03 01:52:09 GSD getOne 第 1 次 等待 1 秒
2021-07-03 01:52:10 查询号码 【1667163】，返回信息 {"status":"bad","msg":""}
2021-07-03 01:52:10 查询号码 【1667163】，GSD为【""】
2021-07-03 01:52:10 bad
2021-07-03 01:52:13 CHB 1667163?1625248330 第 1 次 等待 1 秒
2021-07-03 01:52:14 CHB 1667163?1625248330 第 1 次 获取到号码【1667163】GSD
2021-07-03 01:52:14 获取到号码【1667163】的GSD为【湖北-荆州】
2021-07-03 01:52:33 GSD insert 第 1 次 等待 1 秒
2021-07-03 01:52:34 {"status":"ok","msg":"添加成功！178013"}
2021-07-03 01:52:34 下次操作: 2021-07-03 01:52:40

2021-07-03 01:52:40 开始第 21 次操作

2021-07-03 01:52:40 开始操作号码 【1667164】
2021-07-03 01:52:59 GSD getOne 第 1 次 等待 1 秒
2021-07-03 01:53:00 查询号码 【1667164】，返回信息 {"status":"bad","msg":""}
2021-07-03 01:53:00 查询号码 【1667164】，GSD为【""】
2021-07-03 01:53:00 bad
2021-07-03 01:53:02 CHB 1667164?1625248380 第 1 次 等待 1 秒
2021-07-03 01:53:03 CHB 1667164?1625248380 第 1 次 获取到号码【1667164】GSD
2021-07-03 01:53:03 获取到号码【1667164】的GSD为【湖北-荆州】
2021-07-03 01:53:22 GSD insert 第 1 次 等待 1 秒
2021-07-03 01:53:23 {"status":"ok","msg":"添加成功！178023"}
2021-07-03 01:53:23 下次操作: 2021-07-03 01:53:34

2021-07-03 01:53:34 开始第 22 次操作

2021-07-03 01:53:34 开始操作号码 【1667165】
2021-07-03 01:53:45 GSD getOne 第 1 次 等待 1 秒
2021-07-03 01:53:46 查询号码 【1667165】，返回信息 {"status":"bad","msg":""}
2021-07-03 01:53:46 查询号码 【1667165】，GSD为【""】
2021-07-03 01:53:46 bad
2021-07-03 01:53:48 CHB 1667165?1625248426 第 1 次 等待 1 秒
2021-07-03 01:53:49 CHB 1667165?1625248426 第 1 次 获取到号码【1667165】GSD
2021-07-03 01:53:49 获取到号码【1667165】的GSD为【湖北-荆州】
2021-07-03 01:54:08 GSD insert 第 1 次 等待 1 秒
2021-07-03 01:54:09 {"status":"ok","msg":"添加成功！178031"}
2021-07-03 01:54:09 下次操作: 2021-07-03 01:54:23

2021-07-03 01:54:23 开始第 23 次操作

2021-07-03 01:54:23 开始操作号码 【1667166】
2021-07-03 01:54:28 GSD getOne 第 1 次 等待 1 秒
2021-07-03 01:54:29 查询号码 【1667166】，返回信息 {"status":"bad","msg":""}
2021-07-03 01:54:29 查询号码 【1667166】，GSD为【""】
2021-07-03 01:54:29 bad
2021-07-03 01:54:30 CHB 1667166?1625248469 第 1 次 等待 1 秒
2021-07-03 01:54:31 CHB 1667166?1625248469 第 1 次 获取到号码【1667166】GSD
2021-07-03 01:54:31 获取到号码【1667166】的GSD为【湖北-荆州】
2021-07-03 01:54:50 GSD insert 第 1 次 等待 1 秒
2021-07-03 01:54:51 {"status":"ok","msg":"添加成功！178037"}
2021-07-03 01:54:51 下次操作: 2021-07-03 01:55:05

2021-07-03 01:55:05 开始第 24 次操作

2021-07-03 01:55:05 开始操作号码 【1667167】
2021-07-03 01:55:10 GSD getOne 第 1 次 等待 1 秒
2021-07-03 01:55:11 查询号码 【1667167】，返回信息 {"status":"bad","msg":""}
2021-07-03 01:55:11 查询号码 【1667167】，GSD为【""】
2021-07-03 01:55:11 bad
2021-07-03 01:55:13 CHB 1667167?1625248511 第 1 次 等待 1 秒
2021-07-03 01:55:14 CHB 1667167?1625248511 第 1 次 获取到号码【1667167】GSD
2021-07-03 01:55:14 获取到号码【1667167】的GSD为【湖北-荆州】
2021-07-03 01:55:33 GSD insert 第 1 次 等待 1 秒
2021-07-03 01:55:34 {"status":"ok","msg":"添加成功！178044"}
2021-07-03 01:55:34 下次操作: 2021-07-03 01:55:51

2021-07-03 01:55:51 开始第 25 次操作

2021-07-03 01:55:51 开始操作号码 【1667168】
2021-07-03 01:55:55 GSD getOne 第 1 次 等待 1 秒
2021-07-03 01:55:56 查询号码 【1667168】，返回信息 {"status":"bad","msg":""}
2021-07-03 01:55:56 查询号码 【1667168】，GSD为【""】
2021-07-03 01:55:56 bad
2021-07-03 01:55:58 CHB 1667168?1625248556 第 1 次 等待 1 秒
2021-07-03 01:55:59 CHB 1667168?1625248556 第 1 次 获取到号码【1667168】GSD
2021-07-03 01:55:59 获取到号码【1667168】的GSD为【湖北-荆州】
2021-07-03 01:56:19 GSD insert 第 1 次 等待 1 秒
2021-07-03 01:56:20 {"status":"ok","msg":"添加成功！178053"}
2021-07-03 01:56:20 下次操作: 2021-07-03 01:56:26

2021-07-03 01:56:26 开始第 26 次操作

2021-07-03 01:56:26 开始操作号码 【1667169】
2021-07-03 01:56:45 GSD getOne 第 1 次 等待 1 秒
2021-07-03 01:56:46 查询号码 【1667169】，返回信息 {"status":"bad","msg":""}
2021-07-03 01:56:46 查询号码 【1667169】，GSD为【""】
2021-07-03 01:56:46 bad
2021-07-03 01:56:48 CHB 1667169?1625248606 第 1 次 等待 1 秒
2021-07-03 01:56:49 CHB 1667169?1625248606 第 1 次 获取到号码【1667169】GSD
2021-07-03 01:56:49 获取到号码【1667169】的GSD为【湖北-荆州】
2021-07-03 01:57:09 GSD insert 第 1 次 等待 1 秒
2021-07-03 01:57:10 {"status":"ok","msg":"添加成功！178059"}
2021-07-03 01:57:10 下次操作: 2021-07-03 01:57:17

2021-07-03 01:57:17 开始第 27 次操作

2021-07-03 01:57:17 开始操作号码 【1667170】
2021-07-03 01:57:36 GSD getOne 第 1 次 等待 1 秒
2021-07-03 01:57:37 查询号码 【1667170】，返回信息 {"status":"bad","msg":""}
2021-07-03 01:57:37 查询号码 【1667170】，GSD为【""】
2021-07-03 01:57:37 bad
2021-07-03 01:57:38 CHB 1667170?1625248657 第 1 次 等待 1 秒
2021-07-03 01:57:39 CHB 1667170?1625248657 第 1 次 获取到号码【1667170】GSD
2021-07-03 01:57:39 获取到号码【1667170】的GSD为【湖北-宜昌】
2021-07-03 01:57:58 GSD insert 第 1 次 等待 1 秒
2021-07-03 01:57:59 {"status":"ok","msg":"添加成功！178070"}
2021-07-03 01:57:59 下次操作: 2021-07-03 01:58:11

2021-07-03 01:58:11 开始第 28 次操作

2021-07-03 01:58:11 开始操作号码 【1667171】
2021-07-03 01:58:22 GSD getOne 第 1 次 等待 1 秒
2021-07-03 01:58:23 查询号码 【1667171】，返回信息 {"status":"bad","msg":""}
2021-07-03 01:58:23 查询号码 【1667171】，GSD为【""】
2021-07-03 01:58:23 bad
2021-07-03 01:58:25 CHB 1667171?1625248703 第 1 次 等待 1 秒
2021-07-03 01:58:26 CHB 1667171?1625248703 第 1 次 获取到号码【1667171】GSD
2021-07-03 01:58:26 获取到号码【1667171】的GSD为【湖北-宜昌】
2021-07-03 01:58:45 GSD insert 第 1 次 等待 1 秒
2021-07-03 01:58:46 {"status":"ok","msg":"添加成功！178077"}
2021-07-03 01:58:46 下次操作: 2021-07-03 01:58:52

2021-07-03 01:58:52 开始第 29 次操作

2021-07-03 01:58:52 开始操作号码 【1667172】
2021-07-03 01:59:11 GSD getOne 第 1 次 等待 1 秒
2021-07-03 01:59:12 查询号码 【1667172】，返回信息 {"status":"bad","msg":""}
2021-07-03 01:59:12 查询号码 【1667172】，GSD为【""】
2021-07-03 01:59:12 bad
2021-07-03 01:59:14 CHB 1667172?1625248752 第 1 次 等待 1 秒
2021-07-03 01:59:15 CHB 1667172?1625248752 第 1 次 获取到号码【1667172】GSD
2021-07-03 01:59:15 获取到号码【1667172】的GSD为【湖北-宜昌】
2021-07-03 01:59:34 GSD insert 第 1 次 等待 1 秒
2021-07-03 01:59:35 {"status":"ok","msg":"添加成功！178083"}
2021-07-03 01:59:35 下次操作: 2021-07-03 01:59:51

2021-07-03 01:59:51 开始第 30 次操作

2021-07-03 01:59:51 开始操作号码 【1667173】
2021-07-03 01:59:54 GSD getOne 第 1 次 等待 1 秒
2021-07-03 01:59:55 查询号码 【1667173】，返回信息 {"status":"bad","msg":""}
2021-07-03 01:59:55 查询号码 【1667173】，GSD为【""】
2021-07-03 01:59:55 bad
2021-07-03 01:59:57 CHB 1667173?1625248795 第 1 次 等待 1 秒
2021-07-03 01:59:58 CHB 1667173?1625248795 第 1 次 获取到号码【1667173】GSD
2021-07-03 01:59:58 获取到号码【1667173】的GSD为【湖北-宜昌】
2021-07-03 02:00:17 GSD insert 第 1 次 等待 1 秒
2021-07-03 02:00:18 {"status":"ok","msg":"添加成功！178086"}

2021-07-03 02:56:19 开始第 1 次操作

2021-07-03 02:56:19 开始操作号码 【1667174】
2021-07-03 02:56:23 GSD getOne 第 1 次 等待 1 秒
2021-07-03 02:56:24 查询号码 【1667174】，返回信息 {"status":"bad","msg":""}
2021-07-03 02:56:24 查询号码 【1667174】，GSD为【""】
2021-07-03 02:56:24 bad
2021-07-03 02:56:26 CHB 1667174?1625252184 第 1 次 等待 1 秒
2021-07-03 02:56:27 CHB 1667174?1625252184 第 1 次 获取到号码【1667174】GSD
2021-07-03 02:56:27 获取到号码【1667174】的GSD为【湖北-宜昌】
2021-07-03 02:56:46 GSD insert 第 1 次 等待 1 秒
2021-07-03 02:56:47 {"status":"ok","msg":"添加成功！178200"}
2021-07-03 02:56:47 下次操作: 2021-07-03 02:57:05

2021-07-03 02:57:05 开始第 2 次操作

2021-07-03 02:57:05 开始操作号码 【1667175】
2021-07-03 02:57:09 GSD getOne 第 1 次 等待 1 秒
2021-07-03 02:57:10 查询号码 【1667175】，返回信息 {"status":"bad","msg":""}
2021-07-03 02:57:10 查询号码 【1667175】，GSD为【""】
2021-07-03 02:57:10 bad
2021-07-03 02:57:11 CHB 1667175?1625252230 第 1 次 等待 1 秒
2021-07-03 02:57:12 CHB 1667175?1625252230 第 1 次 获取到号码【1667175】GSD
2021-07-03 02:57:12 获取到号码【1667175】的GSD为【湖北-宜昌】
2021-07-03 02:57:31 GSD insert 第 1 次 等待 1 秒
2021-07-03 02:57:32 {"status":"ok","msg":"添加成功！178210"}
2021-07-03 02:57:32 下次操作: 2021-07-03 02:57:41

2021-07-03 02:57:41 开始第 3 次操作

2021-07-03 02:57:41 开始操作号码 【1667176】
2021-07-03 02:58:02 GSD getOne 第 1 次 等待 1 秒
2021-07-03 02:58:03 查询号码 【1667176】，返回信息 {"status":"bad","msg":""}
2021-07-03 02:58:03 查询号码 【1667176】，GSD为【""】
2021-07-03 02:58:03 bad
2021-07-03 02:58:04 CHB 1667176?1625252283 第 1 次 等待 1 秒
2021-07-03 02:58:05 CHB 1667176?1625252283 第 1 次 获取到号码【1667176】GSD
2021-07-03 02:58:05 获取到号码【1667176】的GSD为【湖北-宜昌】
2021-07-03 02:58:24 GSD insert 第 1 次 等待 1 秒
2021-07-03 02:58:25 {"status":"ok","msg":"添加成功！178222"}
2021-07-03 02:58:25 下次操作: 2021-07-03 02:58:38

2021-07-03 02:58:38 开始第 4 次操作

2021-07-03 02:58:38 开始操作号码 【1667177】
2021-07-03 02:58:51 GSD getOne 第 1 次 等待 1 秒
2021-07-03 02:58:52 查询号码 【1667177】，返回信息 {"status":"bad","msg":""}
2021-07-03 02:58:52 查询号码 【1667177】，GSD为【""】
2021-07-03 02:58:52 bad
2021-07-03 02:58:53 CHB 1667177?1625252332 第 1 次 等待 1 秒
2021-07-03 02:58:54 CHB 1667177?1625252332 第 1 次 获取到号码【1667177】GSD
2021-07-03 02:58:54 获取到号码【1667177】的GSD为【湖北-宜昌】
2021-07-03 02:59:13 GSD insert 第 1 次 等待 1 秒
2021-07-03 02:59:14 {"status":"ok","msg":"添加成功！178237"}
2021-07-03 02:59:14 下次操作: 2021-07-03 02:59:28

2021-07-03 02:59:28 开始第 5 次操作

2021-07-03 02:59:28 开始操作号码 【1667178】
2021-07-03 02:59:36 GSD getOne 第 1 次 等待 1 秒
2021-07-03 02:59:37 查询号码 【1667178】，返回信息 {"status":"bad","msg":""}
2021-07-03 02:59:37 查询号码 【1667178】，GSD为【""】
2021-07-03 02:59:37 bad
2021-07-03 02:59:39 CHB 1667178?1625252377 第 1 次 等待 1 秒
2021-07-03 02:59:40 CHB 1667178?1625252377 第 1 次 获取到号码【1667178】GSD
2021-07-03 02:59:40 获取到号码【1667178】的GSD为【湖北-宜昌】
2021-07-03 02:59:59 GSD insert 第 1 次 等待 1 秒
2021-07-03 03:00:00 {"status":"ok","msg":"添加成功！178250"}
2021-07-03 03:00:00 下次操作: 2021-07-03 03:00:14

2021-07-03 03:00:14 开始第 6 次操作

2021-07-03 03:00:14 开始操作号码 【1667179】
2021-07-03 03:00:22 GSD getOne 第 1 次 等待 1 秒
2021-07-03 03:00:23 查询号码 【1667179】，返回信息 {"status":"bad","msg":""}
2021-07-03 03:00:23 查询号码 【1667179】，GSD为【""】
2021-07-03 03:00:23 bad
2021-07-03 03:00:24 CHB 1667179?1625252423 第 1 次 等待 1 秒
2021-07-03 03:00:25 CHB 1667179?1625252423 第 1 次 获取到号码【1667179】GSD
2021-07-03 03:00:25 获取到号码【1667179】的GSD为【湖北-宜昌】
2021-07-03 03:00:45 GSD insert 第 1 次 等待 1 秒
2021-07-03 03:00:46 {"status":"ok","msg":"添加成功！178260"}
2021-07-03 03:00:46 下次操作: 2021-07-03 03:00:54

2021-07-03 03:00:54 开始第 7 次操作

2021-07-03 03:00:54 开始操作号码 【1667180】
2021-07-03 03:01:13 GSD getOne 第 1 次 等待 1 秒
2021-07-03 03:01:14 查询号码 【1667180】，返回信息 {"status":"bad","msg":""}
2021-07-03 03:01:14 查询号码 【1667180】，GSD为【""】
2021-07-03 03:01:14 bad
2021-07-03 03:01:15 CHB 1667180?1625252474 第 1 次 等待 1 秒
2021-07-03 03:01:16 CHB 1667180?1625252474 第 1 次 获取到号码【1667180】GSD
2021-07-03 03:01:16 获取到号码【1667180】的GSD为【湖北-十堰】
2021-07-03 03:01:35 GSD insert 第 1 次 等待 1 秒
2021-07-03 03:01:36 {"status":"ok","msg":"添加成功！178271"}
2021-07-03 03:01:36 下次操作: 2021-07-03 03:01:44

2021-07-03 03:01:44 开始第 8 次操作

2021-07-03 03:01:44 开始操作号码 【1667181】
2021-07-03 03:02:03 GSD getOne 第 1 次 等待 1 秒
2021-07-03 03:02:04 查询号码 【1667181】，返回信息 {"status":"bad","msg":""}
2021-07-03 03:02:05 查询号码 【1667181】，GSD为【""】
2021-07-03 03:02:05 bad
2021-07-03 03:02:06 CHB 1667181?1625252525 第 1 次 等待 1 秒
2021-07-03 03:02:07 CHB 1667181?1625252525 第 1 次 获取到号码【1667181】GSD
2021-07-03 03:02:07 获取到号码【1667181】的GSD为【湖北-十堰】
2021-07-03 03:02:26 GSD insert 第 1 次 等待 1 秒
2021-07-03 03:02:27 {"status":"ok","msg":"添加成功！178281"}
2021-07-03 03:02:27 下次操作: 2021-07-03 03:02:35

2021-07-03 03:02:35 开始第 9 次操作

2021-07-03 03:02:35 开始操作号码 【1667182】
2021-07-03 03:02:55 GSD getOne 第 1 次 等待 1 秒
2021-07-03 03:02:56 查询号码 【1667182】，返回信息 {"status":"bad","msg":""}
2021-07-03 03:02:56 查询号码 【1667182】，GSD为【""】
2021-07-03 03:02:56 bad
2021-07-03 03:02:57 CHB 1667182?1625252576 第 1 次 等待 1 秒
2021-07-03 03:02:58 CHB 1667182?1625252576 第 1 次 获取到号码【1667182】GSD
2021-07-03 03:02:58 获取到号码【1667182】的GSD为【湖北-十堰】
2021-07-03 03:03:17 GSD insert 第 1 次 等待 1 秒
2021-07-03 03:03:18 {"status":"ok","msg":"添加成功！178291"}
2021-07-03 03:03:18 下次操作: 2021-07-03 03:03:33

2021-07-03 03:03:33 开始第 10 次操作

2021-07-03 03:03:33 开始操作号码 【1667183】
2021-07-03 03:03:40 GSD getOne 第 1 次 等待 1 秒
2021-07-03 03:03:41 查询号码 【1667183】，返回信息 {"status":"bad","msg":""}
2021-07-03 03:03:41 查询号码 【1667183】，GSD为【""】
2021-07-03 03:03:41 bad
2021-07-03 03:03:42 CHB 1667183?1625252621 第 1 次 等待 1 秒
2021-07-03 03:03:43 CHB 1667183?1625252621 第 1 次 获取到号码【1667183】GSD
2021-07-03 03:03:44 获取到号码【1667183】的GSD为【湖北-十堰】
2021-07-03 03:04:03 GSD insert 第 1 次 等待 1 秒
2021-07-03 03:04:04 {"status":"ok","msg":"添加成功！178300"}
2021-07-03 03:04:04 下次操作: 2021-07-03 03:04:12

2021-07-03 03:04:12 开始第 11 次操作

2021-07-03 03:04:12 开始操作号码 【1667184】
2021-07-03 03:04:31 GSD getOne 第 1 次 等待 1 秒
2021-07-03 03:04:32 查询号码 【1667184】，返回信息 {"status":"bad","msg":""}
2021-07-03 03:04:32 查询号码 【1667184】，GSD为【""】
2021-07-03 03:04:32 bad
2021-07-03 03:04:33 CHB 1667184?1625252672 第 1 次 等待 1 秒
2021-07-03 03:04:34 CHB 1667184?1625252672 第 1 次 获取到号码【1667184】GSD
2021-07-03 03:04:34 获取到号码【1667184】的GSD为【湖北-咸宁】
2021-07-03 03:04:57 GSD insert 第 1 次 等待 1 秒
2021-07-03 03:04:58 {"status":"ok","msg":"添加成功！178312"}
2021-07-03 03:04:58 下次操作: 2021-07-03 03:05:16

2021-07-03 03:05:16 开始第 12 次操作

2021-07-03 03:05:16 开始操作号码 【1667185】
2021-07-03 03:05:20 GSD getOne 第 1 次 等待 1 秒
2021-07-03 03:05:21 查询号码 【1667185】，返回信息 {"status":"bad","msg":""}
2021-07-03 03:05:21 查询号码 【1667185】，GSD为【""】
2021-07-03 03:05:21 bad
2021-07-03 03:05:22 CHB 1667185?1625252721 第 1 次 等待 1 秒
2021-07-03 03:05:23 CHB 1667185?1625252721 第 1 次 获取到号码【1667185】GSD
2021-07-03 03:05:23 获取到号码【1667185】的GSD为【湖北-咸宁】
2021-07-03 03:05:48 GSD insert 第 1 次 等待 1 秒
2021-07-03 03:05:49 {"status":"ok","msg":"添加成功！178320"}
2021-07-03 03:05:49 下次操作: 2021-07-03 03:06:05

2021-07-03 03:06:05 开始第 13 次操作

2021-07-03 03:06:05 开始操作号码 【1667186】
2021-07-03 03:06:10 GSD getOne 第 1 次 等待 1 秒
2021-07-03 03:06:11 查询号码 【1667186】，返回信息 {"status":"bad","msg":""}
2021-07-03 03:06:11 查询号码 【1667186】，GSD为【""】
2021-07-03 03:06:11 bad
2021-07-03 03:06:12 CHB 1667186?1625252771 第 1 次 等待 1 秒
2021-07-03 03:06:13 CHB 1667186?1625252771 第 1 次 获取到号码【1667186】GSD
2021-07-03 03:06:14 获取到号码【1667186】的GSD为【湖北-咸宁】
2021-07-03 03:06:34 GSD insert 第 1 次 等待 1 秒
2021-07-03 03:06:35 {"status":"ok","msg":"添加成功！178332"}
2021-07-03 03:06:35 下次操作: 2021-07-03 03:06:50

2021-07-03 03:06:50 开始第 14 次操作

2021-07-03 03:06:50 开始操作号码 【1667187】
2021-07-03 03:06:57 GSD getOne 第 1 次 等待 1 秒
2021-07-03 03:06:58 查询号码 【1667187】，返回信息 {"status":"bad","msg":""}
2021-07-03 03:06:58 查询号码 【1667187】，GSD为【""】
2021-07-03 03:06:58 bad
2021-07-03 03:06:59 CHB 1667187?1625252818 第 1 次 等待 1 秒
2021-07-03 03:07:00 CHB 1667187?1625252818 第 1 次 获取到号码【1667187】GSD
2021-07-03 03:07:00 获取到号码【1667187】的GSD为【湖北-咸宁】
2021-07-03 03:07:27 GSD insert 第 1 次 等待 1 秒
2021-07-03 03:07:28 {"status":"ok","msg":"添加成功！178342"}
2021-07-03 03:07:28 下次操作: 2021-07-03 03:07:46

2021-07-03 03:07:46 开始第 15 次操作

2021-07-03 03:07:46 开始操作号码 【1667188】
2021-07-03 03:07:49 GSD getOne 第 1 次 等待 1 秒
2021-07-03 03:07:50 查询号码 【1667188】，返回信息 {"status":"bad","msg":""}
2021-07-03 03:07:51 查询号码 【1667188】，GSD为【""】
2021-07-03 03:07:51 bad
2021-07-03 03:07:52 CHB 1667188?1625252871 第 1 次 等待 1 秒
2021-07-03 03:07:53 CHB 1667188?1625252871 第 1 次 获取到号码【1667188】GSD
2021-07-03 03:07:53 获取到号码【1667188】的GSD为【湖北-咸宁】
2021-07-03 03:08:12 GSD insert 第 1 次 等待 1 秒
2021-07-03 03:08:13 {"status":"ok","msg":"添加成功！178350"}
2021-07-03 03:08:13 下次操作: 2021-07-03 03:08:24

2021-07-03 03:08:24 开始第 16 次操作

2021-07-03 03:08:24 开始操作号码 【1667189】
2021-07-03 03:08:35 GSD getOne 第 1 次 等待 1 秒
2021-07-03 03:08:36 查询号码 【1667189】，返回信息 {"status":"bad","msg":""}
2021-07-03 03:08:36 查询号码 【1667189】，GSD为【""】
2021-07-03 03:08:36 bad
2021-07-03 03:08:37 CHB 1667189?1625252916 第 1 次 等待 1 秒
2021-07-03 03:08:38 CHB 1667189?1625252916 第 1 次 获取到号码【1667189】GSD
2021-07-03 03:08:38 获取到号码【1667189】的GSD为【湖北-鄂州】
2021-07-03 03:08:57 GSD insert 第 1 次 等待 1 秒
2021-07-03 03:08:58 {"status":"ok","msg":"添加成功！178358"}
2021-07-03 03:08:58 下次操作: 2021-07-03 03:09:05

2021-07-03 03:09:05 开始第 17 次操作

2021-07-03 03:09:05 开始操作号码 【1667190】
2021-07-03 03:09:24 GSD getOne 第 1 次 等待 1 秒
2021-07-03 03:09:25 查询号码 【1667190】，返回信息 {"status":"bad","msg":""}
2021-07-03 03:09:25 查询号码 【1667190】，GSD为【""】
2021-07-03 03:09:25 bad
2021-07-03 03:09:27 CHB 1667190?1625252965 第 1 次 等待 1 秒
2021-07-03 03:09:28 CHB 1667190?1625252965 第 1 次 获取到号码【1667190】GSD
2021-07-03 03:09:28 获取到号码【1667190】的GSD为【湖南-邵阳】
2021-07-03 03:09:48 GSD insert 第 1 次 等待 1 秒
2021-07-03 03:09:49 {"status":"ok","msg":"添加成功！178365"}
2021-07-03 03:09:49 下次操作: 2021-07-03 03:10:00

2021-07-03 03:10:00 开始第 18 次操作

2021-07-03 03:10:00 开始操作号码 【1667191】
2021-07-03 03:10:10 GSD getOne 第 1 次 等待 1 秒
2021-07-03 03:10:11 查询号码 【1667191】，返回信息 {"status":"bad","msg":""}
2021-07-03 03:10:11 查询号码 【1667191】，GSD为【""】
2021-07-03 03:10:11 bad
2021-07-03 03:10:13 CHB 1667191?1625253011 第 1 次 等待 1 秒
2021-07-03 03:10:14 CHB 1667191?1625253011 第 1 次 获取到号码【1667191】GSD
2021-07-03 03:10:14 获取到号码【1667191】的GSD为【湖南-邵阳】
2021-07-03 03:10:33 GSD insert 第 1 次 等待 1 秒
2021-07-03 03:10:34 {"status":"ok","msg":"添加成功！178371"}
2021-07-03 03:10:34 下次操作: 2021-07-03 03:10:46

2021-07-03 03:10:46 开始第 19 次操作

2021-07-03 03:10:46 开始操作号码 【1667192】
2021-07-03 03:10:57 GSD getOne 第 1 次 等待 1 秒
2021-07-03 03:10:58 查询号码 【1667192】，返回信息 {"status":"bad","msg":""}
2021-07-03 03:10:58 查询号码 【1667192】，GSD为【""】
2021-07-03 03:10:58 bad
2021-07-03 03:10:59 CHB 1667192?1625253058 第 1 次 等待 1 秒
2021-07-03 03:11:00 CHB 1667192?1625253058 第 1 次 获取到号码【1667192】GSD
2021-07-03 03:11:00 获取到号码【1667192】的GSD为【湖南-邵阳】
2021-07-03 03:11:20 GSD insert 第 1 次 等待 1 秒
2021-07-03 03:11:21 {"status":"ok","msg":"添加成功！178378"}
2021-07-03 03:11:21 下次操作: 2021-07-03 03:11:37

2021-07-03 03:11:37 开始第 20 次操作

2021-07-03 03:11:37 开始操作号码 【1667193】
2021-07-03 03:11:41 GSD getOne 第 1 次 等待 1 秒
2021-07-03 03:11:42 查询号码 【1667193】，返回信息 {"status":"bad","msg":""}
2021-07-03 03:11:42 查询号码 【1667193】，GSD为【""】
2021-07-03 03:11:42 bad
2021-07-03 03:11:44 CHB 1667193?1625253102 第 1 次 等待 1 秒
2021-07-03 03:11:45 CHB 1667193?1625253102 第 1 次 获取到号码【1667193】GSD
2021-07-03 03:11:45 获取到号码【1667193】的GSD为【湖南-邵阳】
2021-07-03 03:12:04 GSD insert 第 1 次 等待 1 秒
2021-07-03 03:12:05 {"status":"ok","msg":"添加成功！178384"}
2021-07-03 03:12:05 下次操作: 2021-07-03 03:12:22

2021-07-03 03:12:22 开始第 21 次操作

2021-07-03 03:12:22 开始操作号码 【1667194】
2021-07-03 03:12:25 GSD getOne 第 1 次 等待 1 秒
2021-07-03 03:12:26 查询号码 【1667194】，返回信息 {"status":"bad","msg":""}
2021-07-03 03:12:27 查询号码 【1667194】，GSD为【""】
2021-07-03 03:12:27 bad
2021-07-03 03:12:28 CHB 1667194?1625253147 第 1 次 等待 1 秒
2021-07-03 03:12:29 CHB 1667194?1625253147 第 1 次 获取到号码【1667194】GSD
2021-07-03 03:12:29 获取到号码【1667194】的GSD为【湖南-邵阳】
2021-07-03 03:12:50 GSD insert 第 1 次 等待 1 秒
2021-07-03 03:12:51 {"status":"ok","msg":"添加成功！178391"}
2021-07-03 03:12:51 下次操作: 2021-07-03 03:13:07

2021-07-03 03:13:07 开始第 22 次操作

2021-07-03 03:13:07 开始操作号码 【1667195】
2021-07-03 03:13:12 GSD getOne 第 1 次 等待 1 秒
2021-07-03 03:13:13 查询号码 【1667195】，返回信息 {"status":"bad","msg":""}
2021-07-03 03:13:13 查询号码 【1667195】，GSD为【""】
2021-07-03 03:13:13 bad
2021-07-03 03:13:14 CHB 1667195?1625253193 第 1 次 等待 1 秒
2021-07-03 03:13:15 CHB 1667195?1625253193 第 1 次 获取到号码【1667195】GSD
2021-07-03 03:13:15 获取到号码【1667195】的GSD为【湖南-邵阳】
2021-07-03 03:13:34 GSD insert 第 1 次 等待 1 秒
2021-07-03 03:13:35 {"status":"ok","msg":"添加成功！178397"}
2021-07-03 03:13:35 下次操作: 2021-07-03 03:13:44

2021-07-03 03:13:44 开始第 23 次操作

2021-07-03 03:13:44 开始操作号码 【1667196】
2021-07-03 03:14:04 GSD getOne 第 1 次 等待 1 秒
2021-07-03 03:14:05 查询号码 【1667196】，返回信息 {"status":"bad","msg":""}
2021-07-03 03:14:05 查询号码 【1667196】，GSD为【""】
2021-07-03 03:14:05 bad
2021-07-03 03:14:06 CHB 1667196?1625253245 第 1 次 等待 1 秒
2021-07-03 03:14:07 CHB 1667196?1625253245 第 1 次 获取到号码【1667196】GSD
2021-07-03 03:14:07 获取到号码【1667196】的GSD为【湖南-邵阳】
2021-07-03 03:14:26 GSD insert 第 1 次 等待 1 秒
2021-07-03 03:14:27 {"status":"ok","msg":"添加成功！178405"}
2021-07-03 03:14:27 下次操作: 2021-07-03 03:14:45

2021-07-03 03:14:45 开始第 24 次操作

2021-07-03 03:14:45 开始操作号码 【1667197】
2021-07-03 03:14:49 GSD getOne 第 1 次 等待 1 秒
2021-07-03 03:14:50 查询号码 【1667197】，返回信息 {"status":"bad","msg":""}
2021-07-03 03:14:50 查询号码 【1667197】，GSD为【""】
2021-07-03 03:14:50 bad
2021-07-03 03:14:51 CHB 1667197?1625253290 第 1 次 等待 1 秒
2021-07-03 03:14:52 CHB 1667197?1625253290 第 1 次 获取到号码【1667197】GSD
2021-07-03 03:14:52 获取到号码【1667197】的GSD为【湖南-邵阳】
2021-07-03 03:15:11 GSD insert 第 1 次 等待 1 秒
2021-07-03 03:15:12 {"status":"ok","msg":"添加成功！178411"}
2021-07-03 03:15:12 下次操作: 2021-07-03 03:15:21

2021-07-03 03:15:21 开始第 25 次操作

2021-07-03 03:15:21 开始操作号码 【1667198】
2021-07-03 03:15:42 GSD getOne 第 1 次 等待 1 秒
2021-07-03 03:15:43 查询号码 【1667198】，返回信息 {"status":"bad","msg":""}
2021-07-03 03:15:43 查询号码 【1667198】，GSD为【""】
2021-07-03 03:15:43 bad
2021-07-03 03:15:44 CHB 1667198?1625253343 第 1 次 等待 1 秒
2021-07-03 03:15:45 CHB 1667198?1625253343 第 1 次 获取到号码【1667198】GSD
2021-07-03 03:15:45 获取到号码【1667198】的GSD为【湖南-邵阳】
2021-07-03 03:16:04 GSD insert 第 1 次 等待 1 秒
2021-07-03 03:16:05 {"status":"ok","msg":"添加成功！178418"}
2021-07-03 03:16:05 下次操作: 2021-07-03 03:16:23

2021-07-03 03:16:23 开始第 26 次操作

2021-07-03 03:16:23 开始操作号码 【1667199】
2021-07-03 03:16:27 GSD getOne 第 1 次 等待 1 秒
2021-07-03 03:16:28 查询号码 【1667199】，返回信息 {"status":"bad","msg":""}
2021-07-03 03:16:28 查询号码 【1667199】，GSD为【""】
2021-07-03 03:16:28 bad
2021-07-03 03:16:29 CHB 1667199?1625253388 第 1 次 等待 1 秒
2021-07-03 03:16:30 CHB 1667199?1625253388 第 1 次 获取到号码【1667199】GSD
2021-07-03 03:16:30 获取到号码【1667199】的GSD为【湖南-邵阳】
2021-07-03 03:16:49 GSD insert 第 1 次 等待 1 秒
2021-07-03 03:16:50 {"status":"ok","msg":"添加成功！178423"}
2021-07-03 03:16:50 下次操作: 2021-07-03 03:17:00

2021-07-03 03:17:00 开始第 27 次操作

2021-07-03 03:17:00 开始操作号码 【1667200】
2021-07-03 03:17:12 GSD getOne 第 1 次 等待 1 秒
2021-07-03 03:17:13 查询号码 【1667200】，返回信息 {"status":"bad","msg":""}
2021-07-03 03:17:13 查询号码 【1667200】，GSD为【""】
2021-07-03 03:17:13 bad
2021-07-03 03:17:14 CHB 1667200?1625253433 第 1 次 等待 1 秒
2021-07-03 03:17:15 CHB 1667200?1625253433 第 1 次 获取到号码【1667200】GSD
2021-07-03 03:17:15 获取到号码【1667200】的GSD为【湖北-恩施】
2021-07-03 03:17:35 GSD insert 第 1 次 等待 1 秒
2021-07-03 03:17:36 {"status":"ok","msg":"添加成功！178430"}
2021-07-03 03:17:36 下次操作: 2021-07-03 03:17:46

2021-07-03 03:17:46 开始第 28 次操作

2021-07-03 03:17:46 开始操作号码 【1667201】
2021-07-03 03:18:00 GSD getOne 第 1 次 等待 1 秒
2021-07-03 03:18:01 查询号码 【1667201】，返回信息 {"status":"ok","msg":"湖北-恩施","time_insert":"2021-04-21 16:35"}
2021-07-03 03:18:01 查询号码 【1667201】，GSD为【"湖北-恩施"】

2021-07-03 03:18:01 开始第 28 次操作

2021-07-03 03:18:01 开始操作号码 【1667202】
2021-07-03 03:18:37 GSD getOne 第 1 次 等待 1 秒
2021-07-03 03:18:38 查询号码 【1667202】，返回信息 {"status":"bad","msg":""}
2021-07-03 03:18:38 查询号码 【1667202】，GSD为【""】
2021-07-03 03:18:38 bad
2021-07-03 03:18:39 CHB 1667202?1625253518 第 1 次 等待 1 秒
2021-07-03 03:18:40 CHB 1667202?1625253518 第 1 次 获取到号码【1667202】GSD
2021-07-03 03:18:40 获取到号码【1667202】的GSD为【湖北-恩施】
2021-07-03 03:19:02 GSD insert 第 1 次 等待 1 秒
2021-07-03 03:19:03 {"status":"ok","msg":"添加成功！178441"}
2021-07-03 03:19:03 下次操作: 2021-07-03 03:19:17

2021-07-03 03:19:17 开始第 29 次操作

2021-07-03 03:19:17 开始操作号码 【1667203】
2021-07-03 03:19:24 GSD getOne 第 1 次 等待 1 秒
2021-07-03 03:19:25 查询号码 【1667203】，返回信息 {"status":"bad","msg":""}
2021-07-03 03:19:25 查询号码 【1667203】，GSD为【""】
2021-07-03 03:19:25 bad
2021-07-03 03:19:27 CHB 1667203?1625253565 第 1 次 等待 1 秒
2021-07-03 03:19:28 CHB 1667203?1625253565 第 1 次 获取到号码【1667203】GSD
2021-07-03 03:19:28 获取到号码【1667203】的GSD为【湖北-恩施】
2021-07-03 03:19:47 GSD insert 第 1 次 等待 1 秒
2021-07-03 03:19:48 {"status":"ok","msg":"添加成功！178446"}
2021-07-03 03:19:48 下次操作: 2021-07-03 03:19:59

2021-07-03 03:19:59 开始第 30 次操作

2021-07-03 03:19:59 开始操作号码 【1667204】
2021-07-03 03:20:14 GSD getOne 第 1 次 等待 1 秒
2021-07-03 03:20:15 查询号码 【1667204】，返回信息 {"status":"bad","msg":""}
2021-07-03 03:20:15 查询号码 【1667204】，GSD为【""】
2021-07-03 03:20:15 bad
2021-07-03 03:20:16 CHB 1667204?1625253615 第 1 次 等待 1 秒
2021-07-03 03:20:17 CHB 1667204?1625253615 第 1 次 获取到号码【1667204】GSD
2021-07-03 03:20:17 获取到号码【1667204】的GSD为【湖北-恩施】
2021-07-03 03:20:36 GSD insert 第 1 次 等待 1 秒
2021-07-03 03:20:37 {"status":"ok","msg":"添加成功！178452"}

2021-07-03 03:36:14 开始第 1 次操作

2021-07-03 03:36:14 开始操作号码 【1667205】
2021-07-03 03:36:18 GSD getOne 第 1 次 等待 1 秒
2021-07-03 03:36:19 查询号码 【1667205】，返回信息 {"status":"bad","msg":""}
2021-07-03 03:36:19 查询号码 【1667205】，GSD为【""】
2021-07-03 03:36:19 bad
2021-07-03 03:36:21 CHB 1667205?1625254579 第 1 次 等待 1 秒
2021-07-03 03:36:22 CHB 1667205?1625254579 第 1 次 获取到号码【1667205】GSD
2021-07-03 03:36:22 获取到号码【1667205】的GSD为【湖北-恩施】
2021-07-03 03:36:42 GSD insert 第 1 次 等待 1 秒
2021-07-03 03:36:43 {"status":"ok","msg":"添加成功！178477"}
2021-07-03 03:36:43 下次操作: 2021-07-03 03:36:54

2021-07-03 03:36:54 开始第 2 次操作

2021-07-03 03:36:54 开始操作号码 【1667206】
2021-07-03 03:37:04 GSD getOne 第 1 次 等待 1 秒
2021-07-03 03:37:05 查询号码 【1667206】，返回信息 {"status":"bad","msg":""}
2021-07-03 03:37:05 查询号码 【1667206】，GSD为【""】
2021-07-03 03:37:05 bad
2021-07-03 03:37:07 CHB 1667206?1625254625 第 1 次 等待 1 秒
2021-07-03 03:37:08 CHB 1667206?1625254625 第 1 次 获取到号码【1667206】GSD
2021-07-03 03:37:08 获取到号码【1667206】的GSD为【湖北-恩施】
2021-07-03 03:37:27 GSD insert 第 1 次 等待 1 秒
2021-07-03 03:37:28 {"status":"ok","msg":"添加成功！178482"}
2021-07-03 03:37:28 下次操作: 2021-07-03 03:37:38

2021-07-03 03:37:38 开始第 3 次操作

2021-07-03 03:37:38 开始操作号码 【1667207】
2021-07-03 03:37:49 GSD getOne 第 1 次 等待 1 秒
2021-07-03 03:37:50 查询号码 【1667207】，返回信息 {"status":"bad","msg":""}
2021-07-03 03:37:51 查询号码 【1667207】，GSD为【""】
2021-07-03 03:37:51 bad
2021-07-03 03:37:52 CHB 1667207?1625254671 第 1 次 等待 1 秒
2021-07-03 03:37:53 CHB 1667207?1625254671 第 1 次 获取到号码【1667207】GSD
2021-07-03 03:37:53 获取到号码【1667207】的GSD为【湖北-恩施】
2021-07-03 03:38:16 GSD insert 第 1 次 等待 1 秒
2021-07-03 03:38:17 {"status":"ok","msg":"添加成功！178490"}
2021-07-03 03:38:17 下次操作: 2021-07-03 03:38:28

2021-07-03 03:38:28 开始第 4 次操作

2021-07-03 03:38:28 开始操作号码 【1667208】
2021-07-03 03:38:39 GSD getOne 第 1 次 等待 1 秒
2021-07-03 03:38:40 查询号码 【1667208】，返回信息 {"status":"bad","msg":""}
2021-07-03 03:38:40 查询号码 【1667208】，GSD为【""】
2021-07-03 03:38:40 bad
2021-07-03 03:38:41 CHB 1667208?1625254720 第 1 次 等待 1 秒
2021-07-03 03:38:42 CHB 1667208?1625254720 第 1 次 获取到号码【1667208】GSD
2021-07-03 03:38:42 获取到号码【1667208】的GSD为【湖北-恩施】
2021-07-03 03:39:02 GSD insert 第 1 次 等待 1 秒
2021-07-03 03:39:03 {"status":"ok","msg":"添加成功！178500"}
2021-07-03 03:39:03 下次操作: 2021-07-03 03:39:12

2021-07-03 03:39:12 开始第 5 次操作

2021-07-03 03:39:12 开始操作号码 【1667209】
2021-07-03 03:39:28 GSD getOne 第 1 次 等待 1 秒
2021-07-03 03:39:29 查询号码 【1667209】，返回信息 {"status":"bad","msg":""}
2021-07-03 03:39:29 查询号码 【1667209】，GSD为【""】
2021-07-03 03:39:29 bad
2021-07-03 03:39:30 CHB 1667209?1625254769 第 1 次 等待 1 秒
2021-07-03 03:39:31 CHB 1667209?1625254769 第 1 次 获取到号码【1667209】GSD
2021-07-03 03:39:31 获取到号码【1667209】的GSD为【湖北-恩施】
2021-07-03 03:39:51 GSD insert 第 1 次 等待 1 秒
2021-07-03 03:39:52 {"status":"ok","msg":"添加成功！178509"}
2021-07-03 03:39:52 下次操作: 2021-07-03 03:40:09

2021-07-03 03:40:09 开始第 6 次操作

2021-07-03 03:40:09 开始操作号码 【1667210】
2021-07-03 03:40:12 GSD getOne 第 1 次 等待 1 秒
2021-07-03 03:40:13 查询号码 【1667210】，返回信息 {"status":"bad","msg":""}
2021-07-03 03:40:13 查询号码 【1667210】，GSD为【""】
2021-07-03 03:40:13 bad
2021-07-03 03:40:15 CHB 1667210?1625254813 第 1 次 等待 1 秒
2021-07-03 03:40:16 CHB 1667210?1625254813 第 1 次 获取到号码【1667210】GSD
2021-07-03 03:40:16 获取到号码【1667210】的GSD为【湖北-襄阳】
2021-07-03 03:40:35 GSD insert 第 1 次 等待 1 秒
2021-07-03 03:40:36 {"status":"ok","msg":"添加成功！178522"}
2021-07-03 03:40:36 下次操作: 2021-07-03 03:40:42

2021-07-03 03:40:42 开始第 7 次操作

2021-07-03 03:40:42 开始操作号码 【1667211】
2021-07-03 03:41:03 GSD getOne 第 1 次 等待 1 秒
2021-07-03 03:41:04 查询号码 【1667211】，返回信息 {"status":"bad","msg":""}
2021-07-03 03:41:04 查询号码 【1667211】，GSD为【""】
2021-07-03 03:41:04 bad
2021-07-03 03:41:06 CHB 1667211?1625254864 第 1 次 等待 1 秒
2021-07-03 03:41:07 CHB 1667211?1625254864 第 1 次 获取到号码【1667211】GSD
2021-07-03 03:41:07 获取到号码【1667211】的GSD为【湖北-襄阳】
2021-07-03 03:41:26 GSD insert 第 1 次 等待 1 秒
2021-07-03 03:41:27 {"status":"ok","msg":"添加成功！178537"}
2021-07-03 03:41:27 下次操作: 2021-07-03 03:41:36

2021-07-03 03:41:36 开始第 8 次操作

2021-07-03 03:41:36 开始操作号码 【1667212】
2021-07-03 03:41:47 GSD getOne 第 1 次 等待 1 秒
2021-07-03 03:41:48 查询号码 【1667212】，返回信息 {"status":"bad","msg":""}
2021-07-03 03:41:48 查询号码 【1667212】，GSD为【""】
2021-07-03 03:41:48 bad
2021-07-03 03:41:50 CHB 1667212?1625254908 第 1 次 等待 1 秒
2021-07-03 03:41:51 CHB 1667212?1625254908 第 1 次 获取到号码【1667212】GSD
2021-07-03 03:41:51 获取到号码【1667212】的GSD为【湖北-襄阳】
2021-07-03 03:42:10 GSD insert 第 1 次 等待 1 秒
2021-07-03 03:42:11 {"status":"ok","msg":"添加成功！178552"}
2021-07-03 03:42:11 下次操作: 2021-07-03 03:42:25

2021-07-03 03:42:25 开始第 9 次操作

2021-07-03 03:42:25 开始操作号码 【1667213】
2021-07-03 03:42:29 GSD getOne 第 1 次 等待 1 秒
2021-07-03 03:42:30 查询号码 【1667213】，返回信息 {"status":"bad","msg":""}
2021-07-03 03:42:31 查询号码 【1667213】，GSD为【""】
2021-07-03 03:42:31 bad
2021-07-03 03:42:32 CHB 1667213?1625254951 第 1 次 等待 1 秒
2021-07-03 03:42:33 CHB 1667213?1625254951 第 1 次 获取到号码【1667213】GSD
2021-07-03 03:42:33 获取到号码【1667213】的GSD为【湖北-襄阳】
2021-07-03 03:42:52 GSD insert 第 1 次 等待 1 秒
2021-07-03 03:42:53 {"status":"ok","msg":"添加成功！178563"}
2021-07-03 03:42:53 下次操作: 2021-07-03 03:43:03

2021-07-03 03:43:03 开始第 10 次操作

2021-07-03 03:43:03 开始操作号码 【1667214】
2021-07-03 03:43:14 GSD getOne 第 1 次 等待 1 秒
2021-07-03 03:43:15 查询号码 【1667214】，返回信息 {"status":"bad","msg":""}
2021-07-03 03:43:15 查询号码 【1667214】，GSD为【""】
2021-07-03 03:43:15 bad
2021-07-03 03:43:16 CHB 1667214?1625254995 第 1 次 等待 1 秒
2021-07-03 03:43:17 CHB 1667214?1625254995 第 1 次 获取到号码【1667214】GSD
2021-07-03 03:43:17 获取到号码【1667214】的GSD为【湖北-襄阳】
2021-07-03 03:43:36 GSD insert 第 1 次 等待 1 秒
2021-07-03 03:43:37 {"status":"ok","msg":"添加成功！178575"}
2021-07-03 03:43:37 下次操作: 2021-07-03 03:43:45

2021-07-03 03:43:45 开始第 11 次操作

2021-07-03 03:43:45 开始操作号码 【1667215】
2021-07-03 03:43:56 GSD getOne 第 1 次 等待 1 秒
2021-07-03 03:43:57 查询号码 【1667215】，返回信息 {"status":"bad","msg":""}
2021-07-03 03:43:57 查询号码 【1667215】，GSD为【""】
2021-07-03 03:43:57 bad
2021-07-03 03:43:59 CHB 1667215?1625255037 第 1 次 等待 1 秒
2021-07-03 03:44:00 CHB 1667215?1625255037 第 1 次 获取到号码【1667215】GSD
2021-07-03 03:44:00 获取到号码【1667215】的GSD为【湖北-襄阳】
2021-07-03 03:44:25 GSD insert 第 1 次 等待 1 秒
2021-07-03 03:44:26 {"status":"ok","msg":"添加成功！178588"}
2021-07-03 03:44:26 下次操作: 2021-07-03 03:44:40

2021-07-03 03:44:40 开始第 12 次操作

2021-07-03 03:44:40 开始操作号码 【1667216】
2021-07-03 03:44:58 GSD getOne 第 1 次 等待 1 秒
2021-07-03 03:44:59 查询号码 【1667216】，返回信息 {"status":"bad","msg":""}
2021-07-03 03:45:00 查询号码 【1667216】，GSD为【""】
2021-07-03 03:45:00 bad
2021-07-03 03:45:01 CHB 1667216?1625255100 第 1 次 等待 1 秒
2021-07-03 03:45:02 CHB 1667216?1625255100 第 1 次 获取到号码【1667216】GSD
2021-07-03 03:45:02 获取到号码【1667216】的GSD为【湖北-襄阳】
2021-07-03 03:45:23 GSD insert 第 1 次 等待 1 秒
2021-07-03 03:45:24 {"status":"ok","msg":"添加成功！178604"}
2021-07-03 03:45:24 下次操作: 2021-07-03 03:45:31

2021-07-03 03:45:31 开始第 13 次操作

2021-07-03 03:45:31 开始操作号码 【1667217】
2021-07-03 03:45:50 GSD getOne 第 1 次 等待 1 秒
2021-07-03 03:45:51 查询号码 【1667217】，返回信息 {"status":"bad","msg":""}
2021-07-03 03:45:51 查询号码 【1667217】，GSD为【""】
2021-07-03 03:45:51 bad
2021-07-03 03:45:52 CHB 1667217?1625255151 第 1 次 等待 1 秒
2021-07-03 03:45:53 CHB 1667217?1625255151 第 1 次 获取到号码【1667217】GSD
2021-07-03 03:45:53 获取到号码【1667217】的GSD为【湖北-襄阳】
2021-07-03 03:46:13 GSD insert 第 1 次 等待 1 秒
2021-07-03 03:46:14 {"status":"ok","msg":"添加成功！178616"}
2021-07-03 03:46:14 下次操作: 2021-07-03 03:46:27

2021-07-03 03:46:27 开始第 14 次操作

2021-07-03 03:46:27 开始操作号码 【1667218】
2021-07-03 03:46:34 GSD getOne 第 1 次 等待 1 秒
2021-07-03 03:46:35 查询号码 【1667218】，返回信息 {"status":"bad","msg":""}
2021-07-03 03:46:35 查询号码 【1667218】，GSD为【""】
2021-07-03 03:46:35 bad
2021-07-03 03:46:37 CHB 1667218?1625255195 第 1 次 等待 1 秒
2021-07-03 03:46:38 CHB 1667218?1625255195 第 1 次 获取到号码【1667218】GSD
2021-07-03 03:46:38 获取到号码【1667218】的GSD为【湖北-襄阳】
2021-07-03 03:46:58 GSD insert 第 1 次 等待 1 秒
2021-07-03 03:46:59 {"status":"ok","msg":"添加成功！178630"}
2021-07-03 03:46:59 下次操作: 2021-07-03 03:47:16

2021-07-03 03:47:16 开始第 15 次操作

2021-07-03 03:47:16 开始操作号码 【1667219】
2021-07-03 03:47:20 GSD getOne 第 1 次 等待 1 秒
2021-07-03 03:47:21 查询号码 【1667219】，返回信息 {"status":"bad","msg":""}
2021-07-03 03:47:21 查询号码 【1667219】，GSD为【""】
2021-07-03 03:47:21 bad
2021-07-03 03:47:22 CHB 1667219?1625255241 第 1 次 等待 1 秒
2021-07-03 03:47:23 CHB 1667219?1625255241 第 1 次 获取到号码【1667219】GSD
2021-07-03 03:47:23 获取到号码【1667219】的GSD为【湖北-襄阳】
2021-07-03 03:47:42 GSD insert 第 1 次 等待 1 秒
2021-07-03 03:47:43 {"status":"ok","msg":"添加成功！178644"}
2021-07-03 03:47:43 下次操作: 2021-07-03 03:47:56

2021-07-03 03:47:56 开始第 16 次操作

2021-07-03 03:47:56 开始操作号码 【1667220】
2021-07-03 03:48:11 GSD getOne 第 1 次 等待 1 秒
2021-07-03 03:48:12 查询号码 【1667220】，返回信息 {"status":"bad","msg":""}
2021-07-03 03:48:12 查询号码 【1667220】，GSD为【""】
2021-07-03 03:48:12 bad
2021-07-03 03:48:13 CHB 1667220?1625255292 第 1 次 等待 1 秒
2021-07-03 03:48:14 CHB 1667220?1625255292 第 1 次 获取到号码【1667220】GSD
2021-07-03 03:48:14 获取到号码【1667220】的GSD为【湖北-襄阳】
2021-07-03 03:48:34 GSD insert 第 1 次 等待 1 秒
2021-07-03 03:48:35 {"status":"ok","msg":"添加成功！178652"}
2021-07-03 03:48:35 下次操作: 2021-07-03 03:48:49

2021-07-03 03:48:49 开始第 17 次操作

2021-07-03 03:48:49 开始操作号码 【1667221】
2021-07-03 03:48:53 GSD getOne 第 1 次 等待 1 秒
2021-07-03 03:48:54 查询号码 【1667221】，返回信息 {"status":"bad","msg":""}
2021-07-03 03:48:54 查询号码 【1667221】，GSD为【""】
2021-07-03 03:48:54 bad
2021-07-03 03:48:56 CHB 1667221?1625255334 第 1 次 等待 1 秒
2021-07-03 03:48:57 CHB 1667221?1625255334 第 1 次 获取到号码【1667221】GSD
2021-07-03 03:48:57 获取到号码【1667221】的GSD为【湖北-随州】
2021-07-03 03:49:16 GSD insert 第 1 次 等待 1 秒
2021-07-03 03:49:17 {"status":"ok","msg":"添加成功！178666"}
2021-07-03 03:49:17 下次操作: 2021-07-03 03:49:32

2021-07-03 03:49:32 开始第 18 次操作

2021-07-03 03:49:32 开始操作号码 【1667222】
2021-07-03 03:49:38 GSD getOne 第 1 次 等待 1 秒
2021-07-03 03:49:39 查询号码 【1667222】，返回信息 {"status":"bad","msg":""}
2021-07-03 03:49:39 查询号码 【1667222】，GSD为【""】
2021-07-03 03:49:39 bad
2021-07-03 03:49:40 CHB 1667222?1625255379 第 1 次 等待 1 秒
2021-07-03 03:49:41 CHB 1667222?1625255379 第 1 次 获取到号码【1667222】GSD
2021-07-03 03:49:41 获取到号码【1667222】的GSD为【湖北-随州】
2021-07-03 03:50:01 GSD insert 第 1 次 等待 1 秒
2021-07-03 03:50:02 {"status":"ok","msg":"添加成功！178677"}
2021-07-03 03:50:03 下次操作: 2021-07-03 03:50:20

2021-07-03 03:50:21 开始第 19 次操作

2021-07-03 03:50:21 开始操作号码 【1667223】
2021-07-03 03:50:38 GSD getOne 第 1 次 等待 1 秒
2021-07-03 03:50:39 查询号码 【1667223】，返回信息 {"status":"bad","msg":""}
2021-07-03 03:50:39 查询号码 【1667223】，GSD为【""】
2021-07-03 03:50:39 bad
2021-07-03 03:50:41 CHB 1667223?1625255439 第 1 次 等待 1 秒
2021-07-03 03:50:42 CHB 1667223?1625255439 第 1 次 获取到号码【1667223】GSD
2021-07-03 03:50:42 获取到号码【1667223】的GSD为【湖北-恩施】
2021-07-03 03:51:01 GSD insert 第 1 次 等待 1 秒
2021-07-03 03:51:02 {"status":"ok","msg":"添加成功！178685"}
2021-07-03 03:51:02 下次操作: 2021-07-03 03:51:20

2021-07-03 03:51:20 开始第 20 次操作

2021-07-03 03:51:20 开始操作号码 【1667224】
2021-07-03 03:51:24 GSD getOne 第 1 次 等待 1 秒
2021-07-03 03:51:25 查询号码 【1667224】，返回信息 {"status":"bad","msg":""}
2021-07-03 03:51:25 查询号码 【1667224】，GSD为【""】
2021-07-03 03:51:25 bad
2021-07-03 03:51:27 CHB 1667224?1625255485 第 1 次 等待 1 秒
2021-07-03 03:51:28 CHB 1667224?1625255485 第 1 次 获取到号码【1667224】GSD
2021-07-03 03:51:28 获取到号码【1667224】的GSD为【湖北-恩施】
2021-07-03 03:51:53 GSD insert 第 1 次 等待 1 秒
2021-07-03 03:51:54 {"status":"ok","msg":"添加成功！178695"}
2021-07-03 03:51:54 下次操作: 2021-07-03 03:52:12

2021-07-03 03:52:12 开始第 21 次操作

2021-07-03 03:52:12 开始操作号码 【1667225】
2021-07-03 03:52:16 GSD getOne 第 1 次 等待 1 秒
2021-07-03 03:52:17 查询号码 【1667225】，返回信息 {"status":"bad","msg":""}
2021-07-03 03:52:17 查询号码 【1667225】，GSD为【""】
2021-07-03 03:52:17 bad
2021-07-03 03:52:18 CHB 1667225?1625255537 第 1 次 等待 1 秒
2021-07-03 03:52:19 CHB 1667225?1625255537 第 1 次 获取到号码【1667225】GSD
2021-07-03 03:52:19 获取到号码【1667225】的GSD为【湖北-武汉】
2021-07-03 03:52:38 GSD insert 第 1 次 等待 1 秒
2021-07-03 03:52:39 {"status":"ok","msg":"添加成功！178702"}
2021-07-03 03:52:39 下次操作: 2021-07-03 03:52:45

2021-07-03 03:52:45 开始第 22 次操作

2021-07-03 03:52:45 开始操作号码 【1667226】
2021-07-03 03:54:56 GSD getOne 第 1 次 等待 1 秒
2021-07-03 03:55:01 GSD getOne 第 2 次 等待 1 秒
2021-07-03 03:55:02 查询号码 【1667226】，返回信息 {"status":"bad","msg":""}
2021-07-03 03:55:02 查询号码 【1667226】，GSD为【""】
2021-07-03 03:55:02 bad
2021-07-03 03:55:03 CHB 1667226?1625255702 第 1 次 等待 1 秒
2021-07-03 03:55:04 CHB 1667226?1625255702 第 1 次 获取到号码【1667226】GSD
2021-07-03 03:55:04 获取到号码【1667226】的GSD为【湖北-武汉】
2021-07-03 03:55:24 GSD insert 第 1 次 等待 1 秒
2021-07-03 03:55:25 {"status":"ok","msg":"添加成功！178718"}
2021-07-03 03:55:25 下次操作: 2021-07-03 03:55:36

2021-07-03 03:55:36 开始第 23 次操作

2021-07-03 03:55:36 开始操作号码 【1667227】
2021-07-03 03:56:24 GSD getOne 第 1 次 等待 1 秒
2021-07-03 03:56:25 查询号码 【1667227】，返回信息 {"status":"bad","msg":""}
2021-07-03 03:56:25 查询号码 【1667227】，GSD为【""】
2021-07-03 03:56:25 bad
2021-07-03 03:56:27 CHB 1667227?1625255785 第 1 次 等待 1 秒
2021-07-03 03:56:28 CHB 1667227?1625255785 第 1 次 获取到号码【1667227】GSD
2021-07-03 03:56:28 获取到号码【1667227】的GSD为【湖北-武汉】
2021-07-03 03:56:47 GSD insert 第 1 次 等待 1 秒
2021-07-03 03:56:48 {"status":"ok","msg":"添加成功！178724"}
2021-07-03 03:56:48 下次操作: 2021-07-03 03:57:03

2021-07-03 03:57:03 开始第 24 次操作

2021-07-03 03:57:03 开始操作号码 【1667228】
2021-07-03 03:57:07 GSD getOne 第 1 次 等待 1 秒
2021-07-03 03:57:08 查询号码 【1667228】，返回信息 {"status":"bad","msg":""}
2021-07-03 03:57:08 查询号码 【1667228】，GSD为【""】
2021-07-03 03:57:08 bad
2021-07-03 03:57:09 CHB 1667228?1625255828 第 1 次 等待 1 秒
2021-07-03 03:57:10 CHB 1667228?1625255828 第 1 次 获取到号码【1667228】GSD
2021-07-03 03:57:10 获取到号码【1667228】的GSD为【湖北-武汉】
2021-07-03 03:57:44 GSD insert 第 1 次 等待 1 秒
2021-07-03 03:57:45 {"status":"ok","msg":"添加成功！178728"}
2021-07-03 03:57:45 下次操作: 2021-07-03 03:57:58

2021-07-03 03:57:58 开始第 25 次操作

2021-07-03 03:57:58 开始操作号码 【1667229】
2021-07-03 03:58:05 GSD getOne 第 1 次 等待 1 秒
2021-07-03 03:58:06 查询号码 【1667229】，返回信息 {"status":"bad","msg":""}
2021-07-03 03:58:06 查询号码 【1667229】，GSD为【""】
2021-07-03 03:58:06 bad
2021-07-03 03:58:07 CHB 1667229?1625255886 第 1 次 等待 1 秒
2021-07-03 03:58:08 CHB 1667229?1625255886 第 1 次 获取到号码【1667229】GSD
2021-07-03 03:58:08 获取到号码【1667229】的GSD为【湖北-武汉】
2021-07-03 03:58:41 GSD insert 第 1 次 等待 1 秒
2021-07-03 03:58:42 {"status":"ok","msg":"添加成功！178731"}
2021-07-03 03:58:42 下次操作: 2021-07-03 03:58:57

2021-07-03 03:58:57 开始第 26 次操作

2021-07-03 03:58:57 开始操作号码 【1667230】
2021-07-03 03:59:01 GSD getOne 第 1 次 等待 1 秒
2021-07-03 03:59:02 查询号码 【1667230】，返回信息 {"status":"bad","msg":""}
2021-07-03 03:59:02 查询号码 【1667230】，GSD为【""】
2021-07-03 03:59:02 bad
2021-07-03 03:59:03 CHB 1667230?1625255942 第 1 次 等待 1 秒
2021-07-03 03:59:04 CHB 1667230?1625255942 第 1 次 获取到号码【1667230】GSD
2021-07-03 03:59:04 获取到号码【1667230】的GSD为【湖北-武汉】
2021-07-03 03:59:23 GSD insert 第 1 次 等待 1 秒
2021-07-03 03:59:24 {"status":"ok","msg":"添加成功！178738"}
2021-07-03 03:59:24 下次操作: 2021-07-03 03:59:30

2021-07-03 03:59:30 开始第 27 次操作

2021-07-03 03:59:30 开始操作号码 【1667231】
2021-07-03 03:59:49 GSD getOne 第 1 次 等待 1 秒
2021-07-03 03:59:50 查询号码 【1667231】，返回信息 {"status":"bad","msg":""}
2021-07-03 03:59:50 查询号码 【1667231】，GSD为【""】
2021-07-03 03:59:50 bad
2021-07-03 03:59:52 CHB 1667231?1625255990 第 1 次 等待 1 秒
2021-07-03 03:59:53 CHB 1667231?1625255990 第 1 次 获取到号码【1667231】GSD
2021-07-03 03:59:53 获取到号码【1667231】的GSD为【湖北-武汉】
2021-07-03 04:00:12 GSD insert 第 1 次 等待 1 秒
2021-07-03 04:00:13 {"status":"ok","msg":"添加成功！178741"}
2021-07-03 04:00:13 下次操作: 2021-07-03 04:00:25

2021-07-03 04:00:25 开始第 28 次操作

2021-07-03 04:00:25 开始操作号码 【1667232】
2021-07-03 04:00:31 GSD getOne 第 1 次 等待 1 秒
2021-07-03 04:00:32 查询号码 【1667232】，返回信息 {"status":"bad","msg":""}
2021-07-03 04:00:32 查询号码 【1667232】，GSD为【""】
2021-07-03 04:00:32 bad
2021-07-03 04:00:34 CHB 1667232?1625256032 第 1 次 等待 1 秒
2021-07-03 04:00:35 CHB 1667232?1625256032 第 1 次 获取到号码【1667232】GSD
2021-07-03 04:00:35 获取到号码【1667232】的GSD为【湖北-武汉】
2021-07-03 04:00:54 GSD insert 第 1 次 等待 1 秒
2021-07-03 04:00:55 {"status":"ok","msg":"添加成功！178744"}
2021-07-03 04:00:55 下次操作: 2021-07-03 04:01:10

2021-07-03 04:01:10 开始第 29 次操作

2021-07-03 04:01:10 开始操作号码 【1667233】
2021-07-03 04:01:14 GSD getOne 第 1 次 等待 1 秒
2021-07-03 04:01:15 查询号码 【1667233】，返回信息 {"status":"bad","msg":""}
2021-07-03 04:01:15 查询号码 【1667233】，GSD为【""】
2021-07-03 04:01:15 bad
2021-07-03 04:01:16 CHB 1667233?1625256075 第 1 次 等待 1 秒
2021-07-03 04:01:17 CHB 1667233?1625256075 第 1 次 获取到号码【1667233】GSD
2021-07-03 04:01:17 获取到号码【1667233】的GSD为【湖北-武汉】
2021-07-03 04:01:36 GSD insert 第 1 次 等待 1 秒
2021-07-03 04:01:37 {"status":"ok","msg":"添加成功！178747"}
2021-07-03 04:01:37 下次操作: 2021-07-03 04:01:53

2021-07-03 04:01:53 开始第 30 次操作

2021-07-03 04:01:53 开始操作号码 【1667234】
2021-07-03 04:01:57 GSD getOne 第 1 次 等待 1 秒
2021-07-03 04:01:58 查询号码 【1667234】，返回信息 {"status":"bad","msg":""}
2021-07-03 04:01:58 查询号码 【1667234】，GSD为【""】
2021-07-03 04:01:58 bad
2021-07-03 04:01:59 CHB 1667234?1625256118 第 1 次 等待 1 秒
2021-07-03 04:02:00 CHB 1667234?1625256118 第 1 次 获取到号码【1667234】GSD
2021-07-03 04:02:00 获取到号码【1667234】的GSD为【湖北-武汉】
2021-07-03 04:02:23 GSD insert 第 1 次 等待 1 秒
2021-07-03 04:02:24 {"status":"ok","msg":"添加成功！178749"}

