2024-01-27 00:17:00 开始第 337 次操作

2024-01-27 00:17:00 开始操作号码 【1700239】
2024-01-27 00:17:24 GSD getOne 第 1 次 等待 3 秒
2024-01-27 00:17:27 查询号码 【1700239】，返回信息 {"status":"ok","msg":"重庆-重庆","gid":"114228","time_insert":"2021-06-22 17:13"}
2024-01-27 00:17:27 查询号码 【1700239】，GSD为【"重庆-重庆"】

2024-01-27 00:17:28 开始第 338 次操作

2024-01-27 00:17:28 开始操作号码 【1700240】
2024-01-27 00:17:52 GSD getOne 第 1 次 等待 3 秒
2024-01-27 00:17:55 查询号码 【1700240】，返回信息 {"status":"ok","msg":"辽宁-沈阳","gid":"114231","time_insert":"2021-06-22 17:14"}
2024-01-27 00:17:55 查询号码 【1700240】，GSD为【"辽宁-沈阳"】

2024-01-27 00:17:56 开始第 339 次操作

2024-01-27 00:17:56 开始操作号码 【1700241】
2024-01-27 00:18:20 GSD getOne 第 1 次 等待 3 秒
2024-01-27 00:18:23 查询号码 【1700241】，返回信息 {"status":"ok","msg":"辽宁-沈阳","gid":"114233","time_insert":"2021-06-22 17:15"}
2024-01-27 00:18:23 查询号码 【1700241】，GSD为【"辽宁-沈阳"】

2024-01-27 00:18:24 开始第 340 次操作

2024-01-27 00:18:24 开始操作号码 【1700242】
2024-01-27 00:18:48 GSD getOne 第 1 次 等待 3 秒
2024-01-27 00:18:51 查询号码 【1700242】，返回信息 {"status":"ok","msg":"辽宁-沈阳","gid":"114304","time_insert":"2021-06-22 17:49"}
2024-01-27 00:18:51 查询号码 【1700242】，GSD为【"辽宁-沈阳"】

2024-01-27 00:37:02 开始第 341 次操作

2024-01-27 00:37:02 开始操作号码 【1700243】
2024-01-27 00:37:26 GSD getOne 第 1 次 等待 3 秒
2024-01-27 00:37:29 查询号码 【1700243】，返回信息 {"status":"ok","msg":"辽宁-沈阳","gid":"114308","time_insert":"2021-06-22 17:50"}
2024-01-27 00:37:29 查询号码 【1700243】，GSD为【"辽宁-沈阳"】

2024-01-27 00:37:30 开始第 342 次操作

2024-01-27 00:37:30 开始操作号码 【1700244】
2024-01-27 00:37:53 GSD getOne 第 1 次 等待 3 秒
2024-01-27 00:37:57 查询号码 【1700244】，返回信息 {"status":"ok","msg":"辽宁-沈阳","gid":"114313","time_insert":"2021-06-22 17:51"}
2024-01-27 00:37:57 查询号码 【1700244】，GSD为【"辽宁-沈阳"】

2024-01-27 00:37:58 开始第 343 次操作

2024-01-27 00:37:58 开始操作号码 【1700245】
2024-01-27 00:38:21 GSD getOne 第 1 次 等待 3 秒
2024-01-27 00:38:24 查询号码 【1700245】，返回信息 {"status":"ok","msg":"辽宁-沈阳","gid":"114318","time_insert":"2021-06-22 17:52"}
2024-01-27 00:38:24 查询号码 【1700245】，GSD为【"辽宁-沈阳"】

2024-01-27 00:38:25 开始第 344 次操作

2024-01-27 00:38:25 开始操作号码 【1700246】
2024-01-27 00:38:49 GSD getOne 第 1 次 等待 3 秒
2024-01-27 00:38:52 查询号码 【1700246】，返回信息 {"status":"ok","msg":"辽宁-沈阳","gid":"114323","time_insert":"2021-06-22 17:52"}
2024-01-27 00:38:52 查询号码 【1700246】，GSD为【"辽宁-沈阳"】

