2023-12-11 00:16:34 开始第 2549 次操作

2023-12-11 00:16:34 开始操作号码 【1812451】
2023-12-11 00:16:38 GSD getOne 第 1 次 等待 3 秒
2023-12-11 00:16:41 查询号码 【1812451】，返回信息 {"status":"ok","msg":"广东-深圳","gid":"449536","time_insert":"2021-07-30 23:00"}
2023-12-11 00:16:41 查询号码 【1812451】，GSD为【"广东-深圳"】

2023-12-11 00:16:42 开始第 2550 次操作

2023-12-11 00:16:42 开始操作号码 【1812452】
2023-12-11 00:16:45 GSD getOne 第 1 次 等待 3 秒
2023-12-11 00:16:48 查询号码 【1812452】，返回信息 {"status":"ok","msg":"广东-深圳","gid":"449524","time_insert":"2021-07-30 23:00"}
2023-12-11 00:16:49 查询号码 【1812452】，GSD为【"广东-深圳"】

2023-12-11 00:16:50 开始第 2551 次操作

2023-12-11 00:16:50 开始操作号码 【1812453】
2023-12-11 00:16:53 GSD getOne 第 1 次 等待 3 秒
2023-12-11 00:16:56 查询号码 【1812453】，返回信息 {"status":"ok","msg":"广东-深圳","gid":"449515","time_insert":"2021-07-30 22:59"}
2023-12-11 00:16:56 查询号码 【1812453】，GSD为【"广东-深圳"】

2023-12-11 00:16:57 开始第 2552 次操作

2023-12-11 00:16:57 开始操作号码 【1812454】
2023-12-11 00:17:01 GSD getOne 第 1 次 等待 3 秒
2023-12-11 00:17:04 查询号码 【1812454】，返回信息 {"status":"ok","msg":"广东-深圳","gid":"449504","time_insert":"2021-07-30 22:58"}
2023-12-11 00:17:04 查询号码 【1812454】，GSD为【"广东-深圳"】

2023-12-11 00:37:19 开始第 2553 次操作

2023-12-11 00:37:19 开始操作号码 【1812455】
2023-12-11 00:37:24 GSD getOne 第 1 次 等待 3 秒
2023-12-11 00:37:27 查询号码 【1812455】，返回信息 {"status":"ok","msg":"广东-深圳","gid":"449494","time_insert":"2021-07-30 22:58"}
2023-12-11 00:37:27 查询号码 【1812455】，GSD为【"广东-深圳"】

2023-12-11 00:37:28 开始第 2554 次操作

2023-12-11 00:37:28 开始操作号码 【1812456】
2023-12-11 00:37:32 GSD getOne 第 1 次 等待 3 秒
2023-12-11 00:37:35 查询号码 【1812456】，返回信息 {"status":"ok","msg":"广东-深圳","gid":"449485","time_insert":"2021-07-30 22:57"}
2023-12-11 00:37:35 查询号码 【1812456】，GSD为【"广东-深圳"】

2023-12-11 00:37:36 开始第 2555 次操作

2023-12-11 00:37:36 开始操作号码 【1812457】
2023-12-11 00:37:40 GSD getOne 第 1 次 等待 3 秒
2023-12-11 00:37:43 查询号码 【1812457】，返回信息 {"status":"ok","msg":"广东-深圳","gid":"449473","time_insert":"2021-07-30 22:56"}
2023-12-11 00:37:43 查询号码 【1812457】，GSD为【"广东-深圳"】

2023-12-11 00:37:44 开始第 2556 次操作

2023-12-11 00:37:44 开始操作号码 【1812458】
2023-12-11 00:37:48 GSD getOne 第 1 次 等待 3 秒
2023-12-11 00:37:51 查询号码 【1812458】，返回信息 {"status":"ok","msg":"广东-深圳","gid":"449464","time_insert":"2021-07-30 22:56"}
2023-12-11 00:37:51 查询号码 【1812458】，GSD为【"广东-深圳"】

2023-12-11 01:11:33 开始第 2557 次操作

2023-12-11 01:11:33 开始操作号码 【1812459】
2023-12-11 01:11:36 GSD getOne 第 1 次 等待 3 秒
2023-12-11 01:11:39 查询号码 【1812459】，返回信息 {"status":"ok","msg":"广东-深圳","gid":"449454","time_insert":"2021-07-30 22:55"}
2023-12-11 01:11:39 查询号码 【1812459】，GSD为【"广东-深圳"】

2023-12-11 01:11:40 开始第 2558 次操作

2023-12-11 01:11:40 开始操作号码 【1812460】
2023-12-11 01:11:45 GSD getOne 第 1 次 等待 3 秒
2023-12-11 01:11:48 查询号码 【1812460】，返回信息 {"status":"ok","msg":"广东-深圳","gid":"449440","time_insert":"2021-07-30 22:54"}
2023-12-11 01:11:48 查询号码 【1812460】，GSD为【"广东-深圳"】

2023-12-11 01:11:49 开始第 2559 次操作

2023-12-11 01:11:49 开始操作号码 【1812461】
2023-12-11 01:11:53 GSD getOne 第 1 次 等待 3 秒
2023-12-11 01:11:56 查询号码 【1812461】，返回信息 {"status":"ok","msg":"广东-深圳","gid":"449428","time_insert":"2021-07-30 22:54"}
2023-12-11 01:11:56 查询号码 【1812461】，GSD为【"广东-深圳"】

2023-12-11 01:11:58 开始第 2560 次操作

2023-12-11 01:11:58 开始操作号码 【1812462】
2023-12-11 01:12:01 GSD getOne 第 1 次 等待 3 秒
2023-12-11 01:12:04 查询号码 【1812462】，返回信息 {"status":"ok","msg":"广东-深圳","gid":"449413","time_insert":"2021-07-30 22:53"}
2023-12-11 01:12:04 查询号码 【1812462】，GSD为【"广东-深圳"】

