2024-03-02 00:16:10 开始第 6697 次操作

2024-03-02 00:16:10 开始操作号码 【1706599】
2024-03-02 00:16:18 GSD getOne 第 1 次 等待 3 秒
2024-03-02 00:16:21 查询号码 【1706599】，返回信息 {"status":"ok","msg":"河南-郑州","gid":"172456","time_insert":"2021-07-02 07:45"}
2024-03-02 00:16:21 查询号码 【1706599】，GSD为【"河南-郑州"】

2024-03-02 00:16:22 开始第 6698 次操作

2024-03-02 00:16:22 开始操作号码 【1706600】
2024-03-02 00:16:26 GSD getOne 第 1 次 等待 3 秒
2024-03-02 00:16:29 查询号码 【1706600】，返回信息 {"status":"ok","msg":"河南-郑州","gid":"172468","time_insert":"2021-07-02 07:46"}
2024-03-02 00:16:29 查询号码 【1706600】，GSD为【"河南-郑州"】

2024-03-02 00:16:30 开始第 6699 次操作

2024-03-02 00:16:30 开始操作号码 【1706601】
2024-03-02 00:16:39 GSD getOne 第 1 次 等待 3 秒
2024-03-02 00:16:42 查询号码 【1706601】，返回信息 {"status":"ok","msg":"河南-郑州","gid":"172481","time_insert":"2021-07-02 07:47"}
2024-03-02 00:16:42 查询号码 【1706601】，GSD为【"河南-郑州"】

2024-03-02 00:16:43 开始第 6700 次操作

2024-03-02 00:16:43 开始操作号码 【1706602】
2024-03-02 00:16:49 GSD getOne 第 1 次 等待 3 秒
2024-03-02 00:16:52 查询号码 【1706602】，返回信息 {"status":"ok","msg":"河南-郑州","gid":"172492","time_insert":"2021-07-02 07:48"}
2024-03-02 00:16:52 查询号码 【1706602】，GSD为【"河南-郑州"】

