2023-12-26 00:16:54 开始第 5241 次操作

2023-12-26 00:16:54 开始操作号码 【1815143】
2023-12-26 00:17:01 GSD getOne 第 1 次 等待 3 秒
2023-12-26 00:17:04 查询号码 【1815143】，返回信息 {"status":"ok","msg":"江苏-扬州","gid":"422155","time_insert":"2021-07-28 06:58"}
2023-12-26 00:17:04 查询号码 【1815143】，GSD为【"江苏-扬州"】

2023-12-26 00:17:05 开始第 5242 次操作

2023-12-26 00:17:05 开始操作号码 【1815144】
2023-12-26 00:17:09 GSD getOne 第 1 次 等待 3 秒
2023-12-26 00:17:12 查询号码 【1815144】，返回信息 {"status":"ok","msg":"江苏-扬州","gid":"422144","time_insert":"2021-07-28 06:57"}
2023-12-26 00:17:12 查询号码 【1815144】，GSD为【"江苏-扬州"】

2023-12-26 00:17:13 开始第 5243 次操作

2023-12-26 00:17:13 开始操作号码 【1815145】
2023-12-26 00:17:18 GSD getOne 第 1 次 等待 3 秒
2023-12-26 00:17:21 查询号码 【1815145】，返回信息 {"status":"ok","msg":"江苏-宿迁","gid":"422127","time_insert":"2021-07-28 06:56"}
2023-12-26 00:17:21 查询号码 【1815145】，GSD为【"江苏-宿迁"】

2023-12-26 00:17:22 开始第 5244 次操作

2023-12-26 00:17:22 开始操作号码 【1815146】
2023-12-26 00:17:29 GSD getOne 第 1 次 等待 3 秒
2023-12-26 00:17:32 查询号码 【1815146】，返回信息 {"status":"ok","msg":"江苏-徐州","gid":"422117","time_insert":"2021-07-28 06:55"}
2023-12-26 00:17:32 查询号码 【1815146】，GSD为【"江苏-徐州"】

2023-12-26 00:39:01 开始第 5245 次操作

2023-12-26 00:39:01 开始操作号码 【1815147】
2023-12-26 00:39:04 GSD getOne 第 1 次 等待 3 秒
2023-12-26 00:39:07 查询号码 【1815147】，返回信息 {"status":"ok","msg":"江苏-淮安","gid":"422105","time_insert":"2021-07-28 06:54"}
2023-12-26 00:39:07 查询号码 【1815147】，GSD为【"江苏-淮安"】

2023-12-26 00:39:08 开始第 5246 次操作

2023-12-26 00:39:08 开始操作号码 【1815148】
2023-12-26 00:39:12 GSD getOne 第 1 次 等待 3 秒
2023-12-26 00:39:15 查询号码 【1815148】，返回信息 {"status":"ok","msg":"江苏-无锡","gid":"422091","time_insert":"2021-07-28 06:54"}
2023-12-26 00:39:15 查询号码 【1815148】，GSD为【"江苏-无锡"】

2023-12-26 00:39:16 开始第 5247 次操作

2023-12-26 00:39:16 开始操作号码 【1815149】
2023-12-26 00:39:19 GSD getOne 第 1 次 等待 3 秒
2023-12-26 00:39:22 查询号码 【1815149】，返回信息 {"status":"ok","msg":"江苏-无锡","gid":"422077","time_insert":"2021-07-28 06:53"}
2023-12-26 00:39:22 查询号码 【1815149】，GSD为【"江苏-无锡"】

2023-12-26 00:39:23 开始第 5248 次操作

2023-12-26 00:39:23 开始操作号码 【1815150】
2023-12-26 00:39:28 GSD getOne 第 1 次 等待 3 秒
2023-12-26 00:39:31 查询号码 【1815150】，返回信息 {"status":"ok","msg":"江苏-无锡","gid":"422062","time_insert":"2021-07-28 06:52"}
2023-12-26 00:39:31 查询号码 【1815150】，GSD为【"江苏-无锡"】

2023-12-26 01:11:52 开始第 5249 次操作

2023-12-26 01:11:52 开始操作号码 【1815151】
2023-12-26 01:11:56 GSD getOne 第 1 次 等待 3 秒
2023-12-26 01:11:59 查询号码 【1815151】，返回信息 {"status":"ok","msg":"江苏-无锡","gid":"422049","time_insert":"2021-07-28 06:51"}
2023-12-26 01:11:59 查询号码 【1815151】，GSD为【"江苏-无锡"】

2023-12-26 01:12:00 开始第 5250 次操作

2023-12-26 01:12:00 开始操作号码 【1815152】
2023-12-26 01:12:04 GSD getOne 第 1 次 等待 3 秒
2023-12-26 01:12:07 查询号码 【1815152】，返回信息 {"status":"ok","msg":"江苏-无锡","gid":"422038","time_insert":"2021-07-28 06:50"}
2023-12-26 01:12:07 查询号码 【1815152】，GSD为【"江苏-无锡"】

2023-12-26 01:12:08 开始第 5251 次操作

2023-12-26 01:12:08 开始操作号码 【1815153】
2023-12-26 01:12:12 GSD getOne 第 1 次 等待 3 秒
2023-12-26 01:12:15 查询号码 【1815153】，返回信息 {"status":"ok","msg":"江苏-无锡","gid":"422023","time_insert":"2021-07-28 06:49"}
2023-12-26 01:12:15 查询号码 【1815153】，GSD为【"江苏-无锡"】

2023-12-26 01:12:16 开始第 5252 次操作

2023-12-26 01:12:16 开始操作号码 【1815154】
2023-12-26 01:12:19 GSD getOne 第 1 次 等待 3 秒
2023-12-26 01:12:22 查询号码 【1815154】，返回信息 {"status":"ok","msg":"江苏-无锡","gid":"422010","time_insert":"2021-07-28 06:48"}
2023-12-26 01:12:22 查询号码 【1815154】，GSD为【"江苏-无锡"】

2023-12-26 01:35:44 开始第 5253 次操作

2023-12-26 01:35:44 开始操作号码 【1815155】
2023-12-26 01:35:48 GSD getOne 第 1 次 等待 3 秒
2023-12-26 01:35:51 查询号码 【1815155】，返回信息 {"status":"ok","msg":"江苏-无锡","gid":"421993","time_insert":"2021-07-28 06:47"}
2023-12-26 01:35:51 查询号码 【1815155】，GSD为【"江苏-无锡"】

2023-12-26 01:35:52 开始第 5254 次操作

2023-12-26 01:35:52 开始操作号码 【1815156】
2023-12-26 01:35:56 GSD getOne 第 1 次 等待 3 秒
2023-12-26 01:35:59 查询号码 【1815156】，返回信息 {"status":"ok","msg":"江苏-苏州","gid":"55510","time_insert":"2020-12-19 20:34"}
2023-12-26 01:35:59 查询号码 【1815156】，GSD为【"江苏-苏州"】

2023-12-26 01:36:00 开始第 5255 次操作

2023-12-26 01:36:00 开始操作号码 【1815157】
2023-12-26 01:36:03 GSD getOne 第 1 次 等待 3 秒
2023-12-26 01:36:06 查询号码 【1815157】，返回信息 {"status":"ok","msg":"江苏-苏州","gid":"421974","time_insert":"2021-07-28 06:46"}
2023-12-26 01:36:06 查询号码 【1815157】，GSD为【"江苏-苏州"】

2023-12-26 01:36:07 开始第 5256 次操作

2023-12-26 01:36:07 开始操作号码 【1815158】
2023-12-26 01:36:11 GSD getOne 第 1 次 等待 3 秒
2023-12-26 01:36:14 查询号码 【1815158】，返回信息 {"status":"ok","msg":"江苏-苏州","gid":"421963","time_insert":"2021-07-28 06:45"}
2023-12-26 01:36:14 查询号码 【1815158】，GSD为【"江苏-苏州"】

2023-12-26 02:16:41 开始第 5257 次操作

2023-12-26 02:16:41 开始操作号码 【1815159】
2023-12-26 02:16:45 GSD getOne 第 1 次 等待 3 秒
2023-12-26 02:16:48 查询号码 【1815159】，返回信息 {"status":"ok","msg":"江苏-苏州","gid":"421950","time_insert":"2021-07-28 06:44"}
2023-12-26 02:16:48 查询号码 【1815159】，GSD为【"江苏-苏州"】

2023-12-26 02:16:49 开始第 5258 次操作

2023-12-26 02:16:49 开始操作号码 【1815160】
2023-12-26 02:16:52 GSD getOne 第 1 次 等待 3 秒
2023-12-26 02:16:55 查询号码 【1815160】，返回信息 {"status":"ok","msg":"江苏-南京","gid":"421941","time_insert":"2021-07-28 06:44"}
2023-12-26 02:16:55 查询号码 【1815160】，GSD为【"江苏-南京"】

2023-12-26 02:16:56 开始第 5259 次操作

2023-12-26 02:16:56 开始操作号码 【1815161】
2023-12-26 02:17:00 GSD getOne 第 1 次 等待 3 秒
2023-12-26 02:17:03 查询号码 【1815161】，返回信息 {"status":"ok","msg":"江苏-南京","gid":"421930","time_insert":"2021-07-28 06:43"}
2023-12-26 02:17:03 查询号码 【1815161】，GSD为【"江苏-南京"】

2023-12-26 02:17:04 开始第 5260 次操作

2023-12-26 02:17:04 开始操作号码 【1815162】
2023-12-26 02:17:08 GSD getOne 第 1 次 等待 3 秒
2023-12-26 02:17:11 查询号码 【1815162】，返回信息 {"status":"ok","msg":"江苏-南京","gid":"421914","time_insert":"2021-07-28 06:42"}
2023-12-26 02:17:11 查询号码 【1815162】，GSD为【"江苏-南京"】

2023-12-26 02:36:05 开始第 5261 次操作

2023-12-26 02:36:05 开始操作号码 【1815163】
2023-12-26 02:36:09 GSD getOne 第 1 次 等待 3 秒
2023-12-26 02:36:12 查询号码 【1815163】，返回信息 {"status":"ok","msg":"江苏-南京","gid":"421905","time_insert":"2021-07-28 06:41"}
2023-12-26 02:36:12 查询号码 【1815163】，GSD为【"江苏-南京"】

2023-12-26 02:36:13 开始第 5262 次操作

2023-12-26 02:36:13 开始操作号码 【1815164】
2023-12-26 02:36:17 GSD getOne 第 1 次 等待 3 秒
2023-12-26 02:36:20 查询号码 【1815164】，返回信息 {"status":"ok","msg":"江苏-南京","gid":"421892","time_insert":"2021-07-28 06:40"}
2023-12-26 02:36:20 查询号码 【1815164】，GSD为【"江苏-南京"】

2023-12-26 02:36:21 开始第 5263 次操作

2023-12-26 02:36:21 开始操作号码 【1815165】
2023-12-26 02:36:25 GSD getOne 第 1 次 等待 3 秒
2023-12-26 02:36:28 查询号码 【1815165】，返回信息 {"status":"ok","msg":"江苏-南京","gid":"421882","time_insert":"2021-07-28 06:40"}
2023-12-26 02:36:28 查询号码 【1815165】，GSD为【"江苏-南京"】

2023-12-26 02:36:29 开始第 5264 次操作

2023-12-26 02:36:29 开始操作号码 【1815166】
2023-12-26 02:36:33 GSD getOne 第 1 次 等待 3 秒
2023-12-26 02:36:36 查询号码 【1815166】，返回信息 {"status":"ok","msg":"江苏-南京","gid":"421757","time_insert":"2021-07-28 06:03"}
2023-12-26 02:36:36 查询号码 【1815166】，GSD为【"江苏-南京"】

2023-12-26 03:11:34 开始第 5265 次操作

2023-12-26 03:11:34 开始操作号码 【1815167】
2023-12-26 03:11:38 GSD getOne 第 1 次 等待 3 秒
2023-12-26 03:11:41 查询号码 【1815167】，返回信息 {"status":"ok","msg":"江苏-南京","gid":"421750","time_insert":"2021-07-28 06:02"}
2023-12-26 03:11:41 查询号码 【1815167】，GSD为【"江苏-南京"】

2023-12-26 03:11:42 开始第 5266 次操作

2023-12-26 03:11:42 开始操作号码 【1815168】
2023-12-26 03:11:46 GSD getOne 第 1 次 等待 3 秒
2023-12-26 03:11:49 查询号码 【1815168】，返回信息 {"status":"ok","msg":"江苏-南京","gid":"421741","time_insert":"2021-07-28 06:02"}
2023-12-26 03:11:49 查询号码 【1815168】，GSD为【"江苏-南京"】

2023-12-26 03:11:50 开始第 5267 次操作

2023-12-26 03:11:50 开始操作号码 【1815169】
2023-12-26 03:11:53 GSD getOne 第 1 次 等待 3 秒
2023-12-26 03:11:56 查询号码 【1815169】，返回信息 {"status":"ok","msg":"江苏-南京","gid":"421731","time_insert":"2021-07-28 06:01"}
2023-12-26 03:11:56 查询号码 【1815169】，GSD为【"江苏-南京"】

2023-12-26 03:11:57 开始第 5268 次操作

2023-12-26 03:11:57 开始操作号码 【1815170】
2023-12-26 03:12:01 GSD getOne 第 1 次 等待 3 秒
2023-12-26 03:12:04 查询号码 【1815170】，返回信息 {"status":"ok","msg":"江苏-无锡","gid":"421722","time_insert":"2021-07-28 06:00"}
2023-12-26 03:12:04 查询号码 【1815170】，GSD为【"江苏-无锡"】

