2024-04-07 00:17:57 开始第 2341 次操作

2024-04-07 00:17:57 开始操作号码 【1592244】
2024-04-07 00:18:03 GSD getOne 第 1 次 等待 3 秒
2024-04-07 00:18:06 查询号码 【1592244】，返回信息 {"status":"ok","msg":"安徽-合肥","gid":"120534","time_insert":"2021-06-24 02:05"}
2024-04-07 00:18:06 查询号码 【1592244】，GSD为【"安徽-合肥"】

2024-04-07 00:18:07 开始第 2342 次操作

2024-04-07 00:18:07 开始操作号码 【1592245】
2024-04-07 00:18:11 GSD getOne 第 1 次 等待 3 秒
2024-04-07 00:18:14 查询号码 【1592245】，返回信息 {"status":"ok","msg":"安徽-宿州","gid":"120538","time_insert":"2021-06-24 02:05"}
2024-04-07 00:18:14 查询号码 【1592245】，GSD为【"安徽-宿州"】

2024-04-07 00:18:15 开始第 2343 次操作

2024-04-07 00:18:15 开始操作号码 【1592246】
2024-04-07 00:18:20 GSD getOne 第 1 次 等待 3 秒
2024-04-07 00:18:23 查询号码 【1592246】，返回信息 {"status":"ok","msg":"安徽-宿州","gid":"120541","time_insert":"2021-06-24 02:06"}
2024-04-07 00:18:23 查询号码 【1592246】，GSD为【"安徽-宿州"】

2024-04-07 00:18:24 开始第 2344 次操作

2024-04-07 00:18:24 开始操作号码 【1592247】
2024-04-07 00:18:28 GSD getOne 第 1 次 等待 3 秒
2024-04-07 00:18:31 查询号码 【1592247】，返回信息 {"status":"ok","msg":"安徽-宿州","gid":"120545","time_insert":"2021-06-24 02:07"}
2024-04-07 00:18:31 查询号码 【1592247】，GSD为【"安徽-宿州"】

