2024-09-04 00:16:19 开始第 2801 次操作

2024-09-04 00:16:19 开始操作号码 【1372800】
2024-09-04 00:16:27 GSD getOne 第 1 次 等待 3 秒
2024-09-04 00:16:30 查询号码 【1372800】，返回信息 {"status":"ok","msg":"广东-广州","gid":"109851","time_insert":"2021-06-21 05:22","time_update":"2021-06-21 05:46"}
2024-09-04 00:16:30 查询号码 【1372800】，GSD为【"广东-广州"】

2024-09-04 00:16:31 开始第 2802 次操作

2024-09-04 00:16:31 开始操作号码 【1372801】
2024-09-04 00:16:40 GSD getOne 第 1 次 等待 3 秒
2024-09-04 00:16:43 查询号码 【1372801】，返回信息 {"status":"ok","msg":"广东-广州","gid":"109878","time_insert":"2021-06-21 05:42"}
2024-09-04 00:16:43 查询号码 【1372801】，GSD为【"广东-广州"】

2024-09-04 00:16:44 开始第 2803 次操作

2024-09-04 00:16:44 开始操作号码 【1372802】
2024-09-04 00:16:52 GSD getOne 第 1 次 等待 3 秒
2024-09-04 00:16:55 查询号码 【1372802】，返回信息 {"status":"ok","msg":"广东-广州","gid":"109902","time_insert":"2021-06-21 06:01"}
2024-09-04 00:16:55 查询号码 【1372802】，GSD为【"广东-广州"】

2024-09-04 00:16:56 开始第 2804 次操作

2024-09-04 00:16:56 开始操作号码 【1372803】
2024-09-04 00:17:04 GSD getOne 第 1 次 等待 3 秒
2024-09-04 00:17:07 查询号码 【1372803】，返回信息 {"status":"ok","msg":"广东-广州","gid":"109930","time_insert":"2021-06-21 06:19"}
2024-09-04 00:17:07 查询号码 【1372803】，GSD为【"广东-广州"】

2024-09-04 00:41:55 开始第 2805 次操作

2024-09-04 00:41:55 开始操作号码 【1372804】
2024-09-04 00:42:03 GSD getOne 第 1 次 等待 3 秒
2024-09-04 00:42:06 查询号码 【1372804】，返回信息 {"status":"ok","msg":"广东-广州","gid":"109963","time_insert":"2021-06-21 06:40"}
2024-09-04 00:42:06 查询号码 【1372804】，GSD为【"广东-广州"】

2024-09-04 00:42:07 开始第 2806 次操作

2024-09-04 00:42:07 开始操作号码 【1372805】
2024-09-04 00:42:15 GSD getOne 第 1 次 等待 3 秒
2024-09-04 00:42:18 查询号码 【1372805】，返回信息 {"status":"ok","msg":"广东-广州","gid":"109999","time_insert":"2021-06-21 07:04"}
2024-09-04 00:42:18 查询号码 【1372805】，GSD为【"广东-广州"】

2024-09-04 00:42:19 开始第 2807 次操作

2024-09-04 00:42:19 开始操作号码 【1372806】
2024-09-04 00:42:27 GSD getOne 第 1 次 等待 3 秒
2024-09-04 00:42:30 查询号码 【1372806】，返回信息 {"status":"ok","msg":"广东-广州","gid":"9764","time_insert":"2020-03-26 21:34","time_update":"2020-09-28 03:47"}
2024-09-04 00:42:30 查询号码 【1372806】，GSD为【"广东-广州"】

2024-09-04 00:42:31 开始第 2808 次操作

2024-09-04 00:42:31 开始操作号码 【1372807】
2024-09-04 00:42:39 GSD getOne 第 1 次 等待 3 秒
2024-09-04 00:42:42 查询号码 【1372807】，返回信息 {"status":"ok","msg":"广东-广州","gid":"9765","time_insert":"2020-03-05 13:53","time_update":"2020-09-28 03:51"}
2024-09-04 00:42:42 查询号码 【1372807】，GSD为【"广东-广州"】

2024-09-04 01:12:05 开始第 2809 次操作

2024-09-04 01:12:05 开始操作号码 【1372808】
2024-09-04 01:12:13 GSD getOne 第 1 次 等待 3 秒
2024-09-04 01:12:16 查询号码 【1372808】，返回信息 {"status":"ok","msg":"广东-广州","gid":"110035","time_insert":"2021-06-21 07:31"}
2024-09-04 01:12:16 查询号码 【1372808】，GSD为【"广东-广州"】

2024-09-04 01:12:17 开始第 2810 次操作

2024-09-04 01:12:17 开始操作号码 【1372809】
2024-09-04 01:12:24 GSD getOne 第 1 次 等待 3 秒
2024-09-04 01:12:27 查询号码 【1372809】，返回信息 {"status":"ok","msg":"广东-广州","gid":"110070","time_insert":"2021-06-21 07:54"}
2024-09-04 01:12:27 查询号码 【1372809】，GSD为【"广东-广州"】

2024-09-04 01:12:28 开始第 2811 次操作

2024-09-04 01:12:28 开始操作号码 【1372810】
2024-09-04 01:12:36 GSD getOne 第 1 次 等待 3 秒
2024-09-04 01:12:39 查询号码 【1372810】，返回信息 {"status":"ok","msg":"广东-东莞","gid":"110097","time_insert":"2021-06-21 08:14"}
2024-09-04 01:12:39 查询号码 【1372810】，GSD为【"广东-东莞"】

2024-09-04 01:12:40 开始第 2812 次操作

2024-09-04 01:12:40 开始操作号码 【1372811】
2024-09-04 01:12:50 GSD getOne 第 1 次 等待 3 秒
2024-09-04 01:12:53 查询号码 【1372811】，返回信息 {"status":"ok","msg":"广东-东莞","gid":"110122","time_insert":"2021-06-21 08:30"}
2024-09-04 01:12:53 查询号码 【1372811】，GSD为【"广东-东莞"】

2024-09-04 01:35:48 开始第 2813 次操作

2024-09-04 01:35:48 开始操作号码 【1372812】
2024-09-04 01:35:56 GSD getOne 第 1 次 等待 3 秒
2024-09-04 01:35:59 查询号码 【1372812】，返回信息 {"status":"ok","msg":"广东-东莞","gid":"110150","time_insert":"2021-06-21 08:50","time_update":"2021-06-21 09:04"}
2024-09-04 01:35:59 查询号码 【1372812】，GSD为【"广东-东莞"】

2024-09-04 01:36:00 开始第 2814 次操作

2024-09-04 01:36:00 开始操作号码 【1372813】
2024-09-04 01:36:08 GSD getOne 第 1 次 等待 3 秒
2024-09-04 01:36:11 查询号码 【1372813】，返回信息 {"status":"ok","msg":"广东-东莞","gid":"9766","time_insert":"2016-02-26 16:34","time_update":"2020-09-28 03:52"}
2024-09-04 01:36:11 查询号码 【1372813】，GSD为【"广东-东莞"】

2024-09-04 01:36:12 开始第 2815 次操作

2024-09-04 01:36:12 开始操作号码 【1372814】
2024-09-04 01:36:20 GSD getOne 第 1 次 等待 3 秒
2024-09-04 01:36:23 查询号码 【1372814】，返回信息 {"status":"ok","msg":"广东-东莞","gid":"110179","time_insert":"2021-06-21 09:12"}
2024-09-04 01:36:23 查询号码 【1372814】，GSD为【"广东-东莞"】

2024-09-04 01:36:24 开始第 2816 次操作

2024-09-04 01:36:24 开始操作号码 【1372815】
2024-09-04 01:36:32 GSD getOne 第 1 次 等待 3 秒
2024-09-04 01:36:35 查询号码 【1372815】，返回信息 {"status":"ok","msg":"广东-东莞","gid":"110207","time_insert":"2021-06-21 09:30"}
2024-09-04 01:36:35 查询号码 【1372815】，GSD为【"广东-东莞"】

