2024-01-26 00:19:19 开始第 157 次操作

2024-01-26 00:19:19 开始操作号码 【1700059】
2024-01-26 00:19:44 GSD getOne 第 1 次 等待 3 秒
2024-01-26 00:19:47 查询号码 【1700059】，返回信息 {"status":"ok","msg":"天津-天津","gid":"113129","time_insert":"2021-06-22 11:23"}
2024-01-26 00:19:47 查询号码 【1700059】，GSD为【"天津-天津"】

2024-01-26 00:19:48 开始第 158 次操作

2024-01-26 00:19:48 开始操作号码 【1700060】
2024-01-26 00:20:12 GSD getOne 第 1 次 等待 3 秒
2024-01-26 00:20:15 查询号码 【1700060】，返回信息 {"status":"ok","msg":"天津-天津","gid":"113130","time_insert":"2021-06-22 11:24"}
2024-01-26 00:20:15 查询号码 【1700060】，GSD为【"天津-天津"】

2024-01-26 00:20:16 开始第 159 次操作

2024-01-26 00:20:16 开始操作号码 【1700061】
2024-01-26 00:20:39 GSD getOne 第 1 次 等待 3 秒
2024-01-26 00:20:42 查询号码 【1700061】，返回信息 {"status":"ok","msg":"天津-天津","gid":"113175","time_insert":"2021-06-22 11:54"}
2024-01-26 00:20:42 查询号码 【1700061】，GSD为【"天津-天津"】

2024-01-26 00:20:43 开始第 160 次操作

2024-01-26 00:20:43 开始操作号码 【1700062】
2024-01-26 00:21:07 GSD getOne 第 1 次 等待 3 秒
2024-01-26 00:21:10 查询号码 【1700062】，返回信息 {"status":"ok","msg":"天津-天津","gid":"113177","time_insert":"2021-06-22 11:55"}
2024-01-26 00:21:10 查询号码 【1700062】，GSD为【"天津-天津"】

2024-01-26 00:41:58 开始第 161 次操作

2024-01-26 00:41:58 开始操作号码 【1700063】
2024-01-26 00:42:22 GSD getOne 第 1 次 等待 3 秒
2024-01-26 00:42:25 查询号码 【1700063】，返回信息 {"status":"ok","msg":"天津-天津","gid":"113179","time_insert":"2021-06-22 11:56"}
2024-01-26 00:42:25 查询号码 【1700063】，GSD为【"天津-天津"】

2024-01-26 00:42:26 开始第 162 次操作

2024-01-26 00:42:26 开始操作号码 【1700064】
2024-01-26 00:42:50 GSD getOne 第 1 次 等待 3 秒
2024-01-26 00:42:53 查询号码 【1700064】，返回信息 {"status":"ok","msg":"天津-天津","gid":"113182","time_insert":"2021-06-22 11:56"}
2024-01-26 00:42:53 查询号码 【1700064】，GSD为【"天津-天津"】

2024-01-26 00:42:54 开始第 163 次操作

2024-01-26 00:42:54 开始操作号码 【1700065】
2024-01-26 00:43:18 GSD getOne 第 1 次 等待 3 秒
2024-01-26 00:43:21 查询号码 【1700065】，返回信息 {"status":"ok","msg":"天津-天津","gid":"113187","time_insert":"2021-06-22 11:57"}
2024-01-26 00:43:21 查询号码 【1700065】，GSD为【"天津-天津"】

2024-01-26 00:43:22 开始第 164 次操作

2024-01-26 00:43:22 开始操作号码 【1700066】
2024-01-26 00:43:46 GSD getOne 第 1 次 等待 3 秒
2024-01-26 00:43:49 查询号码 【1700066】，返回信息 {"status":"ok","msg":"天津-天津","gid":"113190","time_insert":"2021-06-22 11:57"}
2024-01-26 00:43:49 查询号码 【1700066】，GSD为【"天津-天津"】

2024-01-26 01:13:04 开始第 165 次操作

2024-01-26 01:13:04 开始操作号码 【1700067】
2024-01-26 01:13:28 GSD getOne 第 1 次 等待 3 秒
2024-01-26 01:13:31 查询号码 【1700067】，返回信息 {"status":"ok","msg":"天津-天津","gid":"113192","time_insert":"2021-06-22 11:58"}
2024-01-26 01:13:31 查询号码 【1700067】，GSD为【"天津-天津"】

2024-01-26 01:13:32 开始第 166 次操作

2024-01-26 01:13:32 开始操作号码 【1700068】
2024-01-26 01:13:56 GSD getOne 第 1 次 等待 3 秒
2024-01-26 01:13:59 查询号码 【1700068】，返回信息 {"status":"ok","msg":"天津-天津","gid":"113195","time_insert":"2021-06-22 11:58"}
2024-01-26 01:13:59 查询号码 【1700068】，GSD为【"天津-天津"】

2024-01-26 01:14:00 开始第 167 次操作

2024-01-26 01:14:00 开始操作号码 【1700069】
2024-01-26 01:14:24 GSD getOne 第 1 次 等待 3 秒
2024-01-26 01:14:27 查询号码 【1700069】，返回信息 {"status":"ok","msg":"天津-天津","gid":"113197","time_insert":"2021-06-22 11:59"}
2024-01-26 01:14:27 查询号码 【1700069】，GSD为【"天津-天津"】

2024-01-26 01:14:28 开始第 168 次操作

2024-01-26 01:14:28 开始操作号码 【1700070】
2024-01-26 01:14:51 GSD getOne 第 1 次 等待 3 秒
2024-01-26 01:14:54 查询号码 【1700070】，返回信息 {"status":"ok","msg":"北京-北京","gid":"113201","time_insert":"2021-06-22 12:00"}
2024-01-26 01:14:54 查询号码 【1700070】，GSD为【"北京-北京"】

2024-01-26 01:36:01 开始第 169 次操作

2024-01-26 01:36:01 开始操作号码 【1700071】
2024-01-26 01:36:25 GSD getOne 第 1 次 等待 3 秒
2024-01-26 01:36:28 查询号码 【1700071】，返回信息 {"status":"ok","msg":"北京-北京","gid":"113209","time_insert":"2021-06-22 12:02"}
2024-01-26 01:36:28 查询号码 【1700071】，GSD为【"北京-北京"】

2024-01-26 01:36:29 开始第 170 次操作

2024-01-26 01:36:29 开始操作号码 【1700072】
2024-01-26 01:36:53 GSD getOne 第 1 次 等待 3 秒
2024-01-26 01:36:56 查询号码 【1700072】，返回信息 {"status":"ok","msg":"北京-北京","gid":"113212","time_insert":"2021-06-22 12:02"}
2024-01-26 01:36:56 查询号码 【1700072】，GSD为【"北京-北京"】

2024-01-26 01:36:57 开始第 171 次操作

2024-01-26 01:36:57 开始操作号码 【1700073】
2024-01-26 01:37:21 GSD getOne 第 1 次 等待 3 秒
2024-01-26 01:37:24 查询号码 【1700073】，返回信息 {"status":"ok","msg":"北京-北京","gid":"113215","time_insert":"2021-06-22 12:03"}
2024-01-26 01:37:24 查询号码 【1700073】，GSD为【"北京-北京"】

2024-01-26 01:37:25 开始第 172 次操作

2024-01-26 01:37:25 开始操作号码 【1700074】
2024-01-26 01:37:49 GSD getOne 第 1 次 等待 3 秒
2024-01-26 01:37:52 查询号码 【1700074】，返回信息 {"status":"ok","msg":"北京-北京","gid":"113219","time_insert":"2021-06-22 12:03"}
2024-01-26 01:37:52 查询号码 【1700074】，GSD为【"北京-北京"】

2024-01-26 02:18:49 开始第 173 次操作

2024-01-26 02:18:49 开始操作号码 【1700075】
2024-01-26 02:19:14 GSD getOne 第 1 次 等待 3 秒
2024-01-26 02:19:17 查询号码 【1700075】，返回信息 {"status":"ok","msg":"北京-北京","gid":"113224","time_insert":"2021-06-22 12:04"}
2024-01-26 02:19:17 查询号码 【1700075】，GSD为【"北京-北京"】

2024-01-26 02:19:18 开始第 174 次操作

2024-01-26 02:19:18 开始操作号码 【1700076】
2024-01-26 02:19:41 GSD getOne 第 1 次 等待 3 秒
2024-01-26 02:19:44 查询号码 【1700076】，返回信息 {"status":"ok","msg":"北京-北京","gid":"113226","time_insert":"2021-06-22 12:04"}
2024-01-26 02:19:45 查询号码 【1700076】，GSD为【"北京-北京"】

2024-01-26 02:19:46 开始第 175 次操作

2024-01-26 02:19:46 开始操作号码 【1700077】
2024-01-26 02:20:09 GSD getOne 第 1 次 等待 3 秒
2024-01-26 02:20:12 查询号码 【1700077】，返回信息 {"status":"ok","msg":"北京-北京","gid":"113229","time_insert":"2021-06-22 12:05"}
2024-01-26 02:20:12 查询号码 【1700077】，GSD为【"北京-北京"】

2024-01-26 02:20:13 开始第 176 次操作

2024-01-26 02:20:13 开始操作号码 【1700078】
2024-01-26 02:20:37 GSD getOne 第 1 次 等待 3 秒
2024-01-26 02:20:40 查询号码 【1700078】，返回信息 {"status":"ok","msg":"山东-青岛","gid":"113233","time_insert":"2021-06-22 12:06"}
2024-01-26 02:20:40 查询号码 【1700078】，GSD为【"山东-青岛"】

2024-01-26 02:38:41 开始第 177 次操作

2024-01-26 02:38:41 开始操作号码 【1700079】
2024-01-26 02:39:05 GSD getOne 第 1 次 等待 3 秒
2024-01-26 02:39:08 查询号码 【1700079】，返回信息 {"status":"ok","msg":"山东-青岛","gid":"113239","time_insert":"2021-06-22 12:07"}
2024-01-26 02:39:08 查询号码 【1700079】，GSD为【"山东-青岛"】

2024-01-26 02:39:09 开始第 178 次操作

2024-01-26 02:39:09 开始操作号码 【1700080】
2024-01-26 02:39:32 GSD getOne 第 1 次 等待 3 秒
2024-01-26 02:39:35 查询号码 【1700080】，返回信息 {"status":"ok","msg":"北京-北京","gid":"113243","time_insert":"2021-06-22 12:08"}
2024-01-26 02:39:35 查询号码 【1700080】，GSD为【"北京-北京"】

2024-01-26 02:39:36 开始第 179 次操作

2024-01-26 02:39:36 开始操作号码 【1700081】
2024-01-26 02:40:00 GSD getOne 第 1 次 等待 3 秒
2024-01-26 02:40:03 查询号码 【1700081】，返回信息 {"status":"ok","msg":"北京-北京","gid":"113248","time_insert":"2021-06-22 12:09"}
2024-01-26 02:40:03 查询号码 【1700081】，GSD为【"北京-北京"】

2024-01-26 02:40:04 开始第 180 次操作

2024-01-26 02:40:04 开始操作号码 【1700082】
2024-01-26 02:40:28 GSD getOne 第 1 次 等待 3 秒
2024-01-26 02:40:31 查询号码 【1700082】，返回信息 {"status":"ok","msg":"北京-北京","gid":"113254","time_insert":"2021-06-22 12:09"}
2024-01-26 02:40:31 查询号码 【1700082】，GSD为【"北京-北京"】

