2024-04-06 00:18:44 开始第 2157 次操作

2024-04-06 00:18:44 开始操作号码 【1592060】
2024-04-06 00:18:49 GSD getOne 第 1 次 等待 3 秒
2024-04-06 00:18:52 查询号码 【1592060】，返回信息 {"status":"ok","msg":"广东-东莞","gid":"26746","time_insert":"2019-07-12 09:44","time_update":"2020-09-30 17:32"}
2024-04-06 00:18:52 查询号码 【1592060】，GSD为【"广东-东莞"】

2024-04-06 00:18:53 开始第 2158 次操作

2024-04-06 00:18:53 开始操作号码 【1592061】
2024-04-06 00:19:00 GSD getOne 第 1 次 等待 3 秒
2024-04-06 00:19:03 查询号码 【1592061】，返回信息 {"status":"ok","msg":"广东-东莞","gid":"119531","time_insert":"2021-06-23 21:17"}
2024-04-06 00:19:03 查询号码 【1592061】，GSD为【"广东-东莞"】

2024-04-06 00:19:04 开始第 2159 次操作

2024-04-06 00:19:04 开始操作号码 【1592062】
2024-04-06 00:19:11 GSD getOne 第 1 次 等待 3 秒
2024-04-06 00:19:14 查询号码 【1592062】，返回信息 {"status":"ok","msg":"广东-东莞","gid":"119536","time_insert":"2021-06-23 21:18"}
2024-04-06 00:19:14 查询号码 【1592062】，GSD为【"广东-东莞"】

2024-04-06 00:19:15 开始第 2160 次操作

2024-04-06 00:19:15 开始操作号码 【1592063】
2024-04-06 00:19:20 GSD getOne 第 1 次 等待 3 秒
2024-04-06 00:19:23 查询号码 【1592063】，返回信息 {"status":"ok","msg":"广东-东莞","gid":"26747","time_insert":"2019-04-18 14:23","time_update":"2020-09-30 17:36"}
2024-04-06 00:19:23 查询号码 【1592063】，GSD为【"广东-东莞"】

2024-04-06 00:37:45 开始第 2161 次操作

2024-04-06 00:37:45 开始操作号码 【1592064】
2024-04-06 00:37:51 GSD getOne 第 1 次 等待 3 秒
2024-04-06 00:37:54 查询号码 【1592064】，返回信息 {"status":"ok","msg":"广东-东莞","gid":"119541","time_insert":"2021-06-23 21:19"}
2024-04-06 00:37:54 查询号码 【1592064】，GSD为【"广东-东莞"】

2024-04-06 00:37:55 开始第 2162 次操作

2024-04-06 00:37:55 开始操作号码 【1592065】
2024-04-06 00:38:00 GSD getOne 第 1 次 等待 3 秒
2024-04-06 00:38:03 查询号码 【1592065】，返回信息 {"status":"ok","msg":"广东-东莞","gid":"119548","time_insert":"2021-06-23 21:20"}
2024-04-06 00:38:03 查询号码 【1592065】，GSD为【"广东-东莞"】

2024-04-06 00:38:04 开始第 2163 次操作

2024-04-06 00:38:04 开始操作号码 【1592066】
2024-04-06 00:38:08 GSD getOne 第 1 次 等待 3 秒
2024-04-06 00:38:11 查询号码 【1592066】，返回信息 {"status":"ok","msg":"广东-东莞","gid":"119551","time_insert":"2021-06-23 21:21"}
2024-04-06 00:38:11 查询号码 【1592066】，GSD为【"广东-东莞"】

2024-04-06 00:38:12 开始第 2164 次操作

2024-04-06 00:38:12 开始操作号码 【1592067】
2024-04-06 00:38:18 GSD getOne 第 1 次 等待 3 秒
2024-04-06 00:38:21 查询号码 【1592067】，返回信息 {"status":"ok","msg":"广东-东莞","gid":"119555","time_insert":"2021-06-23 21:22"}
2024-04-06 00:38:21 查询号码 【1592067】，GSD为【"广东-东莞"】

2024-04-06 01:14:17 开始第 2165 次操作

2024-04-06 01:14:17 开始操作号码 【1592068】
2024-04-06 01:14:22 GSD getOne 第 1 次 等待 3 秒
2024-04-06 01:14:25 查询号码 【1592068】，返回信息 {"status":"ok","msg":"广东-东莞","gid":"26748","time_insert":"2019-06-02 14:17","time_update":"2020-09-30 17:37"}
2024-04-06 01:14:25 查询号码 【1592068】，GSD为【"广东-东莞"】

2024-04-06 01:14:26 开始第 2166 次操作

2024-04-06 01:14:26 开始操作号码 【1592069】
2024-04-06 01:14:31 GSD getOne 第 1 次 等待 3 秒
2024-04-06 01:14:34 查询号码 【1592069】，返回信息 {"status":"ok","msg":"广东-东莞","gid":"119563","time_insert":"2021-06-23 21:23"}
2024-04-06 01:14:34 查询号码 【1592069】，GSD为【"广东-东莞"】

2024-04-06 01:14:35 开始第 2167 次操作

2024-04-06 01:14:35 开始操作号码 【1592070】
2024-04-06 01:14:40 GSD getOne 第 1 次 等待 3 秒
2024-04-06 01:14:43 查询号码 【1592070】，返回信息 {"status":"ok","msg":"广东-佛山","gid":"119568","time_insert":"2021-06-23 21:24"}
2024-04-06 01:14:43 查询号码 【1592070】，GSD为【"广东-佛山"】

2024-04-06 01:14:44 开始第 2168 次操作

2024-04-06 01:14:44 开始操作号码 【1592071】
2024-04-06 01:14:49 GSD getOne 第 1 次 等待 3 秒
2024-04-06 01:14:52 查询号码 【1592071】，返回信息 {"status":"ok","msg":"广东-佛山","gid":"119575","time_insert":"2021-06-23 21:25"}
2024-04-06 01:14:52 查询号码 【1592071】，GSD为【"广东-佛山"】

2024-04-06 01:35:43 开始第 2169 次操作

2024-04-06 01:35:43 开始操作号码 【1592072】
2024-04-06 01:35:48 GSD getOne 第 1 次 等待 3 秒
2024-04-06 01:35:51 查询号码 【1592072】，返回信息 {"status":"ok","msg":"广东-佛山","gid":"119580","time_insert":"2021-06-23 21:26"}
2024-04-06 01:35:51 查询号码 【1592072】，GSD为【"广东-佛山"】

2024-04-06 01:35:52 开始第 2170 次操作

2024-04-06 01:35:52 开始操作号码 【1592073】
2024-04-06 01:35:56 GSD getOne 第 1 次 等待 3 秒
2024-04-06 01:35:59 查询号码 【1592073】，返回信息 {"status":"ok","msg":"广东-佛山","gid":"119585","time_insert":"2021-06-23 21:27"}
2024-04-06 01:35:59 查询号码 【1592073】，GSD为【"广东-佛山"】

2024-04-06 01:36:00 开始第 2171 次操作

2024-04-06 01:36:00 开始操作号码 【1592074】
2024-04-06 01:36:06 GSD getOne 第 1 次 等待 3 秒
2024-04-06 01:36:09 查询号码 【1592074】，返回信息 {"status":"ok","msg":"广东-佛山","gid":"119589","time_insert":"2021-06-23 21:27"}
2024-04-06 01:36:09 查询号码 【1592074】，GSD为【"广东-佛山"】

2024-04-06 01:36:10 开始第 2172 次操作

2024-04-06 01:36:10 开始操作号码 【1592075】
2024-04-06 01:36:15 GSD getOne 第 1 次 等待 3 秒
2024-04-06 01:36:18 查询号码 【1592075】，返回信息 {"status":"ok","msg":"广东-广州","gid":"119593","time_insert":"2021-06-23 21:28"}
2024-04-06 01:36:18 查询号码 【1592075】，GSD为【"广东-广州"】

2024-04-06 02:17:12 开始第 2173 次操作

2024-04-06 02:17:12 开始操作号码 【1592076】
2024-04-06 02:17:17 GSD getOne 第 1 次 等待 3 秒
2024-04-06 02:17:20 查询号码 【1592076】，返回信息 {"status":"ok","msg":"广东-广州","gid":"119600","time_insert":"2021-06-23 21:29"}
2024-04-06 02:17:20 查询号码 【1592076】，GSD为【"广东-广州"】

2024-04-06 02:17:21 开始第 2174 次操作

2024-04-06 02:17:21 开始操作号码 【1592077】
2024-04-06 02:17:26 GSD getOne 第 1 次 等待 3 秒
2024-04-06 02:17:29 查询号码 【1592077】，返回信息 {"status":"ok","msg":"广东-广州","gid":"119606","time_insert":"2021-06-23 21:30"}
2024-04-06 02:17:29 查询号码 【1592077】，GSD为【"广东-广州"】

2024-04-06 02:17:30 开始第 2175 次操作

2024-04-06 02:17:30 开始操作号码 【1592078】
2024-04-06 02:17:34 GSD getOne 第 1 次 等待 3 秒
2024-04-06 02:17:37 查询号码 【1592078】，返回信息 {"status":"ok","msg":"广东-广州","gid":"119610","time_insert":"2021-06-23 21:31"}
2024-04-06 02:17:37 查询号码 【1592078】，GSD为【"广东-广州"】

2024-04-06 02:17:38 开始第 2176 次操作

2024-04-06 02:17:38 开始操作号码 【1592079】
2024-04-06 02:17:43 GSD getOne 第 1 次 等待 3 秒
2024-04-06 02:17:46 查询号码 【1592079】，返回信息 {"status":"ok","msg":"广东-广州","gid":"119614","time_insert":"2021-06-23 21:32"}
2024-04-06 02:17:46 查询号码 【1592079】，GSD为【"广东-广州"】

2024-04-06 02:35:51 开始第 2177 次操作

2024-04-06 02:35:51 开始操作号码 【1592080】
2024-04-06 02:35:56 GSD getOne 第 1 次 等待 3 秒
2024-04-06 02:35:59 查询号码 【1592080】，返回信息 {"status":"ok","msg":"广东-广州","gid":"119618","time_insert":"2021-06-23 21:32"}
2024-04-06 02:35:59 查询号码 【1592080】，GSD为【"广东-广州"】

2024-04-06 02:36:00 开始第 2178 次操作

2024-04-06 02:36:00 开始操作号码 【1592081】
2024-04-06 02:36:05 GSD getOne 第 1 次 等待 3 秒
2024-04-06 02:36:08 查询号码 【1592081】，返回信息 {"status":"ok","msg":"广东-广州","gid":"26749","time_insert":"2018-01-06 16:43","time_update":"2020-09-30 17:40"}
2024-04-06 02:36:08 查询号码 【1592081】，GSD为【"广东-广州"】

2024-04-06 02:36:09 开始第 2179 次操作

2024-04-06 02:36:09 开始操作号码 【1592082】
2024-04-06 02:36:14 GSD getOne 第 1 次 等待 3 秒
2024-04-06 02:36:17 查询号码 【1592082】，返回信息 {"status":"ok","msg":"广东-广州","gid":"119624","time_insert":"2021-06-23 21:34"}
2024-04-06 02:36:17 查询号码 【1592082】，GSD为【"广东-广州"】

2024-04-06 02:36:18 开始第 2180 次操作

2024-04-06 02:36:18 开始操作号码 【1592083】
2024-04-06 02:36:24 GSD getOne 第 1 次 等待 3 秒
2024-04-06 02:36:27 查询号码 【1592083】，返回信息 {"status":"ok","msg":"广东-广州","gid":"119635","time_insert":"2021-06-23 21:41"}
2024-04-06 02:36:27 查询号码 【1592083】，GSD为【"广东-广州"】

2024-04-06 03:12:35 开始第 2181 次操作

2024-04-06 03:12:35 开始操作号码 【1592084】
2024-04-06 03:12:40 GSD getOne 第 1 次 等待 3 秒
2024-04-06 03:12:43 查询号码 【1592084】，返回信息 {"status":"ok","msg":"广东-广州","gid":"119640","time_insert":"2021-06-23 21:41"}
2024-04-06 03:12:43 查询号码 【1592084】，GSD为【"广东-广州"】

2024-04-06 03:12:44 开始第 2182 次操作

2024-04-06 03:12:44 开始操作号码 【1592085】
2024-04-06 03:12:49 GSD getOne 第 1 次 等待 3 秒
2024-04-06 03:12:52 查询号码 【1592085】，返回信息 {"status":"ok","msg":"广东-广州","gid":"119645","time_insert":"2021-06-23 21:42"}
2024-04-06 03:12:52 查询号码 【1592085】，GSD为【"广东-广州"】

2024-04-06 03:12:53 开始第 2183 次操作

2024-04-06 03:12:53 开始操作号码 【1592086】
2024-04-06 03:12:57 GSD getOne 第 1 次 等待 3 秒
2024-04-06 03:13:00 查询号码 【1592086】，返回信息 {"status":"ok","msg":"广东-广州","gid":"119650","time_insert":"2021-06-23 21:42"}
2024-04-06 03:13:00 查询号码 【1592086】，GSD为【"广东-广州"】

2024-04-06 03:13:02 开始第 2184 次操作

2024-04-06 03:13:02 开始操作号码 【1592087】
2024-04-06 03:13:06 GSD getOne 第 1 次 等待 3 秒
2024-04-06 03:13:09 查询号码 【1592087】，返回信息 {"status":"ok","msg":"广东-广州","gid":"119654","time_insert":"2021-06-23 21:43"}
2024-04-06 03:13:09 查询号码 【1592087】，GSD为【"广东-广州"】

