2024-07-06 00:18:43 开始第 4521 次操作

2024-07-06 00:18:43 开始操作号码 【1484422】
2024-07-06 00:18:55 GSD getOne 第 1 次 等待 3 秒
2024-07-06 00:18:58 查询号码 【1484422】，返回信息 {"status":"ok","msg":"江苏-南京","gid":"221165","time_insert":"2021-07-08 09:09"}
2024-07-06 00:18:58 查询号码 【1484422】，GSD为【"江苏-南京"】

2024-07-06 00:18:59 开始第 4522 次操作

2024-07-06 00:18:59 开始操作号码 【1484423】
2024-07-06 00:19:07 GSD getOne 第 1 次 等待 3 秒
2024-07-06 00:19:10 查询号码 【1484423】，返回信息 {"status":"ok","msg":"江苏-南京","gid":"221171","time_insert":"2021-07-08 09:14"}
2024-07-06 00:19:10 查询号码 【1484423】，GSD为【"江苏-南京"】

2024-07-06 00:19:11 开始第 4523 次操作

2024-07-06 00:19:11 开始操作号码 【1484424】
2024-07-06 00:19:21 GSD getOne 第 1 次 等待 3 秒
2024-07-06 00:19:24 查询号码 【1484424】，返回信息 {"status":"ok","msg":"江苏-南京","gid":"221181","time_insert":"2021-07-08 09:19"}
2024-07-06 00:19:24 查询号码 【1484424】，GSD为【"江苏-南京"】

2024-07-06 00:19:25 开始第 4524 次操作

2024-07-06 00:19:25 开始操作号码 【1484425】
2024-07-06 00:19:40 GSD getOne 第 1 次 等待 3 秒
2024-07-06 00:19:43 查询号码 【1484425】，返回信息 {"status":"ok","msg":"江苏-南京","gid":"221190","time_insert":"2021-07-08 09:22"}
2024-07-06 00:19:43 查询号码 【1484425】，GSD为【"江苏-南京"】

2024-07-06 00:39:31 开始第 4525 次操作

2024-07-06 00:39:31 开始操作号码 【1484426】
2024-07-06 00:39:39 GSD getOne 第 1 次 等待 3 秒
2024-07-06 00:39:42 查询号码 【1484426】，返回信息 {"status":"ok","msg":"江苏-南京","gid":"221193","time_insert":"2021-07-08 09:27"}
2024-07-06 00:39:42 查询号码 【1484426】，GSD为【"江苏-南京"】

2024-07-06 00:39:43 开始第 4526 次操作

2024-07-06 00:39:43 开始操作号码 【1484427】
2024-07-06 00:39:52 GSD getOne 第 1 次 等待 3 秒
2024-07-06 00:39:55 查询号码 【1484427】，返回信息 {"status":"ok","msg":"江苏-南京","gid":"221204","time_insert":"2021-07-08 09:33"}
2024-07-06 00:39:55 查询号码 【1484427】，GSD为【"江苏-南京"】

2024-07-06 00:39:56 开始第 4527 次操作

2024-07-06 00:39:56 开始操作号码 【1484428】
2024-07-06 00:40:07 GSD getOne 第 1 次 等待 3 秒
2024-07-06 00:40:10 查询号码 【1484428】，返回信息 {"status":"ok","msg":"江苏-南京","gid":"221228","time_insert":"2021-07-08 09:39"}
2024-07-06 00:40:10 查询号码 【1484428】，GSD为【"江苏-南京"】

2024-07-06 00:40:11 开始第 4528 次操作

2024-07-06 00:40:11 开始操作号码 【1484429】
2024-07-06 00:40:18 GSD getOne 第 1 次 等待 3 秒
2024-07-06 00:40:21 查询号码 【1484429】，返回信息 {"status":"ok","msg":"江苏-南京","gid":"221270","time_insert":"2021-07-08 09:43"}
2024-07-06 00:40:21 查询号码 【1484429】，GSD为【"江苏-南京"】

2024-07-06 01:13:48 开始第 4529 次操作

2024-07-06 01:13:48 开始操作号码 【1484430】
2024-07-06 01:13:56 GSD getOne 第 1 次 等待 3 秒
2024-07-06 01:13:59 查询号码 【1484430】，返回信息 {"status":"ok","msg":"江苏-南京","gid":"221340","time_insert":"2021-07-08 09:48"}
2024-07-06 01:13:59 查询号码 【1484430】，GSD为【"江苏-南京"】

2024-07-06 01:14:00 开始第 4530 次操作

2024-07-06 01:14:00 开始操作号码 【1484431】
2024-07-06 01:14:09 GSD getOne 第 1 次 等待 3 秒
2024-07-06 01:14:12 查询号码 【1484431】，返回信息 {"status":"ok","msg":"江苏-南京","gid":"221380","time_insert":"2021-07-08 09:53"}
2024-07-06 01:14:12 查询号码 【1484431】，GSD为【"江苏-南京"】

2024-07-06 01:14:13 开始第 4531 次操作

2024-07-06 01:14:13 开始操作号码 【1484432】
2024-07-06 01:14:21 GSD getOne 第 1 次 等待 3 秒
2024-07-06 01:14:24 查询号码 【1484432】，返回信息 {"status":"ok","msg":"江苏-南京","gid":"221392","time_insert":"2021-07-08 09:56"}
2024-07-06 01:14:24 查询号码 【1484432】，GSD为【"江苏-南京"】

2024-07-06 01:14:25 开始第 4532 次操作

2024-07-06 01:14:25 开始操作号码 【1484433】
2024-07-06 01:14:32 GSD getOne 第 1 次 等待 3 秒
2024-07-06 01:14:35 查询号码 【1484433】，返回信息 {"status":"ok","msg":"江苏-南京","gid":"221403","time_insert":"2021-07-08 10:01"}
2024-07-06 01:14:36 查询号码 【1484433】，GSD为【"江苏-南京"】

