2024-04-24 00:17:32 开始第 5253 次操作

2024-04-24 00:17:32 开始操作号码 【1595156】
2024-04-24 00:17:37 GSD getOne 第 1 次 等待 3 秒
2024-04-24 00:17:40 查询号码 【1595156】，返回信息 {"status":"ok","msg":"江苏-无锡","gid":"135093","time_insert":"2021-06-26 22:50"}
2024-04-24 00:17:40 查询号码 【1595156】，GSD为【"江苏-无锡"】

2024-04-24 00:17:41 开始第 5254 次操作

2024-04-24 00:17:41 开始操作号码 【1595157】
2024-04-24 00:17:48 GSD getOne 第 1 次 等待 3 秒
2024-04-24 00:17:51 查询号码 【1595157】，返回信息 {"status":"ok","msg":"江苏-无锡","gid":"135085","time_insert":"2021-06-26 22:49"}
2024-04-24 00:17:51 查询号码 【1595157】，GSD为【"江苏-无锡"】

2024-04-24 00:17:52 开始第 5255 次操作

2024-04-24 00:17:52 开始操作号码 【1595158】
2024-04-24 00:17:58 GSD getOne 第 1 次 等待 3 秒
2024-04-24 00:18:01 查询号码 【1595158】，返回信息 {"status":"ok","msg":"江苏-无锡","gid":"135074","time_insert":"2021-06-26 22:48"}
2024-04-24 00:18:01 查询号码 【1595158】，GSD为【"江苏-无锡"】

2024-04-24 00:18:02 开始第 5256 次操作

2024-04-24 00:18:02 开始操作号码 【1595159】
2024-04-24 00:18:07 GSD getOne 第 1 次 等待 3 秒
2024-04-24 00:18:10 查询号码 【1595159】，返回信息 {"status":"ok","msg":"江苏-宿迁","gid":"135065","time_insert":"2021-06-26 22:47"}
2024-04-24 00:18:11 查询号码 【1595159】，GSD为【"江苏-宿迁"】

