2024-05-10 00:18:37 开始第 8133 次操作

2024-05-10 00:18:37 开始操作号码 【1598036】
2024-05-10 00:18:43 GSD getOne 第 1 次 等待 3 秒
2024-05-10 00:18:46 查询号码 【1598036】，返回信息 {"status":"ok","msg":"福建-莆田","gid":"27746","time_insert":"2018-01-14 17:42","time_update":"2020-09-04 11:33"}
2024-05-10 00:18:46 查询号码 【1598036】，GSD为【"福建-莆田"】

2024-05-10 00:18:47 开始第 8134 次操作

2024-05-10 00:18:47 开始操作号码 【1598037】
2024-05-10 00:18:55 GSD getOne 第 1 次 等待 3 秒
2024-05-10 00:18:58 查询号码 【1598037】，返回信息 {"status":"ok","msg":"福建-宁德","gid":"117989","time_insert":"2021-06-23 13:16"}
2024-05-10 00:18:58 查询号码 【1598037】，GSD为【"福建-宁德"】

2024-05-10 00:18:59 开始第 8135 次操作

2024-05-10 00:18:59 开始操作号码 【1598038】
2024-05-10 00:19:04 GSD getOne 第 1 次 等待 3 秒
2024-05-10 00:19:07 查询号码 【1598038】，返回信息 {"status":"ok","msg":"福建-宁德","gid":"117986","time_insert":"2021-06-23 13:15"}
2024-05-10 00:19:07 查询号码 【1598038】，GSD为【"福建-宁德"】

2024-05-10 00:19:08 开始第 8136 次操作

2024-05-10 00:19:08 开始操作号码 【1598039】
2024-05-10 00:19:14 GSD getOne 第 1 次 等待 3 秒
2024-05-10 00:19:17 查询号码 【1598039】，返回信息 {"status":"ok","msg":"福建-宁德","gid":"117983","time_insert":"2021-06-23 13:14"}
2024-05-10 00:19:17 查询号码 【1598039】，GSD为【"福建-宁德"】

2024-05-10 00:42:05 开始第 8137 次操作

2024-05-10 00:42:05 开始操作号码 【1598040】
2024-05-10 00:42:11 GSD getOne 第 1 次 等待 3 秒
2024-05-10 00:42:14 查询号码 【1598040】，返回信息 {"status":"ok","msg":"福建-泉州","gid":"117978","time_insert":"2021-06-23 13:13"}
2024-05-10 00:42:14 查询号码 【1598040】，GSD为【"福建-泉州"】

2024-05-10 00:42:15 开始第 8138 次操作

2024-05-10 00:42:15 开始操作号码 【1598041】
2024-05-10 00:42:20 GSD getOne 第 1 次 等待 3 秒
2024-05-10 00:42:23 查询号码 【1598041】，返回信息 {"status":"ok","msg":"福建-泉州","gid":"117973","time_insert":"2021-06-23 13:13"}
2024-05-10 00:42:23 查询号码 【1598041】，GSD为【"福建-泉州"】

2024-05-10 00:42:24 开始第 8139 次操作

2024-05-10 00:42:24 开始操作号码 【1598042】
2024-05-10 00:42:29 GSD getOne 第 1 次 等待 3 秒
2024-05-10 00:42:32 查询号码 【1598042】，返回信息 {"status":"ok","msg":"福建-泉州","gid":"117967","time_insert":"2021-06-23 13:12"}
2024-05-10 00:42:32 查询号码 【1598042】，GSD为【"福建-泉州"】

2024-05-10 00:42:33 开始第 8140 次操作

2024-05-10 00:42:33 开始操作号码 【1598043】
2024-05-10 00:42:38 GSD getOne 第 1 次 等待 3 秒
2024-05-10 00:42:41 查询号码 【1598043】，返回信息 {"status":"ok","msg":"福建-泉州","gid":"27747","time_insert":"2016-04-29 22:25","time_update":"2020-09-04 12:17"}
2024-05-10 00:42:41 查询号码 【1598043】，GSD为【"福建-泉州"】

