2024-02-26 00:16:25 开始第 5785 次操作

2024-02-26 00:16:25 开始操作号码 【1705687】
2024-02-26 00:16:30 GSD getOne 第 1 次 等待 3 秒
2024-02-26 00:16:33 查询号码 【1705687】，返回信息 {"status":"ok","msg":"山东-济南","gid":"163097","time_insert":"2021-07-01 00:15"}
2024-02-26 00:16:33 查询号码 【1705687】，GSD为【"山东-济南"】

2024-02-26 00:16:34 开始第 5786 次操作

2024-02-26 00:16:34 开始操作号码 【1705688】
2024-02-26 00:16:39 GSD getOne 第 1 次 等待 3 秒
2024-02-26 00:16:42 查询号码 【1705688】，返回信息 {"status":"ok","msg":"山东-青岛","gid":"163100","time_insert":"2021-07-01 00:16"}
2024-02-26 00:16:42 查询号码 【1705688】，GSD为【"山东-青岛"】

2024-02-26 00:16:43 开始第 5787 次操作

2024-02-26 00:16:43 开始操作号码 【1705689】
2024-02-26 00:16:48 GSD getOne 第 1 次 等待 3 秒
2024-02-26 00:16:51 查询号码 【1705689】，返回信息 {"status":"ok","msg":"山东-烟台","gid":"163105","time_insert":"2021-07-01 00:16"}
2024-02-26 00:16:51 查询号码 【1705689】，GSD为【"山东-烟台"】

2024-02-26 00:16:53 开始第 5788 次操作

2024-02-26 00:16:53 开始操作号码 【1705690】
2024-02-26 00:16:58 GSD getOne 第 1 次 等待 3 秒
2024-02-26 00:17:01 查询号码 【1705690】，返回信息 {"status":"ok","msg":"辽宁-大连","gid":"163107","time_insert":"2021-07-01 00:17"}
2024-02-26 00:17:01 查询号码 【1705690】，GSD为【"辽宁-大连"】

