2024-04-14 00:17:01 开始第 3605 次操作

2024-04-14 00:17:01 开始操作号码 【1593508】
2024-04-14 00:17:06 GSD getOne 第 1 次 等待 3 秒
2024-04-14 00:17:09 查询号码 【1593508】，返回信息 {"status":"ok","msg":"山西-吕梁","gid":"126550","time_insert":"2021-06-25 10:34"}
2024-04-14 00:17:09 查询号码 【1593508】，GSD为【"山西-吕梁"】

2024-04-14 00:17:10 开始第 3606 次操作

2024-04-14 00:17:10 开始操作号码 【1593509】
2024-04-14 00:17:14 GSD getOne 第 1 次 等待 3 秒
2024-04-14 00:17:17 查询号码 【1593509】，返回信息 {"status":"ok","msg":"山西-吕梁","gid":"126554","time_insert":"2021-06-25 10:35"}
2024-04-14 00:17:17 查询号码 【1593509】，GSD为【"山西-吕梁"】

2024-04-14 00:17:18 开始第 3607 次操作

2024-04-14 00:17:18 开始操作号码 【1593510】
2024-04-14 00:17:25 GSD getOne 第 1 次 等待 3 秒
2024-04-14 00:17:28 查询号码 【1593510】，返回信息 {"status":"ok","msg":"山西-太原","gid":"126558","time_insert":"2021-06-25 10:36"}
2024-04-14 00:17:28 查询号码 【1593510】，GSD为【"山西-太原"】

2024-04-14 00:17:29 开始第 3608 次操作

2024-04-14 00:17:29 开始操作号码 【1593511】
2024-04-14 00:17:36 GSD getOne 第 1 次 等待 3 秒
2024-04-14 00:17:39 查询号码 【1593511】，返回信息 {"status":"ok","msg":"山西-太原","gid":"126564","time_insert":"2021-06-25 10:37"}
2024-04-14 00:17:39 查询号码 【1593511】，GSD为【"山西-太原"】

2024-04-14 00:35:55 开始第 3609 次操作

2024-04-14 00:35:55 开始操作号码 【1593512】
2024-04-14 00:36:01 GSD getOne 第 1 次 等待 3 秒
2024-04-14 00:36:04 查询号码 【1593512】，返回信息 {"status":"ok","msg":"山西-太原","gid":"126571","time_insert":"2021-06-25 10:38"}
2024-04-14 00:36:04 查询号码 【1593512】，GSD为【"山西-太原"】

2024-04-14 00:36:05 开始第 3610 次操作

2024-04-14 00:36:05 开始操作号码 【1593513】
2024-04-14 00:36:12 GSD getOne 第 1 次 等待 3 秒
2024-04-14 00:36:15 查询号码 【1593513】，返回信息 {"status":"ok","msg":"山西-太原","gid":"126575","time_insert":"2021-06-25 10:39"}
2024-04-14 00:36:15 查询号码 【1593513】，GSD为【"山西-太原"】

2024-04-14 00:36:16 开始第 3611 次操作

2024-04-14 00:36:16 开始操作号码 【1593514】
2024-04-14 00:36:22 GSD getOne 第 1 次 等待 3 秒
2024-04-14 00:36:25 查询号码 【1593514】，返回信息 {"status":"ok","msg":"山西-太原","gid":"126580","time_insert":"2021-06-25 10:40"}
2024-04-14 00:36:25 查询号码 【1593514】，GSD为【"山西-太原"】

2024-04-14 00:36:26 开始第 3612 次操作

2024-04-14 00:36:26 开始操作号码 【1593515】
2024-04-14 00:36:33 GSD getOne 第 1 次 等待 3 秒
2024-04-14 00:36:36 查询号码 【1593515】，返回信息 {"status":"ok","msg":"山西-太原","gid":"126585","time_insert":"2021-06-25 10:40"}
2024-04-14 00:36:36 查询号码 【1593515】，GSD为【"山西-太原"】

2024-04-14 01:09:09 开始第 3613 次操作

2024-04-14 01:09:09 开始操作号码 【1593516】
2024-04-14 01:09:14 GSD getOne 第 1 次 等待 3 秒
2024-04-14 01:09:17 查询号码 【1593516】，返回信息 {"status":"ok","msg":"山西-吕梁","gid":"126591","time_insert":"2021-06-25 10:41"}
2024-04-14 01:09:17 查询号码 【1593516】，GSD为【"山西-吕梁"】

2024-04-14 01:09:18 开始第 3614 次操作

2024-04-14 01:09:18 开始操作号码 【1593517】
2024-04-14 01:09:25 GSD getOne 第 1 次 等待 3 秒
2024-04-14 01:09:28 查询号码 【1593517】，返回信息 {"status":"ok","msg":"山西-吕梁","gid":"126596","time_insert":"2021-06-25 10:42"}
2024-04-14 01:09:28 查询号码 【1593517】，GSD为【"山西-吕梁"】

2024-04-14 01:09:29 开始第 3615 次操作

2024-04-14 01:09:29 开始操作号码 【1593518】
2024-04-14 01:09:42 GSD getOne 第 1 次 等待 3 秒
2024-04-14 01:09:45 查询号码 【1593518】，返回信息 {"status":"ok","msg":"山西-吕梁","gid":"126601","time_insert":"2021-06-25 10:43"}
2024-04-14 01:09:45 查询号码 【1593518】，GSD为【"山西-吕梁"】

2024-04-14 01:09:46 开始第 3616 次操作

2024-04-14 01:09:46 开始操作号码 【1593519】
2024-04-14 01:09:52 GSD getOne 第 1 次 等待 3 秒
2024-04-14 01:09:55 查询号码 【1593519】，返回信息 {"status":"ok","msg":"山西-吕梁","gid":"126607","time_insert":"2021-06-25 10:44"}
2024-04-14 01:09:55 查询号码 【1593519】，GSD为【"山西-吕梁"】

2024-04-14 01:35:42 开始第 3617 次操作

2024-04-14 01:35:42 开始操作号码 【1593520】
2024-04-14 01:35:47 GSD getOne 第 1 次 等待 3 秒
2024-04-14 01:35:50 查询号码 【1593520】，返回信息 {"status":"ok","msg":"山西-大同","gid":"126610","time_insert":"2021-06-25 10:44"}
2024-04-14 01:35:50 查询号码 【1593520】，GSD为【"山西-大同"】

2024-04-14 01:35:51 开始第 3618 次操作

2024-04-14 01:35:51 开始操作号码 【1593521】
2024-04-14 01:35:55 GSD getOne 第 1 次 等待 3 秒
2024-04-14 01:35:58 查询号码 【1593521】，返回信息 {"status":"ok","msg":"山西-大同","gid":"126615","time_insert":"2021-06-25 10:45"}
2024-04-14 01:35:58 查询号码 【1593521】，GSD为【"山西-大同"】

2024-04-14 01:35:59 开始第 3619 次操作

2024-04-14 01:35:59 开始操作号码 【1593522】
2024-04-14 01:36:04 GSD getOne 第 1 次 等待 3 秒
2024-04-14 01:36:07 查询号码 【1593522】，返回信息 {"status":"ok","msg":"山西-大同","gid":"126618","time_insert":"2021-06-25 10:46"}
2024-04-14 01:36:07 查询号码 【1593522】，GSD为【"山西-大同"】

2024-04-14 01:36:08 开始第 3620 次操作

2024-04-14 01:36:08 开始操作号码 【1593523】
2024-04-14 01:36:13 GSD getOne 第 1 次 等待 3 秒
2024-04-14 01:36:16 查询号码 【1593523】，返回信息 {"status":"ok","msg":"山西-大同","gid":"126621","time_insert":"2021-06-25 10:47"}
2024-04-14 01:36:16 查询号码 【1593523】，GSD为【"山西-大同"】

2024-04-14 02:13:43 开始第 3621 次操作

2024-04-14 02:13:43 开始操作号码 【1593524】
2024-04-14 02:13:48 GSD getOne 第 1 次 等待 3 秒
2024-04-14 02:13:51 查询号码 【1593524】，返回信息 {"status":"ok","msg":"山西-大同","gid":"126642","time_insert":"2021-06-25 10:52"}
2024-04-14 02:13:51 查询号码 【1593524】，GSD为【"山西-大同"】

2024-04-14 02:13:52 开始第 3622 次操作

2024-04-14 02:13:52 开始操作号码 【1593525】
2024-04-14 02:13:59 GSD getOne 第 1 次 等待 3 秒
2024-04-14 02:14:02 查询号码 【1593525】，返回信息 {"status":"ok","msg":"山西-大同","gid":"126647","time_insert":"2021-06-25 10:53"}
2024-04-14 02:14:02 查询号码 【1593525】，GSD为【"山西-大同"】

2024-04-14 02:14:03 开始第 3623 次操作

2024-04-14 02:14:03 开始操作号码 【1593526】
2024-04-14 02:14:07 GSD getOne 第 1 次 等待 3 秒
2024-04-14 02:14:10 查询号码 【1593526】，返回信息 {"status":"ok","msg":"山西-大同","gid":"126650","time_insert":"2021-06-25 10:54"}
2024-04-14 02:14:10 查询号码 【1593526】，GSD为【"山西-大同"】

2024-04-14 02:14:11 开始第 3624 次操作

2024-04-14 02:14:11 开始操作号码 【1593527】
2024-04-14 02:14:16 GSD getOne 第 1 次 等待 3 秒
2024-04-14 02:14:19 查询号码 【1593527】，返回信息 {"status":"ok","msg":"山西-大同","gid":"56466","time_insert":"2021-05-01 16:44"}
2024-04-14 02:14:19 查询号码 【1593527】，GSD为【"山西-大同"】

2024-04-14 02:36:37 开始第 3625 次操作

2024-04-14 02:36:37 开始操作号码 【1593528】
2024-04-14 02:37:02 GSD getOne 第 1 次 等待 3 秒
2024-04-14 02:37:05 查询号码 【1593528】，返回信息 {"status":"ok","msg":"山西-大同","gid":"126655","time_insert":"2021-06-25 10:54"}
2024-04-14 02:37:05 查询号码 【1593528】，GSD为【"山西-大同"】

2024-04-14 02:37:06 开始第 3626 次操作

2024-04-14 02:37:06 开始操作号码 【1593529】
2024-04-14 02:37:11 GSD getOne 第 1 次 等待 3 秒
2024-04-14 02:37:14 查询号码 【1593529】，返回信息 {"status":"ok","msg":"山西-大同","gid":"27213","time_insert":"2017-11-27 12:58","time_update":"2020-08-19 11:10"}
2024-04-14 02:37:14 查询号码 【1593529】，GSD为【"山西-大同"】

2024-04-14 02:37:15 开始第 3627 次操作

2024-04-14 02:37:15 开始操作号码 【1593530】
2024-04-14 02:37:23 GSD getOne 第 1 次 等待 3 秒
2024-04-14 02:37:26 查询号码 【1593530】，返回信息 {"status":"ok","msg":"山西-大同","gid":"126661","time_insert":"2021-06-25 10:55"}
2024-04-14 02:37:26 查询号码 【1593530】，GSD为【"山西-大同"】

2024-04-14 02:37:27 开始第 3628 次操作

2024-04-14 02:37:27 开始操作号码 【1593531】
2024-04-14 02:37:33 GSD getOne 第 1 次 等待 3 秒
2024-04-14 02:37:36 查询号码 【1593531】，返回信息 {"status":"ok","msg":"山西-大同","gid":"126665","time_insert":"2021-06-25 10:55"}
2024-04-14 02:37:36 查询号码 【1593531】，GSD为【"山西-大同"】

2024-04-14 03:09:35 开始第 3629 次操作

2024-04-14 03:09:35 开始操作号码 【1593532】
2024-04-14 03:09:40 GSD getOne 第 1 次 等待 3 秒
2024-04-14 03:09:43 查询号码 【1593532】，返回信息 {"status":"ok","msg":"山西-临汾","gid":"126669","time_insert":"2021-06-25 10:56"}
2024-04-14 03:09:43 查询号码 【1593532】，GSD为【"山西-临汾"】

2024-04-14 03:09:44 开始第 3630 次操作

2024-04-14 03:09:44 开始操作号码 【1593533】
2024-04-14 03:09:48 GSD getOne 第 1 次 等待 3 秒
2024-04-14 03:09:51 查询号码 【1593533】，返回信息 {"status":"ok","msg":"山西-临汾","gid":"126674","time_insert":"2021-06-25 10:56"}
2024-04-14 03:09:51 查询号码 【1593533】，GSD为【"山西-临汾"】

2024-04-14 03:09:52 开始第 3631 次操作

2024-04-14 03:09:52 开始操作号码 【1593534】
2024-04-14 03:09:57 GSD getOne 第 1 次 等待 3 秒
2024-04-14 03:10:00 查询号码 【1593534】，返回信息 {"status":"ok","msg":"山西-临汾","gid":"126680","time_insert":"2021-06-25 10:56"}
2024-04-14 03:10:00 查询号码 【1593534】，GSD为【"山西-临汾"】

2024-04-14 03:10:01 开始第 3632 次操作

2024-04-14 03:10:01 开始操作号码 【1593535】
2024-04-14 03:10:06 GSD getOne 第 1 次 等待 3 秒
2024-04-14 03:10:09 查询号码 【1593535】，返回信息 {"status":"ok","msg":"山西-临汾","gid":"126683","time_insert":"2021-06-25 10:57"}
2024-04-14 03:10:09 查询号码 【1593535】，GSD为【"山西-临汾"】

