2024-04-12 00:15:47 开始第 3241 次操作

2024-04-12 00:15:47 开始操作号码 【1593144】
2024-04-12 00:15:53 GSD getOne 第 1 次 等待 3 秒
2024-04-12 00:15:56 查询号码 【1593144】，返回信息 {"status":"ok","msg":"河北-石家庄","gid":"123966","time_insert":"2021-06-24 19:54"}
2024-04-12 00:15:56 查询号码 【1593144】，GSD为【"河北-石家庄"】

2024-04-12 00:15:57 开始第 3242 次操作

2024-04-12 00:15:57 开始操作号码 【1593145】
2024-04-12 00:16:02 GSD getOne 第 1 次 等待 3 秒
2024-04-12 00:16:05 查询号码 【1593145】，返回信息 {"status":"ok","msg":"河北-唐山","gid":"123970","time_insert":"2021-06-24 19:55"}
2024-04-12 00:16:06 查询号码 【1593145】，GSD为【"河北-唐山"】

2024-04-12 00:16:07 开始第 3243 次操作

2024-04-12 00:16:07 开始操作号码 【1593146】
2024-04-12 00:16:12 GSD getOne 第 1 次 等待 3 秒
2024-04-12 00:16:15 查询号码 【1593146】，返回信息 {"status":"ok","msg":"河北-廊坊","gid":"123974","time_insert":"2021-06-24 19:56"}
2024-04-12 00:16:15 查询号码 【1593146】，GSD为【"河北-廊坊"】

2024-04-12 00:16:16 开始第 3244 次操作

2024-04-12 00:16:16 开始操作号码 【1593147】
2024-04-12 00:16:21 GSD getOne 第 1 次 等待 3 秒
2024-04-12 00:16:24 查询号码 【1593147】，返回信息 {"status":"ok","msg":"河北-保定","gid":"123979","time_insert":"2021-06-24 19:57"}
2024-04-12 00:16:24 查询号码 【1593147】，GSD为【"河北-保定"】

2024-04-12 00:35:58 开始第 3245 次操作

2024-04-12 00:35:58 开始操作号码 【1593148】
2024-04-12 00:36:03 GSD getOne 第 1 次 等待 3 秒
2024-04-12 00:36:06 查询号码 【1593148】，返回信息 {"status":"ok","msg":"河北-唐山","gid":"123983","time_insert":"2021-06-24 19:58"}
2024-04-12 00:36:06 查询号码 【1593148】，GSD为【"河北-唐山"】

2024-04-12 00:36:07 开始第 3246 次操作

2024-04-12 00:36:07 开始操作号码 【1593149】
2024-04-12 00:36:12 GSD getOne 第 1 次 等待 3 秒
2024-04-12 00:36:15 查询号码 【1593149】，返回信息 {"status":"ok","msg":"河北-邢台","gid":"123991","time_insert":"2021-06-24 19:59"}
2024-04-12 00:36:16 查询号码 【1593149】，GSD为【"河北-邢台"】

2024-04-12 00:36:17 开始第 3247 次操作

2024-04-12 00:36:17 开始操作号码 【1593150】
2024-04-12 00:36:23 GSD getOne 第 1 次 等待 3 秒
2024-04-12 00:36:26 查询号码 【1593150】，返回信息 {"status":"ok","msg":"河北-唐山","gid":"123995","time_insert":"2021-06-24 20:00"}
2024-04-12 00:36:26 查询号码 【1593150】，GSD为【"河北-唐山"】

2024-04-12 00:36:27 开始第 3248 次操作

2024-04-12 00:36:27 开始操作号码 【1593151】
2024-04-12 00:36:33 GSD getOne 第 1 次 等待 3 秒
2024-04-12 00:36:36 查询号码 【1593151】，返回信息 {"status":"ok","msg":"河北-唐山","gid":"123999","time_insert":"2021-06-24 20:00"}
2024-04-12 00:36:36 查询号码 【1593151】，GSD为【"河北-唐山"】

2024-04-12 01:13:42 开始第 3249 次操作

2024-04-12 01:13:42 开始操作号码 【1593152】
2024-04-12 01:13:47 GSD getOne 第 1 次 等待 3 秒
2024-04-12 01:13:50 查询号码 【1593152】，返回信息 {"status":"ok","msg":"河北-唐山","gid":"124002","time_insert":"2021-06-24 20:01"}
2024-04-12 01:13:50 查询号码 【1593152】，GSD为【"河北-唐山"】

2024-04-12 01:13:51 开始第 3250 次操作

2024-04-12 01:13:51 开始操作号码 【1593153】
2024-04-12 01:13:56 GSD getOne 第 1 次 等待 3 秒
2024-04-12 01:13:59 查询号码 【1593153】，返回信息 {"status":"ok","msg":"河北-唐山","gid":"124005","time_insert":"2021-06-24 20:02"}
2024-04-12 01:13:59 查询号码 【1593153】，GSD为【"河北-唐山"】

2024-04-12 01:14:00 开始第 3251 次操作

2024-04-12 01:14:00 开始操作号码 【1593154】
2024-04-12 01:14:07 GSD getOne 第 1 次 等待 3 秒
2024-04-12 01:14:10 查询号码 【1593154】，返回信息 {"status":"ok","msg":"河北-唐山","gid":"124009","time_insert":"2021-06-24 20:03"}
2024-04-12 01:14:10 查询号码 【1593154】，GSD为【"河北-唐山"】

2024-04-12 01:14:11 开始第 3252 次操作

2024-04-12 01:14:11 开始操作号码 【1593155】
2024-04-12 01:14:16 GSD getOne 第 1 次 等待 3 秒
2024-04-12 01:14:19 查询号码 【1593155】，返回信息 {"status":"ok","msg":"河北-唐山","gid":"124143","time_insert":"2021-06-24 21:31"}
2024-04-12 01:14:19 查询号码 【1593155】，GSD为【"河北-唐山"】

2024-04-12 01:36:48 开始第 3253 次操作

2024-04-12 01:36:48 开始操作号码 【1593156】
2024-04-12 01:36:53 GSD getOne 第 1 次 等待 3 秒
2024-04-12 01:36:56 查询号码 【1593156】，返回信息 {"status":"ok","msg":"河北-唐山","gid":"124149","time_insert":"2021-06-24 21:32"}
2024-04-12 01:36:56 查询号码 【1593156】，GSD为【"河北-唐山"】

2024-04-12 01:36:57 开始第 3254 次操作

2024-04-12 01:36:57 开始操作号码 【1593157】
2024-04-12 01:37:02 GSD getOne 第 1 次 等待 3 秒
2024-04-12 01:37:05 查询号码 【1593157】，返回信息 {"status":"ok","msg":"河北-唐山","gid":"124152","time_insert":"2021-06-24 21:32"}
2024-04-12 01:37:05 查询号码 【1593157】，GSD为【"河北-唐山"】

2024-04-12 01:37:06 开始第 3255 次操作

2024-04-12 01:37:06 开始操作号码 【1593158】
2024-04-12 01:37:11 GSD getOne 第 1 次 等待 3 秒
2024-04-12 01:37:14 查询号码 【1593158】，返回信息 {"status":"ok","msg":"河北-唐山","gid":"124157","time_insert":"2021-06-24 21:33"}
2024-04-12 01:37:14 查询号码 【1593158】，GSD为【"河北-唐山"】

2024-04-12 01:37:15 开始第 3256 次操作

2024-04-12 01:37:15 开始操作号码 【1593159】
2024-04-12 01:37:20 GSD getOne 第 1 次 等待 3 秒
2024-04-12 01:37:23 查询号码 【1593159】，返回信息 {"status":"ok","msg":"河北-唐山","gid":"124161","time_insert":"2021-06-24 21:34"}
2024-04-12 01:37:23 查询号码 【1593159】，GSD为【"河北-唐山"】

2024-04-12 02:17:00 开始第 3257 次操作

2024-04-12 02:17:00 开始操作号码 【1593160】
2024-04-12 02:17:05 GSD getOne 第 1 次 等待 3 秒
2024-04-12 02:17:08 查询号码 【1593160】，返回信息 {"status":"ok","msg":"河北-廊坊","gid":"27177","time_insert":"2018-05-18 23:04","time_update":"2020-08-19 00:45"}
2024-04-12 02:17:08 查询号码 【1593160】，GSD为【"河北-廊坊"】

2024-04-12 02:17:09 开始第 3258 次操作

2024-04-12 02:17:09 开始操作号码 【1593161】
2024-04-12 02:17:14 GSD getOne 第 1 次 等待 3 秒
2024-04-12 02:17:17 查询号码 【1593161】，返回信息 {"status":"ok","msg":"河北-廊坊","gid":"124163","time_insert":"2021-06-24 21:34"}
2024-04-12 02:17:17 查询号码 【1593161】，GSD为【"河北-廊坊"】

2024-04-12 02:17:18 开始第 3259 次操作

2024-04-12 02:17:18 开始操作号码 【1593162】
2024-04-12 02:17:22 GSD getOne 第 1 次 等待 3 秒
2024-04-12 02:17:25 查询号码 【1593162】，返回信息 {"status":"ok","msg":"河北-廊坊","gid":"124167","time_insert":"2021-06-24 21:35"}
2024-04-12 02:17:25 查询号码 【1593162】，GSD为【"河北-廊坊"】

2024-04-12 02:17:26 开始第 3260 次操作

2024-04-12 02:17:26 开始操作号码 【1593163】
2024-04-12 02:17:31 GSD getOne 第 1 次 等待 3 秒
2024-04-12 02:17:34 查询号码 【1593163】，返回信息 {"status":"ok","msg":"河北-廊坊","gid":"124171","time_insert":"2021-06-24 21:35"}
2024-04-12 02:17:34 查询号码 【1593163】，GSD为【"河北-廊坊"】

2024-04-12 02:35:50 开始第 3261 次操作

2024-04-12 02:35:50 开始操作号码 【1593164】
2024-04-12 02:35:55 GSD getOne 第 1 次 等待 3 秒
2024-04-12 02:35:58 查询号码 【1593164】，返回信息 {"status":"ok","msg":"河北-廊坊","gid":"124173","time_insert":"2021-06-24 21:36"}
2024-04-12 02:35:58 查询号码 【1593164】，GSD为【"河北-廊坊"】

2024-04-12 02:35:59 开始第 3262 次操作

2024-04-12 02:35:59 开始操作号码 【1593165】
2024-04-12 02:36:04 GSD getOne 第 1 次 等待 3 秒
2024-04-12 02:36:07 查询号码 【1593165】，返回信息 {"status":"ok","msg":"河北-廊坊","gid":"124177","time_insert":"2021-06-24 21:36"}
2024-04-12 02:36:07 查询号码 【1593165】，GSD为【"河北-廊坊"】

2024-04-12 02:36:08 开始第 3263 次操作

2024-04-12 02:36:08 开始操作号码 【1593166】
2024-04-12 02:36:15 GSD getOne 第 1 次 等待 3 秒
2024-04-12 02:36:18 查询号码 【1593166】，返回信息 {"status":"ok","msg":"河北-廊坊","gid":"124182","time_insert":"2021-06-24 21:37"}
2024-04-12 02:36:18 查询号码 【1593166】，GSD为【"河北-廊坊"】

2024-04-12 02:36:19 开始第 3264 次操作

2024-04-12 02:36:19 开始操作号码 【1593167】
2024-04-12 02:36:24 GSD getOne 第 1 次 等待 3 秒
2024-04-12 02:36:27 查询号码 【1593167】，返回信息 {"status":"ok","msg":"河北-石家庄","gid":"124185","time_insert":"2021-06-24 21:38"}
2024-04-12 02:36:27 查询号码 【1593167】，GSD为【"河北-石家庄"】

