2023-10-08 00:15:38 开始第 2105 次操作

2023-10-08 00:15:38 开始操作号码 【1912104】
2023-10-08 00:15:47 GSD getOne 第 1 次 等待 3 秒
2023-10-08 00:15:50 查询号码 【1912104】，返回信息 {"status":"ok","msg":"上海-上海","gid":"502130","time_insert":"2021-08-10 16:21"}
2023-10-08 00:15:50 查询号码 【1912104】，GSD为【"上海-上海"】

2023-10-08 00:15:51 开始第 2106 次操作

2023-10-08 00:15:51 开始操作号码 【1912105】
2023-10-08 00:16:00 GSD getOne 第 1 次 等待 3 秒
2023-10-08 00:16:03 查询号码 【1912105】，返回信息 {"status":"ok","msg":"上海-上海","gid":"502151","time_insert":"2021-08-10 16:33"}
2023-10-08 00:16:03 查询号码 【1912105】，GSD为【"上海-上海"】

2023-10-08 00:16:04 开始第 2107 次操作

2023-10-08 00:16:04 开始操作号码 【1912106】
2023-10-08 00:16:08 GSD getOne 第 1 次 等待 3 秒
2023-10-08 00:16:11 查询号码 【1912106】，返回信息 {"status":"ok","msg":"上海-上海","gid":"502172","time_insert":"2021-08-10 16:47"}
2023-10-08 00:16:11 查询号码 【1912106】，GSD为【"上海-上海"】

2023-10-08 00:16:12 开始第 2108 次操作

2023-10-08 00:16:12 开始操作号码 【1912107】
2023-10-08 00:16:18 GSD getOne 第 1 次 等待 3 秒
2023-10-08 00:16:21 查询号码 【1912107】，返回信息 {"status":"ok","msg":"上海-上海","gid":"502193","time_insert":"2021-08-10 17:01"}
2023-10-08 00:16:21 查询号码 【1912107】，GSD为【"上海-上海"】

