2023-12-25 00:16:20 开始第 5061 次操作

2023-12-25 00:16:20 开始操作号码 【1814963】
2023-12-25 00:26:34 GSD getOne 第 1 次 等待 3 秒
2023-12-25 00:26:41 GSD getOne 第 2 次 等待 3 秒
2023-12-25 00:26:44 查询号码 【1814963】，返回信息 {"status":"ok","msg":"福建-漳州","gid":"423970","time_insert":"2021-07-28 12:04"}
2023-12-25 00:26:44 查询号码 【1814963】，GSD为【"福建-漳州"】

2023-12-25 00:26:45 开始第 5062 次操作

2023-12-25 00:26:45 开始操作号码 【1814964】
2023-12-25 00:26:49 GSD getOne 第 1 次 等待 3 秒
2023-12-25 00:26:52 查询号码 【1814964】，返回信息 {"status":"ok","msg":"福建-莆田","gid":"423962","time_insert":"2021-07-28 12:04"}
2023-12-25 00:26:52 查询号码 【1814964】，GSD为【"福建-莆田"】

2023-12-25 00:26:53 开始第 5063 次操作

2023-12-25 00:26:53 开始操作号码 【1814965】
2023-12-25 00:26:58 GSD getOne 第 1 次 等待 3 秒
2023-12-25 00:27:01 查询号码 【1814965】，返回信息 {"status":"ok","msg":"福建-泉州","gid":"423954","time_insert":"2021-07-28 12:03"}
2023-12-25 00:27:01 查询号码 【1814965】，GSD为【"福建-泉州"】

2023-12-25 00:27:02 开始第 5064 次操作

2023-12-25 00:27:02 开始操作号码 【1814966】
2023-12-25 00:27:05 GSD getOne 第 1 次 等待 3 秒
2023-12-25 00:27:08 查询号码 【1814966】，返回信息 {"status":"ok","msg":"福建-泉州","gid":"423940","time_insert":"2021-07-28 12:03"}
2023-12-25 00:27:08 查询号码 【1814966】，GSD为【"福建-泉州"】

