2024-05-04 00:18:36 开始第 7049 次操作

2024-05-04 00:18:36 开始操作号码 【1596952】
2024-05-04 00:18:44 GSD getOne 第 1 次 等待 3 秒
2024-05-04 00:18:47 查询号码 【1596952】，返回信息 {"status":"ok","msg":"云南-昆明","gid":"27559","time_insert":"2017-08-10 21:40","time_update":"2020-12-02 23:01"}
2024-05-04 00:18:47 查询号码 【1596952】，GSD为【"云南-昆明"】

2024-05-04 00:18:48 开始第 7050 次操作

2024-05-04 00:18:48 开始操作号码 【1596953】
2024-05-04 00:18:55 GSD getOne 第 1 次 等待 3 秒
2024-05-04 00:18:58 查询号码 【1596953】，返回信息 {"status":"ok","msg":"云南-昆明","gid":"27560","time_insert":"2017-05-13 21:26","time_update":"2020-12-02 23:06"}
2024-05-04 00:18:58 查询号码 【1596953】，GSD为【"云南-昆明"】

2024-05-04 00:18:59 开始第 7051 次操作

2024-05-04 00:18:59 开始操作号码 【1596954】
2024-05-04 00:19:13 GSD getOne 第 1 次 等待 3 秒
2024-05-04 00:19:16 查询号码 【1596954】，返回信息 {"status":"ok","msg":"云南-昆明","gid":"27561","time_insert":"2017-08-21 16:26","time_update":"2020-12-02 23:10"}
2024-05-04 00:19:16 查询号码 【1596954】，GSD为【"云南-昆明"】

2024-05-04 00:19:17 开始第 7052 次操作

2024-05-04 00:19:17 开始操作号码 【1596955】
2024-05-04 00:19:22 GSD getOne 第 1 次 等待 3 秒
2024-05-04 00:19:25 查询号码 【1596955】，返回信息 {"status":"ok","msg":"云南-昆明","gid":"27562","time_insert":"2017-04-12 15:07","time_update":"2020-12-02 23:14"}
2024-05-04 00:19:25 查询号码 【1596955】，GSD为【"云南-昆明"】

2024-05-04 00:38:07 开始第 7053 次操作

2024-05-04 00:38:07 开始操作号码 【1596956】
2024-05-04 00:38:12 GSD getOne 第 1 次 等待 3 秒
2024-05-04 00:38:15 查询号码 【1596956】，返回信息 {"status":"ok","msg":"云南-昆明","gid":"27563","time_insert":"2017-10-28 21:44","time_update":"2020-12-02 23:17"}
2024-05-04 00:38:15 查询号码 【1596956】，GSD为【"云南-昆明"】

2024-05-04 00:38:16 开始第 7054 次操作

2024-05-04 00:38:16 开始操作号码 【1596957】
2024-05-04 00:38:21 GSD getOne 第 1 次 等待 3 秒
2024-05-04 00:38:24 查询号码 【1596957】，返回信息 {"status":"ok","msg":"云南-昆明","gid":"123761","time_insert":"2021-06-24 19:01"}
2024-05-04 00:38:24 查询号码 【1596957】，GSD为【"云南-昆明"】

2024-05-04 00:38:25 开始第 7055 次操作

2024-05-04 00:38:25 开始操作号码 【1596958】
2024-05-04 00:38:31 GSD getOne 第 1 次 等待 3 秒
2024-05-04 00:38:34 查询号码 【1596958】，返回信息 {"status":"ok","msg":"云南-昆明","gid":"27564","time_insert":"2018-04-01 15:58","time_update":"2020-12-02 23:22"}
2024-05-04 00:38:34 查询号码 【1596958】，GSD为【"云南-昆明"】

2024-05-04 00:38:35 开始第 7056 次操作

2024-05-04 00:38:35 开始操作号码 【1596959】
2024-05-04 00:38:43 GSD getOne 第 1 次 等待 3 秒
2024-05-04 00:38:46 查询号码 【1596959】，返回信息 {"status":"ok","msg":"云南-昆明","gid":"27565","time_insert":"2017-08-06 20:52","time_update":"2020-12-02 23:27"}
2024-05-04 00:38:46 查询号码 【1596959】，GSD为【"云南-昆明"】

