2024-01-29 00:14:28 开始第 701 次操作

2024-01-29 00:14:28 开始操作号码 【1700603】
2024-01-29 00:14:33 GSD getOne 第 1 次 等待 3 秒
2024-01-29 00:14:36 查询号码 【1700603】，返回信息 {"status":"ok","msg":"福建-泉州","gid":"116806","time_insert":"2021-06-23 06:50"}
2024-01-29 00:14:36 查询号码 【1700603】，GSD为【"福建-泉州"】

2024-01-29 00:14:37 开始第 702 次操作

2024-01-29 00:14:37 开始操作号码 【1700604】
2024-01-29 00:14:41 GSD getOne 第 1 次 等待 3 秒
2024-01-29 00:14:44 查询号码 【1700604】，返回信息 {"status":"ok","msg":"福建-泉州","gid":"116811","time_insert":"2021-06-23 06:51"}
2024-01-29 00:14:44 查询号码 【1700604】，GSD为【"福建-泉州"】

2024-01-29 00:14:45 开始第 703 次操作

2024-01-29 00:14:45 开始操作号码 【1700605】
2024-01-29 00:14:49 GSD getOne 第 1 次 等待 3 秒
2024-01-29 00:14:52 查询号码 【1700605】，返回信息 {"status":"ok","msg":"福建-泉州","gid":"116815","time_insert":"2021-06-23 06:52"}
2024-01-29 00:14:52 查询号码 【1700605】，GSD为【"福建-泉州"】

2024-01-29 00:14:53 开始第 704 次操作

2024-01-29 00:14:53 开始操作号码 【1700606】
2024-01-29 00:14:57 GSD getOne 第 1 次 等待 3 秒
2024-01-29 00:15:00 查询号码 【1700606】，返回信息 {"status":"ok","msg":"福建-泉州","gid":"116819","time_insert":"2021-06-23 06:53"}
2024-01-29 00:15:00 查询号码 【1700606】，GSD为【"福建-泉州"】

2024-01-29 00:36:20 开始第 705 次操作

2024-01-29 00:36:20 开始操作号码 【1700607】
2024-01-29 00:36:24 GSD getOne 第 1 次 等待 3 秒
2024-01-29 00:36:27 查询号码 【1700607】，返回信息 {"status":"ok","msg":"福建-泉州","gid":"116823","time_insert":"2021-06-23 06:53"}
2024-01-29 00:36:27 查询号码 【1700607】，GSD为【"福建-泉州"】

2024-01-29 00:36:28 开始第 706 次操作

2024-01-29 00:36:28 开始操作号码 【1700608】
2024-01-29 00:36:32 GSD getOne 第 1 次 等待 3 秒
2024-01-29 00:36:35 查询号码 【1700608】，返回信息 {"status":"ok","msg":"福建-泉州","gid":"116827","time_insert":"2021-06-23 06:54"}
2024-01-29 00:36:35 查询号码 【1700608】，GSD为【"福建-泉州"】

2024-01-29 00:36:36 开始第 707 次操作

2024-01-29 00:36:36 开始操作号码 【1700609】
2024-01-29 00:36:40 GSD getOne 第 1 次 等待 3 秒
2024-01-29 00:36:43 查询号码 【1700609】，返回信息 {"status":"ok","msg":"福建-泉州","gid":"116833","time_insert":"2021-06-23 06:55"}
2024-01-29 00:36:43 查询号码 【1700609】，GSD为【"福建-泉州"】

2024-01-29 00:36:44 开始第 708 次操作

2024-01-29 00:36:44 开始操作号码 【1700610】
2024-01-29 00:36:47 GSD getOne 第 1 次 等待 3 秒
2024-01-29 00:36:50 查询号码 【1700610】，返回信息 {"status":"ok","msg":"江苏-南京","gid":"116838","time_insert":"2021-06-23 06:56"}
2024-01-29 00:36:51 查询号码 【1700610】，GSD为【"江苏-南京"】

2024-01-29 01:13:31 开始第 709 次操作

2024-01-29 01:13:31 开始操作号码 【1700611】
2024-01-29 01:13:35 GSD getOne 第 1 次 等待 3 秒
2024-01-29 01:13:38 查询号码 【1700611】，返回信息 {"status":"ok","msg":"江苏-南京","gid":"116843","time_insert":"2021-06-23 06:57"}
2024-01-29 01:13:38 查询号码 【1700611】，GSD为【"江苏-南京"】

2024-01-29 01:13:39 开始第 710 次操作

2024-01-29 01:13:39 开始操作号码 【1700612】
2024-01-29 01:13:43 GSD getOne 第 1 次 等待 3 秒
2024-01-29 01:13:46 查询号码 【1700612】，返回信息 {"status":"ok","msg":"江苏-南京","gid":"116849","time_insert":"2021-06-23 06:57"}
2024-01-29 01:13:46 查询号码 【1700612】，GSD为【"江苏-南京"】

2024-01-29 01:13:47 开始第 711 次操作

2024-01-29 01:13:47 开始操作号码 【1700613】
2024-01-29 01:13:50 GSD getOne 第 1 次 等待 3 秒
2024-01-29 01:13:53 查询号码 【1700613】，返回信息 {"status":"ok","msg":"江苏-南京","gid":"116852","time_insert":"2021-06-23 06:58"}
2024-01-29 01:13:53 查询号码 【1700613】，GSD为【"江苏-南京"】

2024-01-29 01:13:54 开始第 712 次操作

2024-01-29 01:13:54 开始操作号码 【1700614】
2024-01-29 01:13:58 GSD getOne 第 1 次 等待 3 秒
2024-01-29 01:14:01 查询号码 【1700614】，返回信息 {"status":"ok","msg":"江苏-南京","gid":"116856","time_insert":"2021-06-23 06:59"}
2024-01-29 01:14:01 查询号码 【1700614】，GSD为【"江苏-南京"】

2024-01-29 01:35:49 开始第 713 次操作

2024-01-29 01:35:49 开始操作号码 【1700615】
2024-01-29 01:35:53 GSD getOne 第 1 次 等待 3 秒
2024-01-29 01:35:56 查询号码 【1700615】，返回信息 {"status":"ok","msg":"江苏-苏州","gid":"116859","time_insert":"2021-06-23 07:00"}
2024-01-29 01:35:56 查询号码 【1700615】，GSD为【"江苏-苏州"】

2024-01-29 01:35:57 开始第 714 次操作

2024-01-29 01:35:57 开始操作号码 【1700616】
2024-01-29 01:36:01 GSD getOne 第 1 次 等待 3 秒
2024-01-29 01:36:04 查询号码 【1700616】，返回信息 {"status":"ok","msg":"江苏-苏州","gid":"116864","time_insert":"2021-06-23 07:01"}
2024-01-29 01:36:04 查询号码 【1700616】，GSD为【"江苏-苏州"】

2024-01-29 01:36:05 开始第 715 次操作

2024-01-29 01:36:05 开始操作号码 【1700617】
2024-01-29 01:36:09 GSD getOne 第 1 次 等待 3 秒
2024-01-29 01:36:12 查询号码 【1700617】，返回信息 {"status":"ok","msg":"江苏-苏州","gid":"116873","time_insert":"2021-06-23 07:02"}
2024-01-29 01:36:13 查询号码 【1700617】，GSD为【"江苏-苏州"】

2024-01-29 01:36:14 开始第 716 次操作

2024-01-29 01:36:14 开始操作号码 【1700618】
2024-01-29 01:36:18 GSD getOne 第 1 次 等待 3 秒
2024-01-29 01:36:21 查询号码 【1700618】，返回信息 {"status":"ok","msg":"江苏-苏州","gid":"116878","time_insert":"2021-06-23 07:03"}
2024-01-29 01:36:21 查询号码 【1700618】，GSD为【"江苏-苏州"】

2024-01-29 02:14:56 开始第 717 次操作

2024-01-29 02:14:56 开始操作号码 【1700619】
2024-01-29 02:15:00 GSD getOne 第 1 次 等待 3 秒
2024-01-29 02:15:03 查询号码 【1700619】，返回信息 {"status":"ok","msg":"江苏-苏州","gid":"116881","time_insert":"2021-06-23 07:03"}
2024-01-29 02:15:03 查询号码 【1700619】，GSD为【"江苏-苏州"】

2024-01-29 02:15:04 开始第 718 次操作

2024-01-29 02:15:04 开始操作号码 【1700620】
2024-01-29 02:15:09 GSD getOne 第 1 次 等待 3 秒
2024-01-29 02:15:12 查询号码 【1700620】，返回信息 {"status":"ok","msg":"江苏-无锡","gid":"116884","time_insert":"2021-06-23 07:04"}
2024-01-29 02:15:12 查询号码 【1700620】，GSD为【"江苏-无锡"】

2024-01-29 02:15:13 开始第 719 次操作

2024-01-29 02:15:13 开始操作号码 【1700621】
2024-01-29 02:15:16 GSD getOne 第 1 次 等待 3 秒
2024-01-29 02:15:19 查询号码 【1700621】，返回信息 {"status":"ok","msg":"江苏-无锡","gid":"116886","time_insert":"2021-06-23 07:05"}
2024-01-29 02:15:19 查询号码 【1700621】，GSD为【"江苏-无锡"】

2024-01-29 02:15:20 开始第 720 次操作

2024-01-29 02:15:20 开始操作号码 【1700622】
2024-01-29 02:15:24 GSD getOne 第 1 次 等待 3 秒
2024-01-29 02:15:27 查询号码 【1700622】，返回信息 {"status":"ok","msg":"江苏-无锡","gid":"116890","time_insert":"2021-06-23 07:06"}
2024-01-29 02:15:27 查询号码 【1700622】，GSD为【"江苏-无锡"】

2024-01-29 02:37:26 开始第 721 次操作

2024-01-29 02:37:26 开始操作号码 【1700623】
2024-01-29 02:37:30 GSD getOne 第 1 次 等待 3 秒
2024-01-29 02:37:33 查询号码 【1700623】，返回信息 {"status":"ok","msg":"江苏-无锡","gid":"116894","time_insert":"2021-06-23 07:06"}
2024-01-29 02:37:33 查询号码 【1700623】，GSD为【"江苏-无锡"】

2024-01-29 02:37:34 开始第 722 次操作

2024-01-29 02:37:34 开始操作号码 【1700624】
2024-01-29 02:37:38 GSD getOne 第 1 次 等待 3 秒
2024-01-29 02:37:41 查询号码 【1700624】，返回信息 {"status":"ok","msg":"江苏-无锡","gid":"116900","time_insert":"2021-06-23 07:07"}
2024-01-29 02:37:41 查询号码 【1700624】，GSD为【"江苏-无锡"】

2024-01-29 02:37:42 开始第 723 次操作

2024-01-29 02:37:42 开始操作号码 【1700625】
2024-01-29 02:37:46 GSD getOne 第 1 次 等待 3 秒
2024-01-29 02:37:49 查询号码 【1700625】，返回信息 {"status":"ok","msg":"江苏-无锡","gid":"116904","time_insert":"2021-06-23 07:08"}
2024-01-29 02:37:49 查询号码 【1700625】，GSD为【"江苏-无锡"】

2024-01-29 02:37:50 开始第 724 次操作

2024-01-29 02:37:50 开始操作号码 【1700626】
2024-01-29 02:37:54 GSD getOne 第 1 次 等待 3 秒
2024-01-29 02:37:57 查询号码 【1700626】，返回信息 {"status":"ok","msg":"江苏-无锡","gid":"116977","time_insert":"2021-06-23 07:42"}
2024-01-29 02:37:57 查询号码 【1700626】，GSD为【"江苏-无锡"】

2024-01-29 03:09:33 开始第 725 次操作

2024-01-29 03:09:33 开始操作号码 【1700627】
2024-01-29 03:09:38 GSD getOne 第 1 次 等待 3 秒
2024-01-29 03:09:41 查询号码 【1700627】，返回信息 {"status":"ok","msg":"江苏-无锡","gid":"116979","time_insert":"2021-06-23 07:43"}
2024-01-29 03:09:41 查询号码 【1700627】，GSD为【"江苏-无锡"】

2024-01-29 03:09:42 开始第 726 次操作

2024-01-29 03:09:42 开始操作号码 【1700628】
2024-01-29 03:09:46 GSD getOne 第 1 次 等待 3 秒
2024-01-29 03:09:49 查询号码 【1700628】，返回信息 {"status":"ok","msg":"江苏-南通","gid":"116983","time_insert":"2021-06-23 07:43"}
2024-01-29 03:09:49 查询号码 【1700628】，GSD为【"江苏-南通"】

2024-01-29 03:09:50 开始第 727 次操作

2024-01-29 03:09:50 开始操作号码 【1700629】
2024-01-29 03:09:54 GSD getOne 第 1 次 等待 3 秒
2024-01-29 03:09:57 查询号码 【1700629】，返回信息 {"status":"ok","msg":"江苏-南通","gid":"116987","time_insert":"2021-06-23 07:44"}
2024-01-29 03:09:57 查询号码 【1700629】，GSD为【"江苏-南通"】

2024-01-29 03:09:58 开始第 728 次操作

2024-01-29 03:09:58 开始操作号码 【1700630】
2024-01-29 03:10:02 GSD getOne 第 1 次 等待 3 秒
2024-01-29 03:10:05 查询号码 【1700630】，返回信息 {"status":"ok","msg":"山东-青岛","gid":"116989","time_insert":"2021-06-23 07:44"}
2024-01-29 03:10:05 查询号码 【1700630】，GSD为【"山东-青岛"】

2024-01-29 03:36:02 开始第 729 次操作

2024-01-29 03:36:02 开始操作号码 【1700631】
2024-01-29 03:36:07 GSD getOne 第 1 次 等待 3 秒
2024-01-29 03:36:10 查询号码 【1700631】，返回信息 {"status":"ok","msg":"山东-威海","gid":"116991","time_insert":"2021-06-23 07:45"}
2024-01-29 03:36:10 查询号码 【1700631】，GSD为【"山东-威海"】

2024-01-29 03:36:11 开始第 730 次操作

2024-01-29 03:36:11 开始操作号码 【1700632】
2024-01-29 03:36:15 GSD getOne 第 1 次 等待 3 秒
2024-01-29 03:36:18 查询号码 【1700632】，返回信息 {"status":"ok","msg":"山东-威海","gid":"116993","time_insert":"2021-06-23 07:45"}
2024-01-29 03:36:18 查询号码 【1700632】，GSD为【"山东-威海"】

2024-01-29 03:36:19 开始第 731 次操作

2024-01-29 03:36:19 开始操作号码 【1700633】
2024-01-29 03:36:23 GSD getOne 第 1 次 等待 3 秒
2024-01-29 03:36:26 查询号码 【1700633】，返回信息 {"status":"ok","msg":"山东-日照","gid":"116997","time_insert":"2021-06-23 07:46"}
2024-01-29 03:36:26 查询号码 【1700633】，GSD为【"山东-日照"】

2024-01-29 03:36:27 开始第 732 次操作

2024-01-29 03:36:27 开始操作号码 【1700634】
2024-01-29 03:36:31 GSD getOne 第 1 次 等待 3 秒
2024-01-29 03:36:34 查询号码 【1700634】，返回信息 {"status":"ok","msg":"山东-日照","gid":"117000","time_insert":"2021-06-23 07:46"}
2024-01-29 03:36:34 查询号码 【1700634】，GSD为【"山东-日照"】

