2024-08-30 00:14:36 开始第 1909 次操作

2024-08-30 00:14:36 开始操作号码 【1371908】
2024-08-30 00:14:44 GSD getOne 第 1 次 等待 3 秒
2024-08-30 00:14:47 查询号码 【1371908】，返回信息 {"status":"ok","msg":"广东-广州","gid":"86065","time_insert":"2021-06-08 11:09"}
2024-08-30 00:14:47 查询号码 【1371908】，GSD为【"广东-广州"】

2024-08-30 00:14:48 开始第 1910 次操作

2024-08-30 00:14:48 开始操作号码 【1371909】
2024-08-30 00:14:56 GSD getOne 第 1 次 等待 3 秒
2024-08-30 00:14:59 查询号码 【1371909】，返回信息 {"status":"ok","msg":"广东-广州","gid":"86094","time_insert":"2021-06-08 11:36"}
2024-08-30 00:14:59 查询号码 【1371909】，GSD为【"广东-广州"】

2024-08-30 00:15:00 开始第 1911 次操作

2024-08-30 00:15:00 开始操作号码 【1371910】
2024-08-30 00:15:08 GSD getOne 第 1 次 等待 3 秒
2024-08-30 00:15:11 查询号码 【1371910】，返回信息 {"status":"ok","msg":"广东-广州","gid":"9651","time_insert":"2016-11-13 21:14","time_update":"2020-09-27 23:39"}
2024-08-30 00:15:11 查询号码 【1371910】，GSD为【"广东-广州"】

2024-08-30 00:15:12 开始第 1912 次操作

2024-08-30 00:15:12 开始操作号码 【1371911】
2024-08-30 00:15:20 GSD getOne 第 1 次 等待 3 秒
2024-08-30 00:15:23 查询号码 【1371911】，返回信息 {"status":"ok","msg":"广东-广州","gid":"86129","time_insert":"2021-06-08 12:03"}
2024-08-30 00:15:23 查询号码 【1371911】，GSD为【"广东-广州"】

2024-08-30 00:40:41 开始第 1913 次操作

2024-08-30 00:40:41 开始操作号码 【1371912】
2024-08-30 00:40:43 GSD getOne 第 1 次 等待 3 秒
2024-08-30 00:40:46 查询号码 【1371912】，返回信息 {"status":"ok","msg":"广东-广州","gid":"86157","time_insert":"2021-06-08 12:29"}
2024-08-30 00:40:46 查询号码 【1371912】，GSD为【"广东-广州"】

2024-08-30 00:40:47 开始第 1914 次操作

2024-08-30 00:40:47 开始操作号码 【1371913】
2024-08-30 00:40:56 GSD getOne 第 1 次 等待 3 秒
2024-08-30 00:40:59 查询号码 【1371913】，返回信息 {"status":"ok","msg":"广东-广州","gid":"86180","time_insert":"2021-06-08 12:49"}
2024-08-30 00:40:59 查询号码 【1371913】，GSD为【"广东-广州"】

2024-08-30 00:41:00 开始第 1915 次操作

2024-08-30 00:41:00 开始操作号码 【1371914】
2024-08-30 00:41:08 GSD getOne 第 1 次 等待 3 秒
2024-08-30 00:41:11 查询号码 【1371914】，返回信息 {"status":"ok","msg":"广东-广州","gid":"86214","time_insert":"2021-06-08 13:17"}
2024-08-30 00:41:11 查询号码 【1371914】，GSD为【"广东-广州"】

2024-08-30 00:41:12 开始第 1916 次操作

2024-08-30 00:41:12 开始操作号码 【1371915】
2024-08-30 00:41:23 GSD getOne 第 1 次 等待 3 秒
2024-08-30 00:41:26 查询号码 【1371915】，返回信息 {"status":"ok","msg":"广东-广州","gid":"86234","time_insert":"2021-06-08 13:33"}
2024-08-30 00:41:26 查询号码 【1371915】，GSD为【"广东-广州"】

