2021-07-19 00:00:24 开始第 17 次操作

2021-07-19 00:00:24 开始操作号码 【1678469】
2021-07-19 00:00:38 GSD getOne 第 1 次 等待 3 秒
2021-07-19 00:00:41 查询号码 【1678469】，返回信息 {"status":"bad","msg":""}
2021-07-19 00:00:41 查询号码 【1678469】，GSD为【""】
2021-07-19 00:00:41 bad
2021-07-19 00:00:43 CHB 1678469?1626624041 第 1 次 等待 3 秒
2021-07-19 00:00:46 CHB 1678469?1626624041 第 1 次 获取到号码【1678469】GSD
2021-07-19 00:00:46 未获取到号码【1678469】GSD，可能号码格式错误
2021-07-19 00:00:46 获取到号码【1678469】的GSD为【-】
2021-07-19 00:01:07 GSD insert 第 1 次 等待 3 秒
2021-07-19 00:01:10 {"status":"ok","gid":320475,"msg":"添加成功！"}
2021-07-19 00:01:10 下次操作: 2021-07-19 00:01:29

2021-07-19 00:01:29 开始第 18 次操作

2021-07-19 00:01:29 开始操作号码 【1678470】
2021-07-19 00:02:03 GSD getOne 第 1 次 等待 3 秒
2021-07-19 00:02:06 查询号码 【1678470】，返回信息 {"status":"bad","msg":""}
2021-07-19 00:02:06 查询号码 【1678470】，GSD为【""】
2021-07-19 00:02:06 bad
2021-07-19 00:02:07 CHB 1678470?1626624126 第 1 次 等待 3 秒
2021-07-19 00:02:10 CHB 1678470?1626624126 第 1 次 获取到号码【1678470】GSD
2021-07-19 00:02:10 未获取到号码【1678470】GSD，可能号码格式错误
2021-07-19 00:02:10 获取到号码【1678470】的GSD为【-】
2021-07-19 00:02:28 GSD insert 第 1 次 等待 3 秒
2021-07-19 00:02:31 {"status":"ok","gid":320489,"msg":"添加成功！"}
2021-07-19 00:02:31 下次操作: 2021-07-19 00:02:52

2021-07-19 00:02:52 开始第 19 次操作

2021-07-19 00:02:52 开始操作号码 【1678471】
2021-07-19 00:02:56 GSD getOne 第 1 次 等待 3 秒
2021-07-19 00:02:59 查询号码 【1678471】，返回信息 {"status":"bad","msg":""}
2021-07-19 00:02:59 查询号码 【1678471】，GSD为【""】
2021-07-19 00:02:59 bad
2021-07-19 00:03:00 CHB 1678471?1626624179 第 1 次 等待 3 秒
2021-07-19 00:03:03 CHB 1678471?1626624179 第 1 次 获取到号码【1678471】GSD
2021-07-19 00:03:03 未获取到号码【1678471】GSD，可能号码格式错误
2021-07-19 00:03:03 获取到号码【1678471】的GSD为【-】
2021-07-19 00:04:34 GSD insert 第 1 次 等待 3 秒
2021-07-19 00:04:37 {"status":"ok","gid":320512,"msg":"添加成功！"}
2021-07-19 00:04:37 下次操作: 2021-07-19 00:04:51

2021-07-19 00:04:51 开始第 20 次操作

2021-07-19 00:04:51 开始操作号码 【1678472】
2021-07-19 00:05:10 GSD getOne 第 1 次 等待 3 秒
2021-07-19 00:05:13 查询号码 【1678472】，返回信息 {"status":"bad","msg":""}
2021-07-19 00:05:14 查询号码 【1678472】，GSD为【""】
2021-07-19 00:05:14 bad
2021-07-19 00:05:19 CHB 1678472?1626624314 第 1 次 等待 3 秒
2021-07-19 00:05:22 CHB 1678472?1626624314 第 1 次 获取到号码【1678472】GSD
2021-07-19 00:05:22 未获取到号码【1678472】GSD，可能号码格式错误
2021-07-19 00:05:22 获取到号码【1678472】的GSD为【-】
2021-07-19 00:05:32 GSD insert 第 1 次 等待 3 秒
2021-07-19 00:05:35 {"status":"ok","gid":320521,"msg":"添加成功！"}
2021-07-19 00:05:35 下次操作: 2021-07-19 00:05:51

2021-07-19 00:05:51 开始第 21 次操作

2021-07-19 00:05:51 开始操作号码 【1678473】
2021-07-19 00:05:54 GSD getOne 第 1 次 等待 3 秒
2021-07-19 00:05:57 查询号码 【1678473】，返回信息 {"status":"bad","msg":""}
2021-07-19 00:05:57 查询号码 【1678473】，GSD为【""】
2021-07-19 00:05:57 bad
2021-07-19 00:05:58 CHB 1678473?1626624357 第 1 次 等待 3 秒
2021-07-19 00:06:01 CHB 1678473?1626624357 第 1 次 获取到号码【1678473】GSD
2021-07-19 00:06:02 未获取到号码【1678473】GSD，可能号码格式错误
2021-07-19 00:06:02 获取到号码【1678473】的GSD为【-】
2021-07-19 00:06:31 GSD insert 第 1 次 等待 3 秒
2021-07-19 00:06:34 {"status":"ok","gid":320529,"msg":"添加成功！"}
2021-07-19 00:06:34 下次操作: 2021-07-19 00:06:52

2021-07-19 00:06:52 开始第 22 次操作

2021-07-19 00:06:52 开始操作号码 【1678474】
2021-07-19 00:06:58 GSD getOne 第 1 次 等待 3 秒
2021-07-19 00:07:01 查询号码 【1678474】，返回信息 {"status":"bad","msg":""}
2021-07-19 00:07:01 查询号码 【1678474】，GSD为【""】
2021-07-19 00:07:01 bad
2021-07-19 00:07:03 CHB 1678474?1626624421 第 1 次 等待 3 秒
2021-07-19 00:07:06 CHB 1678474?1626624421 第 1 次 获取到号码【1678474】GSD
2021-07-19 00:07:06 未获取到号码【1678474】GSD，可能号码格式错误
2021-07-19 00:07:06 获取到号码【1678474】的GSD为【-】
2021-07-19 00:07:40 GSD insert 第 1 次 等待 3 秒
2021-07-19 00:07:43 {"status":"ok","gid":320539,"msg":"添加成功！"}
2021-07-19 00:07:43 下次操作: 2021-07-19 00:07:57

2021-07-19 00:07:57 开始第 23 次操作

2021-07-19 00:07:57 开始操作号码 【1678475】
2021-07-19 00:08:00 GSD getOne 第 1 次 等待 3 秒
2021-07-19 00:08:03 查询号码 【1678475】，返回信息 {"status":"bad","msg":""}
2021-07-19 00:08:03 查询号码 【1678475】，GSD为【""】
2021-07-19 00:08:03 bad
2021-07-19 00:08:05 CHB 1678475?1626624483 第 1 次 等待 3 秒
2021-07-19 00:08:08 CHB 1678475?1626624483 第 1 次 获取到号码【1678475】GSD
2021-07-19 00:08:08 未获取到号码【1678475】GSD，可能号码格式错误
2021-07-19 00:08:08 获取到号码【1678475】的GSD为【-】
2021-07-19 00:08:30 GSD insert 第 1 次 等待 3 秒
2021-07-19 00:08:33 {"status":"ok","gid":320550,"msg":"添加成功！"}
2021-07-19 00:08:33 下次操作: 2021-07-19 00:08:53

2021-07-19 00:08:53 开始第 24 次操作

2021-07-19 00:08:53 开始操作号码 【1678476】
2021-07-19 00:09:04 GSD getOne 第 1 次 等待 3 秒
2021-07-19 00:09:07 查询号码 【1678476】，返回信息 {"status":"bad","msg":""}
2021-07-19 00:09:07 查询号码 【1678476】，GSD为【""】
2021-07-19 00:09:07 bad
2021-07-19 00:09:09 CHB 1678476?1626624547 第 1 次 等待 3 秒
2021-07-19 00:09:12 CHB 1678476?1626624547 第 1 次 获取到号码【1678476】GSD
2021-07-19 00:09:12 未获取到号码【1678476】GSD，可能号码格式错误
2021-07-19 00:09:12 获取到号码【1678476】的GSD为【-】
2021-07-19 00:09:33 GSD insert 第 1 次 等待 3 秒
2021-07-19 00:09:36 {"status":"ok","gid":320561,"msg":"添加成功！"}
2021-07-19 00:09:36 下次操作: 2021-07-19 00:09:48

2021-07-19 00:09:48 开始第 25 次操作

2021-07-19 00:09:48 开始操作号码 【1678477】
2021-07-19 00:09:53 GSD getOne 第 1 次 等待 3 秒
2021-07-19 00:09:56 查询号码 【1678477】，返回信息 {"status":"bad","msg":""}
2021-07-19 00:09:57 查询号码 【1678477】，GSD为【""】
2021-07-19 00:09:57 bad
2021-07-19 00:09:58 CHB 1678477?1626624597 第 1 次 等待 3 秒
2021-07-19 00:10:01 CHB 1678477?1626624597 第 1 次 获取到号码【1678477】GSD
2021-07-19 00:10:01 未获取到号码【1678477】GSD，可能号码格式错误
2021-07-19 00:10:01 获取到号码【1678477】的GSD为【-】
2021-07-19 00:10:21 GSD insert 第 1 次 等待 3 秒
2021-07-19 00:10:24 {"status":"ok","gid":320573,"msg":"添加成功！"}
2021-07-19 00:10:24 下次操作: 2021-07-19 00:10:45

2021-07-19 00:10:45 开始第 26 次操作

2021-07-19 00:10:45 开始操作号码 【1678478】
2021-07-19 00:12:09 GSD getOne 第 1 次 等待 3 秒
2021-07-19 00:12:12 查询号码 【1678478】，返回信息 {"status":"bad","msg":""}
2021-07-19 00:12:12 查询号码 【1678478】，GSD为【""】
2021-07-19 00:12:12 bad
2021-07-19 00:12:14 CHB 1678478?1626624732 第 1 次 等待 3 秒
2021-07-19 00:12:17 CHB 1678478?1626624732 第 1 次 获取到号码【1678478】GSD
2021-07-19 00:12:17 未获取到号码【1678478】GSD，可能号码格式错误
2021-07-19 00:12:17 获取到号码【1678478】的GSD为【-】
2021-07-19 00:12:36 GSD insert 第 1 次 等待 3 秒
2021-07-19 00:12:39 {"status":"ok","gid":320597,"msg":"添加成功！"}
2021-07-19 00:12:39 下次操作: 2021-07-19 00:13:00

2021-07-19 00:13:00 开始第 27 次操作

2021-07-19 00:13:00 开始操作号码 【1678479】
2021-07-19 00:13:03 GSD getOne 第 1 次 等待 3 秒
2021-07-19 00:13:06 查询号码 【1678479】，返回信息 {"status":"bad","msg":""}
2021-07-19 00:13:06 查询号码 【1678479】，GSD为【""】
2021-07-19 00:13:06 bad
2021-07-19 00:13:08 CHB 1678479?1626624786 第 1 次 等待 3 秒
2021-07-19 00:13:11 CHB 1678479?1626624786 第 1 次 获取到号码【1678479】GSD
2021-07-19 00:13:11 未获取到号码【1678479】GSD，可能号码格式错误
2021-07-19 00:13:11 获取到号码【1678479】的GSD为【-】
2021-07-19 00:13:39 GSD insert 第 1 次 等待 3 秒
2021-07-19 00:13:42 {"status":"ok","gid":320607,"msg":"添加成功！"}
2021-07-19 00:13:42 下次操作: 2021-07-19 00:14:00

2021-07-19 00:14:00 开始第 28 次操作

2021-07-19 00:14:00 开始操作号码 【1678480】
2021-07-19 00:14:03 GSD getOne 第 1 次 等待 3 秒
2021-07-19 00:14:06 查询号码 【1678480】，返回信息 {"status":"bad","msg":""}
2021-07-19 00:14:06 查询号码 【1678480】，GSD为【""】
2021-07-19 00:14:06 bad
2021-07-19 00:14:08 CHB 1678480?1626624846 第 1 次 等待 3 秒
2021-07-19 00:14:11 CHB 1678480?1626624846 第 1 次 获取到号码【1678480】GSD
2021-07-19 00:14:11 未获取到号码【1678480】GSD，可能号码格式错误
2021-07-19 00:14:11 获取到号码【1678480】的GSD为【-】
2021-07-19 00:14:42 GSD insert 第 1 次 等待 3 秒
2021-07-19 00:14:45 {"status":"ok","gid":320617,"msg":"添加成功！"}
2021-07-19 00:14:45 下次操作: 2021-07-19 00:15:01

2021-07-19 00:15:01 开始第 29 次操作

2021-07-19 00:15:01 开始操作号码 【1678481】
2021-07-19 00:15:14 GSD getOne 第 1 次 等待 3 秒
2021-07-19 00:15:17 查询号码 【1678481】，返回信息 {"status":"bad","msg":""}
2021-07-19 00:15:17 查询号码 【1678481】，GSD为【""】
2021-07-19 00:15:17 bad
2021-07-19 00:15:19 CHB 1678481?1626624917 第 1 次 等待 3 秒
2021-07-19 00:15:22 CHB 1678481?1626624917 第 1 次 获取到号码【1678481】GSD
2021-07-19 00:15:22 未获取到号码【1678481】GSD，可能号码格式错误
2021-07-19 00:15:22 获取到号码【1678481】的GSD为【-】
2021-07-19 00:15:58 GSD insert 第 1 次 等待 3 秒
2021-07-19 00:16:01 {"status":"ok","gid":320628,"msg":"添加成功！"}
2021-07-19 00:16:01 下次操作: 2021-07-19 00:16:17

2021-07-19 00:16:17 开始第 30 次操作

2021-07-19 00:16:17 开始操作号码 【1678482】
2021-07-19 00:16:22 GSD getOne 第 1 次 等待 3 秒
2021-07-19 00:16:25 查询号码 【1678482】，返回信息 {"status":"bad","msg":""}
2021-07-19 00:16:25 查询号码 【1678482】，GSD为【""】
2021-07-19 00:16:25 bad
2021-07-19 00:16:26 CHB 1678482?1626624985 第 1 次 等待 3 秒
2021-07-19 00:16:29 CHB 1678482?1626624985 第 1 次 获取到号码【1678482】GSD
2021-07-19 00:16:29 未获取到号码【1678482】GSD，可能号码格式错误
2021-07-19 00:16:29 获取到号码【1678482】的GSD为【-】
2021-07-19 00:16:48 GSD insert 第 1 次 等待 3 秒
2021-07-19 00:16:51 {"status":"ok","gid":320633,"msg":"添加成功！"}
2021-07-19 00:16:51 下次操作: 2021-07-19 00:17:12

2021-07-19 00:17:12 开始第 31 次操作

2021-07-19 00:17:12 开始操作号码 【1678483】
2021-07-19 00:17:29 GSD getOne 第 1 次 等待 3 秒
2021-07-19 00:17:32 查询号码 【1678483】，返回信息 {"status":"bad","msg":""}
2021-07-19 00:17:32 查询号码 【1678483】，GSD为【""】
2021-07-19 00:17:32 bad
2021-07-19 00:17:34 CHB 1678483?1626625052 第 1 次 等待 3 秒
2021-07-19 00:17:37 CHB 1678483?1626625052 第 1 次 获取到号码【1678483】GSD
2021-07-19 00:17:37 未获取到号码【1678483】GSD，可能号码格式错误
2021-07-19 00:17:37 获取到号码【1678483】的GSD为【-】
2021-07-19 00:17:57 GSD insert 第 1 次 等待 3 秒
2021-07-19 00:18:00 {"status":"ok","gid":320644,"msg":"添加成功！"}
2021-07-19 00:18:00 下次操作: 2021-07-19 00:18:15

2021-07-19 00:18:15 开始第 32 次操作

2021-07-19 00:18:15 开始操作号码 【1678484】
2021-07-19 00:18:21 GSD getOne 第 1 次 等待 3 秒
2021-07-19 00:18:24 查询号码 【1678484】，返回信息 {"status":"bad","msg":""}
2021-07-19 00:18:25 查询号码 【1678484】，GSD为【""】
2021-07-19 00:18:25 bad
2021-07-19 00:18:26 CHB 1678484?1626625105 第 1 次 等待 3 秒
2021-07-19 00:18:29 CHB 1678484?1626625105 第 1 次 获取到号码【1678484】GSD
2021-07-19 00:18:29 未获取到号码【1678484】GSD，可能号码格式错误
2021-07-19 00:18:29 获取到号码【1678484】的GSD为【-】
2021-07-19 00:18:47 GSD insert 第 1 次 等待 3 秒
2021-07-19 00:18:50 {"status":"ok","gid":320653,"msg":"添加成功！"}
2021-07-19 00:18:50 下次操作: 2021-07-19 00:19:03

2021-07-19 00:19:03 开始第 33 次操作

2021-07-19 00:19:03 开始操作号码 【1678485】
2021-07-19 00:19:19 GSD getOne 第 1 次 等待 3 秒
2021-07-19 00:19:22 查询号码 【1678485】，返回信息 {"status":"bad","msg":""}
2021-07-19 00:19:22 查询号码 【1678485】，GSD为【""】
2021-07-19 00:19:22 bad
2021-07-19 00:19:25 CHB 1678485?1626625162 第 1 次 等待 3 秒
2021-07-19 00:19:28 CHB 1678485?1626625162 第 1 次 获取到号码【1678485】GSD
2021-07-19 00:19:28 未获取到号码【1678485】GSD，可能号码格式错误
2021-07-19 00:19:28 获取到号码【1678485】的GSD为【-】
2021-07-19 00:19:57 GSD insert 第 1 次 等待 3 秒
2021-07-19 00:20:00 {"status":"ok","gid":320667,"msg":"添加成功！"}
2021-07-19 00:20:00 下次操作: 2021-07-19 00:20:19

2021-07-19 00:20:19 开始第 34 次操作

2021-07-19 00:20:19 开始操作号码 【1678486】
2021-07-19 00:20:22 GSD getOne 第 1 次 等待 3 秒
2021-07-19 00:20:25 查询号码 【1678486】，返回信息 {"status":"bad","msg":""}
2021-07-19 00:20:25 查询号码 【1678486】，GSD为【""】
2021-07-19 00:20:25 bad
2021-07-19 00:20:26 CHB 1678486?1626625225 第 1 次 等待 3 秒
2021-07-19 00:20:29 CHB 1678486?1626625225 第 1 次 获取到号码【1678486】GSD
2021-07-19 00:20:29 未获取到号码【1678486】GSD，可能号码格式错误
2021-07-19 00:20:29 获取到号码【1678486】的GSD为【-】
2021-07-19 00:20:58 GSD insert 第 1 次 等待 3 秒
2021-07-19 00:21:01 {"status":"ok","gid":320672,"msg":"添加成功！"}
2021-07-19 00:21:01 下次操作: 2021-07-19 00:21:22

2021-07-19 00:21:22 开始第 35 次操作

2021-07-19 00:21:22 开始操作号码 【1678487】
2021-07-19 00:21:26 GSD getOne 第 1 次 等待 3 秒
2021-07-19 00:21:29 查询号码 【1678487】，返回信息 {"status":"bad","msg":""}
2021-07-19 00:21:29 查询号码 【1678487】，GSD为【""】
2021-07-19 00:21:29 bad
2021-07-19 00:21:31 CHB 1678487?1626625289 第 1 次 等待 3 秒
2021-07-19 00:21:34 CHB 1678487?1626625289 第 1 次 获取到号码【1678487】GSD
2021-07-19 00:21:34 未获取到号码【1678487】GSD，可能号码格式错误
2021-07-19 00:21:34 获取到号码【1678487】的GSD为【-】
2021-07-19 00:22:38 GSD insert 第 1 次 等待 3 秒
2021-07-19 00:22:41 {"status":"ok","gid":320690,"msg":"添加成功！"}
2021-07-19 00:22:41 下次操作: 2021-07-19 00:23:05

2021-07-19 00:23:05 开始第 36 次操作

2021-07-19 00:23:05 开始操作号码 【1678488】
2021-07-19 00:23:08 GSD getOne 第 1 次 等待 3 秒
2021-07-19 00:23:11 查询号码 【1678488】，返回信息 {"status":"bad","msg":""}
2021-07-19 00:23:11 查询号码 【1678488】，GSD为【""】
2021-07-19 00:23:11 bad
2021-07-19 00:23:13 CHB 1678488?1626625391 第 1 次 等待 3 秒
2021-07-19 00:23:16 CHB 1678488?1626625391 第 1 次 获取到号码【1678488】GSD
2021-07-19 00:23:16 未获取到号码【1678488】GSD，可能号码格式错误
2021-07-19 00:23:16 获取到号码【1678488】的GSD为【-】
2021-07-19 00:23:29 GSD insert 第 1 次 等待 3 秒
2021-07-19 00:23:32 {"status":"ok","gid":320698,"msg":"添加成功！"}
2021-07-19 00:23:32 下次操作: 2021-07-19 00:23:45

2021-07-19 00:23:45 开始第 37 次操作

2021-07-19 00:23:45 开始操作号码 【1678489】
2021-07-19 00:24:14 GSD getOne 第 1 次 等待 3 秒
2021-07-19 00:24:17 查询号码 【1678489】，返回信息 {"status":"bad","msg":""}
2021-07-19 00:24:17 查询号码 【1678489】，GSD为【""】
2021-07-19 00:24:17 bad
2021-07-19 00:24:19 CHB 1678489?1626625457 第 1 次 等待 3 秒
2021-07-19 00:24:22 CHB 1678489?1626625457 第 1 次 获取到号码【1678489】GSD
2021-07-19 00:24:22 未获取到号码【1678489】GSD，可能号码格式错误
2021-07-19 00:24:22 获取到号码【1678489】的GSD为【-】
2021-07-19 00:24:44 GSD insert 第 1 次 等待 3 秒
2021-07-19 00:24:47 {"status":"ok","gid":320709,"msg":"添加成功！"}
2021-07-19 00:24:47 下次操作: 2021-07-19 00:25:00

2021-07-19 00:25:00 开始第 38 次操作

2021-07-19 00:25:00 开始操作号码 【1678490】
2021-07-19 00:25:10 GSD getOne 第 1 次 等待 3 秒
2021-07-19 00:25:13 查询号码 【1678490】，返回信息 {"status":"bad","msg":""}
2021-07-19 00:25:13 查询号码 【1678490】，GSD为【""】
2021-07-19 00:25:13 bad
2021-07-19 00:25:15 CHB 1678490?1626625513 第 1 次 等待 3 秒
2021-07-19 00:25:18 CHB 1678490?1626625513 第 1 次 获取到号码【1678490】GSD
2021-07-19 00:25:18 未获取到号码【1678490】GSD，可能号码格式错误
2021-07-19 00:25:18 获取到号码【1678490】的GSD为【-】
2021-07-19 00:25:55 GSD insert 第 1 次 等待 3 秒
2021-07-19 00:25:58 {"status":"ok","gid":320720,"msg":"添加成功！"}
2021-07-19 00:25:58 下次操作: 2021-07-19 00:26:14

2021-07-19 00:26:14 开始第 39 次操作

2021-07-19 00:26:14 开始操作号码 【1678491】
2021-07-19 00:26:19 GSD getOne 第 1 次 等待 3 秒
2021-07-19 00:26:22 查询号码 【1678491】，返回信息 {"status":"bad","msg":""}
2021-07-19 00:26:22 查询号码 【1678491】，GSD为【""】
2021-07-19 00:26:22 bad
2021-07-19 00:26:24 CHB 1678491?1626625582 第 1 次 等待 3 秒
2021-07-19 00:26:27 CHB 1678491?1626625582 第 1 次 获取到号码【1678491】GSD
2021-07-19 00:26:27 未获取到号码【1678491】GSD，可能号码格式错误
2021-07-19 00:26:27 获取到号码【1678491】的GSD为【-】
2021-07-19 00:26:56 GSD insert 第 1 次 等待 3 秒
2021-07-19 00:26:59 {"status":"ok","gid":320727,"msg":"添加成功！"}
2021-07-19 00:26:59 下次操作: 2021-07-19 00:27:19

2021-07-19 00:27:19 开始第 40 次操作

2021-07-19 00:27:19 开始操作号码 【1678492】
2021-07-19 00:27:42 GSD getOne 第 1 次 等待 3 秒
2021-07-19 00:27:45 查询号码 【1678492】，返回信息 {"status":"bad","msg":""}
2021-07-19 00:27:45 查询号码 【1678492】，GSD为【""】
2021-07-19 00:27:45 bad
2021-07-19 00:27:47 CHB 1678492?1626625665 第 1 次 等待 3 秒
2021-07-19 00:27:50 CHB 1678492?1626625665 第 1 次 获取到号码【1678492】GSD
2021-07-19 00:27:50 未获取到号码【1678492】GSD，可能号码格式错误
2021-07-19 00:27:50 获取到号码【1678492】的GSD为【-】
2021-07-19 00:28:18 GSD insert 第 1 次 等待 3 秒
2021-07-19 00:28:21 {"status":"ok","gid":320737,"msg":"添加成功！"}

