2024-07-04 00:19:57 开始第 4161 次操作

2024-07-04 00:19:57 开始操作号码 【1484062】
2024-07-04 00:20:06 GSD getOne 第 1 次 等待 3 秒
2024-07-04 00:20:09 查询号码 【1484062】，返回信息 {"status":"ok","msg":"上海-上海","gid":"212233","time_insert":"2021-07-07 06:16"}
2024-07-04 00:20:09 查询号码 【1484062】，GSD为【"上海-上海"】

2024-07-04 00:20:10 开始第 4162 次操作

2024-07-04 00:20:10 开始操作号码 【1484063】
2024-07-04 00:20:21 GSD getOne 第 1 次 等待 3 秒
2024-07-04 00:20:24 查询号码 【1484063】，返回信息 {"status":"ok","msg":"上海-上海","gid":"212243","time_insert":"2021-07-07 06:21"}
2024-07-04 00:20:24 查询号码 【1484063】，GSD为【"上海-上海"】

2024-07-04 00:20:25 开始第 4163 次操作

2024-07-04 00:20:25 开始操作号码 【1484064】
2024-07-04 00:20:33 GSD getOne 第 1 次 等待 3 秒
2024-07-04 00:20:36 查询号码 【1484064】，返回信息 {"status":"ok","msg":"上海-上海","gid":"212252","time_insert":"2021-07-07 06:24"}
2024-07-04 00:20:36 查询号码 【1484064】，GSD为【"上海-上海"】

2024-07-04 00:20:37 开始第 4164 次操作

2024-07-04 00:20:37 开始操作号码 【1484065】
2024-07-04 00:20:45 GSD getOne 第 1 次 等待 3 秒
2024-07-04 00:20:48 查询号码 【1484065】，返回信息 {"status":"ok","msg":"上海-上海","gid":"212259","time_insert":"2021-07-07 06:30"}
2024-07-04 00:20:48 查询号码 【1484065】，GSD为【"上海-上海"】

2024-07-04 00:41:19 开始第 4165 次操作

2024-07-04 00:41:19 开始操作号码 【1484066】
2024-07-04 00:41:27 GSD getOne 第 1 次 等待 3 秒
2024-07-04 00:41:30 查询号码 【1484066】，返回信息 {"status":"ok","msg":"上海-上海","gid":"212266","time_insert":"2021-07-07 06:33"}
2024-07-04 00:41:30 查询号码 【1484066】，GSD为【"上海-上海"】

2024-07-04 00:41:31 开始第 4166 次操作

2024-07-04 00:41:31 开始操作号码 【1484067】
2024-07-04 00:41:39 GSD getOne 第 1 次 等待 3 秒
2024-07-04 00:41:42 查询号码 【1484067】，返回信息 {"status":"ok","msg":"上海-上海","gid":"212289","time_insert":"2021-07-07 06:39"}
2024-07-04 00:41:42 查询号码 【1484067】，GSD为【"上海-上海"】

2024-07-04 00:41:43 开始第 4167 次操作

2024-07-04 00:41:43 开始操作号码 【1484068】
2024-07-04 00:41:51 GSD getOne 第 1 次 等待 3 秒
2024-07-04 00:41:54 查询号码 【1484068】，返回信息 {"status":"ok","msg":"上海-上海","gid":"212340","time_insert":"2021-07-07 06:43"}
2024-07-04 00:41:54 查询号码 【1484068】，GSD为【"上海-上海"】

2024-07-04 00:41:55 开始第 4168 次操作

2024-07-04 00:41:55 开始操作号码 【1484069】
2024-07-04 00:42:04 GSD getOne 第 1 次 等待 3 秒
2024-07-04 00:42:07 查询号码 【1484069】，返回信息 {"status":"ok","msg":"上海-上海","gid":"212431","time_insert":"2021-07-07 06:49"}
2024-07-04 00:42:07 查询号码 【1484069】，GSD为【"上海-上海"】

