2024-03-01 00:16:07 开始第 6517 次操作

2024-03-01 00:16:07 开始操作号码 【1706419】
2024-03-01 00:16:12 GSD getOne 第 1 次 等待 3 秒
2024-03-01 00:16:15 查询号码 【1706419】，返回信息 {"status":"ok","msg":"广东-东莞","gid":"170526","time_insert":"2021-07-02 01:46"}
2024-03-01 00:16:15 查询号码 【1706419】，GSD为【"广东-东莞"】

2024-03-01 00:16:16 开始第 6518 次操作

2024-03-01 00:16:16 开始操作号码 【1706420】
2024-03-01 00:16:20 GSD getOne 第 1 次 等待 3 秒
2024-03-01 00:16:23 查询号码 【1706420】，返回信息 {"status":"ok","msg":"广东-东莞","gid":"170540","time_insert":"2021-07-02 01:47"}
2024-03-01 00:16:23 查询号码 【1706420】，GSD为【"广东-东莞"】

2024-03-01 00:16:24 开始第 6519 次操作

2024-03-01 00:16:24 开始操作号码 【1706421】
2024-03-01 00:16:29 GSD getOne 第 1 次 等待 3 秒
2024-03-01 00:16:32 查询号码 【1706421】，返回信息 {"status":"ok","msg":"广东-东莞","gid":"170552","time_insert":"2021-07-02 01:48"}
2024-03-01 00:16:32 查询号码 【1706421】，GSD为【"广东-东莞"】

2024-03-01 00:16:33 开始第 6520 次操作

2024-03-01 00:16:33 开始操作号码 【1706422】
2024-03-01 00:16:38 GSD getOne 第 1 次 等待 3 秒
2024-03-01 00:16:41 查询号码 【1706422】，返回信息 {"status":"ok","msg":"广东-佛山","gid":"170562","time_insert":"2021-07-02 01:49"}
2024-03-01 00:16:41 查询号码 【1706422】，GSD为【"广东-佛山"】

2024-03-01 00:36:16 开始第 6521 次操作

2024-03-01 00:36:16 开始操作号码 【1706423】
2024-03-01 00:36:25 GSD getOne 第 1 次 等待 3 秒
2024-03-01 00:36:28 查询号码 【1706423】，返回信息 {"status":"ok","msg":"广东-佛山","gid":"170574","time_insert":"2021-07-02 01:50"}
2024-03-01 00:36:28 查询号码 【1706423】，GSD为【"广东-佛山"】

2024-03-01 00:36:29 开始第 6522 次操作

2024-03-01 00:36:29 开始操作号码 【1706424】
2024-03-01 00:36:33 GSD getOne 第 1 次 等待 3 秒
2024-03-01 00:36:36 查询号码 【1706424】，返回信息 {"status":"ok","msg":"广东-佛山","gid":"170586","time_insert":"2021-07-02 01:51"}
2024-03-01 00:36:36 查询号码 【1706424】，GSD为【"广东-佛山"】

2024-03-01 00:36:37 开始第 6523 次操作

2024-03-01 00:36:37 开始操作号码 【1706425】
2024-03-01 00:36:42 GSD getOne 第 1 次 等待 3 秒
2024-03-01 00:36:45 查询号码 【1706425】，返回信息 {"status":"ok","msg":"广东-佛山","gid":"170599","time_insert":"2021-07-02 01:52"}
2024-03-01 00:36:45 查询号码 【1706425】，GSD为【"广东-佛山"】

2024-03-01 00:36:46 开始第 6524 次操作

2024-03-01 00:36:46 开始操作号码 【1706426】
2024-03-01 00:36:50 GSD getOne 第 1 次 等待 3 秒
2024-03-01 00:36:53 查询号码 【1706426】，返回信息 {"status":"ok","msg":"广东-佛山","gid":"170609","time_insert":"2021-07-02 01:52"}
2024-03-01 00:36:53 查询号码 【1706426】，GSD为【"广东-佛山"】

2024-03-01 01:12:12 开始第 6525 次操作

2024-03-01 01:12:12 开始操作号码 【1706427】
2024-03-01 01:12:18 GSD getOne 第 1 次 等待 3 秒
2024-03-01 01:12:21 查询号码 【1706427】，返回信息 {"status":"ok","msg":"广东-佛山","gid":"170619","time_insert":"2021-07-02 01:53"}
2024-03-01 01:12:21 查询号码 【1706427】，GSD为【"广东-佛山"】

2024-03-01 01:12:22 开始第 6526 次操作

2024-03-01 01:12:22 开始操作号码 【1706428】
2024-03-01 01:12:27 GSD getOne 第 1 次 等待 3 秒
2024-03-01 01:12:30 查询号码 【1706428】，返回信息 {"status":"ok","msg":"广东-佛山","gid":"170626","time_insert":"2021-07-02 01:54"}
2024-03-01 01:12:30 查询号码 【1706428】，GSD为【"广东-佛山"】

2024-03-01 01:12:31 开始第 6527 次操作

2024-03-01 01:12:31 开始操作号码 【1706429】
2024-03-01 01:12:35 GSD getOne 第 1 次 等待 3 秒
2024-03-01 01:12:38 查询号码 【1706429】，返回信息 {"status":"ok","msg":"广东-佛山","gid":"170633","time_insert":"2021-07-02 01:55"}
2024-03-01 01:12:38 查询号码 【1706429】，GSD为【"广东-佛山"】

2024-03-01 01:12:39 开始第 6528 次操作

2024-03-01 01:12:39 开始操作号码 【1706430】
2024-03-01 01:12:43 GSD getOne 第 1 次 等待 3 秒
2024-03-01 01:12:46 查询号码 【1706430】，返回信息 {"status":"ok","msg":"广东-佛山","gid":"170646","time_insert":"2021-07-02 01:56"}
2024-03-01 01:12:46 查询号码 【1706430】，GSD为【"广东-佛山"】

2024-03-01 01:35:40 开始第 6529 次操作

2024-03-01 01:35:40 开始操作号码 【1706431】
2024-03-01 01:35:45 GSD getOne 第 1 次 等待 3 秒
2024-03-01 01:35:48 查询号码 【1706431】，返回信息 {"status":"ok","msg":"广东-佛山","gid":"170655","time_insert":"2021-07-02 01:56"}
2024-03-01 01:35:48 查询号码 【1706431】，GSD为【"广东-佛山"】

2024-03-01 01:35:49 开始第 6530 次操作

2024-03-01 01:35:49 开始操作号码 【1706432】
2024-03-01 01:35:54 GSD getOne 第 1 次 等待 3 秒
2024-03-01 01:35:57 查询号码 【1706432】，返回信息 {"status":"ok","msg":"广东-佛山","gid":"170661","time_insert":"2021-07-02 01:57"}
2024-03-01 01:35:57 查询号码 【1706432】，GSD为【"广东-佛山"】

2024-03-01 01:35:58 开始第 6531 次操作

2024-03-01 01:35:58 开始操作号码 【1706433】
2024-03-01 01:36:02 GSD getOne 第 1 次 等待 3 秒
2024-03-01 01:36:05 查询号码 【1706433】，返回信息 {"status":"ok","msg":"广东-佛山","gid":"170666","time_insert":"2021-07-02 01:58"}
2024-03-01 01:36:05 查询号码 【1706433】，GSD为【"广东-佛山"】

2024-03-01 01:36:06 开始第 6532 次操作

2024-03-01 01:36:06 开始操作号码 【1706434】
2024-03-01 01:36:11 GSD getOne 第 1 次 等待 3 秒
2024-03-01 01:36:14 查询号码 【1706434】，返回信息 {"status":"ok","msg":"广东-佛山","gid":"170674","time_insert":"2021-07-02 01:59"}
2024-03-01 01:36:14 查询号码 【1706434】，GSD为【"广东-佛山"】

2024-03-01 02:17:37 开始第 6533 次操作

2024-03-01 02:17:37 开始操作号码 【1706435】
2024-03-01 02:17:42 GSD getOne 第 1 次 等待 3 秒
2024-03-01 02:17:45 查询号码 【1706435】，返回信息 {"status":"ok","msg":"广东-佛山","gid":"170682","time_insert":"2021-07-02 02:00"}
2024-03-01 02:17:45 查询号码 【1706435】，GSD为【"广东-佛山"】

2024-03-01 02:17:46 开始第 6534 次操作

2024-03-01 02:17:46 开始操作号码 【1706436】
2024-03-01 02:17:51 GSD getOne 第 1 次 等待 3 秒
2024-03-01 02:17:54 查询号码 【1706436】，返回信息 {"status":"ok","msg":"广东-佛山","gid":"170687","time_insert":"2021-07-02 02:00"}
2024-03-01 02:17:54 查询号码 【1706436】，GSD为【"广东-佛山"】

2024-03-01 02:17:55 开始第 6535 次操作

2024-03-01 02:17:55 开始操作号码 【1706437】
2024-03-01 02:17:59 GSD getOne 第 1 次 等待 3 秒
2024-03-01 02:18:02 查询号码 【1706437】，返回信息 {"status":"ok","msg":"广东-佛山","gid":"170694","time_insert":"2021-07-02 02:01"}
2024-03-01 02:18:02 查询号码 【1706437】，GSD为【"广东-佛山"】

2024-03-01 02:18:03 开始第 6536 次操作

2024-03-01 02:18:03 开始操作号码 【1706438】
2024-03-01 02:18:08 GSD getOne 第 1 次 等待 3 秒
2024-03-01 02:18:11 查询号码 【1706438】，返回信息 {"status":"ok","msg":"广东-珠海","gid":"170700","time_insert":"2021-07-02 02:02"}
2024-03-01 02:18:11 查询号码 【1706438】，GSD为【"广东-珠海"】

2024-03-01 02:35:51 开始第 6537 次操作

2024-03-01 02:35:51 开始操作号码 【1706439】
2024-03-01 02:35:55 GSD getOne 第 1 次 等待 3 秒
2024-03-01 02:35:58 查询号码 【1706439】，返回信息 {"status":"ok","msg":"广东-珠海","gid":"170703","time_insert":"2021-07-02 02:03"}
2024-03-01 02:35:58 查询号码 【1706439】，GSD为【"广东-珠海"】

2024-03-01 02:35:59 开始第 6538 次操作

2024-03-01 02:35:59 开始操作号码 【1706440】
2024-03-01 02:36:03 GSD getOne 第 1 次 等待 3 秒
2024-03-01 02:36:06 查询号码 【1706440】，返回信息 {"status":"ok","msg":"广东-珠海","gid":"170707","time_insert":"2021-07-02 02:04"}
2024-03-01 02:36:06 查询号码 【1706440】，GSD为【"广东-珠海"】

2024-03-01 02:36:07 开始第 6539 次操作

2024-03-01 02:36:07 开始操作号码 【1706441】
2024-03-01 02:36:11 GSD getOne 第 1 次 等待 3 秒
2024-03-01 02:36:14 查询号码 【1706441】，返回信息 {"status":"ok","msg":"广东-珠海","gid":"170811","time_insert":"2021-07-02 02:58"}
2024-03-01 02:36:14 查询号码 【1706441】，GSD为【"广东-珠海"】

2024-03-01 02:36:15 开始第 6540 次操作

2024-03-01 02:36:15 开始操作号码 【1706442】
2024-03-01 02:36:19 GSD getOne 第 1 次 等待 3 秒
2024-03-01 02:36:22 查询号码 【1706442】，返回信息 {"status":"ok","msg":"广东-珠海","gid":"170823","time_insert":"2021-07-02 02:58"}
2024-03-01 02:36:22 查询号码 【1706442】，GSD为【"广东-珠海"】

2024-03-01 03:10:19 开始第 6541 次操作

2024-03-01 03:10:19 开始操作号码 【1706443】
2024-03-01 03:10:24 GSD getOne 第 1 次 等待 3 秒
2024-03-01 03:10:27 查询号码 【1706443】，返回信息 {"status":"ok","msg":"广东-珠海","gid":"170838","time_insert":"2021-07-02 02:59"}
2024-03-01 03:10:27 查询号码 【1706443】，GSD为【"广东-珠海"】

2024-03-01 03:10:28 开始第 6542 次操作

2024-03-01 03:10:28 开始操作号码 【1706444】
2024-03-01 03:10:33 GSD getOne 第 1 次 等待 3 秒
2024-03-01 03:10:36 查询号码 【1706444】，返回信息 {"status":"ok","msg":"广东-珠海","gid":"170851","time_insert":"2021-07-02 03:00"}
2024-03-01 03:10:36 查询号码 【1706444】，GSD为【"广东-珠海"】

2024-03-01 03:10:37 开始第 6543 次操作

2024-03-01 03:10:37 开始操作号码 【1706445】
2024-03-01 03:10:41 GSD getOne 第 1 次 等待 3 秒
2024-03-01 03:10:44 查询号码 【1706445】，返回信息 {"status":"ok","msg":"广东-珠海","gid":"170864","time_insert":"2021-07-02 03:01"}
2024-03-01 03:10:44 查询号码 【1706445】，GSD为【"广东-珠海"】

2024-03-01 03:10:45 开始第 6544 次操作

2024-03-01 03:10:45 开始操作号码 【1706446】
2024-03-01 03:10:49 GSD getOne 第 1 次 等待 3 秒
2024-03-01 03:10:52 查询号码 【1706446】，返回信息 {"status":"ok","msg":"广东-中山","gid":"170879","time_insert":"2021-07-02 03:01"}
2024-03-01 03:10:52 查询号码 【1706446】，GSD为【"广东-中山"】

2024-03-01 03:36:21 开始第 6545 次操作

2024-03-01 03:36:21 开始操作号码 【1706447】
2024-03-01 03:36:25 GSD getOne 第 1 次 等待 3 秒
2024-03-01 03:36:28 查询号码 【1706447】，返回信息 {"status":"ok","msg":"广东-中山","gid":"170894","time_insert":"2021-07-02 03:02"}
2024-03-01 03:36:28 查询号码 【1706447】，GSD为【"广东-中山"】

2024-03-01 03:36:29 开始第 6546 次操作

2024-03-01 03:36:29 开始操作号码 【1706448】
2024-03-01 03:36:34 GSD getOne 第 1 次 等待 3 秒
2024-03-01 03:36:37 查询号码 【1706448】，返回信息 {"status":"ok","msg":"广东-中山","gid":"170907","time_insert":"2021-07-02 03:03"}
2024-03-01 03:36:37 查询号码 【1706448】，GSD为【"广东-中山"】

2024-03-01 03:36:38 开始第 6547 次操作

2024-03-01 03:36:38 开始操作号码 【1706449】
2024-03-01 03:36:42 GSD getOne 第 1 次 等待 3 秒
2024-03-01 03:36:45 查询号码 【1706449】，返回信息 {"status":"ok","msg":"广东-中山","gid":"170918","time_insert":"2021-07-02 03:04"}
2024-03-01 03:36:45 查询号码 【1706449】，GSD为【"广东-中山"】

2024-03-01 03:36:46 开始第 6548 次操作

2024-03-01 03:36:46 开始操作号码 【1706450】
2024-03-01 03:36:51 GSD getOne 第 1 次 等待 3 秒
2024-03-01 03:36:54 查询号码 【1706450】，返回信息 {"status":"ok","msg":"广东-中山","gid":"170928","time_insert":"2021-07-02 03:05"}
2024-03-01 03:36:54 查询号码 【1706450】，GSD为【"广东-中山"】

2024-03-01 04:15:17 开始第 6549 次操作

2024-03-01 04:15:17 开始操作号码 【1706451】
2024-03-01 04:15:22 GSD getOne 第 1 次 等待 3 秒
2024-03-01 04:15:25 查询号码 【1706451】，返回信息 {"status":"ok","msg":"广东-汕头","gid":"170939","time_insert":"2021-07-02 03:05"}
2024-03-01 04:15:25 查询号码 【1706451】，GSD为【"广东-汕头"】

2024-03-01 04:15:26 开始第 6550 次操作

2024-03-01 04:15:26 开始操作号码 【1706452】
2024-03-01 04:15:31 GSD getOne 第 1 次 等待 3 秒
2024-03-01 04:15:34 查询号码 【1706452】，返回信息 {"status":"ok","msg":"广东-汕头","gid":"170950","time_insert":"2021-07-02 03:06"}
2024-03-01 04:15:34 查询号码 【1706452】，GSD为【"广东-汕头"】

2024-03-01 04:15:35 开始第 6551 次操作

2024-03-01 04:15:35 开始操作号码 【1706453】
2024-03-01 04:15:39 GSD getOne 第 1 次 等待 3 秒
2024-03-01 04:15:42 查询号码 【1706453】，返回信息 {"status":"ok","msg":"广东-汕头","gid":"170961","time_insert":"2021-07-02 03:07"}
2024-03-01 04:15:42 查询号码 【1706453】，GSD为【"广东-汕头"】

2024-03-01 04:15:43 开始第 6552 次操作

2024-03-01 04:15:43 开始操作号码 【1706454】
2024-03-01 04:15:47 GSD getOne 第 1 次 等待 3 秒
2024-03-01 04:15:50 查询号码 【1706454】，返回信息 {"status":"ok","msg":"广东-汕头","gid":"170971","time_insert":"2021-07-02 03:07"}
2024-03-01 04:15:51 查询号码 【1706454】，GSD为【"广东-汕头"】

2024-03-01 04:35:44 开始第 6553 次操作

2024-03-01 04:35:44 开始操作号码 【1706455】
2024-03-01 04:35:49 GSD getOne 第 1 次 等待 3 秒
2024-03-01 04:35:52 查询号码 【1706455】，返回信息 {"status":"ok","msg":"广东-汕头","gid":"170982","time_insert":"2021-07-02 03:08"}
2024-03-01 04:35:52 查询号码 【1706455】，GSD为【"广东-汕头"】

2024-03-01 04:35:53 开始第 6554 次操作

2024-03-01 04:35:53 开始操作号码 【1706456】
2024-03-01 04:35:58 GSD getOne 第 1 次 等待 3 秒
2024-03-01 04:36:01 查询号码 【1706456】，返回信息 {"status":"ok","msg":"广东-惠州","gid":"170993","time_insert":"2021-07-02 03:09"}
2024-03-01 04:36:01 查询号码 【1706456】，GSD为【"广东-惠州"】

2024-03-01 04:36:02 开始第 6555 次操作

2024-03-01 04:36:02 开始操作号码 【1706457】
2024-03-01 04:36:07 GSD getOne 第 1 次 等待 3 秒
2024-03-01 04:36:10 查询号码 【1706457】，返回信息 {"status":"ok","msg":"广东-惠州","gid":"171001","time_insert":"2021-07-02 03:10"}
2024-03-01 04:36:10 查询号码 【1706457】，GSD为【"广东-惠州"】

2024-03-01 04:36:11 开始第 6556 次操作

2024-03-01 04:36:11 开始操作号码 【1706458】
2024-03-01 04:36:15 GSD getOne 第 1 次 等待 3 秒
2024-03-01 04:36:18 查询号码 【1706458】，返回信息 {"status":"ok","msg":"广东-惠州","gid":"171005","time_insert":"2021-07-02 03:10"}
2024-03-01 04:36:18 查询号码 【1706458】，GSD为【"广东-惠州"】

2024-03-01 05:14:25 开始第 6557 次操作

2024-03-01 05:14:25 开始操作号码 【1706459】
2024-03-01 05:14:30 GSD getOne 第 1 次 等待 3 秒
2024-03-01 05:14:33 查询号码 【1706459】，返回信息 {"status":"ok","msg":"广东-惠州","gid":"171011","time_insert":"2021-07-02 03:11"}
2024-03-01 05:14:33 查询号码 【1706459】，GSD为【"广东-惠州"】

2024-03-01 05:14:34 开始第 6558 次操作

2024-03-01 05:14:34 开始操作号码 【1706460】
2024-03-01 05:14:38 GSD getOne 第 1 次 等待 3 秒
2024-03-01 05:14:41 查询号码 【1706460】，返回信息 {"status":"ok","msg":"广东-韶关","gid":"171015","time_insert":"2021-07-02 03:12"}
2024-03-01 05:14:41 查询号码 【1706460】，GSD为【"广东-韶关"】

2024-03-01 05:14:42 开始第 6559 次操作

2024-03-01 05:14:42 开始操作号码 【1706461】
2024-03-01 05:14:46 GSD getOne 第 1 次 等待 3 秒
2024-03-01 05:14:49 查询号码 【1706461】，返回信息 {"status":"ok","msg":"广东-韶关","gid":"171020","time_insert":"2021-07-02 03:13"}
2024-03-01 05:14:49 查询号码 【1706461】，GSD为【"广东-韶关"】

2024-03-01 05:14:50 开始第 6560 次操作

2024-03-01 05:14:50 开始操作号码 【1706462】
2024-03-01 05:14:54 GSD getOne 第 1 次 等待 3 秒
2024-03-01 05:14:57 查询号码 【1706462】，返回信息 {"status":"ok","msg":"广东-韶关","gid":"171025","time_insert":"2021-07-02 03:13"}
2024-03-01 05:14:57 查询号码 【1706462】，GSD为【"广东-韶关"】

