2024-04-22 00:17:22 开始第 4893 次操作

2024-04-22 00:17:22 开始操作号码 【1594796】
2024-04-22 00:17:32 GSD getOne 第 1 次 等待 3 秒
2024-04-22 00:17:35 查询号码 【1594796】，返回信息 {"status":"ok","msg":"吉林-吉林","gid":"135100","time_insert":"2021-06-26 22:50"}
2024-04-22 00:17:35 查询号码 【1594796】，GSD为【"吉林-吉林"】

2024-04-22 00:17:36 开始第 4894 次操作

2024-04-22 00:17:36 开始操作号码 【1594797】
2024-04-22 00:17:41 GSD getOne 第 1 次 等待 3 秒
2024-04-22 00:17:44 查询号码 【1594797】，返回信息 {"status":"ok","msg":"吉林-吉林","gid":"135110","time_insert":"2021-06-26 22:51"}
2024-04-22 00:17:44 查询号码 【1594797】，GSD为【"吉林-吉林"】

2024-04-22 00:17:45 开始第 4895 次操作

2024-04-22 00:17:45 开始操作号码 【1594798】
2024-04-22 00:17:50 GSD getOne 第 1 次 等待 3 秒
2024-04-22 00:17:53 查询号码 【1594798】，返回信息 {"status":"ok","msg":"吉林-吉林","gid":"135119","time_insert":"2021-06-26 22:52"}
2024-04-22 00:17:53 查询号码 【1594798】，GSD为【"吉林-吉林"】

2024-04-22 00:17:54 开始第 4896 次操作

2024-04-22 00:17:54 开始操作号码 【1594799】
2024-04-22 00:18:00 GSD getOne 第 1 次 等待 3 秒
2024-04-22 00:18:03 查询号码 【1594799】，返回信息 {"status":"ok","msg":"吉林-吉林","gid":"135129","time_insert":"2021-06-26 22:53"}
2024-04-22 00:18:03 查询号码 【1594799】，GSD为【"吉林-吉林"】

2024-04-22 00:36:38 开始第 4897 次操作

2024-04-22 00:36:38 开始操作号码 【1594800】
2024-04-22 00:36:44 GSD getOne 第 1 次 等待 3 秒
2024-04-22 00:36:47 查询号码 【1594800】，返回信息 {"status":"ok","msg":"吉林-长春","gid":"135138","time_insert":"2021-06-26 22:54"}
2024-04-22 00:36:47 查询号码 【1594800】，GSD为【"吉林-长春"】

2024-04-22 00:36:48 开始第 4898 次操作

2024-04-22 00:36:48 开始操作号码 【1594801】
2024-04-22 00:36:53 GSD getOne 第 1 次 等待 3 秒
2024-04-22 00:36:56 查询号码 【1594801】，返回信息 {"status":"ok","msg":"吉林-长春","gid":"135147","time_insert":"2021-06-26 22:55"}
2024-04-22 00:36:56 查询号码 【1594801】，GSD为【"吉林-长春"】

2024-04-22 00:36:57 开始第 4899 次操作

2024-04-22 00:36:57 开始操作号码 【1594802】
2024-04-22 00:37:04 GSD getOne 第 1 次 等待 3 秒
2024-04-22 00:37:07 查询号码 【1594802】，返回信息 {"status":"ok","msg":"吉林-长春","gid":"135155","time_insert":"2021-06-26 22:56"}
2024-04-22 00:37:07 查询号码 【1594802】，GSD为【"吉林-长春"】

2024-04-22 00:37:08 开始第 4900 次操作

2024-04-22 00:37:08 开始操作号码 【1594803】
2024-04-22 00:37:14 GSD getOne 第 1 次 等待 3 秒
2024-04-22 00:37:17 查询号码 【1594803】，返回信息 {"status":"ok","msg":"吉林-长春","gid":"27285","time_insert":"2016-09-03 15:08","time_update":"2020-08-21 09:51"}
2024-04-22 00:37:17 查询号码 【1594803】，GSD为【"吉林-长春"】

