2024-10-04 00:16:18 开始第 8113 次操作

2024-10-04 00:16:19 开始操作号码 【1378112】
2024-10-04 00:16:23 GSD getOne 第 1 次 等待 3 秒
2024-10-04 00:16:26 查询号码 【1378112】，返回信息 {"status":"ok","msg":"河南-开封","gid":"355175","time_insert":"2021-07-22 12:34","time_update":"2021-07-24 23:11"}
2024-10-04 00:16:27 查询号码 【1378112】，GSD为【"河南-开封"】

2024-10-04 00:16:28 开始第 8114 次操作

2024-10-04 00:16:28 开始操作号码 【1378113】
2024-10-04 00:16:29 GSD getOne 第 1 次 等待 3 秒
2024-10-04 00:16:32 查询号码 【1378113】，返回信息 {"status":"ok","msg":"河南-开封","gid":"10661","time_insert":"2019-02-11 19:13","time_update":"2020-09-13 16:24"}
2024-10-04 00:16:32 查询号码 【1378113】，GSD为【"河南-开封"】

2024-10-04 00:16:33 开始第 8115 次操作

2024-10-04 00:16:33 开始操作号码 【1378114】
2024-10-04 00:16:37 GSD getOne 第 1 次 等待 3 秒
2024-10-04 00:16:40 查询号码 【1378114】，返回信息 {"status":"ok","msg":"河南-开封","gid":"355170","time_insert":"2021-07-22 12:32","time_update":"2021-07-24 23:43"}
2024-10-04 00:16:40 查询号码 【1378114】，GSD为【"河南-开封"】

2024-10-04 00:16:41 开始第 8116 次操作

2024-10-04 00:16:41 开始操作号码 【1378115】
2024-10-04 00:16:43 GSD getOne 第 1 次 等待 3 秒
2024-10-04 00:16:46 查询号码 【1378115】，返回信息 {"status":"ok","msg":"河南-开封","gid":"355165","time_insert":"2021-07-22 12:31","time_update":"2021-07-25 00:18"}
2024-10-04 00:16:46 查询号码 【1378115】，GSD为【"河南-开封"】

