2023-11-20 00:16:27 开始第 9669 次操作

2023-11-20 00:16:28 开始操作号码 【1919570】
2023-11-20 00:16:32 GSD getOne 第 1 次 等待 3 秒
2023-11-20 00:16:35 查询号码 【1919570】，返回信息 {"status":"ok","msg":"广西-南宁","gid":"435696","time_insert":"2021-07-29 17:51"}
2023-11-20 00:16:35 查询号码 【1919570】，GSD为【"广西-南宁"】

2023-11-20 00:16:36 开始第 9670 次操作

2023-11-20 00:16:36 开始操作号码 【1919571】
2023-11-20 00:16:40 GSD getOne 第 1 次 等待 3 秒
2023-11-20 00:16:43 查询号码 【1919571】，返回信息 {"status":"ok","msg":"广西-南宁","gid":"435685","time_insert":"2021-07-29 17:50"}
2023-11-20 00:16:43 查询号码 【1919571】，GSD为【"广西-南宁"】

2023-11-20 00:16:44 开始第 9671 次操作

2023-11-20 00:16:44 开始操作号码 【1919572】
2023-11-20 00:16:47 GSD getOne 第 1 次 等待 3 秒
2023-11-20 00:16:50 查询号码 【1919572】，返回信息 {"status":"ok","msg":"广西-南宁","gid":"435678","time_insert":"2021-07-29 17:50"}
2023-11-20 00:16:50 查询号码 【1919572】，GSD为【"广西-南宁"】

2023-11-20 00:16:51 开始第 9672 次操作

2023-11-20 00:16:51 开始操作号码 【1919573】
2023-11-20 00:17:18 GSD getOne 第 1 次 等待 3 秒
2023-11-20 00:17:21 查询号码 【1919573】，返回信息 {"status":"ok","msg":"广西-南宁","gid":"435673","time_insert":"2021-07-29 17:49"}
2023-11-20 00:17:21 查询号码 【1919573】，GSD为【"广西-南宁"】

2023-11-20 00:37:30 开始第 9673 次操作

2023-11-20 00:37:30 开始操作号码 【1919574】
2023-11-20 00:37:38 GSD getOne 第 1 次 等待 3 秒
2023-11-20 00:37:41 查询号码 【1919574】，返回信息 {"status":"ok","msg":"广西-南宁","gid":"435664","time_insert":"2021-07-29 17:49"}
2023-11-20 00:37:41 查询号码 【1919574】，GSD为【"广西-南宁"】

2023-11-20 00:37:42 开始第 9674 次操作

2023-11-20 00:37:42 开始操作号码 【1919575】
2023-11-20 00:37:47 GSD getOne 第 1 次 等待 3 秒
2023-11-20 00:37:50 查询号码 【1919575】，返回信息 {"status":"ok","msg":"广西-南宁","gid":"435651","time_insert":"2021-07-29 17:48"}
2023-11-20 00:37:50 查询号码 【1919575】，GSD为【"广西-南宁"】

2023-11-20 00:37:51 开始第 9675 次操作

2023-11-20 00:37:51 开始操作号码 【1919576】
2023-11-20 00:37:56 GSD getOne 第 1 次 等待 3 秒
2023-11-20 00:37:59 查询号码 【1919576】，返回信息 {"status":"ok","msg":"广西-南宁","gid":"435642","time_insert":"2021-07-29 17:47"}
2023-11-20 00:37:59 查询号码 【1919576】，GSD为【"广西-南宁"】

2023-11-20 00:38:00 开始第 9676 次操作

2023-11-20 00:38:00 开始操作号码 【1919577】
2023-11-20 00:38:03 GSD getOne 第 1 次 等待 3 秒
2023-11-20 00:38:06 查询号码 【1919577】，返回信息 {"status":"ok","msg":"广西-南宁","gid":"435632","time_insert":"2021-07-29 17:47"}
2023-11-20 00:38:06 查询号码 【1919577】，GSD为【"广西-南宁"】

2023-11-20 01:11:21 开始第 9677 次操作

2023-11-20 01:11:21 开始操作号码 【1919578】
2023-11-20 01:13:32 GSD getOne 第 1 次 等待 3 秒
2023-11-20 01:23:58 GSD getOne 第 2 次 等待 3 秒
2023-11-20 01:24:05 GSD getOne 第 3 次 等待 3 秒
2023-11-20 01:24:08 查询号码 【1919578】，返回信息 {"status":"ok","msg":"广西-南宁","gid":"435626","time_insert":"2021-07-29 17:46"}
2023-11-20 01:24:08 查询号码 【1919578】，GSD为【"广西-南宁"】

2023-11-20 01:24:09 开始第 9678 次操作

2023-11-20 01:24:09 开始操作号码 【1919579】
2023-11-20 01:24:12 GSD getOne 第 1 次 等待 3 秒
2023-11-20 01:24:15 查询号码 【1919579】，返回信息 {"status":"ok","msg":"广西-南宁","gid":"435617","time_insert":"2021-07-29 17:45"}
2023-11-20 01:24:15 查询号码 【1919579】，GSD为【"广西-南宁"】

2023-11-20 01:24:16 开始第 9679 次操作

2023-11-20 01:24:16 开始操作号码 【1919580】
2023-11-20 01:24:19 GSD getOne 第 1 次 等待 3 秒
2023-11-20 01:24:22 查询号码 【1919580】，返回信息 {"status":"ok","msg":"广西-南宁","gid":"435610","time_insert":"2021-07-29 17:45"}
2023-11-20 01:24:22 查询号码 【1919580】，GSD为【"广西-南宁"】

2023-11-20 01:24:23 开始第 9680 次操作

2023-11-20 01:24:23 开始操作号码 【1919581】
2023-11-20 01:24:26 GSD getOne 第 1 次 等待 3 秒
2023-11-20 01:24:29 查询号码 【1919581】，返回信息 {"status":"ok","msg":"广西-南宁","gid":"435601","time_insert":"2021-07-29 17:44"}
2023-11-20 01:24:29 查询号码 【1919581】，GSD为【"广西-南宁"】

2023-11-20 01:35:55 开始第 9681 次操作

2023-11-20 01:35:55 开始操作号码 【1919582】
2023-11-20 01:35:59 GSD getOne 第 1 次 等待 3 秒
2023-11-20 01:36:02 查询号码 【1919582】，返回信息 {"status":"ok","msg":"广西-南宁","gid":"435417","time_insert":"2021-07-29 17:08"}
2023-11-20 01:36:02 查询号码 【1919582】，GSD为【"广西-南宁"】

2023-11-20 01:36:03 开始第 9682 次操作

2023-11-20 01:36:03 开始操作号码 【1919583】
2023-11-20 01:36:06 GSD getOne 第 1 次 等待 3 秒
2023-11-20 01:36:09 查询号码 【1919583】，返回信息 {"status":"ok","msg":"广西-南宁","gid":"435409","time_insert":"2021-07-29 17:07"}
2023-11-20 01:36:09 查询号码 【1919583】，GSD为【"广西-南宁"】

2023-11-20 01:36:10 开始第 9683 次操作

2023-11-20 01:36:10 开始操作号码 【1919584】
2023-11-20 01:36:15 GSD getOne 第 1 次 等待 3 秒
2023-11-20 01:36:18 查询号码 【1919584】，返回信息 {"status":"ok","msg":"广西-南宁","gid":"435399","time_insert":"2021-07-29 17:07"}
2023-11-20 01:36:18 查询号码 【1919584】，GSD为【"广西-南宁"】

2023-11-20 01:36:19 开始第 9684 次操作

2023-11-20 01:36:19 开始操作号码 【1919585】
2023-11-20 01:36:23 GSD getOne 第 1 次 等待 3 秒
2023-11-20 01:36:26 查询号码 【1919585】，返回信息 {"status":"ok","msg":"广西-南宁","gid":"435391","time_insert":"2021-07-29 17:06"}
2023-11-20 01:36:26 查询号码 【1919585】，GSD为【"广西-南宁"】

2023-11-20 02:16:13 开始第 9685 次操作

2023-11-20 02:16:13 开始操作号码 【1919586】
2023-11-20 02:16:16 GSD getOne 第 1 次 等待 3 秒
2023-11-20 02:16:19 查询号码 【1919586】，返回信息 {"status":"ok","msg":"广西-南宁","gid":"435385","time_insert":"2021-07-29 17:05"}
2023-11-20 02:16:19 查询号码 【1919586】，GSD为【"广西-南宁"】

2023-11-20 02:16:20 开始第 9686 次操作

2023-11-20 02:16:20 开始操作号码 【1919587】
2023-11-20 02:16:23 GSD getOne 第 1 次 等待 3 秒
2023-11-20 02:16:26 查询号码 【1919587】，返回信息 {"status":"ok","msg":"广西-南宁","gid":"435376","time_insert":"2021-07-29 17:05"}
2023-11-20 02:16:26 查询号码 【1919587】，GSD为【"广西-南宁"】

2023-11-20 02:16:27 开始第 9687 次操作

2023-11-20 02:16:27 开始操作号码 【1919588】
2023-11-20 02:16:30 GSD getOne 第 1 次 等待 3 秒
2023-11-20 02:16:33 查询号码 【1919588】，返回信息 {"status":"ok","msg":"广西-南宁","gid":"435368","time_insert":"2021-07-29 17:04"}
2023-11-20 02:16:33 查询号码 【1919588】，GSD为【"广西-南宁"】

2023-11-20 02:16:34 开始第 9688 次操作

2023-11-20 02:16:34 开始操作号码 【1919589】
2023-11-20 02:16:37 GSD getOne 第 1 次 等待 3 秒
2023-11-20 02:16:40 查询号码 【1919589】，返回信息 {"status":"ok","msg":"广西-南宁","gid":"435363","time_insert":"2021-07-29 17:04"}
2023-11-20 02:16:40 查询号码 【1919589】，GSD为【"广西-南宁"】

