2024-02-23 00:17:28 开始第 5237 次操作

2024-02-23 00:17:28 开始操作号码 【1705139】
2024-02-23 00:17:33 GSD getOne 第 1 次 等待 3 秒
2024-02-23 00:17:36 查询号码 【1705139】，返回信息 {"status":"ok","msg":"广东-佛山","gid":"156871","time_insert":"2021-06-29 23:54"}
2024-02-23 00:17:36 查询号码 【1705139】，GSD为【"广东-佛山"】

2024-02-23 00:17:37 开始第 5238 次操作

2024-02-23 00:17:37 开始操作号码 【1705140】
2024-02-23 00:17:42 GSD getOne 第 1 次 等待 3 秒
2024-02-23 00:17:45 查询号码 【1705140】，返回信息 {"status":"ok","msg":"浙江-嘉兴","gid":"156876","time_insert":"2021-06-29 23:54"}
2024-02-23 00:17:45 查询号码 【1705140】，GSD为【"浙江-嘉兴"】

2024-02-23 00:17:46 开始第 5239 次操作

2024-02-23 00:17:46 开始操作号码 【1705141】
2024-02-23 00:17:53 GSD getOne 第 1 次 等待 3 秒
2024-02-23 00:17:56 查询号码 【1705141】，返回信息 {"status":"ok","msg":"浙江-绍兴","gid":"156882","time_insert":"2021-06-29 23:54"}
2024-02-23 00:17:56 查询号码 【1705141】，GSD为【"浙江-绍兴"】

2024-02-23 00:17:57 开始第 5240 次操作

2024-02-23 00:17:57 开始操作号码 【1705142】
2024-02-23 00:18:01 GSD getOne 第 1 次 等待 3 秒
2024-02-23 00:18:04 查询号码 【1705142】，返回信息 {"status":"ok","msg":"浙江-台州","gid":"156888","time_insert":"2021-06-29 23:55"}
2024-02-23 00:18:04 查询号码 【1705142】，GSD为【"浙江-台州"】

