2024-04-09 00:19:35 开始第 2701 次操作

2024-04-09 00:19:35 开始操作号码 【1592604】
2024-04-09 00:19:42 GSD getOne 第 1 次 等待 3 秒
2024-04-09 00:19:45 查询号码 【1592604】，返回信息 {"status":"ok","msg":"湖北-武汉","gid":"121494","time_insert":"2021-06-24 07:15"}
2024-04-09 00:19:45 查询号码 【1592604】，GSD为【"湖北-武汉"】

2024-04-09 00:19:46 开始第 2702 次操作

2024-04-09 00:19:46 开始操作号码 【1592605】
2024-04-09 00:19:51 GSD getOne 第 1 次 等待 3 秒
2024-04-09 00:19:54 查询号码 【1592605】，返回信息 {"status":"ok","msg":"湖北-武汉","gid":"121496","time_insert":"2021-06-24 07:16"}
2024-04-09 00:19:54 查询号码 【1592605】，GSD为【"湖北-武汉"】

2024-04-09 00:19:55 开始第 2703 次操作

2024-04-09 00:19:55 开始操作号码 【1592606】
2024-04-09 00:20:02 GSD getOne 第 1 次 等待 3 秒
2024-04-09 00:20:05 查询号码 【1592606】，返回信息 {"status":"ok","msg":"湖北-武汉","gid":"27008","time_insert":"2017-04-19 11:23","time_update":"2020-09-18 02:11"}
2024-04-09 00:20:05 查询号码 【1592606】，GSD为【"湖北-武汉"】

2024-04-09 00:20:06 开始第 2704 次操作

2024-04-09 00:20:06 开始操作号码 【1592607】
2024-04-09 00:20:11 GSD getOne 第 1 次 等待 3 秒
2024-04-09 00:20:14 查询号码 【1592607】，返回信息 {"status":"ok","msg":"湖北-武汉","gid":"121502","time_insert":"2021-06-24 07:19"}
2024-04-09 00:20:14 查询号码 【1592607】，GSD为【"湖北-武汉"】

