2024-05-11 00:18:54 开始第 8313 次操作

2024-05-11 00:18:54 开始操作号码 【1598216】
2024-05-11 00:19:01 GSD getOne 第 1 次 等待 3 秒
2024-05-11 00:19:04 查询号码 【1598216】，返回信息 {"status":"ok","msg":"四川-成都","gid":"27781","time_insert":"2017-06-19 15:40","time_update":"2020-10-26 18:26"}
2024-05-11 00:19:04 查询号码 【1598216】，GSD为【"四川-成都"】

2024-05-11 00:19:05 开始第 8314 次操作

2024-05-11 00:19:05 开始操作号码 【1598217】
2024-05-11 00:19:11 GSD getOne 第 1 次 等待 3 秒
2024-05-11 00:19:14 查询号码 【1598217】，返回信息 {"status":"ok","msg":"四川-成都","gid":"27782","time_insert":"2018-09-04 21:49","time_update":"2020-10-26 18:29"}
2024-05-11 00:19:14 查询号码 【1598217】，GSD为【"四川-成都"】

2024-05-11 00:19:15 开始第 8315 次操作

2024-05-11 00:19:15 开始操作号码 【1598218】
2024-05-11 00:19:20 GSD getOne 第 1 次 等待 3 秒
2024-05-11 00:19:23 查询号码 【1598218】，返回信息 {"status":"ok","msg":"四川-成都","gid":"27783","time_insert":"2019-02-26 11:15","time_update":"2020-10-26 18:33"}
2024-05-11 00:19:23 查询号码 【1598218】，GSD为【"四川-成都"】

2024-05-11 00:19:24 开始第 8316 次操作

2024-05-11 00:19:24 开始操作号码 【1598219】
2024-05-11 00:19:30 GSD getOne 第 1 次 等待 3 秒
2024-05-11 00:19:33 查询号码 【1598219】，返回信息 {"status":"ok","msg":"四川-成都","gid":"27784","time_insert":"2016-01-10 21:56","time_update":"2020-10-26 18:37"}
2024-05-11 00:19:33 查询号码 【1598219】，GSD为【"四川-成都"】

