2024-09-30 00:15:03 开始第 7413 次操作

2024-09-30 00:15:03 开始操作号码 【1377412】
2024-09-30 00:15:06 GSD getOne 第 1 次 等待 3 秒
2024-09-30 00:15:09 查询号码 【1377412】，返回信息 {"status":"ok","msg":"湖北-随州","gid":"360515","time_insert":"2021-07-23 01:05"}
2024-09-30 00:15:09 查询号码 【1377412】，GSD为【"湖北-随州"】

2024-09-30 00:15:10 开始第 7414 次操作

2024-09-30 00:15:10 开始操作号码 【1377413】
2024-09-30 00:15:12 GSD getOne 第 1 次 等待 3 秒
2024-09-30 00:15:15 查询号码 【1377413】，返回信息 {"status":"ok","msg":"湖北-随州","gid":"360373","time_insert":"2021-07-23 00:15"}
2024-09-30 00:15:15 查询号码 【1377413】，GSD为【"湖北-随州"】

2024-09-30 00:15:16 开始第 7415 次操作

2024-09-30 00:15:16 开始操作号码 【1377414】
2024-09-30 00:15:19 GSD getOne 第 1 次 等待 3 秒
2024-09-30 00:15:22 查询号码 【1377414】，返回信息 {"status":"ok","msg":"湖北-随州","gid":"10471","time_insert":"2017-04-19 11:23","time_update":"2020-09-15 18:44"}
2024-09-30 00:15:22 查询号码 【1377414】，GSD为【"湖北-随州"】

2024-09-30 00:15:23 开始第 7416 次操作

2024-09-30 00:15:23 开始操作号码 【1377415】
2024-09-30 00:15:25 GSD getOne 第 1 次 等待 3 秒
2024-09-30 00:15:28 查询号码 【1377415】，返回信息 {"status":"ok","msg":"湖北-襄阳","gid":"360366","time_insert":"2021-07-23 00:14"}
2024-09-30 00:15:28 查询号码 【1377415】，GSD为【"湖北-襄阳"】

