2023-10-06 00:18:33 开始第 1741 次操作

2023-10-06 00:18:33 开始操作号码 【1911740】
2023-10-06 00:18:36 GSD getOne 第 1 次 等待 3 秒
2023-10-06 00:18:39 查询号码 【1911740】，返回信息 {"status":"ok","msg":"广西-南宁","gid":"502941","time_insert":"2021-08-11 01:28"}
2023-10-06 00:18:39 查询号码 【1911740】，GSD为【"广西-南宁"】

2023-10-06 00:18:40 开始第 1742 次操作

2023-10-06 00:18:40 开始操作号码 【1911741】
2023-10-06 00:18:43 GSD getOne 第 1 次 等待 3 秒
2023-10-06 00:18:46 查询号码 【1911741】，返回信息 {"status":"ok","msg":"广西-南宁","gid":"502967","time_insert":"2021-08-11 01:46"}
2023-10-06 00:18:46 查询号码 【1911741】，GSD为【"广西-南宁"】

2023-10-06 00:18:47 开始第 1743 次操作

2023-10-06 00:18:47 开始操作号码 【1911742】
2023-10-06 00:19:05 GSD getOne 第 1 次 等待 3 秒
2023-10-06 00:19:08 查询号码 【1911742】，返回信息 {"status":"ok","msg":"广西-南宁","gid":"502991","time_insert":"2021-08-11 02:05"}
2023-10-06 00:19:08 查询号码 【1911742】，GSD为【"广西-南宁"】

2023-10-06 00:19:09 开始第 1744 次操作

2023-10-06 00:19:09 开始操作号码 【1911743】
2023-10-06 00:19:14 GSD getOne 第 1 次 等待 3 秒
2023-10-06 00:19:17 查询号码 【1911743】，返回信息 {"status":"ok","msg":"广西-南宁","gid":"503016","time_insert":"2021-08-11 02:21"}
2023-10-06 00:19:18 查询号码 【1911743】，GSD为【"广西-南宁"】

2023-10-06 00:40:25 开始第 1745 次操作

2023-10-06 00:40:25 开始操作号码 【1911744】
2023-10-06 00:40:29 GSD getOne 第 1 次 等待 3 秒
2023-10-06 00:40:32 查询号码 【1911744】，返回信息 {"status":"ok","msg":"广西-南宁","gid":"503040","time_insert":"2021-08-11 02:38"}
2023-10-06 00:40:32 查询号码 【1911744】，GSD为【"广西-南宁"】

2023-10-06 00:40:33 开始第 1746 次操作

2023-10-06 00:40:33 开始操作号码 【1911745】
2023-10-06 00:40:36 GSD getOne 第 1 次 等待 3 秒
2023-10-06 00:40:39 查询号码 【1911745】，返回信息 {"status":"ok","msg":"广西-南宁","gid":"503067","time_insert":"2021-08-11 02:57"}
2023-10-06 00:40:39 查询号码 【1911745】，GSD为【"广西-南宁"】

2023-10-06 00:40:40 开始第 1747 次操作

2023-10-06 00:40:40 开始操作号码 【1911746】
2023-10-06 00:40:47 GSD getOne 第 1 次 等待 3 秒
2023-10-06 00:40:50 查询号码 【1911746】，返回信息 {"status":"ok","msg":"广西-南宁","gid":"503090","time_insert":"2021-08-11 03:15"}
2023-10-06 00:40:50 查询号码 【1911746】，GSD为【"广西-南宁"】

2023-10-06 00:40:51 开始第 1748 次操作

2023-10-06 00:40:51 开始操作号码 【1911747】
2023-10-06 00:40:54 GSD getOne 第 1 次 等待 3 秒
2023-10-06 00:40:57 查询号码 【1911747】，返回信息 {"status":"ok","msg":"广西-南宁","gid":"503115","time_insert":"2021-08-11 03:32"}
2023-10-06 00:40:57 查询号码 【1911747】，GSD为【"广西-南宁"】

