2024-06-16 00:19:05 开始第 933 次操作

2024-06-16 00:19:05 开始操作号码 【1480837】
2024-06-16 00:19:11 GSD getOne 第 1 次 等待 3 秒
2024-06-16 00:19:14 查询号码 【1480837】，返回信息 {"status":"ok","msg":"浙江-杭州","gid":"135659","time_insert":"2021-06-27 00:58"}
2024-06-16 00:19:14 查询号码 【1480837】，GSD为【"浙江-杭州"】

2024-06-16 00:19:15 开始第 934 次操作

2024-06-16 00:19:15 开始操作号码 【1480838】
2024-06-16 00:19:20 GSD getOne 第 1 次 等待 3 秒
2024-06-16 00:19:23 查询号码 【1480838】，返回信息 {"status":"ok","msg":"浙江-杭州","gid":"135671","time_insert":"2021-06-27 01:03"}
2024-06-16 00:19:23 查询号码 【1480838】，GSD为【"浙江-杭州"】

2024-06-16 00:19:24 开始第 935 次操作

2024-06-16 00:19:24 开始操作号码 【1480839】
2024-06-16 00:19:33 GSD getOne 第 1 次 等待 3 秒
2024-06-16 00:19:36 查询号码 【1480839】，返回信息 {"status":"ok","msg":"浙江-杭州","gid":"135674","time_insert":"2021-06-27 01:07"}
2024-06-16 00:19:36 查询号码 【1480839】，GSD为【"浙江-杭州"】

2024-06-16 00:19:37 开始第 936 次操作

2024-06-16 00:19:37 开始操作号码 【1480840】
2024-06-16 00:19:42 GSD getOne 第 1 次 等待 3 秒
2024-06-16 00:19:45 查询号码 【1480840】，返回信息 {"status":"ok","msg":"浙江-杭州","gid":"135680","time_insert":"2021-06-27 01:10"}
2024-06-16 00:19:45 查询号码 【1480840】，GSD为【"浙江-杭州"】

