2024-10-14 00:14:22 开始第 9861 次操作

2024-10-14 00:14:22 开始操作号码 【1379860】
2024-10-14 00:14:24 GSD getOne 第 1 次 等待 3 秒
2024-10-14 00:14:27 查询号码 【1379860】，返回信息 {"status":"ok","msg":"广东-佛山","gid":"61625","time_insert":"2021-05-18 14:28"}
2024-10-14 00:14:27 查询号码 【1379860】，GSD为【"广东-佛山"】

2024-10-14 00:14:28 开始第 9862 次操作

2024-10-14 00:14:28 开始操作号码 【1379861】
2024-10-14 00:14:30 GSD getOne 第 1 次 等待 3 秒
2024-10-14 00:14:33 查询号码 【1379861】，返回信息 {"status":"ok","msg":"广东-佛山","gid":"61626","time_insert":"2021-05-18 14:28"}
2024-10-14 00:14:33 查询号码 【1379861】，GSD为【"广东-佛山"】

2024-10-14 00:14:34 开始第 9863 次操作

2024-10-14 00:14:34 开始操作号码 【1379862】
2024-10-14 00:14:37 GSD getOne 第 1 次 等待 3 秒
2024-10-14 00:14:40 查询号码 【1379862】，返回信息 {"status":"ok","msg":"广东-佛山","gid":"61628","time_insert":"2021-05-18 14:29"}
2024-10-14 00:14:40 查询号码 【1379862】，GSD为【"广东-佛山"】

2024-10-14 00:14:41 开始第 9864 次操作

2024-10-14 00:14:41 开始操作号码 【1379863】
2024-10-14 00:14:43 GSD getOne 第 1 次 等待 3 秒
2024-10-14 00:14:46 查询号码 【1379863】，返回信息 {"status":"ok","msg":"广东-佛山","gid":"61629","time_insert":"2021-05-18 14:29"}
2024-10-14 00:14:46 查询号码 【1379863】，GSD为【"广东-佛山"】

