2023-10-29 00:15:33 开始第 5721 次操作

2023-10-29 00:15:33 开始操作号码 【1915623】
2023-10-29 00:15:38 GSD getOne 第 1 次 等待 3 秒
2023-10-29 00:15:41 查询号码 【1915623】，返回信息 {"status":"ok","msg":"安徽-铜陵","gid":"483140","time_insert":"2021-08-02 21:08"}
2023-10-29 00:15:41 查询号码 【1915623】，GSD为【"安徽-铜陵"】

2023-10-29 00:15:42 开始第 5722 次操作

2023-10-29 00:15:42 开始操作号码 【1915624】
2023-10-29 00:15:48 GSD getOne 第 1 次 等待 3 秒
2023-10-29 00:15:51 查询号码 【1915624】，返回信息 {"status":"ok","msg":"安徽-铜陵","gid":"483129","time_insert":"2021-08-02 21:07"}
2023-10-29 00:15:51 查询号码 【1915624】，GSD为【"安徽-铜陵"】

2023-10-29 00:15:52 开始第 5723 次操作

2023-10-29 00:15:52 开始操作号码 【1915625】
2023-10-29 00:15:58 GSD getOne 第 1 次 等待 3 秒
2023-10-29 00:16:01 查询号码 【1915625】，返回信息 {"status":"ok","msg":"安徽-宣城","gid":"483113","time_insert":"2021-08-02 21:06"}
2023-10-29 00:16:01 查询号码 【1915625】，GSD为【"安徽-宣城"】

2023-10-29 00:16:02 开始第 5724 次操作

2023-10-29 00:16:02 开始操作号码 【1915626】
2023-10-29 00:16:17 GSD getOne 第 1 次 等待 3 秒
2023-10-29 00:16:20 查询号码 【1915626】，返回信息 {"status":"ok","msg":"安徽-宣城","gid":"483102","time_insert":"2021-08-02 21:05"}
2023-10-29 00:16:20 查询号码 【1915626】，GSD为【"安徽-宣城"】

2023-10-29 00:36:46 开始第 5725 次操作

2023-10-29 00:36:46 开始操作号码 【1915627】
2023-10-29 00:36:50 GSD getOne 第 1 次 等待 3 秒
2023-10-29 00:36:53 查询号码 【1915627】，返回信息 {"status":"ok","msg":"安徽-宣城","gid":"483087","time_insert":"2021-08-02 21:04"}
2023-10-29 00:36:53 查询号码 【1915627】，GSD为【"安徽-宣城"】

2023-10-29 00:36:54 开始第 5726 次操作

2023-10-29 00:36:54 开始操作号码 【1915628】
2023-10-29 00:36:57 GSD getOne 第 1 次 等待 3 秒
2023-10-29 00:37:00 查询号码 【1915628】，返回信息 {"status":"ok","msg":"安徽-铜陵","gid":"483076","time_insert":"2021-08-02 21:03","time_update":"2021-08-11 20:41"}
2023-10-29 00:37:00 查询号码 【1915628】，GSD为【"安徽-铜陵"】

2023-10-29 00:37:01 开始第 5727 次操作

2023-10-29 00:37:01 开始操作号码 【1915629】
2023-10-29 00:37:04 GSD getOne 第 1 次 等待 3 秒
2023-10-29 00:37:07 查询号码 【1915629】，返回信息 {"status":"ok","msg":"安徽-铜陵","gid":"483065","time_insert":"2021-08-02 21:02"}
2023-10-29 00:37:07 查询号码 【1915629】，GSD为【"安徽-铜陵"】

2023-10-29 00:37:08 开始第 5728 次操作

2023-10-29 00:37:08 开始操作号码 【1915630】
2023-10-29 00:37:12 GSD getOne 第 1 次 等待 3 秒
2023-10-29 00:37:15 查询号码 【1915630】，返回信息 {"status":"ok","msg":"安徽-宣城","gid":"482948","time_insert":"2021-08-02 20:08"}
2023-10-29 00:37:15 查询号码 【1915630】，GSD为【"安徽-宣城"】

2023-10-29 01:10:52 开始第 5729 次操作

2023-10-29 01:10:52 开始操作号码 【1915631】
2023-10-29 01:10:57 GSD getOne 第 1 次 等待 3 秒
2023-10-29 01:11:00 查询号码 【1915631】，返回信息 {"status":"ok","msg":"安徽-宣城","gid":"482946","time_insert":"2021-08-02 20:07"}
2023-10-29 01:11:00 查询号码 【1915631】，GSD为【"安徽-宣城"】

2023-10-29 01:11:01 开始第 5730 次操作

2023-10-29 01:11:01 开始操作号码 【1915632】
2023-10-29 01:11:08 GSD getOne 第 1 次 等待 3 秒
2023-10-29 01:11:11 查询号码 【1915632】，返回信息 {"status":"ok","msg":"安徽-宣城","gid":"482942","time_insert":"2021-08-02 20:06"}
2023-10-29 01:11:11 查询号码 【1915632】，GSD为【"安徽-宣城"】

2023-10-29 01:11:12 开始第 5731 次操作

2023-10-29 01:11:12 开始操作号码 【1915633】
2023-10-29 01:11:16 GSD getOne 第 1 次 等待 3 秒
2023-10-29 01:11:19 查询号码 【1915633】，返回信息 {"status":"ok","msg":"安徽-宣城","gid":"482940","time_insert":"2021-08-02 20:06"}
2023-10-29 01:11:19 查询号码 【1915633】，GSD为【"安徽-宣城"】

2023-10-29 01:11:20 开始第 5732 次操作

2023-10-29 01:11:20 开始操作号码 【1915634】
2023-10-29 01:11:24 GSD getOne 第 1 次 等待 3 秒
2023-10-29 01:11:27 查询号码 【1915634】，返回信息 {"status":"ok","msg":"安徽-宣城","gid":"482935","time_insert":"2021-08-02 20:05"}
2023-10-29 01:11:27 查询号码 【1915634】，GSD为【"安徽-宣城"】

