2021-07-23 00:00:37 开始第 23 次操作

2021-07-23 00:00:37 开始操作号码 【1509529】
2021-07-23 00:00:46 GSD getOne 第 1 次 等待 3 秒
2021-07-23 00:00:49 查询号码 【1509529】，返回信息 {"status":"bad","msg":""}
2021-07-23 00:00:49 查询号码 【1509529】，GSD为【""】
2021-07-23 00:00:49 bad
2021-07-23 00:00:51 CHB 1509529?1626969649 第 1 次 等待 3 秒
2021-07-23 00:00:54 CHB 1509529?1626969649 第 1 次 获取到号码【1509529】GSD
2021-07-23 00:00:54 获取到号码【1509529】的GSD为【山东-潍坊】
2021-07-23 00:00:59 GSD insert 第 1 次 等待 3 秒
2021-07-23 00:01:02 {"status":"ok","gid":360194,"msg":"添加成功！"}
2021-07-23 00:01:02 下次操作: 2021-07-23 00:01:26

2021-07-23 00:01:27 开始第 24 次操作

2021-07-23 00:01:27 开始操作号码 【1509528】
2021-07-23 00:01:32 GSD getOne 第 1 次 等待 3 秒
2021-07-23 00:01:35 查询号码 【1509528】，返回信息 {"status":"bad","msg":""}
2021-07-23 00:01:35 查询号码 【1509528】，GSD为【""】
2021-07-23 00:01:35 bad
2021-07-23 00:01:37 CHB 1509528?1626969695 第 1 次 等待 3 秒
2021-07-23 00:01:40 CHB 1509528?1626969695 第 1 次 获取到号码【1509528】GSD
2021-07-23 00:01:40 获取到号码【1509528】的GSD为【山东-潍坊】
2021-07-23 00:01:43 GSD insert 第 1 次 等待 3 秒
2021-07-23 00:01:46 {"status":"ok","gid":360204,"msg":"添加成功！"}
2021-07-23 00:01:46 下次操作: 2021-07-23 00:02:10

2021-07-23 00:02:10 开始第 25 次操作

2021-07-23 00:02:10 开始操作号码 【1509527】
2021-07-23 00:02:13 GSD getOne 第 1 次 等待 3 秒
2021-07-23 00:02:16 查询号码 【1509527】，返回信息 {"status":"bad","msg":""}
2021-07-23 00:02:16 查询号码 【1509527】，GSD为【""】
2021-07-23 00:02:16 bad
2021-07-23 00:02:18 CHB 1509527?1626969736 第 1 次 等待 3 秒
2021-07-23 00:02:21 CHB 1509527?1626969736 第 1 次 获取到号码【1509527】GSD
2021-07-23 00:02:21 获取到号码【1509527】的GSD为【山东-潍坊】
2021-07-23 00:02:24 GSD insert 第 1 次 等待 3 秒
2021-07-23 00:02:27 {"status":"ok","gid":360213,"msg":"添加成功！"}
2021-07-23 00:02:27 下次操作: 2021-07-23 00:02:39

2021-07-23 00:02:39 开始第 26 次操作

2021-07-23 00:02:39 开始操作号码 【1509526】
2021-07-23 00:02:43 GSD getOne 第 1 次 等待 3 秒
2021-07-23 00:02:46 查询号码 【1509526】，返回信息 {"status":"bad","msg":""}
2021-07-23 00:02:46 查询号码 【1509526】，GSD为【""】
2021-07-23 00:02:46 bad
2021-07-23 00:02:48 CHB 1509526?1626969766 第 1 次 等待 3 秒
2021-07-23 00:02:51 CHB 1509526?1626969766 第 1 次 获取到号码【1509526】GSD
2021-07-23 00:02:51 获取到号码【1509526】的GSD为【山东-潍坊】
2021-07-23 00:02:53 GSD insert 第 1 次 等待 3 秒
2021-07-23 00:02:56 {"status":"ok","gid":360219,"msg":"添加成功！"}
2021-07-23 00:02:56 下次操作: 2021-07-23 00:03:08

2021-07-23 00:03:08 开始第 27 次操作

2021-07-23 00:03:08 开始操作号码 【1509525】
2021-07-23 00:03:11 GSD getOne 第 1 次 等待 3 秒
2021-07-23 00:03:14 查询号码 【1509525】，返回信息 {"status":"bad","msg":""}
2021-07-23 00:03:14 查询号码 【1509525】，GSD为【""】
2021-07-23 00:03:14 bad
2021-07-23 00:03:16 CHB 1509525?1626969794 第 1 次 等待 3 秒
2021-07-23 00:03:19 CHB 1509525?1626969794 第 1 次 获取到号码【1509525】GSD
2021-07-23 00:03:19 获取到号码【1509525】的GSD为【山东-潍坊】
2021-07-23 00:03:23 GSD insert 第 1 次 等待 3 秒
2021-07-23 00:03:26 {"status":"ok","gid":360224,"msg":"添加成功！"}
2021-07-23 00:03:26 下次操作: 2021-07-23 00:03:47

2021-07-23 00:03:47 开始第 28 次操作

2021-07-23 00:03:47 开始操作号码 【1509524】
2021-07-23 00:03:49 GSD getOne 第 1 次 等待 3 秒
2021-07-23 00:03:52 查询号码 【1509524】，返回信息 {"status":"ok","msg":"山东-潍坊","gid":"16426","time_insert":"2017-01-04 16:11","time_update":"2020-09-10 04:39"}
2021-07-23 00:03:53 查询号码 【1509524】，GSD为【"山东-潍坊"】

2021-07-23 00:03:53 开始第 28 次操作

2021-07-23 00:03:53 开始操作号码 【1509523】
2021-07-23 00:03:57 GSD getOne 第 1 次 等待 3 秒
2021-07-23 00:04:00 查询号码 【1509523】，返回信息 {"status":"bad","msg":""}
2021-07-23 00:04:00 查询号码 【1509523】，GSD为【""】
2021-07-23 00:04:00 bad
2021-07-23 00:04:02 CHB 1509523?1626969840 第 1 次 等待 3 秒
2021-07-23 00:04:05 CHB 1509523?1626969840 第 1 次 获取到号码【1509523】GSD
2021-07-23 00:04:05 获取到号码【1509523】的GSD为【山东-潍坊】
2021-07-23 00:04:14 GSD insert 第 1 次 等待 3 秒
2021-07-23 00:04:17 {"status":"ok","gid":360236,"msg":"添加成功！"}
2021-07-23 00:04:17 下次操作: 2021-07-23 00:04:41

2021-07-23 00:04:41 开始第 29 次操作

2021-07-23 00:04:41 开始操作号码 【1509522】
2021-07-23 00:04:45 GSD getOne 第 1 次 等待 3 秒
2021-07-23 00:04:48 查询号码 【1509522】，返回信息 {"status":"bad","msg":""}
2021-07-23 00:04:48 查询号码 【1509522】，GSD为【""】
2021-07-23 00:04:48 bad
2021-07-23 00:04:50 CHB 1509522?1626969888 第 1 次 等待 3 秒
2021-07-23 00:04:53 CHB 1509522?1626969888 第 1 次 获取到号码【1509522】GSD
2021-07-23 00:04:53 获取到号码【1509522】的GSD为【山东-潍坊】
2021-07-23 00:04:55 GSD insert 第 1 次 等待 3 秒
2021-07-23 00:04:58 {"status":"ok","gid":360246,"msg":"添加成功！"}
2021-07-23 00:04:58 下次操作: 2021-07-23 00:05:13

2021-07-23 00:05:13 开始第 30 次操作

2021-07-23 00:05:13 开始操作号码 【1509521】
2021-07-23 00:05:16 GSD getOne 第 1 次 等待 3 秒
2021-07-23 00:05:19 查询号码 【1509521】，返回信息 {"status":"bad","msg":""}
2021-07-23 00:05:19 查询号码 【1509521】，GSD为【""】
2021-07-23 00:05:19 bad
2021-07-23 00:05:24 CHB 1509521?1626969919 第 1 次 等待 3 秒
2021-07-23 00:05:27 CHB 1509521?1626969919 第 1 次 获取到号码【1509521】GSD
2021-07-23 00:05:27 获取到号码【1509521】的GSD为【山东-潍坊】
2021-07-23 00:05:32 GSD insert 第 1 次 等待 3 秒
2021-07-23 00:05:35 {"status":"ok","gid":360252,"msg":"添加成功！"}
2021-07-23 00:05:35 下次操作: 2021-07-23 00:05:51

2021-07-23 00:05:51 开始第 31 次操作

2021-07-23 00:05:51 开始操作号码 【1509520】
2021-07-23 00:05:56 GSD getOne 第 1 次 等待 3 秒
2021-07-23 00:05:59 查询号码 【1509520】，返回信息 {"status":"bad","msg":""}
2021-07-23 00:05:59 查询号码 【1509520】，GSD为【""】
2021-07-23 00:05:59 bad
2021-07-23 00:06:00 CHB 1509520?1626969959 第 1 次 等待 3 秒
2021-07-23 00:06:03 CHB 1509520?1626969959 第 1 次 获取到号码【1509520】GSD
2021-07-23 00:06:04 未获取到号码【1509520】GSD，查号吧 400 错误
2021-07-23 00:06:04 获取到号码【1509520】的GSD为【-】
2021-07-23 00:06:06 GSD insert 第 1 次 等待 3 秒
2021-07-23 00:06:09 {"status":"ok","gid":360260,"msg":"添加成功！"}
2021-07-23 00:06:09 下次操作: 2021-07-23 00:06:28

2021-07-23 00:06:28 开始第 32 次操作

2021-07-23 00:06:28 开始操作号码 【1509519】
2021-07-23 00:06:31 GSD getOne 第 1 次 等待 3 秒
2021-07-23 00:06:34 查询号码 【1509519】，返回信息 {"status":"ok","msg":"山东-潍坊","gid":"51050","time_insert":"2021-04-22 09:06"}
2021-07-23 00:06:34 查询号码 【1509519】，GSD为【"山东-潍坊"】

2021-07-23 00:06:34 开始第 32 次操作

2021-07-23 00:06:34 开始操作号码 【1509518】
2021-07-23 00:06:40 GSD getOne 第 1 次 等待 3 秒
2021-07-23 00:06:43 查询号码 【1509518】，返回信息 {"status":"bad","msg":""}
2021-07-23 00:06:44 查询号码 【1509518】，GSD为【""】
2021-07-23 00:06:44 bad
2021-07-23 00:06:45 CHB 1509518?1626970004 第 1 次 等待 3 秒
2021-07-23 00:06:48 CHB 1509518?1626970004 第 1 次 获取到号码【1509518】GSD
2021-07-23 00:06:48 获取到号码【1509518】的GSD为【山东-潍坊】
2021-07-23 00:06:51 GSD insert 第 1 次 等待 3 秒
2021-07-23 00:06:54 {"status":"ok","gid":360270,"msg":"添加成功！"}
2021-07-23 00:06:54 下次操作: 2021-07-23 00:07:09

2021-07-23 00:07:09 开始第 33 次操作

2021-07-23 00:07:09 开始操作号码 【1509517】
2021-07-23 00:07:12 GSD getOne 第 1 次 等待 3 秒
2021-07-23 00:07:15 查询号码 【1509517】，返回信息 {"status":"bad","msg":""}
2021-07-23 00:07:15 查询号码 【1509517】，GSD为【""】
2021-07-23 00:07:15 bad
2021-07-23 00:07:16 CHB 1509517?1626970035 第 1 次 等待 3 秒
2021-07-23 00:07:19 CHB 1509517?1626970035 第 1 次 获取到号码【1509517】GSD
2021-07-23 00:07:19 获取到号码【1509517】的GSD为【山东-潍坊】
2021-07-23 00:07:22 GSD insert 第 1 次 等待 3 秒
2021-07-23 00:07:25 {"status":"ok","gid":360279,"msg":"添加成功！"}
2021-07-23 00:07:25 下次操作: 2021-07-23 00:07:42

2021-07-23 00:07:42 开始第 34 次操作

2021-07-23 00:07:42 开始操作号码 【1509516】
2021-07-23 00:07:45 GSD getOne 第 1 次 等待 3 秒
2021-07-23 00:07:48 查询号码 【1509516】，返回信息 {"status":"ok","msg":"山东-潍坊","gid":"16425","time_insert":"2017-08-17 11:56","time_update":"2020-09-10 03:53"}
2021-07-23 00:07:48 查询号码 【1509516】，GSD为【"山东-潍坊"】

2021-07-23 00:07:48 开始第 34 次操作

2021-07-23 00:07:48 开始操作号码 【1509515】
2021-07-23 00:07:50 GSD getOne 第 1 次 等待 3 秒
2021-07-23 00:07:53 查询号码 【1509515】，返回信息 {"status":"bad","msg":""}
2021-07-23 00:07:53 查询号码 【1509515】，GSD为【""】
2021-07-23 00:07:53 bad
2021-07-23 00:07:55 CHB 1509515?1626970073 第 1 次 等待 3 秒
2021-07-23 00:07:58 CHB 1509515?1626970073 第 1 次 获取到号码【1509515】GSD
2021-07-23 00:07:58 获取到号码【1509515】的GSD为【山东-潍坊】
2021-07-23 00:08:01 GSD insert 第 1 次 等待 3 秒
2021-07-23 00:08:04 {"status":"ok","gid":360287,"msg":"添加成功！"}
2021-07-23 00:08:04 下次操作: 2021-07-23 00:08:20

2021-07-23 00:08:20 开始第 35 次操作

2021-07-23 00:08:20 开始操作号码 【1509514】
2021-07-23 00:08:26 GSD getOne 第 1 次 等待 3 秒
2021-07-23 00:08:29 查询号码 【1509514】，返回信息 {"status":"bad","msg":""}
2021-07-23 00:08:29 查询号码 【1509514】，GSD为【""】
2021-07-23 00:08:29 bad
2021-07-23 00:08:31 CHB 1509514?1626970109 第 1 次 等待 3 秒
2021-07-23 00:08:34 CHB 1509514?1626970109 第 1 次 获取到号码【1509514】GSD
2021-07-23 00:08:34 获取到号码【1509514】的GSD为【山东-潍坊】
2021-07-23 00:08:37 GSD insert 第 1 次 等待 3 秒
2021-07-23 00:08:40 {"status":"ok","gid":360295,"msg":"添加成功！"}
2021-07-23 00:08:40 下次操作: 2021-07-23 00:08:55

2021-07-23 00:08:55 开始第 36 次操作

2021-07-23 00:08:55 开始操作号码 【1509513】
2021-07-23 00:09:00 GSD getOne 第 1 次 等待 3 秒
2021-07-23 00:09:03 查询号码 【1509513】，返回信息 {"status":"bad","msg":""}
2021-07-23 00:09:03 查询号码 【1509513】，GSD为【""】
2021-07-23 00:09:03 bad
2021-07-23 00:09:05 CHB 1509513?1626970143 第 1 次 等待 3 秒
2021-07-23 00:09:08 CHB 1509513?1626970143 第 1 次 获取到号码【1509513】GSD
2021-07-23 00:09:08 获取到号码【1509513】的GSD为【山东-潍坊】
2021-07-23 00:09:11 GSD insert 第 1 次 等待 3 秒
2021-07-23 00:09:14 {"status":"ok","gid":360303,"msg":"添加成功！"}
2021-07-23 00:09:14 下次操作: 2021-07-23 00:09:36

2021-07-23 00:09:36 开始第 37 次操作

2021-07-23 00:09:36 开始操作号码 【1509512】
2021-07-23 00:09:39 GSD getOne 第 1 次 等待 3 秒
2021-07-23 00:09:42 查询号码 【1509512】，返回信息 {"status":"bad","msg":""}
2021-07-23 00:09:42 查询号码 【1509512】，GSD为【""】
2021-07-23 00:09:42 bad
2021-07-23 00:09:43 CHB 1509512?1626970182 第 1 次 等待 3 秒
2021-07-23 00:09:46 CHB 1509512?1626970182 第 1 次 获取到号码【1509512】GSD
2021-07-23 00:09:46 获取到号码【1509512】的GSD为【山东-潍坊】
2021-07-23 00:09:49 GSD insert 第 1 次 等待 3 秒
2021-07-23 00:09:52 {"status":"ok","gid":360311,"msg":"添加成功！"}
2021-07-23 00:09:52 下次操作: 2021-07-23 00:10:07

2021-07-23 00:10:07 开始第 38 次操作

2021-07-23 00:10:07 开始操作号码 【1509511】
2021-07-23 00:10:10 GSD getOne 第 1 次 等待 3 秒
2021-07-23 00:10:13 查询号码 【1509511】，返回信息 {"status":"bad","msg":""}
2021-07-23 00:10:13 查询号码 【1509511】，GSD为【""】
2021-07-23 00:10:13 bad
2021-07-23 00:10:15 CHB 1509511?1626970213 第 1 次 等待 3 秒
2021-07-23 00:10:18 CHB 1509511?1626970213 第 1 次 获取到号码【1509511】GSD
2021-07-23 00:10:18 获取到号码【1509511】的GSD为【山东-潍坊】
2021-07-23 00:10:23 GSD insert 第 1 次 等待 3 秒
2021-07-23 00:10:26 {"status":"ok","gid":360317,"msg":"添加成功！"}
2021-07-23 00:10:26 下次操作: 2021-07-23 00:10:41

2021-07-23 00:10:41 开始第 39 次操作

2021-07-23 00:10:41 开始操作号码 【1509510】
2021-07-23 00:10:47 GSD getOne 第 1 次 等待 3 秒
2021-07-23 00:10:50 查询号码 【1509510】，返回信息 {"status":"ok","msg":"山东-潍坊","gid":"16424","time_insert":"2018-07-02 04:00","time_update":"2020-09-10 03:49"}
2021-07-23 00:10:50 查询号码 【1509510】，GSD为【"山东-潍坊"】

2021-07-23 00:10:50 开始第 39 次操作

2021-07-23 00:10:50 开始操作号码 【1509509】
2021-07-23 00:10:56 GSD getOne 第 1 次 等待 3 秒
2021-07-23 00:10:59 查询号码 【1509509】，返回信息 {"status":"bad","msg":""}
2021-07-23 00:10:59 查询号码 【1509509】，GSD为【""】
2021-07-23 00:10:59 bad
2021-07-23 00:11:01 CHB 1509509?1626970259 第 1 次 等待 3 秒
2021-07-23 00:11:04 CHB 1509509?1626970259 第 1 次 获取到号码【1509509】GSD
2021-07-23 00:11:04 获取到号码【1509509】的GSD为【山东-潍坊】
2021-07-23 00:11:07 GSD insert 第 1 次 等待 3 秒
2021-07-23 00:11:10 {"status":"ok","gid":360328,"msg":"添加成功！"}
2021-07-23 00:11:10 下次操作: 2021-07-23 00:11:28

2021-07-23 00:11:28 开始第 40 次操作

2021-07-23 00:11:28 开始操作号码 【1509508】
2021-07-23 00:11:31 GSD getOne 第 1 次 等待 3 秒
2021-07-23 00:11:34 查询号码 【1509508】，返回信息 {"status":"bad","msg":""}
2021-07-23 00:11:34 查询号码 【1509508】，GSD为【""】
2021-07-23 00:11:34 bad
2021-07-23 00:11:36 CHB 1509508?1626970294 第 1 次 等待 3 秒
2021-07-23 00:11:39 CHB 1509508?1626970294 第 1 次 获取到号码【1509508】GSD
2021-07-23 00:11:39 获取到号码【1509508】的GSD为【山东-聊城】
2021-07-23 00:11:44 GSD insert 第 1 次 等待 3 秒
2021-07-23 00:11:47 {"status":"ok","gid":360334,"msg":"添加成功！"}

