2024-08-21 00:13:52 开始第 289 次操作

2024-08-21 00:13:52 开始操作号码 【1370288】
2024-08-21 00:14:03 GSD getOne 第 1 次 等待 3 秒
2024-08-21 00:14:06 查询号码 【1370288】，返回信息 {"status":"ok","msg":"广东-湛江","gid":"60655","time_insert":"2021-05-17 13:32"}
2024-08-21 00:14:06 查询号码 【1370288】，GSD为【"广东-湛江"】

2024-08-21 00:14:07 开始第 290 次操作

2024-08-21 00:14:07 开始操作号码 【1370289】
2024-08-21 00:14:16 GSD getOne 第 1 次 等待 3 秒
2024-08-21 00:14:19 查询号码 【1370289】，返回信息 {"status":"ok","msg":"广东-茂名","gid":"60666","time_insert":"2021-05-17 13:48"}
2024-08-21 00:14:19 查询号码 【1370289】，GSD为【"广东-茂名"】

2024-08-21 00:14:20 开始第 291 次操作

2024-08-21 00:14:20 开始操作号码 【1370290】
2024-08-21 00:14:28 GSD getOne 第 1 次 等待 3 秒
2024-08-21 00:14:31 查询号码 【1370290】，返回信息 {"status":"ok","msg":"广东-佛山","gid":"60674","time_insert":"2021-05-17 13:56"}
2024-08-21 00:14:31 查询号码 【1370290】，GSD为【"广东-佛山"】

2024-08-21 00:14:32 开始第 292 次操作

2024-08-21 00:14:32 开始操作号码 【1370291】
2024-08-21 00:14:40 GSD getOne 第 1 次 等待 3 秒
2024-08-21 00:14:43 查询号码 【1370291】，返回信息 {"status":"ok","msg":"广东-佛山","gid":"60695","time_insert":"2021-05-17 14:22"}
2024-08-21 00:14:43 查询号码 【1370291】，GSD为【"广东-佛山"】

2024-08-21 00:38:37 开始第 293 次操作

2024-08-21 00:38:37 开始操作号码 【1370292】
2024-08-21 00:39:01 GSD getOne 第 1 次 等待 3 秒
2024-08-21 00:39:04 查询号码 【1370292】，返回信息 {"status":"ok","msg":"广东-佛山","gid":"9397","time_insert":"2015-01-26 14:23","time_update":"2020-09-27 17:59"}
2024-08-21 00:39:04 查询号码 【1370292】，GSD为【"广东-佛山"】

2024-08-21 00:39:05 开始第 294 次操作

2024-08-21 00:39:05 开始操作号码 【1370293】
2024-08-21 00:39:13 GSD getOne 第 1 次 等待 3 秒
2024-08-21 00:39:16 查询号码 【1370293】，返回信息 {"status":"ok","msg":"广东-佛山","gid":"60705","time_insert":"2021-05-17 14:46"}
2024-08-21 00:39:16 查询号码 【1370293】，GSD为【"广东-佛山"】

2024-08-21 00:39:17 开始第 295 次操作

2024-08-21 00:39:17 开始操作号码 【1370294】
2024-08-21 00:39:27 GSD getOne 第 1 次 等待 3 秒
2024-08-21 00:39:30 查询号码 【1370294】，返回信息 {"status":"ok","msg":"广东-珠海","gid":"9398","time_insert":"2015-05-02 11:05","time_update":"2020-09-27 18:03"}
2024-08-21 00:39:30 查询号码 【1370294】，GSD为【"广东-珠海"】

2024-08-21 00:39:31 开始第 296 次操作

2024-08-21 00:39:31 开始操作号码 【1370295】
2024-08-21 00:39:39 GSD getOne 第 1 次 等待 3 秒
2024-08-21 00:39:42 查询号码 【1370295】，返回信息 {"status":"ok","msg":"广东-佛山","gid":"60715","time_insert":"2021-05-17 15:10"}
2024-08-21 00:39:43 查询号码 【1370295】，GSD为【"广东-佛山"】

