2024-10-01 00:16:26 开始第 7585 次操作

2024-10-01 00:16:26 开始操作号码 【1377584】
2024-10-01 00:16:29 GSD getOne 第 1 次 等待 3 秒
2024-10-01 00:16:32 查询号码 【1377584】，返回信息 {"status":"ok","msg":"江苏-徐州","gid":"358856","time_insert":"2021-07-22 21:16"}
2024-10-01 00:16:32 查询号码 【1377584】，GSD为【"江苏-徐州"】

2024-10-01 00:16:33 开始第 7586 次操作

2024-10-01 00:16:33 开始操作号码 【1377585】
2024-10-01 00:16:35 GSD getOne 第 1 次 等待 3 秒
2024-10-01 00:16:38 查询号码 【1377585】，返回信息 {"status":"ok","msg":"江苏-徐州","gid":"358845","time_insert":"2021-07-22 21:16"}
2024-10-01 00:16:38 查询号码 【1377585】，GSD为【"江苏-徐州"】

2024-10-01 00:16:39 开始第 7587 次操作

2024-10-01 00:16:39 开始操作号码 【1377586】
2024-10-01 00:16:41 GSD getOne 第 1 次 等待 3 秒
2024-10-01 00:16:44 查询号码 【1377586】，返回信息 {"status":"ok","msg":"江苏-徐州","gid":"358837","time_insert":"2021-07-22 21:15"}
2024-10-01 00:16:44 查询号码 【1377586】，GSD为【"江苏-徐州"】

2024-10-01 00:16:45 开始第 7588 次操作

2024-10-01 00:16:45 开始操作号码 【1377587】
2024-10-01 00:16:47 GSD getOne 第 1 次 等待 3 秒
2024-10-01 00:16:50 查询号码 【1377587】，返回信息 {"status":"ok","msg":"江苏-徐州","gid":"358828","time_insert":"2021-07-22 21:15"}
2024-10-01 00:16:50 查询号码 【1377587】，GSD为【"江苏-徐州"】

