2023-11-09 00:18:02 开始第 7701 次操作

2023-11-09 00:18:02 开始操作号码 【1917602】
2023-11-09 00:18:06 GSD getOne 第 1 次 等待 3 秒
2023-11-09 00:18:09 查询号码 【1917602】，返回信息 {"status":"ok","msg":"广西-百色","gid":"458831","time_insert":"2021-07-31 18:27"}
2023-11-09 00:18:09 查询号码 【1917602】，GSD为【"广西-百色"】

2023-11-09 00:18:10 开始第 7702 次操作

2023-11-09 00:18:10 开始操作号码 【1917603】
2023-11-09 00:18:16 GSD getOne 第 1 次 等待 3 秒
2023-11-09 00:18:19 查询号码 【1917603】，返回信息 {"status":"ok","msg":"广西-百色","gid":"458823","time_insert":"2021-07-31 18:26"}
2023-11-09 00:18:19 查询号码 【1917603】，GSD为【"广西-百色"】

2023-11-09 00:18:20 开始第 7703 次操作

2023-11-09 00:18:20 开始操作号码 【1917604】
2023-11-09 00:18:23 GSD getOne 第 1 次 等待 3 秒
2023-11-09 00:18:26 查询号码 【1917604】，返回信息 {"status":"ok","msg":"广西-百色","gid":"458815","time_insert":"2021-07-31 18:26"}
2023-11-09 00:18:26 查询号码 【1917604】，GSD为【"广西-百色"】

2023-11-09 00:18:27 开始第 7704 次操作

2023-11-09 00:18:27 开始操作号码 【1917605】
2023-11-09 00:18:30 GSD getOne 第 1 次 等待 3 秒
2023-11-09 00:18:33 查询号码 【1917605】，返回信息 {"status":"ok","msg":"广西-百色","gid":"458801","time_insert":"2021-07-31 18:24"}
2023-11-09 00:18:33 查询号码 【1917605】，GSD为【"广西-百色"】

