2023-12-07 00:19:19 开始第 1829 次操作

2023-12-07 00:19:19 开始操作号码 【1811731】
2023-12-07 00:19:24 GSD getOne 第 1 次 等待 3 秒
2023-12-07 00:19:27 查询号码 【1811731】，返回信息 {"status":"ok","msg":"上海-上海","gid":"436499","time_insert":"2021-07-29 19:26"}
2023-12-07 00:19:27 查询号码 【1811731】，GSD为【"上海-上海"】

2023-12-07 00:19:28 开始第 1830 次操作

2023-12-07 00:19:28 开始操作号码 【1811732】
2023-12-07 00:19:34 GSD getOne 第 1 次 等待 3 秒
2023-12-07 00:19:37 查询号码 【1811732】，返回信息 {"status":"ok","msg":"上海-上海","gid":"436669","time_insert":"2021-07-29 19:46"}
2023-12-07 00:19:37 查询号码 【1811732】，GSD为【"上海-上海"】

2023-12-07 00:19:38 开始第 1831 次操作

2023-12-07 00:19:38 开始操作号码 【1811733】
2023-12-07 00:19:41 GSD getOne 第 1 次 等待 3 秒
2023-12-07 00:19:44 查询号码 【1811733】，返回信息 {"status":"ok","msg":"上海-上海","gid":"436901","time_insert":"2021-07-29 20:03"}
2023-12-07 00:19:44 查询号码 【1811733】，GSD为【"上海-上海"】

2023-12-07 00:19:45 开始第 1832 次操作

2023-12-07 00:19:45 开始操作号码 【1811734】
2023-12-07 00:19:48 GSD getOne 第 1 次 等待 3 秒
2023-12-07 00:19:51 查询号码 【1811734】，返回信息 {"status":"ok","msg":"上海-上海","gid":"436970","time_insert":"2021-07-29 20:19"}
2023-12-07 00:19:51 查询号码 【1811734】，GSD为【"上海-上海"】

2023-12-07 00:41:11 开始第 1833 次操作

2023-12-07 00:41:11 开始操作号码 【1811735】
2023-12-07 00:41:24 GSD getOne 第 1 次 等待 3 秒
2023-12-07 00:41:27 查询号码 【1811735】，返回信息 {"status":"ok","msg":"上海-上海","gid":"33374","time_insert":"2018-08-20 10:48","time_update":"2020-12-29 20:09"}
2023-12-07 00:41:27 查询号码 【1811735】，GSD为【"上海-上海"】

2023-12-07 00:41:28 开始第 1834 次操作

2023-12-07 00:41:28 开始操作号码 【1811736】
2023-12-07 00:41:32 GSD getOne 第 1 次 等待 3 秒
2023-12-07 00:41:35 查询号码 【1811736】，返回信息 {"status":"ok","msg":"上海-上海","gid":"436998","time_insert":"2021-07-29 20:38"}
2023-12-07 00:41:35 查询号码 【1811736】，GSD为【"上海-上海"】

2023-12-07 00:41:36 开始第 1835 次操作

2023-12-07 00:41:36 开始操作号码 【1811737】
2023-12-07 00:41:40 GSD getOne 第 1 次 等待 3 秒
2023-12-07 00:41:43 查询号码 【1811737】，返回信息 {"status":"ok","msg":"上海-上海","gid":"437018","time_insert":"2021-07-29 20:54"}
2023-12-07 00:41:43 查询号码 【1811737】，GSD为【"上海-上海"】

2023-12-07 00:41:44 开始第 1836 次操作

2023-12-07 00:41:44 开始操作号码 【1811738】
2023-12-07 00:41:47 GSD getOne 第 1 次 等待 3 秒
2023-12-07 00:41:50 查询号码 【1811738】，返回信息 {"status":"ok","msg":"上海-上海","gid":"437143","time_insert":"2021-07-29 21:10"}
2023-12-07 00:41:51 查询号码 【1811738】，GSD为【"上海-上海"】

