2024-03-25 00:15:48 开始第 98 次操作
2024-03-25 00:15:48 号码【170（0000 ---> 9999）】处理完毕
2024-03-25 00:35:45 开始第 98 次操作
2024-03-25 00:35:45 号码【170（0000 ---> 9999）】处理完毕
2024-03-25 01:11:43 开始第 98 次操作
2024-03-25 01:11:43 号码【170（0000 ---> 9999）】处理完毕
2024-03-25 01:36:22 开始第 98 次操作
2024-03-25 01:36:22 号码【170（0000 ---> 9999）】处理完毕
2024-03-25 02:18:35 开始第 98 次操作
2024-03-25 02:18:35 号码【170（0000 ---> 9999）】处理完毕
2024-03-25 02:36:17 开始第 98 次操作
2024-03-25 02:36:17 号码【170（0000 ---> 9999）】处理完毕
2024-03-25 03:12:11 开始第 98 次操作
2024-03-25 03:12:11 号码【170（0000 ---> 9999）】处理完毕
2024-03-25 03:35:42 开始第 98 次操作
2024-03-25 03:35:42 号码【170（0000 ---> 9999）】处理完毕
2024-03-25 04:13:09 开始第 98 次操作
2024-03-25 04:13:09 号码【170（0000 ---> 9999）】处理完毕
2024-03-25 04:36:35 开始第 98 次操作
2024-03-25 04:36:35 号码【170（0000 ---> 9999）】处理完毕
2024-03-25 05:11:14 开始第 98 次操作
2024-03-25 05:11:14 号码【170（0000 ---> 9999）】处理完毕
2024-03-25 05:35:51 开始第 98 次操作
2024-03-25 05:35:51 号码【170（0000 ---> 9999）】处理完毕
2024-03-25 06:13:33 开始第 98 次操作
2024-03-25 06:13:33 号码【170（0000 ---> 9999）】处理完毕
2024-03-25 06:35:59 开始第 98 次操作
2024-03-25 06:35:59 号码【170（0000 ---> 9999）】处理完毕
2024-03-25 07:15:51 开始第 98 次操作
2024-03-25 07:15:51 号码【170（0000 ---> 9999）】处理完毕
2024-03-25 07:35:48 开始第 98 次操作
2024-03-25 07:35:48 号码【170（0000 ---> 9999）】处理完毕
2024-03-25 09:02:26 开始第 98 次操作
2024-03-25 09:02:26 号码【170（0000 ---> 9999）】处理完毕
2024-03-25 10:04:07 开始第 98 次操作
2024-03-25 10:04:07 号码【170（0000 ---> 9999）】处理完毕
2024-03-25 10:37:30 开始第 98 次操作
2024-03-25 10:37:30 号码【170（0000 ---> 9999）】处理完毕
2024-03-25 11:16:44 开始第 98 次操作
2024-03-25 11:16:44 号码【170（0000 ---> 9999）】处理完毕
2024-03-25 11:36:04 开始第 98 次操作
2024-03-25 11:36:04 号码【170（0000 ---> 9999）】处理完毕
2024-03-25 12:16:54 开始第 98 次操作
2024-03-25 12:16:54 号码【170（0000 ---> 9999）】处理完毕
2024-03-25 12:36:16 开始第 98 次操作
2024-03-25 12:36:16 号码【170（0000 ---> 9999）】处理完毕
2024-03-25 13:14:31 开始第 98 次操作
2024-03-25 13:14:31 号码【170（0000 ---> 9999）】处理完毕
2024-03-25 13:35:55 开始第 98 次操作
2024-03-25 13:35:55 号码【170（0000 ---> 9999）】处理完毕
2024-03-25 14:02:36 开始第 98 次操作

2024-03-25 14:02:36 开始操作号码 【1590001】
2024-03-25 14:02:41 GSD getOne 第 1 次 等待 3 秒
2024-03-25 14:02:44 查询号码 【1590001】，返回信息 {"status":"ok","msg":"广东-中山","gid":"85941","time_insert":"2021-06-08 09:29"}
2024-03-25 14:02:44 查询号码 【1590001】，GSD为【"广东-中山"】

2024-03-25 14:02:45 开始第 99 次操作

2024-03-25 14:02:45 开始操作号码 【1590002】
2024-03-25 14:02:50 GSD getOne 第 1 次 等待 3 秒
2024-03-25 14:02:53 查询号码 【1590002】，返回信息 {"status":"ok","msg":"广东-中山","gid":"86013","time_insert":"2021-06-08 10:23"}
2024-03-25 14:02:53 查询号码 【1590002】，GSD为【"广东-中山"】

2024-03-25 14:02:54 开始第 100 次操作

2024-03-25 14:02:54 开始操作号码 【1590003】
2024-03-25 14:02:58 GSD getOne 第 1 次 等待 3 秒
2024-03-25 14:03:01 查询号码 【1590003】，返回信息 {"status":"ok","msg":"广东-中山","gid":"86059","time_insert":"2021-06-08 11:05"}
2024-03-25 14:03:01 查询号码 【1590003】，GSD为【"广东-中山"】

2024-03-25 14:18:33 开始第 101 次操作

2024-03-25 14:18:33 开始操作号码 【1590004】
2024-03-25 14:18:38 GSD getOne 第 1 次 等待 3 秒
2024-03-25 14:18:41 查询号码 【1590004】，返回信息 {"status":"ok","msg":"广东-中山","gid":"26311","time_insert":"2019-01-24 21:05","time_update":"2020-09-30 11:30"}
2024-03-25 14:18:41 查询号码 【1590004】，GSD为【"广东-中山"】

2024-03-25 14:18:42 开始第 102 次操作

2024-03-25 14:18:42 开始操作号码 【1590005】
2024-03-25 14:18:47 GSD getOne 第 1 次 等待 3 秒
2024-03-25 14:18:50 查询号码 【1590005】，返回信息 {"status":"ok","msg":"广东-中山","gid":"86171","time_insert":"2021-06-08 12:42"}
2024-03-25 14:18:50 查询号码 【1590005】，GSD为【"广东-中山"】

2024-03-25 14:18:51 开始第 103 次操作

2024-03-25 14:18:51 开始操作号码 【1590006】
2024-03-25 14:18:56 GSD getOne 第 1 次 等待 3 秒
2024-03-25 14:18:59 查询号码 【1590006】，返回信息 {"status":"ok","msg":"广东-中山","gid":"26312","time_insert":"2014-09-16 09:01","time_update":"2020-09-30 11:33"}
2024-03-25 14:18:59 查询号码 【1590006】，GSD为【"广东-中山"】

2024-03-25 14:19:00 开始第 104 次操作

2024-03-25 14:19:00 开始操作号码 【1590007】
2024-03-25 14:19:05 GSD getOne 第 1 次 等待 3 秒
2024-03-25 14:19:08 查询号码 【1590007】，返回信息 {"status":"ok","msg":"广东-中山","gid":"51389","time_insert":"2021-04-22 09:42"}
2024-03-25 14:19:08 查询号码 【1590007】，GSD为【"广东-中山"】

2024-03-25 14:37:48 开始第 105 次操作

2024-03-25 14:37:48 开始操作号码 【1590008】
2024-03-25 14:37:53 GSD getOne 第 1 次 等待 3 秒
2024-03-25 14:37:56 查询号码 【1590008】，返回信息 {"status":"ok","msg":"广东-中山","gid":"86256","time_insert":"2021-06-08 13:47"}
2024-03-25 14:37:56 查询号码 【1590008】，GSD为【"广东-中山"】

2024-03-25 14:37:57 开始第 106 次操作

2024-03-25 14:37:57 开始操作号码 【1590009】
2024-03-25 14:38:02 GSD getOne 第 1 次 等待 3 秒
2024-03-25 14:38:05 查询号码 【1590009】，返回信息 {"status":"ok","msg":"广东-中山","gid":"86268","time_insert":"2021-06-08 13:52"}
2024-03-25 14:38:05 查询号码 【1590009】，GSD为【"广东-中山"】

2024-03-25 14:38:06 开始第 107 次操作

2024-03-25 14:38:06 开始操作号码 【1590010】
2024-03-25 14:38:12 GSD getOne 第 1 次 等待 3 秒
2024-03-25 14:38:15 查询号码 【1590010】，返回信息 {"status":"ok","msg":"广东-汕尾","gid":"86287","time_insert":"2021-06-08 13:59"}
2024-03-25 14:38:15 查询号码 【1590010】，GSD为【"广东-汕尾"】

2024-03-25 14:38:16 开始第 108 次操作

2024-03-25 14:38:16 开始操作号码 【1590011】
2024-03-25 14:38:21 GSD getOne 第 1 次 等待 3 秒
2024-03-25 14:38:24 查询号码 【1590011】，返回信息 {"status":"ok","msg":"广东-汕尾","gid":"86296","time_insert":"2021-06-08 14:05"}
2024-03-25 14:38:24 查询号码 【1590011】，GSD为【"广东-汕尾"】

