2024-01-22 00:17:07 开始第 89 次操作

2024-01-22 00:17:07 开始操作号码 【1819991】
2024-01-22 00:17:12 GSD getOne 第 1 次 等待 3 秒
2024-01-22 00:17:15 查询号码 【1819991】，返回信息 {"status":"ok","msg":"新疆-乌鲁木齐","gid":"371900","time_insert":"2021-07-24 01:39"}
2024-01-22 00:17:15 查询号码 【1819991】，GSD为【"新疆-乌鲁木齐"】

2024-01-22 00:17:16 开始第 90 次操作

2024-01-22 00:17:16 开始操作号码 【1819992】
2024-01-22 00:17:19 GSD getOne 第 1 次 等待 3 秒
2024-01-22 00:17:22 查询号码 【1819992】，返回信息 {"status":"ok","msg":"新疆-乌鲁木齐","gid":"371895","time_insert":"2021-07-24 01:38"}
2024-01-22 00:17:23 查询号码 【1819992】，GSD为【"新疆-乌鲁木齐"】

2024-01-22 00:17:24 开始第 91 次操作

2024-01-22 00:17:24 开始操作号码 【1819993】
2024-01-22 00:17:27 GSD getOne 第 1 次 等待 3 秒
2024-01-22 00:17:30 查询号码 【1819993】，返回信息 {"status":"ok","msg":"新疆-石河子","gid":"371887","time_insert":"2021-07-24 01:38"}
2024-01-22 00:17:30 查询号码 【1819993】，GSD为【"新疆-石河子"】

2024-01-22 00:17:31 开始第 92 次操作

2024-01-22 00:17:31 开始操作号码 【1819994】
2024-01-22 00:17:35 GSD getOne 第 1 次 等待 3 秒
2024-01-22 00:17:38 查询号码 【1819994】，返回信息 {"status":"ok","msg":"新疆-昌吉","gid":"371881","time_insert":"2021-07-24 01:37"}
2024-01-22 00:17:38 查询号码 【1819994】，GSD为【"新疆-昌吉"】

2024-01-22 00:38:39 开始第 93 次操作

2024-01-22 00:38:39 开始操作号码 【1819995】
2024-01-22 00:38:44 GSD getOne 第 1 次 等待 3 秒
2024-01-22 00:38:47 查询号码 【1819995】，返回信息 {"status":"ok","msg":"新疆-昌吉","gid":"371876","time_insert":"2021-07-24 01:36"}
2024-01-22 00:38:47 查询号码 【1819995】，GSD为【"新疆-昌吉"】

2024-01-22 00:38:48 开始第 94 次操作

2024-01-22 00:38:48 开始操作号码 【1819996】
2024-01-22 00:38:52 GSD getOne 第 1 次 等待 3 秒
2024-01-22 00:38:55 查询号码 【1819996】，返回信息 {"status":"ok","msg":"新疆-巴音郭楞","gid":"371872","time_insert":"2021-07-24 01:36"}
2024-01-22 00:38:55 查询号码 【1819996】，GSD为【"新疆-巴音郭楞"】

2024-01-22 00:38:56 开始第 95 次操作

2024-01-22 00:38:56 开始操作号码 【1819997】
2024-01-22 00:39:00 GSD getOne 第 1 次 等待 3 秒
2024-01-22 00:39:03 查询号码 【1819997】，返回信息 {"status":"ok","msg":"新疆-阿克苏","gid":"371866","time_insert":"2021-07-24 01:35"}
2024-01-22 00:39:03 查询号码 【1819997】，GSD为【"新疆-阿克苏"】

2024-01-22 00:39:04 开始第 96 次操作

2024-01-22 00:39:04 开始操作号码 【1819998】
2024-01-22 00:39:08 GSD getOne 第 1 次 等待 3 秒
2024-01-22 00:39:11 查询号码 【1819998】，返回信息 {"status":"ok","msg":"新疆-乌鲁木齐","gid":"371860","time_insert":"2021-07-24 01:34"}
2024-01-22 00:39:11 查询号码 【1819998】，GSD为【"新疆-乌鲁木齐"】

