2023-11-11 00:17:31 开始第 8061 次操作

2023-11-11 00:17:31 开始操作号码 【1917962】
2023-11-11 00:17:35 GSD getOne 第 1 次 等待 3 秒
2023-11-11 00:17:38 查询号码 【1917962】，返回信息 {"status":"ok","msg":"江西-吉安","gid":"50529","time_insert":"2021-04-21 16:38"}
2023-11-11 00:17:38 查询号码 【1917962】，GSD为【"江西-吉安"】

2023-11-11 00:17:39 开始第 8062 次操作

2023-11-11 00:17:39 开始操作号码 【1917963】
2023-11-11 00:17:50 GSD getOne 第 1 次 等待 3 秒
2023-11-11 00:17:53 查询号码 【1917963】，返回信息 {"status":"ok","msg":"江西-吉安","gid":"454404","time_insert":"2021-07-31 09:42"}
2023-11-11 00:17:53 查询号码 【1917963】，GSD为【"江西-吉安"】

2023-11-11 00:17:54 开始第 8063 次操作

2023-11-11 00:17:54 开始操作号码 【1917964】
2023-11-11 00:18:04 GSD getOne 第 1 次 等待 3 秒
2023-11-11 00:18:07 查询号码 【1917964】，返回信息 {"status":"ok","msg":"江西-吉安","gid":"454390","time_insert":"2021-07-31 09:41"}
2023-11-11 00:18:07 查询号码 【1917964】，GSD为【"江西-吉安"】

2023-11-11 00:18:08 开始第 8064 次操作

2023-11-11 00:18:08 开始操作号码 【1917965】
2023-11-11 00:18:13 GSD getOne 第 1 次 等待 3 秒
2023-11-11 00:18:16 查询号码 【1917965】，返回信息 {"status":"ok","msg":"江西-吉安","gid":"454379","time_insert":"2021-07-31 09:40"}
2023-11-11 00:18:16 查询号码 【1917965】，GSD为【"江西-吉安"】

