2023-11-13 00:15:54 开始第 8417 次操作

2023-11-13 00:15:54 开始操作号码 【1918318】
2023-11-13 00:15:58 GSD getOne 第 1 次 等待 3 秒
2023-11-13 00:16:01 查询号码 【1918318】，返回信息 {"status":"ok","msg":"四川-自贡","gid":"450095","time_insert":"2021-07-31 00:17"}
2023-11-13 00:16:01 查询号码 【1918318】，GSD为【"四川-自贡"】

2023-11-13 00:16:02 开始第 8418 次操作

2023-11-13 00:16:02 开始操作号码 【1918319】
2023-11-13 00:16:08 GSD getOne 第 1 次 等待 3 秒
2023-11-13 00:16:11 查询号码 【1918319】，返回信息 {"status":"ok","msg":"四川-自贡","gid":"450090","time_insert":"2021-07-31 00:17"}
2023-11-13 00:16:11 查询号码 【1918319】，GSD为【"四川-自贡"】

2023-11-13 00:16:12 开始第 8419 次操作

2023-11-13 00:16:12 开始操作号码 【1918320】
2023-11-13 00:16:15 GSD getOne 第 1 次 等待 3 秒
2023-11-13 00:16:18 查询号码 【1918320】，返回信息 {"status":"ok","msg":"四川-成都","gid":"450084","time_insert":"2021-07-31 00:16"}
2023-11-13 00:16:18 查询号码 【1918320】，GSD为【"四川-成都"】

2023-11-13 00:16:19 开始第 8420 次操作

2023-11-13 00:16:19 开始操作号码 【1918321】
2023-11-13 00:16:22 GSD getOne 第 1 次 等待 3 秒
2023-11-13 00:16:25 查询号码 【1918321】，返回信息 {"status":"ok","msg":"四川-成都","gid":"450075","time_insert":"2021-07-31 00:15"}
2023-11-13 00:16:25 查询号码 【1918321】，GSD为【"四川-成都"】

