2024-06-17 00:17:24 开始第 1113 次操作

2024-06-17 00:17:24 开始操作号码 【1481017】
2024-06-17 00:17:36 GSD getOne 第 1 次 等待 3 秒
2024-06-17 00:17:39 查询号码 【1481017】，返回信息 {"status":"ok","msg":"吉林-长春","gid":"139705","time_insert":"2021-06-27 14:45"}
2024-06-17 00:17:39 查询号码 【1481017】，GSD为【"吉林-长春"】

2024-06-17 00:17:40 开始第 1114 次操作

2024-06-17 00:17:40 开始操作号码 【1481018】
2024-06-17 00:17:48 GSD getOne 第 1 次 等待 3 秒
2024-06-17 00:17:51 查询号码 【1481018】，返回信息 {"status":"ok","msg":"吉林-长春","gid":"139710","time_insert":"2021-06-27 14:50"}
2024-06-17 00:17:51 查询号码 【1481018】，GSD为【"吉林-长春"】

2024-06-17 00:17:52 开始第 1115 次操作

2024-06-17 00:17:52 开始操作号码 【1481019】
2024-06-17 00:17:59 GSD getOne 第 1 次 等待 3 秒
2024-06-17 00:18:02 查询号码 【1481019】，返回信息 {"status":"ok","msg":"吉林-长春","gid":"139721","time_insert":"2021-06-27 14:56"}
2024-06-17 00:18:02 查询号码 【1481019】，GSD为【"吉林-长春"】

2024-06-17 00:18:03 开始第 1116 次操作

2024-06-17 00:18:03 开始操作号码 【1481020】
2024-06-17 00:18:08 GSD getOne 第 1 次 等待 3 秒
2024-06-17 00:18:11 查询号码 【1481020】，返回信息 {"status":"ok","msg":"吉林-长春","gid":"139753","time_insert":"2021-06-27 15:00"}
2024-06-17 00:18:11 查询号码 【1481020】，GSD为【"吉林-长春"】

2024-06-17 00:38:52 开始第 1117 次操作

2024-06-17 00:38:52 开始操作号码 【1481021】
2024-06-17 00:39:07 GSD getOne 第 1 次 等待 3 秒
2024-06-17 00:39:10 查询号码 【1481021】，返回信息 {"status":"ok","msg":"吉林-长春","gid":"139818","time_insert":"2021-06-27 15:05"}
2024-06-17 00:39:10 查询号码 【1481021】，GSD为【"吉林-长春"】

2024-06-17 00:39:11 开始第 1118 次操作

2024-06-17 00:39:11 开始操作号码 【1481022】
2024-06-17 00:39:20 GSD getOne 第 1 次 等待 3 秒
2024-06-17 00:39:23 查询号码 【1481022】，返回信息 {"status":"ok","msg":"吉林-长春","gid":"139885","time_insert":"2021-06-27 15:11"}
2024-06-17 00:39:23 查询号码 【1481022】，GSD为【"吉林-长春"】

2024-06-17 00:39:24 开始第 1119 次操作

2024-06-17 00:39:24 开始操作号码 【1481023】
2024-06-17 00:39:32 GSD getOne 第 1 次 等待 3 秒
2024-06-17 00:39:35 查询号码 【1481023】，返回信息 {"status":"ok","msg":"吉林-长春","gid":"139922","time_insert":"2021-06-27 15:15"}
2024-06-17 00:39:35 查询号码 【1481023】，GSD为【"吉林-长春"】

2024-06-17 00:39:36 开始第 1120 次操作

2024-06-17 00:39:36 开始操作号码 【1481024】
2024-06-17 00:40:30 GSD getOne 第 1 次 等待 3 秒
2024-06-17 00:40:33 查询号码 【1481024】，返回信息 {"status":"ok","msg":"吉林-长春","gid":"139960","time_insert":"2021-06-27 15:18"}
2024-06-17 00:40:33 查询号码 【1481024】，GSD为【"吉林-长春"】

