2024-04-20 00:19:13 开始第 4533 次操作

2024-04-20 00:19:13 开始操作号码 【1594436】
2024-04-20 00:19:19 GSD getOne 第 1 次 等待 3 秒
2024-04-20 00:19:22 查询号码 【1594436】，返回信息 {"status":"ok","msg":"吉林-延边","gid":"131839","time_insert":"2021-06-26 12:01"}
2024-04-20 00:19:22 查询号码 【1594436】，GSD为【"吉林-延边"】

2024-04-20 00:19:23 开始第 4534 次操作

2024-04-20 00:19:23 开始操作号码 【1594437】
2024-04-20 00:19:28 GSD getOne 第 1 次 等待 3 秒
2024-04-20 00:19:31 查询号码 【1594437】，返回信息 {"status":"ok","msg":"吉林-珲春","gid":"131845","time_insert":"2021-06-26 12:02"}
2024-04-20 00:19:31 查询号码 【1594437】，GSD为【"吉林-珲春"】

2024-04-20 00:19:32 开始第 4535 次操作

2024-04-20 00:19:32 开始操作号码 【1594438】
2024-04-20 00:19:37 GSD getOne 第 1 次 等待 3 秒
2024-04-20 00:19:40 查询号码 【1594438】，返回信息 {"status":"ok","msg":"吉林-珲春","gid":"131851","time_insert":"2021-06-26 12:03"}
2024-04-20 00:19:40 查询号码 【1594438】，GSD为【"吉林-珲春"】

2024-04-20 00:19:41 开始第 4536 次操作

2024-04-20 00:19:41 开始操作号码 【1594439】
2024-04-20 00:19:46 GSD getOne 第 1 次 等待 3 秒
2024-04-20 00:19:49 查询号码 【1594439】，返回信息 {"status":"ok","msg":"吉林-珲春","gid":"131858","time_insert":"2021-06-26 12:04"}
2024-04-20 00:19:49 查询号码 【1594439】，GSD为【"吉林-珲春"】

