2024-06-27 00:19:23 开始第 2905 次操作

2024-06-27 00:19:23 开始操作号码 【1482808】
2024-06-27 00:19:43 GSD getOne 第 1 次 等待 3 秒
2024-06-27 00:19:46 查询号码 【1482808】，返回信息 {"status":"ok","msg":"广西-南宁","gid":"179445","time_insert":"2021-07-03 06:33"}
2024-06-27 00:19:46 查询号码 【1482808】，GSD为【"广西-南宁"】

2024-06-27 00:19:47 开始第 2906 次操作

2024-06-27 00:19:47 开始操作号码 【1482809】
2024-06-27 00:20:02 GSD getOne 第 1 次 等待 3 秒
2024-06-27 00:20:05 查询号码 【1482809】，返回信息 {"status":"ok","msg":"广西-南宁","gid":"179453","time_insert":"2021-07-03 06:37"}
2024-06-27 00:20:05 查询号码 【1482809】，GSD为【"广西-南宁"】

2024-06-27 00:20:06 开始第 2907 次操作

2024-06-27 00:20:06 开始操作号码 【1482810】
2024-06-27 00:20:20 GSD getOne 第 1 次 等待 3 秒
2024-06-27 00:20:23 查询号码 【1482810】，返回信息 {"status":"ok","msg":"广西-南宁","gid":"179458","time_insert":"2021-07-03 06:41"}
2024-06-27 00:20:23 查询号码 【1482810】，GSD为【"广西-南宁"】

2024-06-27 00:20:24 开始第 2908 次操作

2024-06-27 00:20:24 开始操作号码 【1482811】
2024-06-27 00:20:38 GSD getOne 第 1 次 等待 3 秒
2024-06-27 00:20:41 查询号码 【1482811】，返回信息 {"status":"ok","msg":"广西-南宁","gid":"179472","time_insert":"2021-07-03 06:47"}
2024-06-27 00:20:41 查询号码 【1482811】，GSD为【"广西-南宁"】

