2024-03-03 00:15:59 开始第 6881 次操作

2024-03-03 00:15:59 开始操作号码 【1706783】
2024-03-03 00:16:04 GSD getOne 第 1 次 等待 3 秒
2024-03-03 00:16:07 查询号码 【1706783】，返回信息 {"status":"ok","msg":"湖北-孝感","gid":"174521","time_insert":"2021-07-02 15:00"}
2024-03-03 00:16:07 查询号码 【1706783】，GSD为【"湖北-孝感"】

2024-03-03 00:16:08 开始第 6882 次操作

2024-03-03 00:16:08 开始操作号码 【1706784】
2024-03-03 00:16:15 GSD getOne 第 1 次 等待 3 秒
2024-03-03 00:16:18 查询号码 【1706784】，返回信息 {"status":"ok","msg":"湖北-孝感","gid":"174526","time_insert":"2021-07-02 15:01"}
2024-03-03 00:16:18 查询号码 【1706784】，GSD为【"湖北-孝感"】

2024-03-03 00:16:19 开始第 6883 次操作

2024-03-03 00:16:19 开始操作号码 【1706785】
2024-03-03 00:16:24 GSD getOne 第 1 次 等待 3 秒
2024-03-03 00:16:27 查询号码 【1706785】，返回信息 {"status":"ok","msg":"湖北-咸宁","gid":"174533","time_insert":"2021-07-02 15:01"}
2024-03-03 00:16:27 查询号码 【1706785】，GSD为【"湖北-咸宁"】

2024-03-03 00:16:28 开始第 6884 次操作

2024-03-03 00:16:28 开始操作号码 【1706786】
2024-03-03 00:16:32 GSD getOne 第 1 次 等待 3 秒
2024-03-03 00:16:35 查询号码 【1706786】，返回信息 {"status":"ok","msg":"湖北-咸宁","gid":"174537","time_insert":"2021-07-02 15:02"}
2024-03-03 00:16:35 查询号码 【1706786】，GSD为【"湖北-咸宁"】

