2021-07-14 00:01:07 开始第 14 次操作

2021-07-14 00:01:07 开始操作号码 【1674391】
2021-07-14 00:01:11 GSD getOne 第 1 次 等待 1 秒
2021-07-14 00:01:12 查询号码 【1674391】，返回信息 {"status":"bad","msg":""}
2021-07-14 00:01:13 查询号码 【1674391】，GSD为【""】
2021-07-14 00:01:13 bad
2021-07-14 00:01:16 CHB 1674391?1626192073 第 1 次 等待 1 秒
2021-07-14 00:01:17 CHB 1674391?1626192073 第 1 次 获取到号码【1674391】GSD
2021-07-14 00:01:17 获取到号码【1674391】的GSD为【河南-南阳】
2021-07-14 00:01:36 GSD insert 第 1 次 等待 1 秒
2021-07-14 00:01:37 {"status":"ok","gid":269582,"msg":"添加成功！"}
2021-07-14 00:01:37 下次操作: 2021-07-14 00:01:49

2021-07-14 00:01:49 开始第 15 次操作

2021-07-14 00:01:49 开始操作号码 【1674392】
2021-07-14 00:01:55 GSD getOne 第 1 次 等待 1 秒
2021-07-14 00:01:56 查询号码 【1674392】，返回信息 {"status":"bad","msg":""}
2021-07-14 00:01:56 查询号码 【1674392】，GSD为【""】
2021-07-14 00:01:56 bad
2021-07-14 00:01:59 CHB 1674392?1626192116 第 1 次 等待 1 秒
2021-07-14 00:02:00 CHB 1674392?1626192116 第 1 次 获取到号码【1674392】GSD
2021-07-14 00:02:00 获取到号码【1674392】的GSD为【河南-鹤壁】
2021-07-14 00:02:36 GSD insert 第 1 次 等待 1 秒
2021-07-14 00:02:37 {"status":"ok","gid":269599,"msg":"添加成功！"}
2021-07-14 00:02:37 下次操作: 2021-07-14 00:02:44

2021-07-14 00:02:44 开始第 16 次操作

2021-07-14 00:02:44 开始操作号码 【1674393】
2021-07-14 00:03:06 GSD getOne 第 1 次 等待 1 秒
2021-07-14 00:03:07 查询号码 【1674393】，返回信息 {"status":"bad","msg":""}
2021-07-14 00:03:07 查询号码 【1674393】，GSD为【""】
2021-07-14 00:03:07 bad
2021-07-14 00:03:11 CHB 1674393?1626192187 第 1 次 等待 1 秒
2021-07-14 00:03:12 CHB 1674393?1626192187 第 1 次 获取到号码【1674393】GSD
2021-07-14 00:03:12 获取到号码【1674393】的GSD为【河南-濮阳】
2021-07-14 00:03:32 GSD insert 第 1 次 等待 1 秒
2021-07-14 00:03:33 {"status":"ok","gid":269613,"msg":"添加成功！"}
2021-07-14 00:03:33 下次操作: 2021-07-14 00:03:41

2021-07-14 00:03:41 开始第 17 次操作

2021-07-14 00:03:41 开始操作号码 【1674394】
2021-07-14 00:04:00 GSD getOne 第 1 次 等待 1 秒
2021-07-14 00:04:01 查询号码 【1674394】，返回信息 {"status":"bad","msg":""}
2021-07-14 00:04:01 查询号码 【1674394】，GSD为【""】
2021-07-14 00:04:01 bad
2021-07-14 00:04:03 CHB 1674394?1626192241 第 1 次 等待 1 秒
2021-07-14 00:04:04 CHB 1674394?1626192241 第 1 次 获取到号码【1674394】GSD
2021-07-14 00:04:04 获取到号码【1674394】的GSD为【河南-周口】
2021-07-14 00:04:47 GSD insert 第 1 次 等待 1 秒
2021-07-14 00:04:48 {"status":"ok","gid":269628,"msg":"添加成功！"}
2021-07-14 00:04:48 下次操作: 2021-07-14 00:04:55

2021-07-14 00:04:55 开始第 18 次操作

2021-07-14 00:04:55 开始操作号码 【1674395】
2021-07-14 00:05:13 GSD getOne 第 1 次 等待 1 秒
2021-07-14 00:05:14 查询号码 【1674395】，返回信息 {"status":"bad","msg":""}
2021-07-14 00:05:14 查询号码 【1674395】，GSD为【""】
2021-07-14 00:05:14 bad
2021-07-14 00:05:17 CHB 1674395?1626192314 第 1 次 等待 1 秒
2021-07-14 00:05:18 CHB 1674395?1626192314 第 1 次 获取到号码【1674395】GSD
2021-07-14 00:05:18 获取到号码【1674395】的GSD为【河南-漯河】
2021-07-14 00:06:11 GSD insert 第 1 次 等待 1 秒
2021-07-14 00:06:12 {"status":"ok","gid":269635,"msg":"添加成功！"}
2021-07-14 00:06:12 下次操作: 2021-07-14 00:06:18

2021-07-14 00:06:18 开始第 19 次操作

2021-07-14 00:06:18 开始操作号码 【1674396】
2021-07-14 00:08:29 GSD getOne 第 1 次 等待 1 秒
2021-07-14 00:10:40 GSD getOne 第 2 次 等待 1 秒
2021-07-14 00:10:45 GSD getOne 第 3 次 等待 1 秒
2021-07-14 00:10:46 查询号码 【1674396】，返回信息 {"status":"bad","msg":""}
2021-07-14 00:10:46 查询号码 【1674396】，GSD为【""】
2021-07-14 00:10:46 bad
2021-07-14 00:10:48 CHB 1674396?1626192646 第 1 次 等待 1 秒
2021-07-14 00:10:49 CHB 1674396?1626192646 第 1 次 获取到号码【1674396】GSD
2021-07-14 00:10:49 获取到号码【1674396】的GSD为【河南-驻马店】
2021-07-14 00:11:07 GSD insert 第 1 次 等待 1 秒
2021-07-14 00:11:08 {"status":"ok","gid":269650,"msg":"添加成功！"}
2021-07-14 00:11:08 下次操作: 2021-07-14 00:11:19

2021-07-14 00:11:19 开始第 20 次操作

2021-07-14 00:11:19 开始操作号码 【1674397】
2021-07-14 00:11:36 GSD getOne 第 1 次 等待 1 秒
2021-07-14 00:11:37 查询号码 【1674397】，返回信息 {"status":"bad","msg":""}
2021-07-14 00:11:37 查询号码 【1674397】，GSD为【""】
2021-07-14 00:11:37 bad
2021-07-14 00:11:39 CHB 1674397?1626192697 第 1 次 等待 1 秒
2021-07-14 00:11:40 CHB 1674397?1626192697 第 1 次 获取到号码【1674397】GSD
2021-07-14 00:11:40 获取到号码【1674397】的GSD为【河南-南阳】
2021-07-14 00:11:59 GSD insert 第 1 次 等待 1 秒
2021-07-14 00:12:00 {"status":"ok","gid":269653,"msg":"添加成功！"}
2021-07-14 00:12:00 下次操作: 2021-07-14 00:12:18

2021-07-14 00:12:18 开始第 21 次操作

2021-07-14 00:12:18 开始操作号码 【1674398】
2021-07-14 00:12:24 GSD getOne 第 1 次 等待 1 秒
2021-07-14 00:12:25 查询号码 【1674398】，返回信息 {"status":"bad","msg":""}
2021-07-14 00:12:25 查询号码 【1674398】，GSD为【""】
2021-07-14 00:12:25 bad
2021-07-14 00:12:31 CHB 1674398?1626192745 第 1 次 等待 1 秒
2021-07-14 00:12:32 CHB 1674398?1626192745 第 1 次 获取到号码【1674398】GSD
2021-07-14 00:12:32 获取到号码【1674398】的GSD为【河南-三门峡】
2021-07-14 00:12:57 GSD insert 第 1 次 等待 1 秒
2021-07-14 00:12:58 {"status":"ok","gid":269658,"msg":"添加成功！"}
2021-07-14 00:12:58 下次操作: 2021-07-14 00:13:14

2021-07-14 00:13:14 开始第 22 次操作

2021-07-14 00:13:14 开始操作号码 【1674399】
2021-07-14 00:13:30 GSD getOne 第 1 次 等待 1 秒
2021-07-14 00:13:31 查询号码 【1674399】，返回信息 {"status":"bad","msg":""}
2021-07-14 00:13:31 查询号码 【1674399】，GSD为【""】
2021-07-14 00:13:31 bad
2021-07-14 00:13:37 CHB 1674399?1626192811 第 1 次 等待 1 秒
2021-07-14 00:13:38 CHB 1674399?1626192811 第 1 次 获取到号码【1674399】GSD
2021-07-14 00:13:38 获取到号码【1674399】的GSD为【河南-南阳】
2021-07-14 00:14:00 GSD insert 第 1 次 等待 1 秒
2021-07-14 00:14:01 {"status":"ok","gid":269659,"msg":"添加成功！"}
2021-07-14 00:14:01 下次操作: 2021-07-14 00:14:07

2021-07-14 00:14:07 开始第 23 次操作

2021-07-14 00:14:07 开始操作号码 【1674400】
2021-07-14 00:14:22 GSD getOne 第 1 次 等待 1 秒
2021-07-14 00:14:23 查询号码 【1674400】，返回信息 {"status":"bad","msg":""}
2021-07-14 00:14:23 查询号码 【1674400】，GSD为【""】
2021-07-14 00:14:23 bad
2021-07-14 00:14:28 CHB 1674400?1626192863 第 1 次 等待 1 秒
2021-07-14 00:14:29 CHB 1674400?1626192863 第 1 次 获取到号码【1674400】GSD
2021-07-14 00:14:29 获取到号码【1674400】的GSD为【黑龙江-绥化】
2021-07-14 00:14:48 GSD insert 第 1 次 等待 1 秒
2021-07-14 00:14:49 {"status":"ok","gid":269662,"msg":"添加成功！"}
2021-07-14 00:14:49 下次操作: 2021-07-14 00:14:59

2021-07-14 00:14:59 开始第 24 次操作

2021-07-14 00:14:59 开始操作号码 【1674401】
2021-07-14 00:15:10 GSD getOne 第 1 次 等待 1 秒
2021-07-14 00:15:11 查询号码 【1674401】，返回信息 {"status":"bad","msg":""}
2021-07-14 00:15:12 查询号码 【1674401】，GSD为【""】
2021-07-14 00:15:12 bad
2021-07-14 00:15:14 CHB 1674401?1626192912 第 1 次 等待 1 秒
2021-07-14 00:15:15 CHB 1674401?1626192912 第 1 次 获取到号码【1674401】GSD
2021-07-14 00:15:15 获取到号码【1674401】的GSD为【黑龙江-伊春】
2021-07-14 00:15:38 GSD insert 第 1 次 等待 1 秒
2021-07-14 00:15:39 {"status":"ok","gid":269667,"msg":"添加成功！"}
2021-07-14 00:15:39 下次操作: 2021-07-14 00:15:45

2021-07-14 00:15:45 开始第 25 次操作

2021-07-14 00:15:45 开始操作号码 【1674402】
2021-07-14 00:16:05 GSD getOne 第 1 次 等待 1 秒
2021-07-14 00:16:06 查询号码 【1674402】，返回信息 {"status":"bad","msg":""}
2021-07-14 00:16:06 查询号码 【1674402】，GSD为【""】
2021-07-14 00:16:06 bad
2021-07-14 00:16:09 CHB 1674402?1626192966 第 1 次 等待 1 秒
2021-07-14 00:16:10 CHB 1674402?1626192966 第 1 次 获取到号码【1674402】GSD
2021-07-14 00:16:10 获取到号码【1674402】的GSD为【黑龙江-伊春】
2021-07-14 00:16:45 GSD insert 第 1 次 等待 1 秒
2021-07-14 00:16:46 {"status":"ok","gid":269670,"msg":"添加成功！"}
2021-07-14 00:16:46 下次操作: 2021-07-14 00:16:53

2021-07-14 00:16:53 开始第 26 次操作

2021-07-14 00:16:53 开始操作号码 【1674403】
2021-07-14 00:17:14 GSD getOne 第 1 次 等待 1 秒
2021-07-14 00:17:15 查询号码 【1674403】，返回信息 {"status":"bad","msg":""}
2021-07-14 00:17:15 查询号码 【1674403】，GSD为【""】
2021-07-14 00:17:15 bad
2021-07-14 00:17:21 CHB 1674403?1626193035 第 1 次 等待 1 秒
2021-07-14 00:17:22 CHB 1674403?1626193035 第 1 次 获取到号码【1674403】GSD
2021-07-14 00:17:22 获取到号码【1674403】的GSD为【黑龙江-大庆】
2021-07-14 00:17:40 GSD insert 第 1 次 等待 1 秒
2021-07-14 00:17:41 {"status":"ok","gid":269674,"msg":"添加成功！"}
2021-07-14 00:17:41 下次操作: 2021-07-14 00:17:53

2021-07-14 00:17:53 开始第 27 次操作

2021-07-14 00:17:53 开始操作号码 【1674404】
2021-07-14 00:18:03 GSD getOne 第 1 次 等待 1 秒
2021-07-14 00:18:04 查询号码 【1674404】，返回信息 {"status":"bad","msg":""}
2021-07-14 00:18:05 查询号码 【1674404】，GSD为【""】
2021-07-14 00:18:05 bad
2021-07-14 00:18:07 CHB 1674404?1626193085 第 1 次 等待 1 秒
2021-07-14 00:18:08 CHB 1674404?1626193085 第 1 次 获取到号码【1674404】GSD
2021-07-14 00:18:09 获取到号码【1674404】的GSD为【黑龙江-大庆】
2021-07-14 00:18:27 GSD insert 第 1 次 等待 1 秒
2021-07-14 00:18:28 {"status":"ok","gid":269678,"msg":"添加成功！"}
2021-07-14 00:18:28 下次操作: 2021-07-14 00:18:40

2021-07-14 00:18:40 开始第 28 次操作

2021-07-14 00:18:40 开始操作号码 【1674405】
2021-07-14 00:18:51 GSD getOne 第 1 次 等待 1 秒
2021-07-14 00:18:52 查询号码 【1674405】，返回信息 {"status":"bad","msg":""}
2021-07-14 00:18:52 查询号码 【1674405】，GSD为【""】
2021-07-14 00:18:52 bad
2021-07-14 00:18:55 CHB 1674405?1626193132 第 1 次 等待 1 秒
2021-07-14 00:18:56 CHB 1674405?1626193132 第 1 次 获取到号码【1674405】GSD
2021-07-14 00:18:56 获取到号码【1674405】的GSD为【黑龙江-大庆】
2021-07-14 00:19:16 GSD insert 第 1 次 等待 1 秒
2021-07-14 00:19:17 {"status":"ok","gid":269679,"msg":"添加成功！"}
2021-07-14 00:19:17 下次操作: 2021-07-14 00:19:31

2021-07-14 00:19:31 开始第 29 次操作

2021-07-14 00:19:31 开始操作号码 【1674406】
2021-07-14 00:19:43 GSD getOne 第 1 次 等待 1 秒
2021-07-14 00:19:44 查询号码 【1674406】，返回信息 {"status":"bad","msg":""}
2021-07-14 00:19:44 查询号码 【1674406】，GSD为【""】
2021-07-14 00:19:44 bad
2021-07-14 00:19:46 CHB 1674406?1626193184 第 1 次 等待 1 秒
2021-07-14 00:19:47 CHB 1674406?1626193184 第 1 次 获取到号码【1674406】GSD
2021-07-14 00:19:47 获取到号码【1674406】的GSD为【黑龙江-大庆】
2021-07-14 00:20:55 GSD insert 第 1 次 等待 1 秒
2021-07-14 00:20:56 {"status":"ok","gid":269681,"msg":"添加成功！"}
2021-07-14 00:20:56 下次操作: 2021-07-14 00:21:10

2021-07-14 00:21:10 开始第 30 次操作

2021-07-14 00:21:10 开始操作号码 【1674407】
2021-07-14 00:21:20 GSD getOne 第 1 次 等待 1 秒
2021-07-14 00:21:21 查询号码 【1674407】，返回信息 {"status":"bad","msg":""}
2021-07-14 00:21:22 查询号码 【1674407】，GSD为【""】
2021-07-14 00:21:22 bad
2021-07-14 00:21:25 CHB 1674407?1626193282 第 1 次 等待 1 秒
2021-07-14 00:21:26 CHB 1674407?1626193282 第 1 次 获取到号码【1674407】GSD
2021-07-14 00:21:26 获取到号码【1674407】的GSD为【黑龙江-大庆】
2021-07-14 00:22:02 GSD insert 第 1 次 等待 1 秒
2021-07-14 00:22:03 {"status":"ok","gid":269684,"msg":"添加成功！"}

