2024-06-14 00:20:06 开始第 573 次操作

2024-06-14 00:20:06 开始操作号码 【1480477】
2024-06-14 00:20:11 GSD getOne 第 1 次 等待 3 秒
2024-06-14 00:20:14 查询号码 【1480477】，返回信息 {"status":"ok","msg":"广东-广州","gid":"128882","time_insert":"2021-06-25 21:09","time_update":"2023-05-21 17:10"}
2024-06-14 00:20:14 查询号码 【1480477】，GSD为【"广东-广州"】

2024-06-14 00:20:15 开始第 574 次操作

2024-06-14 00:20:15 开始操作号码 【1480478】
2024-06-14 00:20:21 GSD getOne 第 1 次 等待 3 秒
2024-06-14 00:20:24 查询号码 【1480478】，返回信息 {"status":"ok","msg":"广东-广州","gid":"128886","time_insert":"2021-06-25 21:15","time_update":"2023-05-21 17:08"}
2024-06-14 00:20:24 查询号码 【1480478】，GSD为【"广东-广州"】

2024-06-14 00:20:25 开始第 575 次操作

2024-06-14 00:20:25 开始操作号码 【1480479】
2024-06-14 00:20:31 GSD getOne 第 1 次 等待 3 秒
2024-06-14 00:20:34 查询号码 【1480479】，返回信息 {"status":"ok","msg":"广东-广州","gid":"128891","time_insert":"2021-06-25 21:20","time_update":"2023-05-21 17:08"}
2024-06-14 00:20:34 查询号码 【1480479】，GSD为【"广东-广州"】

2024-06-14 00:20:35 开始第 576 次操作

2024-06-14 00:20:35 开始操作号码 【1480480】
2024-06-14 00:20:41 GSD getOne 第 1 次 等待 3 秒
2024-06-14 00:20:44 查询号码 【1480480】，返回信息 {"status":"ok","msg":"广东-广州","gid":"128903","time_insert":"2021-06-25 21:23","time_update":"2023-05-21 17:07"}
2024-06-14 00:20:44 查询号码 【1480480】，GSD为【"广东-广州"】

