2024-06-24 00:17:27 开始第 2369 次操作

2024-06-24 00:17:27 开始操作号码 【1482273】
2024-06-24 00:17:41 GSD getOne 第 1 次 等待 3 秒
2024-06-24 00:17:44 查询号码 【1482273】，返回信息 {"status":"ok","msg":"上海-上海","gid":"167030","time_insert":"2021-07-01 14:02"}
2024-06-24 00:17:44 查询号码 【1482273】，GSD为【"上海-上海"】

2024-06-24 00:17:45 开始第 2370 次操作

2024-06-24 00:17:45 开始操作号码 【1482274】
2024-06-24 00:17:58 GSD getOne 第 1 次 等待 3 秒
2024-06-24 00:18:01 查询号码 【1482274】，返回信息 {"status":"ok","msg":"上海-上海","gid":"167034","time_insert":"2021-07-01 14:06"}
2024-06-24 00:18:01 查询号码 【1482274】，GSD为【"上海-上海"】

2024-06-24 00:18:02 开始第 2371 次操作

2024-06-24 00:18:02 开始操作号码 【1482275】
2024-06-24 00:18:19 GSD getOne 第 1 次 等待 3 秒
2024-06-24 00:18:22 查询号码 【1482275】，返回信息 {"status":"ok","msg":"上海-上海","gid":"167044","time_insert":"2021-07-01 14:12"}
2024-06-24 00:18:22 查询号码 【1482275】，GSD为【"上海-上海"】

2024-06-24 00:18:23 开始第 2372 次操作

2024-06-24 00:18:23 开始操作号码 【1482276】
2024-06-24 00:18:37 GSD getOne 第 1 次 等待 3 秒
2024-06-24 00:18:40 查询号码 【1482276】，返回信息 {"status":"ok","msg":"上海-上海","gid":"167054","time_insert":"2021-07-01 14:17"}
2024-06-24 00:18:40 查询号码 【1482276】，GSD为【"上海-上海"】

2024-06-24 00:37:32 开始第 2373 次操作

2024-06-24 00:37:32 开始操作号码 【1482277】
2024-06-24 00:37:48 GSD getOne 第 1 次 等待 3 秒
2024-06-24 00:37:51 查询号码 【1482277】，返回信息 {"status":"ok","msg":"上海-上海","gid":"167057","time_insert":"2021-07-01 14:21"}
2024-06-24 00:37:51 查询号码 【1482277】，GSD为【"上海-上海"】

2024-06-24 00:37:52 开始第 2374 次操作

2024-06-24 00:37:52 开始操作号码 【1482278】
2024-06-24 00:38:06 GSD getOne 第 1 次 等待 3 秒
2024-06-24 00:38:09 查询号码 【1482278】，返回信息 {"status":"ok","msg":"上海-上海","gid":"167061","time_insert":"2021-07-01 14:25"}
2024-06-24 00:38:09 查询号码 【1482278】，GSD为【"上海-上海"】

2024-06-24 00:38:10 开始第 2375 次操作

2024-06-24 00:38:10 开始操作号码 【1482279】
2024-06-24 00:38:24 GSD getOne 第 1 次 等待 3 秒
2024-06-24 00:38:27 查询号码 【1482279】，返回信息 {"status":"ok","msg":"上海-上海","gid":"167071","time_insert":"2021-07-01 14:31"}
2024-06-24 00:38:27 查询号码 【1482279】，GSD为【"上海-上海"】

2024-06-24 00:38:28 开始第 2376 次操作

2024-06-24 00:38:28 开始操作号码 【1482280】
2024-06-24 00:38:44 GSD getOne 第 1 次 等待 3 秒
2024-06-24 00:38:47 查询号码 【1482280】，返回信息 {"status":"ok","msg":"上海-上海","gid":"167075","time_insert":"2021-07-01 14:35"}
2024-06-24 00:38:47 查询号码 【1482280】，GSD为【"上海-上海"】

