2021-07-28 00:00:02 开始第 21 次操作

2021-07-28 00:00:02 开始操作号码 【1848343】
2021-07-28 00:00:05 GSD getOne 第 1 次 等待 3 秒
2021-07-28 00:00:08 查询号码 【1848343】，返回信息 {"status":"bad","msg":""}
2021-07-28 00:00:08 查询号码 【1848343】，GSD为【""】
2021-07-28 00:00:08 bad
2021-07-28 00:00:09 CHB 1848343?1627401608 第 1 次 等待 3 秒
2021-07-28 00:00:12 CHB 1848343?1627401608 第 1 次 获取到号码【1848343】GSD
2021-07-28 00:00:12 未获取到号码【1848343】GSD，可能号码格式错误
2021-07-28 00:00:12 获取到号码【1848343】的GSD为【-】
2021-07-28 00:00:15 GSD insert 第 1 次 等待 3 秒
2021-07-28 00:00:18 {"status":"ok","gid":418589,"msg":"添加成功！"}
2021-07-28 00:00:18 下次操作: 2021-07-28 00:00:42

2021-07-28 00:00:42 开始第 22 次操作

2021-07-28 00:00:42 开始操作号码 【1848342】
2021-07-28 00:00:47 GSD getOne 第 1 次 等待 3 秒
2021-07-28 00:00:50 查询号码 【1848342】，返回信息 {"status":"bad","msg":""}
2021-07-28 00:00:50 查询号码 【1848342】，GSD为【""】
2021-07-28 00:00:50 bad
2021-07-28 00:00:52 CHB 1848342?1627401650 第 1 次 等待 3 秒
2021-07-28 00:00:55 CHB 1848342?1627401650 第 1 次 获取到号码【1848342】GSD
2021-07-28 00:00:55 未获取到号码【1848342】GSD，可能号码格式错误
2021-07-28 00:00:55 获取到号码【1848342】的GSD为【-】
2021-07-28 00:00:57 GSD insert 第 1 次 等待 3 秒
2021-07-28 00:01:00 {"status":"ok","gid":418601,"msg":"添加成功！"}
2021-07-28 00:01:00 下次操作: 2021-07-28 00:01:12

2021-07-28 00:01:12 开始第 23 次操作

2021-07-28 00:01:12 开始操作号码 【1848341】
2021-07-28 00:01:17 GSD getOne 第 1 次 等待 3 秒
2021-07-28 00:01:20 查询号码 【1848341】，返回信息 {"status":"bad","msg":""}
2021-07-28 00:01:20 查询号码 【1848341】，GSD为【""】
2021-07-28 00:01:20 bad
2021-07-28 00:01:22 CHB 1848341?1627401680 第 1 次 等待 3 秒
2021-07-28 00:01:25 CHB 1848341?1627401680 第 1 次 获取到号码【1848341】GSD
2021-07-28 00:01:25 未获取到号码【1848341】GSD，可能号码格式错误
2021-07-28 00:01:25 获取到号码【1848341】的GSD为【-】
2021-07-28 00:01:28 GSD insert 第 1 次 等待 3 秒
2021-07-28 00:01:31 {"status":"ok","gid":418611,"msg":"添加成功！"}
2021-07-28 00:01:31 下次操作: 2021-07-28 00:01:55

2021-07-28 00:01:55 开始第 24 次操作

2021-07-28 00:01:55 开始操作号码 【1848340】
2021-07-28 00:01:58 GSD getOne 第 1 次 等待 3 秒
2021-07-28 00:02:01 查询号码 【1848340】，返回信息 {"status":"bad","msg":""}
2021-07-28 00:02:01 查询号码 【1848340】，GSD为【""】
2021-07-28 00:02:01 bad
2021-07-28 00:02:05 CHB 1848340?1627401721 第 1 次 等待 3 秒
2021-07-28 00:02:08 CHB 1848340?1627401721 第 1 次 获取到号码【1848340】GSD
2021-07-28 00:02:08 未获取到号码【1848340】GSD，查号吧 502 百度云加速 错误
2021-07-28 00:02:08 获取到号码【1848340】的GSD为【-】
2021-07-28 00:02:11 GSD insert 第 1 次 等待 3 秒
2021-07-28 00:02:14 {"status":"ok","gid":418623,"msg":"添加成功！"}
2021-07-28 00:02:14 下次操作: 2021-07-28 00:02:31

2021-07-28 00:02:31 开始第 25 次操作

2021-07-28 00:02:31 开始操作号码 【1848339】
2021-07-28 00:02:41 GSD getOne 第 1 次 等待 3 秒
2021-07-28 00:02:44 查询号码 【1848339】，返回信息 {"status":"bad","msg":""}
2021-07-28 00:02:44 查询号码 【1848339】，GSD为【""】
2021-07-28 00:02:44 bad
2021-07-28 00:02:46 CHB 1848339?1627401764 第 1 次 等待 3 秒
2021-07-28 00:02:49 CHB 1848339?1627401764 第 1 次 获取到号码【1848339】GSD
2021-07-28 00:02:49 获取到号码【1848339】的GSD为【四川-乐山】
2021-07-28 00:02:55 GSD insert 第 1 次 等待 3 秒
2021-07-28 00:02:58 {"status":"ok","gid":418635,"msg":"添加成功！"}
2021-07-28 00:02:58 下次操作: 2021-07-28 00:03:13

2021-07-28 00:03:13 开始第 26 次操作

2021-07-28 00:03:13 开始操作号码 【1848338】
2021-07-28 00:03:18 GSD getOne 第 1 次 等待 3 秒
2021-07-28 00:03:21 查询号码 【1848338】，返回信息 {"status":"bad","msg":""}
2021-07-28 00:03:21 查询号码 【1848338】，GSD为【""】
2021-07-28 00:03:21 bad
2021-07-28 00:03:22 CHB 1848338?1627401801 第 1 次 等待 3 秒
2021-07-28 00:03:26 CHB 1848338?1627401801 第 1 次 获取到号码【1848338】GSD
2021-07-28 00:03:26 获取到号码【1848338】的GSD为【四川-乐山】
2021-07-28 00:03:28 GSD insert 第 1 次 等待 3 秒
2021-07-28 00:03:31 {"status":"ok","gid":418642,"msg":"添加成功！"}
2021-07-28 00:03:31 下次操作: 2021-07-28 00:03:43

2021-07-28 00:03:43 开始第 27 次操作

2021-07-28 00:03:43 开始操作号码 【1848337】
2021-07-28 00:03:46 GSD getOne 第 1 次 等待 3 秒
2021-07-28 00:03:49 查询号码 【1848337】，返回信息 {"status":"bad","msg":""}
2021-07-28 00:03:49 查询号码 【1848337】，GSD为【""】
2021-07-28 00:03:49 bad
2021-07-28 00:03:51 CHB 1848337?1627401829 第 1 次 等待 3 秒
2021-07-28 00:03:54 CHB 1848337?1627401829 第 1 次 获取到号码【1848337】GSD
2021-07-28 00:03:54 获取到号码【1848337】的GSD为【四川-乐山】
2021-07-28 00:04:01 GSD insert 第 1 次 等待 3 秒
2021-07-28 00:04:04 {"status":"ok","gid":418651,"msg":"添加成功！"}
2021-07-28 00:04:04 下次操作: 2021-07-28 00:04:24

2021-07-28 00:04:24 开始第 28 次操作

2021-07-28 00:04:24 开始操作号码 【1848336】
2021-07-28 00:04:29 GSD getOne 第 1 次 等待 3 秒
2021-07-28 00:04:32 查询号码 【1848336】，返回信息 {"status":"bad","msg":""}
2021-07-28 00:04:32 查询号码 【1848336】，GSD为【""】
2021-07-28 00:04:32 bad
2021-07-28 00:04:34 CHB 1848336?1627401872 第 1 次 等待 3 秒
2021-07-28 00:04:37 CHB 1848336?1627401872 第 1 次 获取到号码【1848336】GSD
2021-07-28 00:04:37 获取到号码【1848336】的GSD为【四川-乐山】
2021-07-28 00:04:40 GSD insert 第 1 次 等待 3 秒
2021-07-28 00:04:43 {"status":"ok","gid":418661,"msg":"添加成功！"}
2021-07-28 00:04:43 下次操作: 2021-07-28 00:05:01

2021-07-28 00:05:01 开始第 29 次操作

2021-07-28 00:05:01 开始操作号码 【1848335】
2021-07-28 00:05:04 GSD getOne 第 1 次 等待 3 秒
2021-07-28 00:05:07 查询号码 【1848335】，返回信息 {"status":"bad","msg":""}
2021-07-28 00:05:07 查询号码 【1848335】，GSD为【""】
2021-07-28 00:05:07 bad
2021-07-28 00:05:08 CHB 1848335?1627401907 第 1 次 等待 3 秒
2021-07-28 00:05:11 CHB 1848335?1627401907 第 1 次 获取到号码【1848335】GSD
2021-07-28 00:05:11 获取到号码【1848335】的GSD为【四川-乐山】
2021-07-28 00:05:14 GSD insert 第 1 次 等待 3 秒
2021-07-28 00:05:17 {"status":"ok","gid":418668,"msg":"添加成功！"}
2021-07-28 00:05:17 下次操作: 2021-07-28 00:05:32

2021-07-28 00:05:32 开始第 30 次操作

2021-07-28 00:05:32 开始操作号码 【1848334】
2021-07-28 00:05:37 GSD getOne 第 1 次 等待 3 秒
2021-07-28 00:05:40 查询号码 【1848334】，返回信息 {"status":"bad","msg":""}
2021-07-28 00:05:40 查询号码 【1848334】，GSD为【""】
2021-07-28 00:05:40 bad
2021-07-28 00:05:43 CHB 1848334?1627401940 第 1 次 等待 3 秒
2021-07-28 00:05:46 CHB 1848334?1627401940 第 1 次 获取到号码【1848334】GSD
2021-07-28 00:05:46 获取到号码【1848334】的GSD为【四川-乐山】
2021-07-28 00:05:50 GSD insert 第 1 次 等待 3 秒
2021-07-28 00:05:53 {"status":"ok","gid":418679,"msg":"添加成功！"}
2021-07-28 00:05:53 下次操作: 2021-07-28 00:06:14

2021-07-28 00:06:14 开始第 31 次操作

2021-07-28 00:06:14 开始操作号码 【1848333】
2021-07-28 00:06:20 GSD getOne 第 1 次 等待 3 秒
2021-07-28 00:06:23 查询号码 【1848333】，返回信息 {"status":"bad","msg":""}
2021-07-28 00:06:23 查询号码 【1848333】，GSD为【""】
2021-07-28 00:06:23 bad
2021-07-28 00:06:25 CHB 1848333?1627401983 第 1 次 等待 3 秒
2021-07-28 00:06:28 CHB 1848333?1627401983 第 1 次 获取到号码【1848333】GSD
2021-07-28 00:06:28 获取到号码【1848333】的GSD为【四川-乐山】
2021-07-28 00:06:34 GSD insert 第 1 次 等待 3 秒
2021-07-28 00:06:37 {"status":"ok","gid":418688,"msg":"添加成功！"}
2021-07-28 00:06:37 下次操作: 2021-07-28 00:06:56

2021-07-28 00:06:56 开始第 32 次操作

2021-07-28 00:06:56 开始操作号码 【1848332】
2021-07-28 00:06:59 GSD getOne 第 1 次 等待 3 秒
2021-07-28 00:07:02 查询号码 【1848332】，返回信息 {"status":"bad","msg":""}
2021-07-28 00:07:03 查询号码 【1848332】，GSD为【""】
2021-07-28 00:07:03 bad
2021-07-28 00:07:04 CHB 1848332?1627402023 第 1 次 等待 3 秒
2021-07-28 00:07:07 CHB 1848332?1627402023 第 1 次 获取到号码【1848332】GSD
2021-07-28 00:07:07 获取到号码【1848332】的GSD为【四川-乐山】
2021-07-28 00:07:10 GSD insert 第 1 次 等待 3 秒
2021-07-28 00:07:13 {"status":"ok","gid":418699,"msg":"添加成功！"}
2021-07-28 00:07:13 下次操作: 2021-07-28 00:07:25

2021-07-28 00:07:25 开始第 33 次操作

2021-07-28 00:07:25 开始操作号码 【1848331】
2021-07-28 00:07:34 GSD getOne 第 1 次 等待 3 秒
2021-07-28 00:07:37 查询号码 【1848331】，返回信息 {"status":"bad","msg":""}
2021-07-28 00:07:37 查询号码 【1848331】，GSD为【""】
2021-07-28 00:07:37 bad
2021-07-28 00:07:42 CHB 1848331?1627402057 第 1 次 等待 3 秒
2021-07-28 00:07:45 CHB 1848331?1627402057 第 1 次 获取到号码【1848331】GSD
2021-07-28 00:07:45 获取到号码【1848331】的GSD为【四川-乐山】
2021-07-28 00:07:49 GSD insert 第 1 次 等待 3 秒
2021-07-28 00:07:52 {"status":"ok","gid":418706,"msg":"添加成功！"}
2021-07-28 00:07:52 下次操作: 2021-07-28 00:08:12

2021-07-28 00:08:12 开始第 34 次操作

2021-07-28 00:08:12 开始操作号码 【1848330】
2021-07-28 00:08:14 GSD getOne 第 1 次 等待 3 秒
2021-07-28 00:08:17 查询号码 【1848330】，返回信息 {"status":"bad","msg":""}
2021-07-28 00:08:17 查询号码 【1848330】，GSD为【""】
2021-07-28 00:08:17 bad
2021-07-28 00:08:19 CHB 1848330?1627402097 第 1 次 等待 3 秒
2021-07-28 00:08:22 CHB 1848330?1627402097 第 1 次 获取到号码【1848330】GSD
2021-07-28 00:08:22 获取到号码【1848330】的GSD为【四川-乐山】
2021-07-28 00:08:25 GSD insert 第 1 次 等待 3 秒
2021-07-28 00:08:28 {"status":"ok","gid":418715,"msg":"添加成功！"}
2021-07-28 00:08:28 下次操作: 2021-07-28 00:08:43

2021-07-28 00:08:43 开始第 35 次操作

2021-07-28 00:08:43 开始操作号码 【1848329】
2021-07-28 00:08:46 GSD getOne 第 1 次 等待 3 秒
2021-07-28 00:08:49 查询号码 【1848329】，返回信息 {"status":"bad","msg":""}
2021-07-28 00:08:49 查询号码 【1848329】，GSD为【""】
2021-07-28 00:08:49 bad
2021-07-28 00:08:55 CHB 1848329?1627402129 第 1 次 等待 3 秒
2021-07-28 00:08:58 CHB 1848329?1627402129 第 1 次 获取到号码【1848329】GSD
2021-07-28 00:08:58 获取到号码【1848329】的GSD为【四川-内江】
2021-07-28 00:09:00 GSD insert 第 1 次 等待 3 秒
2021-07-28 00:09:03 {"status":"ok","gid":418726,"msg":"添加成功！"}
2021-07-28 00:09:03 下次操作: 2021-07-28 00:09:23

2021-07-28 00:09:23 开始第 36 次操作

2021-07-28 00:09:23 开始操作号码 【1848328】
2021-07-28 00:09:26 GSD getOne 第 1 次 等待 3 秒
2021-07-28 00:09:29 查询号码 【1848328】，返回信息 {"status":"ok","msg":"四川-内江","gid":"39510","time_insert":"2019-11-15 11:24","time_update":"2020-11-10 12:09"}
2021-07-28 00:09:30 查询号码 【1848328】，GSD为【"四川-内江"】

2021-07-28 00:09:30 开始第 36 次操作

2021-07-28 00:09:30 开始操作号码 【1848327】
2021-07-28 00:09:33 GSD getOne 第 1 次 等待 3 秒
2021-07-28 00:09:36 查询号码 【1848327】，返回信息 {"status":"bad","msg":""}
2021-07-28 00:09:36 查询号码 【1848327】，GSD为【""】
2021-07-28 00:09:36 bad
2021-07-28 00:09:38 CHB 1848327?1627402176 第 1 次 等待 3 秒
2021-07-28 00:09:41 CHB 1848327?1627402176 第 1 次 获取到号码【1848327】GSD
2021-07-28 00:09:41 获取到号码【1848327】的GSD为【四川-内江】
2021-07-28 00:09:45 GSD insert 第 1 次 等待 3 秒
2021-07-28 00:09:48 {"status":"ok","gid":418737,"msg":"添加成功！"}
2021-07-28 00:09:48 下次操作: 2021-07-28 00:10:08

2021-07-28 00:10:08 开始第 37 次操作

2021-07-28 00:10:08 开始操作号码 【1848326】
2021-07-28 00:10:11 GSD getOne 第 1 次 等待 3 秒
2021-07-28 00:10:14 查询号码 【1848326】，返回信息 {"status":"ok","msg":"四川-内江","gid":"39509","time_insert":"2018-10-14 23:09","time_update":"2020-11-10 12:04"}
2021-07-28 00:10:14 查询号码 【1848326】，GSD为【"四川-内江"】

2021-07-28 00:10:14 开始第 37 次操作

2021-07-28 00:10:14 开始操作号码 【1848325】
2021-07-28 00:10:17 GSD getOne 第 1 次 等待 3 秒
2021-07-28 00:10:20 查询号码 【1848325】，返回信息 {"status":"bad","msg":""}
2021-07-28 00:10:20 查询号码 【1848325】，GSD为【""】
2021-07-28 00:10:20 bad
2021-07-28 00:10:22 CHB 1848325?1627402220 第 1 次 等待 3 秒
2021-07-28 00:10:25 CHB 1848325?1627402220 第 1 次 获取到号码【1848325】GSD
2021-07-28 00:10:25 获取到号码【1848325】的GSD为【四川-内江】
2021-07-28 00:10:28 GSD insert 第 1 次 等待 3 秒
2021-07-28 00:10:31 {"status":"ok","gid":418746,"msg":"添加成功！"}
2021-07-28 00:10:31 下次操作: 2021-07-28 00:10:52

2021-07-28 00:10:52 开始第 38 次操作

2021-07-28 00:10:52 开始操作号码 【1848324】
2021-07-28 00:10:55 GSD getOne 第 1 次 等待 3 秒
2021-07-28 00:10:58 查询号码 【1848324】，返回信息 {"status":"bad","msg":""}
2021-07-28 00:10:58 查询号码 【1848324】，GSD为【""】
2021-07-28 00:10:58 bad
2021-07-28 00:11:00 CHB 1848324?1627402258 第 1 次 等待 3 秒
2021-07-28 00:11:03 CHB 1848324?1627402258 第 1 次 获取到号码【1848324】GSD
2021-07-28 00:11:03 获取到号码【1848324】的GSD为【四川-内江】
2021-07-28 00:11:06 GSD insert 第 1 次 等待 3 秒
2021-07-28 00:11:09 {"status":"ok","gid":418755,"msg":"添加成功！"}
2021-07-28 00:11:09 下次操作: 2021-07-28 00:11:24

2021-07-28 00:11:24 开始第 39 次操作

2021-07-28 00:11:24 开始操作号码 【1848323】
2021-07-28 00:11:27 GSD getOne 第 1 次 等待 3 秒
2021-07-28 00:11:30 查询号码 【1848323】，返回信息 {"status":"ok","msg":"四川-内江","gid":"39508","time_insert":"2019-08-28 13:50","time_update":"2020-11-10 11:59"}
2021-07-28 00:11:30 查询号码 【1848323】，GSD为【"四川-内江"】

2021-07-28 00:11:30 开始第 39 次操作

2021-07-28 00:11:30 开始操作号码 【1848322】
2021-07-28 00:11:36 GSD getOne 第 1 次 等待 3 秒
2021-07-28 00:11:39 查询号码 【1848322】，返回信息 {"status":"ok","msg":"四川-内江","gid":"39507","time_insert":"2020-02-26 17:37","time_update":"2020-11-10 11:59"}
2021-07-28 00:11:39 查询号码 【1848322】，GSD为【"四川-内江"】

2021-07-28 00:11:39 开始第 39 次操作

2021-07-28 00:11:39 开始操作号码 【1848321】
2021-07-28 00:11:41 GSD getOne 第 1 次 等待 3 秒
2021-07-28 00:11:44 查询号码 【1848321】，返回信息 {"status":"bad","msg":""}
2021-07-28 00:11:44 查询号码 【1848321】，GSD为【""】
2021-07-28 00:11:44 bad
2021-07-28 00:11:46 CHB 1848321?1627402304 第 1 次 等待 3 秒
2021-07-28 00:11:49 CHB 1848321?1627402304 第 1 次 获取到号码【1848321】GSD
2021-07-28 00:11:49 获取到号码【1848321】的GSD为【四川-内江】
2021-07-28 00:11:57 GSD insert 第 1 次 等待 3 秒
2021-07-28 00:12:00 {"status":"ok","gid":418767,"msg":"添加成功！"}
2021-07-28 00:12:00 下次操作: 2021-07-28 00:12:14

2021-07-28 00:12:14 开始第 40 次操作

2021-07-28 00:12:14 开始操作号码 【1848320】
2021-07-28 00:12:17 GSD getOne 第 1 次 等待 3 秒
2021-07-28 00:12:20 查询号码 【1848320】，返回信息 {"status":"bad","msg":""}
2021-07-28 00:12:20 查询号码 【1848320】，GSD为【""】
2021-07-28 00:12:20 bad
2021-07-28 00:12:23 CHB 1848320?1627402340 第 1 次 等待 3 秒
2021-07-28 00:12:26 CHB 1848320?1627402340 第 1 次 获取到号码【1848320】GSD
2021-07-28 00:12:26 获取到号码【1848320】的GSD为【四川-内江】
2021-07-28 00:12:35 GSD insert 第 1 次 等待 3 秒
2021-07-28 00:12:38 {"status":"ok","gid":418777,"msg":"添加成功！"}

