2024-03-12 00:16:48 开始第 8477 次操作

2024-03-12 00:16:48 开始操作号码 【1708379】
2024-03-12 00:16:53 GSD getOne 第 1 次 等待 3 秒
2024-03-12 00:16:56 查询号码 【1708379】，返回信息 {"status":"ok","msg":"河南-洛阳","gid":"193899","time_insert":"2021-07-04 23:53"}
2024-03-12 00:16:56 查询号码 【1708379】，GSD为【"河南-洛阳"】

2024-03-12 00:16:57 开始第 8478 次操作

2024-03-12 00:16:57 开始操作号码 【1708380】
2024-03-12 00:17:01 GSD getOne 第 1 次 等待 3 秒
2024-03-12 00:17:04 查询号码 【1708380】，返回信息 {"status":"ok","msg":"河南-新乡","gid":"193952","time_insert":"2021-07-04 23:58"}
2024-03-12 00:17:04 查询号码 【1708380】，GSD为【"河南-新乡"】

2024-03-12 00:17:05 开始第 8479 次操作

2024-03-12 00:17:05 开始操作号码 【1708381】
2024-03-12 00:17:09 GSD getOne 第 1 次 等待 3 秒
2024-03-12 00:17:12 查询号码 【1708381】，返回信息 {"status":"ok","msg":"河南-新乡","gid":"193961","time_insert":"2021-07-04 23:59"}
2024-03-12 00:17:12 查询号码 【1708381】，GSD为【"河南-新乡"】

2024-03-12 00:17:13 开始第 8480 次操作

2024-03-12 00:17:13 开始操作号码 【1708382】
2024-03-12 00:17:18 GSD getOne 第 1 次 等待 3 秒
2024-03-12 00:17:21 查询号码 【1708382】，返回信息 {"status":"ok","msg":"河南-新乡","gid":"193971","time_insert":"2021-07-05 00:00"}
2024-03-12 00:17:21 查询号码 【1708382】，GSD为【"河南-新乡"】

