2021-07-26 08:44:37 开始第 1 次操作

2021-07-26 08:44:37 开始操作号码 【1849999】
2021-07-26 08:44:40 GSD getOne 第 1 次 等待 3 秒
2021-07-26 08:44:43 查询号码 【1849999】，返回信息 {"status":"bad","msg":""}
2021-07-26 08:44:43 查询号码 【1849999】，GSD为【""】
2021-07-26 08:44:43 bad
2021-07-26 08:44:45 CHB 1849999?1627260283 第 1 次 等待 3 秒
2021-07-26 08:44:48 CHB 1849999?1627260283 第 1 次 获取到号码【1849999】GSD
2021-07-26 08:44:48 获取到号码【1849999】的GSD为【四川-成都】
2021-07-26 08:45:07 GSD insert 第 1 次 等待 3 秒
2021-07-26 08:45:10 {"status":"ok","gid":399311,"msg":"添加成功！"}
2021-07-26 08:45:10 下次操作: 2021-07-26 08:45:26

2021-07-26 08:45:26 开始第 2 次操作

2021-07-26 08:45:26 开始操作号码 【1849998】
2021-07-26 08:45:29 GSD getOne 第 1 次 等待 3 秒
2021-07-26 08:45:32 查询号码 【1849998】，返回信息 {"status":"bad","msg":""}
2021-07-26 08:45:32 查询号码 【1849998】，GSD为【""】
2021-07-26 08:45:32 bad
2021-07-26 08:45:33 CHB 1849998?1627260332 第 1 次 等待 3 秒
2021-07-26 08:45:36 CHB 1849998?1627260332 第 1 次 获取到号码【1849998】GSD
2021-07-26 08:45:36 获取到号码【1849998】的GSD为【四川-成都】
2021-07-26 08:45:55 GSD insert 第 1 次 等待 3 秒
2021-07-26 08:45:58 {"status":"ok","gid":399314,"msg":"添加成功！"}
2021-07-26 08:45:58 下次操作: 2021-07-26 08:46:12

2021-07-26 08:46:12 开始第 3 次操作

2021-07-26 08:46:12 开始操作号码 【1849997】
2021-07-26 08:46:15 GSD getOne 第 1 次 等待 3 秒
2021-07-26 08:46:18 查询号码 【1849997】，返回信息 {"status":"bad","msg":""}
2021-07-26 08:46:18 查询号码 【1849997】，GSD为【""】
2021-07-26 08:46:18 bad
2021-07-26 08:46:19 CHB 1849997?1627260378 第 1 次 等待 3 秒
2021-07-26 08:46:22 CHB 1849997?1627260378 第 1 次 获取到号码【1849997】GSD
2021-07-26 08:46:22 获取到号码【1849997】的GSD为【四川-成都】
2021-07-26 08:46:40 GSD insert 第 1 次 等待 3 秒
2021-07-26 08:46:43 {"status":"ok","gid":399318,"msg":"添加成功！"}
2021-07-26 08:46:43 下次操作: 2021-07-26 08:47:05

2021-07-26 08:47:05 开始第 4 次操作

2021-07-26 08:47:05 开始操作号码 【1849996】
2021-07-26 08:47:08 GSD getOne 第 1 次 等待 3 秒
2021-07-26 08:47:11 查询号码 【1849996】，返回信息 {"status":"bad","msg":""}
2021-07-26 08:47:11 查询号码 【1849996】，GSD为【""】
2021-07-26 08:47:11 bad
2021-07-26 08:47:13 CHB 1849996?1627260431 第 1 次 等待 3 秒
2021-07-26 08:47:16 CHB 1849996?1627260431 第 1 次 获取到号码【1849996】GSD
2021-07-26 08:47:16 获取到号码【1849996】的GSD为【四川-成都】
2021-07-26 08:47:34 GSD insert 第 1 次 等待 3 秒
2021-07-26 08:47:37 {"status":"ok","gid":399321,"msg":"添加成功！"}
2021-07-26 08:47:37 下次操作: 2021-07-26 08:47:55

2021-07-26 08:47:55 开始第 5 次操作

2021-07-26 08:47:55 开始操作号码 【1849995】
2021-07-26 08:47:59 GSD getOne 第 1 次 等待 3 秒
2021-07-26 08:48:02 查询号码 【1849995】，返回信息 {"status":"bad","msg":""}
2021-07-26 08:48:02 查询号码 【1849995】，GSD为【""】
2021-07-26 08:48:02 bad
2021-07-26 08:48:04 CHB 1849995?1627260482 第 1 次 等待 3 秒
2021-07-26 08:48:07 CHB 1849995?1627260482 第 1 次 获取到号码【1849995】GSD
2021-07-26 08:48:07 获取到号码【1849995】的GSD为【四川-成都】
2021-07-26 08:48:25 GSD insert 第 1 次 等待 3 秒
2021-07-26 08:48:28 {"status":"ok","gid":399323,"msg":"添加成功！"}
2021-07-26 08:48:28 下次操作: 2021-07-26 08:48:42

2021-07-26 08:48:42 开始第 6 次操作

2021-07-26 08:48:42 开始操作号码 【1849994】
2021-07-26 08:48:45 GSD getOne 第 1 次 等待 3 秒
2021-07-26 08:48:48 查询号码 【1849994】，返回信息 {"status":"bad","msg":""}
2021-07-26 08:48:48 查询号码 【1849994】，GSD为【""】
2021-07-26 08:48:48 bad
2021-07-26 08:48:49 CHB 1849994?1627260528 第 1 次 等待 3 秒
2021-07-26 08:48:52 CHB 1849994?1627260528 第 1 次 获取到号码【1849994】GSD
2021-07-26 08:48:52 获取到号码【1849994】的GSD为【四川-成都】
2021-07-26 08:49:11 GSD insert 第 1 次 等待 3 秒
2021-07-26 08:49:14 {"status":"ok","gid":399325,"msg":"添加成功！"}
2021-07-26 08:49:14 下次操作: 2021-07-26 08:49:26

2021-07-26 08:49:26 开始第 7 次操作

2021-07-26 08:49:26 开始操作号码 【1849993】
2021-07-26 08:49:30 GSD getOne 第 1 次 等待 3 秒
2021-07-26 08:49:33 查询号码 【1849993】，返回信息 {"status":"bad","msg":""}
2021-07-26 08:49:33 查询号码 【1849993】，GSD为【""】
2021-07-26 08:49:33 bad
2021-07-26 08:49:35 CHB 1849993?1627260573 第 1 次 等待 3 秒
2021-07-26 08:49:38 CHB 1849993?1627260573 第 1 次 获取到号码【1849993】GSD
2021-07-26 08:49:38 获取到号码【1849993】的GSD为【四川-成都】
2021-07-26 08:49:56 GSD insert 第 1 次 等待 3 秒
2021-07-26 08:49:59 {"status":"ok","gid":399326,"msg":"添加成功！"}
2021-07-26 08:49:59 下次操作: 2021-07-26 08:50:12

2021-07-26 08:50:12 开始第 8 次操作

2021-07-26 08:50:12 开始操作号码 【1849992】
2021-07-26 08:50:15 GSD getOne 第 1 次 等待 3 秒
2021-07-26 08:50:18 查询号码 【1849992】，返回信息 {"status":"bad","msg":""}
2021-07-26 08:50:18 查询号码 【1849992】，GSD为【""】
2021-07-26 08:50:18 bad
2021-07-26 08:50:20 CHB 1849992?1627260618 第 1 次 等待 3 秒
2021-07-26 08:50:23 CHB 1849992?1627260618 第 1 次 获取到号码【1849992】GSD
2021-07-26 08:50:23 获取到号码【1849992】的GSD为【四川-成都】
2021-07-26 08:50:41 GSD insert 第 1 次 等待 3 秒
2021-07-26 08:50:44 {"status":"ok","gid":399328,"msg":"添加成功！"}
2021-07-26 08:50:44 下次操作: 2021-07-26 08:51:05

2021-07-26 08:51:05 开始第 9 次操作

2021-07-26 08:51:05 开始操作号码 【1849991】
2021-07-26 08:51:08 GSD getOne 第 1 次 等待 3 秒
2021-07-26 08:51:11 查询号码 【1849991】，返回信息 {"status":"bad","msg":""}
2021-07-26 08:51:11 查询号码 【1849991】，GSD为【""】
2021-07-26 08:51:11 bad
2021-07-26 08:51:12 CHB 1849991?1627260671 第 1 次 等待 3 秒
2021-07-26 08:51:15 CHB 1849991?1627260671 第 1 次 获取到号码【1849991】GSD
2021-07-26 08:51:15 获取到号码【1849991】的GSD为【四川-成都】
2021-07-26 08:51:33 GSD insert 第 1 次 等待 3 秒
2021-07-26 08:51:36 {"status":"ok","gid":399329,"msg":"添加成功！"}
2021-07-26 08:51:36 下次操作: 2021-07-26 08:51:52

2021-07-26 08:51:52 开始第 10 次操作

2021-07-26 08:51:52 开始操作号码 【1849990】
2021-07-26 08:51:55 GSD getOne 第 1 次 等待 3 秒
2021-07-26 08:51:58 查询号码 【1849990】，返回信息 {"status":"bad","msg":""}
2021-07-26 08:51:58 查询号码 【1849990】，GSD为【""】
2021-07-26 08:51:58 bad
2021-07-26 08:51:59 CHB 1849990?1627260718 第 1 次 等待 3 秒
2021-07-26 08:52:03 CHB 1849990?1627260718 第 1 次 获取到号码【1849990】GSD
2021-07-26 08:52:03 获取到号码【1849990】的GSD为【四川-成都】
2021-07-26 08:52:21 GSD insert 第 1 次 等待 3 秒
2021-07-26 08:52:24 {"status":"ok","gid":399333,"msg":"添加成功！"}
2021-07-26 08:52:24 下次操作: 2021-07-26 08:52:36

2021-07-26 08:52:36 开始第 11 次操作

2021-07-26 08:52:36 开始操作号码 【1849989】
2021-07-26 08:52:39 GSD getOne 第 1 次 等待 3 秒
2021-07-26 08:52:42 查询号码 【1849989】，返回信息 {"status":"bad","msg":""}
2021-07-26 08:52:42 查询号码 【1849989】，GSD为【""】
2021-07-26 08:52:42 bad
2021-07-26 08:52:44 CHB 1849989?1627260762 第 1 次 等待 3 秒
2021-07-26 08:52:47 CHB 1849989?1627260762 第 1 次 获取到号码【1849989】GSD
2021-07-26 08:52:47 获取到号码【1849989】的GSD为【贵州-贵阳】
2021-07-26 08:53:05 GSD insert 第 1 次 等待 3 秒
2021-07-26 08:53:08 {"status":"ok","gid":399337,"msg":"添加成功！"}
2021-07-26 08:53:08 下次操作: 2021-07-26 08:53:32

2021-07-26 08:53:32 开始第 12 次操作

2021-07-26 08:53:32 开始操作号码 【1849988】
2021-07-26 08:53:35 GSD getOne 第 1 次 等待 3 秒
2021-07-26 08:53:38 查询号码 【1849988】，返回信息 {"status":"bad","msg":""}
2021-07-26 08:53:38 查询号码 【1849988】，GSD为【""】
2021-07-26 08:53:38 bad
2021-07-26 08:53:39 CHB 1849988?1627260818 第 1 次 等待 3 秒
2021-07-26 08:53:42 CHB 1849988?1627260818 第 1 次 获取到号码【1849988】GSD
2021-07-26 08:53:42 获取到号码【1849988】的GSD为【贵州-贵阳】
2021-07-26 08:54:00 GSD insert 第 1 次 等待 3 秒
2021-07-26 08:54:03 {"status":"ok","gid":399338,"msg":"添加成功！"}
2021-07-26 08:54:03 下次操作: 2021-07-26 08:54:16

2021-07-26 08:54:16 开始第 13 次操作

2021-07-26 08:54:16 开始操作号码 【1849987】
2021-07-26 08:54:19 GSD getOne 第 1 次 等待 3 秒
2021-07-26 08:54:22 查询号码 【1849987】，返回信息 {"status":"bad","msg":""}
2021-07-26 08:54:22 查询号码 【1849987】，GSD为【""】
2021-07-26 08:54:22 bad
2021-07-26 08:54:24 CHB 1849987?1627260862 第 1 次 等待 3 秒
2021-07-26 08:54:27 CHB 1849987?1627260862 第 1 次 获取到号码【1849987】GSD
2021-07-26 08:54:27 获取到号码【1849987】的GSD为【贵州-贵阳】
2021-07-26 08:54:45 GSD insert 第 1 次 等待 3 秒
2021-07-26 08:54:48 {"status":"ok","gid":399339,"msg":"添加成功！"}
2021-07-26 08:54:48 下次操作: 2021-07-26 08:55:03

2021-07-26 08:55:03 开始第 14 次操作

2021-07-26 08:55:03 开始操作号码 【1849986】
2021-07-26 08:55:05 GSD getOne 第 1 次 等待 3 秒
2021-07-26 08:55:08 查询号码 【1849986】，返回信息 {"status":"bad","msg":""}
2021-07-26 08:55:08 查询号码 【1849986】，GSD为【""】
2021-07-26 08:55:08 bad
2021-07-26 08:55:10 CHB 1849986?1627260908 第 1 次 等待 3 秒
2021-07-26 08:55:13 CHB 1849986?1627260908 第 1 次 获取到号码【1849986】GSD
2021-07-26 08:55:13 获取到号码【1849986】的GSD为【贵州-贵阳】
2021-07-26 08:55:31 GSD insert 第 1 次 等待 3 秒
2021-07-26 08:55:34 {"status":"ok","gid":399342,"msg":"添加成功！"}
2021-07-26 08:55:34 下次操作: 2021-07-26 08:55:47

2021-07-26 08:55:47 开始第 15 次操作

2021-07-26 08:55:47 开始操作号码 【1849985】
2021-07-26 08:55:50 GSD getOne 第 1 次 等待 3 秒
2021-07-26 08:55:53 查询号码 【1849985】，返回信息 {"status":"bad","msg":""}
2021-07-26 08:55:53 查询号码 【1849985】，GSD为【""】
2021-07-26 08:55:53 bad
2021-07-26 08:55:55 CHB 1849985?1627260953 第 1 次 等待 3 秒
2021-07-26 08:55:58 CHB 1849985?1627260953 第 1 次 获取到号码【1849985】GSD
2021-07-26 08:55:58 获取到号码【1849985】的GSD为【贵州-贵阳】
2021-07-26 08:56:16 GSD insert 第 1 次 等待 3 秒
2021-07-26 08:56:19 {"status":"ok","gid":399343,"msg":"添加成功！"}
2021-07-26 08:56:19 下次操作: 2021-07-26 08:56:42

2021-07-26 08:56:42 开始第 16 次操作

2021-07-26 08:56:42 开始操作号码 【1849984】
2021-07-26 08:56:45 GSD getOne 第 1 次 等待 3 秒
2021-07-26 08:56:48 查询号码 【1849984】，返回信息 {"status":"bad","msg":""}
2021-07-26 08:56:48 查询号码 【1849984】，GSD为【""】
2021-07-26 08:56:48 bad
2021-07-26 08:56:49 CHB 1849984?1627261008 第 1 次 等待 3 秒
2021-07-26 08:56:52 CHB 1849984?1627261008 第 1 次 获取到号码【1849984】GSD
2021-07-26 08:56:52 获取到号码【1849984】的GSD为【贵州-贵阳】
2021-07-26 08:57:10 GSD insert 第 1 次 等待 3 秒
2021-07-26 08:57:13 {"status":"ok","gid":399346,"msg":"添加成功！"}
2021-07-26 08:57:13 下次操作: 2021-07-26 08:57:37

2021-07-26 08:57:37 开始第 17 次操作

2021-07-26 08:57:37 开始操作号码 【1849983】
2021-07-26 08:57:40 GSD getOne 第 1 次 等待 3 秒
2021-07-26 08:57:43 查询号码 【1849983】，返回信息 {"status":"bad","msg":""}
2021-07-26 08:57:43 查询号码 【1849983】，GSD为【""】
2021-07-26 08:57:43 bad
2021-07-26 08:57:45 CHB 1849983?1627261063 第 1 次 等待 3 秒
2021-07-26 08:57:48 CHB 1849983?1627261063 第 1 次 获取到号码【1849983】GSD
2021-07-26 08:57:48 获取到号码【1849983】的GSD为【贵州-贵阳】
2021-07-26 08:58:06 GSD insert 第 1 次 等待 3 秒
2021-07-26 08:58:09 {"status":"ok","gid":399349,"msg":"添加成功！"}
2021-07-26 08:58:09 下次操作: 2021-07-26 08:58:25

2021-07-26 08:58:25 开始第 18 次操作

2021-07-26 08:58:25 开始操作号码 【1849982】
2021-07-26 08:58:28 GSD getOne 第 1 次 等待 3 秒
2021-07-26 08:58:31 查询号码 【1849982】，返回信息 {"status":"bad","msg":""}
2021-07-26 08:58:31 查询号码 【1849982】，GSD为【""】
2021-07-26 08:58:31 bad
2021-07-26 08:58:32 CHB 1849982?1627261111 第 1 次 等待 3 秒
2021-07-26 08:58:35 CHB 1849982?1627261111 第 1 次 获取到号码【1849982】GSD
2021-07-26 08:58:35 获取到号码【1849982】的GSD为【贵州-贵阳】
2021-07-26 08:58:53 GSD insert 第 1 次 等待 3 秒
2021-07-26 08:58:56 {"status":"ok","gid":399351,"msg":"添加成功！"}
2021-07-26 08:58:56 下次操作: 2021-07-26 08:59:08

2021-07-26 08:59:09 开始第 19 次操作

2021-07-26 08:59:09 开始操作号码 【1849981】
2021-07-26 08:59:15 GSD getOne 第 1 次 等待 3 秒
2021-07-26 08:59:18 查询号码 【1849981】，返回信息 {"status":"bad","msg":""}
2021-07-26 08:59:18 查询号码 【1849981】，GSD为【""】
2021-07-26 08:59:18 bad
2021-07-26 08:59:20 CHB 1849981?1627261158 第 1 次 等待 3 秒
2021-07-26 08:59:23 CHB 1849981?1627261158 第 1 次 获取到号码【1849981】GSD
2021-07-26 08:59:23 获取到号码【1849981】的GSD为【贵州-贵阳】
2021-07-26 08:59:41 GSD insert 第 1 次 等待 3 秒
2021-07-26 08:59:44 {"status":"ok","gid":399355,"msg":"添加成功！"}
2021-07-26 08:59:44 下次操作: 2021-07-26 08:59:57

2021-07-26 08:59:57 开始第 20 次操作

2021-07-26 08:59:57 开始操作号码 【1849980】
2021-07-26 08:59:59 GSD getOne 第 1 次 等待 3 秒
2021-07-26 09:00:02 查询号码 【1849980】，返回信息 {"status":"bad","msg":""}
2021-07-26 09:00:03 查询号码 【1849980】，GSD为【""】
2021-07-26 09:00:03 bad
2021-07-26 09:00:04 CHB 1849980?1627261203 第 1 次 等待 3 秒
2021-07-26 09:00:07 CHB 1849980?1627261203 第 1 次 获取到号码【1849980】GSD
2021-07-26 09:00:07 获取到号码【1849980】的GSD为【贵州-贵阳】
2021-07-26 09:00:25 GSD insert 第 1 次 等待 3 秒
2021-07-26 09:00:28 {"status":"ok","gid":399359,"msg":"添加成功！"}
2021-07-26 09:00:28 下次操作: 2021-07-26 09:00:46

2021-07-26 09:00:46 开始第 21 次操作

2021-07-26 09:00:46 开始操作号码 【1849979】
2021-07-26 09:00:49 GSD getOne 第 1 次 等待 3 秒
2021-07-26 09:00:52 查询号码 【1849979】，返回信息 {"status":"bad","msg":""}
2021-07-26 09:00:52 查询号码 【1849979】，GSD为【""】
2021-07-26 09:00:52 bad
2021-07-26 09:00:54 CHB 1849979?1627261252 第 1 次 等待 3 秒
2021-07-26 09:00:57 CHB 1849979?1627261252 第 1 次 获取到号码【1849979】GSD
2021-07-26 09:00:57 获取到号码【1849979】的GSD为【广西-南宁】
2021-07-26 09:01:15 GSD insert 第 1 次 等待 3 秒
2021-07-26 09:01:18 {"status":"ok","gid":399361,"msg":"添加成功！"}
2021-07-26 09:01:18 下次操作: 2021-07-26 09:01:31

2021-07-26 09:01:31 开始第 22 次操作

2021-07-26 09:01:31 开始操作号码 【1849978】
2021-07-26 09:01:33 GSD getOne 第 1 次 等待 3 秒
2021-07-26 09:01:36 查询号码 【1849978】，返回信息 {"status":"bad","msg":""}
2021-07-26 09:01:37 查询号码 【1849978】，GSD为【""】
2021-07-26 09:01:37 bad
2021-07-26 09:01:38 CHB 1849978?1627261297 第 1 次 等待 3 秒
2021-07-26 09:01:41 CHB 1849978?1627261297 第 1 次 获取到号码【1849978】GSD
2021-07-26 09:01:41 获取到号码【1849978】的GSD为【广西-南宁】
2021-07-26 09:01:59 GSD insert 第 1 次 等待 3 秒
2021-07-26 09:02:02 {"status":"ok","gid":399363,"msg":"添加成功！"}
2021-07-26 09:02:02 下次操作: 2021-07-26 09:02:20

2021-07-26 09:02:20 开始第 23 次操作

2021-07-26 09:02:20 开始操作号码 【1849977】
2021-07-26 09:02:23 GSD getOne 第 1 次 等待 3 秒
2021-07-26 09:02:26 查询号码 【1849977】，返回信息 {"status":"bad","msg":""}
2021-07-26 09:02:26 查询号码 【1849977】，GSD为【""】
2021-07-26 09:02:26 bad
2021-07-26 09:02:27 CHB 1849977?1627261346 第 1 次 等待 3 秒
2021-07-26 09:02:30 CHB 1849977?1627261346 第 1 次 获取到号码【1849977】GSD
2021-07-26 09:02:30 获取到号码【1849977】的GSD为【广西-南宁】
2021-07-26 09:02:48 GSD insert 第 1 次 等待 3 秒
2021-07-26 09:02:51 {"status":"ok","gid":399366,"msg":"添加成功！"}
2021-07-26 09:02:51 下次操作: 2021-07-26 09:03:10

2021-07-26 09:03:10 开始第 24 次操作

2021-07-26 09:03:11 开始操作号码 【1849976】
2021-07-26 09:03:13 GSD getOne 第 1 次 等待 3 秒
2021-07-26 09:03:16 查询号码 【1849976】，返回信息 {"status":"bad","msg":""}
2021-07-26 09:03:16 查询号码 【1849976】，GSD为【""】
2021-07-26 09:03:16 bad
2021-07-26 09:03:18 CHB 1849976?1627261396 第 1 次 等待 3 秒
2021-07-26 09:03:21 CHB 1849976?1627261396 第 1 次 获取到号码【1849976】GSD
2021-07-26 09:03:21 获取到号码【1849976】的GSD为【广西-南宁】
2021-07-26 09:03:39 GSD insert 第 1 次 等待 3 秒
2021-07-26 09:03:42 {"status":"ok","gid":399368,"msg":"添加成功！"}
2021-07-26 09:03:42 下次操作: 2021-07-26 09:04:05

2021-07-26 09:04:05 开始第 25 次操作

2021-07-26 09:04:05 开始操作号码 【1849975】
2021-07-26 09:04:08 GSD getOne 第 1 次 等待 3 秒
2021-07-26 09:04:11 查询号码 【1849975】，返回信息 {"status":"bad","msg":""}
2021-07-26 09:04:11 查询号码 【1849975】，GSD为【""】
2021-07-26 09:04:11 bad
2021-07-26 09:04:12 CHB 1849975?1627261451 第 1 次 等待 3 秒
2021-07-26 09:04:15 CHB 1849975?1627261451 第 1 次 获取到号码【1849975】GSD
2021-07-26 09:04:15 获取到号码【1849975】的GSD为【广西-南宁】
2021-07-26 09:04:33 GSD insert 第 1 次 等待 3 秒
2021-07-26 09:04:36 {"status":"ok","gid":399370,"msg":"添加成功！"}
2021-07-26 09:04:36 下次操作: 2021-07-26 09:04:55

2021-07-26 09:04:55 开始第 26 次操作

2021-07-26 09:04:55 开始操作号码 【1849974】
2021-07-26 09:04:58 GSD getOne 第 1 次 等待 3 秒
2021-07-26 09:05:01 查询号码 【1849974】，返回信息 {"status":"bad","msg":""}
2021-07-26 09:05:01 查询号码 【1849974】，GSD为【""】
2021-07-26 09:05:01 bad
2021-07-26 09:05:02 CHB 1849974?1627261501 第 1 次 等待 3 秒
2021-07-26 09:05:05 CHB 1849974?1627261501 第 1 次 获取到号码【1849974】GSD
2021-07-26 09:05:06 获取到号码【1849974】的GSD为【广西-南宁】
2021-07-26 09:05:24 GSD insert 第 1 次 等待 3 秒
2021-07-26 09:05:27 {"status":"ok","gid":399371,"msg":"添加成功！"}
2021-07-26 09:05:27 下次操作: 2021-07-26 09:05:39

2021-07-26 09:05:39 开始第 27 次操作

2021-07-26 09:05:39 开始操作号码 【1849973】
2021-07-26 09:05:42 GSD getOne 第 1 次 等待 3 秒
2021-07-26 09:05:45 查询号码 【1849973】，返回信息 {"status":"bad","msg":""}
2021-07-26 09:05:45 查询号码 【1849973】，GSD为【""】
2021-07-26 09:05:45 bad
2021-07-26 09:05:47 CHB 1849973?1627261545 第 1 次 等待 3 秒
2021-07-26 09:05:50 CHB 1849973?1627261545 第 1 次 获取到号码【1849973】GSD
2021-07-26 09:05:50 获取到号码【1849973】的GSD为【广西-南宁】
2021-07-26 09:06:08 GSD insert 第 1 次 等待 3 秒
2021-07-26 09:06:11 {"status":"ok","gid":399372,"msg":"添加成功！"}
2021-07-26 09:06:11 下次操作: 2021-07-26 09:06:27

2021-07-26 09:06:27 开始第 28 次操作

2021-07-26 09:06:27 开始操作号码 【1849972】
2021-07-26 09:06:30 GSD getOne 第 1 次 等待 3 秒
2021-07-26 09:06:33 查询号码 【1849972】，返回信息 {"status":"bad","msg":""}
2021-07-26 09:06:33 查询号码 【1849972】，GSD为【""】
2021-07-26 09:06:33 bad
2021-07-26 09:06:35 CHB 1849972?1627261593 第 1 次 等待 3 秒
2021-07-26 09:06:38 CHB 1849972?1627261593 第 1 次 获取到号码【1849972】GSD
2021-07-26 09:06:38 获取到号码【1849972】的GSD为【广西-南宁】
2021-07-26 09:06:56 GSD insert 第 1 次 等待 3 秒
2021-07-26 09:06:59 {"status":"ok","gid":399374,"msg":"添加成功！"}
2021-07-26 09:06:59 下次操作: 2021-07-26 09:07:22

2021-07-26 09:07:22 开始第 29 次操作

2021-07-26 09:07:22 开始操作号码 【1849971】
2021-07-26 09:07:26 GSD getOne 第 1 次 等待 3 秒
2021-07-26 09:07:29 查询号码 【1849971】，返回信息 {"status":"bad","msg":""}
2021-07-26 09:07:29 查询号码 【1849971】，GSD为【""】
2021-07-26 09:07:29 bad
2021-07-26 09:07:31 CHB 1849971?1627261649 第 1 次 等待 3 秒
2021-07-26 09:07:34 CHB 1849971?1627261649 第 1 次 获取到号码【1849971】GSD
2021-07-26 09:07:34 获取到号码【1849971】的GSD为【广西-南宁】
2021-07-26 09:07:52 GSD insert 第 1 次 等待 3 秒
2021-07-26 09:07:55 {"status":"ok","gid":399378,"msg":"添加成功！"}
2021-07-26 09:07:55 下次操作: 2021-07-26 09:08:17

2021-07-26 09:08:17 开始第 30 次操作

2021-07-26 09:08:17 开始操作号码 【1849970】
2021-07-26 09:08:19 GSD getOne 第 1 次 等待 3 秒
2021-07-26 09:08:22 查询号码 【1849970】，返回信息 {"status":"bad","msg":""}
2021-07-26 09:08:22 查询号码 【1849970】，GSD为【""】
2021-07-26 09:08:22 bad
2021-07-26 09:08:24 CHB 1849970?1627261702 第 1 次 等待 3 秒
2021-07-26 09:08:27 CHB 1849970?1627261702 第 1 次 获取到号码【1849970】GSD
2021-07-26 09:08:27 获取到号码【1849970】的GSD为【广西-南宁】
2021-07-26 09:08:46 GSD insert 第 1 次 等待 3 秒
2021-07-26 09:08:49 {"status":"ok","gid":399381,"msg":"添加成功！"}
2021-07-26 09:08:49 下次操作: 2021-07-26 09:09:02

2021-07-26 09:09:02 开始第 31 次操作

2021-07-26 09:09:02 开始操作号码 【1849969】
2021-07-26 09:09:05 GSD getOne 第 1 次 等待 3 秒
2021-07-26 09:09:08 查询号码 【1849969】，返回信息 {"status":"bad","msg":""}
2021-07-26 09:09:08 查询号码 【1849969】，GSD为【""】
2021-07-26 09:09:08 bad
2021-07-26 09:09:09 CHB 1849969?1627261748 第 1 次 等待 3 秒
2021-07-26 09:09:12 CHB 1849969?1627261748 第 1 次 获取到号码【1849969】GSD
2021-07-26 09:09:12 获取到号码【1849969】的GSD为【安徽-合肥】
2021-07-26 09:09:30 GSD insert 第 1 次 等待 3 秒
2021-07-26 09:09:33 {"status":"ok","gid":399382,"msg":"添加成功！"}
2021-07-26 09:09:33 下次操作: 2021-07-26 09:09:54

2021-07-26 09:09:54 开始第 32 次操作

2021-07-26 09:09:54 开始操作号码 【1849968】
2021-07-26 09:09:57 GSD getOne 第 1 次 等待 3 秒
2021-07-26 09:10:00 查询号码 【1849968】，返回信息 {"status":"bad","msg":""}
2021-07-26 09:10:00 查询号码 【1849968】，GSD为【""】
2021-07-26 09:10:00 bad
2021-07-26 09:10:02 CHB 1849968?1627261800 第 1 次 等待 3 秒
2021-07-26 09:10:05 CHB 1849968?1627261800 第 1 次 获取到号码【1849968】GSD
2021-07-26 09:10:05 获取到号码【1849968】的GSD为【安徽-合肥】
2021-07-26 09:10:23 GSD insert 第 1 次 等待 3 秒
2021-07-26 09:10:26 {"status":"ok","gid":399385,"msg":"添加成功！"}
2021-07-26 09:10:26 下次操作: 2021-07-26 09:10:42

2021-07-26 09:10:42 开始第 33 次操作

2021-07-26 09:10:42 开始操作号码 【1849967】
2021-07-26 09:10:45 GSD getOne 第 1 次 等待 3 秒
2021-07-26 09:10:48 查询号码 【1849967】，返回信息 {"status":"bad","msg":""}
2021-07-26 09:10:48 查询号码 【1849967】，GSD为【""】
2021-07-26 09:10:48 bad
2021-07-26 09:10:49 CHB 1849967?1627261848 第 1 次 等待 3 秒
2021-07-26 09:10:52 CHB 1849967?1627261848 第 1 次 获取到号码【1849967】GSD
2021-07-26 09:10:52 获取到号码【1849967】的GSD为【安徽-合肥】
2021-07-26 09:11:11 GSD insert 第 1 次 等待 3 秒
2021-07-26 09:11:14 {"status":"ok","gid":399386,"msg":"添加成功！"}
2021-07-26 09:11:14 下次操作: 2021-07-26 09:11:33

2021-07-26 09:11:33 开始第 34 次操作

2021-07-26 09:11:33 开始操作号码 【1849966】
2021-07-26 09:11:35 GSD getOne 第 1 次 等待 3 秒
2021-07-26 09:11:38 查询号码 【1849966】，返回信息 {"status":"bad","msg":""}
2021-07-26 09:11:38 查询号码 【1849966】，GSD为【""】
2021-07-26 09:11:38 bad
2021-07-26 09:11:40 CHB 1849966?1627261898 第 1 次 等待 3 秒
2021-07-26 09:11:43 CHB 1849966?1627261898 第 1 次 获取到号码【1849966】GSD
2021-07-26 09:11:43 获取到号码【1849966】的GSD为【安徽-合肥】
2021-07-26 09:12:01 GSD insert 第 1 次 等待 3 秒
2021-07-26 09:12:04 {"status":"ok","gid":399388,"msg":"添加成功！"}
2021-07-26 09:12:04 下次操作: 2021-07-26 09:12:19

2021-07-26 09:12:19 开始第 35 次操作

2021-07-26 09:12:19 开始操作号码 【1849965】
2021-07-26 09:12:25 GSD getOne 第 1 次 等待 3 秒
2021-07-26 09:12:28 查询号码 【1849965】，返回信息 {"status":"bad","msg":""}
2021-07-26 09:12:28 查询号码 【1849965】，GSD为【""】
2021-07-26 09:12:28 bad
2021-07-26 09:12:29 CHB 1849965?1627261948 第 1 次 等待 3 秒
2021-07-26 09:12:32 CHB 1849965?1627261948 第 1 次 获取到号码【1849965】GSD
2021-07-26 09:12:32 获取到号码【1849965】的GSD为【安徽-合肥】
2021-07-26 09:12:50 GSD insert 第 1 次 等待 3 秒
2021-07-26 09:12:53 {"status":"ok","gid":399390,"msg":"添加成功！"}
2021-07-26 09:12:53 下次操作: 2021-07-26 09:13:11

2021-07-26 09:13:11 开始第 36 次操作

2021-07-26 09:13:11 开始操作号码 【1849964】
2021-07-26 09:13:17 GSD getOne 第 1 次 等待 3 秒
2021-07-26 09:13:20 查询号码 【1849964】，返回信息 {"status":"bad","msg":""}
2021-07-26 09:13:20 查询号码 【1849964】，GSD为【""】
2021-07-26 09:13:20 bad
2021-07-26 09:13:22 CHB 1849964?1627262000 第 1 次 等待 3 秒
2021-07-26 09:13:25 CHB 1849964?1627262000 第 1 次 获取到号码【1849964】GSD
2021-07-26 09:13:25 获取到号码【1849964】的GSD为【安徽-合肥】
2021-07-26 09:13:43 GSD insert 第 1 次 等待 3 秒
2021-07-26 09:13:46 {"status":"ok","gid":399391,"msg":"添加成功！"}
2021-07-26 09:13:46 下次操作: 2021-07-26 09:14:05

2021-07-26 09:14:05 开始第 37 次操作

2021-07-26 09:14:05 开始操作号码 【1849963】
2021-07-26 09:14:08 GSD getOne 第 1 次 等待 3 秒
2021-07-26 09:14:11 查询号码 【1849963】，返回信息 {"status":"bad","msg":""}
2021-07-26 09:14:11 查询号码 【1849963】，GSD为【""】
2021-07-26 09:14:11 bad
2021-07-26 09:14:12 CHB 1849963?1627262051 第 1 次 等待 3 秒
2021-07-26 09:14:15 CHB 1849963?1627262051 第 1 次 获取到号码【1849963】GSD
2021-07-26 09:14:15 获取到号码【1849963】的GSD为【安徽-合肥】
2021-07-26 09:14:33 GSD insert 第 1 次 等待 3 秒
2021-07-26 09:14:36 {"status":"ok","gid":399394,"msg":"添加成功！"}
2021-07-26 09:14:36 下次操作: 2021-07-26 09:15:00

2021-07-26 09:15:00 开始第 38 次操作

2021-07-26 09:15:00 开始操作号码 【1849962】
2021-07-26 09:15:03 GSD getOne 第 1 次 等待 3 秒
2021-07-26 09:15:06 查询号码 【1849962】，返回信息 {"status":"bad","msg":""}
2021-07-26 09:15:06 查询号码 【1849962】，GSD为【""】
2021-07-26 09:15:06 bad
2021-07-26 09:15:08 CHB 1849962?1627262106 第 1 次 等待 3 秒
2021-07-26 09:15:11 CHB 1849962?1627262106 第 1 次 获取到号码【1849962】GSD
2021-07-26 09:15:11 获取到号码【1849962】的GSD为【安徽-合肥】
2021-07-26 09:15:30 GSD insert 第 1 次 等待 3 秒
2021-07-26 09:15:33 {"status":"ok","gid":399396,"msg":"添加成功！"}
2021-07-26 09:15:33 下次操作: 2021-07-26 09:15:49

2021-07-26 09:15:49 开始第 39 次操作

2021-07-26 09:15:49 开始操作号码 【1849961】
2021-07-26 09:15:51 GSD getOne 第 1 次 等待 3 秒
2021-07-26 09:15:54 查询号码 【1849961】，返回信息 {"status":"bad","msg":""}
2021-07-26 09:15:54 查询号码 【1849961】，GSD为【""】
2021-07-26 09:15:54 bad
2021-07-26 09:15:56 CHB 1849961?1627262154 第 1 次 等待 3 秒
2021-07-26 09:15:59 CHB 1849961?1627262154 第 1 次 获取到号码【1849961】GSD
2021-07-26 09:15:59 获取到号码【1849961】的GSD为【安徽-合肥】
2021-07-26 09:16:18 GSD insert 第 1 次 等待 3 秒
2021-07-26 09:16:21 {"status":"ok","gid":399401,"msg":"添加成功！"}
2021-07-26 09:16:21 下次操作: 2021-07-26 09:16:41

2021-07-26 09:16:41 开始第 40 次操作

2021-07-26 09:16:41 开始操作号码 【1849960】
2021-07-26 09:16:44 GSD getOne 第 1 次 等待 3 秒
2021-07-26 09:16:47 查询号码 【1849960】，返回信息 {"status":"bad","msg":""}
2021-07-26 09:16:47 查询号码 【1849960】，GSD为【""】
2021-07-26 09:16:47 bad
2021-07-26 09:16:49 CHB 1849960?1627262207 第 1 次 等待 3 秒
2021-07-26 09:16:52 CHB 1849960?1627262207 第 1 次 获取到号码【1849960】GSD
2021-07-26 09:16:52 获取到号码【1849960】的GSD为【安徽-合肥】
2021-07-26 09:17:10 GSD insert 第 1 次 等待 3 秒
2021-07-26 09:17:13 {"status":"ok","gid":399403,"msg":"添加成功！"}

2021-07-26 09:40:31 开始第 1 次操作

2021-07-26 09:40:31 开始操作号码 【1849959】
2021-07-26 09:40:34 GSD getOne 第 1 次 等待 3 秒
2021-07-26 09:40:37 查询号码 【1849959】，返回信息 {"status":"bad","msg":""}
2021-07-26 09:40:37 查询号码 【1849959】，GSD为【""】
2021-07-26 09:40:37 bad
2021-07-26 09:40:39 CHB 1849959?1627263637 第 1 次 等待 3 秒
2021-07-26 09:40:42 CHB 1849959?1627263637 第 1 次 获取到号码【1849959】GSD
2021-07-26 09:40:42 获取到号码【1849959】的GSD为【湖南-长沙】
2021-07-26 09:41:00 GSD insert 第 1 次 等待 3 秒
2021-07-26 09:41:03 {"status":"ok","gid":399448,"msg":"添加成功！"}
2021-07-26 09:41:03 下次操作: 2021-07-26 09:41:27

2021-07-26 09:41:27 开始第 2 次操作

2021-07-26 09:41:27 开始操作号码 【1849958】
2021-07-26 09:41:30 GSD getOne 第 1 次 等待 3 秒
2021-07-26 09:41:33 查询号码 【1849958】，返回信息 {"status":"bad","msg":""}
2021-07-26 09:41:33 查询号码 【1849958】，GSD为【""】
2021-07-26 09:41:33 bad
2021-07-26 09:41:34 CHB 1849958?1627263693 第 1 次 等待 3 秒
2021-07-26 09:41:37 CHB 1849958?1627263693 第 1 次 获取到号码【1849958】GSD
2021-07-26 09:41:37 获取到号码【1849958】的GSD为【广东-广州】
2021-07-26 09:41:55 GSD insert 第 1 次 等待 3 秒
2021-07-26 09:41:58 {"status":"ok","gid":399453,"msg":"添加成功！"}
2021-07-26 09:41:58 下次操作: 2021-07-26 09:42:16

2021-07-26 09:42:16 开始第 3 次操作

2021-07-26 09:42:16 开始操作号码 【1849957】
2021-07-26 09:42:19 GSD getOne 第 1 次 等待 3 秒
2021-07-26 09:42:22 查询号码 【1849957】，返回信息 {"status":"bad","msg":""}
2021-07-26 09:42:22 查询号码 【1849957】，GSD为【""】
2021-07-26 09:42:22 bad
2021-07-26 09:42:24 CHB 1849957?1627263742 第 1 次 等待 3 秒
2021-07-26 09:42:27 CHB 1849957?1627263742 第 1 次 获取到号码【1849957】GSD
2021-07-26 09:42:27 获取到号码【1849957】的GSD为【广东-广州】
2021-07-26 09:42:46 GSD insert 第 1 次 等待 3 秒
2021-07-26 09:42:49 {"status":"ok","gid":399461,"msg":"添加成功！"}
2021-07-26 09:42:49 下次操作: 2021-07-26 09:43:11

2021-07-26 09:43:11 开始第 4 次操作

2021-07-26 09:43:11 开始操作号码 【1849956】
2021-07-26 09:43:13 GSD getOne 第 1 次 等待 3 秒
2021-07-26 09:43:16 查询号码 【1849956】，返回信息 {"status":"bad","msg":""}
2021-07-26 09:43:17 查询号码 【1849956】，GSD为【""】
2021-07-26 09:43:17 bad
2021-07-26 09:43:18 CHB 1849956?1627263797 第 1 次 等待 3 秒
2021-07-26 09:43:21 CHB 1849956?1627263797 第 1 次 获取到号码【1849956】GSD
2021-07-26 09:43:21 获取到号码【1849956】的GSD为【广东-广州】
2021-07-26 09:43:39 GSD insert 第 1 次 等待 3 秒
2021-07-26 09:43:42 {"status":"ok","gid":399471,"msg":"添加成功！"}
2021-07-26 09:43:42 下次操作: 2021-07-26 09:44:03

2021-07-26 09:44:03 开始第 5 次操作

2021-07-26 09:44:03 开始操作号码 【1849955】
2021-07-26 09:44:06 GSD getOne 第 1 次 等待 3 秒
2021-07-26 09:44:09 查询号码 【1849955】，返回信息 {"status":"bad","msg":""}
2021-07-26 09:44:09 查询号码 【1849955】，GSD为【""】
2021-07-26 09:44:09 bad
2021-07-26 09:44:11 CHB 1849955?1627263849 第 1 次 等待 3 秒
2021-07-26 09:44:14 CHB 1849955?1627263849 第 1 次 获取到号码【1849955】GSD
2021-07-26 09:44:14 获取到号码【1849955】的GSD为【广东-广州】
2021-07-26 09:44:32 GSD insert 第 1 次 等待 3 秒
2021-07-26 09:44:35 {"status":"ok","gid":399481,"msg":"添加成功！"}
2021-07-26 09:44:35 下次操作: 2021-07-26 09:44:56

2021-07-26 09:44:56 开始第 6 次操作

2021-07-26 09:44:56 开始操作号码 【1849954】
2021-07-26 09:44:59 GSD getOne 第 1 次 等待 3 秒
2021-07-26 09:45:02 查询号码 【1849954】，返回信息 {"status":"bad","msg":""}
2021-07-26 09:45:02 查询号码 【1849954】，GSD为【""】
2021-07-26 09:45:02 bad
2021-07-26 09:45:03 CHB 1849954?1627263902 第 1 次 等待 3 秒
2021-07-26 09:45:06 CHB 1849954?1627263902 第 1 次 获取到号码【1849954】GSD
2021-07-26 09:45:06 获取到号码【1849954】的GSD为【广东-广州】
2021-07-26 09:45:24 GSD insert 第 1 次 等待 3 秒
2021-07-26 09:45:27 {"status":"ok","gid":399492,"msg":"添加成功！"}
2021-07-26 09:45:27 下次操作: 2021-07-26 09:45:43

2021-07-26 09:45:43 开始第 7 次操作

2021-07-26 09:45:43 开始操作号码 【1849953】
2021-07-26 09:45:46 GSD getOne 第 1 次 等待 3 秒
2021-07-26 09:45:49 查询号码 【1849953】，返回信息 {"status":"bad","msg":""}
2021-07-26 09:45:49 查询号码 【1849953】，GSD为【""】
2021-07-26 09:45:49 bad
2021-07-26 09:45:51 CHB 1849953?1627263949 第 1 次 等待 3 秒
2021-07-26 09:45:54 CHB 1849953?1627263949 第 1 次 获取到号码【1849953】GSD
2021-07-26 09:45:54 获取到号码【1849953】的GSD为【广东-广州】
2021-07-26 09:46:12 GSD insert 第 1 次 等待 3 秒
2021-07-26 09:46:15 {"status":"ok","gid":399507,"msg":"添加成功！"}
2021-07-26 09:46:15 下次操作: 2021-07-26 09:46:33

2021-07-26 09:46:33 开始第 8 次操作

2021-07-26 09:46:33 开始操作号码 【1849952】
2021-07-26 09:46:36 GSD getOne 第 1 次 等待 3 秒
2021-07-26 09:46:39 查询号码 【1849952】，返回信息 {"status":"bad","msg":""}
2021-07-26 09:46:39 查询号码 【1849952】，GSD为【""】
2021-07-26 09:46:39 bad
2021-07-26 09:46:40 CHB 1849952?1627263999 第 1 次 等待 3 秒
2021-07-26 09:46:43 CHB 1849952?1627263999 第 1 次 获取到号码【1849952】GSD
2021-07-26 09:46:43 获取到号码【1849952】的GSD为【广东-广州】
2021-07-26 09:47:01 GSD insert 第 1 次 等待 3 秒
2021-07-26 09:47:04 {"status":"ok","gid":399521,"msg":"添加成功！"}
2021-07-26 09:47:04 下次操作: 2021-07-26 09:47:16

2021-07-26 09:47:16 开始第 9 次操作

2021-07-26 09:47:16 开始操作号码 【1849951】
2021-07-26 09:47:20 GSD getOne 第 1 次 等待 3 秒
2021-07-26 09:47:23 查询号码 【1849951】，返回信息 {"status":"bad","msg":""}
2021-07-26 09:47:23 查询号码 【1849951】，GSD为【""】
2021-07-26 09:47:23 bad
2021-07-26 09:47:25 CHB 1849951?1627264043 第 1 次 等待 3 秒
2021-07-26 09:47:28 CHB 1849951?1627264043 第 1 次 获取到号码【1849951】GSD
2021-07-26 09:47:28 获取到号码【1849951】的GSD为【广东-广州】
2021-07-26 09:47:46 GSD insert 第 1 次 等待 3 秒
2021-07-26 09:47:49 {"status":"ok","gid":399533,"msg":"添加成功！"}
2021-07-26 09:47:49 下次操作: 2021-07-26 09:48:12

2021-07-26 09:48:12 开始第 10 次操作

2021-07-26 09:48:12 开始操作号码 【1849950】
2021-07-26 09:48:15 GSD getOne 第 1 次 等待 3 秒
2021-07-26 09:48:18 查询号码 【1849950】，返回信息 {"status":"bad","msg":""}
2021-07-26 09:48:18 查询号码 【1849950】，GSD为【""】
2021-07-26 09:48:18 bad
2021-07-26 09:48:19 CHB 1849950?1627264098 第 1 次 等待 3 秒
2021-07-26 09:48:22 CHB 1849950?1627264098 第 1 次 获取到号码【1849950】GSD
2021-07-26 09:48:23 获取到号码【1849950】的GSD为【广东-广州】
2021-07-26 09:48:40 GSD insert 第 1 次 等待 3 秒
2021-07-26 09:48:43 {"status":"ok","gid":399546,"msg":"添加成功！"}
2021-07-26 09:48:43 下次操作: 2021-07-26 09:48:57

2021-07-26 09:48:57 开始第 11 次操作

2021-07-26 09:48:57 开始操作号码 【1849949】
2021-07-26 09:49:00 GSD getOne 第 1 次 等待 3 秒
2021-07-26 09:49:03 查询号码 【1849949】，返回信息 {"status":"bad","msg":""}
2021-07-26 09:49:03 查询号码 【1849949】，GSD为【""】
2021-07-26 09:49:03 bad
2021-07-26 09:49:05 CHB 1849949?1627264143 第 1 次 等待 3 秒
2021-07-26 09:49:08 CHB 1849949?1627264143 第 1 次 获取到号码【1849949】GSD
2021-07-26 09:49:08 获取到号码【1849949】的GSD为【广东-广州】
2021-07-26 09:49:26 GSD insert 第 1 次 等待 3 秒
2021-07-26 09:49:29 {"status":"ok","gid":399557,"msg":"添加成功！"}
2021-07-26 09:49:29 下次操作: 2021-07-26 09:49:50

2021-07-26 09:49:50 开始第 12 次操作

2021-07-26 09:49:50 开始操作号码 【1849948】
2021-07-26 09:49:53 GSD getOne 第 1 次 等待 3 秒
2021-07-26 09:49:56 查询号码 【1849948】，返回信息 {"status":"bad","msg":""}
2021-07-26 09:49:56 查询号码 【1849948】，GSD为【""】
2021-07-26 09:49:56 bad
2021-07-26 09:49:57 CHB 1849948?1627264196 第 1 次 等待 3 秒
2021-07-26 09:50:00 CHB 1849948?1627264196 第 1 次 获取到号码【1849948】GSD
2021-07-26 09:50:01 获取到号码【1849948】的GSD为【广东-广州】
2021-07-26 09:50:19 GSD insert 第 1 次 等待 3 秒
2021-07-26 09:50:22 {"status":"ok","gid":399571,"msg":"添加成功！"}
2021-07-26 09:50:22 下次操作: 2021-07-26 09:50:42

2021-07-26 09:50:42 开始第 13 次操作

2021-07-26 09:50:42 开始操作号码 【1849947】
2021-07-26 09:50:44 GSD getOne 第 1 次 等待 3 秒
2021-07-26 09:50:47 查询号码 【1849947】，返回信息 {"status":"bad","msg":""}
2021-07-26 09:50:48 查询号码 【1849947】，GSD为【""】
2021-07-26 09:50:48 bad
2021-07-26 09:50:49 CHB 1849947?1627264248 第 1 次 等待 3 秒
2021-07-26 09:50:52 CHB 1849947?1627264248 第 1 次 获取到号码【1849947】GSD
2021-07-26 09:50:52 获取到号码【1849947】的GSD为【广东-广州】
2021-07-26 09:51:10 GSD insert 第 1 次 等待 3 秒
2021-07-26 09:51:13 {"status":"ok","gid":399585,"msg":"添加成功！"}
2021-07-26 09:51:13 下次操作: 2021-07-26 09:51:35

2021-07-26 09:51:35 开始第 14 次操作

2021-07-26 09:51:35 开始操作号码 【1849946】
2021-07-26 09:51:38 GSD getOne 第 1 次 等待 3 秒
2021-07-26 09:51:41 查询号码 【1849946】，返回信息 {"status":"bad","msg":""}
2021-07-26 09:51:41 查询号码 【1849946】，GSD为【""】
2021-07-26 09:51:41 bad
2021-07-26 09:51:43 CHB 1849946?1627264301 第 1 次 等待 3 秒
2021-07-26 09:51:46 CHB 1849946?1627264301 第 1 次 获取到号码【1849946】GSD
2021-07-26 09:51:46 获取到号码【1849946】的GSD为【广东-广州】
2021-07-26 09:52:04 GSD insert 第 1 次 等待 3 秒
2021-07-26 09:52:07 {"status":"ok","gid":399598,"msg":"添加成功！"}
2021-07-26 09:52:07 下次操作: 2021-07-26 09:52:27

2021-07-26 09:52:27 开始第 15 次操作

2021-07-26 09:52:27 开始操作号码 【1849945】
2021-07-26 09:52:29 GSD getOne 第 1 次 等待 3 秒
2021-07-26 09:52:32 查询号码 【1849945】，返回信息 {"status":"bad","msg":""}
2021-07-26 09:52:32 查询号码 【1849945】，GSD为【""】
2021-07-26 09:52:32 bad
2021-07-26 09:52:34 CHB 1849945?1627264352 第 1 次 等待 3 秒
2021-07-26 09:52:37 CHB 1849945?1627264352 第 1 次 获取到号码【1849945】GSD
2021-07-26 09:52:37 获取到号码【1849945】的GSD为【广东-广州】
2021-07-26 09:52:55 GSD insert 第 1 次 等待 3 秒
2021-07-26 09:52:58 {"status":"ok","gid":399608,"msg":"添加成功！"}
2021-07-26 09:52:58 下次操作: 2021-07-26 09:53:20

2021-07-26 09:53:20 开始第 16 次操作

2021-07-26 09:53:20 开始操作号码 【1849944】
2021-07-26 09:53:23 GSD getOne 第 1 次 等待 3 秒
2021-07-26 09:53:26 查询号码 【1849944】，返回信息 {"status":"bad","msg":""}
2021-07-26 09:53:26 查询号码 【1849944】，GSD为【""】
2021-07-26 09:53:26 bad
2021-07-26 09:53:27 CHB 1849944?1627264406 第 1 次 等待 3 秒
2021-07-26 09:53:30 CHB 1849944?1627264406 第 1 次 获取到号码【1849944】GSD
2021-07-26 09:53:31 获取到号码【1849944】的GSD为【广东-广州】
2021-07-26 09:53:49 GSD insert 第 1 次 等待 3 秒
2021-07-26 09:53:52 {"status":"ok","gid":399624,"msg":"添加成功！"}
2021-07-26 09:53:52 下次操作: 2021-07-26 09:54:16

2021-07-26 09:54:16 开始第 17 次操作

2021-07-26 09:54:16 开始操作号码 【1849943】
2021-07-26 09:54:19 GSD getOne 第 1 次 等待 3 秒
2021-07-26 09:54:22 查询号码 【1849943】，返回信息 {"status":"bad","msg":""}
2021-07-26 09:54:22 查询号码 【1849943】，GSD为【""】
2021-07-26 09:54:22 bad
2021-07-26 09:54:23 CHB 1849943?1627264462 第 1 次 等待 3 秒
2021-07-26 09:54:26 CHB 1849943?1627264462 第 1 次 获取到号码【1849943】GSD
2021-07-26 09:54:26 获取到号码【1849943】的GSD为【广东-广州】
2021-07-26 09:54:44 GSD insert 第 1 次 等待 3 秒
2021-07-26 09:54:47 {"status":"ok","gid":399639,"msg":"添加成功！"}
2021-07-26 09:54:47 下次操作: 2021-07-26 09:54:59

2021-07-26 09:54:59 开始第 18 次操作

2021-07-26 09:54:59 开始操作号码 【1849942】
2021-07-26 09:55:03 GSD getOne 第 1 次 等待 3 秒
2021-07-26 09:55:06 查询号码 【1849942】，返回信息 {"status":"bad","msg":""}
2021-07-26 09:55:06 查询号码 【1849942】，GSD为【""】
2021-07-26 09:55:06 bad
2021-07-26 09:55:07 CHB 1849942?1627264506 第 1 次 等待 3 秒
2021-07-26 09:55:10 CHB 1849942?1627264506 第 1 次 获取到号码【1849942】GSD
2021-07-26 09:55:11 获取到号码【1849942】的GSD为【广东-广州】
2021-07-26 09:55:29 GSD insert 第 1 次 等待 3 秒
2021-07-26 09:55:32 {"status":"ok","gid":399650,"msg":"添加成功！"}
2021-07-26 09:55:32 下次操作: 2021-07-26 09:55:44

2021-07-26 09:55:44 开始第 19 次操作

2021-07-26 09:55:44 开始操作号码 【1849941】
2021-07-26 09:55:47 GSD getOne 第 1 次 等待 3 秒
2021-07-26 09:55:50 查询号码 【1849941】，返回信息 {"status":"bad","msg":""}
2021-07-26 09:55:50 查询号码 【1849941】，GSD为【""】
2021-07-26 09:55:50 bad
2021-07-26 09:55:52 CHB 1849941?1627264550 第 1 次 等待 3 秒
2021-07-26 09:55:55 CHB 1849941?1627264550 第 1 次 获取到号码【1849941】GSD
2021-07-26 09:55:55 获取到号码【1849941】的GSD为【广东-广州】
2021-07-26 09:56:13 GSD insert 第 1 次 等待 3 秒
2021-07-26 09:56:16 {"status":"ok","gid":399663,"msg":"添加成功！"}
2021-07-26 09:56:16 下次操作: 2021-07-26 09:56:31

2021-07-26 09:56:31 开始第 20 次操作

2021-07-26 09:56:31 开始操作号码 【1849940】
2021-07-26 09:56:34 GSD getOne 第 1 次 等待 3 秒
2021-07-26 09:56:37 查询号码 【1849940】，返回信息 {"status":"bad","msg":""}
2021-07-26 09:56:37 查询号码 【1849940】，GSD为【""】
2021-07-26 09:56:37 bad
2021-07-26 09:56:38 CHB 1849940?1627264597 第 1 次 等待 3 秒
2021-07-26 09:56:41 CHB 1849940?1627264597 第 1 次 获取到号码【1849940】GSD
2021-07-26 09:56:41 获取到号码【1849940】的GSD为【广东-广州】
2021-07-26 09:56:59 GSD insert 第 1 次 等待 3 秒
2021-07-26 09:57:02 {"status":"ok","gid":399676,"msg":"添加成功！"}
2021-07-26 09:57:02 下次操作: 2021-07-26 09:57:16

2021-07-26 09:57:16 开始第 21 次操作

2021-07-26 09:57:16 开始操作号码 【1849939】
2021-07-26 09:57:19 GSD getOne 第 1 次 等待 3 秒
2021-07-26 09:57:22 查询号码 【1849939】，返回信息 {"status":"bad","msg":""}
2021-07-26 09:57:22 查询号码 【1849939】，GSD为【""】
2021-07-26 09:57:22 bad
2021-07-26 09:57:24 CHB 1849939?1627264642 第 1 次 等待 3 秒
2021-07-26 09:57:27 CHB 1849939?1627264642 第 1 次 获取到号码【1849939】GSD
2021-07-26 09:57:27 获取到号码【1849939】的GSD为【河北-石家庄】
2021-07-26 09:57:45 GSD insert 第 1 次 等待 3 秒
2021-07-26 09:57:48 {"status":"ok","gid":399686,"msg":"添加成功！"}
2021-07-26 09:57:48 下次操作: 2021-07-26 09:58:02

2021-07-26 09:58:02 开始第 22 次操作

2021-07-26 09:58:02 开始操作号码 【1849938】
2021-07-26 09:58:04 GSD getOne 第 1 次 等待 3 秒
2021-07-26 09:58:07 查询号码 【1849938】，返回信息 {"status":"bad","msg":""}
2021-07-26 09:58:07 查询号码 【1849938】，GSD为【""】
2021-07-26 09:58:07 bad
2021-07-26 09:58:09 CHB 1849938?1627264687 第 1 次 等待 3 秒
2021-07-26 09:58:12 CHB 1849938?1627264687 第 1 次 获取到号码【1849938】GSD
2021-07-26 09:58:12 获取到号码【1849938】的GSD为【河北-石家庄】
2021-07-26 09:58:30 GSD insert 第 1 次 等待 3 秒
2021-07-26 09:58:33 {"status":"ok","gid":399702,"msg":"添加成功！"}
2021-07-26 09:58:33 下次操作: 2021-07-26 09:58:49

2021-07-26 09:58:49 开始第 23 次操作

2021-07-26 09:58:49 开始操作号码 【1849937】
2021-07-26 09:58:52 GSD getOne 第 1 次 等待 3 秒
2021-07-26 09:58:55 查询号码 【1849937】，返回信息 {"status":"bad","msg":""}
2021-07-26 09:58:55 查询号码 【1849937】，GSD为【""】
2021-07-26 09:58:55 bad
2021-07-26 09:58:56 CHB 1849937?1627264735 第 1 次 等待 3 秒
2021-07-26 09:58:59 CHB 1849937?1627264735 第 1 次 获取到号码【1849937】GSD
2021-07-26 09:58:59 获取到号码【1849937】的GSD为【河北-石家庄】
2021-07-26 09:59:17 GSD insert 第 1 次 等待 3 秒
2021-07-26 09:59:20 {"status":"ok","gid":399714,"msg":"添加成功！"}
2021-07-26 09:59:20 下次操作: 2021-07-26 09:59:35

2021-07-26 09:59:35 开始第 24 次操作

2021-07-26 09:59:35 开始操作号码 【1849936】
2021-07-26 09:59:38 GSD getOne 第 1 次 等待 3 秒
2021-07-26 09:59:41 查询号码 【1849936】，返回信息 {"status":"bad","msg":""}
2021-07-26 09:59:41 查询号码 【1849936】，GSD为【""】
2021-07-26 09:59:41 bad
2021-07-26 09:59:43 CHB 1849936?1627264781 第 1 次 等待 3 秒
2021-07-26 09:59:46 CHB 1849936?1627264781 第 1 次 获取到号码【1849936】GSD
2021-07-26 09:59:46 获取到号码【1849936】的GSD为【河北-石家庄】
2021-07-26 10:00:04 GSD insert 第 1 次 等待 3 秒
2021-07-26 10:00:07 {"status":"ok","gid":399727,"msg":"添加成功！"}
2021-07-26 10:00:07 下次操作: 2021-07-26 10:00:28

2021-07-26 10:00:28 开始第 25 次操作

2021-07-26 10:00:28 开始操作号码 【1849935】
2021-07-26 10:00:31 GSD getOne 第 1 次 等待 3 秒
2021-07-26 10:00:34 查询号码 【1849935】，返回信息 {"status":"bad","msg":""}
2021-07-26 10:00:34 查询号码 【1849935】，GSD为【""】
2021-07-26 10:00:34 bad
2021-07-26 10:00:35 CHB 1849935?1627264834 第 1 次 等待 3 秒
2021-07-26 10:00:38 CHB 1849935?1627264834 第 1 次 获取到号码【1849935】GSD
2021-07-26 10:00:38 获取到号码【1849935】的GSD为【河北-石家庄】
2021-07-26 10:00:56 GSD insert 第 1 次 等待 3 秒
2021-07-26 10:00:59 {"status":"ok","gid":399739,"msg":"添加成功！"}
2021-07-26 10:00:59 下次操作: 2021-07-26 10:01:17

2021-07-26 10:01:17 开始第 26 次操作

2021-07-26 10:01:17 开始操作号码 【1849934】
2021-07-26 10:01:20 GSD getOne 第 1 次 等待 3 秒
2021-07-26 10:01:23 查询号码 【1849934】，返回信息 {"status":"bad","msg":""}
2021-07-26 10:01:23 查询号码 【1849934】，GSD为【""】
2021-07-26 10:01:23 bad
2021-07-26 10:01:25 CHB 1849934?1627264883 第 1 次 等待 3 秒
2021-07-26 10:01:28 CHB 1849934?1627264883 第 1 次 获取到号码【1849934】GSD
2021-07-26 10:01:28 获取到号码【1849934】的GSD为【河北-石家庄】
2021-07-26 10:01:46 GSD insert 第 1 次 等待 3 秒
2021-07-26 10:01:49 {"status":"ok","gid":399754,"msg":"添加成功！"}
2021-07-26 10:01:49 下次操作: 2021-07-26 10:02:06

2021-07-26 10:02:06 开始第 27 次操作

2021-07-26 10:02:06 开始操作号码 【1849933】
2021-07-26 10:02:09 GSD getOne 第 1 次 等待 3 秒
2021-07-26 10:02:12 查询号码 【1849933】，返回信息 {"status":"bad","msg":""}
2021-07-26 10:02:12 查询号码 【1849933】，GSD为【""】
2021-07-26 10:02:12 bad
2021-07-26 10:02:13 CHB 1849933?1627264932 第 1 次 等待 3 秒
2021-07-26 10:02:16 CHB 1849933?1627264932 第 1 次 获取到号码【1849933】GSD
2021-07-26 10:02:16 获取到号码【1849933】的GSD为【河北-石家庄】
2021-07-26 10:02:35 GSD insert 第 1 次 等待 3 秒
2021-07-26 10:02:38 {"status":"ok","gid":399766,"msg":"添加成功！"}
2021-07-26 10:02:38 下次操作: 2021-07-26 10:02:53

2021-07-26 10:02:53 开始第 28 次操作

2021-07-26 10:02:53 开始操作号码 【1849932】
2021-07-26 10:02:56 GSD getOne 第 1 次 等待 3 秒
2021-07-26 10:02:59 查询号码 【1849932】，返回信息 {"status":"bad","msg":""}
2021-07-26 10:02:59 查询号码 【1849932】，GSD为【""】
2021-07-26 10:02:59 bad
2021-07-26 10:03:01 CHB 1849932?1627264979 第 1 次 等待 3 秒
2021-07-26 10:03:04 CHB 1849932?1627264979 第 1 次 获取到号码【1849932】GSD
2021-07-26 10:03:04 获取到号码【1849932】的GSD为【河北-石家庄】
2021-07-26 10:03:22 GSD insert 第 1 次 等待 3 秒
2021-07-26 10:03:25 {"status":"ok","gid":399775,"msg":"添加成功！"}
2021-07-26 10:03:25 下次操作: 2021-07-26 10:03:49

2021-07-26 10:03:49 开始第 29 次操作

2021-07-26 10:03:49 开始操作号码 【1849931】
2021-07-26 10:03:51 GSD getOne 第 1 次 等待 3 秒
2021-07-26 10:03:54 查询号码 【1849931】，返回信息 {"status":"bad","msg":""}
2021-07-26 10:03:55 查询号码 【1849931】，GSD为【""】
2021-07-26 10:03:55 bad
2021-07-26 10:03:56 CHB 1849931?1627265035 第 1 次 等待 3 秒
2021-07-26 10:03:59 CHB 1849931?1627265035 第 1 次 获取到号码【1849931】GSD
2021-07-26 10:03:59 获取到号码【1849931】的GSD为【河北-石家庄】
2021-07-26 10:04:17 GSD insert 第 1 次 等待 3 秒
2021-07-26 10:04:20 {"status":"ok","gid":399787,"msg":"添加成功！"}
2021-07-26 10:04:20 下次操作: 2021-07-26 10:04:37

2021-07-26 10:04:37 开始第 30 次操作

2021-07-26 10:04:37 开始操作号码 【1849930】
2021-07-26 10:04:40 GSD getOne 第 1 次 等待 3 秒
2021-07-26 10:04:43 查询号码 【1849930】，返回信息 {"status":"bad","msg":""}
2021-07-26 10:04:43 查询号码 【1849930】，GSD为【""】
2021-07-26 10:04:43 bad
2021-07-26 10:04:45 CHB 1849930?1627265083 第 1 次 等待 3 秒
2021-07-26 10:04:48 CHB 1849930?1627265083 第 1 次 获取到号码【1849930】GSD
2021-07-26 10:04:48 获取到号码【1849930】的GSD为【河北-石家庄】
2021-07-26 10:05:06 GSD insert 第 1 次 等待 3 秒
2021-07-26 10:05:09 {"status":"ok","gid":399796,"msg":"添加成功！"}
2021-07-26 10:05:09 下次操作: 2021-07-26 10:05:31

2021-07-26 10:05:31 开始第 31 次操作

2021-07-26 10:05:31 开始操作号码 【1849929】
2021-07-26 10:05:34 GSD getOne 第 1 次 等待 3 秒
2021-07-26 10:05:37 查询号码 【1849929】，返回信息 {"status":"bad","msg":""}
2021-07-26 10:05:37 查询号码 【1849929】，GSD为【""】
2021-07-26 10:05:37 bad
2021-07-26 10:05:38 CHB 1849929?1627265137 第 1 次 等待 3 秒
2021-07-26 10:05:41 CHB 1849929?1627265137 第 1 次 获取到号码【1849929】GSD
2021-07-26 10:05:41 获取到号码【1849929】的GSD为【河北-石家庄】
2021-07-26 10:05:59 GSD insert 第 1 次 等待 3 秒
2021-07-26 10:06:02 {"status":"ok","gid":399802,"msg":"添加成功！"}
2021-07-26 10:06:02 下次操作: 2021-07-26 10:06:19

2021-07-26 10:06:19 开始第 32 次操作

2021-07-26 10:06:19 开始操作号码 【1849928】
2021-07-26 10:06:22 GSD getOne 第 1 次 等待 3 秒
2021-07-26 10:06:25 查询号码 【1849928】，返回信息 {"status":"bad","msg":""}
2021-07-26 10:06:25 查询号码 【1849928】，GSD为【""】
2021-07-26 10:06:25 bad
2021-07-26 10:06:27 CHB 1849928?1627265185 第 1 次 等待 3 秒
2021-07-26 10:06:30 CHB 1849928?1627265185 第 1 次 获取到号码【1849928】GSD
2021-07-26 10:06:30 获取到号码【1849928】的GSD为【河北-石家庄】
2021-07-26 10:06:48 GSD insert 第 1 次 等待 3 秒
2021-07-26 10:06:51 {"status":"ok","gid":399810,"msg":"添加成功！"}
2021-07-26 10:06:51 下次操作: 2021-07-26 10:07:15

2021-07-26 10:07:15 开始第 33 次操作

2021-07-26 10:07:15 开始操作号码 【1849927】
2021-07-26 10:07:17 GSD getOne 第 1 次 等待 3 秒
2021-07-26 10:07:20 查询号码 【1849927】，返回信息 {"status":"bad","msg":""}
2021-07-26 10:07:20 查询号码 【1849927】，GSD为【""】
2021-07-26 10:07:20 bad
2021-07-26 10:07:22 CHB 1849927?1627265240 第 1 次 等待 3 秒
2021-07-26 10:07:25 CHB 1849927?1627265240 第 1 次 获取到号码【1849927】GSD
2021-07-26 10:07:25 获取到号码【1849927】的GSD为【河北-石家庄】
2021-07-26 10:07:43 GSD insert 第 1 次 等待 3 秒
2021-07-26 10:07:46 {"status":"ok","gid":399814,"msg":"添加成功！"}
2021-07-26 10:07:46 下次操作: 2021-07-26 10:08:05

2021-07-26 10:08:05 开始第 34 次操作

2021-07-26 10:08:05 开始操作号码 【1849926】
2021-07-26 10:08:08 GSD getOne 第 1 次 等待 3 秒
2021-07-26 10:08:11 查询号码 【1849926】，返回信息 {"status":"bad","msg":""}
2021-07-26 10:08:11 查询号码 【1849926】，GSD为【""】
2021-07-26 10:08:11 bad
2021-07-26 10:08:13 CHB 1849926?1627265291 第 1 次 等待 3 秒
2021-07-26 10:08:16 CHB 1849926?1627265291 第 1 次 获取到号码【1849926】GSD
2021-07-26 10:08:16 获取到号码【1849926】的GSD为【河北-石家庄】
2021-07-26 10:08:34 GSD insert 第 1 次 等待 3 秒
2021-07-26 10:08:37 {"status":"ok","gid":399819,"msg":"添加成功！"}
2021-07-26 10:08:37 下次操作: 2021-07-26 10:08:52

2021-07-26 10:08:52 开始第 35 次操作

2021-07-26 10:08:52 开始操作号码 【1849925】
2021-07-26 10:08:55 GSD getOne 第 1 次 等待 3 秒
2021-07-26 10:08:58 查询号码 【1849925】，返回信息 {"status":"bad","msg":""}
2021-07-26 10:08:58 查询号码 【1849925】，GSD为【""】
2021-07-26 10:08:58 bad
2021-07-26 10:08:59 CHB 1849925?1627265338 第 1 次 等待 3 秒
2021-07-26 10:09:02 CHB 1849925?1627265338 第 1 次 获取到号码【1849925】GSD
2021-07-26 10:09:02 获取到号码【1849925】的GSD为【河北-石家庄】
2021-07-26 10:09:21 GSD insert 第 1 次 等待 3 秒
2021-07-26 10:09:24 {"status":"ok","gid":399823,"msg":"添加成功！"}
2021-07-26 10:09:24 下次操作: 2021-07-26 10:09:41

2021-07-26 10:09:41 开始第 36 次操作

2021-07-26 10:09:41 开始操作号码 【1849924】
2021-07-26 10:09:44 GSD getOne 第 1 次 等待 3 秒
2021-07-26 10:09:47 查询号码 【1849924】，返回信息 {"status":"bad","msg":""}
2021-07-26 10:09:48 查询号码 【1849924】，GSD为【""】
2021-07-26 10:09:48 bad
2021-07-26 10:09:49 CHB 1849924?1627265388 第 1 次 等待 3 秒
2021-07-26 10:09:52 CHB 1849924?1627265388 第 1 次 获取到号码【1849924】GSD
2021-07-26 10:09:52 获取到号码【1849924】的GSD为【河北-石家庄】
2021-07-26 10:10:10 GSD insert 第 1 次 等待 3 秒
2021-07-26 10:10:13 {"status":"ok","gid":399827,"msg":"添加成功！"}
2021-07-26 10:10:13 下次操作: 2021-07-26 10:10:25

2021-07-26 10:10:25 开始第 37 次操作

2021-07-26 10:10:25 开始操作号码 【1849923】
2021-07-26 10:10:30 GSD getOne 第 1 次 等待 3 秒
2021-07-26 10:10:33 查询号码 【1849923】，返回信息 {"status":"bad","msg":""}
2021-07-26 10:10:33 查询号码 【1849923】，GSD为【""】
2021-07-26 10:10:33 bad
2021-07-26 10:10:35 CHB 1849923?1627265433 第 1 次 等待 3 秒
2021-07-26 10:10:38 CHB 1849923?1627265433 第 1 次 获取到号码【1849923】GSD
2021-07-26 10:10:38 获取到号码【1849923】的GSD为【河北-石家庄】
2021-07-26 10:10:56 GSD insert 第 1 次 等待 3 秒
2021-07-26 10:10:59 {"status":"ok","gid":399833,"msg":"添加成功！"}
2021-07-26 10:10:59 下次操作: 2021-07-26 10:11:17

2021-07-26 10:11:17 开始第 38 次操作

2021-07-26 10:11:17 开始操作号码 【1849922】
2021-07-26 10:11:20 GSD getOne 第 1 次 等待 3 秒
2021-07-26 10:11:23 查询号码 【1849922】，返回信息 {"status":"bad","msg":""}
2021-07-26 10:11:24 查询号码 【1849922】，GSD为【""】
2021-07-26 10:11:24 bad
2021-07-26 10:11:25 CHB 1849922?1627265484 第 1 次 等待 3 秒
2021-07-26 10:11:28 CHB 1849922?1627265484 第 1 次 获取到号码【1849922】GSD
2021-07-26 10:11:28 获取到号码【1849922】的GSD为【河北-石家庄】
2021-07-26 10:11:38 GSD insert 第 1 次 等待 3 秒
2021-07-26 10:11:41 {"status":"ok","gid":399837,"msg":"添加成功！"}
2021-07-26 10:11:41 下次操作: 2021-07-26 10:11:56

2021-07-26 10:11:56 开始第 39 次操作

2021-07-26 10:11:56 开始操作号码 【1849921】
2021-07-26 10:12:00 GSD getOne 第 1 次 等待 3 秒
2021-07-26 10:12:03 查询号码 【1849921】，返回信息 {"status":"bad","msg":""}
2021-07-26 10:12:03 查询号码 【1849921】，GSD为【""】
2021-07-26 10:12:03 bad
2021-07-26 10:12:05 CHB 1849921?1627265523 第 1 次 等待 3 秒
2021-07-26 10:12:08 CHB 1849921?1627265523 第 1 次 获取到号码【1849921】GSD
2021-07-26 10:12:08 获取到号码【1849921】的GSD为【河北-石家庄】
2021-07-26 10:12:26 GSD insert 第 1 次 等待 3 秒
2021-07-26 10:12:29 {"status":"ok","gid":399841,"msg":"添加成功！"}
2021-07-26 10:12:29 下次操作: 2021-07-26 10:12:44

2021-07-26 10:12:44 开始第 40 次操作

2021-07-26 10:12:44 开始操作号码 【1849920】
2021-07-26 10:12:46 GSD getOne 第 1 次 等待 3 秒
2021-07-26 10:12:49 查询号码 【1849920】，返回信息 {"status":"bad","msg":""}
2021-07-26 10:12:49 查询号码 【1849920】，GSD为【""】
2021-07-26 10:12:49 bad
2021-07-26 10:12:51 CHB 1849920?1627265569 第 1 次 等待 3 秒
2021-07-26 10:12:54 CHB 1849920?1627265569 第 1 次 获取到号码【1849920】GSD
2021-07-26 10:12:54 获取到号码【1849920】的GSD为【河北-石家庄】
2021-07-26 10:13:12 GSD insert 第 1 次 等待 3 秒
2021-07-26 10:13:15 {"status":"ok","gid":399846,"msg":"添加成功！"}

