2024-04-10 00:16:30 开始第 2881 次操作

2024-04-10 00:16:30 开始操作号码 【1592784】
2024-04-10 00:16:35 GSD getOne 第 1 次 等待 3 秒
2024-04-10 00:16:38 查询号码 【1592784】，返回信息 {"status":"ok","msg":"湖北-荆州","gid":"122326","time_insert":"2021-06-24 12:02"}
2024-04-10 00:16:38 查询号码 【1592784】，GSD为【"湖北-荆州"】

2024-04-10 00:16:39 开始第 2882 次操作

2024-04-10 00:16:39 开始操作号码 【1592785】
2024-04-10 00:16:44 GSD getOne 第 1 次 等待 3 秒
2024-04-10 00:16:47 查询号码 【1592785】，返回信息 {"status":"ok","msg":"湖北-荆州","gid":"27054","time_insert":"2017-04-19 11:23","time_update":"2020-09-18 05:01"}
2024-04-10 00:16:47 查询号码 【1592785】，GSD为【"湖北-荆州"】

2024-04-10 00:16:48 开始第 2883 次操作

2024-04-10 00:16:48 开始操作号码 【1592786】
2024-04-10 00:16:54 GSD getOne 第 1 次 等待 3 秒
2024-04-10 00:16:57 查询号码 【1592786】，返回信息 {"status":"ok","msg":"湖北-荆州","gid":"122329","time_insert":"2021-06-24 12:03"}
2024-04-10 00:16:57 查询号码 【1592786】，GSD为【"湖北-荆州"】

2024-04-10 00:16:58 开始第 2884 次操作

2024-04-10 00:16:58 开始操作号码 【1592787】
2024-04-10 00:17:02 GSD getOne 第 1 次 等待 3 秒
2024-04-10 00:17:05 查询号码 【1592787】，返回信息 {"status":"ok","msg":"湖北-荆州","gid":"122332","time_insert":"2021-06-24 12:03"}
2024-04-10 00:17:05 查询号码 【1592787】，GSD为【"湖北-荆州"】

