2024-06-29 00:18:25 开始第 3265 次操作

2024-06-29 00:18:25 开始操作号码 【1483166】
2024-06-29 00:18:40 GSD getOne 第 1 次 等待 3 秒
2024-06-29 00:18:43 查询号码 【1483166】，返回信息 {"status":"ok","msg":"广东-广州","gid":"188807","time_insert":"2021-07-04 09:55"}
2024-06-29 00:18:43 查询号码 【1483166】，GSD为【"广东-广州"】

2024-06-29 00:18:44 开始第 3266 次操作

2024-06-29 00:18:44 开始操作号码 【1483167】
2024-06-29 00:18:58 GSD getOne 第 1 次 等待 3 秒
2024-06-29 00:19:01 查询号码 【1483167】，返回信息 {"status":"ok","msg":"广东-广州","gid":"188820","time_insert":"2021-07-04 10:00"}
2024-06-29 00:19:01 查询号码 【1483167】，GSD为【"广东-广州"】

2024-06-29 00:19:02 开始第 3267 次操作

2024-06-29 00:19:02 开始操作号码 【1483168】
2024-06-29 00:19:17 GSD getOne 第 1 次 等待 3 秒
2024-06-29 00:19:20 查询号码 【1483168】，返回信息 {"status":"ok","msg":"广东-广州","gid":"188835","time_insert":"2021-07-04 10:05"}
2024-06-29 00:19:20 查询号码 【1483168】，GSD为【"广东-广州"】

2024-06-29 00:19:21 开始第 3268 次操作

2024-06-29 00:19:21 开始操作号码 【1483169】
2024-06-29 00:19:35 GSD getOne 第 1 次 等待 3 秒
2024-06-29 00:19:38 查询号码 【1483169】，返回信息 {"status":"ok","msg":"广东-广州","gid":"188838","time_insert":"2021-07-04 10:11"}
2024-06-29 00:19:38 查询号码 【1483169】，GSD为【"广东-广州"】

2024-06-29 00:39:07 开始第 3269 次操作

2024-06-29 00:39:07 开始操作号码 【1483170】
2024-06-29 00:39:26 GSD getOne 第 1 次 等待 3 秒
2024-06-29 00:39:29 查询号码 【1483170】，返回信息 {"status":"ok","msg":"广东-广州","gid":"188875","time_insert":"2021-07-04 10:15"}
2024-06-29 00:39:29 查询号码 【1483170】，GSD为【"广东-广州"】

2024-06-29 00:39:30 开始第 3270 次操作

2024-06-29 00:39:30 开始操作号码 【1483171】
2024-06-29 00:39:47 GSD getOne 第 1 次 等待 3 秒
2024-06-29 00:39:50 查询号码 【1483171】，返回信息 {"status":"ok","msg":"广东-广州","gid":"188924","time_insert":"2021-07-04 10:19"}
2024-06-29 00:39:50 查询号码 【1483171】，GSD为【"广东-广州"】

2024-06-29 00:39:51 开始第 3271 次操作

2024-06-29 00:39:51 开始操作号码 【1483172】
2024-06-29 00:40:06 GSD getOne 第 1 次 等待 3 秒
2024-06-29 00:40:09 查询号码 【1483172】，返回信息 {"status":"ok","msg":"广东-广州","gid":"188981","time_insert":"2021-07-04 10:23"}
2024-06-29 00:40:09 查询号码 【1483172】，GSD为【"广东-广州"】

2024-06-29 00:40:10 开始第 3272 次操作

2024-06-29 00:40:10 开始操作号码 【1483173】
2024-06-29 00:40:39 GSD getOne 第 1 次 等待 3 秒
2024-06-29 00:40:42 查询号码 【1483173】，返回信息 {"status":"ok","msg":"广东-广州","gid":"189057","time_insert":"2021-07-04 10:29"}
2024-06-29 00:40:42 查询号码 【1483173】，GSD为【"广东-广州"】

2024-06-29 01:14:14 开始第 3273 次操作

2024-06-29 01:14:14 开始操作号码 【1483174】
2024-06-29 01:14:28 GSD getOne 第 1 次 等待 3 秒
2024-06-29 01:14:31 查询号码 【1483174】，返回信息 {"status":"ok","msg":"广东-广州","gid":"189096","time_insert":"2021-07-04 10:33"}
2024-06-29 01:14:32 查询号码 【1483174】，GSD为【"广东-广州"】

2024-06-29 01:14:33 开始第 3274 次操作

2024-06-29 01:14:33 开始操作号码 【1483175】
2024-06-29 01:14:46 GSD getOne 第 1 次 等待 3 秒
2024-06-29 01:14:49 查询号码 【1483175】，返回信息 {"status":"ok","msg":"广东-广州","gid":"189123","time_insert":"2021-07-04 10:37"}
2024-06-29 01:14:49 查询号码 【1483175】，GSD为【"广东-广州"】

2024-06-29 01:14:50 开始第 3275 次操作

2024-06-29 01:14:50 开始操作号码 【1483176】
2024-06-29 01:15:04 GSD getOne 第 1 次 等待 3 秒
2024-06-29 01:15:07 查询号码 【1483176】，返回信息 {"status":"ok","msg":"广东-广州","gid":"189134","time_insert":"2021-07-04 10:42"}
2024-06-29 01:15:07 查询号码 【1483176】，GSD为【"广东-广州"】

2024-06-29 01:15:08 开始第 3276 次操作

2024-06-29 01:15:08 开始操作号码 【1483177】
2024-06-29 01:15:22 GSD getOne 第 1 次 等待 3 秒
2024-06-29 01:15:25 查询号码 【1483177】，返回信息 {"status":"ok","msg":"广东-广州","gid":"189144","time_insert":"2021-07-04 10:46"}
2024-06-29 01:15:25 查询号码 【1483177】，GSD为【"广东-广州"】

2024-06-29 01:36:40 开始第 3277 次操作

2024-06-29 01:36:40 开始操作号码 【1483178】
2024-06-29 01:36:55 GSD getOne 第 1 次 等待 3 秒
2024-06-29 01:36:58 查询号码 【1483178】，返回信息 {"status":"ok","msg":"广东-广州","gid":"189166","time_insert":"2021-07-04 10:49"}
2024-06-29 01:36:58 查询号码 【1483178】，GSD为【"广东-广州"】

2024-06-29 01:36:59 开始第 3278 次操作

2024-06-29 01:36:59 开始操作号码 【1483179】
2024-06-29 01:37:13 GSD getOne 第 1 次 等待 3 秒
2024-06-29 01:37:16 查询号码 【1483179】，返回信息 {"status":"ok","msg":"广东-广州","gid":"189258","time_insert":"2021-07-04 10:54"}
2024-06-29 01:37:16 查询号码 【1483179】，GSD为【"广东-广州"】

2024-06-29 01:37:17 开始第 3279 次操作

2024-06-29 01:37:17 开始操作号码 【1483180】
2024-06-29 01:37:31 GSD getOne 第 1 次 等待 3 秒
2024-06-29 01:37:34 查询号码 【1483180】，返回信息 {"status":"ok","msg":"广东-广州","gid":"189333","time_insert":"2021-07-04 10:58"}
2024-06-29 01:37:34 查询号码 【1483180】，GSD为【"广东-广州"】

2024-06-29 01:37:35 开始第 3280 次操作

2024-06-29 01:37:35 开始操作号码 【1483181】
2024-06-29 01:37:49 GSD getOne 第 1 次 等待 3 秒
2024-06-29 01:37:52 查询号码 【1483181】，返回信息 {"status":"ok","msg":"广东-广州","gid":"189398","time_insert":"2021-07-04 11:03"}
2024-06-29 01:37:52 查询号码 【1483181】，GSD为【"广东-广州"】

2024-06-29 02:19:35 开始第 3281 次操作

2024-06-29 02:19:35 开始操作号码 【1483182】
2024-06-29 02:19:49 GSD getOne 第 1 次 等待 3 秒
2024-06-29 02:19:52 查询号码 【1483182】，返回信息 {"status":"ok","msg":"广东-广州","gid":"189419","time_insert":"2021-07-04 11:06"}
2024-06-29 02:19:52 查询号码 【1483182】，GSD为【"广东-广州"】

2024-06-29 02:19:53 开始第 3282 次操作

2024-06-29 02:19:53 开始操作号码 【1483183】
2024-06-29 02:20:06 GSD getOne 第 1 次 等待 3 秒
2024-06-29 02:20:09 查询号码 【1483183】，返回信息 {"status":"ok","msg":"广东-广州","gid":"189440","time_insert":"2021-07-04 11:10"}
2024-06-29 02:20:10 查询号码 【1483183】，GSD为【"广东-广州"】

2024-06-29 02:20:11 开始第 3283 次操作

2024-06-29 02:20:11 开始操作号码 【1483184】
2024-06-29 02:20:25 GSD getOne 第 1 次 等待 3 秒
2024-06-29 02:20:28 查询号码 【1483184】，返回信息 {"status":"ok","msg":"广东-广州","gid":"189458","time_insert":"2021-07-04 11:15"}
2024-06-29 02:20:28 查询号码 【1483184】，GSD为【"广东-广州"】

2024-06-29 02:20:29 开始第 3284 次操作

2024-06-29 02:20:29 开始操作号码 【1483185】
2024-06-29 02:20:43 GSD getOne 第 1 次 等待 3 秒
2024-06-29 02:20:46 查询号码 【1483185】，返回信息 {"status":"ok","msg":"广东-广州","gid":"189466","time_insert":"2021-07-04 11:19"}
2024-06-29 02:20:46 查询号码 【1483185】，GSD为【"广东-广州"】

