2024-02-02 00:16:56 开始第 1421 次操作

2024-02-02 00:16:56 开始操作号码 【1701323】
2024-02-02 00:17:00 GSD getOne 第 1 次 等待 3 秒
2024-02-02 00:17:03 查询号码 【1701323】，返回信息 {"status":"ok","msg":"河北-沧州","gid":"121564","time_insert":"2021-06-24 07:44"}
2024-02-02 00:17:03 查询号码 【1701323】，GSD为【"河北-沧州"】

2024-02-02 00:17:04 开始第 1422 次操作

2024-02-02 00:17:04 开始操作号码 【1701324】
2024-02-02 00:17:08 GSD getOne 第 1 次 等待 3 秒
2024-02-02 00:17:11 查询号码 【1701324】，返回信息 {"status":"ok","msg":"河北-张家口","gid":"121565","time_insert":"2021-06-24 07:44"}
2024-02-02 00:17:12 查询号码 【1701324】，GSD为【"河北-张家口"】

2024-02-02 00:17:13 开始第 1423 次操作

2024-02-02 00:17:13 开始操作号码 【1701325】
2024-02-02 00:17:17 GSD getOne 第 1 次 等待 3 秒
2024-02-02 00:17:20 查询号码 【1701325】，返回信息 {"status":"ok","msg":"河北-张家口","gid":"121569","time_insert":"2021-06-24 07:45"}
2024-02-02 00:17:20 查询号码 【1701325】，GSD为【"河北-张家口"】

2024-02-02 00:17:21 开始第 1424 次操作

2024-02-02 00:17:21 开始操作号码 【1701326】
2024-02-02 00:17:28 GSD getOne 第 1 次 等待 3 秒
2024-02-02 00:17:31 查询号码 【1701326】，返回信息 {"status":"ok","msg":"河北-秦皇岛","gid":"121573","time_insert":"2021-06-24 07:45"}
2024-02-02 00:17:31 查询号码 【1701326】，GSD为【"河北-秦皇岛"】

2024-02-02 00:35:58 开始第 1425 次操作

2024-02-02 00:35:58 开始操作号码 【1701327】
2024-02-02 00:36:01 GSD getOne 第 1 次 等待 3 秒
2024-02-02 00:36:04 查询号码 【1701327】，返回信息 {"status":"ok","msg":"河北-秦皇岛","gid":"121577","time_insert":"2021-06-24 07:46"}
2024-02-02 00:36:04 查询号码 【1701327】，GSD为【"河北-秦皇岛"】

2024-02-02 00:36:05 开始第 1426 次操作

2024-02-02 00:36:05 开始操作号码 【1701328】
2024-02-02 00:36:10 GSD getOne 第 1 次 等待 3 秒
2024-02-02 00:36:13 查询号码 【1701328】，返回信息 {"status":"ok","msg":"河北-廊坊","gid":"121581","time_insert":"2021-06-24 07:46"}
2024-02-02 00:36:13 查询号码 【1701328】，GSD为【"河北-廊坊"】

2024-02-02 00:36:14 开始第 1427 次操作

2024-02-02 00:36:14 开始操作号码 【1701329】
2024-02-02 00:36:18 GSD getOne 第 1 次 等待 3 秒
2024-02-02 00:36:21 查询号码 【1701329】，返回信息 {"status":"ok","msg":"河北-廊坊","gid":"121587","time_insert":"2021-06-24 07:47"}
2024-02-02 00:36:21 查询号码 【1701329】，GSD为【"河北-廊坊"】

2024-02-02 00:36:22 开始第 1428 次操作

2024-02-02 00:36:22 开始操作号码 【1701330】
2024-02-02 00:36:25 GSD getOne 第 1 次 等待 3 秒
2024-02-02 00:36:28 查询号码 【1701330】，返回信息 {"status":"ok","msg":"河北-邯郸","gid":"121591","time_insert":"2021-06-24 07:48"}
2024-02-02 00:36:28 查询号码 【1701330】，GSD为【"河北-邯郸"】

2024-02-02 01:14:06 开始第 1429 次操作

2024-02-02 01:14:06 开始操作号码 【1701331】
2024-02-02 01:14:11 GSD getOne 第 1 次 等待 3 秒
2024-02-02 01:14:14 查询号码 【1701331】，返回信息 {"status":"ok","msg":"河北-邯郸","gid":"121595","time_insert":"2021-06-24 07:48"}
2024-02-02 01:14:14 查询号码 【1701331】，GSD为【"河北-邯郸"】

2024-02-02 01:14:15 开始第 1430 次操作

2024-02-02 01:14:15 开始操作号码 【1701332】
2024-02-02 01:14:22 GSD getOne 第 1 次 等待 3 秒
2024-02-02 01:14:25 查询号码 【1701332】，返回信息 {"status":"ok","msg":"河北-邯郸","gid":"121600","time_insert":"2021-06-24 07:48"}
2024-02-02 01:14:25 查询号码 【1701332】，GSD为【"河北-邯郸"】

2024-02-02 01:14:26 开始第 1431 次操作

2024-02-02 01:14:26 开始操作号码 【1701333】
2024-02-02 01:14:31 GSD getOne 第 1 次 等待 3 秒
2024-02-02 01:14:34 查询号码 【1701333】，返回信息 {"status":"ok","msg":"河北-邯郸","gid":"121605","time_insert":"2021-06-24 07:49"}
2024-02-02 01:14:34 查询号码 【1701333】，GSD为【"河北-邯郸"】

2024-02-02 01:14:35 开始第 1432 次操作

2024-02-02 01:14:35 开始操作号码 【1701334】
2024-02-02 01:14:40 GSD getOne 第 1 次 等待 3 秒
2024-02-02 01:14:43 查询号码 【1701334】，返回信息 {"status":"ok","msg":"河北-邢台","gid":"121610","time_insert":"2021-06-24 07:50"}
2024-02-02 01:14:43 查询号码 【1701334】，GSD为【"河北-邢台"】

