2024-10-07 00:14:19 开始第 8637 次操作

2024-10-07 00:14:19 开始操作号码 【1378636】
2024-10-07 00:14:36 GSD getOne 第 1 次 等待 3 秒
2024-10-07 00:14:39 查询号码 【1378636】，返回信息 {"status":"ok","msg":"湖南-株洲","gid":"350188","time_insert":"2021-07-22 00:01","time_update":"2021-07-25 09:22"}
2024-10-07 00:14:39 查询号码 【1378636】，GSD为【"湖南-株洲"】

2024-10-07 00:14:40 开始第 8638 次操作

2024-10-07 00:14:40 开始操作号码 【1378637】
2024-10-07 00:14:42 GSD getOne 第 1 次 等待 3 秒
2024-10-07 00:14:45 查询号码 【1378637】，返回信息 {"status":"ok","msg":"湖南-株洲","gid":"350172","time_insert":"2021-07-22 00:00","time_update":"2021-07-25 08:51"}
2024-10-07 00:14:45 查询号码 【1378637】，GSD为【"湖南-株洲"】

2024-10-07 00:14:46 开始第 8639 次操作

2024-10-07 00:14:46 开始操作号码 【1378638】
2024-10-07 00:14:48 GSD getOne 第 1 次 等待 3 秒
2024-10-07 00:14:51 查询号码 【1378638】，返回信息 {"status":"ok","msg":"湖南-株洲","gid":"350159","time_insert":"2021-07-21 23:59","time_update":"2021-07-25 08:40"}
2024-10-07 00:14:52 查询号码 【1378638】，GSD为【"湖南-株洲"】

2024-10-07 00:14:53 开始第 8640 次操作

2024-10-07 00:14:53 开始操作号码 【1378639】
2024-10-07 00:15:09 GSD getOne 第 1 次 等待 3 秒
2024-10-07 00:15:12 查询号码 【1378639】，返回信息 {"status":"ok","msg":"湖南-株洲","gid":"350145","time_insert":"2021-07-21 23:57","time_update":"2021-07-25 08:32"}
2024-10-07 00:15:12 查询号码 【1378639】，GSD为【"湖南-株洲"】

2024-10-07 00:39:44 开始第 8641 次操作

2024-10-07 00:39:44 开始操作号码 【1378640】
2024-10-07 00:39:48 GSD getOne 第 1 次 等待 3 秒
2024-10-07 00:39:51 查询号码 【1378640】，返回信息 {"status":"ok","msg":"湖南-衡阳","gid":"350132","time_insert":"2021-07-21 23:56","time_update":"2021-07-25 08:29"}
2024-10-07 00:39:51 查询号码 【1378640】，GSD为【"湖南-衡阳"】

2024-10-07 00:39:52 开始第 8642 次操作

2024-10-07 00:39:52 开始操作号码 【1378641】
2024-10-07 00:39:55 GSD getOne 第 1 次 等待 3 秒
2024-10-07 00:39:58 查询号码 【1378641】，返回信息 {"status":"ok","msg":"湖南-衡阳","gid":"10687","time_insert":"2018-06-04 07:28","time_update":"2020-09-22 04:00"}
2024-10-07 00:39:58 查询号码 【1378641】，GSD为【"湖南-衡阳"】

2024-10-07 00:39:59 开始第 8643 次操作

2024-10-07 00:39:59 开始操作号码 【1378642】
2024-10-07 00:40:01 GSD getOne 第 1 次 等待 3 秒
2024-10-07 00:40:04 查询号码 【1378642】，返回信息 {"status":"ok","msg":"湖南-衡阳","gid":"350114","time_insert":"2021-07-21 23:54","time_update":"2021-07-25 08:13"}
2024-10-07 00:40:04 查询号码 【1378642】，GSD为【"湖南-衡阳"】

2024-10-07 00:40:05 开始第 8644 次操作

2024-10-07 00:40:05 开始操作号码 【1378643】
2024-10-07 00:40:08 GSD getOne 第 1 次 等待 3 秒
2024-10-07 00:40:11 查询号码 【1378643】，返回信息 {"status":"ok","msg":"湖南-衡阳","gid":"350102","time_insert":"2021-07-21 23:53","time_update":"2021-07-25 08:01"}
2024-10-07 00:40:11 查询号码 【1378643】，GSD为【"湖南-衡阳"】

2024-10-07 01:10:52 开始第 8645 次操作

2024-10-07 01:10:52 开始操作号码 【1378644】
2024-10-07 01:10:55 GSD getOne 第 1 次 等待 3 秒
2024-10-07 01:10:58 查询号码 【1378644】，返回信息 {"status":"ok","msg":"湖南-衡阳","gid":"350081","time_insert":"2021-07-21 23:51","time_update":"2021-07-25 07:50"}
2024-10-07 01:10:59 查询号码 【1378644】，GSD为【"湖南-衡阳"】

2024-10-07 01:11:00 开始第 8646 次操作

2024-10-07 01:11:00 开始操作号码 【1378645】
2024-10-07 01:11:04 GSD getOne 第 1 次 等待 3 秒
2024-10-07 01:11:07 查询号码 【1378645】，返回信息 {"status":"ok","msg":"湖南-衡阳","gid":"350068","time_insert":"2021-07-21 23:50","time_update":"2021-07-25 09:01"}
2024-10-07 01:11:07 查询号码 【1378645】，GSD为【"湖南-衡阳"】

2024-10-07 01:11:08 开始第 8647 次操作

2024-10-07 01:11:08 开始操作号码 【1378646】
2024-10-07 01:11:10 GSD getOne 第 1 次 等待 3 秒
2024-10-07 01:11:13 查询号码 【1378646】，返回信息 {"status":"ok","msg":"湖南-衡阳","gid":"350055","time_insert":"2021-07-21 23:49","time_update":"2021-07-25 07:24"}
2024-10-07 01:11:13 查询号码 【1378646】，GSD为【"湖南-衡阳"】

2024-10-07 01:11:14 开始第 8648 次操作

2024-10-07 01:11:14 开始操作号码 【1378647】
2024-10-07 01:11:16 GSD getOne 第 1 次 等待 3 秒
2024-10-07 01:11:19 查询号码 【1378647】，返回信息 {"status":"ok","msg":"湖南-衡阳","gid":"349855","time_insert":"2021-07-21 23:02"}
2024-10-07 01:11:19 查询号码 【1378647】，GSD为【"湖南-衡阳"】

2024-10-07 01:36:31 开始第 8649 次操作

2024-10-07 01:36:31 开始操作号码 【1378648】
2024-10-07 01:36:33 GSD getOne 第 1 次 等待 3 秒
2024-10-07 01:36:36 查询号码 【1378648】，返回信息 {"status":"ok","msg":"湖南-衡阳","gid":"349851","time_insert":"2021-07-21 23:02"}
2024-10-07 01:36:36 查询号码 【1378648】，GSD为【"湖南-衡阳"】

2024-10-07 01:36:37 开始第 8650 次操作

2024-10-07 01:36:37 开始操作号码 【1378649】
2024-10-07 01:36:39 GSD getOne 第 1 次 等待 3 秒
2024-10-07 01:36:42 查询号码 【1378649】，返回信息 {"status":"ok","msg":"湖南-衡阳","gid":"349847","time_insert":"2021-07-21 23:01"}
2024-10-07 01:36:42 查询号码 【1378649】，GSD为【"湖南-衡阳"】

2024-10-07 01:36:43 开始第 8651 次操作

2024-10-07 01:36:43 开始操作号码 【1378650】
2024-10-07 01:36:45 GSD getOne 第 1 次 等待 3 秒
2024-10-07 01:36:48 查询号码 【1378650】，返回信息 {"status":"ok","msg":"湖南-郴州","gid":"349843","time_insert":"2021-07-21 23:00"}
2024-10-07 01:36:48 查询号码 【1378650】，GSD为【"湖南-郴州"】

2024-10-07 01:36:49 开始第 8652 次操作

2024-10-07 01:36:49 开始操作号码 【1378651】
2024-10-07 01:36:51 GSD getOne 第 1 次 等待 3 秒
2024-10-07 01:36:54 查询号码 【1378651】，返回信息 {"status":"ok","msg":"湖南-郴州","gid":"349837","time_insert":"2021-07-21 23:00"}
2024-10-07 01:36:54 查询号码 【1378651】，GSD为【"湖南-郴州"】

2024-10-07 02:15:28 开始第 8653 次操作

2024-10-07 02:15:28 开始操作号码 【1378652】
2024-10-07 02:15:30 GSD getOne 第 1 次 等待 3 秒
2024-10-07 02:15:33 查询号码 【1378652】，返回信息 {"status":"ok","msg":"湖南-郴州","gid":"349833","time_insert":"2021-07-21 22:59"}
2024-10-07 02:15:33 查询号码 【1378652】，GSD为【"湖南-郴州"】

2024-10-07 02:15:34 开始第 8654 次操作

2024-10-07 02:15:34 开始操作号码 【1378653】
2024-10-07 02:15:37 GSD getOne 第 1 次 等待 3 秒
2024-10-07 02:15:40 查询号码 【1378653】，返回信息 {"status":"ok","msg":"湖南-郴州","gid":"349828","time_insert":"2021-07-21 22:58"}
2024-10-07 02:15:40 查询号码 【1378653】，GSD为【"湖南-郴州"】

2024-10-07 02:15:41 开始第 8655 次操作

2024-10-07 02:15:41 开始操作号码 【1378654】
2024-10-07 02:15:43 GSD getOne 第 1 次 等待 3 秒
2024-10-07 02:15:46 查询号码 【1378654】，返回信息 {"status":"ok","msg":"湖南-郴州","gid":"349825","time_insert":"2021-07-21 22:58"}
2024-10-07 02:15:46 查询号码 【1378654】，GSD为【"湖南-郴州"】

2024-10-07 02:15:47 开始第 8656 次操作

2024-10-07 02:15:47 开始操作号码 【1378655】
2024-10-07 02:15:49 GSD getOne 第 1 次 等待 3 秒
2024-10-07 02:15:52 查询号码 【1378655】，返回信息 {"status":"ok","msg":"湖南-郴州","gid":"349821","time_insert":"2021-07-21 22:57"}
2024-10-07 02:15:52 查询号码 【1378655】，GSD为【"湖南-郴州"】

2024-10-07 02:39:33 开始第 8657 次操作

2024-10-07 02:39:33 开始操作号码 【1378656】
2024-10-07 02:39:35 GSD getOne 第 1 次 等待 3 秒
2024-10-07 02:39:38 查询号码 【1378656】，返回信息 {"status":"ok","msg":"湖南-郴州","gid":"349815","time_insert":"2021-07-21 22:57"}
2024-10-07 02:39:38 查询号码 【1378656】，GSD为【"湖南-郴州"】

2024-10-07 02:39:39 开始第 8658 次操作

2024-10-07 02:39:39 开始操作号码 【1378657】
2024-10-07 02:39:41 GSD getOne 第 1 次 等待 3 秒
2024-10-07 02:39:44 查询号码 【1378657】，返回信息 {"status":"ok","msg":"湖南-郴州","gid":"349810","time_insert":"2021-07-21 22:56"}
2024-10-07 02:39:44 查询号码 【1378657】，GSD为【"湖南-郴州"】

2024-10-07 02:39:45 开始第 8659 次操作

2024-10-07 02:39:45 开始操作号码 【1378658】
2024-10-07 02:39:47 GSD getOne 第 1 次 等待 3 秒
2024-10-07 02:39:50 查询号码 【1378658】，返回信息 {"status":"ok","msg":"湖南-郴州","gid":"349805","time_insert":"2021-07-21 22:55"}
2024-10-07 02:39:50 查询号码 【1378658】，GSD为【"湖南-郴州"】

2024-10-07 02:39:51 开始第 8660 次操作

2024-10-07 02:39:51 开始操作号码 【1378659】
2024-10-07 02:39:53 GSD getOne 第 1 次 等待 3 秒
2024-10-07 02:39:56 查询号码 【1378659】，返回信息 {"status":"ok","msg":"湖南-郴州","gid":"349799","time_insert":"2021-07-21 22:55"}
2024-10-07 02:39:56 查询号码 【1378659】，GSD为【"湖南-郴州"】

2024-10-07 03:09:56 开始第 8661 次操作

2024-10-07 03:09:56 开始操作号码 【1378660】
2024-10-07 03:09:59 GSD getOne 第 1 次 等待 3 秒
2024-10-07 03:10:02 查询号码 【1378660】，返回信息 {"status":"ok","msg":"湖南-常德","gid":"349794","time_insert":"2021-07-21 22:54"}
2024-10-07 03:10:02 查询号码 【1378660】，GSD为【"湖南-常德"】

2024-10-07 03:10:03 开始第 8662 次操作

2024-10-07 03:10:03 开始操作号码 【1378661】
2024-10-07 03:10:05 GSD getOne 第 1 次 等待 3 秒
2024-10-07 03:10:08 查询号码 【1378661】，返回信息 {"status":"ok","msg":"湖南-常德","gid":"349789","time_insert":"2021-07-21 22:54"}
2024-10-07 03:10:08 查询号码 【1378661】，GSD为【"湖南-常德"】

2024-10-07 03:10:09 开始第 8663 次操作

2024-10-07 03:10:09 开始操作号码 【1378662】
2024-10-07 03:10:11 GSD getOne 第 1 次 等待 3 秒
2024-10-07 03:10:14 查询号码 【1378662】，返回信息 {"status":"ok","msg":"湖南-常德","gid":"349784","time_insert":"2021-07-21 22:53"}
2024-10-07 03:10:14 查询号码 【1378662】，GSD为【"湖南-常德"】

2024-10-07 03:10:15 开始第 8664 次操作

2024-10-07 03:10:15 开始操作号码 【1378663】
2024-10-07 03:10:17 GSD getOne 第 1 次 等待 3 秒
2024-10-07 03:10:20 查询号码 【1378663】，返回信息 {"status":"ok","msg":"湖南-常德","gid":"349780","time_insert":"2021-07-21 22:53"}
2024-10-07 03:10:20 查询号码 【1378663】，GSD为【"湖南-常德"】

2024-10-07 03:35:21 开始第 8665 次操作

2024-10-07 03:35:21 开始操作号码 【1378664】
2024-10-07 03:35:24 GSD getOne 第 1 次 等待 3 秒
2024-10-07 03:35:27 查询号码 【1378664】，返回信息 {"status":"ok","msg":"湖南-常德","gid":"349772","time_insert":"2021-07-21 22:52"}
2024-10-07 03:35:27 查询号码 【1378664】，GSD为【"湖南-常德"】

2024-10-07 03:35:28 开始第 8666 次操作

2024-10-07 03:35:28 开始操作号码 【1378665】
2024-10-07 03:35:30 GSD getOne 第 1 次 等待 3 秒
2024-10-07 03:35:33 查询号码 【1378665】，返回信息 {"status":"ok","msg":"湖南-常德","gid":"349769","time_insert":"2021-07-21 22:51"}
2024-10-07 03:35:33 查询号码 【1378665】，GSD为【"湖南-常德"】

2024-10-07 03:35:34 开始第 8667 次操作

2024-10-07 03:35:34 开始操作号码 【1378666】
2024-10-07 03:35:36 GSD getOne 第 1 次 等待 3 秒
2024-10-07 03:35:39 查询号码 【1378666】，返回信息 {"status":"ok","msg":"湖南-常德","gid":"349764","time_insert":"2021-07-21 22:51"}
2024-10-07 03:35:39 查询号码 【1378666】，GSD为【"湖南-常德"】

2024-10-07 03:35:40 开始第 8668 次操作

2024-10-07 03:35:40 开始操作号码 【1378667】
2024-10-07 03:35:43 GSD getOne 第 1 次 等待 3 秒
2024-10-07 03:35:46 查询号码 【1378667】，返回信息 {"status":"ok","msg":"湖南-常德","gid":"349758","time_insert":"2021-07-21 22:50"}
2024-10-07 03:35:46 查询号码 【1378667】，GSD为【"湖南-常德"】

2024-10-07 04:12:51 开始第 8669 次操作

2024-10-07 04:12:51 开始操作号码 【1378668】
2024-10-07 04:12:53 GSD getOne 第 1 次 等待 3 秒
2024-10-07 04:12:56 查询号码 【1378668】，返回信息 {"status":"ok","msg":"湖南-常德","gid":"349753","time_insert":"2021-07-21 22:49"}
2024-10-07 04:12:56 查询号码 【1378668】，GSD为【"湖南-常德"】

2024-10-07 04:12:57 开始第 8670 次操作

2024-10-07 04:12:57 开始操作号码 【1378669】
2024-10-07 04:12:58 GSD getOne 第 1 次 等待 3 秒
2024-10-07 04:13:02 查询号码 【1378669】，返回信息 {"status":"ok","msg":"湖南-常德","gid":"349748","time_insert":"2021-07-21 22:49"}
2024-10-07 04:13:02 查询号码 【1378669】，GSD为【"湖南-常德"】

2024-10-07 04:13:03 开始第 8671 次操作

2024-10-07 04:13:03 开始操作号码 【1378670】
2024-10-07 04:13:05 GSD getOne 第 1 次 等待 3 秒
2024-10-07 04:13:08 查询号码 【1378670】，返回信息 {"status":"ok","msg":"湖南-益阳","gid":"10688","time_insert":"2017-08-10 21:13","time_update":"2020-09-22 04:04"}
2024-10-07 04:13:08 查询号码 【1378670】，GSD为【"湖南-益阳"】

2024-10-07 04:13:09 开始第 8672 次操作

2024-10-07 04:13:09 开始操作号码 【1378671】
2024-10-07 04:13:11 GSD getOne 第 1 次 等待 3 秒
2024-10-07 04:13:14 查询号码 【1378671】，返回信息 {"status":"ok","msg":"湖南-益阳","gid":"349742","time_insert":"2021-07-21 22:48"}
2024-10-07 04:13:14 查询号码 【1378671】，GSD为【"湖南-益阳"】

