2024-06-21 00:19:57 开始第 1829 次操作

2024-06-21 00:19:57 开始操作号码 【1481733】
2024-06-21 00:20:10 GSD getOne 第 1 次 等待 3 秒
2024-06-21 00:20:13 查询号码 【1481733】，返回信息 {"status":"ok","msg":"上海-上海","gid":"155978","time_insert":"2021-06-29 20:37"}
2024-06-21 00:20:13 查询号码 【1481733】，GSD为【"上海-上海"】

2024-06-21 00:20:14 开始第 1830 次操作

2024-06-21 00:20:14 开始操作号码 【1481734】
2024-06-21 00:20:24 GSD getOne 第 1 次 等待 3 秒
2024-06-21 00:20:27 查询号码 【1481734】，返回信息 {"status":"ok","msg":"上海-上海","gid":"155987","time_insert":"2021-06-29 20:42"}
2024-06-21 00:20:27 查询号码 【1481734】，GSD为【"上海-上海"】

2024-06-21 00:20:28 开始第 1831 次操作

2024-06-21 00:20:29 开始操作号码 【1481735】
2024-06-21 00:20:38 GSD getOne 第 1 次 等待 3 秒
2024-06-21 00:20:41 查询号码 【1481735】，返回信息 {"status":"ok","msg":"上海-上海","gid":"155991","time_insert":"2021-06-29 20:45"}
2024-06-21 00:20:41 查询号码 【1481735】，GSD为【"上海-上海"】

2024-06-21 00:20:42 开始第 1832 次操作

2024-06-21 00:20:42 开始操作号码 【1481736】
2024-06-21 00:20:55 GSD getOne 第 1 次 等待 3 秒
2024-06-21 00:20:58 查询号码 【1481736】，返回信息 {"status":"ok","msg":"上海-上海","gid":"155997","time_insert":"2021-06-29 20:50"}
2024-06-21 00:20:58 查询号码 【1481736】，GSD为【"上海-上海"】

