2024-01-04 00:17:07 开始第 6865 次操作

2024-01-04 00:17:07 开始操作号码 【1816767】
2024-01-04 00:17:10 GSD getOne 第 1 次 等待 3 秒
2024-01-04 00:17:13 查询号码 【1816767】，返回信息 {"status":"ok","msg":"新疆-阿勒泰","gid":"403950","time_insert":"2021-07-26 18:14"}
2024-01-04 00:17:13 查询号码 【1816767】，GSD为【"新疆-阿勒泰"】

2024-01-04 00:17:14 开始第 6866 次操作

2024-01-04 00:17:14 开始操作号码 【1816768】
2024-01-04 00:17:17 GSD getOne 第 1 次 等待 3 秒
2024-01-04 00:17:20 查询号码 【1816768】，返回信息 {"status":"ok","msg":"新疆-阿勒泰","gid":"403941","time_insert":"2021-07-26 18:14"}
2024-01-04 00:17:20 查询号码 【1816768】，GSD为【"新疆-阿勒泰"】

2024-01-04 00:17:21 开始第 6867 次操作

2024-01-04 00:17:21 开始操作号码 【1816769】
2024-01-04 00:17:24 GSD getOne 第 1 次 等待 3 秒
2024-01-04 00:17:27 查询号码 【1816769】，返回信息 {"status":"ok","msg":"新疆-克孜勒苏","gid":"403934","time_insert":"2021-07-26 18:13"}
2024-01-04 00:17:27 查询号码 【1816769】，GSD为【"新疆-克孜勒苏"】

2024-01-04 00:17:28 开始第 6868 次操作

2024-01-04 00:17:28 开始操作号码 【1816770】
2024-01-04 00:17:31 GSD getOne 第 1 次 等待 3 秒
2024-01-04 00:17:34 查询号码 【1816770】，返回信息 {"status":"ok","msg":"新疆-库尔勒","gid":"403926","time_insert":"2021-07-26 18:12"}
2024-01-04 00:17:34 查询号码 【1816770】，GSD为【"新疆-库尔勒"】

2024-01-04 00:38:55 开始第 6869 次操作

2024-01-04 00:38:55 开始操作号码 【1816771】
2024-01-04 00:38:58 GSD getOne 第 1 次 等待 3 秒
2024-01-04 00:39:01 查询号码 【1816771】，返回信息 {"status":"ok","msg":"新疆-阿克苏","gid":"403920","time_insert":"2021-07-26 18:12"}
2024-01-04 00:39:01 查询号码 【1816771】，GSD为【"新疆-阿克苏"】

2024-01-04 00:39:02 开始第 6870 次操作

2024-01-04 00:39:02 开始操作号码 【1816772】
2024-01-04 00:39:05 GSD getOne 第 1 次 等待 3 秒
2024-01-04 00:39:08 查询号码 【1816772】，返回信息 {"status":"ok","msg":"新疆-昌吉","gid":"403910","time_insert":"2021-07-26 18:11"}
2024-01-04 00:39:08 查询号码 【1816772】，GSD为【"新疆-昌吉"】

2024-01-04 00:39:09 开始第 6871 次操作

2024-01-04 00:39:09 开始操作号码 【1816773】
2024-01-04 00:39:12 GSD getOne 第 1 次 等待 3 秒
2024-01-04 00:39:15 查询号码 【1816773】，返回信息 {"status":"ok","msg":"新疆-昌吉","gid":"403901","time_insert":"2021-07-26 18:11"}
2024-01-04 00:39:16 查询号码 【1816773】，GSD为【"新疆-昌吉"】

2024-01-04 00:39:17 开始第 6872 次操作

2024-01-04 00:39:17 开始操作号码 【1816774】
2024-01-04 00:39:19 GSD getOne 第 1 次 等待 3 秒
2024-01-04 00:39:22 查询号码 【1816774】，返回信息 {"status":"ok","msg":"新疆-昌吉","gid":"403894","time_insert":"2021-07-26 18:10"}
2024-01-04 00:39:22 查询号码 【1816774】，GSD为【"新疆-昌吉"】

2024-01-04 01:12:20 开始第 6873 次操作

2024-01-04 01:12:20 开始操作号码 【1816775】
2024-01-04 01:12:24 GSD getOne 第 1 次 等待 3 秒
2024-01-04 01:12:27 查询号码 【1816775】，返回信息 {"status":"ok","msg":"新疆-昌吉","gid":"403885","time_insert":"2021-07-26 18:09"}
2024-01-04 01:12:27 查询号码 【1816775】，GSD为【"新疆-昌吉"】

2024-01-04 01:12:28 开始第 6874 次操作

2024-01-04 01:12:28 开始操作号码 【1816776】
2024-01-04 01:12:31 GSD getOne 第 1 次 等待 3 秒
2024-01-04 01:12:34 查询号码 【1816776】，返回信息 {"status":"ok","msg":"新疆-昌吉","gid":"403877","time_insert":"2021-07-26 18:09"}
2024-01-04 01:12:34 查询号码 【1816776】，GSD为【"新疆-昌吉"】

2024-01-04 01:12:35 开始第 6875 次操作

2024-01-04 01:12:35 开始操作号码 【1816777】
2024-01-04 01:12:37 GSD getOne 第 1 次 等待 3 秒
2024-01-04 01:12:40 查询号码 【1816777】，返回信息 {"status":"ok","msg":"新疆-昌吉","gid":"403864","time_insert":"2021-07-26 18:08"}
2024-01-04 01:12:41 查询号码 【1816777】，GSD为【"新疆-昌吉"】

2024-01-04 01:12:42 开始第 6876 次操作

2024-01-04 01:12:42 开始操作号码 【1816778】
2024-01-04 01:12:44 GSD getOne 第 1 次 等待 3 秒
2024-01-04 01:12:47 查询号码 【1816778】，返回信息 {"status":"ok","msg":"新疆-昌吉","gid":"403861","time_insert":"2021-07-26 18:08","time_update":"2021-08-03 00:16"}
2024-01-04 01:12:47 查询号码 【1816778】，GSD为【"新疆-昌吉"】

2024-01-04 01:35:50 开始第 6877 次操作

2024-01-04 01:35:50 开始操作号码 【1816779】
2024-01-04 01:35:53 GSD getOne 第 1 次 等待 3 秒
2024-01-04 01:35:56 查询号码 【1816779】，返回信息 {"status":"ok","msg":"新疆-博乐","gid":"403853","time_insert":"2021-07-26 18:07"}
2024-01-04 01:35:56 查询号码 【1816779】，GSD为【"新疆-博乐"】

2024-01-04 01:35:57 开始第 6878 次操作

2024-01-04 01:35:57 开始操作号码 【1816780】
2024-01-04 01:36:00 GSD getOne 第 1 次 等待 3 秒
2024-01-04 01:36:03 查询号码 【1816780】，返回信息 {"status":"ok","msg":"新疆-乌鲁木齐","gid":"403846","time_insert":"2021-07-26 18:07"}
2024-01-04 01:36:03 查询号码 【1816780】，GSD为【"新疆-乌鲁木齐"】

2024-01-04 01:36:04 开始第 6879 次操作

2024-01-04 01:36:04 开始操作号码 【1816781】
2024-01-04 01:36:07 GSD getOne 第 1 次 等待 3 秒
2024-01-04 01:36:10 查询号码 【1816781】，返回信息 {"status":"ok","msg":"新疆-乌鲁木齐","gid":"403839","time_insert":"2021-07-26 18:06"}
2024-01-04 01:36:10 查询号码 【1816781】，GSD为【"新疆-乌鲁木齐"】

2024-01-04 01:36:11 开始第 6880 次操作

2024-01-04 01:36:11 开始操作号码 【1816782】
2024-01-04 01:36:14 GSD getOne 第 1 次 等待 3 秒
2024-01-04 01:36:17 查询号码 【1816782】，返回信息 {"status":"ok","msg":"新疆-乌鲁木齐","gid":"403827","time_insert":"2021-07-26 18:06","time_update":"2021-08-03 00:35"}
2024-01-04 01:36:17 查询号码 【1816782】，GSD为【"新疆-乌鲁木齐"】

