2024-09-23 00:14:01 开始第 6185 次操作

2024-09-23 00:14:01 开始操作号码 【1376184】
2024-09-23 00:14:04 GSD getOne 第 1 次 等待 3 秒
2024-09-23 00:14:07 查询号码 【1376184】，返回信息 {"status":"ok","msg":"上海-上海","gid":"355348","time_insert":"2021-07-22 13:04"}
2024-09-23 00:14:07 查询号码 【1376184】，GSD为【"上海-上海"】

2024-09-23 00:14:08 开始第 6186 次操作

2024-09-23 00:14:08 开始操作号码 【1376185】
2024-09-23 00:14:10 GSD getOne 第 1 次 等待 3 秒
2024-09-23 00:14:13 查询号码 【1376185】，返回信息 {"status":"ok","msg":"上海-上海","gid":"355455","time_insert":"2021-07-22 13:14"}
2024-09-23 00:14:13 查询号码 【1376185】，GSD为【"上海-上海"】

2024-09-23 00:14:14 开始第 6187 次操作

2024-09-23 00:14:14 开始操作号码 【1376186】
2024-09-23 00:14:16 GSD getOne 第 1 次 等待 3 秒
2024-09-23 00:14:19 查询号码 【1376186】，返回信息 {"status":"ok","msg":"上海-上海","gid":"355542","time_insert":"2021-07-22 13:25"}
2024-09-23 00:14:19 查询号码 【1376186】，GSD为【"上海-上海"】

2024-09-23 00:14:20 开始第 6188 次操作

2024-09-23 00:14:20 开始操作号码 【1376187】
2024-09-23 00:14:22 GSD getOne 第 1 次 等待 3 秒
2024-09-23 00:14:25 查询号码 【1376187】，返回信息 {"status":"ok","msg":"上海-上海","gid":"355644","time_insert":"2021-07-22 13:38"}
2024-09-23 00:14:25 查询号码 【1376187】，GSD为【"上海-上海"】

2024-09-23 00:39:31 开始第 6189 次操作

2024-09-23 00:39:31 开始操作号码 【1376188】
2024-09-23 00:39:34 GSD getOne 第 1 次 等待 3 秒
2024-09-23 00:39:37 查询号码 【1376188】，返回信息 {"status":"ok","msg":"上海-上海","gid":"355728","time_insert":"2021-07-22 13:51"}
2024-09-23 00:39:37 查询号码 【1376188】，GSD为【"上海-上海"】

2024-09-23 00:39:38 开始第 6190 次操作

2024-09-23 00:39:38 开始操作号码 【1376189】
2024-09-23 00:39:40 GSD getOne 第 1 次 等待 3 秒
2024-09-23 00:39:43 查询号码 【1376189】，返回信息 {"status":"ok","msg":"上海-上海","gid":"355800","time_insert":"2021-07-22 14:02"}
2024-09-23 00:39:43 查询号码 【1376189】，GSD为【"上海-上海"】

2024-09-23 00:39:44 开始第 6191 次操作

2024-09-23 00:39:44 开始操作号码 【1376190】
2024-09-23 00:39:46 GSD getOne 第 1 次 等待 3 秒
2024-09-23 00:39:49 查询号码 【1376190】，返回信息 {"status":"ok","msg":"上海-上海","gid":"355893","time_insert":"2021-07-22 14:17"}
2024-09-23 00:39:49 查询号码 【1376190】，GSD为【"上海-上海"】

2024-09-23 00:39:50 开始第 6192 次操作

2024-09-23 00:39:50 开始操作号码 【1376191】
2024-09-23 00:39:52 GSD getOne 第 1 次 等待 3 秒
2024-09-23 00:39:55 查询号码 【1376191】，返回信息 {"status":"ok","msg":"上海-上海","gid":"355948","time_insert":"2021-07-22 14:30"}
2024-09-23 00:39:55 查询号码 【1376191】，GSD为【"上海-上海"】

