2023-11-28 00:18:52 开始第 213 次操作

2023-11-28 00:18:52 开始操作号码 【1810115】
2023-11-28 00:18:56 GSD getOne 第 1 次 等待 3 秒
2023-11-28 00:18:59 查询号码 【1810115】，返回信息 {"status":"ok","msg":"北京-北京","gid":"266298","time_insert":"2021-07-13 15:27"}
2023-11-28 00:18:59 查询号码 【1810115】，GSD为【"北京-北京"】

2023-11-28 00:19:00 开始第 214 次操作

2023-11-28 00:19:00 开始操作号码 【1810116】
2023-11-28 00:19:03 GSD getOne 第 1 次 等待 3 秒
2023-11-28 00:19:06 查询号码 【1810116】，返回信息 {"status":"ok","msg":"北京-北京","gid":"266499","time_insert":"2021-07-13 15:46"}
2023-11-28 00:19:06 查询号码 【1810116】，GSD为【"北京-北京"】

2023-11-28 00:19:07 开始第 215 次操作

2023-11-28 00:19:07 开始操作号码 【1810117】
2023-11-28 00:19:11 GSD getOne 第 1 次 等待 3 秒
2023-11-28 00:19:14 查询号码 【1810117】，返回信息 {"status":"ok","msg":"北京-北京","gid":"266633","time_insert":"2021-07-13 16:05"}
2023-11-28 00:19:14 查询号码 【1810117】，GSD为【"北京-北京"】

2023-11-28 00:19:15 开始第 216 次操作

2023-11-28 00:19:15 开始操作号码 【1810118】
2023-11-28 00:19:23 GSD getOne 第 1 次 等待 3 秒
2023-11-28 00:19:26 查询号码 【1810118】，返回信息 {"status":"ok","msg":"北京-北京","gid":"266665","time_insert":"2021-07-13 16:22"}
2023-11-28 00:19:26 查询号码 【1810118】，GSD为【"北京-北京"】

