2021-07-25 00:00:01 开始第 27 次操作

2021-07-25 00:00:01 开始操作号码 【1506990】
2021-07-25 00:00:03 GSD getOne 第 1 次 等待 3 秒
2021-07-25 00:00:06 查询号码 【1506990】，返回信息 {"status":"bad","msg":""}
2021-07-25 00:00:06 查询号码 【1506990】，GSD为【""】
2021-07-25 00:00:06 bad
2021-07-25 00:00:10 CHB 1506990?1627142406 第 1 次 等待 3 秒
2021-07-25 00:00:13 CHB 1506990?1627142406 第 1 次 获取到号码【1506990】GSD
2021-07-25 00:00:13 获取到号码【1506990】的GSD为【山东-临沂】
2021-07-25 00:00:17 GSD insert 第 1 次 等待 3 秒
2021-07-25 00:00:20 {"status":"ok","gid":382942,"msg":"添加成功！"}
2021-07-25 00:00:20 下次操作: 2021-07-25 00:00:33

2021-07-25 00:00:33 开始第 28 次操作

2021-07-25 00:00:33 开始操作号码 【1506989】
2021-07-25 00:00:37 GSD getOne 第 1 次 等待 3 秒
2021-07-25 00:00:40 查询号码 【1506989】，返回信息 {"status":"bad","msg":""}
2021-07-25 00:00:40 查询号码 【1506989】，GSD为【""】
2021-07-25 00:00:40 bad
2021-07-25 00:00:42 CHB 1506989?1627142440 第 1 次 等待 3 秒
2021-07-25 00:00:45 CHB 1506989?1627142440 第 1 次 获取到号码【1506989】GSD
2021-07-25 00:00:45 获取到号码【1506989】的GSD为【山东-泰安】
2021-07-25 00:00:49 GSD insert 第 1 次 等待 3 秒
2021-07-25 00:00:52 {"status":"ok","gid":382951,"msg":"添加成功！"}
2021-07-25 00:00:52 下次操作: 2021-07-25 00:01:05

2021-07-25 00:01:05 开始第 29 次操作

2021-07-25 00:01:05 开始操作号码 【1506988】
2021-07-25 00:01:08 GSD getOne 第 1 次 等待 3 秒
2021-07-25 00:01:11 查询号码 【1506988】，返回信息 {"status":"bad","msg":""}
2021-07-25 00:01:11 查询号码 【1506988】，GSD为【""】
2021-07-25 00:01:11 bad
2021-07-25 00:01:15 CHB 1506988?1627142471 第 1 次 等待 3 秒
2021-07-25 00:01:18 CHB 1506988?1627142471 第 1 次 获取到号码【1506988】GSD
2021-07-25 00:01:18 获取到号码【1506988】的GSD为【山东-泰安】
2021-07-25 00:01:21 GSD insert 第 1 次 等待 3 秒
2021-07-25 00:01:24 {"status":"ok","gid":382959,"msg":"添加成功！"}
2021-07-25 00:01:24 下次操作: 2021-07-25 00:01:38

2021-07-25 00:01:38 开始第 30 次操作

2021-07-25 00:01:38 开始操作号码 【1506987】
2021-07-25 00:01:40 GSD getOne 第 1 次 等待 3 秒
2021-07-25 00:01:43 查询号码 【1506987】，返回信息 {"status":"bad","msg":""}
2021-07-25 00:01:43 查询号码 【1506987】，GSD为【""】
2021-07-25 00:01:43 bad
2021-07-25 00:01:46 CHB 1506987?1627142503 第 1 次 等待 3 秒
2021-07-25 00:01:49 CHB 1506987?1627142503 第 1 次 获取到号码【1506987】GSD
2021-07-25 00:01:49 获取到号码【1506987】的GSD为【山东-泰安】
2021-07-25 00:01:53 GSD insert 第 1 次 等待 3 秒
2021-07-25 00:01:56 {"status":"ok","gid":382970,"msg":"添加成功！"}
2021-07-25 00:01:56 下次操作: 2021-07-25 00:02:19

2021-07-25 00:02:19 开始第 31 次操作

2021-07-25 00:02:19 开始操作号码 【1506986】
2021-07-25 00:02:23 GSD getOne 第 1 次 等待 3 秒
2021-07-25 00:02:26 查询号码 【1506986】，返回信息 {"status":"bad","msg":""}
2021-07-25 00:02:27 查询号码 【1506986】，GSD为【""】
2021-07-25 00:02:27 bad
2021-07-25 00:02:29 CHB 1506986?1627142547 第 1 次 等待 3 秒
2021-07-25 00:02:32 CHB 1506986?1627142547 第 1 次 获取到号码【1506986】GSD
2021-07-25 00:02:32 获取到号码【1506986】的GSD为【山东-泰安】
2021-07-25 00:02:36 GSD insert 第 1 次 等待 3 秒
2021-07-25 00:02:39 {"status":"ok","gid":382981,"msg":"添加成功！"}
2021-07-25 00:02:39 下次操作: 2021-07-25 00:02:52

2021-07-25 00:02:52 开始第 32 次操作

2021-07-25 00:02:52 开始操作号码 【1506985】
2021-07-25 00:02:56 GSD getOne 第 1 次 等待 3 秒
2021-07-25 00:02:59 查询号码 【1506985】，返回信息 {"status":"bad","msg":""}
2021-07-25 00:02:59 查询号码 【1506985】，GSD为【""】
2021-07-25 00:02:59 bad
2021-07-25 00:03:02 CHB 1506985?1627142579 第 1 次 等待 3 秒
2021-07-25 00:03:05 CHB 1506985?1627142579 第 1 次 获取到号码【1506985】GSD
2021-07-25 00:03:05 获取到号码【1506985】的GSD为【山东-泰安】
2021-07-25 00:03:09 GSD insert 第 1 次 等待 3 秒
2021-07-25 00:03:12 {"status":"ok","gid":382992,"msg":"添加成功！"}
2021-07-25 00:03:12 下次操作: 2021-07-25 00:03:36

2021-07-25 00:03:36 开始第 33 次操作

2021-07-25 00:03:36 开始操作号码 【1506984】
2021-07-25 00:03:40 GSD getOne 第 1 次 等待 3 秒
2021-07-25 00:03:43 查询号码 【1506984】，返回信息 {"status":"bad","msg":""}
2021-07-25 00:03:43 查询号码 【1506984】，GSD为【""】
2021-07-25 00:03:43 bad
2021-07-25 00:03:46 CHB 1506984?1627142623 第 1 次 等待 3 秒
2021-07-25 00:03:49 CHB 1506984?1627142623 第 1 次 获取到号码【1506984】GSD
2021-07-25 00:03:49 获取到号码【1506984】的GSD为【山东-泰安】
2021-07-25 00:03:56 GSD insert 第 1 次 等待 3 秒
2021-07-25 00:03:59 {"status":"ok","gid":383002,"msg":"添加成功！"}
2021-07-25 00:03:59 下次操作: 2021-07-25 00:04:16

2021-07-25 00:04:16 开始第 34 次操作

2021-07-25 00:04:16 开始操作号码 【1506983】
2021-07-25 00:04:20 GSD getOne 第 1 次 等待 3 秒
2021-07-25 00:04:23 查询号码 【1506983】，返回信息 {"status":"bad","msg":""}
2021-07-25 00:04:23 查询号码 【1506983】，GSD为【""】
2021-07-25 00:04:23 bad
2021-07-25 00:04:25 CHB 1506983?1627142663 第 1 次 等待 3 秒
2021-07-25 00:04:28 CHB 1506983?1627142663 第 1 次 获取到号码【1506983】GSD
2021-07-25 00:04:28 获取到号码【1506983】的GSD为【山东-泰安】
2021-07-25 00:04:31 GSD insert 第 1 次 等待 3 秒
2021-07-25 00:04:34 {"status":"ok","gid":383010,"msg":"添加成功！"}
2021-07-25 00:04:34 下次操作: 2021-07-25 00:04:54

2021-07-25 00:04:54 开始第 35 次操作

2021-07-25 00:04:54 开始操作号码 【1506982】
2021-07-25 00:04:57 GSD getOne 第 1 次 等待 3 秒
2021-07-25 00:05:00 查询号码 【1506982】，返回信息 {"status":"bad","msg":""}
2021-07-25 00:05:00 查询号码 【1506982】，GSD为【""】
2021-07-25 00:05:00 bad
2021-07-25 00:05:03 CHB 1506982?1627142700 第 1 次 等待 3 秒
2021-07-25 00:05:06 CHB 1506982?1627142700 第 1 次 获取到号码【1506982】GSD
2021-07-25 00:05:06 获取到号码【1506982】的GSD为【山东-泰安】
2021-07-25 00:05:11 GSD insert 第 1 次 等待 3 秒
2021-07-25 00:05:14 {"status":"ok","gid":383021,"msg":"添加成功！"}
2021-07-25 00:05:14 下次操作: 2021-07-25 00:05:33

2021-07-25 00:05:33 开始第 36 次操作

2021-07-25 00:05:33 开始操作号码 【1506981】
2021-07-25 00:05:36 GSD getOne 第 1 次 等待 3 秒
2021-07-25 00:05:39 查询号码 【1506981】，返回信息 {"status":"bad","msg":""}
2021-07-25 00:05:39 查询号码 【1506981】，GSD为【""】
2021-07-25 00:05:39 bad
2021-07-25 00:05:43 CHB 1506981?1627142739 第 1 次 等待 3 秒
2021-07-25 00:05:46 CHB 1506981?1627142739 第 1 次 获取到号码【1506981】GSD
2021-07-25 00:05:46 获取到号码【1506981】的GSD为【山东-泰安】
2021-07-25 00:05:54 GSD insert 第 1 次 等待 3 秒
2021-07-25 00:05:57 {"status":"ok","gid":383031,"msg":"添加成功！"}
2021-07-25 00:05:57 下次操作: 2021-07-25 00:06:19

2021-07-25 00:06:19 开始第 37 次操作

2021-07-25 00:06:19 开始操作号码 【1506980】
2021-07-25 00:06:23 GSD getOne 第 1 次 等待 3 秒
2021-07-25 00:06:26 查询号码 【1506980】，返回信息 {"status":"bad","msg":""}
2021-07-25 00:06:26 查询号码 【1506980】，GSD为【""】
2021-07-25 00:06:26 bad
2021-07-25 00:06:29 CHB 1506980?1627142786 第 1 次 等待 3 秒
2021-07-25 00:06:32 CHB 1506980?1627142786 第 1 次 获取到号码【1506980】GSD
2021-07-25 00:06:32 获取到号码【1506980】的GSD为【山东-泰安】
2021-07-25 00:06:36 GSD insert 第 1 次 等待 3 秒
2021-07-25 00:06:39 {"status":"ok","gid":383043,"msg":"添加成功！"}
2021-07-25 00:06:39 下次操作: 2021-07-25 00:06:53

2021-07-25 00:06:53 开始第 38 次操作

2021-07-25 00:06:53 开始操作号码 【1506979】
2021-07-25 00:06:56 GSD getOne 第 1 次 等待 3 秒
2021-07-25 00:06:59 查询号码 【1506979】，返回信息 {"status":"bad","msg":""}
2021-07-25 00:06:59 查询号码 【1506979】，GSD为【""】
2021-07-25 00:06:59 bad
2021-07-25 00:07:04 CHB 1506979?1627142819 第 1 次 等待 3 秒
2021-07-25 00:07:07 CHB 1506979?1627142819 第 1 次 获取到号码【1506979】GSD
2021-07-25 00:07:07 获取到号码【1506979】的GSD为【山东-济宁】
2021-07-25 00:07:10 GSD insert 第 1 次 等待 3 秒
2021-07-25 00:07:13 {"status":"ok","gid":383054,"msg":"添加成功！"}
2021-07-25 00:07:13 下次操作: 2021-07-25 00:07:25

2021-07-25 00:07:25 开始第 39 次操作

2021-07-25 00:07:25 开始操作号码 【1506978】
2021-07-25 00:07:29 GSD getOne 第 1 次 等待 3 秒
2021-07-25 00:07:32 查询号码 【1506978】，返回信息 {"status":"bad","msg":""}
2021-07-25 00:07:32 查询号码 【1506978】，GSD为【""】
2021-07-25 00:07:32 bad
2021-07-25 00:07:37 CHB 1506978?1627142852 第 1 次 等待 3 秒
2021-07-25 00:07:40 CHB 1506978?1627142852 第 1 次 未获取到 等待 23 秒 下次操作: 2021-07-25 00:08:03
2021-07-25 00:08:06 CHB 1506978?1627142883 第 2 次 等待 3 秒
2021-07-25 00:08:09 CHB 1506978?1627142883 第 2 次 获取到号码【1506978】GSD
2021-07-25 00:08:09 获取到号码【1506978】的GSD为【山东-济宁】
2021-07-25 00:08:13 GSD insert 第 1 次 等待 3 秒
2021-07-25 00:08:16 {"status":"ok","gid":383071,"msg":"添加成功！"}
2021-07-25 00:08:16 下次操作: 2021-07-25 00:08:39

2021-07-25 00:08:39 开始第 40 次操作

2021-07-25 00:08:39 开始操作号码 【1506977】
2021-07-25 00:08:42 GSD getOne 第 1 次 等待 3 秒
2021-07-25 00:08:45 查询号码 【1506977】，返回信息 {"status":"bad","msg":""}
2021-07-25 00:08:45 查询号码 【1506977】，GSD为【""】
2021-07-25 00:08:45 bad
2021-07-25 00:08:47 CHB 1506977?1627142925 第 1 次 等待 3 秒
2021-07-25 00:08:50 CHB 1506977?1627142925 第 1 次 获取到号码【1506977】GSD
2021-07-25 00:08:50 获取到号码【1506977】的GSD为【山东-济宁】
2021-07-25 00:08:53 GSD insert 第 1 次 等待 3 秒
2021-07-25 00:08:56 {"status":"ok","gid":383080,"msg":"添加成功！"}

2021-07-25 00:59:01 开始第 1 次操作

2021-07-25 00:59:01 开始操作号码 【1506976】
2021-07-25 00:59:06 GSD getOne 第 1 次 等待 3 秒
2021-07-25 00:59:09 查询号码 【1506976】，返回信息 {"status":"bad","msg":""}
2021-07-25 00:59:09 查询号码 【1506976】，GSD为【""】
2021-07-25 00:59:09 bad
2021-07-25 00:59:11 CHB 1506976?1627145949 第 1 次 等待 3 秒
2021-07-25 00:59:14 CHB 1506976?1627145949 第 1 次 获取到号码【1506976】GSD
2021-07-25 00:59:14 获取到号码【1506976】的GSD为【山东-济宁】
2021-07-25 00:59:32 GSD insert 第 1 次 等待 3 秒
2021-07-25 00:59:35 {"status":"ok","gid":383259,"msg":"添加成功！"}
2021-07-25 00:59:35 下次操作: 2021-07-25 00:59:50

2021-07-25 00:59:50 开始第 2 次操作

2021-07-25 00:59:50 开始操作号码 【1506975】
2021-07-25 00:59:55 GSD getOne 第 1 次 等待 3 秒
2021-07-25 00:59:58 查询号码 【1506975】，返回信息 {"status":"ok","msg":"山东-济宁","gid":"15841","time_insert":"2016-05-27 22:55","time_update":"2020-09-10 05:01"}
2021-07-25 00:59:58 查询号码 【1506975】，GSD为【"山东-济宁"】

2021-07-25 00:59:58 开始第 2 次操作

2021-07-25 00:59:58 开始操作号码 【1506974】
2021-07-25 01:00:16 GSD getOne 第 1 次 等待 3 秒
2021-07-25 01:00:19 查询号码 【1506974】，返回信息 {"status":"bad","msg":""}
2021-07-25 01:00:19 查询号码 【1506974】，GSD为【""】
2021-07-25 01:00:19 bad
2021-07-25 01:00:24 CHB 1506974?1627146019 第 1 次 等待 3 秒
2021-07-25 01:00:27 CHB 1506974?1627146019 第 1 次 获取到号码【1506974】GSD
2021-07-25 01:00:27 获取到号码【1506974】的GSD为【山东-济宁】
2021-07-25 01:00:30 GSD insert 第 1 次 等待 3 秒
2021-07-25 01:00:33 {"status":"ok","gid":383265,"msg":"添加成功！"}
2021-07-25 01:00:33 下次操作: 2021-07-25 01:00:54

2021-07-25 01:00:54 开始第 3 次操作

2021-07-25 01:00:54 开始操作号码 【1506973】
2021-07-25 01:00:57 GSD getOne 第 1 次 等待 3 秒
2021-07-25 01:01:00 查询号码 【1506973】，返回信息 {"status":"bad","msg":""}
2021-07-25 01:01:00 查询号码 【1506973】，GSD为【""】
2021-07-25 01:01:00 bad
2021-07-25 01:01:02 CHB 1506973?1627146060 第 1 次 等待 3 秒
2021-07-25 01:01:05 CHB 1506973?1627146060 第 1 次 获取到号码【1506973】GSD
2021-07-25 01:01:05 获取到号码【1506973】的GSD为【山东-济宁】
2021-07-25 01:01:09 GSD insert 第 1 次 等待 3 秒
2021-07-25 01:01:12 {"status":"ok","gid":383275,"msg":"添加成功！"}
2021-07-25 01:01:12 下次操作: 2021-07-25 01:01:34

2021-07-25 01:01:34 开始第 4 次操作

2021-07-25 01:01:34 开始操作号码 【1506972】
2021-07-25 01:01:37 GSD getOne 第 1 次 等待 3 秒
2021-07-25 01:01:40 查询号码 【1506972】，返回信息 {"status":"bad","msg":""}
2021-07-25 01:01:40 查询号码 【1506972】，GSD为【""】
2021-07-25 01:01:40 bad
2021-07-25 01:01:41 CHB 1506972?1627146100 第 1 次 等待 3 秒
2021-07-25 01:01:44 CHB 1506972?1627146100 第 1 次 获取到号码【1506972】GSD
2021-07-25 01:01:44 获取到号码【1506972】的GSD为【山东-济宁】
2021-07-25 01:01:53 GSD insert 第 1 次 等待 3 秒
2021-07-25 01:01:56 {"status":"ok","gid":383281,"msg":"添加成功！"}
2021-07-25 01:01:56 下次操作: 2021-07-25 01:02:15

2021-07-25 01:02:15 开始第 5 次操作

2021-07-25 01:02:15 开始操作号码 【1506971】
2021-07-25 01:02:19 GSD getOne 第 1 次 等待 3 秒
2021-07-25 01:02:22 查询号码 【1506971】，返回信息 {"status":"bad","msg":""}
2021-07-25 01:02:22 查询号码 【1506971】，GSD为【""】
2021-07-25 01:02:22 bad
2021-07-25 01:02:24 CHB 1506971?1627146142 第 1 次 等待 3 秒
2021-07-25 01:02:27 CHB 1506971?1627146142 第 1 次 获取到号码【1506971】GSD
2021-07-25 01:02:27 获取到号码【1506971】的GSD为【山东-济宁】
2021-07-25 01:02:33 GSD insert 第 1 次 等待 3 秒
2021-07-25 01:02:36 {"status":"ok","gid":383288,"msg":"添加成功！"}
2021-07-25 01:02:36 下次操作: 2021-07-25 01:02:49

2021-07-25 01:02:49 开始第 6 次操作

2021-07-25 01:02:49 开始操作号码 【1506970】
2021-07-25 01:02:52 GSD getOne 第 1 次 等待 3 秒
2021-07-25 01:02:55 查询号码 【1506970】，返回信息 {"status":"bad","msg":""}
2021-07-25 01:02:55 查询号码 【1506970】，GSD为【""】
2021-07-25 01:02:55 bad
2021-07-25 01:02:57 CHB 1506970?1627146175 第 1 次 等待 3 秒
2021-07-25 01:03:00 CHB 1506970?1627146175 第 1 次 获取到号码【1506970】GSD
2021-07-25 01:03:00 获取到号码【1506970】的GSD为【山东-济宁】
2021-07-25 01:03:02 GSD insert 第 1 次 等待 3 秒
2021-07-25 01:03:05 {"status":"ok","gid":383296,"msg":"添加成功！"}
2021-07-25 01:03:05 下次操作: 2021-07-25 01:03:17

2021-07-25 01:03:17 开始第 7 次操作

2021-07-25 01:03:17 开始操作号码 【1506969】
2021-07-25 01:03:20 GSD getOne 第 1 次 等待 3 秒
2021-07-25 01:03:23 查询号码 【1506969】，返回信息 {"status":"bad","msg":""}
2021-07-25 01:03:23 查询号码 【1506969】，GSD为【""】
2021-07-25 01:03:23 bad
2021-07-25 01:03:24 CHB 1506969?1627146203 第 1 次 等待 3 秒
2021-07-25 01:03:27 CHB 1506969?1627146203 第 1 次 获取到号码【1506969】GSD
2021-07-25 01:03:28 获取到号码【1506969】的GSD为【山东-潍坊】
2021-07-25 01:03:31 GSD insert 第 1 次 等待 3 秒
2021-07-25 01:03:34 {"status":"ok","gid":383302,"msg":"添加成功！"}
2021-07-25 01:03:34 下次操作: 2021-07-25 01:03:46

2021-07-25 01:03:46 开始第 8 次操作

2021-07-25 01:03:46 开始操作号码 【1506968】
2021-07-25 01:03:49 GSD getOne 第 1 次 等待 3 秒
2021-07-25 01:03:52 查询号码 【1506968】，返回信息 {"status":"bad","msg":""}
2021-07-25 01:03:52 查询号码 【1506968】，GSD为【""】
2021-07-25 01:03:52 bad
2021-07-25 01:03:54 CHB 1506968?1627146232 第 1 次 等待 3 秒
2021-07-25 01:03:57 CHB 1506968?1627146232 第 1 次 获取到号码【1506968】GSD
2021-07-25 01:03:57 获取到号码【1506968】的GSD为【山东-潍坊】
2021-07-25 01:03:59 GSD insert 第 1 次 等待 3 秒
2021-07-25 01:04:02 {"status":"ok","gid":383312,"msg":"添加成功！"}
2021-07-25 01:04:02 下次操作: 2021-07-25 01:04:16

2021-07-25 01:04:16 开始第 9 次操作

2021-07-25 01:04:16 开始操作号码 【1506967】
2021-07-25 01:04:20 GSD getOne 第 1 次 等待 3 秒
2021-07-25 01:04:23 查询号码 【1506967】，返回信息 {"status":"bad","msg":""}
2021-07-25 01:04:23 查询号码 【1506967】，GSD为【""】
2021-07-25 01:04:23 bad
2021-07-25 01:04:24 CHB 1506967?1627146263 第 1 次 等待 3 秒
2021-07-25 01:04:27 CHB 1506967?1627146263 第 1 次 获取到号码【1506967】GSD
2021-07-25 01:04:27 获取到号码【1506967】的GSD为【山东-潍坊】
2021-07-25 01:04:31 GSD insert 第 1 次 等待 3 秒
2021-07-25 01:04:34 {"status":"ok","gid":383319,"msg":"添加成功！"}
2021-07-25 01:04:34 下次操作: 2021-07-25 01:04:47

2021-07-25 01:04:47 开始第 10 次操作

2021-07-25 01:04:47 开始操作号码 【1506966】
2021-07-25 01:04:52 GSD getOne 第 1 次 等待 3 秒
2021-07-25 01:04:55 查询号码 【1506966】，返回信息 {"status":"ok","msg":"山东-潍坊","gid":"15840","time_insert":"2017-04-19 11:23","time_update":"2020-09-10 05:38"}
2021-07-25 01:04:55 查询号码 【1506966】，GSD为【"山东-潍坊"】

2021-07-25 01:04:55 开始第 10 次操作

2021-07-25 01:04:55 开始操作号码 【1506965】
2021-07-25 01:04:58 GSD getOne 第 1 次 等待 3 秒
2021-07-25 01:05:01 查询号码 【1506965】，返回信息 {"status":"bad","msg":""}
2021-07-25 01:05:01 查询号码 【1506965】，GSD为【""】
2021-07-25 01:05:01 bad
2021-07-25 01:05:03 CHB 1506965?1627146301 第 1 次 等待 3 秒
2021-07-25 01:05:06 CHB 1506965?1627146301 第 1 次 获取到号码【1506965】GSD
2021-07-25 01:05:06 获取到号码【1506965】的GSD为【山东-潍坊】
2021-07-25 01:05:09 GSD insert 第 1 次 等待 3 秒
2021-07-25 01:05:12 {"status":"ok","gid":383327,"msg":"添加成功！"}
2021-07-25 01:05:12 下次操作: 2021-07-25 01:05:27

2021-07-25 01:05:27 开始第 11 次操作

2021-07-25 01:05:27 开始操作号码 【1506964】
2021-07-25 01:05:32 GSD getOne 第 1 次 等待 3 秒
2021-07-25 01:05:35 查询号码 【1506964】，返回信息 {"status":"bad","msg":""}
2021-07-25 01:05:35 查询号码 【1506964】，GSD为【""】
2021-07-25 01:05:35 bad
2021-07-25 01:05:36 CHB 1506964?1627146335 第 1 次 等待 3 秒
2021-07-25 01:05:39 CHB 1506964?1627146335 第 1 次 获取到号码【1506964】GSD
2021-07-25 01:05:40 获取到号码【1506964】的GSD为【山东-潍坊】
2021-07-25 01:05:42 GSD insert 第 1 次 等待 3 秒
2021-07-25 01:05:45 {"status":"ok","gid":383336,"msg":"添加成功！"}
2021-07-25 01:05:45 下次操作: 2021-07-25 01:06:07

2021-07-25 01:06:07 开始第 12 次操作

2021-07-25 01:06:07 开始操作号码 【1506963】
2021-07-25 01:06:13 GSD getOne 第 1 次 等待 3 秒
2021-07-25 01:06:16 查询号码 【1506963】，返回信息 {"status":"bad","msg":""}
2021-07-25 01:06:16 查询号码 【1506963】，GSD为【""】
2021-07-25 01:06:16 bad
2021-07-25 01:06:18 CHB 1506963?1627146376 第 1 次 等待 3 秒
2021-07-25 01:06:21 CHB 1506963?1627146376 第 1 次 获取到号码【1506963】GSD
2021-07-25 01:06:21 获取到号码【1506963】的GSD为【山东-潍坊】
2021-07-25 01:06:29 GSD insert 第 1 次 等待 3 秒
2021-07-25 01:06:32 {"status":"ok","gid":383347,"msg":"添加成功！"}
2021-07-25 01:06:32 下次操作: 2021-07-25 01:06:51

2021-07-25 01:06:51 开始第 13 次操作

2021-07-25 01:06:51 开始操作号码 【1506962】
2021-07-25 01:06:54 GSD getOne 第 1 次 等待 3 秒
2021-07-25 01:06:57 查询号码 【1506962】，返回信息 {"status":"bad","msg":""}
2021-07-25 01:06:57 查询号码 【1506962】，GSD为【""】
2021-07-25 01:06:57 bad
2021-07-25 01:06:59 CHB 1506962?1627146417 第 1 次 等待 3 秒
2021-07-25 01:07:02 CHB 1506962?1627146417 第 1 次 获取到号码【1506962】GSD
2021-07-25 01:07:02 获取到号码【1506962】的GSD为【山东-潍坊】
2021-07-25 01:07:12 GSD insert 第 1 次 等待 3 秒
2021-07-25 01:07:15 {"status":"ok","gid":383358,"msg":"添加成功！"}
2021-07-25 01:07:15 下次操作: 2021-07-25 01:07:34

2021-07-25 01:07:34 开始第 14 次操作

2021-07-25 01:07:34 开始操作号码 【1506961】
2021-07-25 01:07:36 GSD getOne 第 1 次 等待 3 秒
2021-07-25 01:07:39 查询号码 【1506961】，返回信息 {"status":"bad","msg":""}
2021-07-25 01:07:40 查询号码 【1506961】，GSD为【""】
2021-07-25 01:07:40 bad
2021-07-25 01:07:41 CHB 1506961?1627146460 第 1 次 等待 3 秒
2021-07-25 01:07:44 CHB 1506961?1627146460 第 1 次 获取到号码【1506961】GSD
2021-07-25 01:07:44 获取到号码【1506961】的GSD为【山东-潍坊】
2021-07-25 01:07:48 GSD insert 第 1 次 等待 3 秒
2021-07-25 01:07:51 {"status":"ok","gid":383363,"msg":"添加成功！"}
2021-07-25 01:07:51 下次操作: 2021-07-25 01:08:09

2021-07-25 01:08:09 开始第 15 次操作

2021-07-25 01:08:09 开始操作号码 【1506960】
2021-07-25 01:08:12 GSD getOne 第 1 次 等待 3 秒
2021-07-25 01:08:15 查询号码 【1506960】，返回信息 {"status":"bad","msg":""}
2021-07-25 01:08:15 查询号码 【1506960】，GSD为【""】
2021-07-25 01:08:15 bad
2021-07-25 01:08:17 CHB 1506960?1627146495 第 1 次 等待 3 秒
2021-07-25 01:08:20 CHB 1506960?1627146495 第 1 次 获取到号码【1506960】GSD
2021-07-25 01:08:20 获取到号码【1506960】的GSD为【山东-潍坊】
2021-07-25 01:08:23 GSD insert 第 1 次 等待 3 秒
2021-07-25 01:08:26 {"status":"ok","gid":383374,"msg":"添加成功！"}
2021-07-25 01:08:26 下次操作: 2021-07-25 01:08:47

2021-07-25 01:08:47 开始第 16 次操作

2021-07-25 01:08:47 开始操作号码 【1506959】
2021-07-25 01:08:50 GSD getOne 第 1 次 等待 3 秒
2021-07-25 01:08:53 查询号码 【1506959】，返回信息 {"status":"bad","msg":""}
2021-07-25 01:08:53 查询号码 【1506959】，GSD为【""】
2021-07-25 01:08:53 bad
2021-07-25 01:08:55 CHB 1506959?1627146533 第 1 次 等待 3 秒
2021-07-25 01:08:58 CHB 1506959?1627146533 第 1 次 获取到号码【1506959】GSD
2021-07-25 01:08:58 获取到号码【1506959】的GSD为【山东-聊城】
2021-07-25 01:09:01 GSD insert 第 1 次 等待 3 秒
2021-07-25 01:09:04 {"status":"ok","gid":383383,"msg":"添加成功！"}
2021-07-25 01:09:04 下次操作: 2021-07-25 01:09:21

2021-07-25 01:09:21 开始第 17 次操作

2021-07-25 01:09:21 开始操作号码 【1506958】
2021-07-25 01:09:24 GSD getOne 第 1 次 等待 3 秒
2021-07-25 01:09:27 查询号码 【1506958】，返回信息 {"status":"bad","msg":""}
2021-07-25 01:09:27 查询号码 【1506958】，GSD为【""】
2021-07-25 01:09:27 bad
2021-07-25 01:09:29 CHB 1506958?1627146567 第 1 次 等待 3 秒
2021-07-25 01:09:32 CHB 1506958?1627146567 第 1 次 获取到号码【1506958】GSD
2021-07-25 01:09:32 获取到号码【1506958】的GSD为【山东-聊城】
2021-07-25 01:09:37 GSD insert 第 1 次 等待 3 秒
2021-07-25 01:09:40 {"status":"ok","gid":383392,"msg":"添加成功！"}
2021-07-25 01:09:40 下次操作: 2021-07-25 01:09:53

2021-07-25 01:09:53 开始第 18 次操作

2021-07-25 01:09:53 开始操作号码 【1506957】
2021-07-25 01:09:55 GSD getOne 第 1 次 等待 3 秒
2021-07-25 01:09:58 查询号码 【1506957】，返回信息 {"status":"bad","msg":""}
2021-07-25 01:09:58 查询号码 【1506957】，GSD为【""】
2021-07-25 01:09:58 bad
2021-07-25 01:10:00 CHB 1506957?1627146598 第 1 次 等待 3 秒
2021-07-25 01:10:03 CHB 1506957?1627146598 第 1 次 获取到号码【1506957】GSD
2021-07-25 01:10:03 获取到号码【1506957】的GSD为【山东-聊城】
2021-07-25 01:10:06 GSD insert 第 1 次 等待 3 秒
2021-07-25 01:10:09 {"status":"ok","gid":383397,"msg":"添加成功！"}
2021-07-25 01:10:09 下次操作: 2021-07-25 01:10:29

2021-07-25 01:10:29 开始第 19 次操作

2021-07-25 01:10:29 开始操作号码 【1506956】
2021-07-25 01:10:32 GSD getOne 第 1 次 等待 3 秒
2021-07-25 01:10:35 查询号码 【1506956】，返回信息 {"status":"bad","msg":""}
2021-07-25 01:10:35 查询号码 【1506956】，GSD为【""】
2021-07-25 01:10:35 bad
2021-07-25 01:15:35 CHB 1506956?1627146635 第 1 次 等待 3 秒
2021-07-25 01:15:38 CHB 1506956?1627146635 第 1 次 未获取到 等待 21 秒 下次操作: 2021-07-25 01:15:59
2021-07-25 01:16:01 CHB 1506956?1627146959 第 2 次 等待 3 秒
2021-07-25 01:16:04 CHB 1506956?1627146959 第 2 次 获取到号码【1506956】GSD
2021-07-25 01:16:04 获取到号码【1506956】的GSD为【山东-聊城】
2021-07-25 01:16:07 GSD insert 第 1 次 等待 3 秒
2021-07-25 01:16:10 {"status":"ok","gid":383423,"msg":"添加成功！"}
2021-07-25 01:16:10 下次操作: 2021-07-25 01:16:24

2021-07-25 01:16:24 开始第 20 次操作

2021-07-25 01:16:24 开始操作号码 【1506955】
2021-07-25 01:16:27 GSD getOne 第 1 次 等待 3 秒
2021-07-25 01:16:30 查询号码 【1506955】，返回信息 {"status":"bad","msg":""}
2021-07-25 01:16:30 查询号码 【1506955】，GSD为【""】
2021-07-25 01:16:30 bad
2021-07-25 01:16:32 CHB 1506955?1627146990 第 1 次 等待 3 秒
2021-07-25 01:16:35 CHB 1506955?1627146990 第 1 次 获取到号码【1506955】GSD
2021-07-25 01:16:35 获取到号码【1506955】的GSD为【山东-聊城】
2021-07-25 01:16:54 GSD insert 第 1 次 等待 3 秒
2021-07-25 01:16:57 {"status":"ok","gid":383435,"msg":"添加成功！"}
2021-07-25 01:16:57 下次操作: 2021-07-25 01:17:19

2021-07-25 01:17:19 开始第 21 次操作

2021-07-25 01:17:19 开始操作号码 【1506954】
2021-07-25 01:17:22 GSD getOne 第 1 次 等待 3 秒
2021-07-25 01:17:25 查询号码 【1506954】，返回信息 {"status":"bad","msg":""}
2021-07-25 01:17:25 查询号码 【1506954】，GSD为【""】
2021-07-25 01:17:25 bad
2021-07-25 01:17:27 CHB 1506954?1627147045 第 1 次 等待 3 秒
2021-07-25 01:17:30 CHB 1506954?1627147045 第 1 次 获取到号码【1506954】GSD
2021-07-25 01:17:30 获取到号码【1506954】的GSD为【山东-聊城】
2021-07-25 01:17:52 GSD insert 第 1 次 等待 3 秒
2021-07-25 01:17:55 {"status":"ok","gid":383446,"msg":"添加成功！"}
2021-07-25 01:17:55 下次操作: 2021-07-25 01:18:12

2021-07-25 01:18:12 开始第 22 次操作

2021-07-25 01:18:12 开始操作号码 【1506953】
2021-07-25 01:18:15 GSD getOne 第 1 次 等待 3 秒
2021-07-25 01:18:18 查询号码 【1506953】，返回信息 {"status":"bad","msg":""}
2021-07-25 01:18:18 查询号码 【1506953】，GSD为【""】
2021-07-25 01:18:18 bad
2021-07-25 01:18:20 CHB 1506953?1627147098 第 1 次 等待 3 秒
2021-07-25 01:18:23 CHB 1506953?1627147098 第 1 次 获取到号码【1506953】GSD
2021-07-25 01:18:23 获取到号码【1506953】的GSD为【山东-聊城】
2021-07-25 01:18:41 GSD insert 第 1 次 等待 3 秒
2021-07-25 01:18:44 {"status":"ok","gid":383461,"msg":"添加成功！"}
2021-07-25 01:18:44 下次操作: 2021-07-25 01:19:07

2021-07-25 01:19:07 开始第 23 次操作

2021-07-25 01:19:07 开始操作号码 【1506952】
2021-07-25 01:19:10 GSD getOne 第 1 次 等待 3 秒
2021-07-25 01:19:13 查询号码 【1506952】，返回信息 {"status":"bad","msg":""}
2021-07-25 01:19:13 查询号码 【1506952】，GSD为【""】
2021-07-25 01:19:13 bad
2021-07-25 01:19:15 CHB 1506952?1627147153 第 1 次 等待 3 秒
2021-07-25 01:19:18 CHB 1506952?1627147153 第 1 次 获取到号码【1506952】GSD
2021-07-25 01:19:18 获取到号码【1506952】的GSD为【山东-聊城】
2021-07-25 01:19:38 GSD insert 第 1 次 等待 3 秒
2021-07-25 01:19:41 {"status":"ok","gid":383472,"msg":"添加成功！"}
2021-07-25 01:19:41 下次操作: 2021-07-25 01:19:59

2021-07-25 01:19:59 开始第 24 次操作

2021-07-25 01:19:59 开始操作号码 【1506951】
2021-07-25 01:20:06 GSD getOne 第 1 次 等待 3 秒
2021-07-25 01:20:09 查询号码 【1506951】，返回信息 {"status":"bad","msg":""}
2021-07-25 01:20:09 查询号码 【1506951】，GSD为【""】
2021-07-25 01:20:09 bad
2021-07-25 01:20:10 CHB 1506951?1627147209 第 1 次 等待 3 秒
2021-07-25 01:20:13 CHB 1506951?1627147209 第 1 次 获取到号码【1506951】GSD
2021-07-25 01:20:13 获取到号码【1506951】的GSD为【山东-聊城】
2021-07-25 01:20:31 GSD insert 第 1 次 等待 3 秒
2021-07-25 01:20:34 {"status":"ok","gid":383484,"msg":"添加成功！"}
2021-07-25 01:20:34 下次操作: 2021-07-25 01:20:51

2021-07-25 01:20:51 开始第 25 次操作

2021-07-25 01:20:51 开始操作号码 【1506950】
2021-07-25 01:21:01 GSD getOne 第 1 次 等待 3 秒
2021-07-25 01:21:04 查询号码 【1506950】，返回信息 {"status":"bad","msg":""}
2021-07-25 01:21:04 查询号码 【1506950】，GSD为【""】
2021-07-25 01:21:04 bad
2021-07-25 01:21:05 CHB 1506950?1627147264 第 1 次 等待 3 秒
2021-07-25 01:21:08 CHB 1506950?1627147264 第 1 次 获取到号码【1506950】GSD
2021-07-25 01:21:08 获取到号码【1506950】的GSD为【山东-聊城】
2021-07-25 01:21:27 GSD insert 第 1 次 等待 3 秒
2021-07-25 01:21:30 {"status":"ok","gid":383495,"msg":"添加成功！"}
2021-07-25 01:21:30 下次操作: 2021-07-25 01:21:46

2021-07-25 01:21:46 开始第 26 次操作

2021-07-25 01:21:46 开始操作号码 【1506949】
2021-07-25 01:21:50 GSD getOne 第 1 次 等待 3 秒
2021-07-25 01:21:53 查询号码 【1506949】，返回信息 {"status":"bad","msg":""}
2021-07-25 01:21:53 查询号码 【1506949】，GSD为【""】
2021-07-25 01:21:53 bad
2021-07-25 01:21:55 CHB 1506949?1627147313 第 1 次 等待 3 秒
2021-07-25 01:21:58 CHB 1506949?1627147313 第 1 次 获取到号码【1506949】GSD
2021-07-25 01:21:58 获取到号码【1506949】的GSD为【山东-枣庄】
2021-07-25 01:22:18 GSD insert 第 1 次 等待 3 秒
2021-07-25 01:22:21 {"status":"ok","gid":383506,"msg":"添加成功！"}
2021-07-25 01:22:21 下次操作: 2021-07-25 01:22:34

2021-07-25 01:22:34 开始第 27 次操作

2021-07-25 01:22:34 开始操作号码 【1506948】
2021-07-25 01:22:37 GSD getOne 第 1 次 等待 3 秒
2021-07-25 01:22:40 查询号码 【1506948】，返回信息 {"status":"bad","msg":""}
2021-07-25 01:22:40 查询号码 【1506948】，GSD为【""】
2021-07-25 01:22:40 bad
2021-07-25 01:22:41 CHB 1506948?1627147360 第 1 次 等待 3 秒
2021-07-25 01:22:44 CHB 1506948?1627147360 第 1 次 获取到号码【1506948】GSD
2021-07-25 01:22:44 获取到号码【1506948】的GSD为【山东-枣庄】
2021-07-25 01:23:02 GSD insert 第 1 次 等待 3 秒
2021-07-25 01:23:05 {"status":"ok","gid":383516,"msg":"添加成功！"}
2021-07-25 01:23:05 下次操作: 2021-07-25 01:23:21

2021-07-25 01:23:21 开始第 28 次操作

2021-07-25 01:23:21 开始操作号码 【1506947】
2021-07-25 01:23:24 GSD getOne 第 1 次 等待 3 秒
2021-07-25 01:23:27 查询号码 【1506947】，返回信息 {"status":"bad","msg":""}
2021-07-25 01:23:27 查询号码 【1506947】，GSD为【""】
2021-07-25 01:23:27 bad
2021-07-25 01:23:29 CHB 1506947?1627147407 第 1 次 等待 3 秒
2021-07-25 01:23:32 CHB 1506947?1627147407 第 1 次 获取到号码【1506947】GSD
2021-07-25 01:23:32 获取到号码【1506947】的GSD为【山东-枣庄】
2021-07-25 01:23:50 GSD insert 第 1 次 等待 3 秒
2021-07-25 01:23:53 {"status":"ok","gid":383527,"msg":"添加成功！"}
2021-07-25 01:23:53 下次操作: 2021-07-25 01:24:16

2021-07-25 01:24:16 开始第 29 次操作

2021-07-25 01:24:16 开始操作号码 【1506946】
2021-07-25 01:24:19 GSD getOne 第 1 次 等待 3 秒
2021-07-25 01:24:22 查询号码 【1506946】，返回信息 {"status":"bad","msg":""}
2021-07-25 01:24:22 查询号码 【1506946】，GSD为【""】
2021-07-25 01:24:22 bad
2021-07-25 01:24:23 CHB 1506946?1627147462 第 1 次 等待 3 秒
2021-07-25 01:24:26 CHB 1506946?1627147462 第 1 次 获取到号码【1506946】GSD
2021-07-25 01:24:26 获取到号码【1506946】的GSD为【山东-枣庄】
2021-07-25 01:24:44 GSD insert 第 1 次 等待 3 秒
2021-07-25 01:24:47 {"status":"ok","gid":383540,"msg":"添加成功！"}
2021-07-25 01:24:47 下次操作: 2021-07-25 01:25:10

2021-07-25 01:25:10 开始第 30 次操作

2021-07-25 01:25:10 开始操作号码 【1506945】
2021-07-25 01:25:13 GSD getOne 第 1 次 等待 3 秒
2021-07-25 01:25:16 查询号码 【1506945】，返回信息 {"status":"bad","msg":""}
2021-07-25 01:25:16 查询号码 【1506945】，GSD为【""】
2021-07-25 01:25:16 bad
2021-07-25 01:25:18 CHB 1506945?1627147516 第 1 次 等待 3 秒
2021-07-25 01:25:21 CHB 1506945?1627147516 第 1 次 获取到号码【1506945】GSD
2021-07-25 01:25:21 获取到号码【1506945】的GSD为【山东-威海】
2021-07-25 01:25:40 GSD insert 第 1 次 等待 3 秒
2021-07-25 01:25:43 {"status":"ok","gid":383550,"msg":"添加成功！"}
2021-07-25 01:25:43 下次操作: 2021-07-25 01:25:57

2021-07-25 01:25:57 开始第 31 次操作

2021-07-25 01:25:57 开始操作号码 【1506944】
2021-07-25 01:26:00 GSD getOne 第 1 次 等待 3 秒
2021-07-25 01:26:03 查询号码 【1506944】，返回信息 {"status":"bad","msg":""}
2021-07-25 01:26:03 查询号码 【1506944】，GSD为【""】
2021-07-25 01:26:03 bad
2021-07-25 01:26:04 CHB 1506944?1627147563 第 1 次 等待 3 秒
2021-07-25 01:26:07 CHB 1506944?1627147563 第 1 次 获取到号码【1506944】GSD
2021-07-25 01:26:07 获取到号码【1506944】的GSD为【山东-威海】
2021-07-25 01:26:25 GSD insert 第 1 次 等待 3 秒
2021-07-25 01:26:28 {"status":"ok","gid":383561,"msg":"添加成功！"}
2021-07-25 01:26:28 下次操作: 2021-07-25 01:26:40

2021-07-25 01:26:40 开始第 32 次操作

2021-07-25 01:26:40 开始操作号码 【1506943】
2021-07-25 01:26:44 GSD getOne 第 1 次 等待 3 秒
2021-07-25 01:26:47 查询号码 【1506943】，返回信息 {"status":"bad","msg":""}
2021-07-25 01:26:47 查询号码 【1506943】，GSD为【""】
2021-07-25 01:26:47 bad
2021-07-25 01:26:49 CHB 1506943?1627147607 第 1 次 等待 3 秒
2021-07-25 01:26:52 CHB 1506943?1627147607 第 1 次 获取到号码【1506943】GSD
2021-07-25 01:26:52 获取到号码【1506943】的GSD为【山东-威海】
2021-07-25 01:27:16 GSD insert 第 1 次 等待 3 秒
2021-07-25 01:27:19 {"status":"ok","gid":383569,"msg":"添加成功！"}
2021-07-25 01:27:19 下次操作: 2021-07-25 01:27:39

2021-07-25 01:27:39 开始第 33 次操作

2021-07-25 01:27:39 开始操作号码 【1506942】
2021-07-25 01:27:45 GSD getOne 第 1 次 等待 3 秒
2021-07-25 01:27:48 查询号码 【1506942】，返回信息 {"status":"bad","msg":""}
2021-07-25 01:27:48 查询号码 【1506942】，GSD为【""】
2021-07-25 01:27:48 bad
2021-07-25 01:27:49 CHB 1506942?1627147668 第 1 次 等待 3 秒
2021-07-25 01:27:52 CHB 1506942?1627147668 第 1 次 获取到号码【1506942】GSD
2021-07-25 01:27:52 获取到号码【1506942】的GSD为【山东-威海】
2021-07-25 01:28:11 GSD insert 第 1 次 等待 3 秒
2021-07-25 01:28:14 {"status":"ok","gid":383581,"msg":"添加成功！"}
2021-07-25 01:28:14 下次操作: 2021-07-25 01:28:37

2021-07-25 01:28:37 开始第 34 次操作

2021-07-25 01:28:37 开始操作号码 【1506941】
2021-07-25 01:28:39 GSD getOne 第 1 次 等待 3 秒
2021-07-25 01:28:42 查询号码 【1506941】，返回信息 {"status":"bad","msg":""}
2021-07-25 01:28:42 查询号码 【1506941】，GSD为【""】
2021-07-25 01:28:42 bad
2021-07-25 01:28:44 CHB 1506941?1627147722 第 1 次 等待 3 秒
2021-07-25 01:28:47 CHB 1506941?1627147722 第 1 次 获取到号码【1506941】GSD
2021-07-25 01:28:47 获取到号码【1506941】的GSD为【山东-威海】
2021-07-25 01:29:05 GSD insert 第 1 次 等待 3 秒
2021-07-25 01:29:08 {"status":"ok","gid":383591,"msg":"添加成功！"}
2021-07-25 01:29:08 下次操作: 2021-07-25 01:29:30

2021-07-25 01:29:30 开始第 35 次操作

2021-07-25 01:29:30 开始操作号码 【1506940】
2021-07-25 01:29:33 GSD getOne 第 1 次 等待 3 秒
2021-07-25 01:29:36 查询号码 【1506940】，返回信息 {"status":"bad","msg":""}
2021-07-25 01:29:36 查询号码 【1506940】，GSD为【""】
2021-07-25 01:29:36 bad
2021-07-25 01:29:38 CHB 1506940?1627147776 第 1 次 等待 3 秒
2021-07-25 01:29:41 CHB 1506940?1627147776 第 1 次 获取到号码【1506940】GSD
2021-07-25 01:29:41 获取到号码【1506940】的GSD为【山东-威海】
2021-07-25 01:29:59 GSD insert 第 1 次 等待 3 秒
2021-07-25 01:30:02 {"status":"ok","gid":383602,"msg":"添加成功！"}
2021-07-25 01:30:02 下次操作: 2021-07-25 01:30:26

2021-07-25 01:30:26 开始第 36 次操作

2021-07-25 01:30:26 开始操作号码 【1506939】
2021-07-25 01:30:29 GSD getOne 第 1 次 等待 3 秒
2021-07-25 01:30:32 查询号码 【1506939】，返回信息 {"status":"bad","msg":""}
2021-07-25 01:30:32 查询号码 【1506939】，GSD为【""】
2021-07-25 01:30:32 bad
2021-07-25 01:30:33 CHB 1506939?1627147832 第 1 次 等待 3 秒
2021-07-25 01:30:36 CHB 1506939?1627147832 第 1 次 获取到号码【1506939】GSD
2021-07-25 01:30:36 获取到号码【1506939】的GSD为【山东-淄博】
2021-07-25 01:30:55 GSD insert 第 1 次 等待 3 秒
2021-07-25 01:30:58 {"status":"ok","gid":383614,"msg":"添加成功！"}
2021-07-25 01:30:58 下次操作: 2021-07-25 01:31:13

2021-07-25 01:31:13 开始第 37 次操作

2021-07-25 01:31:13 开始操作号码 【1506938】
2021-07-25 01:31:15 GSD getOne 第 1 次 等待 3 秒
2021-07-25 01:31:18 查询号码 【1506938】，返回信息 {"status":"bad","msg":""}
2021-07-25 01:31:18 查询号码 【1506938】，GSD为【""】
2021-07-25 01:31:18 bad
2021-07-25 01:31:20 CHB 1506938?1627147878 第 1 次 等待 3 秒
2021-07-25 01:31:23 CHB 1506938?1627147878 第 1 次 获取到号码【1506938】GSD
2021-07-25 01:31:23 获取到号码【1506938】的GSD为【山东-淄博】
2021-07-25 01:31:41 GSD insert 第 1 次 等待 3 秒
2021-07-25 01:31:44 {"status":"ok","gid":383619,"msg":"添加成功！"}
2021-07-25 01:31:44 下次操作: 2021-07-25 01:32:02

2021-07-25 01:32:02 开始第 38 次操作

2021-07-25 01:32:02 开始操作号码 【1506937】
2021-07-25 01:32:05 GSD getOne 第 1 次 等待 3 秒
2021-07-25 01:32:08 查询号码 【1506937】，返回信息 {"status":"bad","msg":""}
2021-07-25 01:32:08 查询号码 【1506937】，GSD为【""】
2021-07-25 01:32:08 bad
2021-07-25 01:32:10 CHB 1506937?1627147928 第 1 次 等待 3 秒
2021-07-25 01:32:13 CHB 1506937?1627147928 第 1 次 获取到号码【1506937】GSD
2021-07-25 01:32:13 获取到号码【1506937】的GSD为【山东-淄博】
2021-07-25 01:32:31 GSD insert 第 1 次 等待 3 秒
2021-07-25 01:32:34 {"status":"ok","gid":383626,"msg":"添加成功！"}
2021-07-25 01:32:34 下次操作: 2021-07-25 01:32:57

2021-07-25 01:32:57 开始第 39 次操作

2021-07-25 01:32:57 开始操作号码 【1506936】
2021-07-25 01:33:00 GSD getOne 第 1 次 等待 3 秒
2021-07-25 01:33:03 查询号码 【1506936】，返回信息 {"status":"bad","msg":""}
2021-07-25 01:33:03 查询号码 【1506936】，GSD为【""】
2021-07-25 01:33:03 bad
2021-07-25 01:33:04 CHB 1506936?1627147983 第 1 次 等待 3 秒
2021-07-25 01:33:07 CHB 1506936?1627147983 第 1 次 获取到号码【1506936】GSD
2021-07-25 01:33:07 获取到号码【1506936】的GSD为【山东-淄博】
2021-07-25 01:33:25 GSD insert 第 1 次 等待 3 秒
2021-07-25 01:33:28 {"status":"ok","gid":383635,"msg":"添加成功！"}
2021-07-25 01:33:28 下次操作: 2021-07-25 01:33:43

2021-07-25 01:33:43 开始第 40 次操作

2021-07-25 01:33:43 开始操作号码 【1506935】
2021-07-25 01:33:47 GSD getOne 第 1 次 等待 3 秒
2021-07-25 01:33:50 查询号码 【1506935】，返回信息 {"status":"bad","msg":""}
2021-07-25 01:33:50 查询号码 【1506935】，GSD为【""】
2021-07-25 01:33:50 bad
2021-07-25 01:33:51 CHB 1506935?1627148030 第 1 次 等待 3 秒
2021-07-25 01:33:54 CHB 1506935?1627148030 第 1 次 获取到号码【1506935】GSD
2021-07-25 01:33:54 获取到号码【1506935】的GSD为【山东-淄博】
2021-07-25 01:34:12 GSD insert 第 1 次 等待 3 秒
2021-07-25 01:34:15 {"status":"ok","gid":383644,"msg":"添加成功！"}

