2023-10-12 00:11:42 开始第 2767 次操作

2023-10-12 00:11:42 开始操作号码 【1912755】
2023-10-12 00:13:52 GSD getOne 第 1 次 等待 3 秒
2023-10-12 00:16:05 GSD getOne 第 2 次 等待 3 秒
2023-10-12 00:18:18 GSD getOne 第 3 次 等待 3 秒
2023-10-12 00:20:31 GSD getOne 第 4 次 等待 3 秒
2023-10-12 00:22:44 GSD getOne 第 5 次 等待 3 秒
2023-10-12 00:24:57 GSD getOne 第 6 次 等待 3 秒
2023-10-12 00:27:10 GSD getOne 第 7 次 等待 3 秒
2023-10-12 00:29:23 GSD getOne 第 8 次 等待 3 秒
2023-10-12 00:31:37 GSD getOne 第 9 次 等待 3 秒
2023-10-12 00:33:50 GSD getOne 第 10 次 等待 3 秒
2023-10-12 00:33:53 查询号码 【1912755】，返回信息 
2023-10-12 00:33:53 查询失败，3 秒后重新查询
2023-10-12 00:36:07 GSD getOne 第 1 次 等待 3 秒
2023-10-12 00:38:20 GSD getOne 第 2 次 等待 3 秒
2023-10-12 00:40:33 GSD getOne 第 3 次 等待 3 秒
2023-10-12 00:42:46 GSD getOne 第 4 次 等待 3 秒
2023-10-12 00:44:59 GSD getOne 第 5 次 等待 3 秒
2023-10-12 00:47:13 GSD getOne 第 6 次 等待 3 秒
2023-10-12 00:49:26 GSD getOne 第 7 次 等待 3 秒
2023-10-12 00:51:39 GSD getOne 第 8 次 等待 3 秒
2023-10-12 00:53:52 GSD getOne 第 9 次 等待 3 秒
2023-10-12 00:56:05 GSD getOne 第 10 次 等待 3 秒
2023-10-12 00:56:08 查询号码 【1912755】，返回信息 
2023-10-12 00:56:08 查询失败，结束本次操作，期待下次成功~
2023-10-12 00:56:08 随机等待 207 秒，约 3 分钟
2023-10-12 00:56:08 下次操作: 2023-10-12 00:59:35

2023-10-12 00:59:35 开始第 2768 次操作

2023-10-12 00:59:35 开始操作号码 【1912755】
2023-10-12 01:01:45 GSD getOne 第 1 次 等待 3 秒
2023-10-12 01:03:58 GSD getOne 第 2 次 等待 3 秒
2023-10-12 01:06:11 GSD getOne 第 3 次 等待 3 秒
2023-10-12 01:08:24 GSD getOne 第 4 次 等待 3 秒
2023-10-12 01:10:37 GSD getOne 第 5 次 等待 3 秒
2023-10-12 01:12:51 GSD getOne 第 6 次 等待 3 秒
2023-10-12 01:15:04 GSD getOne 第 7 次 等待 3 秒
2023-10-12 01:17:17 GSD getOne 第 8 次 等待 3 秒
2023-10-12 01:19:30 GSD getOne 第 9 次 等待 3 秒
2023-10-12 01:21:43 GSD getOne 第 10 次 等待 3 秒
2023-10-12 01:21:46 查询号码 【1912755】，返回信息 
2023-10-12 01:21:46 查询失败，3 秒后重新查询
2023-10-12 01:24:00 GSD getOne 第 1 次 等待 3 秒
2023-10-12 01:26:13 GSD getOne 第 2 次 等待 3 秒
2023-10-12 01:28:27 GSD getOne 第 3 次 等待 3 秒
2023-10-12 01:30:40 GSD getOne 第 4 次 等待 3 秒
2023-10-12 01:32:53 GSD getOne 第 5 次 等待 3 秒
2023-10-12 01:35:06 GSD getOne 第 6 次 等待 3 秒
2023-10-12 01:37:19 GSD getOne 第 7 次 等待 3 秒
2023-10-12 01:39:32 GSD getOne 第 8 次 等待 3 秒
2023-10-12 01:41:45 GSD getOne 第 9 次 等待 3 秒
2023-10-12 01:43:58 GSD getOne 第 10 次 等待 3 秒
2023-10-12 01:44:01 查询号码 【1912755】，返回信息 
2023-10-12 01:44:01 查询失败，结束本次操作，期待下次成功~

