2024-01-25 00:19:01 开始第 98 次操作
2024-01-25 00:19:01 号码【181（0000 ---> 9999）】处理完毕
2024-01-25 00:40:46 开始第 98 次操作
2024-01-25 00:40:46 号码【181（0000 ---> 9999）】处理完毕
2024-01-25 01:13:09 开始第 98 次操作
2024-01-25 01:13:09 号码【181（0000 ---> 9999）】处理完毕
2024-01-25 01:35:58 开始第 98 次操作
2024-01-25 01:35:58 号码【181（0000 ---> 9999）】处理完毕
2024-01-25 02:17:13 开始第 98 次操作
2024-01-25 02:17:13 号码【181（0000 ---> 9999）】处理完毕
2024-01-25 02:37:23 开始第 98 次操作
2024-01-25 02:37:23 号码【181（0000 ---> 9999）】处理完毕
2024-01-25 03:12:13 开始第 98 次操作
2024-01-25 03:12:13 号码【181（0000 ---> 9999）】处理完毕
2024-01-25 03:36:04 开始第 98 次操作
2024-01-25 03:36:04 号码【181（0000 ---> 9999）】处理完毕
2024-01-25 04:15:50 开始第 98 次操作
2024-01-25 04:15:50 号码【181（0000 ---> 9999）】处理完毕
2024-01-25 04:35:59 开始第 98 次操作
2024-01-25 04:35:59 号码【181（0000 ---> 9999）】处理完毕
2024-01-25 05:12:42 开始第 98 次操作
2024-01-25 05:12:42 号码【181（0000 ---> 9999）】处理完毕
2024-01-25 05:36:02 开始第 98 次操作
2024-01-25 05:36:02 号码【181（0000 ---> 9999）】处理完毕
2024-01-25 06:13:26 开始第 98 次操作
2024-01-25 06:13:26 号码【181（0000 ---> 9999）】处理完毕
2024-01-25 06:36:33 开始第 98 次操作
2024-01-25 06:36:33 号码【181（0000 ---> 9999）】处理完毕
2024-01-25 07:14:17 开始第 98 次操作
2024-01-25 07:14:17 号码【181（0000 ---> 9999）】处理完毕
2024-01-25 07:36:22 开始第 98 次操作
2024-01-25 07:36:22 号码【181（0000 ---> 9999）】处理完毕
2024-01-25 09:06:29 开始第 98 次操作
2024-01-25 09:06:29 号码【181（0000 ---> 9999）】处理完毕
2024-01-25 10:12:51 开始第 98 次操作
2024-01-25 10:12:51 号码【181（0000 ---> 9999）】处理完毕
2024-01-25 10:44:39 开始第 98 次操作
2024-01-25 10:44:39 号码【181（0000 ---> 9999）】处理完毕
2024-01-25 11:15:11 开始第 98 次操作
2024-01-25 11:15:11 号码【181（0000 ---> 9999）】处理完毕
2024-01-25 11:36:24 开始第 98 次操作
2024-01-25 11:36:24 号码【181（0000 ---> 9999）】处理完毕
2024-01-25 12:18:03 开始第 98 次操作
2024-01-25 12:18:03 号码【181（0000 ---> 9999）】处理完毕
2024-01-25 12:38:13 开始第 98 次操作
2024-01-25 12:38:13 号码【181（0000 ---> 9999）】处理完毕
2024-01-25 13:14:03 开始第 98 次操作
2024-01-25 13:14:03 号码【181（0000 ---> 9999）】处理完毕
2024-01-25 13:35:59 开始第 98 次操作
2024-01-25 13:35:59 号码【181（0000 ---> 9999）】处理完毕
2024-01-25 14:19:01 开始第 98 次操作
2024-01-25 14:19:01 号码【181（0000 ---> 9999）】处理完毕
2024-01-25 14:38:30 开始第 98 次操作
2024-01-25 14:38:30 号码【181（0000 ---> 9999）】处理完毕
2024-01-25 15:13:26 开始第 98 次操作
2024-01-25 15:13:26 号码【181（0000 ---> 9999）】处理完毕
2024-01-25 15:35:43 开始第 98 次操作
2024-01-25 15:35:43 号码【181（0000 ---> 9999）】处理完毕
2024-01-25 16:18:36 开始第 98 次操作
2024-01-25 16:18:36 号码【181（0000 ---> 9999）】处理完毕
2024-01-25 16:37:53 开始第 98 次操作
2024-01-25 16:37:53 号码【181（0000 ---> 9999）】处理完毕
2024-01-25 16:48:27 开始第 98 次操作

2024-01-25 16:48:27 开始操作号码 【1700000】
2024-01-25 16:48:51 GSD getOne 第 1 次 等待 3 秒
2024-01-25 16:48:54 查询号码 【1700000】，返回信息 {"status":"ok","msg":"北京-北京","gid":"112925","time_insert":"2021-06-22 10:27"}
2024-01-25 16:48:54 查询号码 【1700000】，GSD为【"北京-北京"】

2024-01-25 16:48:55 开始第 99 次操作

2024-01-25 16:48:55 开始操作号码 【1700001】
2024-01-25 16:49:18 GSD getOne 第 1 次 等待 3 秒
2024-01-25 16:49:21 查询号码 【1700001】，返回信息 {"status":"ok","msg":"北京-北京","gid":"112929","time_insert":"2021-06-22 10:27"}
2024-01-25 16:49:21 查询号码 【1700001】，GSD为【"北京-北京"】

2024-01-25 16:49:22 开始第 100 次操作

2024-01-25 16:49:22 开始操作号码 【1700002】
2024-01-25 16:49:46 GSD getOne 第 1 次 等待 3 秒
2024-01-25 16:49:49 查询号码 【1700002】，返回信息 {"status":"ok","msg":"北京-北京","gid":"112932","time_insert":"2021-06-22 10:28"}
2024-01-25 16:49:49 查询号码 【1700002】，GSD为【"北京-北京"】

