2024-02-22 00:17:36 开始第 5053 次操作

2024-02-22 00:17:36 开始操作号码 【1704955】
2024-02-22 00:17:41 GSD getOne 第 1 次 等待 3 秒
2024-02-22 00:17:44 查询号码 【1704955】，返回信息 {"status":"ok","msg":"宁夏-银川","gid":"154696","time_insert":"2021-06-29 16:44"}
2024-02-22 00:17:44 查询号码 【1704955】，GSD为【"宁夏-银川"】

2024-02-22 00:17:45 开始第 5054 次操作

2024-02-22 00:17:45 开始操作号码 【1704956】
2024-02-22 00:17:49 GSD getOne 第 1 次 等待 3 秒
2024-02-22 00:17:52 查询号码 【1704956】，返回信息 {"status":"ok","msg":"宁夏-银川","gid":"154704","time_insert":"2021-06-29 16:45"}
2024-02-22 00:17:52 查询号码 【1704956】，GSD为【"宁夏-银川"】

2024-02-22 00:17:53 开始第 5055 次操作

2024-02-22 00:17:53 开始操作号码 【1704957】
2024-02-22 00:17:58 GSD getOne 第 1 次 等待 3 秒
2024-02-22 00:18:01 查询号码 【1704957】，返回信息 {"status":"ok","msg":"宁夏-银川","gid":"154709","time_insert":"2021-06-29 16:45"}
2024-02-22 00:18:01 查询号码 【1704957】，GSD为【"宁夏-银川"】

2024-02-22 00:18:02 开始第 5056 次操作

2024-02-22 00:18:02 开始操作号码 【1704958】
2024-02-22 00:18:07 GSD getOne 第 1 次 等待 3 秒
2024-02-22 00:18:10 查询号码 【1704958】，返回信息 {"status":"ok","msg":"宁夏-银川","gid":"154716","time_insert":"2021-06-29 16:46"}
2024-02-22 00:18:10 查询号码 【1704958】，GSD为【"宁夏-银川"】

