2021-07-09 00:00:00 开始第 20 次操作

2021-07-09 00:00:00 开始操作号码 【1670949】
2021-07-09 00:00:04 GSD getOne 第 1 次 等待 1 秒
2021-07-09 00:00:05 查询号码 【1670949】，返回信息 {"status":"bad","msg":""}
2021-07-09 00:00:05 查询号码 【1670949】，GSD为【""】
2021-07-09 00:00:05 bad
2021-07-09 00:00:08 CHB 1670949?1625760005 第 1 次 等待 1 秒
2021-07-09 00:00:09 CHB 1670949?1625760005 第 1 次 获取到号码【1670949】GSD
2021-07-09 00:00:09 未获取到号码【1670949】GSD，可能号码格式错误
2021-07-09 00:00:09 获取到号码【1670949】的GSD为【-】
2021-07-09 00:00:16 GSD insert 第 1 次 等待 1 秒
2021-07-09 00:00:17 {"status":"ok","msg":"添加成功！226416"}
2021-07-09 00:00:17 下次操作: 2021-07-09 00:00:27

2021-07-09 00:00:27 开始第 21 次操作

2021-07-09 00:00:27 开始操作号码 【1670950】
2021-07-09 00:00:31 GSD getOne 第 1 次 等待 1 秒
2021-07-09 00:00:32 查询号码 【1670950】，返回信息 {"status":"bad","msg":""}
2021-07-09 00:00:32 查询号码 【1670950】，GSD为【""】
2021-07-09 00:00:32 bad
2021-07-09 00:00:35 CHB 1670950?1625760032 第 1 次 等待 1 秒
2021-07-09 00:00:36 CHB 1670950?1625760032 第 1 次 获取到号码【1670950】GSD
2021-07-09 00:00:36 未获取到号码【1670950】GSD，可能号码格式错误
2021-07-09 00:00:36 获取到号码【1670950】的GSD为【-】
2021-07-09 00:00:40 GSD insert 第 1 次 等待 1 秒
2021-07-09 00:00:41 {"status":"ok","msg":"添加成功！226420"}
2021-07-09 00:00:41 下次操作: 2021-07-09 00:00:55

2021-07-09 00:00:55 开始第 22 次操作

2021-07-09 00:00:55 开始操作号码 【1670951】
2021-07-09 00:01:05 GSD getOne 第 1 次 等待 1 秒
2021-07-09 00:01:06 查询号码 【1670951】，返回信息 {"status":"bad","msg":""}
2021-07-09 00:01:06 查询号码 【1670951】，GSD为【""】
2021-07-09 00:01:06 bad
2021-07-09 00:01:08 CHB 1670951?1625760066 第 1 次 等待 1 秒
2021-07-09 00:01:09 CHB 1670951?1625760066 第 1 次 获取到号码【1670951】GSD
2021-07-09 00:01:09 未获取到号码【1670951】GSD，可能号码格式错误
2021-07-09 00:01:09 获取到号码【1670951】的GSD为【-】
2021-07-09 00:01:13 GSD insert 第 1 次 等待 1 秒
2021-07-09 00:01:14 {"status":"ok","msg":"添加成功！226426"}
2021-07-09 00:01:14 下次操作: 2021-07-09 00:01:27

2021-07-09 00:01:27 开始第 23 次操作

2021-07-09 00:01:27 开始操作号码 【1670952】
2021-07-09 00:01:32 GSD getOne 第 1 次 等待 1 秒
2021-07-09 00:01:33 查询号码 【1670952】，返回信息 {"status":"bad","msg":""}
2021-07-09 00:01:33 查询号码 【1670952】，GSD为【""】
2021-07-09 00:01:33 bad
2021-07-09 00:01:36 CHB 1670952?1625760093 第 1 次 等待 1 秒
2021-07-09 00:01:37 CHB 1670952?1625760093 第 1 次 获取到号码【1670952】GSD
2021-07-09 00:01:37 未获取到号码【1670952】GSD，可能号码格式错误
2021-07-09 00:01:37 获取到号码【1670952】的GSD为【-】
2021-07-09 00:01:46 GSD insert 第 1 次 等待 1 秒
2021-07-09 00:01:47 {"status":"ok","msg":"添加成功！226430"}
2021-07-09 00:01:47 下次操作: 2021-07-09 00:02:05

2021-07-09 00:02:05 开始第 24 次操作

2021-07-09 00:02:05 开始操作号码 【1670953】
2021-07-09 00:02:15 GSD getOne 第 1 次 等待 1 秒
2021-07-09 00:02:16 查询号码 【1670953】，返回信息 {"status":"bad","msg":""}
2021-07-09 00:02:16 查询号码 【1670953】，GSD为【""】
2021-07-09 00:02:16 bad
2021-07-09 00:02:20 CHB 1670953?1625760136 第 1 次 等待 1 秒
2021-07-09 00:02:21 CHB 1670953?1625760136 第 1 次 获取到号码【1670953】GSD
2021-07-09 00:02:22 未获取到号码【1670953】GSD，可能号码格式错误
2021-07-09 00:02:22 获取到号码【1670953】的GSD为【-】
2021-07-09 00:02:26 GSD insert 第 1 次 等待 1 秒
2021-07-09 00:02:27 {"status":"ok","msg":"添加成功！226438"}
2021-07-09 00:02:27 下次操作: 2021-07-09 00:02:33

2021-07-09 00:02:33 开始第 25 次操作

2021-07-09 00:02:33 开始操作号码 【1670954】
2021-07-09 00:02:38 GSD getOne 第 1 次 等待 1 秒
2021-07-09 00:02:39 查询号码 【1670954】，返回信息 {"status":"bad","msg":""}
2021-07-09 00:02:39 查询号码 【1670954】，GSD为【""】
2021-07-09 00:02:39 bad
2021-07-09 00:02:40 CHB 1670954?1625760159 第 1 次 等待 1 秒
2021-07-09 00:02:41 CHB 1670954?1625760159 第 1 次 获取到号码【1670954】GSD
2021-07-09 00:02:41 未获取到号码【1670954】GSD，可能号码格式错误
2021-07-09 00:02:41 获取到号码【1670954】的GSD为【-】
2021-07-09 00:02:45 GSD insert 第 1 次 等待 1 秒
2021-07-09 00:02:46 {"status":"ok","msg":"添加成功！226443"}
2021-07-09 00:02:46 下次操作: 2021-07-09 00:03:01

2021-07-09 00:03:01 开始第 26 次操作

2021-07-09 00:03:01 开始操作号码 【1670955】
2021-07-09 00:03:09 GSD getOne 第 1 次 等待 1 秒
2021-07-09 00:03:10 查询号码 【1670955】，返回信息 {"status":"bad","msg":""}
2021-07-09 00:03:10 查询号码 【1670955】，GSD为【""】
2021-07-09 00:03:10 bad
2021-07-09 00:03:17 CHB 1670955?1625760190 第 1 次 等待 1 秒
2021-07-09 00:03:18 CHB 1670955?1625760190 第 1 次 获取到号码【1670955】GSD
2021-07-09 00:03:18 未获取到号码【1670955】GSD，可能号码格式错误
2021-07-09 00:03:18 获取到号码【1670955】的GSD为【-】
2021-07-09 00:03:24 GSD insert 第 1 次 等待 1 秒
2021-07-09 00:03:25 {"status":"ok","msg":"添加成功！226454"}
2021-07-09 00:03:25 下次操作: 2021-07-09 00:03:31

2021-07-09 00:03:31 开始第 27 次操作

2021-07-09 00:03:31 开始操作号码 【1670956】
2021-07-09 00:03:36 GSD getOne 第 1 次 等待 1 秒
2021-07-09 00:03:37 查询号码 【1670956】，返回信息 {"status":"bad","msg":""}
2021-07-09 00:03:37 查询号码 【1670956】，GSD为【""】
2021-07-09 00:03:37 bad
2021-07-09 00:03:43 CHB 1670956?1625760217 第 1 次 等待 1 秒
2021-07-09 00:03:44 CHB 1670956?1625760217 第 1 次 获取到号码【1670956】GSD
2021-07-09 00:03:44 未获取到号码【1670956】GSD，可能号码格式错误
2021-07-09 00:03:44 获取到号码【1670956】的GSD为【-】
2021-07-09 00:03:50 GSD insert 第 1 次 等待 1 秒
2021-07-09 00:03:51 {"status":"ok","msg":"添加成功！226462"}
2021-07-09 00:03:51 下次操作: 2021-07-09 00:04:00

2021-07-09 00:04:00 开始第 28 次操作

2021-07-09 00:04:00 开始操作号码 【1670957】
2021-07-09 00:04:04 GSD getOne 第 1 次 等待 1 秒
2021-07-09 00:04:05 查询号码 【1670957】，返回信息 {"status":"bad","msg":""}
2021-07-09 00:04:05 查询号码 【1670957】，GSD为【""】
2021-07-09 00:04:05 bad
2021-07-09 00:04:09 CHB 1670957?1625760245 第 1 次 等待 1 秒
2021-07-09 00:04:10 CHB 1670957?1625760245 第 1 次 获取到号码【1670957】GSD
2021-07-09 00:04:10 未获取到号码【1670957】GSD，可能号码格式错误
2021-07-09 00:04:10 获取到号码【1670957】的GSD为【-】
2021-07-09 00:04:15 GSD insert 第 1 次 等待 1 秒
2021-07-09 00:04:16 {"status":"ok","msg":"添加成功！226467"}
2021-07-09 00:04:16 下次操作: 2021-07-09 00:04:22

2021-07-09 00:04:22 开始第 29 次操作

2021-07-09 00:04:22 开始操作号码 【1670958】
2021-07-09 00:04:29 GSD getOne 第 1 次 等待 1 秒
2021-07-09 00:04:30 查询号码 【1670958】，返回信息 {"status":"bad","msg":""}
2021-07-09 00:04:30 查询号码 【1670958】，GSD为【""】
2021-07-09 00:04:30 bad
2021-07-09 00:04:36 CHB 1670958?1625760270 第 1 次 等待 1 秒
2021-07-09 00:04:37 CHB 1670958?1625760270 第 1 次 获取到号码【1670958】GSD
2021-07-09 00:04:37 未获取到号码【1670958】GSD，可能号码格式错误
2021-07-09 00:04:37 获取到号码【1670958】的GSD为【-】
2021-07-09 00:04:41 GSD insert 第 1 次 等待 1 秒
2021-07-09 00:04:42 {"status":"ok","msg":"添加成功！226475"}
2021-07-09 00:04:42 下次操作: 2021-07-09 00:04:57

2021-07-09 00:04:57 开始第 30 次操作

2021-07-09 00:04:57 开始操作号码 【1670959】
2021-07-09 00:05:01 GSD getOne 第 1 次 等待 1 秒
2021-07-09 00:05:02 查询号码 【1670959】，返回信息 {"status":"bad","msg":""}
2021-07-09 00:05:02 查询号码 【1670959】，GSD为【""】
2021-07-09 00:05:02 bad
2021-07-09 00:05:06 CHB 1670959?1625760302 第 1 次 等待 1 秒
2021-07-09 00:05:07 CHB 1670959?1625760302 第 1 次 获取到号码【1670959】GSD
2021-07-09 00:05:07 未获取到号码【1670959】GSD，可能号码格式错误
2021-07-09 00:05:07 获取到号码【1670959】的GSD为【-】
2021-07-09 00:05:12 GSD insert 第 1 次 等待 1 秒
2021-07-09 00:05:13 {"status":"ok","msg":"添加成功！226485"}

