2024-01-01 00:16:58 开始第 6325 次操作

2024-01-01 00:16:58 开始操作号码 【1816227】
2024-01-01 00:17:01 GSD getOne 第 1 次 等待 3 秒
2024-01-01 00:17:04 查询号码 【1816227】，返回信息 {"status":"ok","msg":"江西-九江","gid":"409967","time_insert":"2021-07-27 05:51"}
2024-01-01 00:17:04 查询号码 【1816227】，GSD为【"江西-九江"】

2024-01-01 00:17:05 开始第 6326 次操作

2024-01-01 00:17:05 开始操作号码 【1816228】
2024-01-01 00:17:08 GSD getOne 第 1 次 等待 3 秒
2024-01-01 00:17:11 查询号码 【1816228】，返回信息 {"status":"ok","msg":"江西-九江","gid":"409960","time_insert":"2021-07-27 05:50"}
2024-01-01 00:17:11 查询号码 【1816228】，GSD为【"江西-九江"】

2024-01-01 00:17:12 开始第 6327 次操作

2024-01-01 00:17:12 开始操作号码 【1816229】
2024-01-01 00:17:16 GSD getOne 第 1 次 等待 3 秒
2024-01-01 00:17:19 查询号码 【1816229】，返回信息 {"status":"ok","msg":"江西-九江","gid":"409947","time_insert":"2021-07-27 05:50"}
2024-01-01 00:17:19 查询号码 【1816229】，GSD为【"江西-九江"】

2024-01-01 00:17:20 开始第 6328 次操作

2024-01-01 00:17:20 开始操作号码 【1816230】
2024-01-01 00:17:23 GSD getOne 第 1 次 等待 3 秒
2024-01-01 00:17:26 查询号码 【1816230】，返回信息 {"status":"ok","msg":"湖北-武汉","gid":"409937","time_insert":"2021-07-27 05:49"}
2024-01-01 00:17:26 查询号码 【1816230】，GSD为【"湖北-武汉"】

