2023-10-19 00:18:07 开始第 3905 次操作

2023-10-19 00:18:07 开始操作号码 【1913807】
2023-10-19 00:18:14 GSD getOne 第 1 次 等待 3 秒
2023-10-19 00:18:17 查询号码 【1913807】，返回信息 {"status":"ok","msg":"河南-郑州","gid":"504064","time_insert":"2021-08-11 16:00"}
2023-10-19 00:18:17 查询号码 【1913807】，GSD为【"河南-郑州"】

2023-10-19 00:18:18 开始第 3906 次操作

2023-10-19 00:18:18 开始操作号码 【1913808】
2023-10-19 00:18:21 GSD getOne 第 1 次 等待 3 秒
2023-10-19 00:18:24 查询号码 【1913808】，返回信息 {"status":"ok","msg":"河南-郑州","gid":"504083","time_insert":"2021-08-11 16:11"}
2023-10-19 00:18:24 查询号码 【1913808】，GSD为【"河南-郑州"】

2023-10-19 00:18:25 开始第 3907 次操作

2023-10-19 00:18:25 开始操作号码 【1913809】
2023-10-19 00:18:34 GSD getOne 第 1 次 等待 3 秒
2023-10-19 00:18:37 查询号码 【1913809】，返回信息 {"status":"ok","msg":"河南-郑州","gid":"504099","time_insert":"2021-08-11 16:17"}
2023-10-19 00:18:37 查询号码 【1913809】，GSD为【"河南-郑州"】

2023-10-19 00:18:38 开始第 3908 次操作

2023-10-19 00:18:38 开始操作号码 【1913810】
2023-10-19 00:18:42 GSD getOne 第 1 次 等待 3 秒
2023-10-19 00:18:45 查询号码 【1913810】，返回信息 {"status":"ok","msg":"河南-郑州","gid":"504114","time_insert":"2021-08-11 16:27"}
2023-10-19 00:18:45 查询号码 【1913810】，GSD为【"河南-郑州"】

