2024-07-09 00:19:36 开始第 5057 次操作

2024-07-09 00:19:36 开始操作号码 【1484958】
2024-07-09 00:19:47 GSD getOne 第 1 次 等待 3 秒
2024-07-09 00:19:50 查询号码 【1484958】，返回信息 {"status":"ok","msg":"浙江-杭州","gid":"235748","time_insert":"2021-07-10 02:22"}
2024-07-09 00:19:50 查询号码 【1484958】，GSD为【"浙江-杭州"】

2024-07-09 00:19:51 开始第 5058 次操作

2024-07-09 00:19:51 开始操作号码 【1484959】
2024-07-09 00:19:59 GSD getOne 第 1 次 等待 3 秒
2024-07-09 00:20:02 查询号码 【1484959】，返回信息 {"status":"ok","msg":"浙江-杭州","gid":"235753","time_insert":"2021-07-10 02:26"}
2024-07-09 00:20:02 查询号码 【1484959】，GSD为【"浙江-杭州"】

2024-07-09 00:20:03 开始第 5059 次操作

2024-07-09 00:20:03 开始操作号码 【1484960】
2024-07-09 00:20:11 GSD getOne 第 1 次 等待 3 秒
2024-07-09 00:20:14 查询号码 【1484960】，返回信息 {"status":"ok","msg":"浙江-杭州","gid":"235759","time_insert":"2021-07-10 02:29"}
2024-07-09 00:20:14 查询号码 【1484960】，GSD为【"浙江-杭州"】

2024-07-09 00:20:15 开始第 5060 次操作

2024-07-09 00:20:15 开始操作号码 【1484961】
2024-07-09 00:20:23 GSD getOne 第 1 次 等待 3 秒
2024-07-09 00:20:26 查询号码 【1484961】，返回信息 {"status":"ok","msg":"浙江-杭州","gid":"235770","time_insert":"2021-07-10 02:34"}
2024-07-09 00:20:26 查询号码 【1484961】，GSD为【"浙江-杭州"】

