2024-10-13 00:15:00 开始第 9685 次操作

2024-10-13 00:15:00 开始操作号码 【1379684】
2024-10-13 00:15:14 GSD getOne 第 1 次 等待 3 秒
2024-10-13 00:15:17 查询号码 【1379684】，返回信息 {"status":"ok","msg":"黑龙江-齐齐哈尔","gid":"339595","time_insert":"2021-07-20 19:33","time_update":"2021-07-20 20:08"}
2024-10-13 00:15:17 查询号码 【1379684】，GSD为【"黑龙江-齐齐哈尔"】

2024-10-13 00:15:18 开始第 9686 次操作

2024-10-13 00:15:18 开始操作号码 【1379685】
2024-10-13 00:15:20 GSD getOne 第 1 次 等待 3 秒
2024-10-13 00:15:23 查询号码 【1379685】，返回信息 {"status":"ok","msg":"黑龙江-齐齐哈尔","gid":"339590","time_insert":"2021-07-20 19:32","time_update":"2021-07-20 20:08"}
2024-10-13 00:15:23 查询号码 【1379685】，GSD为【"黑龙江-齐齐哈尔"】

2024-10-13 00:15:24 开始第 9687 次操作

2024-10-13 00:15:24 开始操作号码 【1379686】
2024-10-13 00:15:27 GSD getOne 第 1 次 等待 3 秒
2024-10-13 00:15:30 查询号码 【1379686】，返回信息 {"status":"ok","msg":"黑龙江-齐齐哈尔","gid":"339588","time_insert":"2021-07-20 19:31","time_update":"2021-07-20 20:07"}
2024-10-13 00:15:30 查询号码 【1379686】，GSD为【"黑龙江-齐齐哈尔"】

2024-10-13 00:15:31 开始第 9688 次操作

2024-10-13 00:15:31 开始操作号码 【1379687】
2024-10-13 00:15:33 GSD getOne 第 1 次 等待 3 秒
2024-10-13 00:15:36 查询号码 【1379687】，返回信息 {"status":"ok","msg":"黑龙江-齐齐哈尔","gid":"339584","time_insert":"2021-07-20 19:30","time_update":"2021-07-20 20:06"}
2024-10-13 00:15:36 查询号码 【1379687】，GSD为【"黑龙江-齐齐哈尔"】

