2023-12-20 00:16:17 开始第 4169 次操作

2023-12-20 00:16:17 开始操作号码 【1814071】
2023-12-20 00:16:22 GSD getOne 第 1 次 等待 3 秒
2023-12-20 00:16:25 查询号码 【1814071】，返回信息 {"status":"ok","msg":"新疆-乌鲁木齐","gid":"431428","time_insert":"2021-07-29 07:50"}
2023-12-20 00:16:25 查询号码 【1814071】，GSD为【"新疆-乌鲁木齐"】

2023-12-20 00:16:26 开始第 4170 次操作

2023-12-20 00:16:26 开始操作号码 【1814072】
2023-12-20 00:16:30 GSD getOne 第 1 次 等待 3 秒
2023-12-20 00:16:33 查询号码 【1814072】，返回信息 {"status":"ok","msg":"新疆-乌鲁木齐","gid":"431416","time_insert":"2021-07-29 07:50"}
2023-12-20 00:16:33 查询号码 【1814072】，GSD为【"新疆-乌鲁木齐"】

2023-12-20 00:16:34 开始第 4171 次操作

2023-12-20 00:16:34 开始操作号码 【1814073】
2023-12-20 00:16:38 GSD getOne 第 1 次 等待 3 秒
2023-12-20 00:16:41 查询号码 【1814073】，返回信息 {"status":"ok","msg":"新疆-乌鲁木齐","gid":"431407","time_insert":"2021-07-29 07:49"}
2023-12-20 00:16:41 查询号码 【1814073】，GSD为【"新疆-乌鲁木齐"】

2023-12-20 00:16:42 开始第 4172 次操作

2023-12-20 00:16:42 开始操作号码 【1814074】
2023-12-20 00:16:46 GSD getOne 第 1 次 等待 3 秒
2023-12-20 00:16:49 查询号码 【1814074】，返回信息 {"status":"ok","msg":"新疆-乌鲁木齐","gid":"431398","time_insert":"2021-07-29 07:49"}
2023-12-20 00:16:49 查询号码 【1814074】，GSD为【"新疆-乌鲁木齐"】

