2024-01-30 00:16:07 开始第 881 次操作

2024-01-30 00:16:07 开始操作号码 【1700783】
2024-01-30 00:16:15 GSD getOne 第 1 次 等待 3 秒
2024-01-30 00:16:18 查询号码 【1700783】，返回信息 {"status":"ok","msg":"广东-汕头","gid":"118080","time_insert":"2021-06-23 13:42"}
2024-01-30 00:16:18 查询号码 【1700783】，GSD为【"广东-汕头"】

2024-01-30 00:16:19 开始第 882 次操作

2024-01-30 00:16:19 开始操作号码 【1700784】
2024-01-30 00:16:24 GSD getOne 第 1 次 等待 3 秒
2024-01-30 00:16:27 查询号码 【1700784】，返回信息 {"status":"ok","msg":"广东-珠海","gid":"118086","time_insert":"2021-06-23 13:43"}
2024-01-30 00:16:27 查询号码 【1700784】，GSD为【"广东-珠海"】

2024-01-30 00:16:28 开始第 883 次操作

2024-01-30 00:16:28 开始操作号码 【1700785】
2024-01-30 00:16:34 GSD getOne 第 1 次 等待 3 秒
2024-01-30 00:16:37 查询号码 【1700785】，返回信息 {"status":"ok","msg":"广东-珠海","gid":"118092","time_insert":"2021-06-23 13:44"}
2024-01-30 00:16:37 查询号码 【1700785】，GSD为【"广东-珠海"】

2024-01-30 00:16:38 开始第 884 次操作

2024-01-30 00:16:38 开始操作号码 【1700786】
2024-01-30 00:16:41 GSD getOne 第 1 次 等待 3 秒
2024-01-30 00:16:44 查询号码 【1700786】，返回信息 {"status":"ok","msg":"广东-珠海","gid":"118098","time_insert":"2021-06-23 13:45"}
2024-01-30 00:16:44 查询号码 【1700786】，GSD为【"广东-珠海"】

2024-01-30 00:36:59 开始第 885 次操作

2024-01-30 00:36:59 开始操作号码 【1700787】
2024-01-30 00:37:03 GSD getOne 第 1 次 等待 3 秒
2024-01-30 00:37:06 查询号码 【1700787】，返回信息 {"status":"ok","msg":"广东-珠海","gid":"118106","time_insert":"2021-06-23 13:46"}
2024-01-30 00:37:06 查询号码 【1700787】，GSD为【"广东-珠海"】

2024-01-30 00:37:07 开始第 886 次操作

2024-01-30 00:37:07 开始操作号码 【1700788】
2024-01-30 00:37:11 GSD getOne 第 1 次 等待 3 秒
2024-01-30 00:37:14 查询号码 【1700788】，返回信息 {"status":"ok","msg":"广东-珠海","gid":"118114","time_insert":"2021-06-23 13:47"}
2024-01-30 00:37:14 查询号码 【1700788】，GSD为【"广东-珠海"】

2024-01-30 00:37:15 开始第 887 次操作

2024-01-30 00:37:15 开始操作号码 【1700789】
2024-01-30 00:37:18 GSD getOne 第 1 次 等待 3 秒
2024-01-30 00:37:21 查询号码 【1700789】，返回信息 {"status":"ok","msg":"广东-珠海","gid":"118120","time_insert":"2021-06-23 13:48"}
2024-01-30 00:37:21 查询号码 【1700789】，GSD为【"广东-珠海"】

2024-01-30 00:37:22 开始第 888 次操作

2024-01-30 00:37:22 开始操作号码 【1700790】
2024-01-30 00:37:26 GSD getOne 第 1 次 等待 3 秒
2024-01-30 00:37:29 查询号码 【1700790】，返回信息 {"status":"ok","msg":"江西-九江","gid":"118126","time_insert":"2021-06-23 13:49"}
2024-01-30 00:37:29 查询号码 【1700790】，GSD为【"江西-九江"】

2024-01-30 01:13:11 开始第 889 次操作

2024-01-30 01:13:11 开始操作号码 【1700791】
2024-01-30 01:13:15 GSD getOne 第 1 次 等待 3 秒
2024-01-30 01:13:18 查询号码 【1700791】，返回信息 {"status":"ok","msg":"江西-南昌","gid":"118132","time_insert":"2021-06-23 13:50"}
2024-01-30 01:13:18 查询号码 【1700791】，GSD为【"江西-南昌"】

2024-01-30 01:13:19 开始第 890 次操作

2024-01-30 01:13:19 开始操作号码 【1700792】
2024-01-30 01:13:22 GSD getOne 第 1 次 等待 3 秒
2024-01-30 01:13:25 查询号码 【1700792】，返回信息 {"status":"ok","msg":"江西-九江","gid":"118138","time_insert":"2021-06-23 13:51"}
2024-01-30 01:13:25 查询号码 【1700792】，GSD为【"江西-九江"】

2024-01-30 01:13:26 开始第 891 次操作

2024-01-30 01:13:26 开始操作号码 【1700793】
2024-01-30 01:13:30 GSD getOne 第 1 次 等待 3 秒
2024-01-30 01:13:33 查询号码 【1700793】，返回信息 {"status":"ok","msg":"江西-九江","gid":"118146","time_insert":"2021-06-23 13:51"}
2024-01-30 01:13:33 查询号码 【1700793】，GSD为【"江西-九江"】

2024-01-30 01:13:34 开始第 892 次操作

2024-01-30 01:13:34 开始操作号码 【1700794】
2024-01-30 01:13:38 GSD getOne 第 1 次 等待 3 秒
2024-01-30 01:13:41 查询号码 【1700794】，返回信息 {"status":"ok","msg":"江西-九江","gid":"118151","time_insert":"2021-06-23 13:52"}
2024-01-30 01:13:41 查询号码 【1700794】，GSD为【"江西-九江"】

2024-01-30 01:35:45 开始第 893 次操作

2024-01-30 01:35:45 开始操作号码 【1700795】
2024-01-30 01:35:49 GSD getOne 第 1 次 等待 3 秒
2024-01-30 01:35:52 查询号码 【1700795】，返回信息 {"status":"ok","msg":"江西-赣州","gid":"118155","time_insert":"2021-06-23 13:53"}
2024-01-30 01:35:52 查询号码 【1700795】，GSD为【"江西-赣州"】

2024-01-30 01:35:53 开始第 894 次操作

2024-01-30 01:35:53 开始操作号码 【1700796】
2024-01-30 01:35:57 GSD getOne 第 1 次 等待 3 秒
2024-01-30 01:36:00 查询号码 【1700796】，返回信息 {"status":"ok","msg":"江西-赣州","gid":"118161","time_insert":"2021-06-23 13:54"}
2024-01-30 01:36:00 查询号码 【1700796】，GSD为【"江西-赣州"】

2024-01-30 01:36:01 开始第 895 次操作

2024-01-30 01:36:01 开始操作号码 【1700797】
2024-01-30 01:36:05 GSD getOne 第 1 次 等待 3 秒
2024-01-30 01:36:08 查询号码 【1700797】，返回信息 {"status":"ok","msg":"江西-赣州","gid":"118164","time_insert":"2021-06-23 13:54"}
2024-01-30 01:36:08 查询号码 【1700797】，GSD为【"江西-赣州"】

2024-01-30 01:36:09 开始第 896 次操作

2024-01-30 01:36:09 开始操作号码 【1700798】
2024-01-30 01:36:13 GSD getOne 第 1 次 等待 3 秒
2024-01-30 01:36:16 查询号码 【1700798】，返回信息 {"status":"ok","msg":"江西-南昌","gid":"118167","time_insert":"2021-06-23 13:55"}
2024-01-30 01:36:16 查询号码 【1700798】，GSD为【"江西-南昌"】

2024-01-30 02:16:15 开始第 897 次操作

2024-01-30 02:16:15 开始操作号码 【1700799】
2024-01-30 02:16:19 GSD getOne 第 1 次 等待 3 秒
2024-01-30 02:16:22 查询号码 【1700799】，返回信息 {"status":"ok","msg":"江西-南昌","gid":"118171","time_insert":"2021-06-23 13:56"}
2024-01-30 02:16:22 查询号码 【1700799】，GSD为【"江西-南昌"】

2024-01-30 02:16:23 开始第 898 次操作

2024-01-30 02:16:23 开始操作号码 【1700800】
2024-01-30 02:16:27 GSD getOne 第 1 次 等待 3 秒
2024-01-30 02:16:30 查询号码 【1700800】，返回信息 {"status":"ok","msg":"重庆-重庆","gid":"118174","time_insert":"2021-06-23 13:57"}
2024-01-30 02:16:30 查询号码 【1700800】，GSD为【"重庆-重庆"】

2024-01-30 02:16:31 开始第 899 次操作

2024-01-30 02:16:31 开始操作号码 【1700801】
2024-01-30 02:16:35 GSD getOne 第 1 次 等待 3 秒
2024-01-30 02:16:38 查询号码 【1700801】，返回信息 {"status":"ok","msg":"重庆-重庆","gid":"118177","time_insert":"2021-06-23 13:58"}
2024-01-30 02:16:38 查询号码 【1700801】，GSD为【"重庆-重庆"】

2024-01-30 02:16:39 开始第 900 次操作

2024-01-30 02:16:39 开始操作号码 【1700802】
2024-01-30 02:16:43 GSD getOne 第 1 次 等待 3 秒
2024-01-30 02:16:46 查询号码 【1700802】，返回信息 {"status":"ok","msg":"重庆-重庆","gid":"118180","time_insert":"2021-06-23 13:59"}
2024-01-30 02:16:46 查询号码 【1700802】，GSD为【"重庆-重庆"】

2024-01-30 02:36:00 开始第 901 次操作

2024-01-30 02:36:00 开始操作号码 【1700803】
2024-01-30 02:36:04 GSD getOne 第 1 次 等待 3 秒
2024-01-30 02:36:07 查询号码 【1700803】，返回信息 {"status":"ok","msg":"重庆-重庆","gid":"118182","time_insert":"2021-06-23 14:00"}
2024-01-30 02:36:07 查询号码 【1700803】，GSD为【"重庆-重庆"】

2024-01-30 02:36:08 开始第 902 次操作

2024-01-30 02:36:08 开始操作号码 【1700804】
2024-01-30 02:36:12 GSD getOne 第 1 次 等待 3 秒
2024-01-30 02:36:15 查询号码 【1700804】，返回信息 {"status":"ok","msg":"重庆-重庆","gid":"118185","time_insert":"2021-06-23 14:01"}
2024-01-30 02:36:15 查询号码 【1700804】，GSD为【"重庆-重庆"】

2024-01-30 02:36:16 开始第 903 次操作

2024-01-30 02:36:16 开始操作号码 【1700805】
2024-01-30 02:36:20 GSD getOne 第 1 次 等待 3 秒
2024-01-30 02:36:23 查询号码 【1700805】，返回信息 {"status":"ok","msg":"重庆-重庆","gid":"118189","time_insert":"2021-06-23 14:02"}
2024-01-30 02:36:24 查询号码 【1700805】，GSD为【"重庆-重庆"】

2024-01-30 02:36:25 开始第 904 次操作

2024-01-30 02:36:25 开始操作号码 【1700806】
2024-01-30 02:36:29 GSD getOne 第 1 次 等待 3 秒
2024-01-30 02:36:32 查询号码 【1700806】，返回信息 {"status":"ok","msg":"重庆-重庆","gid":"118192","time_insert":"2021-06-23 14:03"}
2024-01-30 02:36:32 查询号码 【1700806】，GSD为【"重庆-重庆"】

2024-01-30 03:10:18 开始第 905 次操作

2024-01-30 03:10:18 开始操作号码 【1700807】
2024-01-30 03:10:22 GSD getOne 第 1 次 等待 3 秒
2024-01-30 03:10:25 查询号码 【1700807】，返回信息 {"status":"ok","msg":"江苏-徐州","gid":"118196","time_insert":"2021-06-23 14:03"}
2024-01-30 03:10:25 查询号码 【1700807】，GSD为【"江苏-徐州"】

2024-01-30 03:10:26 开始第 906 次操作

2024-01-30 03:10:26 开始操作号码 【1700808】
2024-01-30 03:10:30 GSD getOne 第 1 次 等待 3 秒
2024-01-30 03:10:33 查询号码 【1700808】，返回信息 {"status":"ok","msg":"江苏-南通","gid":"118300","time_insert":"2021-06-23 15:15"}
2024-01-30 03:10:33 查询号码 【1700808】，GSD为【"江苏-南通"】

2024-01-30 03:10:34 开始第 907 次操作

2024-01-30 03:10:34 开始操作号码 【1700809】
2024-01-30 03:10:38 GSD getOne 第 1 次 等待 3 秒
2024-01-30 03:10:41 查询号码 【1700809】，返回信息 {"status":"ok","msg":"江苏-盐城","gid":"118304","time_insert":"2021-06-23 15:16"}
2024-01-30 03:10:41 查询号码 【1700809】，GSD为【"江苏-盐城"】

2024-01-30 03:10:42 开始第 908 次操作

2024-01-30 03:10:42 开始操作号码 【1700810】
2024-01-30 03:10:46 GSD getOne 第 1 次 等待 3 秒
2024-01-30 03:10:49 查询号码 【1700810】，返回信息 {"status":"ok","msg":"江苏-盐城","gid":"118309","time_insert":"2021-06-23 15:17"}
2024-01-30 03:10:49 查询号码 【1700810】，GSD为【"江苏-盐城"】

2024-01-30 03:36:15 开始第 909 次操作

2024-01-30 03:36:15 开始操作号码 【1700811】
2024-01-30 03:36:19 GSD getOne 第 1 次 等待 3 秒
2024-01-30 03:36:22 查询号码 【1700811】，返回信息 {"status":"ok","msg":"江苏-盐城","gid":"118312","time_insert":"2021-06-23 15:17"}
2024-01-30 03:36:22 查询号码 【1700811】，GSD为【"江苏-盐城"】

2024-01-30 03:36:23 开始第 910 次操作

2024-01-30 03:36:23 开始操作号码 【1700812】
2024-01-30 03:36:27 GSD getOne 第 1 次 等待 3 秒
2024-01-30 03:36:30 查询号码 【1700812】，返回信息 {"status":"ok","msg":"江苏-盐城","gid":"118318","time_insert":"2021-06-23 15:18"}
2024-01-30 03:36:30 查询号码 【1700812】，GSD为【"江苏-盐城"】

2024-01-30 03:36:31 开始第 911 次操作

2024-01-30 03:36:31 开始操作号码 【1700813】
2024-01-30 03:36:35 GSD getOne 第 1 次 等待 3 秒
2024-01-30 03:36:38 查询号码 【1700813】，返回信息 {"status":"ok","msg":"江苏-南通","gid":"118321","time_insert":"2021-06-23 15:18"}
2024-01-30 03:36:38 查询号码 【1700813】，GSD为【"江苏-南通"】

2024-01-30 03:36:39 开始第 912 次操作

2024-01-30 03:36:39 开始操作号码 【1700814】
2024-01-30 03:36:43 GSD getOne 第 1 次 等待 3 秒
2024-01-30 03:36:46 查询号码 【1700814】，返回信息 {"status":"ok","msg":"江苏-南通","gid":"118324","time_insert":"2021-06-23 15:19"}
2024-01-30 03:36:46 查询号码 【1700814】，GSD为【"江苏-南通"】

2024-01-30 04:14:34 开始第 913 次操作

2024-01-30 04:14:34 开始操作号码 【1700815】
2024-01-30 04:14:39 GSD getOne 第 1 次 等待 3 秒
2024-01-30 04:14:42 查询号码 【1700815】，返回信息 {"status":"ok","msg":"江苏-南通","gid":"118330","time_insert":"2021-06-23 15:20"}
2024-01-30 04:14:42 查询号码 【1700815】，GSD为【"江苏-南通"】

2024-01-30 04:14:43 开始第 914 次操作

2024-01-30 04:14:43 开始操作号码 【1700816】
2024-01-30 04:14:47 GSD getOne 第 1 次 等待 3 秒
2024-01-30 04:14:50 查询号码 【1700816】，返回信息 {"status":"ok","msg":"江苏-南通","gid":"118333","time_insert":"2021-06-23 15:20"}
2024-01-30 04:14:50 查询号码 【1700816】，GSD为【"江苏-南通"】

2024-01-30 04:14:51 开始第 915 次操作

2024-01-30 04:14:51 开始操作号码 【1700817】
2024-01-30 04:14:55 GSD getOne 第 1 次 等待 3 秒
2024-01-30 04:14:58 查询号码 【1700817】，返回信息 {"status":"ok","msg":"浙江-台州","gid":"118338","time_insert":"2021-06-23 15:21"}
2024-01-30 04:14:58 查询号码 【1700817】，GSD为【"浙江-台州"】

2024-01-30 04:14:59 开始第 916 次操作

2024-01-30 04:14:59 开始操作号码 【1700818】
2024-01-30 04:15:03 GSD getOne 第 1 次 等待 3 秒
2024-01-30 04:15:06 查询号码 【1700818】，返回信息 {"status":"ok","msg":"浙江-台州","gid":"118341","time_insert":"2021-06-23 15:22"}
2024-01-30 04:15:06 查询号码 【1700818】，GSD为【"浙江-台州"】

