2023-12-21 00:16:40 开始第 4341 次操作

2023-12-21 00:16:40 开始操作号码 【1814243】
2023-12-21 00:16:44 GSD getOne 第 1 次 等待 3 秒
2023-12-21 00:16:47 查询号码 【1814243】，返回信息 {"status":"ok","msg":"陕西-榆林","gid":"429926","time_insert":"2021-07-29 04:01","time_update":"2021-07-29 04:51"}
2023-12-21 00:16:47 查询号码 【1814243】，GSD为【"陕西-榆林"】

2023-12-21 00:16:48 开始第 4342 次操作

2023-12-21 00:16:48 开始操作号码 【1814244】
2023-12-21 00:16:52 GSD getOne 第 1 次 等待 3 秒
2023-12-21 00:16:55 查询号码 【1814244】，返回信息 {"status":"ok","msg":"陕西-延安","gid":"429920","time_insert":"2021-07-29 04:00"}
2023-12-21 00:16:55 查询号码 【1814244】，GSD为【"陕西-延安"】

2023-12-21 00:16:56 开始第 4343 次操作

2023-12-21 00:16:56 开始操作号码 【1814245】
2023-12-21 00:17:00 GSD getOne 第 1 次 等待 3 秒
2023-12-21 00:17:03 查询号码 【1814245】，返回信息 {"status":"ok","msg":"陕西-汉中","gid":"429915","time_insert":"2021-07-29 03:59"}
2023-12-21 00:17:03 查询号码 【1814245】，GSD为【"陕西-汉中"】

2023-12-21 00:17:04 开始第 4344 次操作

2023-12-21 00:17:04 开始操作号码 【1814246】
2023-12-21 00:17:08 GSD getOne 第 1 次 等待 3 秒
2023-12-21 00:17:11 查询号码 【1814246】，返回信息 {"status":"ok","msg":"陕西-汉中","gid":"429911","time_insert":"2021-07-29 03:59"}
2023-12-21 00:17:11 查询号码 【1814246】，GSD为【"陕西-汉中"】

