2024-09-02 00:14:38 开始第 2441 次操作

2024-09-02 00:14:38 开始操作号码 【1372440】
2024-09-02 00:14:45 GSD getOne 第 1 次 等待 3 秒
2024-09-02 00:14:48 查询号码 【1372440】，返回信息 {"status":"ok","msg":"广东-东莞","gid":"98570","time_insert":"2021-06-15 21:16"}
2024-09-02 00:14:48 查询号码 【1372440】，GSD为【"广东-东莞"】

2024-09-02 00:14:49 开始第 2442 次操作

2024-09-02 00:14:49 开始操作号码 【1372441】
2024-09-02 00:14:57 GSD getOne 第 1 次 等待 3 秒
2024-09-02 00:15:00 查询号码 【1372441】，返回信息 {"status":"ok","msg":"广东-东莞","gid":"98593","time_insert":"2021-06-15 21:37"}
2024-09-02 00:15:00 查询号码 【1372441】，GSD为【"广东-东莞"】

2024-09-02 00:15:01 开始第 2443 次操作

2024-09-02 00:15:01 开始操作号码 【1372442】
2024-09-02 00:15:09 GSD getOne 第 1 次 等待 3 秒
2024-09-02 00:15:12 查询号码 【1372442】，返回信息 {"status":"ok","msg":"广东-东莞","gid":"98623","time_insert":"2021-06-15 22:01"}
2024-09-02 00:15:12 查询号码 【1372442】，GSD为【"广东-东莞"】

2024-09-02 00:15:13 开始第 2444 次操作

2024-09-02 00:15:13 开始操作号码 【1372443】
2024-09-02 00:15:20 GSD getOne 第 1 次 等待 3 秒
2024-09-02 00:15:23 查询号码 【1372443】，返回信息 {"status":"ok","msg":"广东-东莞","gid":"98645","time_insert":"2021-06-15 22:23"}
2024-09-02 00:15:23 查询号码 【1372443】，GSD为【"广东-东莞"】

2024-09-02 00:40:13 开始第 2445 次操作

2024-09-02 00:40:13 开始操作号码 【1372444】
2024-09-02 00:40:21 GSD getOne 第 1 次 等待 3 秒
2024-09-02 00:40:24 查询号码 【1372444】，返回信息 {"status":"ok","msg":"广东-东莞","gid":"98672","time_insert":"2021-06-15 22:46"}
2024-09-02 00:40:24 查询号码 【1372444】，GSD为【"广东-东莞"】

2024-09-02 00:40:25 开始第 2446 次操作

2024-09-02 00:40:25 开始操作号码 【1372445】
2024-09-02 00:40:35 GSD getOne 第 1 次 等待 3 秒
2024-09-02 00:40:38 查询号码 【1372445】，返回信息 {"status":"ok","msg":"广东-东莞","gid":"98704","time_insert":"2021-06-15 23:15"}
2024-09-02 00:40:38 查询号码 【1372445】，GSD为【"广东-东莞"】

2024-09-02 00:40:39 开始第 2447 次操作

2024-09-02 00:40:39 开始操作号码 【1372446】
2024-09-02 00:40:47 GSD getOne 第 1 次 等待 3 秒
2024-09-02 00:40:50 查询号码 【1372446】，返回信息 {"status":"ok","msg":"广东-东莞","gid":"98727","time_insert":"2021-06-15 23:34"}
2024-09-02 00:40:50 查询号码 【1372446】，GSD为【"广东-东莞"】

2024-09-02 00:40:51 开始第 2448 次操作

2024-09-02 00:40:51 开始操作号码 【1372447】
2024-09-02 00:40:59 GSD getOne 第 1 次 等待 3 秒
2024-09-02 00:41:02 查询号码 【1372447】，返回信息 {"status":"ok","msg":"广东-东莞","gid":"98758","time_insert":"2021-06-16 00:01"}
2024-09-02 00:41:02 查询号码 【1372447】，GSD为【"广东-东莞"】

