2024-03-15 00:17:23 开始第 9017 次操作

2024-03-15 00:17:23 开始操作号码 【1708919】
2024-03-15 00:17:29 GSD getOne 第 1 次 等待 3 秒
2024-03-15 00:17:32 查询号码 【1708919】，返回信息 {"status":"ok","msg":"陕西-榆林","gid":"199930","time_insert":"2021-07-05 18:54"}
2024-03-15 00:17:32 查询号码 【1708919】，GSD为【"陕西-榆林"】

2024-03-15 00:17:33 开始第 9018 次操作

2024-03-15 00:17:33 开始操作号码 【1708920】
2024-03-15 00:17:40 GSD getOne 第 1 次 等待 3 秒
2024-03-15 00:17:43 查询号码 【1708920】，返回信息 {"status":"ok","msg":"广东-茂名","gid":"199935","time_insert":"2021-07-05 18:55"}
2024-03-15 00:17:43 查询号码 【1708920】，GSD为【"广东-茂名"】

2024-03-15 00:17:44 开始第 9019 次操作

2024-03-15 00:17:44 开始操作号码 【1708921】
2024-03-15 00:17:48 GSD getOne 第 1 次 等待 3 秒
2024-03-15 00:17:51 查询号码 【1708921】，返回信息 {"status":"ok","msg":"广东-茂名","gid":"199944","time_insert":"2021-07-05 18:56"}
2024-03-15 00:17:51 查询号码 【1708921】，GSD为【"广东-茂名"】

2024-03-15 00:17:52 开始第 9020 次操作

2024-03-15 00:17:52 开始操作号码 【1708922】
2024-03-15 00:17:57 GSD getOne 第 1 次 等待 3 秒
2024-03-15 00:18:00 查询号码 【1708922】，返回信息 {"status":"ok","msg":"广东-韶关","gid":"199956","time_insert":"2021-07-05 18:57"}
2024-03-15 00:18:00 查询号码 【1708922】，GSD为【"广东-韶关"】

2024-03-15 00:37:13 开始第 9021 次操作

2024-03-15 00:37:13 开始操作号码 【1708923】
2024-03-15 00:37:18 GSD getOne 第 1 次 等待 3 秒
2024-03-15 00:37:21 查询号码 【1708923】，返回信息 {"status":"ok","msg":"广东-韶关","gid":"199970","time_insert":"2021-07-05 18:58"}
2024-03-15 00:37:21 查询号码 【1708923】，GSD为【"广东-韶关"】

2024-03-15 00:37:22 开始第 9022 次操作

2024-03-15 00:37:22 开始操作号码 【1708924】
2024-03-15 00:37:27 GSD getOne 第 1 次 等待 3 秒
2024-03-15 00:37:30 查询号码 【1708924】，返回信息 {"status":"ok","msg":"广东-韶关","gid":"199983","time_insert":"2021-07-05 18:58"}
2024-03-15 00:37:30 查询号码 【1708924】，GSD为【"广东-韶关"】

2024-03-15 00:37:31 开始第 9023 次操作

2024-03-15 00:37:31 开始操作号码 【1708925】
2024-03-15 00:37:40 GSD getOne 第 1 次 等待 3 秒
2024-03-15 00:37:43 查询号码 【1708925】，返回信息 {"status":"ok","msg":"广东-韶关","gid":"199993","time_insert":"2021-07-05 18:59"}
2024-03-15 00:37:43 查询号码 【1708925】，GSD为【"广东-韶关"】

2024-03-15 00:37:44 开始第 9024 次操作

2024-03-15 00:37:44 开始操作号码 【1708926】
2024-03-15 00:37:49 GSD getOne 第 1 次 等待 3 秒
2024-03-15 00:37:52 查询号码 【1708926】，返回信息 {"status":"ok","msg":"广东-韶关","gid":"200004","time_insert":"2021-07-05 19:00"}
2024-03-15 00:37:52 查询号码 【1708926】，GSD为【"广东-韶关"】

2024-03-15 01:12:09 开始第 9025 次操作

2024-03-15 01:12:09 开始操作号码 【1708927】
2024-03-15 01:12:13 GSD getOne 第 1 次 等待 3 秒
2024-03-15 01:12:16 查询号码 【1708927】，返回信息 {"status":"ok","msg":"广东-韶关","gid":"200012","time_insert":"2021-07-05 19:01"}
2024-03-15 01:12:16 查询号码 【1708927】，GSD为【"广东-韶关"】

2024-03-15 01:12:17 开始第 9026 次操作

2024-03-15 01:12:17 开始操作号码 【1708928】
2024-03-15 01:12:22 GSD getOne 第 1 次 等待 3 秒
2024-03-15 01:12:25 查询号码 【1708928】，返回信息 {"status":"ok","msg":"广东-湛江","gid":"200021","time_insert":"2021-07-05 19:02"}
2024-03-15 01:12:25 查询号码 【1708928】，GSD为【"广东-湛江"】

2024-03-15 01:12:26 开始第 9027 次操作

2024-03-15 01:12:26 开始操作号码 【1708929】
2024-03-15 01:12:30 GSD getOne 第 1 次 等待 3 秒
2024-03-15 01:12:33 查询号码 【1708929】，返回信息 {"status":"ok","msg":"广东-湛江","gid":"200029","time_insert":"2021-07-05 19:03"}
2024-03-15 01:12:33 查询号码 【1708929】，GSD为【"广东-湛江"】

2024-03-15 01:12:34 开始第 9028 次操作

2024-03-15 01:12:34 开始操作号码 【1708930】
2024-03-15 01:12:41 GSD getOne 第 1 次 等待 3 秒
2024-03-15 01:12:44 查询号码 【1708930】，返回信息 {"status":"ok","msg":"广东-湛江","gid":"200039","time_insert":"2021-07-05 19:03"}
2024-03-15 01:12:44 查询号码 【1708930】，GSD为【"广东-湛江"】

