2021-07-10 00:00:02 开始第 30 次操作

2021-07-10 00:00:02 开始操作号码 【1671650】
2021-07-10 00:00:08 GSD getOne 第 1 次 等待 1 秒
2021-07-10 00:00:09 查询号码 【1671650】，返回信息 {"status":"bad","msg":""}
2021-07-10 00:00:09 查询号码 【1671650】，GSD为【""】
2021-07-10 00:00:09 bad
2021-07-10 00:00:12 CHB 1671650?1625846409 第 1 次 等待 1 秒
2021-07-10 00:00:13 CHB 1671650?1625846409 第 1 次 获取到号码【1671650】GSD
2021-07-10 00:00:13 获取到号码【1671650】的GSD为【河南-新乡】
2021-07-10 00:00:40 GSD insert 第 1 次 等待 1 秒
2021-07-10 00:00:41 {"status":"ok","msg":"添加成功！234993"}

2021-07-10 01:01:50 开始第 1 次操作

2021-07-10 01:01:50 开始操作号码 【1671651】
2021-07-10 01:01:55 GSD getOne 第 1 次 等待 1 秒
2021-07-10 01:01:56 查询号码 【1671651】，返回信息 {"status":"bad","msg":""}
2021-07-10 01:01:56 查询号码 【1671651】，GSD为【""】
2021-07-10 01:01:56 bad
2021-07-10 01:01:59 CHB 1671651?1625850116 第 1 次 等待 1 秒
2021-07-10 01:02:00 CHB 1671651?1625850116 第 1 次 获取到号码【1671651】GSD
2021-07-10 01:02:00 获取到号码【1671651】的GSD为【河南-新乡】
2021-07-10 01:02:05 GSD insert 第 1 次 等待 1 秒
2021-07-10 01:02:06 {"status":"ok","msg":"添加成功！235226"}
2021-07-10 01:02:06 下次操作: 2021-07-10 01:02:20

2021-07-10 01:02:20 开始第 2 次操作

2021-07-10 01:02:20 开始操作号码 【1671652】
2021-07-10 01:02:26 GSD getOne 第 1 次 等待 1 秒
2021-07-10 01:02:27 查询号码 【1671652】，返回信息 {"status":"bad","msg":""}
2021-07-10 01:02:27 查询号码 【1671652】，GSD为【""】
2021-07-10 01:02:27 bad
2021-07-10 01:02:29 CHB 1671652?1625850147 第 1 次 等待 1 秒
2021-07-10 01:02:30 CHB 1671652?1625850147 第 1 次 获取到号码【1671652】GSD
2021-07-10 01:02:30 获取到号码【1671652】的GSD为【河南-新乡】
2021-07-10 01:02:32 GSD insert 第 1 次 等待 1 秒
2021-07-10 01:02:33 {"status":"ok","msg":"添加成功！235228"}
2021-07-10 01:02:33 下次操作: 2021-07-10 01:02:44

2021-07-10 01:02:44 开始第 3 次操作

2021-07-10 01:02:44 开始操作号码 【1671653】
2021-07-10 01:02:55 GSD getOne 第 1 次 等待 1 秒
2021-07-10 01:02:56 查询号码 【1671653】，返回信息 {"status":"bad","msg":""}
2021-07-10 01:02:56 查询号码 【1671653】，GSD为【""】
2021-07-10 01:02:56 bad
2021-07-10 01:02:59 CHB 1671653?1625850176 第 1 次 等待 1 秒
2021-07-10 01:03:00 CHB 1671653?1625850176 第 1 次 获取到号码【1671653】GSD
2021-07-10 01:03:00 获取到号码【1671653】的GSD为【河南-新乡】
2021-07-10 01:03:04 GSD insert 第 1 次 等待 1 秒
2021-07-10 01:03:05 {"status":"ok","msg":"添加成功！235232"}
2021-07-10 01:03:05 下次操作: 2021-07-10 01:03:22

2021-07-10 01:03:22 开始第 4 次操作

2021-07-10 01:03:22 开始操作号码 【1671654】
2021-07-10 01:03:31 GSD getOne 第 1 次 等待 1 秒
2021-07-10 01:03:32 查询号码 【1671654】，返回信息 {"status":"bad","msg":""}
2021-07-10 01:03:32 查询号码 【1671654】，GSD为【""】
2021-07-10 01:03:32 bad
2021-07-10 01:03:34 CHB 1671654?1625850212 第 1 次 等待 1 秒
2021-07-10 01:03:35 CHB 1671654?1625850212 第 1 次 获取到号码【1671654】GSD
2021-07-10 01:03:35 获取到号码【1671654】的GSD为【河南-许昌】
2021-07-10 01:03:37 GSD insert 第 1 次 等待 1 秒
2021-07-10 01:03:38 {"status":"ok","msg":"添加成功！235236"}
2021-07-10 01:03:38 下次操作: 2021-07-10 01:03:49

2021-07-10 01:03:49 开始第 5 次操作

2021-07-10 01:03:49 开始操作号码 【1671655】
2021-07-10 01:03:53 GSD getOne 第 1 次 等待 1 秒
2021-07-10 01:03:54 查询号码 【1671655】，返回信息 {"status":"bad","msg":""}
2021-07-10 01:03:54 查询号码 【1671655】，GSD为【""】
2021-07-10 01:03:54 bad
2021-07-10 01:03:56 CHB 1671655?1625850234 第 1 次 等待 1 秒
2021-07-10 01:03:57 CHB 1671655?1625850234 第 1 次 获取到号码【1671655】GSD
2021-07-10 01:03:57 获取到号码【1671655】的GSD为【河南-信阳】
2021-07-10 01:04:01 GSD insert 第 1 次 等待 1 秒
2021-07-10 01:04:02 {"status":"ok","msg":"添加成功！235240"}
2021-07-10 01:04:02 下次操作: 2021-07-10 01:04:19

2021-07-10 01:04:19 开始第 6 次操作

2021-07-10 01:04:19 开始操作号码 【1671656】
2021-07-10 01:04:24 GSD getOne 第 1 次 等待 1 秒
2021-07-10 01:04:25 查询号码 【1671656】，返回信息 {"status":"bad","msg":""}
2021-07-10 01:04:25 查询号码 【1671656】，GSD为【""】
2021-07-10 01:04:25 bad
2021-07-10 01:04:27 CHB 1671656?1625850265 第 1 次 等待 1 秒
2021-07-10 01:04:28 CHB 1671656?1625850265 第 1 次 获取到号码【1671656】GSD
2021-07-10 01:04:28 获取到号码【1671656】的GSD为【河南-许昌】
2021-07-10 01:04:33 GSD insert 第 1 次 等待 1 秒
2021-07-10 01:04:34 {"status":"ok","msg":"添加成功！235245"}
2021-07-10 01:04:34 下次操作: 2021-07-10 01:04:40

2021-07-10 01:04:40 开始第 7 次操作

2021-07-10 01:04:40 开始操作号码 【1671657】
2021-07-10 01:04:42 GSD getOne 第 1 次 等待 1 秒
2021-07-10 01:04:43 查询号码 【1671657】，返回信息 {"status":"bad","msg":""}
2021-07-10 01:04:43 查询号码 【1671657】，GSD为【""】
2021-07-10 01:04:43 bad
2021-07-10 01:04:51 CHB 1671657?1625850283 第 1 次 等待 1 秒
2021-07-10 01:04:52 CHB 1671657?1625850283 第 1 次 获取到号码【1671657】GSD
2021-07-10 01:04:52 获取到号码【1671657】的GSD为【河南-漯河】
2021-07-10 01:05:13 GSD insert 第 1 次 等待 1 秒
2021-07-10 01:05:14 {"status":"ok","msg":"添加成功！235251"}
2021-07-10 01:05:14 下次操作: 2021-07-10 01:05:24

2021-07-10 01:05:24 开始第 8 次操作

2021-07-10 01:05:24 开始操作号码 【1671658】
2021-07-10 01:05:30 GSD getOne 第 1 次 等待 1 秒
2021-07-10 01:05:31 查询号码 【1671658】，返回信息 {"status":"bad","msg":""}
2021-07-10 01:05:31 查询号码 【1671658】，GSD为【""】
2021-07-10 01:05:31 bad
2021-07-10 01:05:33 CHB 1671658?1625850331 第 1 次 等待 1 秒
2021-07-10 01:05:34 CHB 1671658?1625850331 第 1 次 获取到号码【1671658】GSD
2021-07-10 01:05:34 获取到号码【1671658】的GSD为【河南-漯河】
2021-07-10 01:05:36 GSD insert 第 1 次 等待 1 秒
2021-07-10 01:05:37 {"status":"ok","msg":"添加成功！235254"}
2021-07-10 01:05:37 下次操作: 2021-07-10 01:05:50

2021-07-10 01:05:50 开始第 9 次操作

2021-07-10 01:05:50 开始操作号码 【1671659】
2021-07-10 01:05:53 GSD getOne 第 1 次 等待 1 秒
2021-07-10 01:05:54 查询号码 【1671659】，返回信息 {"status":"bad","msg":""}
2021-07-10 01:05:54 查询号码 【1671659】，GSD为【""】
2021-07-10 01:05:54 bad
2021-07-10 01:05:57 CHB 1671659?1625850354 第 1 次 等待 1 秒
2021-07-10 01:05:58 CHB 1671659?1625850354 第 1 次 获取到号码【1671659】GSD
2021-07-10 01:05:58 获取到号码【1671659】的GSD为【河南-漯河】
2021-07-10 01:06:03 GSD insert 第 1 次 等待 1 秒
2021-07-10 01:06:04 {"status":"ok","msg":"添加成功！235259"}
2021-07-10 01:06:04 下次操作: 2021-07-10 01:06:11

2021-07-10 01:06:11 开始第 10 次操作

2021-07-10 01:06:11 开始操作号码 【1671660】
2021-07-10 01:06:17 GSD getOne 第 1 次 等待 1 秒
2021-07-10 01:06:18 查询号码 【1671660】，返回信息 {"status":"bad","msg":""}
2021-07-10 01:06:18 查询号码 【1671660】，GSD为【""】
2021-07-10 01:06:18 bad
2021-07-10 01:06:20 CHB 1671660?1625850378 第 1 次 等待 1 秒
2021-07-10 01:06:21 CHB 1671660?1625850378 第 1 次 获取到号码【1671660】GSD
2021-07-10 01:06:21 获取到号码【1671660】的GSD为【河南-漯河】
2021-07-10 01:06:23 GSD insert 第 1 次 等待 1 秒
2021-07-10 01:06:24 {"status":"ok","msg":"添加成功！235265"}
2021-07-10 01:06:24 下次操作: 2021-07-10 01:06:37

2021-07-10 01:06:37 开始第 11 次操作

2021-07-10 01:06:37 开始操作号码 【1671661】
2021-07-10 01:06:47 GSD getOne 第 1 次 等待 1 秒
2021-07-10 01:06:48 查询号码 【1671661】，返回信息 {"status":"bad","msg":""}
2021-07-10 01:06:48 查询号码 【1671661】，GSD为【""】
2021-07-10 01:06:48 bad
2021-07-10 01:06:50 CHB 1671661?1625850408 第 1 次 等待 1 秒
2021-07-10 01:06:51 CHB 1671661?1625850408 第 1 次 获取到号码【1671661】GSD
2021-07-10 01:06:51 获取到号码【1671661】的GSD为【河南-漯河】
2021-07-10 01:06:55 GSD insert 第 1 次 等待 1 秒
2021-07-10 01:06:56 {"status":"ok","msg":"添加成功！235271"}
2021-07-10 01:06:56 下次操作: 2021-07-10 01:07:10

2021-07-10 01:07:10 开始第 12 次操作

2021-07-10 01:07:10 开始操作号码 【1671662】
2021-07-10 01:07:15 GSD getOne 第 1 次 等待 1 秒
2021-07-10 01:07:16 查询号码 【1671662】，返回信息 {"status":"bad","msg":""}
2021-07-10 01:07:16 查询号码 【1671662】，GSD为【""】
2021-07-10 01:07:16 bad
2021-07-10 01:07:18 CHB 1671662?1625850436 第 1 次 等待 1 秒
2021-07-10 01:07:19 CHB 1671662?1625850436 第 1 次 获取到号码【1671662】GSD
2021-07-10 01:07:19 获取到号码【1671662】的GSD为【河南-漯河】
2021-07-10 01:07:22 GSD insert 第 1 次 等待 1 秒
2021-07-10 01:07:23 {"status":"ok","msg":"添加成功！235278"}
2021-07-10 01:07:23 下次操作: 2021-07-10 01:07:30

2021-07-10 01:07:30 开始第 13 次操作

2021-07-10 01:07:30 开始操作号码 【1671663】
2021-07-10 01:07:34 GSD getOne 第 1 次 等待 1 秒
2021-07-10 01:07:35 查询号码 【1671663】，返回信息 {"status":"bad","msg":""}
2021-07-10 01:07:35 查询号码 【1671663】，GSD为【""】
2021-07-10 01:07:35 bad
2021-07-10 01:07:37 CHB 1671663?1625850455 第 1 次 等待 1 秒
2021-07-10 01:07:38 CHB 1671663?1625850455 第 1 次 获取到号码【1671663】GSD
2021-07-10 01:07:38 获取到号码【1671663】的GSD为【河南-漯河】
2021-07-10 01:07:42 GSD insert 第 1 次 等待 1 秒
2021-07-10 01:07:43 {"status":"ok","msg":"添加成功！235281"}
2021-07-10 01:07:44 下次操作: 2021-07-10 01:07:52

2021-07-10 01:07:52 开始第 14 次操作

2021-07-10 01:07:52 开始操作号码 【1671664】
2021-07-10 01:07:59 GSD getOne 第 1 次 等待 1 秒
2021-07-10 01:08:00 查询号码 【1671664】，返回信息 {"status":"bad","msg":""}
2021-07-10 01:08:00 查询号码 【1671664】，GSD为【""】
2021-07-10 01:08:00 bad
2021-07-10 01:08:04 CHB 1671664?1625850480 第 1 次 等待 1 秒
2021-07-10 01:08:05 CHB 1671664?1625850480 第 1 次 获取到号码【1671664】GSD
2021-07-10 01:08:06 获取到号码【1671664】的GSD为【河南-漯河】
2021-07-10 01:08:08 GSD insert 第 1 次 等待 1 秒
2021-07-10 01:08:09 {"status":"ok","msg":"添加成功！235289"}
2021-07-10 01:08:09 下次操作: 2021-07-10 01:08:23

2021-07-10 01:08:23 开始第 15 次操作

2021-07-10 01:08:23 开始操作号码 【1671665】
2021-07-10 01:08:30 GSD getOne 第 1 次 等待 1 秒
2021-07-10 01:08:31 查询号码 【1671665】，返回信息 {"status":"bad","msg":""}
2021-07-10 01:08:31 查询号码 【1671665】，GSD为【""】
2021-07-10 01:08:31 bad
2021-07-10 01:08:33 CHB 1671665?1625850511 第 1 次 等待 1 秒
2021-07-10 01:08:34 CHB 1671665?1625850511 第 1 次 获取到号码【1671665】GSD
2021-07-10 01:08:34 获取到号码【1671665】的GSD为【河南-漯河】
2021-07-10 01:08:37 GSD insert 第 1 次 等待 1 秒
2021-07-10 01:08:38 {"status":"ok","msg":"添加成功！235293"}
2021-07-10 01:08:38 下次操作: 2021-07-10 01:08:52

2021-07-10 01:08:52 开始第 16 次操作

2021-07-10 01:08:52 开始操作号码 【1671666】
2021-07-10 01:08:57 GSD getOne 第 1 次 等待 1 秒
2021-07-10 01:08:58 查询号码 【1671666】，返回信息 {"status":"bad","msg":""}
2021-07-10 01:08:58 查询号码 【1671666】，GSD为【""】
2021-07-10 01:08:58 bad
2021-07-10 01:09:00 CHB 1671666?1625850538 第 1 次 等待 1 秒
2021-07-10 01:09:01 CHB 1671666?1625850538 第 1 次 获取到号码【1671666】GSD
2021-07-10 01:09:01 获取到号码【1671666】的GSD为【河南-漯河】
2021-07-10 01:09:03 GSD insert 第 1 次 等待 1 秒
2021-07-10 01:09:04 {"status":"ok","msg":"添加成功！235300"}
2021-07-10 01:09:04 下次操作: 2021-07-10 01:09:20

2021-07-10 01:09:20 开始第 17 次操作

2021-07-10 01:09:20 开始操作号码 【1671667】
2021-07-10 01:09:23 GSD getOne 第 1 次 等待 1 秒
2021-07-10 01:09:24 查询号码 【1671667】，返回信息 {"status":"bad","msg":""}
2021-07-10 01:09:24 查询号码 【1671667】，GSD为【""】
2021-07-10 01:09:24 bad
2021-07-10 01:09:26 CHB 1671667?1625850564 第 1 次 等待 1 秒
2021-07-10 01:09:27 CHB 1671667?1625850564 第 1 次 获取到号码【1671667】GSD
2021-07-10 01:09:27 获取到号码【1671667】的GSD为【河南-漯河】
2021-07-10 01:09:34 GSD insert 第 1 次 等待 1 秒
2021-07-10 01:09:35 {"status":"ok","msg":"添加成功！235306"}
2021-07-10 01:09:35 下次操作: 2021-07-10 01:09:52

2021-07-10 01:09:52 开始第 18 次操作

2021-07-10 01:09:52 开始操作号码 【1671668】
2021-07-10 01:09:54 GSD getOne 第 1 次 等待 1 秒
2021-07-10 01:09:55 查询号码 【1671668】，返回信息 {"status":"bad","msg":""}
2021-07-10 01:09:56 查询号码 【1671668】，GSD为【""】
2021-07-10 01:09:56 bad
2021-07-10 01:09:59 CHB 1671668?1625850596 第 1 次 等待 1 秒
2021-07-10 01:10:00 CHB 1671668?1625850596 第 1 次 获取到号码【1671668】GSD
2021-07-10 01:10:00 获取到号码【1671668】的GSD为【河南-漯河】
2021-07-10 01:10:02 GSD insert 第 1 次 等待 1 秒
2021-07-10 01:10:03 {"status":"ok","msg":"添加成功！235312"}
2021-07-10 01:10:04 下次操作: 2021-07-10 01:10:13

2021-07-10 01:10:13 开始第 19 次操作

2021-07-10 01:10:13 开始操作号码 【1671669】
2021-07-10 01:10:16 GSD getOne 第 1 次 等待 1 秒
2021-07-10 01:10:17 查询号码 【1671669】，返回信息 {"status":"bad","msg":""}
2021-07-10 01:10:17 查询号码 【1671669】，GSD为【""】
2021-07-10 01:10:17 bad
2021-07-10 01:10:19 CHB 1671669?1625850617 第 1 次 等待 1 秒
2021-07-10 01:10:20 CHB 1671669?1625850617 第 1 次 获取到号码【1671669】GSD
2021-07-10 01:10:20 获取到号码【1671669】的GSD为【河南-漯河】
2021-07-10 01:10:26 GSD insert 第 1 次 等待 1 秒
2021-07-10 01:10:27 {"status":"ok","msg":"添加成功！235317"}
2021-07-10 01:10:27 下次操作: 2021-07-10 01:10:33

2021-07-10 01:10:33 开始第 20 次操作

2021-07-10 01:10:33 开始操作号码 【1671670】
2021-07-10 01:10:39 GSD getOne 第 1 次 等待 1 秒
2021-07-10 01:10:40 查询号码 【1671670】，返回信息 {"status":"bad","msg":""}
2021-07-10 01:10:40 查询号码 【1671670】，GSD为【""】
2021-07-10 01:10:40 bad
2021-07-10 01:10:43 CHB 1671670?1625850640 第 1 次 等待 1 秒
2021-07-10 01:10:44 CHB 1671670?1625850640 第 1 次 获取到号码【1671670】GSD
2021-07-10 01:10:44 获取到号码【1671670】的GSD为【河南-漯河】
2021-07-10 01:10:46 GSD insert 第 1 次 等待 1 秒
2021-07-10 01:10:47 {"status":"ok","msg":"添加成功！235319"}
2021-07-10 01:10:47 下次操作: 2021-07-10 01:11:01

2021-07-10 01:11:01 开始第 21 次操作

2021-07-10 01:11:01 开始操作号码 【1671671】
2021-07-10 01:11:07 GSD getOne 第 1 次 等待 1 秒
2021-07-10 01:11:08 查询号码 【1671671】，返回信息 {"status":"bad","msg":""}
2021-07-10 01:11:08 查询号码 【1671671】，GSD为【""】
2021-07-10 01:11:08 bad
2021-07-10 01:11:10 CHB 1671671?1625850668 第 1 次 等待 1 秒
2021-07-10 01:11:11 CHB 1671671?1625850668 第 1 次 获取到号码【1671671】GSD
2021-07-10 01:11:11 获取到号码【1671671】的GSD为【河南-漯河】
2021-07-10 01:11:14 GSD insert 第 1 次 等待 1 秒
2021-07-10 01:11:15 {"status":"ok","msg":"添加成功！235326"}
2021-07-10 01:11:15 下次操作: 2021-07-10 01:11:33

2021-07-10 01:11:33 开始第 22 次操作

2021-07-10 01:11:33 开始操作号码 【1671672】
2021-07-10 01:11:35 GSD getOne 第 1 次 等待 1 秒
2021-07-10 01:11:36 查询号码 【1671672】，返回信息 {"status":"bad","msg":""}
2021-07-10 01:11:36 查询号码 【1671672】，GSD为【""】
2021-07-10 01:11:36 bad
2021-07-10 01:11:39 CHB 1671672?1625850696 第 1 次 等待 1 秒
2021-07-10 01:11:40 CHB 1671672?1625850696 第 1 次 获取到号码【1671672】GSD
2021-07-10 01:11:40 获取到号码【1671672】的GSD为【河南-漯河】
2021-07-10 01:11:45 GSD insert 第 1 次 等待 1 秒
2021-07-10 01:11:46 {"status":"ok","msg":"添加成功！235335"}
2021-07-10 01:11:46 下次操作: 2021-07-10 01:11:58

2021-07-10 01:11:58 开始第 23 次操作

2021-07-10 01:11:58 开始操作号码 【1671673】
2021-07-10 01:12:01 GSD getOne 第 1 次 等待 1 秒
2021-07-10 01:12:02 查询号码 【1671673】，返回信息 {"status":"bad","msg":""}
2021-07-10 01:12:02 查询号码 【1671673】，GSD为【""】
2021-07-10 01:12:02 bad
2021-07-10 01:12:04 CHB 1671673?1625850722 第 1 次 等待 1 秒
2021-07-10 01:12:05 CHB 1671673?1625850722 第 1 次 获取到号码【1671673】GSD
2021-07-10 01:12:05 获取到号码【1671673】的GSD为【河南-漯河】
2021-07-10 01:12:07 GSD insert 第 1 次 等待 1 秒
2021-07-10 01:12:08 {"status":"ok","msg":"添加成功！235340"}
2021-07-10 01:12:08 下次操作: 2021-07-10 01:12:15

2021-07-10 01:12:15 开始第 24 次操作

2021-07-10 01:12:15 开始操作号码 【1671674】
2021-07-10 01:12:21 GSD getOne 第 1 次 等待 1 秒
2021-07-10 01:12:22 查询号码 【1671674】，返回信息 {"status":"bad","msg":""}
2021-07-10 01:12:22 查询号码 【1671674】，GSD为【""】
2021-07-10 01:12:22 bad
2021-07-10 01:12:24 CHB 1671674?1625850742 第 1 次 等待 1 秒
2021-07-10 01:12:25 CHB 1671674?1625850742 第 1 次 获取到号码【1671674】GSD
2021-07-10 01:12:25 获取到号码【1671674】的GSD为【河南-安阳】
2021-07-10 01:12:29 GSD insert 第 1 次 等待 1 秒
2021-07-10 01:12:30 {"status":"ok","msg":"添加成功！235344"}
2021-07-10 01:12:30 下次操作: 2021-07-10 01:12:40

2021-07-10 01:12:40 开始第 25 次操作

2021-07-10 01:12:40 开始操作号码 【1671675】
2021-07-10 01:12:44 GSD getOne 第 1 次 等待 1 秒
2021-07-10 01:12:45 查询号码 【1671675】，返回信息 {"status":"bad","msg":""}
2021-07-10 01:12:45 查询号码 【1671675】，GSD为【""】
2021-07-10 01:12:45 bad
2021-07-10 01:12:48 CHB 1671675?1625850765 第 1 次 等待 1 秒
2021-07-10 01:12:49 CHB 1671675?1625850765 第 1 次 获取到号码【1671675】GSD
2021-07-10 01:12:49 获取到号码【1671675】的GSD为【河南-安阳】
2021-07-10 01:12:51 GSD insert 第 1 次 等待 1 秒
2021-07-10 01:12:52 {"status":"ok","msg":"添加成功！235348"}
2021-07-10 01:12:52 下次操作: 2021-07-10 01:13:02

2021-07-10 01:13:02 开始第 26 次操作

2021-07-10 01:13:02 开始操作号码 【1671676】
2021-07-10 01:13:05 GSD getOne 第 1 次 等待 1 秒
2021-07-10 01:13:06 查询号码 【1671676】，返回信息 {"status":"bad","msg":""}
2021-07-10 01:13:06 查询号码 【1671676】，GSD为【""】
2021-07-10 01:13:06 bad
2021-07-10 01:13:08 CHB 1671676?1625850786 第 1 次 等待 1 秒
2021-07-10 01:13:09 CHB 1671676?1625850786 第 1 次 获取到号码【1671676】GSD
2021-07-10 01:13:09 获取到号码【1671676】的GSD为【河南-安阳】
2021-07-10 01:13:11 GSD insert 第 1 次 等待 1 秒
2021-07-10 01:13:12 {"status":"ok","msg":"添加成功！235351"}
2021-07-10 01:13:12 下次操作: 2021-07-10 01:13:22

2021-07-10 01:13:22 开始第 27 次操作

2021-07-10 01:13:22 开始操作号码 【1671677】
2021-07-10 01:13:25 GSD getOne 第 1 次 等待 1 秒
2021-07-10 01:13:26 查询号码 【1671677】，返回信息 {"status":"bad","msg":""}
2021-07-10 01:13:26 查询号码 【1671677】，GSD为【""】
2021-07-10 01:13:26 bad
2021-07-10 01:13:28 CHB 1671677?1625850806 第 1 次 等待 1 秒
2021-07-10 01:13:29 CHB 1671677?1625850806 第 1 次 获取到号码【1671677】GSD
2021-07-10 01:13:29 获取到号码【1671677】的GSD为【河南-安阳】
2021-07-10 01:13:34 GSD insert 第 1 次 等待 1 秒
2021-07-10 01:13:35 {"status":"ok","msg":"添加成功！235356"}
2021-07-10 01:13:35 下次操作: 2021-07-10 01:13:43

2021-07-10 01:13:43 开始第 28 次操作

2021-07-10 01:13:43 开始操作号码 【1671678】
2021-07-10 01:13:45 GSD getOne 第 1 次 等待 1 秒
2021-07-10 01:13:46 查询号码 【1671678】，返回信息 {"status":"bad","msg":""}
2021-07-10 01:13:46 查询号码 【1671678】，GSD为【""】
2021-07-10 01:13:46 bad
2021-07-10 01:13:48 CHB 1671678?1625850826 第 1 次 等待 1 秒
2021-07-10 01:13:49 CHB 1671678?1625850826 第 1 次 获取到号码【1671678】GSD
2021-07-10 01:13:49 获取到号码【1671678】的GSD为【河南-安阳】
2021-07-10 01:13:53 GSD insert 第 1 次 等待 1 秒
2021-07-10 01:13:54 {"status":"ok","msg":"添加成功！235360"}
2021-07-10 01:13:54 下次操作: 2021-07-10 01:14:02

2021-07-10 01:14:02 开始第 29 次操作

2021-07-10 01:14:02 开始操作号码 【1671679】
2021-07-10 01:14:07 GSD getOne 第 1 次 等待 1 秒
2021-07-10 01:14:08 查询号码 【1671679】，返回信息 {"status":"bad","msg":""}
2021-07-10 01:14:08 查询号码 【1671679】，GSD为【""】
2021-07-10 01:14:08 bad
2021-07-10 01:14:10 CHB 1671679?1625850848 第 1 次 等待 1 秒
2021-07-10 01:14:11 CHB 1671679?1625850848 第 1 次 获取到号码【1671679】GSD
2021-07-10 01:14:11 获取到号码【1671679】的GSD为【河南-安阳】
2021-07-10 01:14:13 GSD insert 第 1 次 等待 1 秒
2021-07-10 01:14:14 {"status":"ok","msg":"添加成功！235363"}
2021-07-10 01:14:14 下次操作: 2021-07-10 01:14:28

2021-07-10 01:14:28 开始第 30 次操作

2021-07-10 01:14:28 开始操作号码 【1671680】
2021-07-10 01:14:31 GSD getOne 第 1 次 等待 1 秒
2021-07-10 01:14:32 查询号码 【1671680】，返回信息 {"status":"bad","msg":""}
2021-07-10 01:14:32 查询号码 【1671680】，GSD为【""】
2021-07-10 01:14:32 bad
2021-07-10 01:14:35 CHB 1671680?1625850872 第 1 次 等待 1 秒
2021-07-10 01:14:36 CHB 1671680?1625850872 第 1 次 获取到号码【1671680】GSD
2021-07-10 01:14:36 获取到号码【1671680】的GSD为【河南-安阳】
2021-07-10 01:14:39 GSD insert 第 1 次 等待 1 秒
2021-07-10 01:14:40 {"status":"ok","msg":"添加成功！235368"}

