2024-06-22 00:18:01 开始第 2009 次操作

2024-06-22 00:18:01 开始操作号码 【1481913】
2024-06-22 00:18:18 GSD getOne 第 1 次 等待 3 秒
2024-06-22 00:18:21 查询号码 【1481913】，返回信息 {"status":"ok","msg":"重庆-重庆","gid":"159665","time_insert":"2021-06-30 10:23"}
2024-06-22 00:18:21 查询号码 【1481913】，GSD为【"重庆-重庆"】

2024-06-22 00:18:22 开始第 2010 次操作

2024-06-22 00:18:22 开始操作号码 【1481914】
2024-06-22 00:18:36 GSD getOne 第 1 次 等待 3 秒
2024-06-22 00:18:39 查询号码 【1481914】，返回信息 {"status":"ok","msg":"重庆-重庆","gid":"159744","time_insert":"2021-06-30 10:28"}
2024-06-22 00:18:40 查询号码 【1481914】，GSD为【"重庆-重庆"】

2024-06-22 00:18:41 开始第 2011 次操作

2024-06-22 00:18:41 开始操作号码 【1481915】
2024-06-22 00:18:54 GSD getOne 第 1 次 等待 3 秒
2024-06-22 00:18:57 查询号码 【1481915】，返回信息 {"status":"ok","msg":"重庆-重庆","gid":"159808","time_insert":"2021-06-30 10:33"}
2024-06-22 00:18:57 查询号码 【1481915】，GSD为【"重庆-重庆"】

2024-06-22 00:18:58 开始第 2012 次操作

2024-06-22 00:18:58 开始操作号码 【1481916】
2024-06-22 00:19:14 GSD getOne 第 1 次 等待 3 秒
2024-06-22 00:19:17 查询号码 【1481916】，返回信息 {"status":"ok","msg":"重庆-重庆","gid":"159845","time_insert":"2021-06-30 10:37"}
2024-06-22 00:19:17 查询号码 【1481916】，GSD为【"重庆-重庆"】

