2024-03-20 00:17:54 开始第 9921 次操作

2024-03-20 00:17:54 开始操作号码 【1709823】
2024-03-20 00:17:59 GSD getOne 第 1 次 等待 3 秒
2024-03-20 00:18:02 查询号码 【1709823】，返回信息 {"status":"ok","msg":"海南-海口","gid":"210614","time_insert":"2021-07-07 01:48"}
2024-03-20 00:18:02 查询号码 【1709823】，GSD为【"海南-海口"】

2024-03-20 00:18:03 开始第 9922 次操作

2024-03-20 00:18:03 开始操作号码 【1709824】
2024-03-20 00:18:08 GSD getOne 第 1 次 等待 3 秒
2024-03-20 00:18:11 查询号码 【1709824】，返回信息 {"status":"ok","msg":"海南-海口","gid":"210619","time_insert":"2021-07-07 01:48"}
2024-03-20 00:18:11 查询号码 【1709824】，GSD为【"海南-海口"】

2024-03-20 00:18:12 开始第 9923 次操作

2024-03-20 00:18:12 开始操作号码 【1709825】
2024-03-20 00:18:16 GSD getOne 第 1 次 等待 3 秒
2024-03-20 00:18:19 查询号码 【1709825】，返回信息 {"status":"ok","msg":"海南-海口","gid":"210625","time_insert":"2021-07-07 01:48"}
2024-03-20 00:18:19 查询号码 【1709825】，GSD为【"海南-海口"】

2024-03-20 00:18:20 开始第 9924 次操作

2024-03-20 00:18:20 开始操作号码 【1709826】
2024-03-20 00:18:25 GSD getOne 第 1 次 等待 3 秒
2024-03-20 00:18:28 查询号码 【1709826】，返回信息 {"status":"ok","msg":"海南-海口","gid":"210630","time_insert":"2021-07-07 01:49"}
2024-03-20 00:18:28 查询号码 【1709826】，GSD为【"海南-海口"】

2024-03-20 00:39:39 开始第 9925 次操作

2024-03-20 00:39:39 开始操作号码 【1709827】
2024-03-20 00:39:45 GSD getOne 第 1 次 等待 3 秒
2024-03-20 00:39:48 查询号码 【1709827】，返回信息 {"status":"ok","msg":"海南-海口","gid":"210636","time_insert":"2021-07-07 01:49"}
2024-03-20 00:39:48 查询号码 【1709827】，GSD为【"海南-海口"】

2024-03-20 00:39:49 开始第 9926 次操作

2024-03-20 00:39:49 开始操作号码 【1709828】
2024-03-20 00:39:53 GSD getOne 第 1 次 等待 3 秒
2024-03-20 00:39:56 查询号码 【1709828】，返回信息 {"status":"ok","msg":"海南-海口","gid":"210643","time_insert":"2021-07-07 01:50"}
2024-03-20 00:39:57 查询号码 【1709828】，GSD为【"海南-海口"】

2024-03-20 00:39:58 开始第 9927 次操作

2024-03-20 00:39:58 开始操作号码 【1709829】
2024-03-20 00:40:03 GSD getOne 第 1 次 等待 3 秒
2024-03-20 00:40:06 查询号码 【1709829】，返回信息 {"status":"ok","msg":"海南-海口","gid":"210649","time_insert":"2021-07-07 01:50"}
2024-03-20 00:40:06 查询号码 【1709829】，GSD为【"海南-海口"】

2024-03-20 00:40:07 开始第 9928 次操作

2024-03-20 00:40:07 开始操作号码 【1709830】
2024-03-20 00:40:15 GSD getOne 第 1 次 等待 3 秒
2024-03-20 00:40:18 查询号码 【1709830】，返回信息 {"status":"ok","msg":"四川-成都","gid":"210653","time_insert":"2021-07-07 01:50"}
2024-03-20 00:40:18 查询号码 【1709830】，GSD为【"四川-成都"】

