2023-12-08 00:19:03 开始第 2009 次操作

2023-12-08 00:19:03 开始操作号码 【1811911】
2023-12-08 00:19:10 GSD getOne 第 1 次 等待 3 秒
2023-12-08 00:19:13 查询号码 【1811911】，返回信息 {"status":"ok","msg":"新疆-乌鲁木齐","gid":"455200","time_insert":"2021-07-31 11:09"}
2023-12-08 00:19:13 查询号码 【1811911】，GSD为【"新疆-乌鲁木齐"】

2023-12-08 00:19:14 开始第 2010 次操作

2023-12-08 00:19:14 开始操作号码 【1811912】
2023-12-08 00:19:18 GSD getOne 第 1 次 等待 3 秒
2023-12-08 00:19:21 查询号码 【1811912】，返回信息 {"status":"ok","msg":"新疆-乌鲁木齐","gid":"455192","time_insert":"2021-07-31 11:09"}
2023-12-08 00:19:21 查询号码 【1811912】，GSD为【"新疆-乌鲁木齐"】

2023-12-08 00:19:22 开始第 2011 次操作

2023-12-08 00:19:22 开始操作号码 【1811913】
2023-12-08 00:19:27 GSD getOne 第 1 次 等待 3 秒
2023-12-08 00:19:30 查询号码 【1811913】，返回信息 {"status":"ok","msg":"新疆-乌鲁木齐","gid":"455175","time_insert":"2021-07-31 11:07"}
2023-12-08 00:19:30 查询号码 【1811913】，GSD为【"新疆-乌鲁木齐"】

2023-12-08 00:19:31 开始第 2012 次操作

2023-12-08 00:19:31 开始操作号码 【1811914】
2023-12-08 00:19:35 GSD getOne 第 1 次 等待 3 秒
2023-12-08 00:19:38 查询号码 【1811914】，返回信息 {"status":"ok","msg":"新疆-乌鲁木齐","gid":"455169","time_insert":"2021-07-31 11:07"}
2023-12-08 00:19:38 查询号码 【1811914】，GSD为【"新疆-乌鲁木齐"】

2023-12-08 00:41:22 开始第 2013 次操作

2023-12-08 00:41:22 开始操作号码 【1811915】
2023-12-08 00:41:26 GSD getOne 第 1 次 等待 3 秒
2023-12-08 00:41:29 查询号码 【1811915】，返回信息 {"status":"ok","msg":"新疆-乌鲁木齐","gid":"455159","time_insert":"2021-07-31 11:06"}
2023-12-08 00:41:29 查询号码 【1811915】，GSD为【"新疆-乌鲁木齐"】

2023-12-08 00:41:30 开始第 2014 次操作

2023-12-08 00:41:30 开始操作号码 【1811916】
2023-12-08 00:41:34 GSD getOne 第 1 次 等待 3 秒
2023-12-08 00:41:37 查询号码 【1811916】，返回信息 {"status":"ok","msg":"新疆-乌鲁木齐","gid":"455147","time_insert":"2021-07-31 11:05"}
2023-12-08 00:41:38 查询号码 【1811916】，GSD为【"新疆-乌鲁木齐"】

2023-12-08 00:41:39 开始第 2015 次操作

2023-12-08 00:41:39 开始操作号码 【1811917】
2023-12-08 00:41:42 GSD getOne 第 1 次 等待 3 秒
2023-12-08 00:41:45 查询号码 【1811917】，返回信息 {"status":"ok","msg":"新疆-乌鲁木齐","gid":"455138","time_insert":"2021-07-31 11:05"}
2023-12-08 00:41:45 查询号码 【1811917】，GSD为【"新疆-乌鲁木齐"】

2023-12-08 00:41:46 开始第 2016 次操作

2023-12-08 00:41:46 开始操作号码 【1811918】
2023-12-08 00:41:50 GSD getOne 第 1 次 等待 3 秒
2023-12-08 00:41:53 查询号码 【1811918】，返回信息 {"status":"ok","msg":"新疆-乌鲁木齐","gid":"455128","time_insert":"2021-07-31 11:04"}
2023-12-08 00:41:53 查询号码 【1811918】，GSD为【"新疆-乌鲁木齐"】

