2021-07-20 00:00:02 开始第 15 次操作

2021-07-20 00:00:02 开始操作号码 【1679346】
2021-07-20 00:00:11 GSD getOne 第 1 次 等待 3 秒
2021-07-20 00:00:14 查询号码 【1679346】，返回信息 {"status":"bad","msg":""}
2021-07-20 00:00:14 查询号码 【1679346】，GSD为【""】
2021-07-20 00:00:14 bad
2021-07-20 00:00:15 CHB 1679346?1626710414 第 1 次 等待 3 秒
2021-07-20 00:00:18 CHB 1679346?1626710414 第 1 次 获取到号码【1679346】GSD
2021-07-20 00:00:18 获取到号码【1679346】的GSD为【辽宁-盘锦】
2021-07-20 00:00:37 GSD insert 第 1 次 等待 3 秒
2021-07-20 00:00:40 {"status":"ok","gid":331090,"msg":"添加成功！"}
2021-07-20 00:00:40 下次操作: 2021-07-20 00:00:57

2021-07-20 00:00:57 开始第 16 次操作

2021-07-20 00:00:57 开始操作号码 【1679347】
2021-07-20 00:01:00 GSD getOne 第 1 次 等待 3 秒
2021-07-20 00:01:03 查询号码 【1679347】，返回信息 {"status":"bad","msg":""}
2021-07-20 00:01:03 查询号码 【1679347】，GSD为【""】
2021-07-20 00:01:03 bad
2021-07-20 00:01:05 CHB 1679347?1626710463 第 1 次 等待 3 秒
2021-07-20 00:01:08 CHB 1679347?1626710463 第 1 次 获取到号码【1679347】GSD
2021-07-20 00:01:08 获取到号码【1679347】的GSD为【辽宁-盘锦】
2021-07-20 00:02:15 GSD insert 第 1 次 等待 3 秒
2021-07-20 00:02:18 {"status":"ok","gid":331111,"msg":"添加成功！"}
2021-07-20 00:02:18 下次操作: 2021-07-20 00:02:33

2021-07-20 00:02:33 开始第 17 次操作

2021-07-20 00:02:33 开始操作号码 【1679348】
2021-07-20 00:02:36 GSD getOne 第 1 次 等待 3 秒
2021-07-20 00:02:39 查询号码 【1679348】，返回信息 {"status":"bad","msg":""}
2021-07-20 00:02:39 查询号码 【1679348】，GSD为【""】
2021-07-20 00:02:39 bad
2021-07-20 00:02:41 CHB 1679348?1626710559 第 1 次 等待 3 秒
2021-07-20 00:02:44 CHB 1679348?1626710559 第 1 次 获取到号码【1679348】GSD
2021-07-20 00:02:44 获取到号码【1679348】的GSD为【辽宁-盘锦】
2021-07-20 00:03:03 GSD insert 第 1 次 等待 3 秒
2021-07-20 00:03:06 {"status":"ok","gid":331121,"msg":"添加成功！"}
2021-07-20 00:03:06 下次操作: 2021-07-20 00:03:20

2021-07-20 00:03:20 开始第 18 次操作

2021-07-20 00:03:20 开始操作号码 【1679349】
2021-07-20 00:03:23 GSD getOne 第 1 次 等待 3 秒
2021-07-20 00:03:26 查询号码 【1679349】，返回信息 {"status":"bad","msg":""}
2021-07-20 00:03:26 查询号码 【1679349】，GSD为【""】
2021-07-20 00:03:26 bad
2021-07-20 00:03:28 CHB 1679349?1626710606 第 1 次 等待 3 秒
2021-07-20 00:03:31 CHB 1679349?1626710606 第 1 次 获取到号码【1679349】GSD
2021-07-20 00:03:31 获取到号码【1679349】的GSD为【山西-朔州】
2021-07-20 00:03:50 GSD insert 第 1 次 等待 3 秒
2021-07-20 00:03:53 {"status":"ok","gid":331130,"msg":"添加成功！"}
2021-07-20 00:03:53 下次操作: 2021-07-20 00:04:14

2021-07-20 00:04:14 开始第 19 次操作

2021-07-20 00:04:14 开始操作号码 【1679350】
2021-07-20 00:04:19 GSD getOne 第 1 次 等待 3 秒
2021-07-20 00:04:22 查询号码 【1679350】，返回信息 {"status":"bad","msg":""}
2021-07-20 00:04:22 查询号码 【1679350】，GSD为【""】
2021-07-20 00:04:22 bad
2021-07-20 00:04:23 CHB 1679350?1626710662 第 1 次 等待 3 秒
2021-07-20 00:04:26 CHB 1679350?1626710662 第 1 次 获取到号码【1679350】GSD
2021-07-20 00:04:26 获取到号码【1679350】的GSD为【山西-忻州】
2021-07-20 00:04:49 GSD insert 第 1 次 等待 3 秒
2021-07-20 00:04:52 {"status":"ok","gid":331145,"msg":"添加成功！"}
2021-07-20 00:04:52 下次操作: 2021-07-20 00:05:05

2021-07-20 00:05:05 开始第 20 次操作

2021-07-20 00:05:05 开始操作号码 【1679351】
2021-07-20 00:05:13 GSD getOne 第 1 次 等待 3 秒
2021-07-20 00:05:16 查询号码 【1679351】，返回信息 {"status":"bad","msg":""}
2021-07-20 00:05:16 查询号码 【1679351】，GSD为【""】
2021-07-20 00:05:16 bad
2021-07-20 00:05:18 CHB 1679351?1626710716 第 1 次 等待 3 秒
2021-07-20 00:05:21 CHB 1679351?1626710716 第 1 次 获取到号码【1679351】GSD
2021-07-20 00:05:21 获取到号码【1679351】的GSD为【山西-太原】
2021-07-20 00:05:31 GSD insert 第 1 次 等待 3 秒
2021-07-20 00:05:34 {"status":"ok","gid":331154,"msg":"添加成功！"}
2021-07-20 00:05:34 下次操作: 2021-07-20 00:05:49

2021-07-20 00:05:49 开始第 21 次操作

2021-07-20 00:05:49 开始操作号码 【1679352】
2021-07-20 00:05:53 GSD getOne 第 1 次 等待 3 秒
2021-07-20 00:05:56 查询号码 【1679352】，返回信息 {"status":"bad","msg":""}
2021-07-20 00:05:56 查询号码 【1679352】，GSD为【""】
2021-07-20 00:05:56 bad
2021-07-20 00:05:57 CHB 1679352?1626710756 第 1 次 等待 3 秒
2021-07-20 00:06:00 CHB 1679352?1626710756 第 1 次 获取到号码【1679352】GSD
2021-07-20 00:06:00 获取到号码【1679352】的GSD为【山西-大同】
2021-07-20 00:06:19 GSD insert 第 1 次 等待 3 秒
2021-07-20 00:06:22 {"status":"ok","gid":331163,"msg":"添加成功！"}
2021-07-20 00:06:22 下次操作: 2021-07-20 00:06:36

2021-07-20 00:06:36 开始第 22 次操作

2021-07-20 00:06:36 开始操作号码 【1679353】
2021-07-20 00:06:43 GSD getOne 第 1 次 等待 3 秒
2021-07-20 00:06:46 查询号码 【1679353】，返回信息 {"status":"bad","msg":""}
2021-07-20 00:06:46 查询号码 【1679353】，GSD为【""】
2021-07-20 00:06:46 bad
2021-07-20 00:06:52 CHB 1679353?1626710806 第 1 次 等待 3 秒
2021-07-20 00:06:55 CHB 1679353?1626710806 第 1 次 获取到号码【1679353】GSD
2021-07-20 00:06:55 获取到号码【1679353】的GSD为【山西-阳泉】
2021-07-20 00:07:09 GSD insert 第 1 次 等待 3 秒
2021-07-20 00:07:12 {"status":"ok","gid":331175,"msg":"添加成功！"}
2021-07-20 00:07:12 下次操作: 2021-07-20 00:07:34

2021-07-20 00:07:34 开始第 23 次操作

2021-07-20 00:07:34 开始操作号码 【1679354】
2021-07-20 00:07:38 GSD getOne 第 1 次 等待 3 秒
2021-07-20 00:07:41 查询号码 【1679354】，返回信息 {"status":"bad","msg":""}
2021-07-20 00:07:41 查询号码 【1679354】，GSD为【""】
2021-07-20 00:07:41 bad
2021-07-20 00:07:43 CHB 1679354?1626710861 第 1 次 等待 3 秒
2021-07-20 00:07:46 CHB 1679354?1626710861 第 1 次 获取到号码【1679354】GSD
2021-07-20 00:07:46 获取到号码【1679354】的GSD为【山西-晋中】
2021-07-20 00:08:21 GSD insert 第 1 次 等待 3 秒
2021-07-20 00:08:24 {"status":"ok","gid":331194,"msg":"添加成功！"}
2021-07-20 00:08:24 下次操作: 2021-07-20 00:08:43

2021-07-20 00:08:43 开始第 24 次操作

2021-07-20 00:08:43 开始操作号码 【1679355】
2021-07-20 00:08:48 GSD getOne 第 1 次 等待 3 秒
2021-07-20 00:08:51 查询号码 【1679355】，返回信息 {"status":"bad","msg":""}
2021-07-20 00:08:51 查询号码 【1679355】，GSD为【""】
2021-07-20 00:08:51 bad
2021-07-20 00:08:52 CHB 1679355?1626710931 第 1 次 等待 3 秒
2021-07-20 00:08:55 CHB 1679355?1626710931 第 1 次 获取到号码【1679355】GSD
2021-07-20 00:08:55 获取到号码【1679355】的GSD为【山西-长治】
2021-07-20 00:09:16 GSD insert 第 1 次 等待 3 秒
2021-07-20 00:09:19 {"status":"ok","gid":331204,"msg":"添加成功！"}
2021-07-20 00:09:19 下次操作: 2021-07-20 00:09:36

2021-07-20 00:09:36 开始第 25 次操作

2021-07-20 00:09:36 开始操作号码 【1679356】
2021-07-20 00:10:01 GSD getOne 第 1 次 等待 3 秒
2021-07-20 00:10:04 查询号码 【1679356】，返回信息 {"status":"bad","msg":""}
2021-07-20 00:10:04 查询号码 【1679356】，GSD为【""】
2021-07-20 00:10:04 bad
2021-07-20 00:10:06 CHB 1679356?1626711004 第 1 次 等待 3 秒
2021-07-20 00:10:09 CHB 1679356?1626711004 第 1 次 获取到号码【1679356】GSD
2021-07-20 00:10:09 获取到号码【1679356】的GSD为【山西-晋城】
2021-07-20 00:10:44 GSD insert 第 1 次 等待 3 秒
2021-07-20 00:10:47 {"status":"ok","gid":331220,"msg":"添加成功！"}
2021-07-20 00:10:47 下次操作: 2021-07-20 00:11:11

2021-07-20 00:11:11 开始第 26 次操作

2021-07-20 00:11:11 开始操作号码 【1679357】
2021-07-20 00:11:14 GSD getOne 第 1 次 等待 3 秒
2021-07-20 00:11:17 查询号码 【1679357】，返回信息 {"status":"bad","msg":""}
2021-07-20 00:11:17 查询号码 【1679357】，GSD为【""】
2021-07-20 00:11:17 bad
2021-07-20 00:11:19 CHB 1679357?1626711077 第 1 次 等待 3 秒
2021-07-20 00:11:22 CHB 1679357?1626711077 第 1 次 获取到号码【1679357】GSD
2021-07-20 00:11:22 获取到号码【1679357】的GSD为【山西-临汾】
2021-07-20 00:11:40 GSD insert 第 1 次 等待 3 秒
2021-07-20 00:11:43 {"status":"ok","gid":331229,"msg":"添加成功！"}
2021-07-20 00:11:43 下次操作: 2021-07-20 00:11:55

2021-07-20 00:11:55 开始第 27 次操作

2021-07-20 00:11:55 开始操作号码 【1679358】
2021-07-20 00:12:02 GSD getOne 第 1 次 等待 3 秒
2021-07-20 00:12:05 查询号码 【1679358】，返回信息 {"status":"bad","msg":""}
2021-07-20 00:12:05 查询号码 【1679358】，GSD为【""】
2021-07-20 00:12:05 bad
2021-07-20 00:12:10 CHB 1679358?1626711125 第 1 次 等待 3 秒
2021-07-20 00:12:13 CHB 1679358?1626711125 第 1 次 获取到号码【1679358】GSD
2021-07-20 00:12:14 获取到号码【1679358】的GSD为【山西-吕梁】
2021-07-20 00:12:34 GSD insert 第 1 次 等待 3 秒
2021-07-20 00:12:37 {"status":"ok","gid":331239,"msg":"添加成功！"}
2021-07-20 00:12:37 下次操作: 2021-07-20 00:12:55

2021-07-20 00:12:55 开始第 28 次操作

2021-07-20 00:12:55 开始操作号码 【1679359】
2021-07-20 00:12:58 GSD getOne 第 1 次 等待 3 秒
2021-07-20 00:13:01 查询号码 【1679359】，返回信息 {"status":"bad","msg":""}
2021-07-20 00:13:01 查询号码 【1679359】，GSD为【""】
2021-07-20 00:13:01 bad
2021-07-20 00:13:03 CHB 1679359?1626711181 第 1 次 等待 3 秒
2021-07-20 00:13:06 CHB 1679359?1626711181 第 1 次 获取到号码【1679359】GSD
2021-07-20 00:13:06 获取到号码【1679359】的GSD为【山西-运城】
2021-07-20 00:13:40 GSD insert 第 1 次 等待 3 秒
2021-07-20 00:13:43 {"status":"ok","gid":331250,"msg":"添加成功！"}
2021-07-20 00:13:43 下次操作: 2021-07-20 00:14:02

2021-07-20 00:14:02 开始第 29 次操作

2021-07-20 00:14:02 开始操作号码 【1679360】
2021-07-20 00:14:06 GSD getOne 第 1 次 等待 3 秒
2021-07-20 00:14:09 查询号码 【1679360】，返回信息 {"status":"bad","msg":""}
2021-07-20 00:14:09 查询号码 【1679360】，GSD为【""】
2021-07-20 00:14:09 bad
2021-07-20 00:14:10 CHB 1679360?1626711249 第 1 次 等待 3 秒
2021-07-20 00:14:13 CHB 1679360?1626711249 第 1 次 获取到号码【1679360】GSD
2021-07-20 00:14:13 获取到号码【1679360】的GSD为【辽宁-盘锦】
2021-07-20 00:14:31 GSD insert 第 1 次 等待 3 秒
2021-07-20 00:14:34 {"status":"ok","gid":331257,"msg":"添加成功！"}
2021-07-20 00:14:34 下次操作: 2021-07-20 00:14:57

2021-07-20 00:14:57 开始第 30 次操作

2021-07-20 00:14:57 开始操作号码 【1679361】
2021-07-20 00:15:02 GSD getOne 第 1 次 等待 3 秒
2021-07-20 00:15:05 查询号码 【1679361】，返回信息 {"status":"bad","msg":""}
2021-07-20 00:15:05 查询号码 【1679361】，GSD为【""】
2021-07-20 00:15:05 bad
2021-07-20 00:15:07 CHB 1679361?1626711305 第 1 次 等待 3 秒
2021-07-20 00:15:10 CHB 1679361?1626711305 第 1 次 获取到号码【1679361】GSD
2021-07-20 00:15:10 获取到号码【1679361】的GSD为【辽宁-盘锦】
2021-07-20 00:15:13 GSD insert 第 1 次 等待 3 秒
2021-07-20 00:15:16 {"status":"ok","gid":331264,"msg":"添加成功！"}
2021-07-20 00:15:16 下次操作: 2021-07-20 00:15:35

2021-07-20 00:15:35 开始第 31 次操作

2021-07-20 00:15:35 开始操作号码 【1679362】
2021-07-20 00:15:38 GSD getOne 第 1 次 等待 3 秒
2021-07-20 00:15:41 查询号码 【1679362】，返回信息 {"status":"bad","msg":""}
2021-07-20 00:15:41 查询号码 【1679362】，GSD为【""】
2021-07-20 00:15:41 bad
2021-07-20 00:15:43 CHB 1679362?1626711341 第 1 次 等待 3 秒
2021-07-20 00:15:46 CHB 1679362?1626711341 第 1 次 获取到号码【1679362】GSD
2021-07-20 00:15:46 获取到号码【1679362】的GSD为【辽宁-盘锦】
2021-07-20 00:15:54 GSD insert 第 1 次 等待 3 秒
2021-07-20 00:15:57 {"status":"ok","gid":331269,"msg":"添加成功！"}
2021-07-20 00:15:57 下次操作: 2021-07-20 00:16:12

2021-07-20 00:16:12 开始第 32 次操作

2021-07-20 00:16:12 开始操作号码 【1679363】
2021-07-20 00:16:17 GSD getOne 第 1 次 等待 3 秒
2021-07-20 00:16:20 查询号码 【1679363】，返回信息 {"status":"bad","msg":""}
2021-07-20 00:16:20 查询号码 【1679363】，GSD为【""】
2021-07-20 00:16:20 bad
2021-07-20 00:16:22 CHB 1679363?1626711380 第 1 次 等待 3 秒
2021-07-20 00:16:25 CHB 1679363?1626711380 第 1 次 获取到号码【1679363】GSD
2021-07-20 00:16:25 获取到号码【1679363】的GSD为【辽宁-葫芦岛】
2021-07-20 00:16:29 GSD insert 第 1 次 等待 3 秒
2021-07-20 00:16:32 {"status":"ok","gid":331275,"msg":"添加成功！"}
2021-07-20 00:16:32 下次操作: 2021-07-20 00:16:53

2021-07-20 00:16:53 开始第 33 次操作

2021-07-20 00:16:53 开始操作号码 【1679364】
2021-07-20 00:17:07 GSD getOne 第 1 次 等待 3 秒
2021-07-20 00:17:10 查询号码 【1679364】，返回信息 {"status":"bad","msg":""}
2021-07-20 00:17:10 查询号码 【1679364】，GSD为【""】
2021-07-20 00:17:10 bad
2021-07-20 00:17:12 CHB 1679364?1626711430 第 1 次 等待 3 秒
2021-07-20 00:17:15 CHB 1679364?1626711430 第 1 次 获取到号码【1679364】GSD
2021-07-20 00:17:15 获取到号码【1679364】的GSD为【辽宁-葫芦岛】
2021-07-20 00:17:18 GSD insert 第 1 次 等待 3 秒
2021-07-20 00:17:21 {"status":"ok","gid":331278,"msg":"添加成功！"}
2021-07-20 00:17:21 下次操作: 2021-07-20 00:17:38

2021-07-20 00:17:38 开始第 34 次操作

2021-07-20 00:17:38 开始操作号码 【1679365】
2021-07-20 00:17:41 GSD getOne 第 1 次 等待 3 秒
2021-07-20 00:17:44 查询号码 【1679365】，返回信息 {"status":"bad","msg":""}
2021-07-20 00:17:44 查询号码 【1679365】，GSD为【""】
2021-07-20 00:17:44 bad
2021-07-20 00:17:46 CHB 1679365?1626711464 第 1 次 等待 3 秒
2021-07-20 00:17:49 CHB 1679365?1626711464 第 1 次 获取到号码【1679365】GSD
2021-07-20 00:17:49 获取到号码【1679365】的GSD为【辽宁-葫芦岛】
2021-07-20 00:17:55 GSD insert 第 1 次 等待 3 秒
2021-07-20 00:17:58 {"status":"ok","gid":331280,"msg":"添加成功！"}
2021-07-20 00:17:58 下次操作: 2021-07-20 00:18:16

2021-07-20 00:18:16 开始第 35 次操作

2021-07-20 00:18:16 开始操作号码 【1679366】
2021-07-20 00:18:21 GSD getOne 第 1 次 等待 3 秒
2021-07-20 00:18:24 查询号码 【1679366】，返回信息 {"status":"bad","msg":""}
2021-07-20 00:18:24 查询号码 【1679366】，GSD为【""】
2021-07-20 00:18:24 bad
2021-07-20 00:18:26 CHB 1679366?1626711504 第 1 次 等待 3 秒
2021-07-20 00:18:29 CHB 1679366?1626711504 第 1 次 获取到号码【1679366】GSD
2021-07-20 00:18:29 获取到号码【1679366】的GSD为【辽宁-葫芦岛】
2021-07-20 00:18:32 GSD insert 第 1 次 等待 3 秒
2021-07-20 00:18:35 {"status":"ok","gid":331282,"msg":"添加成功！"}
2021-07-20 00:18:35 下次操作: 2021-07-20 00:18:48

2021-07-20 00:18:48 开始第 36 次操作

2021-07-20 00:18:48 开始操作号码 【1679367】
2021-07-20 00:18:54 GSD getOne 第 1 次 等待 3 秒
2021-07-20 00:18:57 查询号码 【1679367】，返回信息 {"status":"bad","msg":""}
2021-07-20 00:18:57 查询号码 【1679367】，GSD为【""】
2021-07-20 00:18:57 bad
2021-07-20 00:18:58 CHB 1679367?1626711537 第 1 次 等待 3 秒
2021-07-20 00:19:01 CHB 1679367?1626711537 第 1 次 获取到号码【1679367】GSD
2021-07-20 00:19:01 获取到号码【1679367】的GSD为【辽宁-葫芦岛】
2021-07-20 00:19:05 GSD insert 第 1 次 等待 3 秒
2021-07-20 00:19:08 {"status":"ok","gid":331284,"msg":"添加成功！"}
2021-07-20 00:19:08 下次操作: 2021-07-20 00:19:21

2021-07-20 00:19:21 开始第 37 次操作

2021-07-20 00:19:21 开始操作号码 【1679368】
2021-07-20 00:19:24 GSD getOne 第 1 次 等待 3 秒
2021-07-20 00:19:27 查询号码 【1679368】，返回信息 {"status":"bad","msg":""}
2021-07-20 00:19:27 查询号码 【1679368】，GSD为【""】
2021-07-20 00:19:27 bad
2021-07-20 00:19:29 CHB 1679368?1626711567 第 1 次 等待 3 秒
2021-07-20 00:19:32 CHB 1679368?1626711567 第 1 次 获取到号码【1679368】GSD
2021-07-20 00:19:32 获取到号码【1679368】的GSD为【辽宁-葫芦岛】
2021-07-20 00:19:36 GSD insert 第 1 次 等待 3 秒
2021-07-20 00:19:39 {"status":"ok","gid":331285,"msg":"添加成功！"}
2021-07-20 00:19:39 下次操作: 2021-07-20 00:20:00

2021-07-20 00:20:00 开始第 38 次操作

2021-07-20 00:20:00 开始操作号码 【1679369】
2021-07-20 00:20:03 GSD getOne 第 1 次 等待 3 秒
2021-07-20 00:20:06 查询号码 【1679369】，返回信息 {"status":"bad","msg":""}
2021-07-20 00:20:06 查询号码 【1679369】，GSD为【""】
2021-07-20 00:20:06 bad
2021-07-20 00:20:08 CHB 1679369?1626711606 第 1 次 等待 3 秒
2021-07-20 00:20:11 CHB 1679369?1626711606 第 1 次 获取到号码【1679369】GSD
2021-07-20 00:20:11 获取到号码【1679369】的GSD为【辽宁-葫芦岛】
2021-07-20 00:20:15 GSD insert 第 1 次 等待 3 秒
2021-07-20 00:20:18 {"status":"ok","gid":331286,"msg":"添加成功！"}
2021-07-20 00:20:18 下次操作: 2021-07-20 00:20:31

2021-07-20 00:20:31 开始第 39 次操作

2021-07-20 00:20:31 开始操作号码 【1679370】
2021-07-20 00:20:38 GSD getOne 第 1 次 等待 3 秒
2021-07-20 00:20:41 查询号码 【1679370】，返回信息 {"status":"bad","msg":""}
2021-07-20 00:20:41 查询号码 【1679370】，GSD为【""】
2021-07-20 00:20:41 bad
2021-07-20 00:20:43 CHB 1679370?1626711641 第 1 次 等待 3 秒
2021-07-20 00:20:46 CHB 1679370?1626711641 第 1 次 获取到号码【1679370】GSD
2021-07-20 00:20:46 获取到号码【1679370】的GSD为【河南-商丘】
2021-07-20 00:20:49 GSD insert 第 1 次 等待 3 秒
2021-07-20 00:20:52 {"status":"ok","gid":331289,"msg":"添加成功！"}
2021-07-20 00:20:52 下次操作: 2021-07-20 00:21:08

2021-07-20 00:21:08 开始第 40 次操作

2021-07-20 00:21:08 开始操作号码 【1679371】
2021-07-20 00:21:13 GSD getOne 第 1 次 等待 3 秒
2021-07-20 00:21:16 查询号码 【1679371】，返回信息 {"status":"bad","msg":""}
2021-07-20 00:21:17 查询号码 【1679371】，GSD为【""】
2021-07-20 00:21:17 bad
2021-07-20 00:21:18 CHB 1679371?1626711677 第 1 次 等待 3 秒
2021-07-20 00:21:21 CHB 1679371?1626711677 第 1 次 获取到号码【1679371】GSD
2021-07-20 00:21:21 获取到号码【1679371】的GSD为【河南-郑州】
2021-07-20 00:21:31 GSD insert 第 1 次 等待 3 秒
2021-07-20 00:21:34 {"status":"ok","gid":331292,"msg":"添加成功！"}

2021-07-20 01:01:23 开始第 1 次操作

2021-07-20 01:01:23 开始操作号码 【1679372】
2021-07-20 01:01:28 GSD getOne 第 1 次 等待 3 秒
2021-07-20 01:01:31 查询号码 【1679372】，返回信息 {"status":"bad","msg":""}
2021-07-20 01:01:31 查询号码 【1679372】，GSD为【""】
2021-07-20 01:01:31 bad
2021-07-20 01:01:32 CHB 1679372?1626714091 第 1 次 等待 3 秒
2021-07-20 01:01:35 CHB 1679372?1626714091 第 1 次 获取到号码【1679372】GSD
2021-07-20 01:01:36 获取到号码【1679372】的GSD为【河南-安阳】
2021-07-20 01:01:46 GSD insert 第 1 次 等待 3 秒
2021-07-20 01:01:49 {"status":"ok","gid":331368,"msg":"添加成功！"}
2021-07-20 01:01:49 下次操作: 2021-07-20 01:02:12

2021-07-20 01:02:12 开始第 2 次操作

2021-07-20 01:02:12 开始操作号码 【1679373】
2021-07-20 01:02:22 GSD getOne 第 1 次 等待 3 秒
2021-07-20 01:02:25 查询号码 【1679373】，返回信息 {"status":"bad","msg":""}
2021-07-20 01:02:25 查询号码 【1679373】，GSD为【""】
2021-07-20 01:02:25 bad
2021-07-20 01:02:29 CHB 1679373?1626714145 第 1 次 等待 3 秒
2021-07-20 01:02:32 CHB 1679373?1626714145 第 1 次 获取到号码【1679373】GSD
2021-07-20 01:02:32 获取到号码【1679373】的GSD为【河南-新乡】
2021-07-20 01:02:37 GSD insert 第 1 次 等待 3 秒
2021-07-20 01:02:40 {"status":"ok","gid":331371,"msg":"添加成功！"}
2021-07-20 01:02:40 下次操作: 2021-07-20 01:03:02

2021-07-20 01:03:03 开始第 3 次操作

2021-07-20 01:03:03 开始操作号码 【1679374】
2021-07-20 01:03:06 GSD getOne 第 1 次 等待 3 秒
2021-07-20 01:03:09 查询号码 【1679374】，返回信息 {"status":"bad","msg":""}
2021-07-20 01:03:09 查询号码 【1679374】，GSD为【""】
2021-07-20 01:03:09 bad
2021-07-20 01:03:11 CHB 1679374?1626714189 第 1 次 等待 3 秒
2021-07-20 01:03:14 CHB 1679374?1626714189 第 1 次 获取到号码【1679374】GSD
2021-07-20 01:03:14 获取到号码【1679374】的GSD为【河南-许昌】
2021-07-20 01:03:18 GSD insert 第 1 次 等待 3 秒
2021-07-20 01:03:21 {"status":"ok","gid":331376,"msg":"添加成功！"}
2021-07-20 01:03:21 下次操作: 2021-07-20 01:03:44

2021-07-20 01:03:44 开始第 4 次操作

2021-07-20 01:03:44 开始操作号码 【1679375】
2021-07-20 01:03:48 GSD getOne 第 1 次 等待 3 秒
2021-07-20 01:03:51 查询号码 【1679375】，返回信息 {"status":"bad","msg":""}
2021-07-20 01:03:51 查询号码 【1679375】，GSD为【""】
2021-07-20 01:03:51 bad
2021-07-20 01:03:53 CHB 1679375?1626714231 第 1 次 等待 3 秒
2021-07-20 01:03:56 CHB 1679375?1626714231 第 1 次 获取到号码【1679375】GSD
2021-07-20 01:03:56 获取到号码【1679375】的GSD为【河南-平顶山】
2021-07-20 01:03:59 GSD insert 第 1 次 等待 3 秒
2021-07-20 01:04:02 {"status":"ok","gid":331384,"msg":"添加成功！"}
2021-07-20 01:04:02 下次操作: 2021-07-20 01:04:21

2021-07-20 01:04:21 开始第 5 次操作

2021-07-20 01:04:21 开始操作号码 【1679376】
2021-07-20 01:04:25 GSD getOne 第 1 次 等待 3 秒
2021-07-20 01:04:28 查询号码 【1679376】，返回信息 {"status":"bad","msg":""}
2021-07-20 01:04:28 查询号码 【1679376】，GSD为【""】
2021-07-20 01:04:28 bad
2021-07-20 01:04:30 CHB 1679376?1626714268 第 1 次 等待 3 秒
2021-07-20 01:04:33 CHB 1679376?1626714268 第 1 次 获取到号码【1679376】GSD
2021-07-20 01:04:33 获取到号码【1679376】的GSD为【河南-信阳】
2021-07-20 01:04:36 GSD insert 第 1 次 等待 3 秒
2021-07-20 01:04:39 {"status":"ok","gid":331393,"msg":"添加成功！"}
2021-07-20 01:04:39 下次操作: 2021-07-20 01:04:53

2021-07-20 01:04:53 开始第 6 次操作

2021-07-20 01:04:53 开始操作号码 【1679377】
2021-07-20 01:04:55 GSD getOne 第 1 次 等待 3 秒
2021-07-20 01:04:58 查询号码 【1679377】，返回信息 {"status":"bad","msg":""}
2021-07-20 01:04:59 查询号码 【1679377】，GSD为【""】
2021-07-20 01:04:59 bad
2021-07-20 01:05:05 CHB 1679377?1626714299 第 1 次 等待 3 秒
2021-07-20 01:05:08 CHB 1679377?1626714299 第 1 次 获取到号码【1679377】GSD
2021-07-20 01:05:08 获取到号码【1679377】的GSD为【河南-南阳】
2021-07-20 01:05:21 GSD insert 第 1 次 等待 3 秒
2021-07-20 01:05:24 {"status":"ok","gid":331401,"msg":"添加成功！"}
2021-07-20 01:05:24 下次操作: 2021-07-20 01:05:42

2021-07-20 01:05:42 开始第 7 次操作

2021-07-20 01:05:42 开始操作号码 【1679378】
2021-07-20 01:05:51 GSD getOne 第 1 次 等待 3 秒
2021-07-20 01:05:54 查询号码 【1679378】，返回信息 {"status":"bad","msg":""}
2021-07-20 01:05:54 查询号码 【1679378】，GSD为【""】
2021-07-20 01:05:54 bad
2021-07-20 01:05:56 CHB 1679378?1626714354 第 1 次 等待 3 秒
2021-07-20 01:05:59 CHB 1679378?1626714354 第 1 次 获取到号码【1679378】GSD
2021-07-20 01:05:59 获取到号码【1679378】的GSD为【辽宁-葫芦岛】
2021-07-20 01:06:02 GSD insert 第 1 次 等待 3 秒
2021-07-20 01:06:05 {"status":"ok","gid":331405,"msg":"添加成功！"}
2021-07-20 01:06:05 下次操作: 2021-07-20 01:06:19

2021-07-20 01:06:19 开始第 8 次操作

2021-07-20 01:06:19 开始操作号码 【1679379】
2021-07-20 01:06:30 GSD getOne 第 1 次 等待 3 秒
2021-07-20 01:06:33 查询号码 【1679379】，返回信息 {"status":"bad","msg":""}
2021-07-20 01:06:33 查询号码 【1679379】，GSD为【""】
2021-07-20 01:06:33 bad
2021-07-20 01:06:35 CHB 1679379?1626714393 第 1 次 等待 3 秒
2021-07-20 01:06:38 CHB 1679379?1626714393 第 1 次 获取到号码【1679379】GSD
2021-07-20 01:06:38 获取到号码【1679379】的GSD为【河南-洛阳】
2021-07-20 01:06:42 GSD insert 第 1 次 等待 3 秒
2021-07-20 01:06:45 {"status":"ok","gid":331413,"msg":"添加成功！"}
2021-07-20 01:06:45 下次操作: 2021-07-20 01:06:57

2021-07-20 01:06:58 开始第 9 次操作

2021-07-20 01:06:58 开始操作号码 【1679380】
2021-07-20 01:07:05 GSD getOne 第 1 次 等待 3 秒
2021-07-20 01:07:08 查询号码 【1679380】，返回信息 {"status":"bad","msg":""}
2021-07-20 01:07:08 查询号码 【1679380】，GSD为【""】
2021-07-20 01:07:08 bad
2021-07-20 01:07:10 CHB 1679380?1626714428 第 1 次 等待 3 秒
2021-07-20 01:07:13 CHB 1679380?1626714428 第 1 次 获取到号码【1679380】GSD
2021-07-20 01:07:13 获取到号码【1679380】的GSD为【辽宁-葫芦岛】
2021-07-20 01:07:16 GSD insert 第 1 次 等待 3 秒
2021-07-20 01:07:19 {"status":"ok","gid":331422,"msg":"添加成功！"}
2021-07-20 01:07:19 下次操作: 2021-07-20 01:07:39

2021-07-20 01:07:39 开始第 10 次操作

2021-07-20 01:07:39 开始操作号码 【1679381】
2021-07-20 01:07:45 GSD getOne 第 1 次 等待 3 秒
2021-07-20 01:07:48 查询号码 【1679381】，返回信息 {"status":"bad","msg":""}
2021-07-20 01:07:48 查询号码 【1679381】，GSD为【""】
2021-07-20 01:07:48 bad
2021-07-20 01:07:50 CHB 1679381?1626714468 第 1 次 等待 3 秒
2021-07-20 01:07:53 CHB 1679381?1626714468 第 1 次 获取到号码【1679381】GSD
2021-07-20 01:07:53 获取到号码【1679381】的GSD为【辽宁-葫芦岛】
2021-07-20 01:07:59 GSD insert 第 1 次 等待 3 秒
2021-07-20 01:08:02 {"status":"ok","gid":331430,"msg":"添加成功！"}
2021-07-20 01:08:02 下次操作: 2021-07-20 01:08:20

2021-07-20 01:08:20 开始第 11 次操作

2021-07-20 01:08:20 开始操作号码 【1679382】
2021-07-20 01:08:23 GSD getOne 第 1 次 等待 3 秒
2021-07-20 01:08:26 查询号码 【1679382】，返回信息 {"status":"bad","msg":""}
2021-07-20 01:08:26 查询号码 【1679382】，GSD为【""】
2021-07-20 01:08:26 bad
2021-07-20 01:08:39 CHB 1679382?1626714506 第 1 次 等待 3 秒
2021-07-20 01:08:42 CHB 1679382?1626714506 第 1 次 获取到号码【1679382】GSD
2021-07-20 01:08:42 获取到号码【1679382】的GSD为【辽宁-葫芦岛】
2021-07-20 01:08:50 GSD insert 第 1 次 等待 3 秒
2021-07-20 01:08:53 {"status":"ok","gid":331440,"msg":"添加成功！"}
2021-07-20 01:08:53 下次操作: 2021-07-20 01:09:13

2021-07-20 01:09:13 开始第 12 次操作

2021-07-20 01:09:13 开始操作号码 【1679383】
2021-07-20 01:09:15 GSD getOne 第 1 次 等待 3 秒
2021-07-20 01:09:18 查询号码 【1679383】，返回信息 {"status":"bad","msg":""}
2021-07-20 01:09:18 查询号码 【1679383】，GSD为【""】
2021-07-20 01:09:18 bad
2021-07-20 01:09:22 CHB 1679383?1626714559 第 1 次 等待 3 秒
2021-07-20 01:09:25 CHB 1679383?1626714559 第 1 次 获取到号码【1679383】GSD
2021-07-20 01:09:25 获取到号码【1679383】的GSD为【辽宁-葫芦岛】
2021-07-20 01:09:31 GSD insert 第 1 次 等待 3 秒
2021-07-20 01:09:34 {"status":"ok","gid":331449,"msg":"添加成功！"}
2021-07-20 01:09:34 下次操作: 2021-07-20 01:09:46

2021-07-20 01:09:46 开始第 13 次操作

2021-07-20 01:09:46 开始操作号码 【1679384】
2021-07-20 01:09:49 GSD getOne 第 1 次 等待 3 秒
2021-07-20 01:09:52 查询号码 【1679384】，返回信息 {"status":"bad","msg":""}
2021-07-20 01:09:52 查询号码 【1679384】，GSD为【""】
2021-07-20 01:09:52 bad
2021-07-20 01:09:54 CHB 1679384?1626714592 第 1 次 等待 3 秒
2021-07-20 01:09:57 CHB 1679384?1626714592 第 1 次 获取到号码【1679384】GSD
2021-07-20 01:09:57 获取到号码【1679384】的GSD为【辽宁-葫芦岛】
2021-07-20 01:10:06 GSD insert 第 1 次 等待 3 秒
2021-07-20 01:10:09 {"status":"ok","gid":331456,"msg":"添加成功！"}
2021-07-20 01:10:09 下次操作: 2021-07-20 01:10:29

2021-07-20 01:10:29 开始第 14 次操作

2021-07-20 01:10:29 开始操作号码 【1679385】
2021-07-20 01:10:37 GSD getOne 第 1 次 等待 3 秒
2021-07-20 01:10:40 查询号码 【1679385】，返回信息 {"status":"bad","msg":""}
2021-07-20 01:10:40 查询号码 【1679385】，GSD为【""】
2021-07-20 01:10:40 bad
2021-07-20 01:10:42 CHB 1679385?1626714640 第 1 次 等待 3 秒
2021-07-20 01:10:45 CHB 1679385?1626714640 第 1 次 获取到号码【1679385】GSD
2021-07-20 01:10:45 获取到号码【1679385】的GSD为【辽宁-葫芦岛】
2021-07-20 01:10:56 GSD insert 第 1 次 等待 3 秒
2021-07-20 01:10:59 {"status":"ok","gid":331470,"msg":"添加成功！"}
2021-07-20 01:10:59 下次操作: 2021-07-20 01:11:14

2021-07-20 01:11:14 开始第 15 次操作

2021-07-20 01:11:14 开始操作号码 【1679386】
2021-07-20 01:11:18 GSD getOne 第 1 次 等待 3 秒
2021-07-20 01:11:21 查询号码 【1679386】，返回信息 {"status":"bad","msg":""}
2021-07-20 01:11:21 查询号码 【1679386】，GSD为【""】
2021-07-20 01:11:21 bad
2021-07-20 01:11:24 CHB 1679386?1626714681 第 1 次 等待 3 秒
2021-07-20 01:11:27 CHB 1679386?1626714681 第 1 次 获取到号码【1679386】GSD
2021-07-20 01:11:27 获取到号码【1679386】的GSD为【辽宁-葫芦岛】
2021-07-20 01:11:30 GSD insert 第 1 次 等待 3 秒
2021-07-20 01:11:33 {"status":"ok","gid":331480,"msg":"添加成功！"}
2021-07-20 01:11:33 下次操作: 2021-07-20 01:11:54

2021-07-20 01:11:54 开始第 16 次操作

2021-07-20 01:11:54 开始操作号码 【1679387】
2021-07-20 01:11:56 GSD getOne 第 1 次 等待 3 秒
2021-07-20 01:11:59 查询号码 【1679387】，返回信息 {"status":"bad","msg":""}
2021-07-20 01:11:59 查询号码 【1679387】，GSD为【""】
2021-07-20 01:11:59 bad
2021-07-20 01:12:02 CHB 1679387?1626714720 第 1 次 等待 3 秒
2021-07-20 01:12:05 CHB 1679387?1626714720 第 1 次 获取到号码【1679387】GSD
2021-07-20 01:12:05 获取到号码【1679387】的GSD为【辽宁-葫芦岛】
2021-07-20 01:12:12 GSD insert 第 1 次 等待 3 秒
2021-07-20 01:12:15 {"status":"ok","gid":331487,"msg":"添加成功！"}
2021-07-20 01:12:15 下次操作: 2021-07-20 01:12:28

2021-07-20 01:12:28 开始第 17 次操作

2021-07-20 01:12:28 开始操作号码 【1679388】
2021-07-20 01:12:32 GSD getOne 第 1 次 等待 3 秒
2021-07-20 01:12:35 查询号码 【1679388】，返回信息 {"status":"bad","msg":""}
2021-07-20 01:12:35 查询号码 【1679388】，GSD为【""】
2021-07-20 01:12:35 bad
2021-07-20 01:12:36 CHB 1679388?1626714755 第 1 次 等待 3 秒
2021-07-20 01:12:39 CHB 1679388?1626714755 第 1 次 获取到号码【1679388】GSD
2021-07-20 01:12:39 获取到号码【1679388】的GSD为【辽宁-葫芦岛】
2021-07-20 01:12:44 GSD insert 第 1 次 等待 3 秒
2021-07-20 01:12:47 {"status":"ok","gid":331496,"msg":"添加成功！"}
2021-07-20 01:12:47 下次操作: 2021-07-20 01:13:05

2021-07-20 01:13:05 开始第 18 次操作

2021-07-20 01:13:05 开始操作号码 【1679389】
2021-07-20 01:13:14 GSD getOne 第 1 次 等待 3 秒
2021-07-20 01:13:17 查询号码 【1679389】，返回信息 {"status":"bad","msg":""}
2021-07-20 01:13:17 查询号码 【1679389】，GSD为【""】
2021-07-20 01:13:17 bad
2021-07-20 01:13:19 CHB 1679389?1626714797 第 1 次 等待 3 秒
2021-07-20 01:13:22 CHB 1679389?1626714797 第 1 次 获取到号码【1679389】GSD
2021-07-20 01:13:22 获取到号码【1679389】的GSD为【辽宁-葫芦岛】
2021-07-20 01:13:29 GSD insert 第 1 次 等待 3 秒
2021-07-20 01:13:32 {"status":"ok","gid":331505,"msg":"添加成功！"}
2021-07-20 01:13:32 下次操作: 2021-07-20 01:13:55

2021-07-20 01:13:55 开始第 19 次操作

2021-07-20 01:13:55 开始操作号码 【1679390】
2021-07-20 01:13:58 GSD getOne 第 1 次 等待 3 秒
2021-07-20 01:14:01 查询号码 【1679390】，返回信息 {"status":"bad","msg":""}
2021-07-20 01:14:01 查询号码 【1679390】，GSD为【""】
2021-07-20 01:14:01 bad
2021-07-20 01:14:03 CHB 1679390?1626714841 第 1 次 等待 3 秒
2021-07-20 01:14:06 CHB 1679390?1626714841 第 1 次 获取到号码【1679390】GSD
2021-07-20 01:14:06 获取到号码【1679390】的GSD为【辽宁-葫芦岛】
2021-07-20 01:14:10 GSD insert 第 1 次 等待 3 秒
2021-07-20 01:14:13 {"status":"ok","gid":331513,"msg":"添加成功！"}
2021-07-20 01:14:13 下次操作: 2021-07-20 01:14:33

2021-07-20 01:14:33 开始第 20 次操作

2021-07-20 01:14:33 开始操作号码 【1679391】
2021-07-20 01:14:36 GSD getOne 第 1 次 等待 3 秒
2021-07-20 01:14:39 查询号码 【1679391】，返回信息 {"status":"bad","msg":""}
2021-07-20 01:14:39 查询号码 【1679391】，GSD为【""】
2021-07-20 01:14:39 bad
2021-07-20 01:14:41 CHB 1679391?1626714879 第 1 次 等待 3 秒
2021-07-20 01:14:44 CHB 1679391?1626714879 第 1 次 获取到号码【1679391】GSD
2021-07-20 01:14:44 获取到号码【1679391】的GSD为【河南-焦作】
2021-07-20 01:14:49 GSD insert 第 1 次 等待 3 秒
2021-07-20 01:14:52 {"status":"ok","gid":331523,"msg":"添加成功！"}
2021-07-20 01:14:52 下次操作: 2021-07-20 01:15:08

2021-07-20 01:15:08 开始第 21 次操作

2021-07-20 01:15:08 开始操作号码 【1679392】
2021-07-20 01:15:10 GSD getOne 第 1 次 等待 3 秒
2021-07-20 01:15:13 查询号码 【1679392】，返回信息 {"status":"bad","msg":""}
2021-07-20 01:15:13 查询号码 【1679392】，GSD为【""】
2021-07-20 01:15:13 bad
2021-07-20 01:15:16 CHB 1679392?1626714914 第 1 次 等待 3 秒
2021-07-20 01:15:19 CHB 1679392?1626714914 第 1 次 获取到号码【1679392】GSD
2021-07-20 01:15:19 获取到号码【1679392】的GSD为【河南-鹤壁】
2021-07-20 01:15:25 GSD insert 第 1 次 等待 3 秒
2021-07-20 01:15:28 {"status":"ok","gid":331530,"msg":"添加成功！"}
2021-07-20 01:15:28 下次操作: 2021-07-20 01:15:46

2021-07-20 01:15:46 开始第 22 次操作

2021-07-20 01:15:46 开始操作号码 【1679393】
2021-07-20 01:15:49 GSD getOne 第 1 次 等待 3 秒
2021-07-20 01:15:52 查询号码 【1679393】，返回信息 {"status":"bad","msg":""}
2021-07-20 01:15:52 查询号码 【1679393】，GSD为【""】
2021-07-20 01:15:52 bad
2021-07-20 01:15:54 CHB 1679393?1626714952 第 1 次 等待 3 秒
2021-07-20 01:15:57 CHB 1679393?1626714952 第 1 次 获取到号码【1679393】GSD
2021-07-20 01:15:57 获取到号码【1679393】的GSD为【河南-濮阳】
2021-07-20 01:16:00 GSD insert 第 1 次 等待 3 秒
2021-07-20 01:16:03 {"status":"ok","gid":331537,"msg":"添加成功！"}
2021-07-20 01:16:03 下次操作: 2021-07-20 01:16:21

2021-07-20 01:16:21 开始第 23 次操作

2021-07-20 01:16:21 开始操作号码 【1679394】
2021-07-20 01:16:25 GSD getOne 第 1 次 等待 3 秒
2021-07-20 01:16:28 查询号码 【1679394】，返回信息 {"status":"bad","msg":""}
2021-07-20 01:16:28 查询号码 【1679394】，GSD为【""】
2021-07-20 01:16:28 bad
2021-07-20 01:16:30 CHB 1679394?1626714988 第 1 次 等待 3 秒
2021-07-20 01:16:33 CHB 1679394?1626714988 第 1 次 获取到号码【1679394】GSD
2021-07-20 01:16:33 获取到号码【1679394】的GSD为【河南-周口】
2021-07-20 01:16:36 GSD insert 第 1 次 等待 3 秒
2021-07-20 01:16:39 {"status":"ok","gid":331544,"msg":"添加成功！"}
2021-07-20 01:16:39 下次操作: 2021-07-20 01:16:59

2021-07-20 01:16:59 开始第 24 次操作

2021-07-20 01:16:59 开始操作号码 【1679395】
2021-07-20 01:17:02 GSD getOne 第 1 次 等待 3 秒
2021-07-20 01:17:05 查询号码 【1679395】，返回信息 {"status":"bad","msg":""}
2021-07-20 01:17:05 查询号码 【1679395】，GSD为【""】
2021-07-20 01:17:05 bad
2021-07-20 01:17:07 CHB 1679395?1626715025 第 1 次 等待 3 秒
2021-07-20 01:17:10 CHB 1679395?1626715025 第 1 次 获取到号码【1679395】GSD
2021-07-20 01:17:10 获取到号码【1679395】的GSD为【河南-漯河】
2021-07-20 01:17:19 GSD insert 第 1 次 等待 3 秒
2021-07-20 01:17:22 {"status":"ok","gid":331556,"msg":"添加成功！"}
2021-07-20 01:17:22 下次操作: 2021-07-20 01:17:38

2021-07-20 01:17:38 开始第 25 次操作

2021-07-20 01:17:38 开始操作号码 【1679396】
2021-07-20 01:17:40 GSD getOne 第 1 次 等待 3 秒
2021-07-20 01:17:43 查询号码 【1679396】，返回信息 {"status":"bad","msg":""}
2021-07-20 01:17:43 查询号码 【1679396】，GSD为【""】
2021-07-20 01:17:43 bad
2021-07-20 01:17:45 CHB 1679396?1626715063 第 1 次 等待 3 秒
2021-07-20 01:17:48 CHB 1679396?1626715063 第 1 次 获取到号码【1679396】GSD
2021-07-20 01:17:48 获取到号码【1679396】的GSD为【河南-驻马店】
2021-07-20 01:17:51 GSD insert 第 1 次 等待 3 秒
2021-07-20 01:17:54 {"status":"ok","gid":331563,"msg":"添加成功！"}
2021-07-20 01:17:55 下次操作: 2021-07-20 01:18:15

2021-07-20 01:18:15 开始第 26 次操作

2021-07-20 01:18:15 开始操作号码 【1679397】
2021-07-20 01:18:18 GSD getOne 第 1 次 等待 3 秒
2021-07-20 01:18:21 查询号码 【1679397】，返回信息 {"status":"bad","msg":""}
2021-07-20 01:18:21 查询号码 【1679397】，GSD为【""】
2021-07-20 01:18:21 bad
2021-07-20 01:18:24 CHB 1679397?1626715101 第 1 次 等待 3 秒
2021-07-20 01:18:27 CHB 1679397?1626715101 第 1 次 获取到号码【1679397】GSD
2021-07-20 01:18:27 获取到号码【1679397】的GSD为【辽宁-葫芦岛】
2021-07-20 01:18:29 GSD insert 第 1 次 等待 3 秒
2021-07-20 01:18:32 {"status":"ok","gid":331572,"msg":"添加成功！"}
2021-07-20 01:18:32 下次操作: 2021-07-20 01:18:55

2021-07-20 01:18:55 开始第 27 次操作

2021-07-20 01:18:55 开始操作号码 【1679398】
2021-07-20 01:18:58 GSD getOne 第 1 次 等待 3 秒
2021-07-20 01:19:01 查询号码 【1679398】，返回信息 {"status":"bad","msg":""}
2021-07-20 01:19:01 查询号码 【1679398】，GSD为【""】
2021-07-20 01:19:01 bad
2021-07-20 01:19:09 CHB 1679398?1626715141 第 1 次 等待 3 秒
2021-07-20 01:19:12 CHB 1679398?1626715141 第 1 次 获取到号码【1679398】GSD
2021-07-20 01:19:12 获取到号码【1679398】的GSD为【河南-三门峡】
2021-07-20 01:19:15 GSD insert 第 1 次 等待 3 秒
2021-07-20 01:19:18 {"status":"ok","gid":331582,"msg":"添加成功！"}
2021-07-20 01:19:18 下次操作: 2021-07-20 01:19:30

2021-07-20 01:19:30 开始第 28 次操作

2021-07-20 01:19:30 开始操作号码 【1679399】
2021-07-20 01:19:33 GSD getOne 第 1 次 等待 3 秒
2021-07-20 01:19:36 查询号码 【1679399】，返回信息 {"status":"bad","msg":""}
2021-07-20 01:19:36 查询号码 【1679399】，GSD为【""】
2021-07-20 01:19:36 bad
2021-07-20 01:19:38 CHB 1679399?1626715176 第 1 次 等待 3 秒
2021-07-20 01:19:41 CHB 1679399?1626715176 第 1 次 获取到号码【1679399】GSD
2021-07-20 01:19:41 获取到号码【1679399】的GSD为【辽宁-葫芦岛】
2021-07-20 01:19:51 GSD insert 第 1 次 等待 3 秒
2021-07-20 01:19:54 {"status":"ok","gid":331589,"msg":"添加成功！"}
2021-07-20 01:19:54 下次操作: 2021-07-20 01:20:08

2021-07-20 01:20:08 开始第 29 次操作

2021-07-20 01:20:08 开始操作号码 【1679400】
2021-07-20 01:20:12 GSD getOne 第 1 次 等待 3 秒
2021-07-20 01:20:15 查询号码 【1679400】，返回信息 {"status":"bad","msg":""}
2021-07-20 01:20:15 查询号码 【1679400】，GSD为【""】
2021-07-20 01:20:15 bad
2021-07-20 01:20:18 CHB 1679400?1626715215 第 1 次 等待 3 秒
2021-07-20 01:20:21 CHB 1679400?1626715215 第 1 次 获取到号码【1679400】GSD
2021-07-20 01:20:21 获取到号码【1679400】的GSD为【辽宁-葫芦岛】
2021-07-20 01:20:23 GSD insert 第 1 次 等待 3 秒
2021-07-20 01:20:26 {"status":"ok","gid":331597,"msg":"添加成功！"}
2021-07-20 01:20:26 下次操作: 2021-07-20 01:20:46

2021-07-20 01:20:46 开始第 30 次操作

2021-07-20 01:20:46 开始操作号码 【1679401】
2021-07-20 01:20:51 GSD getOne 第 1 次 等待 3 秒
2021-07-20 01:20:54 查询号码 【1679401】，返回信息 {"status":"bad","msg":""}
2021-07-20 01:20:54 查询号码 【1679401】，GSD为【""】
2021-07-20 01:20:54 bad
2021-07-20 01:20:56 CHB 1679401?1626715254 第 1 次 等待 3 秒
2021-07-20 01:20:59 CHB 1679401?1626715254 第 1 次 获取到号码【1679401】GSD
2021-07-20 01:20:59 获取到号码【1679401】的GSD为【辽宁-大连】
2021-07-20 01:21:03 GSD insert 第 1 次 等待 3 秒
2021-07-20 01:21:06 {"status":"ok","gid":331607,"msg":"添加成功！"}
2021-07-20 01:21:06 下次操作: 2021-07-20 01:21:22

2021-07-20 01:21:22 开始第 31 次操作

2021-07-20 01:21:22 开始操作号码 【1679402】
2021-07-20 01:21:26 GSD getOne 第 1 次 等待 3 秒
2021-07-20 01:21:29 查询号码 【1679402】，返回信息 {"status":"bad","msg":""}
2021-07-20 01:21:29 查询号码 【1679402】，GSD为【""】
2021-07-20 01:21:29 bad
2021-07-20 01:21:31 CHB 1679402?1626715289 第 1 次 等待 3 秒
2021-07-20 01:21:34 CHB 1679402?1626715289 第 1 次 获取到号码【1679402】GSD
2021-07-20 01:21:34 获取到号码【1679402】的GSD为【辽宁-大连】
2021-07-20 01:21:36 GSD insert 第 1 次 等待 3 秒
2021-07-20 01:21:39 {"status":"ok","gid":331616,"msg":"添加成功！"}
2021-07-20 01:21:39 下次操作: 2021-07-20 01:22:01

2021-07-20 01:22:01 开始第 32 次操作

2021-07-20 01:22:01 开始操作号码 【1679403】
2021-07-20 01:22:07 GSD getOne 第 1 次 等待 3 秒
2021-07-20 01:22:10 查询号码 【1679403】，返回信息 {"status":"bad","msg":""}
2021-07-20 01:22:10 查询号码 【1679403】，GSD为【""】
2021-07-20 01:22:10 bad
2021-07-20 01:22:11 CHB 1679403?1626715330 第 1 次 等待 3 秒
2021-07-20 01:22:14 CHB 1679403?1626715330 第 1 次 获取到号码【1679403】GSD
2021-07-20 01:22:14 获取到号码【1679403】的GSD为【辽宁-大连】
2021-07-20 01:22:17 GSD insert 第 1 次 等待 3 秒
2021-07-20 01:22:20 {"status":"ok","gid":331624,"msg":"添加成功！"}
2021-07-20 01:22:20 下次操作: 2021-07-20 01:22:38

2021-07-20 01:22:38 开始第 33 次操作

2021-07-20 01:22:38 开始操作号码 【1679404】
2021-07-20 01:22:41 GSD getOne 第 1 次 等待 3 秒
2021-07-20 01:22:44 查询号码 【1679404】，返回信息 {"status":"bad","msg":""}
2021-07-20 01:22:44 查询号码 【1679404】，GSD为【""】
2021-07-20 01:22:44 bad
2021-07-20 01:22:46 CHB 1679404?1626715364 第 1 次 等待 3 秒
2021-07-20 01:22:49 CHB 1679404?1626715364 第 1 次 获取到号码【1679404】GSD
2021-07-20 01:22:49 获取到号码【1679404】的GSD为【辽宁-大连】
2021-07-20 01:22:51 GSD insert 第 1 次 等待 3 秒
2021-07-20 01:22:54 {"status":"ok","gid":331632,"msg":"添加成功！"}
2021-07-20 01:22:54 下次操作: 2021-07-20 01:23:10

2021-07-20 01:23:10 开始第 34 次操作

2021-07-20 01:23:10 开始操作号码 【1679405】
2021-07-20 01:23:14 GSD getOne 第 1 次 等待 3 秒
2021-07-20 01:23:17 查询号码 【1679405】，返回信息 {"status":"bad","msg":""}
2021-07-20 01:23:17 查询号码 【1679405】，GSD为【""】
2021-07-20 01:23:17 bad
2021-07-20 01:23:19 CHB 1679405?1626715397 第 1 次 等待 3 秒
2021-07-20 01:23:22 CHB 1679405?1626715397 第 1 次 获取到号码【1679405】GSD
2021-07-20 01:23:22 获取到号码【1679405】的GSD为【辽宁-大连】
2021-07-20 01:23:26 GSD insert 第 1 次 等待 3 秒
2021-07-20 01:23:29 {"status":"ok","gid":331641,"msg":"添加成功！"}
2021-07-20 01:23:29 下次操作: 2021-07-20 01:23:53

2021-07-20 01:23:53 开始第 35 次操作

2021-07-20 01:23:53 开始操作号码 【1679406】
2021-07-20 01:23:55 GSD getOne 第 1 次 等待 3 秒
2021-07-20 01:23:58 查询号码 【1679406】，返回信息 {"status":"bad","msg":""}
2021-07-20 01:23:58 查询号码 【1679406】，GSD为【""】
2021-07-20 01:23:58 bad
2021-07-20 01:24:00 CHB 1679406?1626715438 第 1 次 等待 3 秒
2021-07-20 01:24:03 CHB 1679406?1626715438 第 1 次 获取到号码【1679406】GSD
2021-07-20 01:24:03 获取到号码【1679406】的GSD为【辽宁-大连】
2021-07-20 01:24:06 GSD insert 第 1 次 等待 3 秒
2021-07-20 01:24:09 {"status":"ok","gid":331649,"msg":"添加成功！"}
2021-07-20 01:24:09 下次操作: 2021-07-20 01:24:21

2021-07-20 01:24:21 开始第 36 次操作

2021-07-20 01:24:21 开始操作号码 【1679407】
2021-07-20 01:24:23 GSD getOne 第 1 次 等待 3 秒
2021-07-20 01:24:26 查询号码 【1679407】，返回信息 {"status":"bad","msg":""}
2021-07-20 01:24:27 查询号码 【1679407】，GSD为【""】
2021-07-20 01:24:27 bad
2021-07-20 01:24:29 CHB 1679407?1626715467 第 1 次 等待 3 秒
2021-07-20 01:24:32 CHB 1679407?1626715467 第 1 次 获取到号码【1679407】GSD
2021-07-20 01:24:33 获取到号码【1679407】的GSD为【辽宁-大连】
2021-07-20 01:24:35 GSD insert 第 1 次 等待 3 秒
2021-07-20 01:24:38 {"status":"ok","gid":331656,"msg":"添加成功！"}
2021-07-20 01:24:38 下次操作: 2021-07-20 01:25:00

2021-07-20 01:25:00 开始第 37 次操作

2021-07-20 01:25:00 开始操作号码 【1679408】
2021-07-20 01:25:04 GSD getOne 第 1 次 等待 3 秒
2021-07-20 01:25:07 查询号码 【1679408】，返回信息 {"status":"bad","msg":""}
2021-07-20 01:25:07 查询号码 【1679408】，GSD为【""】
2021-07-20 01:25:07 bad
2021-07-20 01:25:09 CHB 1679408?1626715507 第 1 次 等待 3 秒
2021-07-20 01:25:12 CHB 1679408?1626715507 第 1 次 获取到号码【1679408】GSD
2021-07-20 01:25:12 获取到号码【1679408】的GSD为【辽宁-大连】
2021-07-20 01:25:14 GSD insert 第 1 次 等待 3 秒
2021-07-20 01:25:17 {"status":"ok","gid":331664,"msg":"添加成功！"}
2021-07-20 01:25:17 下次操作: 2021-07-20 01:25:30

2021-07-20 01:25:30 开始第 38 次操作

2021-07-20 01:25:30 开始操作号码 【1679409】
2021-07-20 01:25:38 GSD getOne 第 1 次 等待 3 秒
2021-07-20 01:25:41 查询号码 【1679409】，返回信息 {"status":"bad","msg":""}
2021-07-20 01:25:41 查询号码 【1679409】，GSD为【""】
2021-07-20 01:25:41 bad
2021-07-20 01:25:43 CHB 1679409?1626715541 第 1 次 等待 3 秒
2021-07-20 01:25:46 CHB 1679409?1626715541 第 1 次 获取到号码【1679409】GSD
2021-07-20 01:25:46 获取到号码【1679409】的GSD为【辽宁-大连】
2021-07-20 01:25:49 GSD insert 第 1 次 等待 3 秒
2021-07-20 01:25:52 {"status":"ok","gid":331674,"msg":"添加成功！"}
2021-07-20 01:25:52 下次操作: 2021-07-20 01:26:05

2021-07-20 01:26:05 开始第 39 次操作

2021-07-20 01:26:05 开始操作号码 【1679410】
2021-07-20 01:26:08 GSD getOne 第 1 次 等待 3 秒
2021-07-20 01:26:11 查询号码 【1679410】，返回信息 {"status":"bad","msg":""}
2021-07-20 01:26:11 查询号码 【1679410】，GSD为【""】
2021-07-20 01:26:11 bad
2021-07-20 01:26:12 CHB 1679410?1626715571 第 1 次 等待 3 秒
2021-07-20 01:26:15 CHB 1679410?1626715571 第 1 次 获取到号码【1679410】GSD
2021-07-20 01:26:16 获取到号码【1679410】的GSD为【辽宁-大连】
2021-07-20 01:26:19 GSD insert 第 1 次 等待 3 秒
2021-07-20 01:26:22 {"status":"ok","gid":331681,"msg":"添加成功！"}
2021-07-20 01:26:22 下次操作: 2021-07-20 01:26:37

2021-07-20 01:26:37 开始第 40 次操作

2021-07-20 01:26:37 开始操作号码 【1679411】
2021-07-20 01:26:41 GSD getOne 第 1 次 等待 3 秒
2021-07-20 01:26:44 查询号码 【1679411】，返回信息 {"status":"bad","msg":""}
2021-07-20 01:26:44 查询号码 【1679411】，GSD为【""】
2021-07-20 01:26:44 bad
2021-07-20 01:26:46 CHB 1679411?1626715604 第 1 次 等待 3 秒
2021-07-20 01:26:49 CHB 1679411?1626715604 第 1 次 获取到号码【1679411】GSD
2021-07-20 01:26:49 获取到号码【1679411】的GSD为【辽宁-大连】
2021-07-20 01:26:52 GSD insert 第 1 次 等待 3 秒
2021-07-20 01:26:55 {"status":"ok","gid":331689,"msg":"添加成功！"}

