2021-07-15 01:41:56 开始第 1 次操作

2021-07-15 01:41:56 开始操作号码 【1675098】
2021-07-15 01:41:59 GSD getOne 第 1 次 等待 1 秒
2021-07-15 01:42:00 查询号码 【1675098】，返回信息 {"status":"bad","msg":""}
2021-07-15 01:42:00 查询号码 【1675098】，GSD为【""】
2021-07-15 01:42:00 bad
2021-07-15 01:42:02 CHB 1675098?1626284520 第 1 次 等待 1 秒
2021-07-15 01:42:03 CHB 1675098?1626284520 第 1 次 获取到号码【1675098】GSD
2021-07-15 01:42:03 获取到号码【1675098】的GSD为【黑龙江-绥化】
2021-07-15 01:42:51 GSD insert 第 1 次 等待 1 秒
2021-07-15 01:42:52 {"status":"ok","gid":278996,"msg":"添加成功！"}
2021-07-15 01:42:52 下次操作: 2021-07-15 01:43:07

2021-07-15 01:43:07 开始第 2 次操作

2021-07-15 01:43:07 开始操作号码 【1675099】
2021-07-15 01:43:08 GSD getOne 第 1 次 等待 1 秒
2021-07-15 01:43:09 查询号码 【1675099】，返回信息 {"status":"bad","msg":""}
2021-07-15 01:43:09 查询号码 【1675099】，GSD为【""】
2021-07-15 01:43:09 bad
2021-07-15 01:43:11 CHB 1675099?1626284589 第 1 次 等待 1 秒
2021-07-15 01:43:12 CHB 1675099?1626284589 第 1 次 获取到号码【1675099】GSD
2021-07-15 01:43:12 获取到号码【1675099】的GSD为【黑龙江-绥化】
2021-07-15 01:43:30 GSD insert 第 1 次 等待 1 秒
2021-07-15 01:43:31 {"status":"ok","gid":279001,"msg":"添加成功！"}
2021-07-15 01:43:31 下次操作: 2021-07-15 01:43:40

2021-07-15 01:43:40 开始第 3 次操作

2021-07-15 01:43:40 开始操作号码 【1675100】
2021-07-15 01:43:50 GSD getOne 第 1 次 等待 1 秒
2021-07-15 01:43:51 查询号码 【1675100】，返回信息 {"status":"bad","msg":""}
2021-07-15 01:43:51 查询号码 【1675100】，GSD为【""】
2021-07-15 01:43:51 bad
2021-07-15 01:43:53 CHB 1675100?1626284631 第 1 次 等待 1 秒
2021-07-15 01:43:54 CHB 1675100?1626284631 第 1 次 获取到号码【1675100】GSD
2021-07-15 01:43:54 获取到号码【1675100】的GSD为【黑龙江-齐齐哈尔】
2021-07-15 01:44:21 GSD insert 第 1 次 等待 1 秒
2021-07-15 01:44:22 {"status":"ok","gid":279014,"msg":"添加成功！"}
2021-07-15 01:44:22 下次操作: 2021-07-15 01:44:33

2021-07-15 01:44:33 开始第 4 次操作

2021-07-15 01:44:33 开始操作号码 【1675101】
2021-07-15 01:44:41 GSD getOne 第 1 次 等待 1 秒
2021-07-15 01:44:42 查询号码 【1675101】，返回信息 {"status":"bad","msg":""}
2021-07-15 01:44:42 查询号码 【1675101】，GSD为【""】
2021-07-15 01:44:42 bad
2021-07-15 01:44:44 CHB 1675101?1626284682 第 1 次 等待 1 秒
2021-07-15 01:44:45 CHB 1675101?1626284682 第 1 次 获取到号码【1675101】GSD
2021-07-15 01:44:45 获取到号码【1675101】的GSD为【黑龙江-齐齐哈尔】
2021-07-15 01:45:12 GSD insert 第 1 次 等待 1 秒
2021-07-15 01:45:13 {"status":"ok","gid":279021,"msg":"添加成功！"}
2021-07-15 01:45:13 下次操作: 2021-07-15 01:45:22

2021-07-15 01:45:22 开始第 5 次操作

2021-07-15 01:45:22 开始操作号码 【1675102】
2021-07-15 01:45:35 GSD getOne 第 1 次 等待 1 秒
2021-07-15 01:45:36 查询号码 【1675102】，返回信息 {"status":"bad","msg":""}
2021-07-15 01:45:36 查询号码 【1675102】，GSD为【""】
2021-07-15 01:45:36 bad
2021-07-15 01:45:37 CHB 1675102?1626284736 第 1 次 等待 1 秒
2021-07-15 01:45:38 CHB 1675102?1626284736 第 1 次 获取到号码【1675102】GSD
2021-07-15 01:45:38 获取到号码【1675102】的GSD为【黑龙江-齐齐哈尔】
2021-07-15 01:46:01 GSD insert 第 1 次 等待 1 秒
2021-07-15 01:46:02 {"status":"ok","gid":279033,"msg":"添加成功！"}
2021-07-15 01:46:02 下次操作: 2021-07-15 01:46:12

2021-07-15 01:46:12 开始第 6 次操作

2021-07-15 01:46:12 开始操作号码 【1675103】
2021-07-15 01:46:23 GSD getOne 第 1 次 等待 1 秒
2021-07-15 01:46:24 查询号码 【1675103】，返回信息 {"status":"bad","msg":""}
2021-07-15 01:46:24 查询号码 【1675103】，GSD为【""】
2021-07-15 01:46:24 bad
2021-07-15 01:46:26 CHB 1675103?1626284784 第 1 次 等待 1 秒
2021-07-15 01:46:27 CHB 1675103?1626284784 第 1 次 获取到号码【1675103】GSD
2021-07-15 01:46:27 获取到号码【1675103】的GSD为【黑龙江-黑河】
2021-07-15 01:46:48 GSD insert 第 1 次 等待 1 秒
2021-07-15 01:46:49 {"status":"ok","gid":279050,"msg":"添加成功！"}
2021-07-15 01:46:49 下次操作: 2021-07-15 01:47:04

2021-07-15 01:47:04 开始第 7 次操作

2021-07-15 01:47:04 开始操作号码 【1675104】
2021-07-15 01:47:06 GSD getOne 第 1 次 等待 1 秒
2021-07-15 01:47:07 查询号码 【1675104】，返回信息 {"status":"bad","msg":""}
2021-07-15 01:47:07 查询号码 【1675104】，GSD为【""】
2021-07-15 01:47:07 bad
2021-07-15 01:47:09 CHB 1675104?1626284827 第 1 次 等待 1 秒
2021-07-15 01:47:10 CHB 1675104?1626284827 第 1 次 获取到号码【1675104】GSD
2021-07-15 01:47:10 获取到号码【1675104】的GSD为【黑龙江-黑河】
2021-07-15 01:47:27 GSD insert 第 1 次 等待 1 秒
2021-07-15 01:47:28 {"status":"ok","gid":279057,"msg":"添加成功！"}
2021-07-15 01:47:28 下次操作: 2021-07-15 01:47:35

2021-07-15 01:47:35 开始第 8 次操作

2021-07-15 01:47:35 开始操作号码 【1675105】
2021-07-15 01:47:51 GSD getOne 第 1 次 等待 1 秒
2021-07-15 01:47:52 查询号码 【1675105】，返回信息 {"status":"bad","msg":""}
2021-07-15 01:47:52 查询号码 【1675105】，GSD为【""】
2021-07-15 01:47:52 bad
2021-07-15 01:47:54 CHB 1675105?1626284872 第 1 次 等待 1 秒
2021-07-15 01:47:55 CHB 1675105?1626284872 第 1 次 获取到号码【1675105】GSD
2021-07-15 01:47:55 获取到号码【1675105】的GSD为【黑龙江-黑河】
2021-07-15 01:48:12 GSD insert 第 1 次 等待 1 秒
2021-07-15 01:48:13 {"status":"ok","gid":279069,"msg":"添加成功！"}
2021-07-15 01:48:13 下次操作: 2021-07-15 01:48:25

2021-07-15 01:48:25 开始第 9 次操作

2021-07-15 01:48:25 开始操作号码 【1675106】
2021-07-15 01:48:31 GSD getOne 第 1 次 等待 1 秒
2021-07-15 01:48:32 查询号码 【1675106】，返回信息 {"status":"bad","msg":""}
2021-07-15 01:48:32 查询号码 【1675106】，GSD为【""】
2021-07-15 01:48:32 bad
2021-07-15 01:48:33 CHB 1675106?1626284912 第 1 次 等待 1 秒
2021-07-15 01:48:34 CHB 1675106?1626284912 第 1 次 获取到号码【1675106】GSD
2021-07-15 01:48:34 获取到号码【1675106】的GSD为【黑龙江-黑河】
2021-07-15 01:48:51 GSD insert 第 1 次 等待 1 秒
2021-07-15 01:48:52 {"status":"ok","gid":279079,"msg":"添加成功！"}
2021-07-15 01:48:52 下次操作: 2021-07-15 01:49:10

2021-07-15 01:49:10 开始第 10 次操作

2021-07-15 01:49:10 开始操作号码 【1675107】
2021-07-15 01:49:14 GSD getOne 第 1 次 等待 1 秒
2021-07-15 01:49:15 查询号码 【1675107】，返回信息 {"status":"bad","msg":""}
2021-07-15 01:49:15 查询号码 【1675107】，GSD为【""】
2021-07-15 01:49:15 bad
2021-07-15 01:49:17 CHB 1675107?1626284955 第 1 次 等待 1 秒
2021-07-15 01:49:18 CHB 1675107?1626284955 第 1 次 获取到号码【1675107】GSD
2021-07-15 01:49:18 获取到号码【1675107】的GSD为【黑龙江-佳木斯】
2021-07-15 01:49:36 GSD insert 第 1 次 等待 1 秒
2021-07-15 01:49:37 {"status":"ok","gid":279090,"msg":"添加成功！"}
2021-07-15 01:49:37 下次操作: 2021-07-15 01:49:49

2021-07-15 01:49:49 开始第 11 次操作

2021-07-15 01:49:49 开始操作号码 【1675108】
2021-07-15 01:49:55 GSD getOne 第 1 次 等待 1 秒
2021-07-15 01:49:56 查询号码 【1675108】，返回信息 {"status":"bad","msg":""}
2021-07-15 01:49:56 查询号码 【1675108】，GSD为【""】
2021-07-15 01:49:56 bad
2021-07-15 01:49:58 CHB 1675108?1626284996 第 1 次 等待 1 秒
2021-07-15 01:49:59 CHB 1675108?1626284996 第 1 次 获取到号码【1675108】GSD
2021-07-15 01:49:59 获取到号码【1675108】的GSD为【黑龙江-佳木斯】
2021-07-15 01:50:27 GSD insert 第 1 次 等待 1 秒
2021-07-15 01:50:28 {"status":"ok","gid":279104,"msg":"添加成功！"}
2021-07-15 01:50:28 下次操作: 2021-07-15 01:50:45

2021-07-15 01:50:45 开始第 12 次操作

2021-07-15 01:50:45 开始操作号码 【1675109】
2021-07-15 01:50:47 GSD getOne 第 1 次 等待 1 秒
2021-07-15 01:50:48 查询号码 【1675109】，返回信息 {"status":"bad","msg":""}
2021-07-15 01:50:48 查询号码 【1675109】，GSD为【""】
2021-07-15 01:50:48 bad
2021-07-15 01:50:49 CHB 1675109?1626285048 第 1 次 等待 1 秒
2021-07-15 01:50:50 CHB 1675109?1626285048 第 1 次 获取到号码【1675109】GSD
2021-07-15 01:50:50 获取到号码【1675109】的GSD为【黑龙江-佳木斯】
2021-07-15 01:51:07 GSD insert 第 1 次 等待 1 秒
2021-07-15 01:51:08 {"status":"ok","gid":279116,"msg":"添加成功！"}
2021-07-15 01:51:08 下次操作: 2021-07-15 01:51:16

2021-07-15 01:51:16 开始第 13 次操作

2021-07-15 01:51:16 开始操作号码 【1675110】
2021-07-15 01:51:30 GSD getOne 第 1 次 等待 1 秒
2021-07-15 01:51:31 查询号码 【1675110】，返回信息 {"status":"bad","msg":""}
2021-07-15 01:51:31 查询号码 【1675110】，GSD为【""】
2021-07-15 01:51:31 bad
2021-07-15 01:51:32 CHB 1675110?1626285091 第 1 次 等待 1 秒
2021-07-15 01:51:33 CHB 1675110?1626285091 第 1 次 获取到号码【1675110】GSD
2021-07-15 01:51:33 获取到号码【1675110】的GSD为【黑龙江-佳木斯】
2021-07-15 01:51:51 GSD insert 第 1 次 等待 1 秒
2021-07-15 01:51:52 {"status":"ok","gid":279127,"msg":"添加成功！"}
2021-07-15 01:51:52 下次操作: 2021-07-15 01:52:02

2021-07-15 01:52:02 开始第 14 次操作

2021-07-15 01:52:02 开始操作号码 【1675111】
2021-07-15 01:52:11 GSD getOne 第 1 次 等待 1 秒
2021-07-15 01:52:12 查询号码 【1675111】，返回信息 {"status":"bad","msg":""}
2021-07-15 01:52:12 查询号码 【1675111】，GSD为【""】
2021-07-15 01:52:12 bad
2021-07-15 01:52:13 CHB 1675111?1626285132 第 1 次 等待 1 秒
2021-07-15 01:52:14 CHB 1675111?1626285132 第 1 次 获取到号码【1675111】GSD
2021-07-15 01:52:14 获取到号码【1675111】的GSD为【黑龙江-佳木斯】
2021-07-15 01:52:31 GSD insert 第 1 次 等待 1 秒
2021-07-15 01:52:32 {"status":"ok","gid":279137,"msg":"添加成功！"}
2021-07-15 01:52:32 下次操作: 2021-07-15 01:52:48

2021-07-15 01:52:48 开始第 15 次操作

2021-07-15 01:52:48 开始操作号码 【1675112】
2021-07-15 01:52:56 GSD getOne 第 1 次 等待 1 秒
2021-07-15 01:52:57 查询号码 【1675112】，返回信息 {"status":"bad","msg":""}
2021-07-15 01:52:57 查询号码 【1675112】，GSD为【""】
2021-07-15 01:52:57 bad
2021-07-15 01:52:58 CHB 1675112?1626285177 第 1 次 等待 1 秒
2021-07-15 01:52:59 CHB 1675112?1626285177 第 1 次 获取到号码【1675112】GSD
2021-07-15 01:52:59 获取到号码【1675112】的GSD为【黑龙江-佳木斯】
2021-07-15 01:53:16 GSD insert 第 1 次 等待 1 秒
2021-07-15 01:53:17 {"status":"ok","gid":279151,"msg":"添加成功！"}
2021-07-15 01:53:17 下次操作: 2021-07-15 01:53:29

2021-07-15 01:53:29 开始第 16 次操作

2021-07-15 01:53:29 开始操作号码 【1675113】
2021-07-15 01:53:33 GSD getOne 第 1 次 等待 1 秒
2021-07-15 01:53:34 查询号码 【1675113】，返回信息 {"status":"bad","msg":""}
2021-07-15 01:53:34 查询号码 【1675113】，GSD为【""】
2021-07-15 01:53:34 bad
2021-07-15 01:53:36 CHB 1675113?1626285214 第 1 次 等待 1 秒
2021-07-15 01:53:37 CHB 1675113?1626285214 第 1 次 获取到号码【1675113】GSD
2021-07-15 01:53:37 获取到号码【1675113】的GSD为【黑龙江-佳木斯】
2021-07-15 01:54:07 GSD insert 第 1 次 等待 1 秒
2021-07-15 01:54:08 {"status":"ok","gid":279166,"msg":"添加成功！"}
2021-07-15 01:54:08 下次操作: 2021-07-15 01:54:25

2021-07-15 01:54:25 开始第 17 次操作

2021-07-15 01:54:25 开始操作号码 【1675114】
2021-07-15 01:54:28 GSD getOne 第 1 次 等待 1 秒
2021-07-15 01:54:29 查询号码 【1675114】，返回信息 {"status":"bad","msg":""}
2021-07-15 01:54:29 查询号码 【1675114】，GSD为【""】
2021-07-15 01:54:29 bad
2021-07-15 01:54:31 CHB 1675114?1626285269 第 1 次 等待 1 秒
2021-07-15 01:54:32 CHB 1675114?1626285269 第 1 次 获取到号码【1675114】GSD
2021-07-15 01:54:32 获取到号码【1675114】的GSD为【黑龙江-佳木斯】
2021-07-15 01:54:50 GSD insert 第 1 次 等待 1 秒
2021-07-15 01:54:51 {"status":"ok","gid":279182,"msg":"添加成功！"}
2021-07-15 01:54:51 下次操作: 2021-07-15 01:55:02

2021-07-15 01:55:02 开始第 18 次操作

2021-07-15 01:55:02 开始操作号码 【1675115】
2021-07-15 01:55:13 GSD getOne 第 1 次 等待 1 秒
2021-07-15 01:55:14 查询号码 【1675115】，返回信息 {"status":"bad","msg":""}
2021-07-15 01:55:14 查询号码 【1675115】，GSD为【""】
2021-07-15 01:55:14 bad
2021-07-15 01:55:16 CHB 1675115?1626285314 第 1 次 等待 1 秒
2021-07-15 01:55:17 CHB 1675115?1626285314 第 1 次 获取到号码【1675115】GSD
2021-07-15 01:55:17 获取到号码【1675115】的GSD为【黑龙江-佳木斯】
2021-07-15 01:55:36 GSD insert 第 1 次 等待 1 秒
2021-07-15 01:55:37 {"status":"ok","gid":279195,"msg":"添加成功！"}
2021-07-15 01:55:37 下次操作: 2021-07-15 01:55:43

2021-07-15 01:55:43 开始第 19 次操作

2021-07-15 01:55:43 开始操作号码 【1675116】
2021-07-15 01:56:09 GSD getOne 第 1 次 等待 1 秒
2021-07-15 01:56:10 查询号码 【1675116】，返回信息 {"status":"bad","msg":""}
2021-07-15 01:56:10 查询号码 【1675116】，GSD为【""】
2021-07-15 01:56:10 bad
2021-07-15 01:56:12 CHB 1675116?1626285370 第 1 次 等待 1 秒
2021-07-15 01:56:13 CHB 1675116?1626285370 第 1 次 获取到号码【1675116】GSD
2021-07-15 01:56:13 获取到号码【1675116】的GSD为【黑龙江-佳木斯】
2021-07-15 01:56:30 GSD insert 第 1 次 等待 1 秒
2021-07-15 01:56:31 {"status":"ok","gid":279209,"msg":"添加成功！"}
2021-07-15 01:56:31 下次操作: 2021-07-15 01:56:38

2021-07-15 01:56:38 开始第 20 次操作

2021-07-15 01:56:38 开始操作号码 【1675117】
2021-07-15 01:56:56 GSD getOne 第 1 次 等待 1 秒
2021-07-15 01:56:57 查询号码 【1675117】，返回信息 {"status":"bad","msg":""}
2021-07-15 01:56:57 查询号码 【1675117】，GSD为【""】
2021-07-15 01:56:57 bad
2021-07-15 01:56:58 CHB 1675117?1626285417 第 1 次 等待 1 秒
2021-07-15 01:56:59 CHB 1675117?1626285417 第 1 次 获取到号码【1675117】GSD
2021-07-15 01:56:59 获取到号码【1675117】的GSD为【黑龙江-佳木斯】
2021-07-15 01:57:42 GSD insert 第 1 次 等待 1 秒
2021-07-15 01:57:43 {"status":"ok","gid":279228,"msg":"添加成功！"}
2021-07-15 01:57:43 下次操作: 2021-07-15 01:57:56

2021-07-15 01:57:56 开始第 21 次操作

2021-07-15 01:57:56 开始操作号码 【1675118】
2021-07-15 01:58:01 GSD getOne 第 1 次 等待 1 秒
2021-07-15 01:58:02 查询号码 【1675118】，返回信息 {"status":"bad","msg":""}
2021-07-15 01:58:02 查询号码 【1675118】，GSD为【""】
2021-07-15 01:58:02 bad
2021-07-15 01:58:03 CHB 1675118?1626285482 第 1 次 等待 1 秒
2021-07-15 01:58:04 CHB 1675118?1626285482 第 1 次 获取到号码【1675118】GSD
2021-07-15 01:58:04 获取到号码【1675118】的GSD为【黑龙江-哈尔滨】
2021-07-15 01:58:21 GSD insert 第 1 次 等待 1 秒
2021-07-15 01:58:22 {"status":"ok","gid":279234,"msg":"添加成功！"}
2021-07-15 01:58:22 下次操作: 2021-07-15 01:58:35

2021-07-15 01:58:35 开始第 22 次操作

2021-07-15 01:58:35 开始操作号码 【1675119】
2021-07-15 01:58:39 GSD getOne 第 1 次 等待 1 秒
2021-07-15 01:58:40 查询号码 【1675119】，返回信息 {"status":"bad","msg":""}
2021-07-15 01:58:40 查询号码 【1675119】，GSD为【""】
2021-07-15 01:58:40 bad
2021-07-15 01:58:42 CHB 1675119?1626285520 第 1 次 等待 1 秒
2021-07-15 01:58:43 CHB 1675119?1626285520 第 1 次 获取到号码【1675119】GSD
2021-07-15 01:58:43 获取到号码【1675119】的GSD为【黑龙江-哈尔滨】
2021-07-15 01:59:03 GSD insert 第 1 次 等待 1 秒
2021-07-15 01:59:04 {"status":"ok","gid":279240,"msg":"添加成功！"}
2021-07-15 01:59:04 下次操作: 2021-07-15 01:59:21

2021-07-15 01:59:21 开始第 23 次操作

2021-07-15 01:59:21 开始操作号码 【1675120】
2021-07-15 01:59:24 GSD getOne 第 1 次 等待 1 秒
2021-07-15 01:59:25 查询号码 【1675120】，返回信息 {"status":"bad","msg":""}
2021-07-15 01:59:26 查询号码 【1675120】，GSD为【""】
2021-07-15 01:59:26 bad
2021-07-15 01:59:27 CHB 1675120?1626285566 第 1 次 等待 1 秒
2021-07-15 01:59:28 CHB 1675120?1626285566 第 1 次 获取到号码【1675120】GSD
2021-07-15 01:59:28 获取到号码【1675120】的GSD为【黑龙江-哈尔滨】
2021-07-15 02:00:05 GSD insert 第 1 次 等待 1 秒
2021-07-15 02:00:06 {"status":"ok","gid":279250,"msg":"添加成功！"}
2021-07-15 02:00:06 下次操作: 2021-07-15 02:00:24

2021-07-15 02:00:24 开始第 24 次操作

2021-07-15 02:00:24 开始操作号码 【1675121】
2021-07-15 02:00:28 GSD getOne 第 1 次 等待 1 秒
2021-07-15 02:00:29 查询号码 【1675121】，返回信息 {"status":"bad","msg":""}
2021-07-15 02:00:29 查询号码 【1675121】，GSD为【""】
2021-07-15 02:00:29 bad
2021-07-15 02:00:30 CHB 1675121?1626285629 第 1 次 等待 1 秒
2021-07-15 02:00:31 CHB 1675121?1626285629 第 1 次 获取到号码【1675121】GSD
2021-07-15 02:00:31 获取到号码【1675121】的GSD为【黑龙江-哈尔滨】
2021-07-15 02:00:51 GSD insert 第 1 次 等待 1 秒
2021-07-15 02:00:52 {"status":"ok","gid":279256,"msg":"添加成功！"}
2021-07-15 02:00:52 下次操作: 2021-07-15 02:01:10

2021-07-15 02:01:10 开始第 25 次操作

2021-07-15 02:01:10 开始操作号码 【1675122】
2021-07-15 02:01:11 GSD getOne 第 1 次 等待 1 秒
2021-07-15 02:01:12 查询号码 【1675122】，返回信息 {"status":"bad","msg":""}
2021-07-15 02:01:12 查询号码 【1675122】，GSD为【""】
2021-07-15 02:01:12 bad
2021-07-15 02:01:14 CHB 1675122?1626285672 第 1 次 等待 1 秒
2021-07-15 02:01:15 CHB 1675122?1626285672 第 1 次 获取到号码【1675122】GSD
2021-07-15 02:01:15 获取到号码【1675122】的GSD为【黑龙江-哈尔滨】
2021-07-15 02:01:32 GSD insert 第 1 次 等待 1 秒
2021-07-15 02:01:33 {"status":"ok","gid":279263,"msg":"添加成功！"}
2021-07-15 02:01:33 下次操作: 2021-07-15 02:01:39

2021-07-15 02:01:39 开始第 26 次操作

2021-07-15 02:01:39 开始操作号码 【1675123】
2021-07-15 02:02:07 GSD getOne 第 1 次 等待 1 秒
2021-07-15 02:02:08 查询号码 【1675123】，返回信息 {"status":"bad","msg":""}
2021-07-15 02:02:08 查询号码 【1675123】，GSD为【""】
2021-07-15 02:02:08 bad
2021-07-15 02:02:10 CHB 1675123?1626285728 第 1 次 等待 1 秒
2021-07-15 02:02:11 CHB 1675123?1626285728 第 1 次 获取到号码【1675123】GSD
2021-07-15 02:02:11 获取到号码【1675123】的GSD为【黑龙江-哈尔滨】
2021-07-15 02:02:28 GSD insert 第 1 次 等待 1 秒
2021-07-15 02:02:29 {"status":"ok","gid":279272,"msg":"添加成功！"}
2021-07-15 02:02:29 下次操作: 2021-07-15 02:02:37

2021-07-15 02:02:37 开始第 27 次操作

2021-07-15 02:02:37 开始操作号码 【1675124】
2021-07-15 02:02:48 GSD getOne 第 1 次 等待 1 秒
2021-07-15 02:02:49 查询号码 【1675124】，返回信息 {"status":"bad","msg":""}
2021-07-15 02:02:49 查询号码 【1675124】，GSD为【""】
2021-07-15 02:02:49 bad
2021-07-15 02:02:51 CHB 1675124?1626285769 第 1 次 等待 1 秒
2021-07-15 02:02:52 CHB 1675124?1626285769 第 1 次 获取到号码【1675124】GSD
2021-07-15 02:02:52 获取到号码【1675124】的GSD为【黑龙江-哈尔滨】
2021-07-15 02:03:12 GSD insert 第 1 次 等待 1 秒
2021-07-15 02:03:13 {"status":"ok","gid":279280,"msg":"添加成功！"}
2021-07-15 02:03:13 下次操作: 2021-07-15 02:03:20

2021-07-15 02:03:20 开始第 28 次操作

2021-07-15 02:03:20 开始操作号码 【1675125】
2021-07-15 02:03:40 GSD getOne 第 1 次 等待 1 秒
2021-07-15 02:03:42 查询号码 【1675125】，返回信息 {"status":"bad","msg":""}
2021-07-15 02:03:42 查询号码 【1675125】，GSD为【""】
2021-07-15 02:03:42 bad
2021-07-15 02:03:43 CHB 1675125?1626285822 第 1 次 等待 1 秒
2021-07-15 02:03:44 CHB 1675125?1626285822 第 1 次 获取到号码【1675125】GSD
2021-07-15 02:03:44 获取到号码【1675125】的GSD为【黑龙江-哈尔滨】
2021-07-15 02:04:06 GSD insert 第 1 次 等待 1 秒
2021-07-15 02:04:07 {"status":"ok","gid":279284,"msg":"添加成功！"}
2021-07-15 02:04:07 下次操作: 2021-07-15 02:04:21

2021-07-15 02:04:21 开始第 29 次操作

2021-07-15 02:04:21 开始操作号码 【1675126】
2021-07-15 02:04:24 GSD getOne 第 1 次 等待 1 秒
2021-07-15 02:04:25 查询号码 【1675126】，返回信息 {"status":"bad","msg":""}
2021-07-15 02:04:25 查询号码 【1675126】，GSD为【""】
2021-07-15 02:04:25 bad
2021-07-15 02:04:26 CHB 1675126?1626285865 第 1 次 等待 1 秒
2021-07-15 02:04:27 CHB 1675126?1626285865 第 1 次 获取到号码【1675126】GSD
2021-07-15 02:04:27 获取到号码【1675126】的GSD为【黑龙江-哈尔滨】
2021-07-15 02:04:47 GSD insert 第 1 次 等待 1 秒
2021-07-15 02:04:48 {"status":"ok","gid":279288,"msg":"添加成功！"}
2021-07-15 02:04:48 下次操作: 2021-07-15 02:05:05

2021-07-15 02:05:05 开始第 30 次操作

2021-07-15 02:05:05 开始操作号码 【1675127】
2021-07-15 02:05:31 GSD getOne 第 1 次 等待 1 秒
2021-07-15 02:05:32 查询号码 【1675127】，返回信息 {"status":"bad","msg":""}
2021-07-15 02:05:32 查询号码 【1675127】，GSD为【""】
2021-07-15 02:05:32 bad
2021-07-15 02:05:34 CHB 1675127?1626285932 第 1 次 等待 1 秒
2021-07-15 02:05:35 CHB 1675127?1626285932 第 1 次 获取到号码【1675127】GSD
2021-07-15 02:05:35 获取到号码【1675127】的GSD为【黑龙江-哈尔滨】
2021-07-15 02:05:55 GSD insert 第 1 次 等待 1 秒
2021-07-15 02:05:56 {"status":"ok","gid":279292,"msg":"添加成功！"}

