2024-01-19 00:18:29 开始第 9557 次操作

2024-01-19 00:18:29 开始操作号码 【1819459】
2024-01-19 00:18:35 GSD getOne 第 1 次 等待 3 秒
2024-01-19 00:18:38 查询号码 【1819459】，返回信息 {"status":"ok","msg":"青海-海东","gid":"377699","time_insert":"2021-07-24 13:40"}
2024-01-19 00:18:38 查询号码 【1819459】，GSD为【"青海-海东"】

2024-01-19 00:18:39 开始第 9558 次操作

2024-01-19 00:18:39 开始操作号码 【1819460】
2024-01-19 00:18:43 GSD getOne 第 1 次 等待 3 秒
2024-01-19 00:18:46 查询号码 【1819460】，返回信息 {"status":"ok","msg":"青海-海东","gid":"377690","time_insert":"2021-07-24 13:39"}
2024-01-19 00:18:46 查询号码 【1819460】，GSD为【"青海-海东"】

2024-01-19 00:18:47 开始第 9559 次操作

2024-01-19 00:18:47 开始操作号码 【1819461】
2024-01-19 00:18:52 GSD getOne 第 1 次 等待 3 秒
2024-01-19 00:18:55 查询号码 【1819461】，返回信息 {"status":"ok","msg":"青海-海东","gid":"34510","time_insert":"2017-07-08 16:04","time_update":"2020-12-15 12:59"}
2024-01-19 00:18:55 查询号码 【1819461】，GSD为【"青海-海东"】

2024-01-19 00:18:56 开始第 9560 次操作

2024-01-19 00:18:56 开始操作号码 【1819462】
2024-01-19 00:19:01 GSD getOne 第 1 次 等待 3 秒
2024-01-19 00:19:04 查询号码 【1819462】，返回信息 {"status":"ok","msg":"青海-海东","gid":"377680","time_insert":"2021-07-24 13:39"}
2024-01-19 00:19:04 查询号码 【1819462】，GSD为【"青海-海东"】

