2024-01-05 00:18:04 开始第 7045 次操作

2024-01-05 00:18:04 开始操作号码 【1816947】
2024-01-05 00:18:07 GSD getOne 第 1 次 等待 3 秒
2024-01-05 00:18:10 查询号码 【1816947】，返回信息 {"status":"ok","msg":"湖南-益阳","gid":"401637","time_insert":"2021-07-26 13:40","time_update":"2021-08-03 01:40"}
2024-01-05 00:18:10 查询号码 【1816947】，GSD为【"湖南-益阳"】

2024-01-05 00:18:11 开始第 7046 次操作

2024-01-05 00:18:11 开始操作号码 【1816948】
2024-01-05 00:18:14 GSD getOne 第 1 次 等待 3 秒
2024-01-05 00:18:17 查询号码 【1816948】，返回信息 {"status":"ok","msg":"湖南-娄底","gid":"401629","time_insert":"2021-07-26 13:39"}
2024-01-05 00:18:17 查询号码 【1816948】，GSD为【"湖南-娄底"】

2024-01-05 00:18:18 开始第 7047 次操作

2024-01-05 00:18:18 开始操作号码 【1816949】
2024-01-05 00:18:20 GSD getOne 第 1 次 等待 3 秒
2024-01-05 00:18:23 查询号码 【1816949】，返回信息 {"status":"ok","msg":"湖南-邵阳","gid":"401619","time_insert":"2021-07-26 13:39"}
2024-01-05 00:18:23 查询号码 【1816949】，GSD为【"湖南-邵阳"】

2024-01-05 00:18:24 开始第 7048 次操作

2024-01-05 00:18:24 开始操作号码 【1816950】
2024-01-05 00:18:27 GSD getOne 第 1 次 等待 3 秒
2024-01-05 00:18:30 查询号码 【1816950】，返回信息 {"status":"ok","msg":"宁夏-银川","gid":"33885","time_insert":"2017-11-08 20:54","time_update":"2020-12-21 20:03"}
2024-01-05 00:18:30 查询号码 【1816950】，GSD为【"宁夏-银川"】

