2021-07-27 00:00:12 开始第 20 次操作

2021-07-27 00:00:12 开始操作号码 【1849377】
2021-07-27 00:00:16 GSD getOne 第 1 次 等待 3 秒
2021-07-27 00:00:19 查询号码 【1849377】，返回信息 {"status":"bad","msg":""}
2021-07-27 00:00:19 查询号码 【1849377】，GSD为【""】
2021-07-27 00:00:19 bad
2021-07-27 00:00:24 CHB 1849377?1627315219 第 1 次 等待 3 秒
2021-07-27 00:00:27 CHB 1849377?1627315219 第 1 次 获取到号码【1849377】GSD
2021-07-27 00:00:27 获取到号码【1849377】的GSD为【山东-济南】
2021-07-27 00:00:38 GSD insert 第 1 次 等待 3 秒
2021-07-27 00:00:41 {"status":"ok","gid":407052,"msg":"添加成功！"}
2021-07-27 00:00:41 下次操作: 2021-07-27 00:01:03

2021-07-27 00:01:03 开始第 21 次操作

2021-07-27 00:01:03 开始操作号码 【1849376】
2021-07-27 00:01:08 GSD getOne 第 1 次 等待 3 秒
2021-07-27 00:01:11 查询号码 【1849376】，返回信息 {"status":"bad","msg":""}
2021-07-27 00:01:11 查询号码 【1849376】，GSD为【""】
2021-07-27 00:01:11 bad
2021-07-27 00:01:13 CHB 1849376?1627315271 第 1 次 等待 3 秒
2021-07-27 00:01:16 CHB 1849376?1627315271 第 1 次 获取到号码【1849376】GSD
2021-07-27 00:01:16 获取到号码【1849376】的GSD为【山东-济南】
2021-07-27 00:01:34 GSD insert 第 1 次 等待 3 秒
2021-07-27 00:01:37 {"status":"ok","gid":407065,"msg":"添加成功！"}
2021-07-27 00:01:37 下次操作: 2021-07-27 00:01:52

2021-07-27 00:01:52 开始第 22 次操作

2021-07-27 00:01:52 开始操作号码 【1849375】
2021-07-27 00:01:54 GSD getOne 第 1 次 等待 3 秒
2021-07-27 00:01:57 查询号码 【1849375】，返回信息 {"status":"bad","msg":""}
2021-07-27 00:01:58 查询号码 【1849375】，GSD为【""】
2021-07-27 00:01:58 bad
2021-07-27 00:01:59 CHB 1849375?1627315318 第 1 次 等待 3 秒
2021-07-27 00:02:02 CHB 1849375?1627315318 第 1 次 获取到号码【1849375】GSD
2021-07-27 00:02:02 获取到号码【1849375】的GSD为【山东-济南】
2021-07-27 00:02:20 GSD insert 第 1 次 等待 3 秒
2021-07-27 00:02:23 {"status":"ok","gid":407079,"msg":"添加成功！"}
2021-07-27 00:02:23 下次操作: 2021-07-27 00:02:42

2021-07-27 00:02:42 开始第 23 次操作

2021-07-27 00:02:42 开始操作号码 【1849374】
2021-07-27 00:02:47 GSD getOne 第 1 次 等待 3 秒
2021-07-27 00:02:50 查询号码 【1849374】，返回信息 {"status":"bad","msg":""}
2021-07-27 00:02:50 查询号码 【1849374】，GSD为【""】
2021-07-27 00:02:50 bad
2021-07-27 00:02:52 CHB 1849374?1627315370 第 1 次 等待 3 秒
2021-07-27 00:02:55 CHB 1849374?1627315370 第 1 次 获取到号码【1849374】GSD
2021-07-27 00:02:55 获取到号码【1849374】的GSD为【山东-济南】
2021-07-27 00:03:07 GSD insert 第 1 次 等待 3 秒
2021-07-27 00:03:10 {"status":"ok","gid":407094,"msg":"添加成功！"}
2021-07-27 00:03:10 下次操作: 2021-07-27 00:03:24

2021-07-27 00:03:24 开始第 24 次操作

2021-07-27 00:03:24 开始操作号码 【1849373】
2021-07-27 00:03:29 GSD getOne 第 1 次 等待 3 秒
2021-07-27 00:03:32 查询号码 【1849373】，返回信息 {"status":"bad","msg":""}
2021-07-27 00:03:32 查询号码 【1849373】，GSD为【""】
2021-07-27 00:03:32 bad
2021-07-27 00:03:35 CHB 1849373?1627315412 第 1 次 等待 3 秒
2021-07-27 00:03:38 CHB 1849373?1627315412 第 1 次 获取到号码【1849373】GSD
2021-07-27 00:03:38 获取到号码【1849373】的GSD为【山东-济南】
2021-07-27 00:03:48 GSD insert 第 1 次 等待 3 秒
2021-07-27 00:03:51 {"status":"ok","gid":407107,"msg":"添加成功！"}
2021-07-27 00:03:51 下次操作: 2021-07-27 00:04:11

2021-07-27 00:04:11 开始第 25 次操作

2021-07-27 00:04:11 开始操作号码 【1849372】
2021-07-27 00:04:16 GSD getOne 第 1 次 等待 3 秒
2021-07-27 00:04:19 查询号码 【1849372】，返回信息 {"status":"bad","msg":""}
2021-07-27 00:04:19 查询号码 【1849372】，GSD为【""】
2021-07-27 00:04:19 bad
2021-07-27 00:04:22 CHB 1849372?1627315459 第 1 次 等待 3 秒
2021-07-27 00:04:25 CHB 1849372?1627315459 第 1 次 获取到号码【1849372】GSD
2021-07-27 00:04:25 获取到号码【1849372】的GSD为【山东-济南】
2021-07-27 00:04:35 GSD insert 第 1 次 等待 3 秒
2021-07-27 00:04:38 {"status":"ok","gid":407122,"msg":"添加成功！"}
2021-07-27 00:04:38 下次操作: 2021-07-27 00:04:51

2021-07-27 00:04:51 开始第 26 次操作

2021-07-27 00:04:51 开始操作号码 【1849371】
2021-07-27 00:04:53 GSD getOne 第 1 次 等待 3 秒
2021-07-27 00:04:56 查询号码 【1849371】，返回信息 {"status":"bad","msg":""}
2021-07-27 00:04:57 查询号码 【1849371】，GSD为【""】
2021-07-27 00:04:57 bad
2021-07-27 00:04:59 CHB 1849371?1627315497 第 1 次 等待 3 秒
2021-07-27 00:05:02 CHB 1849371?1627315497 第 1 次 获取到号码【1849371】GSD
2021-07-27 00:05:02 获取到号码【1849371】的GSD为【山东-济南】
2021-07-27 00:05:20 GSD insert 第 1 次 等待 3 秒
2021-07-27 00:05:23 {"status":"ok","gid":407134,"msg":"添加成功！"}
2021-07-27 00:05:23 下次操作: 2021-07-27 00:05:39

2021-07-27 00:05:39 开始第 27 次操作

2021-07-27 00:05:39 开始操作号码 【1849370】
2021-07-27 00:05:42 GSD getOne 第 1 次 等待 3 秒
2021-07-27 00:05:45 查询号码 【1849370】，返回信息 {"status":"bad","msg":""}
2021-07-27 00:05:46 查询号码 【1849370】，GSD为【""】
2021-07-27 00:05:46 bad
2021-07-27 00:05:47 CHB 1849370?1627315546 第 1 次 等待 3 秒
2021-07-27 00:05:50 CHB 1849370?1627315546 第 1 次 获取到号码【1849370】GSD
2021-07-27 00:05:50 获取到号码【1849370】的GSD为【山东-济南】
2021-07-27 00:06:08 GSD insert 第 1 次 等待 3 秒
2021-07-27 00:06:11 {"status":"ok","gid":407148,"msg":"添加成功！"}
2021-07-27 00:06:11 下次操作: 2021-07-27 00:06:30

2021-07-27 00:06:30 开始第 28 次操作

2021-07-27 00:06:30 开始操作号码 【1849369】
2021-07-27 00:06:48 GSD getOne 第 1 次 等待 3 秒
2021-07-27 00:06:51 查询号码 【1849369】，返回信息 {"status":"bad","msg":""}
2021-07-27 00:06:51 查询号码 【1849369】，GSD为【""】
2021-07-27 00:06:51 bad
2021-07-27 00:06:52 CHB 1849369?1627315611 第 1 次 等待 3 秒
2021-07-27 00:06:55 CHB 1849369?1627315611 第 1 次 获取到号码【1849369】GSD
2021-07-27 00:06:55 获取到号码【1849369】的GSD为【山东-济南】
2021-07-27 00:07:14 GSD insert 第 1 次 等待 3 秒
2021-07-27 00:07:17 {"status":"ok","gid":407165,"msg":"添加成功！"}
2021-07-27 00:07:17 下次操作: 2021-07-27 00:07:38

2021-07-27 00:07:38 开始第 29 次操作

2021-07-27 00:07:38 开始操作号码 【1849368】
2021-07-27 00:07:42 GSD getOne 第 1 次 等待 3 秒
2021-07-27 00:07:45 查询号码 【1849368】，返回信息 {"status":"bad","msg":""}
2021-07-27 00:07:45 查询号码 【1849368】，GSD为【""】
2021-07-27 00:07:45 bad
2021-07-27 00:07:48 CHB 1849368?1627315665 第 1 次 等待 3 秒
2021-07-27 00:07:51 CHB 1849368?1627315665 第 1 次 获取到号码【1849368】GSD
2021-07-27 00:07:51 获取到号码【1849368】的GSD为【山东-济南】
2021-07-27 00:08:01 GSD insert 第 1 次 等待 3 秒
2021-07-27 00:08:04 {"status":"ok","gid":407178,"msg":"添加成功！"}
2021-07-27 00:08:04 下次操作: 2021-07-27 00:08:22

2021-07-27 00:08:22 开始第 30 次操作

2021-07-27 00:08:22 开始操作号码 【1849367】
2021-07-27 00:08:29 GSD getOne 第 1 次 等待 3 秒
2021-07-27 00:08:32 查询号码 【1849367】，返回信息 {"status":"bad","msg":""}
2021-07-27 00:08:32 查询号码 【1849367】，GSD为【""】
2021-07-27 00:08:32 bad
2021-07-27 00:08:35 CHB 1849367?1627315712 第 1 次 等待 3 秒
2021-07-27 00:08:38 CHB 1849367?1627315712 第 1 次 获取到号码【1849367】GSD
2021-07-27 00:08:38 获取到号码【1849367】的GSD为【山东-济南】
2021-07-27 00:08:48 GSD insert 第 1 次 等待 3 秒
2021-07-27 00:08:51 {"status":"ok","gid":407187,"msg":"添加成功！"}
2021-07-27 00:08:51 下次操作: 2021-07-27 00:09:10

2021-07-27 00:09:10 开始第 31 次操作

2021-07-27 00:09:10 开始操作号码 【1849366】
2021-07-27 00:09:12 GSD getOne 第 1 次 等待 3 秒
2021-07-27 00:09:15 查询号码 【1849366】，返回信息 {"status":"bad","msg":""}
2021-07-27 00:09:16 查询号码 【1849366】，GSD为【""】
2021-07-27 00:09:16 bad
2021-07-27 00:09:17 CHB 1849366?1627315756 第 1 次 等待 3 秒
2021-07-27 00:09:20 CHB 1849366?1627315756 第 1 次 获取到号码【1849366】GSD
2021-07-27 00:09:20 获取到号码【1849366】的GSD为【山东-济南】
2021-07-27 00:09:38 GSD insert 第 1 次 等待 3 秒
2021-07-27 00:09:41 {"status":"ok","gid":407201,"msg":"添加成功！"}
2021-07-27 00:09:41 下次操作: 2021-07-27 00:10:01

2021-07-27 00:10:01 开始第 32 次操作

2021-07-27 00:10:01 开始操作号码 【1849365】
2021-07-27 00:10:04 GSD getOne 第 1 次 等待 3 秒
2021-07-27 00:10:07 查询号码 【1849365】，返回信息 {"status":"bad","msg":""}
2021-07-27 00:10:07 查询号码 【1849365】，GSD为【""】
2021-07-27 00:10:07 bad
2021-07-27 00:10:09 CHB 1849365?1627315807 第 1 次 等待 3 秒
2021-07-27 00:10:12 CHB 1849365?1627315807 第 1 次 获取到号码【1849365】GSD
2021-07-27 00:10:12 获取到号码【1849365】的GSD为【山东-济南】
2021-07-27 00:10:30 GSD insert 第 1 次 等待 3 秒
2021-07-27 00:10:33 {"status":"ok","gid":407216,"msg":"添加成功！"}
2021-07-27 00:10:33 下次操作: 2021-07-27 00:10:48

2021-07-27 00:10:48 开始第 33 次操作

2021-07-27 00:10:48 开始操作号码 【1849364】
2021-07-27 00:10:51 GSD getOne 第 1 次 等待 3 秒
2021-07-27 00:10:54 查询号码 【1849364】，返回信息 {"status":"bad","msg":""}
2021-07-27 00:10:54 查询号码 【1849364】，GSD为【""】
2021-07-27 00:10:54 bad
2021-07-27 00:10:56 CHB 1849364?1627315854 第 1 次 等待 3 秒
2021-07-27 00:10:59 CHB 1849364?1627315854 第 1 次 获取到号码【1849364】GSD
2021-07-27 00:10:59 获取到号码【1849364】的GSD为【山东-济南】
2021-07-27 00:11:19 GSD insert 第 1 次 等待 3 秒
2021-07-27 00:11:22 {"status":"ok","gid":407225,"msg":"添加成功！"}
2021-07-27 00:11:22 下次操作: 2021-07-27 00:11:41

2021-07-27 00:11:41 开始第 34 次操作

2021-07-27 00:11:41 开始操作号码 【1849363】
2021-07-27 00:11:46 GSD getOne 第 1 次 等待 3 秒
2021-07-27 00:11:49 查询号码 【1849363】，返回信息 {"status":"bad","msg":""}
2021-07-27 00:11:49 查询号码 【1849363】，GSD为【""】
2021-07-27 00:11:49 bad
2021-07-27 00:11:52 CHB 1849363?1627315909 第 1 次 等待 3 秒
2021-07-27 00:11:55 CHB 1849363?1627315909 第 1 次 获取到号码【1849363】GSD
2021-07-27 00:11:55 获取到号码【1849363】的GSD为【山东-济南】
2021-07-27 00:12:05 GSD insert 第 1 次 等待 3 秒
2021-07-27 00:12:08 {"status":"ok","gid":407235,"msg":"添加成功！"}
2021-07-27 00:12:08 下次操作: 2021-07-27 00:12:30

2021-07-27 00:12:30 开始第 35 次操作

2021-07-27 00:12:30 开始操作号码 【1849362】
2021-07-27 00:12:35 GSD getOne 第 1 次 等待 3 秒
2021-07-27 00:12:38 查询号码 【1849362】，返回信息 {"status":"bad","msg":""}
2021-07-27 00:12:38 查询号码 【1849362】，GSD为【""】
2021-07-27 00:12:38 bad
2021-07-27 00:12:41 CHB 1849362?1627315958 第 1 次 等待 3 秒
2021-07-27 00:12:44 CHB 1849362?1627315958 第 1 次 获取到号码【1849362】GSD
2021-07-27 00:12:44 获取到号码【1849362】的GSD为【山东-济南】
2021-07-27 00:12:54 GSD insert 第 1 次 等待 3 秒
2021-07-27 00:12:57 {"status":"ok","gid":407244,"msg":"添加成功！"}
2021-07-27 00:12:57 下次操作: 2021-07-27 00:13:19

2021-07-27 00:13:19 开始第 36 次操作

2021-07-27 00:13:19 开始操作号码 【1849361】
2021-07-27 00:13:41 GSD getOne 第 1 次 等待 3 秒
2021-07-27 00:13:44 查询号码 【1849361】，返回信息 {"status":"bad","msg":""}
2021-07-27 00:13:44 查询号码 【1849361】，GSD为【""】
2021-07-27 00:13:44 bad
2021-07-27 00:13:46 CHB 1849361?1627316024 第 1 次 等待 3 秒
2021-07-27 00:13:49 CHB 1849361?1627316024 第 1 次 获取到号码【1849361】GSD
2021-07-27 00:13:49 获取到号码【1849361】的GSD为【山东-济南】
2021-07-27 00:14:07 GSD insert 第 1 次 等待 3 秒
2021-07-27 00:14:10 {"status":"ok","gid":407253,"msg":"添加成功！"}
2021-07-27 00:14:10 下次操作: 2021-07-27 00:14:33

2021-07-27 00:14:33 开始第 37 次操作

2021-07-27 00:14:33 开始操作号码 【1849360】
2021-07-27 00:14:40 GSD getOne 第 1 次 等待 3 秒
2021-07-27 00:14:43 查询号码 【1849360】，返回信息 {"status":"bad","msg":""}
2021-07-27 00:14:43 查询号码 【1849360】，GSD为【""】
2021-07-27 00:14:43 bad
2021-07-27 00:14:45 CHB 1849360?1627316083 第 1 次 等待 3 秒
2021-07-27 00:14:48 CHB 1849360?1627316083 第 1 次 获取到号码【1849360】GSD
2021-07-27 00:14:48 获取到号码【1849360】的GSD为【山东-济南】
2021-07-27 00:15:09 GSD insert 第 1 次 等待 3 秒
2021-07-27 00:15:12 {"status":"ok","gid":407261,"msg":"添加成功！"}
2021-07-27 00:15:12 下次操作: 2021-07-27 00:15:30

2021-07-27 00:15:30 开始第 38 次操作

2021-07-27 00:15:30 开始操作号码 【1849359】
2021-07-27 00:15:33 GSD getOne 第 1 次 等待 3 秒
2021-07-27 00:15:36 查询号码 【1849359】，返回信息 {"status":"bad","msg":""}
2021-07-27 00:15:36 查询号码 【1849359】，GSD为【""】
2021-07-27 00:15:36 bad
2021-07-27 00:15:42 CHB 1849359?1627316136 第 1 次 等待 3 秒
2021-07-27 00:15:45 CHB 1849359?1627316136 第 1 次 获取到号码【1849359】GSD
2021-07-27 00:15:45 获取到号码【1849359】的GSD为【浙江-杭州】
2021-07-27 00:15:55 GSD insert 第 1 次 等待 3 秒
2021-07-27 00:15:58 {"status":"ok","gid":407265,"msg":"添加成功！"}
2021-07-27 00:15:58 下次操作: 2021-07-27 00:16:13

2021-07-27 00:16:13 开始第 39 次操作

2021-07-27 00:16:13 开始操作号码 【1849358】
2021-07-27 00:16:15 GSD getOne 第 1 次 等待 3 秒
2021-07-27 00:16:18 查询号码 【1849358】，返回信息 {"status":"bad","msg":""}
2021-07-27 00:16:19 查询号码 【1849358】，GSD为【""】
2021-07-27 00:16:19 bad
2021-07-27 00:16:20 CHB 1849358?1627316179 第 1 次 等待 3 秒
2021-07-27 00:16:23 CHB 1849358?1627316179 第 1 次 获取到号码【1849358】GSD
2021-07-27 00:16:23 获取到号码【1849358】的GSD为【浙江-杭州】
2021-07-27 00:16:44 GSD insert 第 1 次 等待 3 秒
2021-07-27 00:16:47 {"status":"ok","gid":407269,"msg":"添加成功！"}
2021-07-27 00:16:47 下次操作: 2021-07-27 00:17:00

2021-07-27 00:17:00 开始第 40 次操作

2021-07-27 00:17:00 开始操作号码 【1849357】
2021-07-27 00:17:06 GSD getOne 第 1 次 等待 3 秒
2021-07-27 00:17:09 查询号码 【1849357】，返回信息 {"status":"bad","msg":""}
2021-07-27 00:17:09 查询号码 【1849357】，GSD为【""】
2021-07-27 00:17:09 bad
2021-07-27 00:17:12 CHB 1849357?1627316229 第 1 次 等待 3 秒
2021-07-27 00:17:15 CHB 1849357?1627316229 第 1 次 获取到号码【1849357】GSD
2021-07-27 00:17:15 获取到号码【1849357】的GSD为【浙江-杭州】
2021-07-27 00:17:25 GSD insert 第 1 次 等待 3 秒
2021-07-27 00:17:28 {"status":"ok","gid":407274,"msg":"添加成功！"}

