2023-10-18 00:18:06 开始第 3725 次操作

2023-10-18 00:18:06 开始操作号码 【1913627】
2023-10-18 00:18:08 GSD getOne 第 1 次 等待 3 秒
2023-10-18 00:18:11 查询号码 【1913627】，返回信息 {"status":"ok","msg":"四川-成都","gid":"504483","time_insert":"2021-08-11 20:45"}
2023-10-18 00:18:11 查询号码 【1913627】，GSD为【"四川-成都"】

2023-10-18 00:18:13 开始第 3726 次操作

2023-10-18 00:18:13 开始操作号码 【1913628】
2023-10-18 00:18:19 GSD getOne 第 1 次 等待 3 秒
2023-10-18 00:18:22 查询号码 【1913628】，返回信息 {"status":"ok","msg":"四川-成都","gid":"504503","time_insert":"2021-08-11 20:58"}
2023-10-18 00:18:22 查询号码 【1913628】，GSD为【"四川-成都"】

2023-10-18 00:18:23 开始第 3727 次操作

2023-10-18 00:18:23 开始操作号码 【1913629】
2023-10-18 00:18:28 GSD getOne 第 1 次 等待 3 秒
2023-10-18 00:18:31 查询号码 【1913629】，返回信息 {"status":"ok","msg":"四川-成都","gid":"504524","time_insert":"2021-08-11 21:12"}
2023-10-18 00:18:31 查询号码 【1913629】，GSD为【"四川-成都"】

2023-10-18 00:18:32 开始第 3728 次操作

2023-10-18 00:18:32 开始操作号码 【1913630】
2023-10-18 00:18:36 GSD getOne 第 1 次 等待 3 秒
2023-10-18 00:18:39 查询号码 【1913630】，返回信息 {"status":"ok","msg":"四川-成都","gid":"504543","time_insert":"2021-08-11 21:28"}
2023-10-18 00:18:39 查询号码 【1913630】，GSD为【"四川-成都"】

