2021-07-04 00:00:23 开始第 10 次操作

2021-07-04 00:00:23 开始操作号码 【1667788】
2021-07-04 00:00:30 GSD getOne 第 1 次 等待 1 秒
2021-07-04 00:00:31 查询号码 【1667788】，返回信息 {"status":"bad","msg":""}
2021-07-04 00:00:31 查询号码 【1667788】，GSD为【""】
2021-07-04 00:00:31 bad
2021-07-04 00:00:34 CHB 1667788?1625328031 第 1 次 等待 1 秒
2021-07-04 00:00:35 CHB 1667788?1625328031 第 1 次 获取到号码【1667788】GSD
2021-07-04 00:00:35 获取到号码【1667788】的GSD为【广西-南宁】
2021-07-04 00:01:45 GSD insert 第 1 次 等待 1 秒
2021-07-04 00:01:46 {"status":"ok","msg":"添加成功！185567"}
2021-07-04 00:01:46 下次操作: 2021-07-04 00:02:00

2021-07-04 00:02:00 开始第 11 次操作

2021-07-04 00:02:00 开始操作号码 【1667789】
2021-07-04 00:02:13 GSD getOne 第 1 次 等待 1 秒
2021-07-04 00:02:14 查询号码 【1667789】，返回信息 {"status":"bad","msg":""}
2021-07-04 00:02:14 查询号码 【1667789】，GSD为【""】
2021-07-04 00:02:15 bad
2021-07-04 00:02:16 CHB 1667789?1625328135 第 1 次 等待 1 秒
2021-07-04 00:02:17 CHB 1667789?1625328135 第 1 次 获取到号码【1667789】GSD
2021-07-04 00:02:17 获取到号码【1667789】的GSD为【广西-北海】
2021-07-04 00:02:36 GSD insert 第 1 次 等待 1 秒
2021-07-04 00:02:37 {"status":"ok","msg":"添加成功！185578"}
2021-07-04 00:02:37 下次操作: 2021-07-04 00:02:51

2021-07-04 00:02:51 开始第 12 次操作

2021-07-04 00:02:51 开始操作号码 【1667790】
2021-07-04 00:03:03 GSD getOne 第 1 次 等待 1 秒
2021-07-04 00:03:04 查询号码 【1667790】，返回信息 {"status":"bad","msg":""}
2021-07-04 00:03:04 查询号码 【1667790】，GSD为【""】
2021-07-04 00:03:04 bad
2021-07-04 00:03:06 CHB 1667790?1625328184 第 1 次 等待 1 秒
2021-07-04 00:03:07 CHB 1667790?1625328184 第 1 次 获取到号码【1667790】GSD
2021-07-04 00:03:07 获取到号码【1667790】的GSD为【广西-防城港】
2021-07-04 00:03:27 GSD insert 第 1 次 等待 1 秒
2021-07-04 00:03:28 {"status":"ok","msg":"添加成功！185586"}
2021-07-04 00:03:28 下次操作: 2021-07-04 00:03:45

2021-07-04 00:03:45 开始第 13 次操作

2021-07-04 00:03:45 开始操作号码 【1667791】
2021-07-04 00:03:55 GSD getOne 第 1 次 等待 1 秒
2021-07-04 00:03:56 查询号码 【1667791】，返回信息 {"status":"bad","msg":""}
2021-07-04 00:03:56 查询号码 【1667791】，GSD为【""】
2021-07-04 00:03:56 bad
2021-07-04 00:03:58 CHB 1667791?1625328236 第 1 次 等待 1 秒
2021-07-04 00:03:59 CHB 1667791?1625328236 第 1 次 获取到号码【1667791】GSD
2021-07-04 00:03:59 获取到号码【1667791】的GSD为【广西-玉林】
2021-07-04 00:04:27 GSD insert 第 1 次 等待 1 秒
2021-07-04 00:04:28 {"status":"ok","msg":"添加成功！185599"}
2021-07-04 00:04:28 下次操作: 2021-07-04 00:04:38

2021-07-04 00:04:38 开始第 14 次操作

2021-07-04 00:04:38 开始操作号码 【1667792】
2021-07-04 00:04:52 GSD getOne 第 1 次 等待 1 秒
2021-07-04 00:04:53 查询号码 【1667792】，返回信息 {"status":"bad","msg":""}
2021-07-04 00:04:54 查询号码 【1667792】，GSD为【""】
2021-07-04 00:04:54 bad
2021-07-04 00:04:55 CHB 1667792?1625328294 第 1 次 等待 1 秒
2021-07-04 00:04:56 CHB 1667792?1625328294 第 1 次 获取到号码【1667792】GSD
2021-07-04 00:04:56 获取到号码【1667792】的GSD为【广西-玉林】
2021-07-04 00:06:10 GSD insert 第 1 次 等待 1 秒
2021-07-04 00:06:11 {"status":"ok","msg":"添加成功！185617"}
2021-07-04 00:06:11 下次操作: 2021-07-04 00:06:22

2021-07-04 00:06:22 开始第 15 次操作

2021-07-04 00:06:22 开始操作号码 【1667793】
2021-07-04 00:06:35 GSD getOne 第 1 次 等待 1 秒
2021-07-04 00:06:36 查询号码 【1667793】，返回信息 {"status":"bad","msg":""}
2021-07-04 00:06:36 查询号码 【1667793】，GSD为【""】
2021-07-04 00:06:36 bad
2021-07-04 00:06:38 CHB 1667793?1625328396 第 1 次 等待 1 秒
2021-07-04 00:06:39 CHB 1667793?1625328396 第 1 次 获取到号码【1667793】GSD
2021-07-04 00:06:39 获取到号码【1667793】的GSD为【广西-玉林】
2021-07-04 00:06:58 GSD insert 第 1 次 等待 1 秒
2021-07-04 00:06:59 {"status":"ok","msg":"添加成功！185629"}
2021-07-04 00:06:59 下次操作: 2021-07-04 00:07:12

2021-07-04 00:07:12 开始第 16 次操作

2021-07-04 00:07:12 开始操作号码 【1667794】
2021-07-04 00:07:25 GSD getOne 第 1 次 等待 1 秒
2021-07-04 00:07:26 查询号码 【1667794】，返回信息 {"status":"bad","msg":""}
2021-07-04 00:07:26 查询号码 【1667794】，GSD为【""】
2021-07-04 00:07:26 bad
2021-07-04 00:07:28 CHB 1667794?1625328446 第 1 次 等待 1 秒
2021-07-04 00:07:29 CHB 1667794?1625328446 第 1 次 获取到号码【1667794】GSD
2021-07-04 00:07:29 获取到号码【1667794】的GSD为【广西-玉林】
2021-07-04 00:07:48 GSD insert 第 1 次 等待 1 秒
2021-07-04 00:07:49 {"status":"ok","msg":"添加成功！185639"}
2021-07-04 00:07:49 下次操作: 2021-07-04 00:08:00

2021-07-04 00:08:00 开始第 17 次操作

2021-07-04 00:08:00 开始操作号码 【1667795】
2021-07-04 00:08:19 GSD getOne 第 1 次 等待 1 秒
2021-07-04 00:08:20 查询号码 【1667795】，返回信息 {"status":"bad","msg":""}
2021-07-04 00:08:20 查询号码 【1667795】，GSD为【""】
2021-07-04 00:08:20 bad
2021-07-04 00:08:22 CHB 1667795?1625328500 第 1 次 等待 1 秒
2021-07-04 00:08:23 CHB 1667795?1625328500 第 1 次 获取到号码【1667795】GSD
2021-07-04 00:08:23 获取到号码【1667795】的GSD为【广西-玉林】
2021-07-04 00:08:44 GSD insert 第 1 次 等待 1 秒
2021-07-04 00:08:45 {"status":"ok","msg":"添加成功！185648"}
2021-07-04 00:08:45 下次操作: 2021-07-04 00:08:58

2021-07-04 00:08:58 开始第 18 次操作

2021-07-04 00:08:58 开始操作号码 【1667796】
2021-07-04 00:09:11 GSD getOne 第 1 次 等待 1 秒
2021-07-04 00:09:12 查询号码 【1667796】，返回信息 {"status":"bad","msg":""}
2021-07-04 00:09:12 查询号码 【1667796】，GSD为【""】
2021-07-04 00:09:12 bad
2021-07-04 00:09:13 CHB 1667796?1625328552 第 1 次 等待 1 秒
2021-07-04 00:09:15 CHB 1667796?1625328552 第 1 次 获取到号码【1667796】GSD
2021-07-04 00:09:15 获取到号码【1667796】的GSD为【广西-百色】
2021-07-04 00:09:51 GSD insert 第 1 次 等待 1 秒
2021-07-04 00:09:52 {"status":"ok","msg":"添加成功！185661"}
2021-07-04 00:09:52 下次操作: 2021-07-04 00:10:05

2021-07-04 00:10:05 开始第 19 次操作

2021-07-04 00:10:05 开始操作号码 【1667797】
2021-07-04 00:10:16 GSD getOne 第 1 次 等待 1 秒
2021-07-04 00:10:17 查询号码 【1667797】，返回信息 {"status":"bad","msg":""}
2021-07-04 00:10:17 查询号码 【1667797】，GSD为【""】
2021-07-04 00:10:17 bad
2021-07-04 00:10:19 CHB 1667797?1625328617 第 1 次 等待 1 秒
2021-07-04 00:10:20 CHB 1667797?1625328617 第 1 次 获取到号码【1667797】GSD
2021-07-04 00:10:20 获取到号码【1667797】的GSD为【广西-钦州】
2021-07-04 00:10:39 GSD insert 第 1 次 等待 1 秒
2021-07-04 00:10:40 {"status":"ok","msg":"添加成功！185671"}
2021-07-04 00:10:40 下次操作: 2021-07-04 00:10:53

2021-07-04 00:10:53 开始第 20 次操作

2021-07-04 00:10:53 开始操作号码 【1667798】
2021-07-04 00:11:05 GSD getOne 第 1 次 等待 1 秒
2021-07-04 00:11:06 查询号码 【1667798】，返回信息 {"status":"bad","msg":""}
2021-07-04 00:11:06 查询号码 【1667798】，GSD为【""】
2021-07-04 00:11:06 bad
2021-07-04 00:11:09 CHB 1667798?1625328666 第 1 次 等待 1 秒
2021-07-04 00:11:10 CHB 1667798?1625328666 第 1 次 获取到号码【1667798】GSD
2021-07-04 00:11:10 获取到号码【1667798】的GSD为【广西-北海】
2021-07-04 00:11:34 GSD insert 第 1 次 等待 1 秒
2021-07-04 00:11:35 {"status":"ok","msg":"添加成功！185680"}
2021-07-04 00:11:35 下次操作: 2021-07-04 00:11:44

2021-07-04 00:11:44 开始第 21 次操作

2021-07-04 00:11:44 开始操作号码 【1667799】
2021-07-04 00:12:21 GSD getOne 第 1 次 等待 1 秒
2021-07-04 00:12:22 查询号码 【1667799】，返回信息 {"status":"bad","msg":""}
2021-07-04 00:12:22 查询号码 【1667799】，GSD为【""】
2021-07-04 00:12:22 bad
2021-07-04 00:12:27 CHB 1667799?1625328742 第 1 次 等待 1 秒
2021-07-04 00:12:28 CHB 1667799?1625328742 第 1 次 获取到号码【1667799】GSD
2021-07-04 00:12:28 获取到号码【1667799】的GSD为【广西-南宁】
2021-07-04 00:12:51 GSD insert 第 1 次 等待 1 秒
2021-07-04 00:12:52 {"status":"ok","msg":"添加成功！185700"}
2021-07-04 00:12:52 下次操作: 2021-07-04 00:13:00

2021-07-04 00:13:00 开始第 22 次操作

2021-07-04 00:13:00 开始操作号码 【1667800】
2021-07-04 00:13:19 GSD getOne 第 1 次 等待 1 秒
2021-07-04 00:13:20 查询号码 【1667800】，返回信息 {"status":"bad","msg":""}
2021-07-04 00:13:21 查询号码 【1667800】，GSD为【""】
2021-07-04 00:13:21 bad
2021-07-04 00:13:22 CHB 1667800?1625328801 第 1 次 等待 1 秒
2021-07-04 00:13:23 CHB 1667800?1625328801 第 1 次 获取到号码【1667800】GSD
2021-07-04 00:13:23 获取到号码【1667800】的GSD为【山东-临沂】
2021-07-04 00:13:45 GSD insert 第 1 次 等待 1 秒
2021-07-04 00:13:46 {"status":"ok","msg":"添加成功！185709"}
2021-07-04 00:13:46 下次操作: 2021-07-04 00:13:56

2021-07-04 00:13:56 开始第 23 次操作

2021-07-04 00:13:56 开始操作号码 【1667801】
2021-07-04 00:14:09 GSD getOne 第 1 次 等待 1 秒
2021-07-04 00:14:10 查询号码 【1667801】，返回信息 {"status":"bad","msg":""}
2021-07-04 00:14:10 查询号码 【1667801】，GSD为【""】
2021-07-04 00:14:10 bad
2021-07-04 00:14:12 CHB 1667801?1625328850 第 1 次 等待 1 秒
2021-07-04 00:14:13 CHB 1667801?1625328850 第 1 次 获取到号码【1667801】GSD
2021-07-04 00:14:13 获取到号码【1667801】的GSD为【山东-临沂】
2021-07-04 00:14:33 GSD insert 第 1 次 等待 1 秒
2021-07-04 00:14:34 {"status":"ok","msg":"添加成功！185718"}
2021-07-04 00:14:34 下次操作: 2021-07-04 00:14:47

2021-07-04 00:14:47 开始第 24 次操作

2021-07-04 00:14:47 开始操作号码 【1667802】
2021-07-04 00:15:06 GSD getOne 第 1 次 等待 1 秒
2021-07-04 00:15:07 查询号码 【1667802】，返回信息 {"status":"bad","msg":""}
2021-07-04 00:15:07 查询号码 【1667802】，GSD为【""】
2021-07-04 00:15:07 bad
2021-07-04 00:15:08 CHB 1667802?1625328907 第 1 次 等待 1 秒
2021-07-04 00:15:09 CHB 1667802?1625328907 第 1 次 获取到号码【1667802】GSD
2021-07-04 00:15:09 获取到号码【1667802】的GSD为【山东-临沂】
2021-07-04 00:15:29 GSD insert 第 1 次 等待 1 秒
2021-07-04 00:15:30 {"status":"ok","msg":"添加成功！185726"}
2021-07-04 00:15:30 下次操作: 2021-07-04 00:15:43

2021-07-04 00:15:43 开始第 25 次操作

2021-07-04 00:15:43 开始操作号码 【1667803】
2021-07-04 00:15:54 GSD getOne 第 1 次 等待 1 秒
2021-07-04 00:15:55 查询号码 【1667803】，返回信息 {"status":"ok","msg":"山东-临沂","time_insert":"2019-12-23 13:33","time_update":"2020-09-09 12:27"}
2021-07-04 00:15:55 查询号码 【1667803】，GSD为【"山东-临沂"】

2021-07-04 00:15:55 开始第 25 次操作

2021-07-04 00:15:55 开始操作号码 【1667804】
2021-07-04 00:16:31 GSD getOne 第 1 次 等待 1 秒
2021-07-04 00:16:32 查询号码 【1667804】，返回信息 {"status":"bad","msg":""}
2021-07-04 00:16:33 查询号码 【1667804】，GSD为【""】
2021-07-04 00:16:33 bad
2021-07-04 00:16:35 CHB 1667804?1625328993 第 1 次 等待 1 秒
2021-07-04 00:16:36 CHB 1667804?1625328993 第 1 次 获取到号码【1667804】GSD
2021-07-04 00:16:36 获取到号码【1667804】的GSD为【山东-临沂】
2021-07-04 00:16:56 GSD insert 第 1 次 等待 1 秒
2021-07-04 00:16:57 {"status":"ok","msg":"添加成功！185740"}
2021-07-04 00:16:57 下次操作: 2021-07-04 00:17:11

2021-07-04 00:17:11 开始第 26 次操作

2021-07-04 00:17:11 开始操作号码 【1667805】
2021-07-04 00:17:17 GSD getOne 第 1 次 等待 1 秒
2021-07-04 00:17:18 查询号码 【1667805】，返回信息 {"status":"bad","msg":""}
2021-07-04 00:17:19 查询号码 【1667805】，GSD为【""】
2021-07-04 00:17:19 bad
2021-07-04 00:17:21 CHB 1667805?1625329039 第 1 次 等待 1 秒
2021-07-04 00:17:22 CHB 1667805?1625329039 第 1 次 获取到号码【1667805】GSD
2021-07-04 00:17:22 获取到号码【1667805】的GSD为【山东-临沂】
2021-07-04 00:17:41 GSD insert 第 1 次 等待 1 秒
2021-07-04 00:17:42 {"status":"ok","msg":"添加成功！185747"}
2021-07-04 00:17:42 下次操作: 2021-07-04 00:17:49

2021-07-04 00:17:49 开始第 27 次操作

2021-07-04 00:17:49 开始操作号码 【1667806】
2021-07-04 00:18:25 GSD getOne 第 1 次 等待 1 秒
2021-07-04 00:18:26 查询号码 【1667806】，返回信息 {"status":"bad","msg":""}
2021-07-04 00:18:26 查询号码 【1667806】，GSD为【""】
2021-07-04 00:18:26 bad
2021-07-04 00:18:28 CHB 1667806?1625329106 第 1 次 等待 1 秒
2021-07-04 00:18:29 CHB 1667806?1625329106 第 1 次 获取到号码【1667806】GSD
2021-07-04 00:18:29 获取到号码【1667806】的GSD为【山东-临沂】
2021-07-04 00:18:49 GSD insert 第 1 次 等待 1 秒
2021-07-04 00:18:50 {"status":"ok","msg":"添加成功！185756"}
2021-07-04 00:18:50 下次操作: 2021-07-04 00:18:57

2021-07-04 00:18:57 开始第 28 次操作

2021-07-04 00:18:57 开始操作号码 【1667807】
2021-07-04 00:19:17 GSD getOne 第 1 次 等待 1 秒
2021-07-04 00:19:18 查询号码 【1667807】，返回信息 {"status":"bad","msg":""}
2021-07-04 00:19:18 查询号码 【1667807】，GSD为【""】
2021-07-04 00:19:18 bad
2021-07-04 00:19:20 CHB 1667807?1625329158 第 1 次 等待 1 秒
2021-07-04 00:19:21 CHB 1667807?1625329158 第 1 次 获取到号码【1667807】GSD
2021-07-04 00:19:21 获取到号码【1667807】的GSD为【山东-临沂】
2021-07-04 00:19:41 GSD insert 第 1 次 等待 1 秒
2021-07-04 00:19:42 {"status":"ok","msg":"添加成功！185760"}
2021-07-04 00:19:42 下次操作: 2021-07-04 00:19:55

2021-07-04 00:19:55 开始第 29 次操作

2021-07-04 00:19:55 开始操作号码 【1667808】
2021-07-04 00:20:07 GSD getOne 第 1 次 等待 1 秒
2021-07-04 00:20:08 查询号码 【1667808】，返回信息 {"status":"bad","msg":""}
2021-07-04 00:20:08 查询号码 【1667808】，GSD为【""】
2021-07-04 00:20:08 bad
2021-07-04 00:20:10 CHB 1667808?1625329208 第 1 次 等待 1 秒
2021-07-04 00:20:11 CHB 1667808?1625329208 第 1 次 获取到号码【1667808】GSD
2021-07-04 00:20:11 获取到号码【1667808】的GSD为【山东-临沂】
2021-07-04 00:20:30 GSD insert 第 1 次 等待 1 秒
2021-07-04 00:20:31 {"status":"ok","msg":"添加成功！185764"}
2021-07-04 00:20:31 下次操作: 2021-07-04 00:20:45

2021-07-04 00:20:45 开始第 30 次操作

2021-07-04 00:20:45 开始操作号码 【1667809】
2021-07-04 00:20:52 GSD getOne 第 1 次 等待 1 秒
2021-07-04 00:20:53 查询号码 【1667809】，返回信息 {"status":"bad","msg":""}
2021-07-04 00:20:53 查询号码 【1667809】，GSD为【""】
2021-07-04 00:20:53 bad
2021-07-04 00:20:56 CHB 1667809?1625329253 第 1 次 等待 1 秒
2021-07-04 00:20:57 CHB 1667809?1625329253 第 1 次 获取到号码【1667809】GSD
2021-07-04 00:20:58 获取到号码【1667809】的GSD为【山东-临沂】
2021-07-04 00:21:17 GSD insert 第 1 次 等待 1 秒
2021-07-04 00:21:18 {"status":"ok","msg":"添加成功！185767"}

