2023-09-28 00:18:00 开始第 297 次操作

2023-09-28 00:18:00 开始操作号码 【1910296】
2023-09-28 00:18:02 GSD getOne 第 1 次 等待 3 秒
2023-09-28 00:18:05 查询号码 【1910296】，返回信息 {"status":"ok","msg":"陕西-榆林","gid":"427975","time_insert":"2021-07-28 22:47"}
2023-09-28 00:18:05 查询号码 【1910296】，GSD为【"陕西-榆林"】

2023-09-28 00:18:06 开始第 298 次操作

2023-09-28 00:18:06 开始操作号码 【1910297】
2023-09-28 00:18:08 GSD getOne 第 1 次 等待 3 秒
2023-09-28 00:18:11 查询号码 【1910297】，返回信息 {"status":"ok","msg":"陕西-宝鸡","gid":"428155","time_insert":"2021-07-28 23:02"}
2023-09-28 00:18:11 查询号码 【1910297】，GSD为【"陕西-宝鸡"】

2023-09-28 00:18:12 开始第 299 次操作

2023-09-28 00:18:12 开始操作号码 【1910298】
2023-09-28 00:18:14 GSD getOne 第 1 次 等待 3 秒
2023-09-28 00:18:17 查询号码 【1910298】，返回信息 {"status":"ok","msg":"陕西-商洛","gid":"428219","time_insert":"2021-07-28 23:14"}
2023-09-28 00:18:17 查询号码 【1910298】，GSD为【"陕西-商洛"】

2023-09-28 00:18:18 开始第 300 次操作

2023-09-28 00:18:18 开始操作号码 【1910299】
2023-09-28 00:18:19 GSD getOne 第 1 次 等待 3 秒
2023-09-28 00:18:22 查询号码 【1910299】，返回信息 {"status":"ok","msg":"陕西-汉中","gid":"428231","time_insert":"2021-07-28 23:24"}
2023-09-28 00:18:22 查询号码 【1910299】，GSD为【"陕西-汉中"】

2023-09-28 00:39:19 开始第 301 次操作

2023-09-28 00:39:19 开始操作号码 【1910300】
2023-09-28 00:39:21 GSD getOne 第 1 次 等待 3 秒
2023-09-28 00:39:24 查询号码 【1910300】，返回信息 {"status":"ok","msg":"广东-河源","gid":"428245","time_insert":"2021-07-28 23:34"}
2023-09-28 00:39:24 查询号码 【1910300】，GSD为【"广东-河源"】

2023-09-28 00:39:25 开始第 302 次操作

2023-09-28 00:39:25 开始操作号码 【1910301】
2023-09-28 00:39:30 GSD getOne 第 1 次 等待 3 秒
2023-09-28 00:39:33 查询号码 【1910301】，返回信息 {"status":"ok","msg":"广东-云浮","gid":"428271","time_insert":"2021-07-28 23:48"}
2023-09-28 00:39:33 查询号码 【1910301】，GSD为【"广东-云浮"】

2023-09-28 00:39:34 开始第 303 次操作

2023-09-28 00:39:34 开始操作号码 【1910302】
2023-09-28 00:39:36 GSD getOne 第 1 次 等待 3 秒
2023-09-28 00:39:39 查询号码 【1910302】，返回信息 {"status":"ok","msg":"广东-汕头","gid":"428350","time_insert":"2021-07-29 00:02"}
2023-09-28 00:39:39 查询号码 【1910302】，GSD为【"广东-汕头"】

2023-09-28 00:39:40 开始第 304 次操作

2023-09-28 00:39:40 开始操作号码 【1910303】
2023-09-28 00:39:42 GSD getOne 第 1 次 等待 3 秒
2023-09-28 00:39:45 查询号码 【1910303】，返回信息 {"status":"ok","msg":"广东-佛山","gid":"428493","time_insert":"2021-07-29 00:14"}
2023-09-28 00:39:45 查询号码 【1910303】，GSD为【"广东-佛山"】

2023-09-28 01:12:32 开始第 305 次操作

2023-09-28 01:12:32 开始操作号码 【1910304】
2023-09-28 01:12:37 GSD getOne 第 1 次 等待 3 秒
2023-09-28 01:12:40 查询号码 【1910304】，返回信息 {"status":"ok","msg":"广东-茂名","gid":"428592","time_insert":"2021-07-29 00:26"}
2023-09-28 01:12:40 查询号码 【1910304】，GSD为【"广东-茂名"】

2023-09-28 01:12:41 开始第 306 次操作

2023-09-28 01:12:41 开始操作号码 【1910305】
2023-09-28 01:12:43 GSD getOne 第 1 次 等待 3 秒
2023-09-28 01:12:46 查询号码 【1910305】，返回信息 {"status":"ok","msg":"广东-茂名","gid":"428629","time_insert":"2021-07-29 00:40"}
2023-09-28 01:12:47 查询号码 【1910305】，GSD为【"广东-茂名"】

2023-09-28 01:12:48 开始第 307 次操作

2023-09-28 01:12:48 开始操作号码 【1910306】
2023-09-28 01:12:49 GSD getOne 第 1 次 等待 3 秒
2023-09-28 01:12:52 查询号码 【1910306】，返回信息 {"status":"ok","msg":"广东-茂名","gid":"428642","time_insert":"2021-07-29 00:54"}
2023-09-28 01:12:52 查询号码 【1910306】，GSD为【"广东-茂名"】

2023-09-28 01:12:53 开始第 308 次操作

2023-09-28 01:12:53 开始操作号码 【1910307】
2023-09-28 01:12:56 GSD getOne 第 1 次 等待 3 秒
2023-09-28 01:12:59 查询号码 【1910307】，返回信息 {"status":"ok","msg":"广东-肇庆","gid":"428709","time_insert":"2021-07-29 01:08"}
2023-09-28 01:13:00 查询号码 【1910307】，GSD为【"广东-肇庆"】

