2024-09-29 00:14:32 开始第 7237 次操作

2024-09-29 00:14:32 开始操作号码 【1377236】
2024-09-29 00:14:34 GSD getOne 第 1 次 等待 3 秒
2024-09-29 00:14:37 查询号码 【1377236】，返回信息 {"status":"ok","msg":"陕西-榆林","gid":"362227","time_insert":"2021-07-23 04:03"}
2024-09-29 00:14:37 查询号码 【1377236】，GSD为【"陕西-榆林"】

2024-09-29 00:14:38 开始第 7238 次操作

2024-09-29 00:14:38 开始操作号码 【1377237】
2024-09-29 00:14:41 GSD getOne 第 1 次 等待 3 秒
2024-09-29 00:14:44 查询号码 【1377237】，返回信息 {"status":"ok","msg":"陕西-榆林","gid":"362225","time_insert":"2021-07-23 04:03"}
2024-09-29 00:14:44 查询号码 【1377237】，GSD为【"陕西-榆林"】

2024-09-29 00:14:45 开始第 7239 次操作

2024-09-29 00:14:45 开始操作号码 【1377238】
2024-09-29 00:14:47 GSD getOne 第 1 次 等待 3 秒
2024-09-29 00:14:50 查询号码 【1377238】，返回信息 {"status":"ok","msg":"陕西-榆林","gid":"10446","time_insert":"2016-10-06 02:04","time_update":"2020-12-10 07:31"}
2024-09-29 00:14:50 查询号码 【1377238】，GSD为【"陕西-榆林"】

2024-09-29 00:14:51 开始第 7240 次操作

2024-09-29 00:14:51 开始操作号码 【1377239】
2024-09-29 00:14:53 GSD getOne 第 1 次 等待 3 秒
2024-09-29 00:14:56 查询号码 【1377239】，返回信息 {"status":"ok","msg":"陕西-榆林","gid":"362218","time_insert":"2021-07-23 04:01"}
2024-09-29 00:14:56 查询号码 【1377239】，GSD为【"陕西-榆林"】

