2024-09-09 00:14:55 开始第 3693 次操作

2024-09-09 00:14:55 开始操作号码 【1373692】
2024-09-09 00:15:03 GSD getOne 第 1 次 等待 3 秒
2024-09-09 00:15:06 查询号码 【1373692】，返回信息 {"status":"ok","msg":"浙江-温州","gid":"169765","time_insert":"2021-07-01 22:50"}
2024-09-09 00:15:06 查询号码 【1373692】，GSD为【"浙江-温州"】

2024-09-09 00:15:07 开始第 3694 次操作

2024-09-09 00:15:07 开始操作号码 【1373693】
2024-09-09 00:15:15 GSD getOne 第 1 次 等待 3 秒
2024-09-09 00:15:18 查询号码 【1373693】，返回信息 {"status":"ok","msg":"浙江-温州","gid":"169919","time_insert":"2021-07-01 23:09"}
2024-09-09 00:15:18 查询号码 【1373693】，GSD为【"浙江-温州"】

2024-09-09 00:15:19 开始第 3695 次操作

2024-09-09 00:15:19 开始操作号码 【1373694】
2024-09-09 00:15:27 GSD getOne 第 1 次 等待 3 秒
2024-09-09 00:15:30 查询号码 【1373694】，返回信息 {"status":"ok","msg":"浙江-温州","gid":"9926","time_insert":"2017-05-12 07:58","time_update":"2020-08-28 15:05"}
2024-09-09 00:15:30 查询号码 【1373694】，GSD为【"浙江-温州"】

2024-09-09 00:15:31 开始第 3696 次操作

2024-09-09 00:15:31 开始操作号码 【1373695】
2024-09-09 00:15:39 GSD getOne 第 1 次 等待 3 秒
2024-09-09 00:15:42 查询号码 【1373695】，返回信息 {"status":"ok","msg":"浙江-温州","gid":"169976","time_insert":"2021-07-01 23:28"}
2024-09-09 00:15:42 查询号码 【1373695】，GSD为【"浙江-温州"】

