2023-12-28 00:17:33 开始第 5601 次操作

2023-12-28 00:17:33 开始操作号码 【1815503】
2023-12-28 00:17:37 GSD getOne 第 1 次 等待 3 秒
2023-12-28 00:17:40 查询号码 【1815503】，返回信息 {"status":"ok","msg":"安徽-滁州","gid":"417955","time_insert":"2021-07-27 22:44"}
2023-12-28 00:17:40 查询号码 【1815503】，GSD为【"安徽-滁州"】

2023-12-28 00:17:41 开始第 5602 次操作

2023-12-28 00:17:41 开始操作号码 【1815504】
2023-12-28 00:17:45 GSD getOne 第 1 次 等待 3 秒
2023-12-28 00:17:48 查询号码 【1815504】，返回信息 {"status":"ok","msg":"安徽-滁州","gid":"417945","time_insert":"2021-07-27 22:43"}
2023-12-28 00:17:48 查询号码 【1815504】，GSD为【"安徽-滁州"】

2023-12-28 00:17:49 开始第 5603 次操作

2023-12-28 00:17:49 开始操作号码 【1815505】
2023-12-28 00:17:53 GSD getOne 第 1 次 等待 3 秒
2023-12-28 00:17:56 查询号码 【1815505】，返回信息 {"status":"ok","msg":"安徽-滁州","gid":"417936","time_insert":"2021-07-27 22:42"}
2023-12-28 00:17:56 查询号码 【1815505】，GSD为【"安徽-滁州"】

2023-12-28 00:17:57 开始第 5604 次操作

2023-12-28 00:17:57 开始操作号码 【1815506】
2023-12-28 00:18:01 GSD getOne 第 1 次 等待 3 秒
2023-12-28 00:18:04 查询号码 【1815506】，返回信息 {"status":"ok","msg":"安徽-滁州","gid":"417925","time_insert":"2021-07-27 22:41"}
2023-12-28 00:18:04 查询号码 【1815506】，GSD为【"安徽-滁州"】

2023-12-28 00:40:18 开始第 5605 次操作

2023-12-28 00:40:18 开始操作号码 【1815507】
2023-12-28 00:40:22 GSD getOne 第 1 次 等待 3 秒
2023-12-28 00:40:25 查询号码 【1815507】，返回信息 {"status":"ok","msg":"安徽-滁州","gid":"417910","time_insert":"2021-07-27 22:39"}
2023-12-28 00:40:25 查询号码 【1815507】，GSD为【"安徽-滁州"】

2023-12-28 00:40:26 开始第 5606 次操作

2023-12-28 00:40:26 开始操作号码 【1815508】
2023-12-28 00:40:30 GSD getOne 第 1 次 等待 3 秒
2023-12-28 00:40:33 查询号码 【1815508】，返回信息 {"status":"ok","msg":"安徽-滁州","gid":"417900","time_insert":"2021-07-27 22:39"}
2023-12-28 00:40:33 查询号码 【1815508】，GSD为【"安徽-滁州"】

2023-12-28 00:40:34 开始第 5607 次操作

2023-12-28 00:40:34 开始操作号码 【1815509】
2023-12-28 00:40:38 GSD getOne 第 1 次 等待 3 秒
2023-12-28 00:40:41 查询号码 【1815509】，返回信息 {"status":"ok","msg":"安徽-滁州","gid":"417770","time_insert":"2021-07-27 22:03"}
2023-12-28 00:40:41 查询号码 【1815509】，GSD为【"安徽-滁州"】

2023-12-28 00:40:42 开始第 5608 次操作

2023-12-28 00:40:42 开始操作号码 【1815510】
2023-12-28 00:40:45 GSD getOne 第 1 次 等待 3 秒
2023-12-28 00:40:48 查询号码 【1815510】，返回信息 {"status":"ok","msg":"安徽-合肥","gid":"417764","time_insert":"2021-07-27 22:03"}
2023-12-28 00:40:48 查询号码 【1815510】，GSD为【"安徽-合肥"】

2023-12-28 01:12:00 开始第 5609 次操作

2023-12-28 01:12:00 开始操作号码 【1815511】
2023-12-28 01:12:04 GSD getOne 第 1 次 等待 3 秒
2023-12-28 01:12:07 查询号码 【1815511】，返回信息 {"status":"ok","msg":"安徽-合肥","gid":"417755","time_insert":"2021-07-27 22:02"}
2023-12-28 01:12:07 查询号码 【1815511】，GSD为【"安徽-合肥"】

2023-12-28 01:12:08 开始第 5610 次操作

2023-12-28 01:12:08 开始操作号码 【1815512】
2023-12-28 01:12:12 GSD getOne 第 1 次 等待 3 秒
2023-12-28 01:12:15 查询号码 【1815512】，返回信息 {"status":"ok","msg":"安徽-合肥","gid":"417746","time_insert":"2021-07-27 22:02"}
2023-12-28 01:12:15 查询号码 【1815512】，GSD为【"安徽-合肥"】

2023-12-28 01:12:16 开始第 5611 次操作

2023-12-28 01:12:16 开始操作号码 【1815513】
2023-12-28 01:12:19 GSD getOne 第 1 次 等待 3 秒
2023-12-28 01:12:22 查询号码 【1815513】，返回信息 {"status":"ok","msg":"安徽-合肥","gid":"417739","time_insert":"2021-07-27 22:01"}
2023-12-28 01:12:22 查询号码 【1815513】，GSD为【"安徽-合肥"】

2023-12-28 01:12:23 开始第 5612 次操作

2023-12-28 01:12:23 开始操作号码 【1815514】
2023-12-28 01:12:27 GSD getOne 第 1 次 等待 3 秒
2023-12-28 01:12:30 查询号码 【1815514】，返回信息 {"status":"ok","msg":"安徽-合肥","gid":"417731","time_insert":"2021-07-27 22:01"}
2023-12-28 01:12:30 查询号码 【1815514】，GSD为【"安徽-合肥"】

2023-12-28 01:36:11 开始第 5613 次操作

2023-12-28 01:36:11 开始操作号码 【1815515】
2023-12-28 01:36:15 GSD getOne 第 1 次 等待 3 秒
2023-12-28 01:36:18 查询号码 【1815515】，返回信息 {"status":"ok","msg":"安徽-合肥","gid":"417721","time_insert":"2021-07-27 22:00"}
2023-12-28 01:36:18 查询号码 【1815515】，GSD为【"安徽-合肥"】

2023-12-28 01:36:19 开始第 5614 次操作

2023-12-28 01:36:19 开始操作号码 【1815516】
2023-12-28 01:36:23 GSD getOne 第 1 次 等待 3 秒
2023-12-28 01:36:26 查询号码 【1815516】，返回信息 {"status":"ok","msg":"安徽-合肥","gid":"417712","time_insert":"2021-07-27 22:00"}
2023-12-28 01:36:26 查询号码 【1815516】，GSD为【"安徽-合肥"】

2023-12-28 01:36:27 开始第 5615 次操作

2023-12-28 01:36:27 开始操作号码 【1815517】
2023-12-28 01:36:30 GSD getOne 第 1 次 等待 3 秒
2023-12-28 01:36:33 查询号码 【1815517】，返回信息 {"status":"ok","msg":"安徽-合肥","gid":"417701","time_insert":"2021-07-27 21:59"}
2023-12-28 01:36:33 查询号码 【1815517】，GSD为【"安徽-合肥"】

2023-12-28 01:36:34 开始第 5616 次操作

2023-12-28 01:36:34 开始操作号码 【1815518】
2023-12-28 01:36:37 GSD getOne 第 1 次 等待 3 秒
2023-12-28 01:36:40 查询号码 【1815518】，返回信息 {"status":"ok","msg":"安徽-合肥","gid":"33733","time_insert":"2019-03-25 09:02","time_update":"2020-08-15 19:14"}
2023-12-28 01:36:40 查询号码 【1815518】，GSD为【"安徽-合肥"】

2023-12-28 02:16:45 开始第 5617 次操作

2023-12-28 02:16:45 开始操作号码 【1815519】
2023-12-28 02:16:50 GSD getOne 第 1 次 等待 3 秒
2023-12-28 02:16:53 查询号码 【1815519】，返回信息 {"status":"ok","msg":"安徽-合肥","gid":"417686","time_insert":"2021-07-27 21:58"}
2023-12-28 02:16:53 查询号码 【1815519】，GSD为【"安徽-合肥"】

2023-12-28 02:16:54 开始第 5618 次操作

2023-12-28 02:16:54 开始操作号码 【1815520】
2023-12-28 02:16:57 GSD getOne 第 1 次 等待 3 秒
2023-12-28 02:17:00 查询号码 【1815520】，返回信息 {"status":"ok","msg":"安徽-蚌埠","gid":"417675","time_insert":"2021-07-27 21:58"}
2023-12-28 02:17:00 查询号码 【1815520】，GSD为【"安徽-蚌埠"】

2023-12-28 02:17:01 开始第 5619 次操作

2023-12-28 02:17:01 开始操作号码 【1815521】
2023-12-28 02:17:05 GSD getOne 第 1 次 等待 3 秒
2023-12-28 02:17:08 查询号码 【1815521】，返回信息 {"status":"ok","msg":"安徽-蚌埠","gid":"417666","time_insert":"2021-07-27 21:57"}
2023-12-28 02:17:08 查询号码 【1815521】，GSD为【"安徽-蚌埠"】

2023-12-28 02:17:09 开始第 5620 次操作

2023-12-28 02:17:09 开始操作号码 【1815522】
2023-12-28 02:17:13 GSD getOne 第 1 次 等待 3 秒
2023-12-28 02:17:16 查询号码 【1815522】，返回信息 {"status":"ok","msg":"安徽-蚌埠","gid":"417657","time_insert":"2021-07-27 21:57"}
2023-12-28 02:17:16 查询号码 【1815522】，GSD为【"安徽-蚌埠"】

2023-12-28 02:35:52 开始第 5621 次操作

2023-12-28 02:35:52 开始操作号码 【1815523】
2023-12-28 02:35:55 GSD getOne 第 1 次 等待 3 秒
2023-12-28 02:35:58 查询号码 【1815523】，返回信息 {"status":"ok","msg":"安徽-蚌埠","gid":"417647","time_insert":"2021-07-27 21:56"}
2023-12-28 02:35:58 查询号码 【1815523】，GSD为【"安徽-蚌埠"】

2023-12-28 02:35:59 开始第 5622 次操作

2023-12-28 02:35:59 开始操作号码 【1815524】
2023-12-28 02:36:03 GSD getOne 第 1 次 等待 3 秒
2023-12-28 02:36:06 查询号码 【1815524】，返回信息 {"status":"ok","msg":"安徽-蚌埠","gid":"417633","time_insert":"2021-07-27 21:55"}
2023-12-28 02:36:06 查询号码 【1815524】，GSD为【"安徽-蚌埠"】

2023-12-28 02:36:07 开始第 5623 次操作

2023-12-28 02:36:07 开始操作号码 【1815525】
2023-12-28 02:36:11 GSD getOne 第 1 次 等待 3 秒
2023-12-28 02:36:14 查询号码 【1815525】，返回信息 {"status":"ok","msg":"安徽-蚌埠","gid":"417622","time_insert":"2021-07-27 21:55"}
2023-12-28 02:36:14 查询号码 【1815525】，GSD为【"安徽-蚌埠"】

2023-12-28 02:36:15 开始第 5624 次操作

2023-12-28 02:36:15 开始操作号码 【1815526】
2023-12-28 02:36:19 GSD getOne 第 1 次 等待 3 秒
2023-12-28 02:36:22 查询号码 【1815526】，返回信息 {"status":"ok","msg":"安徽-蚌埠","gid":"417608","time_insert":"2021-07-27 21:54"}
2023-12-28 02:36:22 查询号码 【1815526】，GSD为【"安徽-蚌埠"】

2023-12-28 03:11:12 开始第 5625 次操作

2023-12-28 03:11:12 开始操作号码 【1815527】
2023-12-28 03:11:16 GSD getOne 第 1 次 等待 3 秒
2023-12-28 03:11:19 查询号码 【1815527】，返回信息 {"status":"ok","msg":"安徽-蚌埠","gid":"417596","time_insert":"2021-07-27 21:53"}
2023-12-28 03:11:19 查询号码 【1815527】，GSD为【"安徽-蚌埠"】

2023-12-28 03:11:20 开始第 5626 次操作

2023-12-28 03:11:20 开始操作号码 【1815528】
2023-12-28 03:11:24 GSD getOne 第 1 次 等待 3 秒
2023-12-28 03:11:27 查询号码 【1815528】，返回信息 {"status":"ok","msg":"安徽-蚌埠","gid":"417584","time_insert":"2021-07-27 21:53"}
2023-12-28 03:11:27 查询号码 【1815528】，GSD为【"安徽-蚌埠"】

2023-12-28 03:11:28 开始第 5627 次操作

2023-12-28 03:11:28 开始操作号码 【1815529】
2023-12-28 03:11:31 GSD getOne 第 1 次 等待 3 秒
2023-12-28 03:11:34 查询号码 【1815529】，返回信息 {"status":"ok","msg":"安徽-蚌埠","gid":"417574","time_insert":"2021-07-27 21:52"}
2023-12-28 03:11:34 查询号码 【1815529】，GSD为【"安徽-蚌埠"】

2023-12-28 03:11:35 开始第 5628 次操作

2023-12-28 03:11:35 开始操作号码 【1815530】
2023-12-28 03:11:39 GSD getOne 第 1 次 等待 3 秒
2023-12-28 03:11:42 查询号码 【1815530】，返回信息 {"status":"ok","msg":"安徽-芜湖","gid":"417567","time_insert":"2021-07-27 21:51"}
2023-12-28 03:11:42 查询号码 【1815530】，GSD为【"安徽-芜湖"】

2023-12-28 03:35:51 开始第 5629 次操作

2023-12-28 03:35:51 开始操作号码 【1815531】
2023-12-28 03:35:55 GSD getOne 第 1 次 等待 3 秒
2023-12-28 03:35:58 查询号码 【1815531】，返回信息 {"status":"ok","msg":"安徽-芜湖","gid":"417553","time_insert":"2021-07-27 21:51"}
2023-12-28 03:35:58 查询号码 【1815531】，GSD为【"安徽-芜湖"】

2023-12-28 03:35:59 开始第 5630 次操作

2023-12-28 03:35:59 开始操作号码 【1815532】
2023-12-28 03:36:02 GSD getOne 第 1 次 等待 3 秒
2023-12-28 03:36:05 查询号码 【1815532】，返回信息 {"status":"ok","msg":"安徽-芜湖","gid":"417540","time_insert":"2021-07-27 21:50"}
2023-12-28 03:36:05 查询号码 【1815532】，GSD为【"安徽-芜湖"】

2023-12-28 03:36:06 开始第 5631 次操作

2023-12-28 03:36:06 开始操作号码 【1815533】
2023-12-28 03:36:10 GSD getOne 第 1 次 等待 3 秒
2023-12-28 03:36:13 查询号码 【1815533】，返回信息 {"status":"ok","msg":"安徽-芜湖","gid":"417531","time_insert":"2021-07-27 21:49"}
2023-12-28 03:36:13 查询号码 【1815533】，GSD为【"安徽-芜湖"】

2023-12-28 03:36:14 开始第 5632 次操作

2023-12-28 03:36:14 开始操作号码 【1815534】
2023-12-28 03:36:18 GSD getOne 第 1 次 等待 3 秒
2023-12-28 03:36:21 查询号码 【1815534】，返回信息 {"status":"ok","msg":"安徽-芜湖","gid":"417521","time_insert":"2021-07-27 21:49"}
2023-12-28 03:36:21 查询号码 【1815534】，GSD为【"安徽-芜湖"】

2023-12-28 04:14:05 开始第 5633 次操作

2023-12-28 04:14:05 开始操作号码 【1815535】
2023-12-28 04:14:09 GSD getOne 第 1 次 等待 3 秒
2023-12-28 04:14:12 查询号码 【1815535】，返回信息 {"status":"ok","msg":"安徽-芜湖","gid":"417510","time_insert":"2021-07-27 21:48"}
2023-12-28 04:14:12 查询号码 【1815535】，GSD为【"安徽-芜湖"】

2023-12-28 04:14:13 开始第 5634 次操作

2023-12-28 04:14:13 开始操作号码 【1815536】
2023-12-28 04:14:17 GSD getOne 第 1 次 等待 3 秒
2023-12-28 04:14:20 查询号码 【1815536】，返回信息 {"status":"ok","msg":"安徽-芜湖","gid":"417498","time_insert":"2021-07-27 21:47"}
2023-12-28 04:14:20 查询号码 【1815536】，GSD为【"安徽-芜湖"】

2023-12-28 04:14:21 开始第 5635 次操作

2023-12-28 04:14:21 开始操作号码 【1815537】
2023-12-28 04:14:25 GSD getOne 第 1 次 等待 3 秒
2023-12-28 04:14:28 查询号码 【1815537】，返回信息 {"status":"ok","msg":"安徽-芜湖","gid":"417490","time_insert":"2021-07-27 21:47"}
2023-12-28 04:14:28 查询号码 【1815537】，GSD为【"安徽-芜湖"】

2023-12-28 04:14:29 开始第 5636 次操作

2023-12-28 04:14:29 开始操作号码 【1815538】
2023-12-28 04:14:32 GSD getOne 第 1 次 等待 3 秒
2023-12-28 04:14:35 查询号码 【1815538】，返回信息 {"status":"ok","msg":"安徽-芜湖","gid":"417477","time_insert":"2021-07-27 21:46"}
2023-12-28 04:14:35 查询号码 【1815538】，GSD为【"安徽-芜湖"】

2023-12-28 04:35:55 开始第 5637 次操作

2023-12-28 04:35:55 开始操作号码 【1815539】
2023-12-28 04:35:59 GSD getOne 第 1 次 等待 3 秒
2023-12-28 04:36:02 查询号码 【1815539】，返回信息 {"status":"ok","msg":"安徽-芜湖","gid":"417464","time_insert":"2021-07-27 21:45"}
2023-12-28 04:36:02 查询号码 【1815539】，GSD为【"安徽-芜湖"】

2023-12-28 04:36:03 开始第 5638 次操作

2023-12-28 04:36:03 开始操作号码 【1815540】
2023-12-28 04:36:07 GSD getOne 第 1 次 等待 3 秒
2023-12-28 04:36:10 查询号码 【1815540】，返回信息 {"status":"ok","msg":"安徽-淮南","gid":"417453","time_insert":"2021-07-27 21:45"}
2023-12-28 04:36:10 查询号码 【1815540】，GSD为【"安徽-淮南"】

2023-12-28 04:36:11 开始第 5639 次操作

2023-12-28 04:36:11 开始操作号码 【1815541】
2023-12-28 04:36:15 GSD getOne 第 1 次 等待 3 秒
2023-12-28 04:36:18 查询号码 【1815541】，返回信息 {"status":"ok","msg":"安徽-淮南","gid":"417444","time_insert":"2021-07-27 21:44"}
2023-12-28 04:36:18 查询号码 【1815541】，GSD为【"安徽-淮南"】

2023-12-28 04:36:19 开始第 5640 次操作

2023-12-28 04:36:19 开始操作号码 【1815542】
2023-12-28 04:36:22 GSD getOne 第 1 次 等待 3 秒
2023-12-28 04:36:25 查询号码 【1815542】，返回信息 {"status":"ok","msg":"安徽-淮南","gid":"417433","time_insert":"2021-07-27 21:44"}
2023-12-28 04:36:25 查询号码 【1815542】，GSD为【"安徽-淮南"】

2023-12-28 05:12:20 开始第 5641 次操作

2023-12-28 05:12:20 开始操作号码 【1815543】
2023-12-28 05:12:24 GSD getOne 第 1 次 等待 3 秒
2023-12-28 05:12:27 查询号码 【1815543】，返回信息 {"status":"ok","msg":"安徽-淮南","gid":"417422","time_insert":"2021-07-27 21:43"}
2023-12-28 05:12:27 查询号码 【1815543】，GSD为【"安徽-淮南"】

2023-12-28 05:12:28 开始第 5642 次操作

2023-12-28 05:12:28 开始操作号码 【1815544】
2023-12-28 05:12:31 GSD getOne 第 1 次 等待 3 秒
2023-12-28 05:12:34 查询号码 【1815544】，返回信息 {"status":"ok","msg":"安徽-淮南","gid":"417409","time_insert":"2021-07-27 21:42"}
2023-12-28 05:12:34 查询号码 【1815544】，GSD为【"安徽-淮南"】

2023-12-28 05:12:35 开始第 5643 次操作

2023-12-28 05:12:35 开始操作号码 【1815545】
2023-12-28 05:12:39 GSD getOne 第 1 次 等待 3 秒
2023-12-28 05:12:42 查询号码 【1815545】，返回信息 {"status":"ok","msg":"安徽-淮南","gid":"417401","time_insert":"2021-07-27 21:42"}
2023-12-28 05:12:42 查询号码 【1815545】，GSD为【"安徽-淮南"】

2023-12-28 05:12:43 开始第 5644 次操作

2023-12-28 05:12:43 开始操作号码 【1815546】
2023-12-28 05:12:46 GSD getOne 第 1 次 等待 3 秒
2023-12-28 05:12:49 查询号码 【1815546】，返回信息 {"status":"ok","msg":"安徽-淮南","gid":"417392","time_insert":"2021-07-27 21:41"}
2023-12-28 05:12:49 查询号码 【1815546】，GSD为【"安徽-淮南"】

2023-12-28 05:35:37 开始第 5645 次操作

2023-12-28 05:35:37 开始操作号码 【1815547】
2023-12-28 05:35:41 GSD getOne 第 1 次 等待 3 秒
2023-12-28 05:35:44 查询号码 【1815547】，返回信息 {"status":"ok","msg":"安徽-淮南","gid":"417381","time_insert":"2021-07-27 21:41"}
2023-12-28 05:35:44 查询号码 【1815547】，GSD为【"安徽-淮南"】

2023-12-28 05:35:45 开始第 5646 次操作

2023-12-28 05:35:45 开始操作号码 【1815548】
2023-12-28 05:35:49 GSD getOne 第 1 次 等待 3 秒
2023-12-28 05:35:52 查询号码 【1815548】，返回信息 {"status":"ok","msg":"安徽-淮南","gid":"417364","time_insert":"2021-07-27 21:40"}
2023-12-28 05:35:52 查询号码 【1815548】，GSD为【"安徽-淮南"】

2023-12-28 05:35:53 开始第 5647 次操作

2023-12-28 05:35:53 开始操作号码 【1815549】
2023-12-28 05:35:56 GSD getOne 第 1 次 等待 3 秒
2023-12-28 05:35:59 查询号码 【1815549】，返回信息 {"status":"ok","msg":"安徽-淮南","gid":"417351","time_insert":"2021-07-27 21:39"}
2023-12-28 05:35:59 查询号码 【1815549】，GSD为【"安徽-淮南"】

2023-12-28 05:36:00 开始第 5648 次操作

2023-12-28 05:36:00 开始操作号码 【1815550】
2023-12-28 05:36:04 GSD getOne 第 1 次 等待 3 秒
2023-12-28 05:36:07 查询号码 【1815550】，返回信息 {"status":"ok","msg":"安徽-马鞍山","gid":"417239","time_insert":"2021-07-27 21:23"}
2023-12-28 05:36:07 查询号码 【1815550】，GSD为【"安徽-马鞍山"】

2023-12-28 06:12:38 开始第 5649 次操作

2023-12-28 06:12:38 开始操作号码 【1815551】
2023-12-28 06:12:42 GSD getOne 第 1 次 等待 3 秒
2023-12-28 06:12:45 查询号码 【1815551】，返回信息 {"status":"ok","msg":"安徽-马鞍山","gid":"417232","time_insert":"2021-07-27 21:23"}
2023-12-28 06:12:46 查询号码 【1815551】，GSD为【"安徽-马鞍山"】

2023-12-28 06:12:47 开始第 5650 次操作

2023-12-28 06:12:47 开始操作号码 【1815552】
2023-12-28 06:12:50 GSD getOne 第 1 次 等待 3 秒
2023-12-28 06:12:53 查询号码 【1815552】，返回信息 {"status":"ok","msg":"安徽-马鞍山","gid":"417226","time_insert":"2021-07-27 21:22"}
2023-12-28 06:12:53 查询号码 【1815552】，GSD为【"安徽-马鞍山"】

2023-12-28 06:12:54 开始第 5651 次操作

2023-12-28 06:12:54 开始操作号码 【1815553】
2023-12-28 06:12:58 GSD getOne 第 1 次 等待 3 秒
2023-12-28 06:13:01 查询号码 【1815553】，返回信息 {"status":"ok","msg":"安徽-马鞍山","gid":"56367","time_insert":"2021-04-30 20:28"}
2023-12-28 06:13:01 查询号码 【1815553】，GSD为【"安徽-马鞍山"】

2023-12-28 06:13:02 开始第 5652 次操作

2023-12-28 06:13:02 开始操作号码 【1815554】
2023-12-28 06:13:06 GSD getOne 第 1 次 等待 3 秒
2023-12-28 06:13:09 查询号码 【1815554】，返回信息 {"status":"ok","msg":"安徽-马鞍山","gid":"417219","time_insert":"2021-07-27 21:21"}
2023-12-28 06:13:09 查询号码 【1815554】，GSD为【"安徽-马鞍山"】

