2024-03-19 00:17:40 开始第 9741 次操作

2024-03-19 00:17:40 开始操作号码 【1709643】
2024-03-19 00:17:45 GSD getOne 第 1 次 等待 3 秒
2024-03-19 00:17:48 查询号码 【1709643】，返回信息 {"status":"ok","msg":"山东-青岛","gid":"208608","time_insert":"2021-07-06 19:51"}
2024-03-19 00:17:48 查询号码 【1709643】，GSD为【"山东-青岛"】

2024-03-19 00:17:49 开始第 9742 次操作

2024-03-19 00:17:49 开始操作号码 【1709644】
2024-03-19 00:17:54 GSD getOne 第 1 次 等待 3 秒
2024-03-19 00:17:57 查询号码 【1709644】，返回信息 {"status":"ok","msg":"山东-青岛","gid":"208615","time_insert":"2021-07-06 19:52"}
2024-03-19 00:17:57 查询号码 【1709644】，GSD为【"山东-青岛"】

2024-03-19 00:17:58 开始第 9743 次操作

2024-03-19 00:17:58 开始操作号码 【1709645】
2024-03-19 00:18:02 GSD getOne 第 1 次 等待 3 秒
2024-03-19 00:18:05 查询号码 【1709645】，返回信息 {"status":"ok","msg":"山东-青岛","gid":"208622","time_insert":"2021-07-06 19:53"}
2024-03-19 00:18:05 查询号码 【1709645】，GSD为【"山东-青岛"】

2024-03-19 00:18:06 开始第 9744 次操作

2024-03-19 00:18:06 开始操作号码 【1709646】
2024-03-19 00:18:11 GSD getOne 第 1 次 等待 3 秒
2024-03-19 00:18:14 查询号码 【1709646】，返回信息 {"status":"ok","msg":"山东-烟台","gid":"208627","time_insert":"2021-07-06 19:53"}
2024-03-19 00:18:14 查询号码 【1709646】，GSD为【"山东-烟台"】

2024-03-19 00:39:03 开始第 9745 次操作

2024-03-19 00:39:03 开始操作号码 【1709647】
2024-03-19 00:39:08 GSD getOne 第 1 次 等待 3 秒
2024-03-19 00:39:11 查询号码 【1709647】，返回信息 {"status":"ok","msg":"山东-烟台","gid":"208632","time_insert":"2021-07-06 19:54"}
2024-03-19 00:39:11 查询号码 【1709647】，GSD为【"山东-烟台"】

2024-03-19 00:39:12 开始第 9746 次操作

2024-03-19 00:39:12 开始操作号码 【1709648】
2024-03-19 00:39:16 GSD getOne 第 1 次 等待 3 秒
2024-03-19 00:39:19 查询号码 【1709648】，返回信息 {"status":"ok","msg":"山东-潍坊","gid":"208637","time_insert":"2021-07-06 19:55"}
2024-03-19 00:39:19 查询号码 【1709648】，GSD为【"山东-潍坊"】

2024-03-19 00:39:20 开始第 9747 次操作

2024-03-19 00:39:20 开始操作号码 【1709649】
2024-03-19 00:39:25 GSD getOne 第 1 次 等待 3 秒
2024-03-19 00:39:28 查询号码 【1709649】，返回信息 {"status":"ok","msg":"山东-潍坊","gid":"208645","time_insert":"2021-07-06 19:56"}
2024-03-19 00:39:28 查询号码 【1709649】，GSD为【"山东-潍坊"】

2024-03-19 00:39:29 开始第 9748 次操作

2024-03-19 00:39:29 开始操作号码 【1709650】
2024-03-19 00:39:34 GSD getOne 第 1 次 等待 3 秒
2024-03-19 00:39:37 查询号码 【1709650】，返回信息 {"status":"ok","msg":"云南-昆明","gid":"208650","time_insert":"2021-07-06 19:56"}
2024-03-19 00:39:37 查询号码 【1709650】，GSD为【"云南-昆明"】

