2023-12-24 00:16:26 开始第 4881 次操作

2023-12-24 00:16:26 开始操作号码 【1814783】
2023-12-24 00:16:33 GSD getOne 第 1 次 等待 3 秒
2023-12-24 00:16:36 查询号码 【1814783】，返回信息 {"status":"ok","msg":"内蒙古-鄂尔多斯","gid":"425429","time_insert":"2021-07-28 15:51"}
2023-12-24 00:16:36 查询号码 【1814783】，GSD为【"内蒙古-鄂尔多斯"】

2023-12-24 00:16:37 开始第 4882 次操作

2023-12-24 00:16:37 开始操作号码 【1814784】
2023-12-24 00:16:41 GSD getOne 第 1 次 等待 3 秒
2023-12-24 00:16:44 查询号码 【1814784】，返回信息 {"status":"ok","msg":"内蒙古-鄂尔多斯","gid":"425423","time_insert":"2021-07-28 15:51"}
2023-12-24 00:16:44 查询号码 【1814784】，GSD为【"内蒙古-鄂尔多斯"】

2023-12-24 00:16:45 开始第 4883 次操作

2023-12-24 00:16:45 开始操作号码 【1814785】
2023-12-24 00:16:55 GSD getOne 第 1 次 等待 3 秒
2023-12-24 00:16:58 查询号码 【1814785】，返回信息 {"status":"ok","msg":"内蒙古-鄂尔多斯","gid":"425415","time_insert":"2021-07-28 15:50"}
2023-12-24 00:16:58 查询号码 【1814785】，GSD为【"内蒙古-鄂尔多斯"】

2023-12-24 00:16:59 开始第 4884 次操作

2023-12-24 00:16:59 开始操作号码 【1814786】
2023-12-24 00:17:03 GSD getOne 第 1 次 等待 3 秒
2023-12-24 00:17:06 查询号码 【1814786】，返回信息 {"status":"ok","msg":"内蒙古-鄂尔多斯","gid":"425406","time_insert":"2021-07-28 15:49"}
2023-12-24 00:17:06 查询号码 【1814786】，GSD为【"内蒙古-鄂尔多斯"】

