2024-07-28 00:18:42 开始第 8425 次操作

2024-07-28 00:18:42 开始操作号码 【1488326】
2024-07-28 00:18:52 GSD getOne 第 1 次 等待 3 秒
2024-07-28 00:18:55 查询号码 【1488326】，返回信息 {"status":"ok","msg":"河北-石家庄","gid":"339931","time_insert":"2021-07-20 20:45","time_update":"2023-05-25 09:18"}
2024-07-28 00:18:55 查询号码 【1488326】，GSD为【"河北-石家庄"】

2024-07-28 00:18:56 开始第 8426 次操作

2024-07-28 00:18:56 开始操作号码 【1488327】
2024-07-28 00:19:05 GSD getOne 第 1 次 等待 3 秒
2024-07-28 00:19:08 查询号码 【1488327】，返回信息 {"status":"ok","msg":"河北-石家庄","gid":"339937","time_insert":"2021-07-20 20:50","time_update":"2023-05-25 09:28"}
2024-07-28 00:19:08 查询号码 【1488327】，GSD为【"河北-石家庄"】

2024-07-28 00:19:09 开始第 8427 次操作

2024-07-28 00:19:09 开始操作号码 【1488328】
2024-07-28 00:19:18 GSD getOne 第 1 次 等待 3 秒
2024-07-28 00:19:21 查询号码 【1488328】，返回信息 {"status":"ok","msg":"河北-石家庄","gid":"339944","time_insert":"2021-07-20 20:53","time_update":"2023-05-25 09:40"}
2024-07-28 00:19:21 查询号码 【1488328】，GSD为【"河北-石家庄"】

2024-07-28 00:19:22 开始第 8428 次操作

2024-07-28 00:19:22 开始操作号码 【1488329】
2024-07-28 00:19:31 GSD getOne 第 1 次 等待 3 秒
2024-07-28 00:19:34 查询号码 【1488329】，返回信息 {"status":"ok","msg":"河北-石家庄","gid":"339958","time_insert":"2021-07-20 20:57","time_update":"2023-05-25 09:51"}
2024-07-28 00:19:34 查询号码 【1488329】，GSD为【"河北-石家庄"】

2024-07-28 00:38:33 开始第 8429 次操作

2024-07-28 00:38:33 开始操作号码 【1488330】
2024-07-28 00:38:41 GSD getOne 第 1 次 等待 3 秒
2024-07-28 00:38:44 查询号码 【1488330】，返回信息 {"status":"ok","msg":"河北-石家庄","gid":"339978","time_insert":"2021-07-20 21:01","time_update":"2023-05-25 10:02"}
2024-07-28 00:38:44 查询号码 【1488330】，GSD为【"河北-石家庄"】

2024-07-28 00:38:45 开始第 8430 次操作

2024-07-28 00:38:45 开始操作号码 【1488331】
2024-07-28 00:38:53 GSD getOne 第 1 次 等待 3 秒
2024-07-28 00:38:56 查询号码 【1488331】，返回信息 {"status":"ok","msg":"河北-石家庄","gid":"340025","time_insert":"2021-07-20 21:08","time_update":"2023-05-25 10:10"}
2024-07-28 00:38:56 查询号码 【1488331】，GSD为【"河北-石家庄"】

2024-07-28 00:38:57 开始第 8431 次操作

2024-07-28 00:38:57 开始操作号码 【1488332】
2024-07-28 00:39:06 GSD getOne 第 1 次 等待 3 秒
2024-07-28 00:39:09 查询号码 【1488332】，返回信息 {"status":"ok","msg":"河北-石家庄","gid":"340059","time_insert":"2021-07-20 21:12","time_update":"2023-05-25 10:22"}
2024-07-28 00:39:09 查询号码 【1488332】，GSD为【"河北-石家庄"】

2024-07-28 00:39:10 开始第 8432 次操作

2024-07-28 00:39:10 开始操作号码 【1488333】
2024-07-28 00:39:18 GSD getOne 第 1 次 等待 3 秒
2024-07-28 00:39:21 查询号码 【1488333】，返回信息 {"status":"ok","msg":"河北-石家庄","gid":"340088","time_insert":"2021-07-20 21:16","time_update":"2023-05-25 10:34"}
2024-07-28 00:39:21 查询号码 【1488333】，GSD为【"河北-石家庄"】

