2024-05-02 00:17:47 开始第 6689 次操作

2024-05-02 00:17:47 开始操作号码 【1596592】
2024-05-02 00:17:59 GSD getOne 第 1 次 等待 3 秒
2024-05-02 00:18:02 查询号码 【1596592】，返回信息 {"status":"ok","msg":"山东-德州","gid":"125613","time_insert":"2021-06-25 05:02"}
2024-05-02 00:18:02 查询号码 【1596592】，GSD为【"山东-德州"】

2024-05-02 00:18:03 开始第 6690 次操作

2024-05-02 00:18:03 开始操作号码 【1596593】
2024-05-02 00:18:09 GSD getOne 第 1 次 等待 3 秒
2024-05-02 00:18:12 查询号码 【1596593】，返回信息 {"status":"ok","msg":"山东-德州","gid":"125609","time_insert":"2021-06-25 05:01"}
2024-05-02 00:18:12 查询号码 【1596593】，GSD为【"山东-德州"】

2024-05-02 00:18:13 开始第 6691 次操作

2024-05-02 00:18:13 开始操作号码 【1596594】
2024-05-02 00:18:19 GSD getOne 第 1 次 等待 3 秒
2024-05-02 00:18:22 查询号码 【1596594】，返回信息 {"status":"ok","msg":"山东-德州","gid":"125603","time_insert":"2021-06-25 05:00"}
2024-05-02 00:18:22 查询号码 【1596594】，GSD为【"山东-德州"】

2024-05-02 00:18:23 开始第 6692 次操作

2024-05-02 00:18:23 开始操作号码 【1596595】
2024-05-02 00:18:28 GSD getOne 第 1 次 等待 3 秒
2024-05-02 00:18:31 查询号码 【1596595】，返回信息 {"status":"ok","msg":"山东-德州","gid":"125598","time_insert":"2021-06-25 04:59"}
2024-05-02 00:18:31 查询号码 【1596595】，GSD为【"山东-德州"】

