2024-07-02 00:18:28 开始第 3801 次操作

2024-07-02 00:18:28 开始操作号码 【1483702】
2024-07-02 00:18:42 GSD getOne 第 1 次 等待 3 秒
2024-07-02 00:18:45 查询号码 【1483702】，返回信息 {"status":"ok","msg":"安徽-合肥","gid":"202651","time_insert":"2021-07-06 03:04"}
2024-07-02 00:18:45 查询号码 【1483702】，GSD为【"安徽-合肥"】

2024-07-02 00:18:46 开始第 3802 次操作

2024-07-02 00:18:46 开始操作号码 【1483703】
2024-07-02 00:19:00 GSD getOne 第 1 次 等待 3 秒
2024-07-02 00:19:03 查询号码 【1483703】，返回信息 {"status":"ok","msg":"安徽-合肥","gid":"202716","time_insert":"2021-07-06 03:09"}
2024-07-02 00:19:03 查询号码 【1483703】，GSD为【"安徽-合肥"】

2024-07-02 00:19:04 开始第 3803 次操作

2024-07-02 00:19:04 开始操作号码 【1483704】
2024-07-02 00:19:17 GSD getOne 第 1 次 等待 3 秒
2024-07-02 00:19:20 查询号码 【1483704】，返回信息 {"status":"ok","msg":"安徽-合肥","gid":"202756","time_insert":"2021-07-06 03:13"}
2024-07-02 00:19:21 查询号码 【1483704】，GSD为【"安徽-合肥"】

2024-07-02 00:19:22 开始第 3804 次操作

2024-07-02 00:19:22 开始操作号码 【1483705】
2024-07-02 00:19:35 GSD getOne 第 1 次 等待 3 秒
2024-07-02 00:19:38 查询号码 【1483705】，返回信息 {"status":"ok","msg":"安徽-合肥","gid":"202798","time_insert":"2021-07-06 03:19"}
2024-07-02 00:19:38 查询号码 【1483705】，GSD为【"安徽-合肥"】

