2024-10-12 00:15:39 开始第 9509 次操作

2024-10-12 00:15:39 开始操作号码 【1379508】
2024-10-12 00:15:59 GSD getOne 第 1 次 等待 3 秒
2024-10-12 00:16:02 查询号码 【1379508】，返回信息 {"status":"ok","msg":"辽宁-阜新","gid":"341146","time_insert":"2021-07-20 23:48"}
2024-10-12 00:16:02 查询号码 【1379508】，GSD为【"辽宁-阜新"】

2024-10-12 00:16:03 开始第 9510 次操作

2024-10-12 00:16:03 开始操作号码 【1379509】
2024-10-12 00:16:04 GSD getOne 第 1 次 等待 3 秒
2024-10-12 00:16:07 查询号码 【1379509】，返回信息 {"status":"ok","msg":"辽宁-阜新","gid":"341060","time_insert":"2021-07-20 23:19"}
2024-10-12 00:16:07 查询号码 【1379509】，GSD为【"辽宁-阜新"】

2024-10-12 00:16:08 开始第 9511 次操作

2024-10-12 00:16:08 开始操作号码 【1379510】
2024-10-12 00:16:11 GSD getOne 第 1 次 等待 3 秒
2024-10-12 00:16:14 查询号码 【1379510】，返回信息 {"status":"ok","msg":"辽宁-大连","gid":"341057","time_insert":"2021-07-20 23:18"}
2024-10-12 00:16:14 查询号码 【1379510】，GSD为【"辽宁-大连"】

2024-10-12 00:16:15 开始第 9512 次操作

2024-10-12 00:16:15 开始操作号码 【1379511】
2024-10-12 00:16:32 GSD getOne 第 1 次 等待 3 秒
2024-10-12 00:16:35 查询号码 【1379511】，返回信息 {"status":"ok","msg":"辽宁-大连","gid":"341053","time_insert":"2021-07-20 23:17"}
2024-10-12 00:16:35 查询号码 【1379511】，GSD为【"辽宁-大连"】

