2024-09-10 00:15:09 开始第 3869 次操作

2024-09-10 00:15:09 开始操作号码 【1373868】
2024-09-10 00:15:17 GSD getOne 第 1 次 等待 3 秒
2024-09-10 00:15:20 查询号码 【1373868】，返回信息 {"status":"ok","msg":"浙江-台州","gid":"183726","time_insert":"2021-07-03 18:56"}
2024-09-10 00:15:20 查询号码 【1373868】，GSD为【"浙江-台州"】

2024-09-10 00:15:21 开始第 3870 次操作

2024-09-10 00:15:21 开始操作号码 【1373869】
2024-09-10 00:15:29 GSD getOne 第 1 次 等待 3 秒
2024-09-10 00:15:32 查询号码 【1373869】，返回信息 {"status":"ok","msg":"浙江-台州","gid":"183824","time_insert":"2021-07-03 19:10"}
2024-09-10 00:15:32 查询号码 【1373869】，GSD为【"浙江-台州"】

2024-09-10 00:15:33 开始第 3871 次操作

2024-09-10 00:15:33 开始操作号码 【1373870】
2024-09-10 00:15:44 GSD getOne 第 1 次 等待 3 秒
2024-09-10 00:15:47 查询号码 【1373870】，返回信息 {"status":"ok","msg":"浙江-温州","gid":"183876","time_insert":"2021-07-03 19:22"}
2024-09-10 00:15:47 查询号码 【1373870】，GSD为【"浙江-温州"】

2024-09-10 00:15:48 开始第 3872 次操作

2024-09-10 00:15:48 开始操作号码 【1373871】
2024-09-10 00:15:56 GSD getOne 第 1 次 等待 3 秒
2024-09-10 00:15:59 查询号码 【1373871】，返回信息 {"status":"ok","msg":"浙江-温州","gid":"183906","time_insert":"2021-07-03 19:36"}
2024-09-10 00:15:59 查询号码 【1373871】，GSD为【"浙江-温州"】

2024-09-10 00:41:13 开始第 3873 次操作

2024-09-10 00:41:13 开始操作号码 【1373872】
2024-09-10 00:41:23 GSD getOne 第 1 次 等待 3 秒
2024-09-10 00:41:26 查询号码 【1373872】，返回信息 {"status":"ok","msg":"浙江-温州","gid":"184096","time_insert":"2021-07-03 19:49","time_update":"2021-07-03 23:20"}
2024-09-10 00:41:26 查询号码 【1373872】，GSD为【"浙江-温州"】

2024-09-10 00:41:27 开始第 3874 次操作

2024-09-10 00:41:27 开始操作号码 【1373873】
2024-09-10 00:41:34 GSD getOne 第 1 次 等待 3 秒
2024-09-10 00:41:37 查询号码 【1373873】，返回信息 {"status":"ok","msg":"浙江-温州","gid":"184222","time_insert":"2021-07-03 20:04"}
2024-09-10 00:41:37 查询号码 【1373873】，GSD为【"浙江-温州"】

2024-09-10 00:41:38 开始第 3875 次操作

2024-09-10 00:41:38 开始操作号码 【1373874】
2024-09-10 00:41:46 GSD getOne 第 1 次 等待 3 秒
2024-09-10 00:41:49 查询号码 【1373874】，返回信息 {"status":"ok","msg":"浙江-温州","gid":"184246","time_insert":"2021-07-03 20:17"}
2024-09-10 00:41:49 查询号码 【1373874】，GSD为【"浙江-温州"】

2024-09-10 00:41:50 开始第 3876 次操作

2024-09-10 00:41:50 开始操作号码 【1373875】
2024-09-10 00:41:58 GSD getOne 第 1 次 等待 3 秒
2024-09-10 00:42:01 查询号码 【1373875】，返回信息 {"status":"ok","msg":"浙江-温州","gid":"184265","time_insert":"2021-07-03 20:30"}
2024-09-10 00:42:01 查询号码 【1373875】，GSD为【"浙江-温州"】

2024-09-10 01:11:13 开始第 3877 次操作

2024-09-10 01:11:13 开始操作号码 【1373876】
2024-09-10 01:11:21 GSD getOne 第 1 次 等待 3 秒
2024-09-10 01:11:24 查询号码 【1373876】，返回信息 {"status":"ok","msg":"浙江-温州","gid":"184287","time_insert":"2021-07-03 20:41"}
2024-09-10 01:11:24 查询号码 【1373876】，GSD为【"浙江-温州"】

2024-09-10 01:11:25 开始第 3878 次操作

2024-09-10 01:11:25 开始操作号码 【1373877】
2024-09-10 01:11:33 GSD getOne 第 1 次 等待 3 秒
2024-09-10 01:11:36 查询号码 【1373877】，返回信息 {"status":"ok","msg":"浙江-温州","gid":"184311","time_insert":"2021-07-03 20:54"}
2024-09-10 01:11:36 查询号码 【1373877】，GSD为【"浙江-温州"】

2024-09-10 01:11:37 开始第 3879 次操作

2024-09-10 01:11:37 开始操作号码 【1373878】
2024-09-10 01:11:45 GSD getOne 第 1 次 等待 3 秒
2024-09-10 01:11:48 查询号码 【1373878】，返回信息 {"status":"ok","msg":"浙江-温州","gid":"184358","time_insert":"2021-07-03 21:07"}
2024-09-10 01:11:48 查询号码 【1373878】，GSD为【"浙江-温州"】

2024-09-10 01:11:49 开始第 3880 次操作

2024-09-10 01:11:49 开始操作号码 【1373879】
2024-09-10 01:11:58 GSD getOne 第 1 次 等待 3 秒
2024-09-10 01:12:01 查询号码 【1373879】，返回信息 {"status":"ok","msg":"浙江-温州","gid":"184523","time_insert":"2021-07-03 21:18"}
2024-09-10 01:12:01 查询号码 【1373879】，GSD为【"浙江-温州"】

