2024-07-05 00:18:14 开始第 4341 次操作

2024-07-05 00:18:14 开始操作号码 【1484242】
2024-07-05 00:18:24 GSD getOne 第 1 次 等待 3 秒
2024-07-05 00:18:27 查询号码 【1484242】，返回信息 {"status":"ok","msg":"上海-上海","gid":"216714","time_insert":"2021-07-07 19:46"}
2024-07-05 00:18:27 查询号码 【1484242】，GSD为【"上海-上海"】

2024-07-05 00:18:28 开始第 4342 次操作

2024-07-05 00:18:28 开始操作号码 【1484243】
2024-07-05 00:18:36 GSD getOne 第 1 次 等待 3 秒
2024-07-05 00:18:39 查询号码 【1484243】，返回信息 {"status":"ok","msg":"上海-上海","gid":"216778","time_insert":"2021-07-07 19:49"}
2024-07-05 00:18:39 查询号码 【1484243】，GSD为【"上海-上海"】

2024-07-05 00:18:40 开始第 4343 次操作

2024-07-05 00:18:40 开始操作号码 【1484244】
2024-07-05 00:18:49 GSD getOne 第 1 次 等待 3 秒
2024-07-05 00:18:52 查询号码 【1484244】，返回信息 {"status":"ok","msg":"上海-上海","gid":"216802","time_insert":"2021-07-07 19:52"}
2024-07-05 00:18:52 查询号码 【1484244】，GSD为【"上海-上海"】

2024-07-05 00:18:53 开始第 4344 次操作

2024-07-05 00:18:53 开始操作号码 【1484245】
2024-07-05 00:19:01 GSD getOne 第 1 次 等待 3 秒
2024-07-05 00:19:04 查询号码 【1484245】，返回信息 {"status":"ok","msg":"上海-上海","gid":"216813","time_insert":"2021-07-07 19:55"}
2024-07-05 00:19:04 查询号码 【1484245】，GSD为【"上海-上海"】

