2024-01-17 00:19:00 开始第 9197 次操作

2024-01-17 00:19:00 开始操作号码 【1819099】
2024-01-17 00:19:04 GSD getOne 第 1 次 等待 3 秒
2024-01-17 00:19:07 查询号码 【1819099】，返回信息 {"status":"ok","msg":"四川-成都","gid":"381822","time_insert":"2021-07-24 21:46"}
2024-01-17 00:19:07 查询号码 【1819099】，GSD为【"四川-成都"】

2024-01-17 00:19:08 开始第 9198 次操作

2024-01-17 00:19:08 开始操作号码 【1819100】
2024-01-17 00:19:12 GSD getOne 第 1 次 等待 3 秒
2024-01-17 00:19:15 查询号码 【1819100】，返回信息 {"status":"ok","msg":"陕西-咸阳","gid":"381808","time_insert":"2021-07-24 21:45"}
2024-01-17 00:19:15 查询号码 【1819100】，GSD为【"陕西-咸阳"】

2024-01-17 00:19:16 开始第 9199 次操作

2024-01-17 00:19:16 开始操作号码 【1819101】
2024-01-17 00:19:23 GSD getOne 第 1 次 等待 3 秒
2024-01-17 00:19:26 查询号码 【1819101】，返回信息 {"status":"ok","msg":"陕西-咸阳","gid":"381796","time_insert":"2021-07-24 21:44"}
2024-01-17 00:19:26 查询号码 【1819101】，GSD为【"陕西-咸阳"】

2024-01-17 00:19:27 开始第 9200 次操作

2024-01-17 00:19:27 开始操作号码 【1819102】
2024-01-17 00:19:31 GSD getOne 第 1 次 等待 3 秒
2024-01-17 00:19:34 查询号码 【1819102】，返回信息 {"status":"ok","msg":"陕西-西安","gid":"381783","time_insert":"2021-07-24 21:43"}
2024-01-17 00:19:34 查询号码 【1819102】，GSD为【"陕西-西安"】

