2024-07-15 00:29:56 开始第 6121 次操作

2024-07-15 00:29:56 开始操作号码 【1486022】
2024-07-15 00:30:04 GSD getOne 第 1 次 等待 3 秒
2024-07-15 00:30:07 查询号码 【1486022】，返回信息 {"status":"ok","msg":"广东-广州","gid":"264839","time_insert":"2021-07-13 11:50","time_update":"2023-09-02 14:44"}
2024-07-15 00:30:08 查询号码 【1486022】，GSD为【"广东-广州"】

2024-07-15 00:30:09 开始第 6122 次操作

2024-07-15 00:30:09 开始操作号码 【1486023】
2024-07-15 00:30:17 GSD getOne 第 1 次 等待 3 秒
2024-07-15 00:30:20 查询号码 【1486023】，返回信息 {"status":"ok","msg":"广东-广州","gid":"264911","time_insert":"2021-07-13 11:53","time_update":"2023-09-02 14:47"}
2024-07-15 00:30:20 查询号码 【1486023】，GSD为【"广东-广州"】

2024-07-15 00:30:21 开始第 6123 次操作

2024-07-15 00:30:21 开始操作号码 【1486024】
2024-07-15 00:30:31 GSD getOne 第 1 次 等待 3 秒
2024-07-15 00:30:34 查询号码 【1486024】，返回信息 {"status":"ok","msg":"广东-广州","gid":"264972","time_insert":"2021-07-13 11:58","time_update":"2023-09-02 15:13"}
2024-07-15 00:30:34 查询号码 【1486024】，GSD为【"广东-广州"】

2024-07-15 00:30:35 开始第 6124 次操作

2024-07-15 00:30:35 开始操作号码 【1486025】
2024-07-15 00:30:43 GSD getOne 第 1 次 等待 3 秒
2024-07-15 00:30:46 查询号码 【1486025】，返回信息 {"status":"ok","msg":"广东-广州","gid":"264995","time_insert":"2021-07-13 12:02","time_update":"2023-09-02 15:16"}
2024-07-15 00:30:46 查询号码 【1486025】，GSD为【"广东-广州"】

