2024-02-18 00:16:09 开始第 4329 次操作

2024-02-18 00:16:09 开始操作号码 【1704231】
2024-02-18 00:16:15 GSD getOne 第 1 次 等待 3 秒
2024-02-18 00:16:18 查询号码 【1704231】，返回信息 {"status":"ok","msg":"河南-焦作","gid":"146624","time_insert":"2021-06-28 13:22"}
2024-02-18 00:16:18 查询号码 【1704231】，GSD为【"河南-焦作"】

2024-02-18 00:16:19 开始第 4330 次操作

2024-02-18 00:16:19 开始操作号码 【1704232】
2024-02-18 00:16:24 GSD getOne 第 1 次 等待 3 秒
2024-02-18 00:16:27 查询号码 【1704232】，返回信息 {"status":"ok","msg":"河南-新乡","gid":"146627","time_insert":"2021-06-28 13:23"}
2024-02-18 00:16:27 查询号码 【1704232】，GSD为【"河南-新乡"】

2024-02-18 00:16:28 开始第 4331 次操作

2024-02-18 00:16:28 开始操作号码 【1704233】
2024-02-18 00:16:32 GSD getOne 第 1 次 等待 3 秒
2024-02-18 00:16:35 查询号码 【1704233】，返回信息 {"status":"ok","msg":"河南-新乡","gid":"146628","time_insert":"2021-06-28 13:23"}
2024-02-18 00:16:35 查询号码 【1704233】，GSD为【"河南-新乡"】

2024-02-18 00:16:36 开始第 4332 次操作

2024-02-18 00:16:36 开始操作号码 【1704234】
2024-02-18 00:16:40 GSD getOne 第 1 次 等待 3 秒
2024-02-18 00:16:43 查询号码 【1704234】，返回信息 {"status":"ok","msg":"河南-新乡","gid":"146651","time_insert":"2021-06-28 13:36"}
2024-02-18 00:16:43 查询号码 【1704234】，GSD为【"河南-新乡"】

