2021-07-30 00:00:18 开始第 23 次操作

2021-07-30 00:00:18 开始操作号码 【1846324】
2021-07-30 00:00:21 GSD getOne 第 1 次 等待 3 秒
2021-07-30 00:00:24 查询号码 【1846324】，返回信息 {"status":"bad","msg":""}
2021-07-30 00:00:24 查询号码 【1846324】，GSD为【""】
2021-07-30 00:00:24 bad
2021-07-30 00:00:25 CHB 1846324?1627574424 第 1 次 等待 3 秒
2021-07-30 00:00:28 CHB 1846324?1627574424 第 1 次 获取到号码【1846324】GSD
2021-07-30 00:00:28 获取到号码【1846324】的GSD为【山东-枣庄】
2021-07-30 00:00:31 GSD insert 第 1 次 等待 3 秒
2021-07-30 00:00:34 {"status":"ok","gid":438553,"msg":"添加成功！"}
2021-07-30 00:00:34 下次操作: 2021-07-30 00:00:52

2021-07-30 00:00:52 开始第 24 次操作

2021-07-30 00:00:52 开始操作号码 【1846323】
2021-07-30 00:00:57 GSD getOne 第 1 次 等待 3 秒
2021-07-30 00:01:00 查询号码 【1846323】，返回信息 {"status":"bad","msg":""}
2021-07-30 00:01:00 查询号码 【1846323】，GSD为【""】
2021-07-30 00:01:00 bad
2021-07-30 00:01:02 CHB 1846323?1627574460 第 1 次 等待 3 秒
2021-07-30 00:01:05 CHB 1846323?1627574460 第 1 次 获取到号码【1846323】GSD
2021-07-30 00:01:05 获取到号码【1846323】的GSD为【山东-枣庄】
2021-07-30 00:01:08 GSD insert 第 1 次 等待 3 秒
2021-07-30 00:01:11 {"status":"ok","gid":438563,"msg":"添加成功！"}
2021-07-30 00:01:11 下次操作: 2021-07-30 00:01:24

2021-07-30 00:01:24 开始第 25 次操作

2021-07-30 00:01:24 开始操作号码 【1846322】
2021-07-30 00:01:28 GSD getOne 第 1 次 等待 3 秒
2021-07-30 00:01:31 查询号码 【1846322】，返回信息 {"status":"bad","msg":""}
2021-07-30 00:01:31 查询号码 【1846322】，GSD为【""】
2021-07-30 00:01:31 bad
2021-07-30 00:01:33 CHB 1846322?1627574491 第 1 次 等待 3 秒
2021-07-30 00:01:36 CHB 1846322?1627574491 第 1 次 获取到号码【1846322】GSD
2021-07-30 00:01:36 获取到号码【1846322】的GSD为【山东-枣庄】
2021-07-30 00:01:39 GSD insert 第 1 次 等待 3 秒
2021-07-30 00:01:42 {"status":"ok","gid":438571,"msg":"添加成功！"}
2021-07-30 00:01:42 下次操作: 2021-07-30 00:02:00

2021-07-30 00:02:00 开始第 26 次操作

2021-07-30 00:02:00 开始操作号码 【1846321】
2021-07-30 00:02:04 GSD getOne 第 1 次 等待 3 秒
2021-07-30 00:02:07 查询号码 【1846321】，返回信息 {"status":"bad","msg":""}
2021-07-30 00:02:07 查询号码 【1846321】，GSD为【""】
2021-07-30 00:02:07 bad
2021-07-30 00:02:09 CHB 1846321?1627574527 第 1 次 等待 3 秒
2021-07-30 00:02:12 CHB 1846321?1627574527 第 1 次 获取到号码【1846321】GSD
2021-07-30 00:02:12 获取到号码【1846321】的GSD为【山东-枣庄】
2021-07-30 00:02:18 GSD insert 第 1 次 等待 3 秒
2021-07-30 00:02:21 {"status":"ok","gid":438580,"msg":"添加成功！"}
2021-07-30 00:02:21 下次操作: 2021-07-30 00:02:34

2021-07-30 00:02:34 开始第 27 次操作

2021-07-30 00:02:34 开始操作号码 【1846320】
2021-07-30 00:02:45 GSD getOne 第 1 次 等待 3 秒
2021-07-30 00:02:48 查询号码 【1846320】，返回信息 {"status":"bad","msg":""}
2021-07-30 00:02:48 查询号码 【1846320】，GSD为【""】
2021-07-30 00:02:48 bad
2021-07-30 00:02:50 CHB 1846320?1627574568 第 1 次 等待 3 秒
2021-07-30 00:02:53 CHB 1846320?1627574568 第 1 次 获取到号码【1846320】GSD
2021-07-30 00:02:53 获取到号码【1846320】的GSD为【山东-枣庄】
2021-07-30 00:02:58 GSD insert 第 1 次 等待 3 秒
2021-07-30 00:03:01 {"status":"ok","gid":438591,"msg":"添加成功！"}
2021-07-30 00:03:01 下次操作: 2021-07-30 00:03:24

2021-07-30 00:03:24 开始第 28 次操作

2021-07-30 00:03:24 开始操作号码 【1846319】
2021-07-30 00:03:27 GSD getOne 第 1 次 等待 3 秒
2021-07-30 00:03:30 查询号码 【1846319】，返回信息 {"status":"bad","msg":""}
2021-07-30 00:03:30 查询号码 【1846319】，GSD为【""】
2021-07-30 00:03:30 bad
2021-07-30 00:03:31 CHB 1846319?1627574610 第 1 次 等待 3 秒
2021-07-30 00:03:34 CHB 1846319?1627574610 第 1 次 获取到号码【1846319】GSD
2021-07-30 00:03:34 获取到号码【1846319】的GSD为【山东-威海】
2021-07-30 00:03:40 GSD insert 第 1 次 等待 3 秒
2021-07-30 00:03:43 {"status":"ok","gid":438602,"msg":"添加成功！"}
2021-07-30 00:03:43 下次操作: 2021-07-30 00:04:03

2021-07-30 00:04:03 开始第 29 次操作

2021-07-30 00:04:03 开始操作号码 【1846318】
2021-07-30 00:04:08 GSD getOne 第 1 次 等待 3 秒
2021-07-30 00:04:11 查询号码 【1846318】，返回信息 {"status":"bad","msg":""}
2021-07-30 00:04:11 查询号码 【1846318】，GSD为【""】
2021-07-30 00:04:11 bad
2021-07-30 00:04:12 CHB 1846318?1627574651 第 1 次 等待 3 秒
2021-07-30 00:04:15 CHB 1846318?1627574651 第 1 次 获取到号码【1846318】GSD
2021-07-30 00:04:15 获取到号码【1846318】的GSD为【山东-威海】
2021-07-30 00:04:20 GSD insert 第 1 次 等待 3 秒
2021-07-30 00:04:23 {"status":"ok","gid":438611,"msg":"添加成功！"}
2021-07-30 00:04:23 下次操作: 2021-07-30 00:04:47

2021-07-30 00:04:47 开始第 30 次操作

2021-07-30 00:04:47 开始操作号码 【1846317】
2021-07-30 00:04:50 GSD getOne 第 1 次 等待 3 秒
2021-07-30 00:04:53 查询号码 【1846317】，返回信息 {"status":"bad","msg":""}
2021-07-30 00:04:53 查询号码 【1846317】，GSD为【""】
2021-07-30 00:04:53 bad
2021-07-30 00:04:55 CHB 1846317?1627574693 第 1 次 等待 3 秒
2021-07-30 00:04:58 CHB 1846317?1627574693 第 1 次 获取到号码【1846317】GSD
2021-07-30 00:04:58 获取到号码【1846317】的GSD为【山东-威海】
2021-07-30 00:05:09 GSD insert 第 1 次 等待 3 秒
2021-07-30 00:05:12 {"status":"ok","gid":438617,"msg":"添加成功！"}
2021-07-30 00:05:12 下次操作: 2021-07-30 00:05:24

2021-07-30 00:05:24 开始第 31 次操作

2021-07-30 00:05:24 开始操作号码 【1846316】
2021-07-30 00:05:50 GSD getOne 第 1 次 等待 3 秒
2021-07-30 00:05:53 查询号码 【1846316】，返回信息 {"status":"bad","msg":""}
2021-07-30 00:05:53 查询号码 【1846316】，GSD为【""】
2021-07-30 00:05:53 bad
2021-07-30 00:05:55 CHB 1846316?1627574753 第 1 次 等待 3 秒
2021-07-30 00:05:58 CHB 1846316?1627574753 第 1 次 获取到号码【1846316】GSD
2021-07-30 00:05:58 获取到号码【1846316】的GSD为【山东-威海】
2021-07-30 00:06:01 GSD insert 第 1 次 等待 3 秒
2021-07-30 00:06:04 {"status":"ok","gid":438631,"msg":"添加成功！"}
2021-07-30 00:06:04 下次操作: 2021-07-30 00:06:25

2021-07-30 00:06:25 开始第 32 次操作

2021-07-30 00:06:25 开始操作号码 【1846315】
2021-07-30 00:06:30 GSD getOne 第 1 次 等待 3 秒
2021-07-30 00:06:33 查询号码 【1846315】，返回信息 {"status":"bad","msg":""}
2021-07-30 00:06:33 查询号码 【1846315】，GSD为【""】
2021-07-30 00:06:33 bad
2021-07-30 00:06:35 CHB 1846315?1627574793 第 1 次 等待 3 秒
2021-07-30 00:06:38 CHB 1846315?1627574793 第 1 次 获取到号码【1846315】GSD
2021-07-30 00:06:38 获取到号码【1846315】的GSD为【山东-威海】
2021-07-30 00:06:43 GSD insert 第 1 次 等待 3 秒
2021-07-30 00:06:46 {"status":"ok","gid":438642,"msg":"添加成功！"}
2021-07-30 00:06:46 下次操作: 2021-07-30 00:07:01

2021-07-30 00:07:01 开始第 33 次操作

2021-07-30 00:07:01 开始操作号码 【1846314】
2021-07-30 00:07:04 GSD getOne 第 1 次 等待 3 秒
2021-07-30 00:07:07 查询号码 【1846314】，返回信息 {"status":"bad","msg":""}
2021-07-30 00:07:07 查询号码 【1846314】，GSD为【""】
2021-07-30 00:07:07 bad
2021-07-30 00:07:08 CHB 1846314?1627574827 第 1 次 等待 3 秒
2021-07-30 00:07:11 CHB 1846314?1627574827 第 1 次 获取到号码【1846314】GSD
2021-07-30 00:07:11 获取到号码【1846314】的GSD为【山东-威海】
2021-07-30 00:07:30 GSD insert 第 1 次 等待 3 秒
2021-07-30 00:07:33 {"status":"ok","gid":438657,"msg":"添加成功！"}
2021-07-30 00:07:33 下次操作: 2021-07-30 00:07:49

2021-07-30 00:07:49 开始第 34 次操作

2021-07-30 00:07:49 开始操作号码 【1846313】
2021-07-30 00:07:53 GSD getOne 第 1 次 等待 3 秒
2021-07-30 00:07:56 查询号码 【1846313】，返回信息 {"status":"bad","msg":""}
2021-07-30 00:07:56 查询号码 【1846313】，GSD为【""】
2021-07-30 00:07:56 bad
2021-07-30 00:07:58 CHB 1846313?1627574876 第 1 次 等待 3 秒
2021-07-30 00:08:01 CHB 1846313?1627574876 第 1 次 获取到号码【1846313】GSD
2021-07-30 00:08:01 获取到号码【1846313】的GSD为【山东-威海】
2021-07-30 00:08:04 GSD insert 第 1 次 等待 3 秒
2021-07-30 00:08:07 {"status":"ok","gid":438667,"msg":"添加成功！"}
2021-07-30 00:08:07 下次操作: 2021-07-30 00:08:21

2021-07-30 00:08:21 开始第 35 次操作

2021-07-30 00:08:21 开始操作号码 【1846312】
2021-07-30 00:08:26 GSD getOne 第 1 次 等待 3 秒
2021-07-30 00:08:29 查询号码 【1846312】，返回信息 {"status":"bad","msg":""}
2021-07-30 00:08:29 查询号码 【1846312】，GSD为【""】
2021-07-30 00:08:29 bad
2021-07-30 00:08:34 CHB 1846312?1627574909 第 1 次 等待 3 秒
2021-07-30 00:08:37 CHB 1846312?1627574909 第 1 次 获取到号码【1846312】GSD
2021-07-30 00:08:37 获取到号码【1846312】的GSD为【山东-威海】
2021-07-30 00:08:41 GSD insert 第 1 次 等待 3 秒
2021-07-30 00:08:44 {"status":"ok","gid":438676,"msg":"添加成功！"}
2021-07-30 00:08:44 下次操作: 2021-07-30 00:09:05

2021-07-30 00:09:05 开始第 36 次操作

2021-07-30 00:09:05 开始操作号码 【1846311】
2021-07-30 00:09:12 GSD getOne 第 1 次 等待 3 秒
2021-07-30 00:09:15 查询号码 【1846311】，返回信息 {"status":"bad","msg":""}
2021-07-30 00:09:15 查询号码 【1846311】，GSD为【""】
2021-07-30 00:09:15 bad
2021-07-30 00:09:17 CHB 1846311?1627574955 第 1 次 等待 3 秒
2021-07-30 00:09:20 CHB 1846311?1627574955 第 1 次 获取到号码【1846311】GSD
2021-07-30 00:09:20 获取到号码【1846311】的GSD为【山东-威海】
2021-07-30 00:09:23 GSD insert 第 1 次 等待 3 秒
2021-07-30 00:09:26 {"status":"ok","gid":438685,"msg":"添加成功！"}
2021-07-30 00:09:26 下次操作: 2021-07-30 00:09:46

2021-07-30 00:09:46 开始第 37 次操作

2021-07-30 00:09:46 开始操作号码 【1846310】
2021-07-30 00:09:49 GSD getOne 第 1 次 等待 3 秒
2021-07-30 00:09:52 查询号码 【1846310】，返回信息 {"status":"bad","msg":""}
2021-07-30 00:09:52 查询号码 【1846310】，GSD为【""】
2021-07-30 00:09:52 bad
2021-07-30 00:09:57 CHB 1846310?1627574992 第 1 次 等待 3 秒
2021-07-30 00:10:00 CHB 1846310?1627574992 第 1 次 获取到号码【1846310】GSD
2021-07-30 00:10:01 获取到号码【1846310】的GSD为【山东-威海】
2021-07-30 00:10:04 GSD insert 第 1 次 等待 3 秒
2021-07-30 00:10:07 {"status":"ok","gid":438695,"msg":"添加成功！"}
2021-07-30 00:10:07 下次操作: 2021-07-30 00:10:27

2021-07-30 00:10:27 开始第 38 次操作

2021-07-30 00:10:28 开始操作号码 【1846309】
2021-07-30 00:10:42 GSD getOne 第 1 次 等待 3 秒
2021-07-30 00:10:45 查询号码 【1846309】，返回信息 {"status":"bad","msg":""}
2021-07-30 00:10:46 查询号码 【1846309】，GSD为【""】
2021-07-30 00:10:46 bad
2021-07-30 00:10:47 CHB 1846309?1627575046 第 1 次 等待 3 秒
2021-07-30 00:10:50 CHB 1846309?1627575046 第 1 次 获取到号码【1846309】GSD
2021-07-30 00:10:50 获取到号码【1846309】的GSD为【山东-淄博】
2021-07-30 00:11:25 GSD insert 第 1 次 等待 3 秒
2021-07-30 00:11:28 {"status":"ok","gid":438713,"msg":"添加成功！"}
2021-07-30 00:11:28 下次操作: 2021-07-30 00:11:43

2021-07-30 00:11:43 开始第 39 次操作

2021-07-30 00:11:43 开始操作号码 【1846308】
2021-07-30 00:11:46 GSD getOne 第 1 次 等待 3 秒
2021-07-30 00:11:49 查询号码 【1846308】，返回信息 {"status":"bad","msg":""}
2021-07-30 00:11:50 查询号码 【1846308】，GSD为【""】
2021-07-30 00:11:50 bad
2021-07-30 00:11:51 CHB 1846308?1627575110 第 1 次 等待 3 秒
2021-07-30 00:11:54 CHB 1846308?1627575110 第 1 次 获取到号码【1846308】GSD
2021-07-30 00:11:54 获取到号码【1846308】的GSD为【山东-淄博】
2021-07-30 00:11:57 GSD insert 第 1 次 等待 3 秒
2021-07-30 00:12:00 {"status":"ok","gid":438721,"msg":"添加成功！"}
2021-07-30 00:12:00 下次操作: 2021-07-30 00:12:20

2021-07-30 00:12:20 开始第 40 次操作

2021-07-30 00:12:20 开始操作号码 【1846307】
2021-07-30 00:12:23 GSD getOne 第 1 次 等待 3 秒
2021-07-30 00:12:26 查询号码 【1846307】，返回信息 {"status":"bad","msg":""}
2021-07-30 00:12:27 查询号码 【1846307】，GSD为【""】
2021-07-30 00:12:27 bad
2021-07-30 00:12:28 CHB 1846307?1627575147 第 1 次 等待 3 秒
2021-07-30 00:12:31 CHB 1846307?1627575147 第 1 次 获取到号码【1846307】GSD
2021-07-30 00:12:31 获取到号码【1846307】的GSD为【山东-潍坊】
2021-07-30 00:12:34 GSD insert 第 1 次 等待 3 秒
2021-07-30 00:12:37 {"status":"ok","gid":438731,"msg":"添加成功！"}

