2023-12-15 00:15:33 开始第 3269 次操作

2023-12-15 00:15:33 开始操作号码 【1813171】
2023-12-15 00:15:37 GSD getOne 第 1 次 等待 3 秒
2023-12-15 00:15:40 查询号码 【1813171】，返回信息 {"status":"ok","msg":"河北-沧州","gid":"440770","time_insert":"2021-07-30 04:49"}
2023-12-15 00:15:40 查询号码 【1813171】，GSD为【"河北-沧州"】

2023-12-15 00:15:41 开始第 3270 次操作

2023-12-15 00:15:41 开始操作号码 【1813172】
2023-12-15 00:15:45 GSD getOne 第 1 次 等待 3 秒
2023-12-15 00:15:48 查询号码 【1813172】，返回信息 {"status":"ok","msg":"河北-沧州","gid":"440760","time_insert":"2021-07-30 04:48"}
2023-12-15 00:15:48 查询号码 【1813172】，GSD为【"河北-沧州"】

2023-12-15 00:15:49 开始第 3271 次操作

2023-12-15 00:15:49 开始操作号码 【1813173】
2023-12-15 00:16:01 GSD getOne 第 1 次 等待 3 秒
2023-12-15 00:16:04 查询号码 【1813173】，返回信息 {"status":"ok","msg":"河北-唐山","gid":"440750","time_insert":"2021-07-30 04:47"}
2023-12-15 00:16:04 查询号码 【1813173】，GSD为【"河北-唐山"】

2023-12-15 00:16:06 开始第 3272 次操作

2023-12-15 00:16:06 开始操作号码 【1813174】
2023-12-15 00:16:09 GSD getOne 第 1 次 等待 3 秒
2023-12-15 00:16:12 查询号码 【1813174】，返回信息 {"status":"ok","msg":"河北-沧州","gid":"440740","time_insert":"2021-07-30 04:47"}
2023-12-15 00:16:12 查询号码 【1813174】，GSD为【"河北-沧州"】

2023-12-15 00:37:39 开始第 3273 次操作

2023-12-15 00:37:39 开始操作号码 【1813175】
2023-12-15 00:37:46 GSD getOne 第 1 次 等待 3 秒
2023-12-15 00:37:49 查询号码 【1813175】，返回信息 {"status":"ok","msg":"河北-唐山","gid":"440735","time_insert":"2021-07-30 04:46"}
2023-12-15 00:37:49 查询号码 【1813175】，GSD为【"河北-唐山"】

2023-12-15 00:37:50 开始第 3274 次操作

2023-12-15 00:37:50 开始操作号码 【1813176】
2023-12-15 00:37:54 GSD getOne 第 1 次 等待 3 秒
2023-12-15 00:37:57 查询号码 【1813176】，返回信息 {"status":"ok","msg":"河北-唐山","gid":"440727","time_insert":"2021-07-30 04:46"}
2023-12-15 00:37:57 查询号码 【1813176】，GSD为【"河北-唐山"】

2023-12-15 00:37:58 开始第 3275 次操作

2023-12-15 00:37:58 开始操作号码 【1813177】
2023-12-15 00:38:02 GSD getOne 第 1 次 等待 3 秒
2023-12-15 00:38:05 查询号码 【1813177】，返回信息 {"status":"ok","msg":"河北-沧州","gid":"440720","time_insert":"2021-07-30 04:45"}
2023-12-15 00:38:05 查询号码 【1813177】，GSD为【"河北-沧州"】

2023-12-15 00:38:06 开始第 3276 次操作

2023-12-15 00:38:06 开始操作号码 【1813178】
2023-12-15 00:38:10 GSD getOne 第 1 次 等待 3 秒
2023-12-15 00:38:13 查询号码 【1813178】，返回信息 {"status":"ok","msg":"河北-沧州","gid":"440711","time_insert":"2021-07-30 04:45"}
2023-12-15 00:38:13 查询号码 【1813178】，GSD为【"河北-沧州"】

2023-12-15 01:13:11 开始第 3277 次操作

2023-12-15 01:13:11 开始操作号码 【1813179】
2023-12-15 01:13:16 GSD getOne 第 1 次 等待 3 秒
2023-12-15 01:13:19 查询号码 【1813179】，返回信息 {"status":"ok","msg":"河北-沧州","gid":"440700","time_insert":"2021-07-30 04:44"}
2023-12-15 01:13:19 查询号码 【1813179】，GSD为【"河北-沧州"】

2023-12-15 01:13:20 开始第 3278 次操作

2023-12-15 01:13:20 开始操作号码 【1813180】
2023-12-15 01:13:23 GSD getOne 第 1 次 等待 3 秒
2023-12-15 01:13:26 查询号码 【1813180】，返回信息 {"status":"ok","msg":"河北-衡水","gid":"440692","time_insert":"2021-07-30 04:43"}
2023-12-15 01:13:26 查询号码 【1813180】，GSD为【"河北-衡水"】

2023-12-15 01:13:27 开始第 3279 次操作

2023-12-15 01:13:27 开始操作号码 【1813181】
2023-12-15 01:13:32 GSD getOne 第 1 次 等待 3 秒
2023-12-15 01:13:35 查询号码 【1813181】，返回信息 {"status":"ok","msg":"河北-衡水","gid":"440687","time_insert":"2021-07-30 04:43"}
2023-12-15 01:13:35 查询号码 【1813181】，GSD为【"河北-衡水"】

2023-12-15 01:13:36 开始第 3280 次操作

2023-12-15 01:13:36 开始操作号码 【1813182】
2023-12-15 01:13:39 GSD getOne 第 1 次 等待 3 秒
2023-12-15 01:13:42 查询号码 【1813182】，返回信息 {"status":"ok","msg":"河北-衡水","gid":"440678","time_insert":"2021-07-30 04:42"}
2023-12-15 01:13:42 查询号码 【1813182】，GSD为【"河北-衡水"】

2023-12-15 01:35:44 开始第 3281 次操作

2023-12-15 01:35:44 开始操作号码 【1813183】
2023-12-15 01:35:47 GSD getOne 第 1 次 等待 3 秒
2023-12-15 01:35:50 查询号码 【1813183】，返回信息 {"status":"ok","msg":"河北-邢台","gid":"440671","time_insert":"2021-07-30 04:41"}
2023-12-15 01:35:50 查询号码 【1813183】，GSD为【"河北-邢台"】

2023-12-15 01:35:51 开始第 3282 次操作

2023-12-15 01:35:51 开始操作号码 【1813184】
2023-12-15 01:35:55 GSD getOne 第 1 次 等待 3 秒
2023-12-15 01:35:58 查询号码 【1813184】，返回信息 {"status":"ok","msg":"河北-衡水","gid":"440664","time_insert":"2021-07-30 04:40"}
2023-12-15 01:35:58 查询号码 【1813184】，GSD为【"河北-衡水"】

2023-12-15 01:35:59 开始第 3283 次操作

2023-12-15 01:35:59 开始操作号码 【1813185】
2023-12-15 01:36:02 GSD getOne 第 1 次 等待 3 秒
2023-12-15 01:36:05 查询号码 【1813185】，返回信息 {"status":"ok","msg":"河北-邢台","gid":"440657","time_insert":"2021-07-30 04:40"}
2023-12-15 01:36:05 查询号码 【1813185】，GSD为【"河北-邢台"】

2023-12-15 01:36:06 开始第 3284 次操作

2023-12-15 01:36:06 开始操作号码 【1813186】
2023-12-15 01:36:09 GSD getOne 第 1 次 等待 3 秒
2023-12-15 01:36:12 查询号码 【1813186】，返回信息 {"status":"ok","msg":"河北-邢台","gid":"440649","time_insert":"2021-07-30 04:39"}
2023-12-15 01:36:12 查询号码 【1813186】，GSD为【"河北-邢台"】

2023-12-15 02:18:12 开始第 3285 次操作

2023-12-15 02:18:12 开始操作号码 【1813187】
2023-12-15 02:18:16 GSD getOne 第 1 次 等待 3 秒
2023-12-15 02:18:19 查询号码 【1813187】，返回信息 {"status":"ok","msg":"河北-承德","gid":"440645","time_insert":"2021-07-30 04:38"}
2023-12-15 02:18:19 查询号码 【1813187】，GSD为【"河北-承德"】

2023-12-15 02:18:20 开始第 3286 次操作

2023-12-15 02:18:20 开始操作号码 【1813188】
2023-12-15 02:18:23 GSD getOne 第 1 次 等待 3 秒
2023-12-15 02:18:26 查询号码 【1813188】，返回信息 {"status":"ok","msg":"河北-承德","gid":"440639","time_insert":"2021-07-30 04:38"}
2023-12-15 02:18:27 查询号码 【1813188】，GSD为【"河北-承德"】

2023-12-15 02:18:28 开始第 3287 次操作

2023-12-15 02:18:28 开始操作号码 【1813189】
2023-12-15 02:18:34 GSD getOne 第 1 次 等待 3 秒
2023-12-15 02:18:37 查询号码 【1813189】，返回信息 {"status":"ok","msg":"河北-承德","gid":"440580","time_insert":"2021-07-30 04:10"}
2023-12-15 02:18:37 查询号码 【1813189】，GSD为【"河北-承德"】

2023-12-15 02:18:38 开始第 3288 次操作

2023-12-15 02:18:38 开始操作号码 【1813190】
2023-12-15 02:18:42 GSD getOne 第 1 次 等待 3 秒
2023-12-15 02:18:45 查询号码 【1813190】，返回信息 {"status":"ok","msg":"河北-邢台","gid":"440573","time_insert":"2021-07-30 04:09"}
2023-12-15 02:18:45 查询号码 【1813190】，GSD为【"河北-邢台"】

