2024-02-04 00:16:40 开始第 1785 次操作

2024-02-04 00:16:40 开始操作号码 【1701687】
2024-02-04 00:16:44 GSD getOne 第 1 次 等待 3 秒
2024-02-04 00:16:47 查询号码 【1701687】，返回信息 {"status":"ok","msg":"江西-南昌","gid":"124190","time_insert":"2021-06-24 21:38"}
2024-02-04 00:16:47 查询号码 【1701687】，GSD为【"江西-南昌"】

2024-02-04 00:16:48 开始第 1786 次操作

2024-02-04 00:16:48 开始操作号码 【1701688】
2024-02-04 00:16:52 GSD getOne 第 1 次 等待 3 秒
2024-02-04 00:16:55 查询号码 【1701688】，返回信息 {"status":"ok","msg":"江西-南昌","gid":"124197","time_insert":"2021-06-24 21:39"}
2024-02-04 00:16:55 查询号码 【1701688】，GSD为【"江西-南昌"】

2024-02-04 00:16:56 开始第 1787 次操作

2024-02-04 00:16:56 开始操作号码 【1701689】
2024-02-04 00:17:01 GSD getOne 第 1 次 等待 3 秒
2024-02-04 00:17:04 查询号码 【1701689】，返回信息 {"status":"ok","msg":"江西-南昌","gid":"124203","time_insert":"2021-06-24 21:40"}
2024-02-04 00:17:04 查询号码 【1701689】，GSD为【"江西-南昌"】

2024-02-04 00:17:05 开始第 1788 次操作

2024-02-04 00:17:05 开始操作号码 【1701690】
2024-02-04 00:17:10 GSD getOne 第 1 次 等待 3 秒
2024-02-04 00:17:13 查询号码 【1701690】，返回信息 {"status":"ok","msg":"江西-赣州","gid":"124208","time_insert":"2021-06-24 21:41"}
2024-02-04 00:17:13 查询号码 【1701690】，GSD为【"江西-赣州"】

