2024-09-26 00:17:25 开始第 6709 次操作

2024-09-26 00:17:25 开始操作号码 【1376708】
2024-09-26 00:17:30 GSD getOne 第 1 次 等待 3 秒
2024-09-26 00:17:33 查询号码 【1376708】，返回信息 {"status":"ok","msg":"江西-南昌","gid":"366714","time_insert":"2021-07-23 14:52"}
2024-09-26 00:17:33 查询号码 【1376708】，GSD为【"江西-南昌"】

2024-09-26 00:17:34 开始第 6710 次操作

2024-09-26 00:17:34 开始操作号码 【1376709】
2024-09-26 00:18:36 GSD getOne 第 1 次 等待 3 秒
2024-09-26 00:18:39 查询号码 【1376709】，返回信息 {"status":"ok","msg":"江西-南昌","gid":"366495","time_insert":"2021-07-23 14:06"}
2024-09-26 00:18:39 查询号码 【1376709】，GSD为【"江西-南昌"】

2024-09-26 00:18:40 开始第 6711 次操作

2024-09-26 00:18:40 开始操作号码 【1376710】
2024-09-26 00:18:44 GSD getOne 第 1 次 等待 3 秒
2024-09-26 00:18:47 查询号码 【1376710】，返回信息 {"status":"ok","msg":"江西-南昌","gid":"366492","time_insert":"2021-07-23 14:05"}
2024-09-26 00:18:47 查询号码 【1376710】，GSD为【"江西-南昌"】

2024-09-26 00:18:48 开始第 6712 次操作

2024-09-26 00:18:48 开始操作号码 【1376711】
2024-09-26 00:18:50 GSD getOne 第 1 次 等待 3 秒
2024-09-26 00:18:53 查询号码 【1376711】，返回信息 {"status":"ok","msg":"江西-南昌","gid":"366486","time_insert":"2021-07-23 14:05"}
2024-09-26 00:18:53 查询号码 【1376711】，GSD为【"江西-南昌"】

