2023-09-27 00:17:49 开始第 117 次操作

2023-09-27 00:17:49 开始操作号码 【1910116】
2023-09-27 00:17:53 GSD getOne 第 1 次 等待 3 秒
2023-09-27 00:17:57 查询号码 【1910116】，返回信息 {"status":"ok","msg":"广西-柳州","gid":"411295","time_insert":"2021-07-27 08:44"}
2023-09-27 00:17:57 查询号码 【1910116】，GSD为【"广西-柳州"】

2023-09-27 00:17:58 开始第 118 次操作

2023-09-27 00:17:58 开始操作号码 【1910117】
2023-09-27 00:17:59 GSD getOne 第 1 次 等待 3 秒
2023-09-27 00:18:02 查询号码 【1910117】，返回信息 {"status":"ok","msg":"广西-柳州","gid":"411314","time_insert":"2021-07-27 08:58"}
2023-09-27 00:18:02 查询号码 【1910117】，GSD为【"广西-柳州"】

2023-09-27 00:18:03 开始第 119 次操作

2023-09-27 00:18:03 开始操作号码 【1910118】
2023-09-27 00:18:05 GSD getOne 第 1 次 等待 3 秒
2023-09-27 00:18:08 查询号码 【1910118】，返回信息 {"status":"ok","msg":"广西-柳州","gid":"411332","time_insert":"2021-07-27 09:09"}
2023-09-27 00:18:08 查询号码 【1910118】，GSD为【"广西-柳州"】

2023-09-27 00:18:09 开始第 120 次操作

2023-09-27 00:18:09 开始操作号码 【1910119】
2023-09-27 00:18:11 GSD getOne 第 1 次 等待 3 秒
2023-09-27 00:18:14 查询号码 【1910119】，返回信息 {"status":"ok","msg":"广西-柳州","gid":"411346","time_insert":"2021-07-27 09:20"}
2023-09-27 00:18:14 查询号码 【1910119】，GSD为【"广西-柳州"】

