2023-10-21 00:17:40 开始第 4265 次操作

2023-10-21 00:17:40 开始操作号码 【1914167】
2023-10-21 00:17:43 GSD getOne 第 1 次 等待 3 秒
2023-10-21 00:17:46 查询号码 【1914167】，返回信息 {"status":"ok","msg":"四川-成都","gid":"505324","time_insert":"2021-08-12 06:30"}
2023-10-21 00:17:46 查询号码 【1914167】，GSD为【"四川-成都"】

2023-10-21 00:17:47 开始第 4266 次操作

2023-10-21 00:17:47 开始操作号码 【1914168】
2023-10-21 00:17:50 GSD getOne 第 1 次 等待 3 秒
2023-10-21 00:17:53 查询号码 【1914168】，返回信息 {"status":"ok","msg":"四川-成都","gid":"505340","time_insert":"2021-08-12 06:42"}
2023-10-21 00:17:53 查询号码 【1914168】，GSD为【"四川-成都"】

2023-10-21 00:17:54 开始第 4267 次操作

2023-10-21 00:17:54 开始操作号码 【1914169】
2023-10-21 00:17:57 GSD getOne 第 1 次 等待 3 秒
2023-10-21 00:18:00 查询号码 【1914169】，返回信息 {"status":"ok","msg":"四川-成都","gid":"505359","time_insert":"2021-08-12 06:54"}
2023-10-21 00:18:00 查询号码 【1914169】，GSD为【"四川-成都"】

2023-10-21 00:18:01 开始第 4268 次操作

2023-10-21 00:18:01 开始操作号码 【1914170】
2023-10-21 00:18:03 GSD getOne 第 1 次 等待 3 秒
2023-10-21 00:18:06 查询号码 【1914170】，返回信息 {"status":"ok","msg":"四川-成都","gid":"495574","time_insert":"2021-08-04 09:50"}
2023-10-21 00:18:07 查询号码 【1914170】，GSD为【"四川-成都"】

