2023-12-16 00:18:35 开始第 3449 次操作

2023-12-16 00:18:35 开始操作号码 【1813351】
2023-12-16 00:18:40 GSD getOne 第 1 次 等待 3 秒
2023-12-16 00:18:43 查询号码 【1813351】，返回信息 {"status":"ok","msg":"河北-秦皇岛","gid":"438874","time_insert":"2021-07-30 01:05"}
2023-12-16 00:18:43 查询号码 【1813351】，GSD为【"河北-秦皇岛"】

2023-12-16 00:18:44 开始第 3450 次操作

2023-12-16 00:18:44 开始操作号码 【1813352】
2023-12-16 00:18:48 GSD getOne 第 1 次 等待 3 秒
2023-12-16 00:18:51 查询号码 【1813352】，返回信息 {"status":"ok","msg":"河北-秦皇岛","gid":"438865","time_insert":"2021-07-30 01:04","time_update":"2021-07-30 01:43"}
2023-12-16 00:18:51 查询号码 【1813352】，GSD为【"河北-秦皇岛"】

2023-12-16 00:18:52 开始第 3451 次操作

2023-12-16 00:18:52 开始操作号码 【1813353】
2023-12-16 00:18:56 GSD getOne 第 1 次 等待 3 秒
2023-12-16 00:18:59 查询号码 【1813353】，返回信息 {"status":"ok","msg":"河北-秦皇岛","gid":"438857","time_insert":"2021-07-30 01:03"}
2023-12-16 00:18:59 查询号码 【1813353】，GSD为【"河北-秦皇岛"】

2023-12-16 00:19:00 开始第 3452 次操作

2023-12-16 00:19:00 开始操作号码 【1813354】
2023-12-16 00:19:07 GSD getOne 第 1 次 等待 3 秒
2023-12-16 00:19:10 查询号码 【1813354】，返回信息 {"status":"ok","msg":"河北-秦皇岛","gid":"438751","time_insert":"2021-07-30 00:14"}
2023-12-16 00:19:10 查询号码 【1813354】，GSD为【"河北-秦皇岛"】

2023-12-16 00:38:54 开始第 3453 次操作

2023-12-16 00:38:54 开始操作号码 【1813355】
2023-12-16 00:38:58 GSD getOne 第 1 次 等待 3 秒
2023-12-16 00:39:01 查询号码 【1813355】，返回信息 {"status":"ok","msg":"河北-唐山","gid":"438744","time_insert":"2021-07-30 00:13"}
2023-12-16 00:39:01 查询号码 【1813355】，GSD为【"河北-唐山"】

2023-12-16 00:39:02 开始第 3454 次操作

2023-12-16 00:39:02 开始操作号码 【1813356】
2023-12-16 00:39:06 GSD getOne 第 1 次 等待 3 秒
2023-12-16 00:39:09 查询号码 【1813356】，返回信息 {"status":"ok","msg":"河北-唐山","gid":"438736","time_insert":"2021-07-30 00:13"}
2023-12-16 00:39:09 查询号码 【1813356】，GSD为【"河北-唐山"】

2023-12-16 00:39:10 开始第 3455 次操作

2023-12-16 00:39:10 开始操作号码 【1813357】
2023-12-16 00:39:15 GSD getOne 第 1 次 等待 3 秒
2023-12-16 00:39:18 查询号码 【1813357】，返回信息 {"status":"ok","msg":"河北-张家口","gid":"438725","time_insert":"2021-07-30 00:12"}
2023-12-16 00:39:18 查询号码 【1813357】，GSD为【"河北-张家口"】

2023-12-16 00:39:19 开始第 3456 次操作

2023-12-16 00:39:19 开始操作号码 【1813358】
2023-12-16 00:39:23 GSD getOne 第 1 次 等待 3 秒
2023-12-16 00:39:26 查询号码 【1813358】，返回信息 {"status":"ok","msg":"河北-张家口","gid":"438716","time_insert":"2021-07-30 00:11"}
2023-12-16 00:39:26 查询号码 【1813358】，GSD为【"河北-张家口"】

