2023-10-14 00:17:29 开始第 3005 次操作

2023-10-14 00:17:29 开始操作号码 【1912971】
2023-10-14 00:17:32 GSD getOne 第 1 次 等待 3 秒
2023-10-14 00:17:35 查询号码 【1912971】，返回信息 {"status":"ok","msg":"广东-湛江","gid":"503395","time_insert":"2021-08-11 06:47"}
2023-10-14 00:17:35 查询号码 【1912971】，GSD为【"广东-湛江"】

2023-10-14 00:17:36 开始第 3006 次操作

2023-10-14 00:17:36 开始操作号码 【1912972】
2023-10-14 00:17:41 GSD getOne 第 1 次 等待 3 秒
2023-10-14 00:17:44 查询号码 【1912972】，返回信息 {"status":"ok","msg":"广东-湛江","gid":"503411","time_insert":"2021-08-11 06:58"}
2023-10-14 00:17:44 查询号码 【1912972】，GSD为【"广东-湛江"】

2023-10-14 00:17:45 开始第 3007 次操作

2023-10-14 00:17:45 开始操作号码 【1912973】
2023-10-14 00:17:48 GSD getOne 第 1 次 等待 3 秒
2023-10-14 00:17:51 查询号码 【1912973】，返回信息 {"status":"ok","msg":"广东-湛江","gid":"503428","time_insert":"2021-08-11 07:11"}
2023-10-14 00:17:51 查询号码 【1912973】，GSD为【"广东-湛江"】

2023-10-14 00:17:52 开始第 3008 次操作

2023-10-14 00:17:52 开始操作号码 【1912974】
2023-10-14 00:17:55 GSD getOne 第 1 次 等待 3 秒
2023-10-14 00:17:58 查询号码 【1912974】，返回信息 {"status":"ok","msg":"广东-湛江","gid":"503446","time_insert":"2021-08-11 07:23"}
2023-10-14 00:17:58 查询号码 【1912974】，GSD为【"广东-湛江"】

