2024-09-21 00:15:26 开始第 5833 次操作

2024-09-21 00:15:26 开始操作号码 【1375832】
2024-09-21 00:15:29 GSD getOne 第 1 次 等待 3 秒
2024-09-21 00:15:32 查询号码 【1375832】，返回信息 {"status":"ok","msg":"浙江-嘉兴","gid":"10081","time_insert":"2017-04-20 16:08","time_update":"2020-08-28 18:10"}
2024-09-21 00:15:33 查询号码 【1375832】，GSD为【"浙江-嘉兴"】

2024-09-21 00:15:34 开始第 5834 次操作

2024-09-21 00:15:34 开始操作号码 【1375833】
2024-09-21 00:15:35 GSD getOne 第 1 次 等待 3 秒
2024-09-21 00:15:38 查询号码 【1375833】，返回信息 {"status":"ok","msg":"浙江-嘉兴","gid":"335424","time_insert":"2021-07-20 10:03"}
2024-09-21 00:15:38 查询号码 【1375833】，GSD为【"浙江-嘉兴"】

2024-09-21 00:15:39 开始第 5835 次操作

2024-09-21 00:15:39 开始操作号码 【1375834】
2024-09-21 00:15:43 GSD getOne 第 1 次 等待 3 秒
2024-09-21 00:15:46 查询号码 【1375834】，返回信息 {"status":"ok","msg":"浙江-嘉兴","gid":"335525","time_insert":"2021-07-20 10:18"}
2024-09-21 00:15:46 查询号码 【1375834】，GSD为【"浙江-嘉兴"】

2024-09-21 00:15:47 开始第 5836 次操作

2024-09-21 00:15:47 开始操作号码 【1375835】
2024-09-21 00:15:50 GSD getOne 第 1 次 等待 3 秒
2024-09-21 00:15:53 查询号码 【1375835】，返回信息 {"status":"ok","msg":"浙江-嘉兴","gid":"335553","time_insert":"2021-07-20 10:30"}
2024-09-21 00:15:53 查询号码 【1375835】，GSD为【"浙江-嘉兴"】

2024-09-21 00:41:54 开始第 5837 次操作

2024-09-21 00:41:54 开始操作号码 【1375836】
2024-09-21 00:41:56 GSD getOne 第 1 次 等待 3 秒
2024-09-21 00:41:59 查询号码 【1375836】，返回信息 {"status":"ok","msg":"浙江-嘉兴","gid":"335577","time_insert":"2021-07-20 10:43"}
2024-09-21 00:41:59 查询号码 【1375836】，GSD为【"浙江-嘉兴"】

2024-09-21 00:42:00 开始第 5838 次操作

2024-09-21 00:42:00 开始操作号码 【1375837】
2024-09-21 00:42:02 GSD getOne 第 1 次 等待 3 秒
2024-09-21 00:42:05 查询号码 【1375837】，返回信息 {"status":"ok","msg":"浙江-嘉兴","gid":"10082","time_insert":"2018-06-25 08:00","time_update":"2020-08-28 18:15"}
2024-09-21 00:42:05 查询号码 【1375837】，GSD为【"浙江-嘉兴"】

2024-09-21 00:42:06 开始第 5839 次操作

2024-09-21 00:42:06 开始操作号码 【1375838】
2024-09-21 00:42:09 GSD getOne 第 1 次 等待 3 秒
2024-09-21 00:42:12 查询号码 【1375838】，返回信息 {"status":"ok","msg":"浙江-嘉兴","gid":"10083","time_insert":"2018-05-10 16:16","time_update":"2020-08-28 18:20"}
2024-09-21 00:42:12 查询号码 【1375838】，GSD为【"浙江-嘉兴"】

2024-09-21 00:42:13 开始第 5840 次操作

2024-09-21 00:42:13 开始操作号码 【1375839】
2024-09-21 00:42:16 GSD getOne 第 1 次 等待 3 秒
2024-09-21 00:42:19 查询号码 【1375839】，返回信息 {"status":"ok","msg":"浙江-嘉兴","gid":"335710","time_insert":"2021-07-20 10:56"}
2024-09-21 00:42:19 查询号码 【1375839】，GSD为【"浙江-嘉兴"】

2024-09-21 01:11:00 开始第 5841 次操作

2024-09-21 01:11:00 开始操作号码 【1375840】
2024-09-21 01:11:17 GSD getOne 第 1 次 等待 3 秒
2024-09-21 01:11:20 查询号码 【1375840】，返回信息 {"status":"ok","msg":"浙江-温州","gid":"335889","time_insert":"2021-07-20 11:08"}
2024-09-21 01:11:20 查询号码 【1375840】，GSD为【"浙江-温州"】

2024-09-21 01:11:21 开始第 5842 次操作

2024-09-21 01:11:21 开始操作号码 【1375841】
2024-09-21 01:11:25 GSD getOne 第 1 次 等待 3 秒
2024-09-21 01:11:28 查询号码 【1375841】，返回信息 {"status":"ok","msg":"浙江-温州","gid":"335986","time_insert":"2021-07-20 11:20"}
2024-09-21 01:11:28 查询号码 【1375841】，GSD为【"浙江-温州"】

2024-09-21 01:11:29 开始第 5843 次操作

2024-09-21 01:11:29 开始操作号码 【1375842】
2024-09-21 01:11:36 GSD getOne 第 1 次 等待 3 秒
2024-09-21 01:11:39 查询号码 【1375842】，返回信息 {"status":"ok","msg":"浙江-温州","gid":"336023","time_insert":"2021-07-20 11:32"}
2024-09-21 01:11:39 查询号码 【1375842】，GSD为【"浙江-温州"】

2024-09-21 01:11:40 开始第 5844 次操作

2024-09-21 01:11:40 开始操作号码 【1375843】
2024-09-21 01:11:42 GSD getOne 第 1 次 等待 3 秒
2024-09-21 01:11:45 查询号码 【1375843】，返回信息 {"status":"ok","msg":"浙江-温州","gid":"336050","time_insert":"2021-07-20 11:42"}
2024-09-21 01:11:45 查询号码 【1375843】，GSD为【"浙江-温州"】

2024-09-21 01:35:52 开始第 5845 次操作

2024-09-21 01:35:52 开始操作号码 【1375844】
2024-09-21 01:35:55 GSD getOne 第 1 次 等待 3 秒
2024-09-21 01:35:58 查询号码 【1375844】，返回信息 {"status":"ok","msg":"浙江-温州","gid":"336186","time_insert":"2021-07-20 11:53"}
2024-09-21 01:35:58 查询号码 【1375844】，GSD为【"浙江-温州"】

2024-09-21 01:35:59 开始第 5846 次操作

2024-09-21 01:35:59 开始操作号码 【1375845】
2024-09-21 01:36:02 GSD getOne 第 1 次 等待 3 秒
2024-09-21 01:36:05 查询号码 【1375845】，返回信息 {"status":"ok","msg":"浙江-温州","gid":"336328","time_insert":"2021-07-20 12:03"}
2024-09-21 01:36:05 查询号码 【1375845】，GSD为【"浙江-温州"】

2024-09-21 01:36:06 开始第 5847 次操作

2024-09-21 01:36:06 开始操作号码 【1375846】
2024-09-21 01:36:08 GSD getOne 第 1 次 等待 3 秒
2024-09-21 01:36:11 查询号码 【1375846】，返回信息 {"status":"ok","msg":"浙江-温州","gid":"10084","time_insert":"2017-05-15 16:59","time_update":"2020-08-28 18:24"}
2024-09-21 01:36:11 查询号码 【1375846】，GSD为【"浙江-温州"】

2024-09-21 01:36:12 开始第 5848 次操作

2024-09-21 01:36:12 开始操作号码 【1375847】
2024-09-21 01:36:14 GSD getOne 第 1 次 等待 3 秒
2024-09-21 01:36:17 查询号码 【1375847】，返回信息 {"status":"ok","msg":"浙江-温州","gid":"336458","time_insert":"2021-07-20 12:17"}
2024-09-21 01:36:17 查询号码 【1375847】，GSD为【"浙江-温州"】

2024-09-21 02:16:55 开始第 5849 次操作

2024-09-21 02:16:55 开始操作号码 【1375848】
2024-09-21 02:16:58 GSD getOne 第 1 次 等待 3 秒
2024-09-21 02:17:01 查询号码 【1375848】，返回信息 {"status":"ok","msg":"浙江-温州","gid":"336488","time_insert":"2021-07-20 12:29"}
2024-09-21 02:17:01 查询号码 【1375848】，GSD为【"浙江-温州"】

2024-09-21 02:17:02 开始第 5850 次操作

2024-09-21 02:17:02 开始操作号码 【1375849】
2024-09-21 02:17:04 GSD getOne 第 1 次 等待 3 秒
2024-09-21 02:17:07 查询号码 【1375849】，返回信息 {"status":"ok","msg":"浙江-温州","gid":"336512","time_insert":"2021-07-20 12:43"}
2024-09-21 02:17:07 查询号码 【1375849】，GSD为【"浙江-温州"】

2024-09-21 02:17:08 开始第 5851 次操作

2024-09-21 02:17:08 开始操作号码 【1375850】
2024-09-21 02:17:10 GSD getOne 第 1 次 等待 3 秒
2024-09-21 02:17:13 查询号码 【1375850】，返回信息 {"status":"ok","msg":"浙江-绍兴","gid":"336600","time_insert":"2021-07-20 12:55","time_update":"2021-07-20 14:36"}
2024-09-21 02:17:13 查询号码 【1375850】，GSD为【"浙江-绍兴"】

2024-09-21 02:17:14 开始第 5852 次操作

2024-09-21 02:17:14 开始操作号码 【1375851】
2024-09-21 02:17:16 GSD getOne 第 1 次 等待 3 秒
2024-09-21 02:17:19 查询号码 【1375851】，返回信息 {"status":"ok","msg":"浙江-绍兴","gid":"336760","time_insert":"2021-07-20 13:07"}
2024-09-21 02:17:19 查询号码 【1375851】，GSD为【"浙江-绍兴"】

2024-09-21 02:41:40 开始第 5853 次操作

2024-09-21 02:41:40 开始操作号码 【1375852】
2024-09-21 02:41:43 GSD getOne 第 1 次 等待 3 秒
2024-09-21 02:41:46 查询号码 【1375852】，返回信息 {"status":"ok","msg":"浙江-绍兴","gid":"336867","time_insert":"2021-07-20 13:17"}
2024-09-21 02:41:46 查询号码 【1375852】，GSD为【"浙江-绍兴"】

2024-09-21 02:41:47 开始第 5854 次操作

2024-09-21 02:41:47 开始操作号码 【1375853】
2024-09-21 02:41:49 GSD getOne 第 1 次 等待 3 秒
2024-09-21 02:41:52 查询号码 【1375853】，返回信息 {"status":"ok","msg":"浙江-绍兴","gid":"10085","time_insert":"2018-08-16 17:43","time_update":"2020-08-28 18:28"}
2024-09-21 02:41:52 查询号码 【1375853】，GSD为【"浙江-绍兴"】

2024-09-21 02:41:53 开始第 5855 次操作

2024-09-21 02:41:53 开始操作号码 【1375854】
2024-09-21 02:41:55 GSD getOne 第 1 次 等待 3 秒
2024-09-21 02:41:58 查询号码 【1375854】，返回信息 {"status":"ok","msg":"浙江-绍兴","gid":"336923","time_insert":"2021-07-20 13:30"}
2024-09-21 02:41:58 查询号码 【1375854】，GSD为【"浙江-绍兴"】

2024-09-21 02:41:59 开始第 5856 次操作

2024-09-21 02:41:59 开始操作号码 【1375855】
2024-09-21 02:42:01 GSD getOne 第 1 次 等待 3 秒
2024-09-21 02:42:04 查询号码 【1375855】，返回信息 {"status":"ok","msg":"浙江-绍兴","gid":"337023","time_insert":"2021-07-20 13:42"}
2024-09-21 02:42:04 查询号码 【1375855】，GSD为【"浙江-绍兴"】

2024-09-21 03:10:04 开始第 5857 次操作

2024-09-21 03:10:04 开始操作号码 【1375856】
2024-09-21 03:10:06 GSD getOne 第 1 次 等待 3 秒
2024-09-21 03:10:09 查询号码 【1375856】，返回信息 {"status":"ok","msg":"浙江-绍兴","gid":"337171","time_insert":"2021-07-20 13:52"}
2024-09-21 03:10:09 查询号码 【1375856】，GSD为【"浙江-绍兴"】

2024-09-21 03:10:10 开始第 5858 次操作

2024-09-21 03:10:10 开始操作号码 【1375857】
2024-09-21 03:10:12 GSD getOne 第 1 次 等待 3 秒
2024-09-21 03:10:15 查询号码 【1375857】，返回信息 {"status":"ok","msg":"浙江-绍兴","gid":"337299","time_insert":"2021-07-20 14:06"}
2024-09-21 03:10:15 查询号码 【1375857】，GSD为【"浙江-绍兴"】

2024-09-21 03:10:16 开始第 5859 次操作

2024-09-21 03:10:16 开始操作号码 【1375858】
2024-09-21 03:10:19 GSD getOne 第 1 次 等待 3 秒
2024-09-21 03:10:22 查询号码 【1375858】，返回信息 {"status":"ok","msg":"浙江-绍兴","gid":"337343","time_insert":"2021-07-20 14:19"}
2024-09-21 03:10:22 查询号码 【1375858】，GSD为【"浙江-绍兴"】

2024-09-21 03:10:23 开始第 5860 次操作

2024-09-21 03:10:23 开始操作号码 【1375859】
2024-09-21 03:10:25 GSD getOne 第 1 次 等待 3 秒
2024-09-21 03:10:28 查询号码 【1375859】，返回信息 {"status":"ok","msg":"浙江-绍兴","gid":"337402","time_insert":"2021-07-20 14:34"}
2024-09-21 03:10:28 查询号码 【1375859】，GSD为【"浙江-绍兴"】

2024-09-21 03:35:12 开始第 5861 次操作

2024-09-21 03:35:12 开始操作号码 【1375860】
2024-09-21 03:35:15 GSD getOne 第 1 次 等待 3 秒
2024-09-21 03:35:18 查询号码 【1375860】，返回信息 {"status":"ok","msg":"浙江-台州","gid":"10086","time_insert":"2019-08-06 15:24","time_update":"2021-05-18 09:50"}
2024-09-21 03:35:18 查询号码 【1375860】，GSD为【"浙江-台州"】

2024-09-21 03:35:19 开始第 5862 次操作

2024-09-21 03:35:19 开始操作号码 【1375861】
2024-09-21 03:35:21 GSD getOne 第 1 次 等待 3 秒
2024-09-21 03:35:24 查询号码 【1375861】，返回信息 {"status":"ok","msg":"浙江-台州","gid":"61313","time_insert":"2021-05-18 09:51"}
2024-09-21 03:35:24 查询号码 【1375861】，GSD为【"浙江-台州"】

2024-09-21 03:35:25 开始第 5863 次操作

2024-09-21 03:35:25 开始操作号码 【1375862】
2024-09-21 03:35:27 GSD getOne 第 1 次 等待 3 秒
2024-09-21 03:35:30 查询号码 【1375862】，返回信息 {"status":"ok","msg":"浙江-台州","gid":"61314","time_insert":"2021-05-18 09:51"}
2024-09-21 03:35:30 查询号码 【1375862】，GSD为【"浙江-台州"】

2024-09-21 03:35:31 开始第 5864 次操作

2024-09-21 03:35:31 开始操作号码 【1375863】
2024-09-21 03:35:33 GSD getOne 第 1 次 等待 3 秒
2024-09-21 03:35:36 查询号码 【1375863】，返回信息 {"status":"ok","msg":"浙江-台州","gid":"10087","time_insert":"2018-09-26 15:33","time_update":"2020-08-29 11:23"}
2024-09-21 03:35:36 查询号码 【1375863】，GSD为【"浙江-台州"】

2024-09-21 04:14:04 开始第 5865 次操作

2024-09-21 04:14:04 开始操作号码 【1375864】
2024-09-21 04:14:07 GSD getOne 第 1 次 等待 3 秒
2024-09-21 04:14:10 查询号码 【1375864】，返回信息 {"status":"ok","msg":"浙江-台州","gid":"61315","time_insert":"2021-05-18 09:51"}
2024-09-21 04:14:10 查询号码 【1375864】，GSD为【"浙江-台州"】

2024-09-21 04:14:11 开始第 5866 次操作

2024-09-21 04:14:11 开始操作号码 【1375865】
2024-09-21 04:14:13 GSD getOne 第 1 次 等待 3 秒
2024-09-21 04:14:16 查询号码 【1375865】，返回信息 {"status":"ok","msg":"浙江-台州","gid":"10088","time_insert":"2019-09-29 10:10","time_update":"2020-08-29 11:28"}
2024-09-21 04:14:16 查询号码 【1375865】，GSD为【"浙江-台州"】

2024-09-21 04:14:17 开始第 5867 次操作

2024-09-21 04:14:17 开始操作号码 【1375866】
2024-09-21 04:14:19 GSD getOne 第 1 次 等待 3 秒
2024-09-21 04:14:22 查询号码 【1375866】，返回信息 {"status":"ok","msg":"浙江-台州","gid":"50683","time_insert":"2021-04-21 16:57"}
2024-09-21 04:14:22 查询号码 【1375866】，GSD为【"浙江-台州"】

2024-09-21 04:14:23 开始第 5868 次操作

2024-09-21 04:14:23 开始操作号码 【1375867】
2024-09-21 04:14:26 GSD getOne 第 1 次 等待 3 秒
2024-09-21 04:14:29 查询号码 【1375867】，返回信息 {"status":"ok","msg":"浙江-台州","gid":"10089","time_insert":"2018-09-26 17:48","time_update":"2020-08-29 11:31"}
2024-09-21 04:14:29 查询号码 【1375867】，GSD为【"浙江-台州"】

2024-09-21 04:36:05 开始第 5869 次操作

2024-09-21 04:36:05 开始操作号码 【1375868】
2024-09-21 04:36:08 GSD getOne 第 1 次 等待 3 秒
2024-09-21 04:36:11 查询号码 【1375868】，返回信息 {"status":"ok","msg":"浙江-台州","gid":"61317","time_insert":"2021-05-18 09:52"}
2024-09-21 04:36:11 查询号码 【1375868】，GSD为【"浙江-台州"】

2024-09-21 04:36:12 开始第 5870 次操作

2024-09-21 04:36:12 开始操作号码 【1375869】
2024-09-21 04:36:14 GSD getOne 第 1 次 等待 3 秒
2024-09-21 04:36:17 查询号码 【1375869】，返回信息 {"status":"ok","msg":"浙江-台州","gid":"10090","time_insert":"2015-04-15 20:45","time_update":"2021-05-18 09:50"}
2024-09-21 04:36:17 查询号码 【1375869】，GSD为【"浙江-台州"】

2024-09-21 04:36:18 开始第 5871 次操作

2024-09-21 04:36:18 开始操作号码 【1375870】
2024-09-21 04:36:20 GSD getOne 第 1 次 等待 3 秒
2024-09-21 04:36:23 查询号码 【1375870】，返回信息 {"status":"ok","msg":"浙江-温州","gid":"337456","time_insert":"2021-07-20 14:49"}
2024-09-21 04:36:23 查询号码 【1375870】，GSD为【"浙江-温州"】

2024-09-21 04:36:24 开始第 5872 次操作

2024-09-21 04:36:24 开始操作号码 【1375871】
2024-09-21 04:36:41 GSD getOne 第 1 次 等待 3 秒
2024-09-21 04:36:44 查询号码 【1375871】，返回信息 {"status":"ok","msg":"浙江-温州","gid":"10091","time_insert":"2020-04-28 21:09","time_update":"2021-05-18 09:55"}
2024-09-21 04:36:45 查询号码 【1375871】，GSD为【"浙江-温州"】

2024-09-21 05:11:53 开始第 5873 次操作

2024-09-21 05:11:53 开始操作号码 【1375872】
2024-09-21 05:11:56 GSD getOne 第 1 次 等待 3 秒
2024-09-21 05:11:59 查询号码 【1375872】，返回信息 {"status":"ok","msg":"浙江-温州","gid":"61321","time_insert":"2021-05-18 09:56"}
2024-09-21 05:11:59 查询号码 【1375872】，GSD为【"浙江-温州"】

2024-09-21 05:12:00 开始第 5874 次操作

2024-09-21 05:12:00 开始操作号码 【1375873】
2024-09-21 05:12:38 GSD getOne 第 1 次 等待 3 秒
2024-09-21 05:12:41 查询号码 【1375873】，返回信息 {"status":"ok","msg":"浙江-温州","gid":"61322","time_insert":"2021-05-18 09:56"}
2024-09-21 05:12:41 查询号码 【1375873】，GSD为【"浙江-温州"】

2024-09-21 05:12:42 开始第 5875 次操作

2024-09-21 05:12:42 开始操作号码 【1375874】
2024-09-21 05:13:21 GSD getOne 第 1 次 等待 3 秒
2024-09-21 05:13:24 查询号码 【1375874】，返回信息 {"status":"ok","msg":"浙江-温州","gid":"337620","time_insert":"2021-07-20 15:02"}
2024-09-21 05:13:24 查询号码 【1375874】，GSD为【"浙江-温州"】

2024-09-21 05:13:25 开始第 5876 次操作

2024-09-21 05:13:25 开始操作号码 【1375875】
2024-09-21 05:14:04 GSD getOne 第 1 次 等待 3 秒
2024-09-21 05:14:07 查询号码 【1375875】，返回信息 {"status":"ok","msg":"浙江-温州","gid":"10092","time_insert":"2018-10-04 14:06","time_update":"2021-05-18 09:56"}
2024-09-21 05:14:07 查询号码 【1375875】，GSD为【"浙江-温州"】

2024-09-21 05:34:38 开始第 5877 次操作

2024-09-21 05:34:38 开始操作号码 【1375876】
2024-09-21 05:34:41 GSD getOne 第 1 次 等待 3 秒
2024-09-21 05:34:44 查询号码 【1375876】，返回信息 {"status":"ok","msg":"浙江-温州","gid":"337830","time_insert":"2021-07-20 15:17"}
2024-09-21 05:34:44 查询号码 【1375876】，GSD为【"浙江-温州"】

2024-09-21 05:34:45 开始第 5878 次操作

2024-09-21 05:34:45 开始操作号码 【1375877】
2024-09-21 05:34:47 GSD getOne 第 1 次 等待 3 秒
2024-09-21 05:34:50 查询号码 【1375877】，返回信息 {"status":"ok","msg":"浙江-温州","gid":"10093","time_insert":"2017-04-20 16:08","time_update":"2021-05-18 09:56"}
2024-09-21 05:34:50 查询号码 【1375877】，GSD为【"浙江-温州"】

2024-09-21 05:34:51 开始第 5879 次操作

2024-09-21 05:34:51 开始操作号码 【1375878】
2024-09-21 05:34:54 GSD getOne 第 1 次 等待 3 秒
2024-09-21 05:34:57 查询号码 【1375878】，返回信息 {"status":"ok","msg":"浙江-温州","gid":"61326","time_insert":"2021-05-18 09:58"}
2024-09-21 05:34:57 查询号码 【1375878】，GSD为【"浙江-温州"】

2024-09-21 05:34:58 开始第 5880 次操作

2024-09-21 05:34:58 开始操作号码 【1375879】
2024-09-21 05:35:00 GSD getOne 第 1 次 等待 3 秒
2024-09-21 05:35:03 查询号码 【1375879】，返回信息 {"status":"ok","msg":"浙江-温州","gid":"10094","time_insert":"2016-06-11 11:31","time_update":"2021-05-18 09:56"}
2024-09-21 05:35:03 查询号码 【1375879】，GSD为【"浙江-温州"】

