2023-12-01 00:19:13 开始第 749 次操作

2023-12-01 00:19:13 开始操作号码 【1810651】
2023-12-01 00:19:18 GSD getOne 第 1 次 等待 3 秒
2023-12-01 00:19:21 查询号码 【1810651】，返回信息 {"status":"ok","msg":"浙江-杭州","gid":"330805","time_insert":"2021-07-19 23:12"}
2023-12-01 00:19:21 查询号码 【1810651】，GSD为【"浙江-杭州"】

2023-12-01 00:19:22 开始第 750 次操作

2023-12-01 00:19:22 开始操作号码 【1810652】
2023-12-01 00:19:27 GSD getOne 第 1 次 等待 3 秒
2023-12-01 00:19:30 查询号码 【1810652】，返回信息 {"status":"ok","msg":"浙江-杭州","gid":"330867","time_insert":"2021-07-19 23:28"}
2023-12-01 00:19:30 查询号码 【1810652】，GSD为【"浙江-杭州"】

2023-12-01 00:19:31 开始第 751 次操作

2023-12-01 00:19:31 开始操作号码 【1810653】
2023-12-01 00:19:35 GSD getOne 第 1 次 等待 3 秒
2023-12-01 00:19:38 查询号码 【1810653】，返回信息 {"status":"ok","msg":"浙江-杭州","gid":"330921","time_insert":"2021-07-19 23:46"}
2023-12-01 00:19:38 查询号码 【1810653】，GSD为【"浙江-杭州"】

2023-12-01 00:19:39 开始第 752 次操作

2023-12-01 00:19:39 开始操作号码 【1810654】
2023-12-01 00:19:50 GSD getOne 第 1 次 等待 3 秒
2023-12-01 00:19:53 查询号码 【1810654】，返回信息 {"status":"ok","msg":"浙江-杭州","gid":"33080","time_insert":"2019-04-15 08:50","time_update":"2020-09-02 05:48"}
2023-12-01 00:19:53 查询号码 【1810654】，GSD为【"浙江-杭州"】

