2024-07-14 00:17:34 开始第 5949 次操作

2024-07-14 00:17:34 开始操作号码 【1485850】
2024-07-14 00:17:43 GSD getOne 第 1 次 等待 3 秒
2024-07-14 00:17:46 查询号码 【1485850】，返回信息 {"status":"ok","msg":"广东-广州","gid":"260242","time_insert":"2021-07-12 22:51","time_update":"2023-09-01 15:20"}
2024-07-14 00:17:46 查询号码 【1485850】，GSD为【"广东-广州"】

2024-07-14 00:17:47 开始第 5950 次操作

2024-07-14 00:17:47 开始操作号码 【1485851】
2024-07-14 00:17:57 GSD getOne 第 1 次 等待 3 秒
2024-07-14 00:18:00 查询号码 【1485851】，返回信息 {"status":"ok","msg":"广东-广州","gid":"260295","time_insert":"2021-07-12 22:56","time_update":"2023-09-01 15:24"}
2024-07-14 00:18:00 查询号码 【1485851】，GSD为【"广东-广州"】

2024-07-14 00:18:01 开始第 5951 次操作

2024-07-14 00:18:01 开始操作号码 【1485852】
2024-07-14 00:18:10 GSD getOne 第 1 次 等待 3 秒
2024-07-14 00:18:13 查询号码 【1485852】，返回信息 {"status":"ok","msg":"广东-广州","gid":"260314","time_insert":"2021-07-12 23:00","time_update":"2023-09-01 15:36"}
2024-07-14 00:18:13 查询号码 【1485852】，GSD为【"广东-广州"】

2024-07-14 00:18:14 开始第 5952 次操作

2024-07-14 00:18:14 开始操作号码 【1485853】
2024-07-14 00:18:23 GSD getOne 第 1 次 等待 3 秒
2024-07-14 00:18:26 查询号码 【1485853】，返回信息 {"status":"ok","msg":"广东-广州","gid":"260338","time_insert":"2021-07-12 23:06","time_update":"2023-09-01 15:40"}
2024-07-14 00:18:26 查询号码 【1485853】，GSD为【"广东-广州"】

2024-07-14 00:38:20 开始第 5953 次操作

2024-07-14 00:38:20 开始操作号码 【1485854】
2024-07-14 00:38:28 GSD getOne 第 1 次 等待 3 秒
2024-07-14 00:38:31 查询号码 【1485854】，返回信息 {"status":"ok","msg":"广东-广州","gid":"260353","time_insert":"2021-07-12 23:11","time_update":"2023-09-01 15:43"}
2024-07-14 00:38:31 查询号码 【1485854】，GSD为【"广东-广州"】

2024-07-14 00:38:32 开始第 5954 次操作

2024-07-14 00:38:32 开始操作号码 【1485855】
2024-07-14 00:38:40 GSD getOne 第 1 次 等待 3 秒
2024-07-14 00:38:43 查询号码 【1485855】，返回信息 {"status":"ok","msg":"广东-广州","gid":"260364","time_insert":"2021-07-12 23:17","time_update":"2023-09-01 15:47"}
2024-07-14 00:38:43 查询号码 【1485855】，GSD为【"广东-广州"】

2024-07-14 00:38:44 开始第 5955 次操作

2024-07-14 00:38:44 开始操作号码 【1485856】
2024-07-14 00:38:51 GSD getOne 第 1 次 等待 3 秒
2024-07-14 00:38:54 查询号码 【1485856】，返回信息 {"status":"ok","msg":"广东-广州","gid":"260371","time_insert":"2021-07-12 23:20","time_update":"2023-09-01 16:19"}
2024-07-14 00:38:54 查询号码 【1485856】，GSD为【"广东-广州"】

2024-07-14 00:38:55 开始第 5956 次操作

2024-07-14 00:38:55 开始操作号码 【1485857】
2024-07-14 00:39:04 GSD getOne 第 1 次 等待 3 秒
2024-07-14 00:39:07 查询号码 【1485857】，返回信息 {"status":"ok","msg":"广东-广州","gid":"260378","time_insert":"2021-07-12 23:26","time_update":"2023-09-01 16:23"}
2024-07-14 00:39:07 查询号码 【1485857】，GSD为【"广东-广州"】

