2023-10-10 00:18:16 开始第 2465 次操作

2023-10-10 00:18:16 开始操作号码 【1912464】
2023-10-10 00:18:19 GSD getOne 第 1 次 等待 3 秒
2023-10-10 00:18:22 查询号码 【1912464】，返回信息 {"status":"ok","msg":"广东-广州","gid":"503253","time_insert":"2021-08-11 05:10"}
2023-10-10 00:18:22 查询号码 【1912464】，GSD为【"广东-广州"】

2023-10-10 00:18:23 开始第 2466 次操作

2023-10-10 00:18:23 开始操作号码 【1912465】
2023-10-10 00:18:27 GSD getOne 第 1 次 等待 3 秒
2023-10-10 00:18:30 查询号码 【1912465】，返回信息 {"status":"ok","msg":"广东-广州","gid":"503271","time_insert":"2021-08-11 05:21"}
2023-10-10 00:18:30 查询号码 【1912465】，GSD为【"广东-广州"】

2023-10-10 00:18:31 开始第 2467 次操作

2023-10-10 00:18:31 开始操作号码 【1912466】
2023-10-10 00:18:40 GSD getOne 第 1 次 等待 3 秒
2023-10-10 00:18:43 查询号码 【1912466】，返回信息 {"status":"ok","msg":"广东-广州","gid":"503288","time_insert":"2021-08-11 05:33"}
2023-10-10 00:18:43 查询号码 【1912466】，GSD为【"广东-广州"】

2023-10-10 00:18:44 开始第 2468 次操作

2023-10-10 00:18:44 开始操作号码 【1912467】
2023-10-10 00:18:55 GSD getOne 第 1 次 等待 3 秒
2023-10-10 00:18:58 查询号码 【1912467】，返回信息 {"status":"ok","msg":"广东-广州","gid":"503304","time_insert":"2021-08-11 05:44"}
2023-10-10 00:18:58 查询号码 【1912467】，GSD为【"广东-广州"】

