2023-10-01 00:15:26 开始第 841 次操作

2023-10-01 00:15:26 开始操作号码 【1910840】
2023-10-01 00:15:31 GSD getOne 第 1 次 等待 3 秒
2023-10-01 00:15:34 查询号码 【1910840】，返回信息 {"status":"ok","msg":"湖南-娄底","gid":"480930","time_insert":"2021-08-02 16:29"}
2023-10-01 00:15:34 查询号码 【1910840】，GSD为【"湖南-娄底"】

2023-10-01 00:15:35 开始第 842 次操作

2023-10-01 00:15:35 开始操作号码 【1910841】
2023-10-01 00:15:37 GSD getOne 第 1 次 等待 3 秒
2023-10-01 00:15:40 查询号码 【1910841】，返回信息 {"status":"ok","msg":"湖南-益阳","gid":"480973","time_insert":"2021-08-02 16:43"}
2023-10-01 00:15:40 查询号码 【1910841】，GSD为【"湖南-益阳"】

2023-10-01 00:15:41 开始第 843 次操作

2023-10-01 00:15:41 开始操作号码 【1910842】
2023-10-01 00:15:46 GSD getOne 第 1 次 等待 3 秒
2023-10-01 00:15:49 查询号码 【1910842】，返回信息 {"status":"ok","msg":"湖南-邵阳","gid":"481128","time_insert":"2021-08-02 16:54"}
2023-10-01 00:15:49 查询号码 【1910842】，GSD为【"湖南-邵阳"】

2023-10-01 00:15:50 开始第 844 次操作

2023-10-01 00:15:50 开始操作号码 【1910843】
2023-10-01 00:15:52 GSD getOne 第 1 次 等待 3 秒
2023-10-01 00:15:55 查询号码 【1910843】，返回信息 {"status":"ok","msg":"湖南-湘西","gid":"481329","time_insert":"2021-08-02 17:08"}
2023-10-01 00:15:55 查询号码 【1910843】，GSD为【"湖南-湘西"】

2023-10-01 00:36:03 开始第 845 次操作

2023-10-01 00:36:03 开始操作号码 【1910844】
2023-10-01 00:36:04 GSD getOne 第 1 次 等待 3 秒
2023-10-01 00:36:07 查询号码 【1910844】，返回信息 {"status":"ok","msg":"湖南-张家界","gid":"481426","time_insert":"2021-08-02 17:20"}
2023-10-01 00:36:07 查询号码 【1910844】，GSD为【"湖南-张家界"】

2023-10-01 00:36:08 开始第 846 次操作

2023-10-01 00:36:08 开始操作号码 【1910845】
2023-10-01 00:36:10 GSD getOne 第 1 次 等待 3 秒
2023-10-01 00:36:13 查询号码 【1910845】，返回信息 {"status":"ok","msg":"湖南-长沙","gid":"481449","time_insert":"2021-08-02 17:33"}
2023-10-01 00:36:13 查询号码 【1910845】，GSD为【"湖南-长沙"】

2023-10-01 00:36:14 开始第 847 次操作

2023-10-01 00:36:14 开始操作号码 【1910846】
2023-10-01 00:36:16 GSD getOne 第 1 次 等待 3 秒
2023-10-01 00:36:19 查询号码 【1910846】，返回信息 {"status":"ok","msg":"湖南-长沙","gid":"481491","time_insert":"2021-08-02 17:46"}
2023-10-01 00:36:19 查询号码 【1910846】，GSD为【"湖南-长沙"】

2023-10-01 00:36:20 开始第 848 次操作

2023-10-01 00:36:20 开始操作号码 【1910847】
2023-10-01 00:36:25 GSD getOne 第 1 次 等待 3 秒
2023-10-01 00:36:28 查询号码 【1910847】，返回信息 {"status":"ok","msg":"湖南-长沙","gid":"481612","time_insert":"2021-08-02 17:57"}
2023-10-01 00:36:28 查询号码 【1910847】，GSD为【"湖南-长沙"】

2023-10-01 01:10:36 开始第 849 次操作

2023-10-01 01:10:36 开始操作号码 【1910848】
2023-10-01 01:10:41 GSD getOne 第 1 次 等待 3 秒
2023-10-01 01:10:44 查询号码 【1910848】，返回信息 {"status":"ok","msg":"湖南-长沙","gid":"481797","time_insert":"2021-08-02 18:11"}
2023-10-01 01:10:44 查询号码 【1910848】，GSD为【"湖南-长沙"】

2023-10-01 01:10:45 开始第 850 次操作

2023-10-01 01:10:45 开始操作号码 【1910849】
2023-10-01 01:10:48 GSD getOne 第 1 次 等待 3 秒
2023-10-01 01:10:51 查询号码 【1910849】，返回信息 {"status":"ok","msg":"湖南-长沙","gid":"481928","time_insert":"2021-08-02 18:24"}
2023-10-01 01:10:51 查询号码 【1910849】，GSD为【"湖南-长沙"】

2023-10-01 01:10:52 开始第 851 次操作

2023-10-01 01:10:52 开始操作号码 【1910850】
2023-10-01 01:10:53 GSD getOne 第 1 次 等待 3 秒
2023-10-01 01:10:56 查询号码 【1910850】，返回信息 {"status":"ok","msg":"贵州-贵阳","gid":"78195","time_insert":"2021-06-03 09:20","time_update":"2021-06-22 21:18"}
2023-10-01 01:10:57 查询号码 【1910850】，GSD为【"贵州-贵阳"】

2023-10-01 01:10:58 开始第 852 次操作

2023-10-01 01:10:58 开始操作号码 【1910851】
2023-10-01 01:11:00 GSD getOne 第 1 次 等待 3 秒
2023-10-01 01:11:03 查询号码 【1910851】，返回信息 {"status":"ok","msg":"贵州-贵阳","gid":"59262","time_insert":"2021-05-15 14:13","time_update":"2021-06-22 21:33"}
2023-10-01 01:11:03 查询号码 【1910851】，GSD为【"贵州-贵阳"】

