2024-04-26 00:17:37 开始第 5609 次操作

2024-04-26 00:17:37 开始操作号码 【1595512】
2024-04-26 00:17:43 GSD getOne 第 1 次 等待 3 秒
2024-04-26 00:17:46 查询号码 【1595512】，返回信息 {"status":"ok","msg":"安徽-合肥","gid":"132030","time_insert":"2021-06-26 13:06"}
2024-04-26 00:17:46 查询号码 【1595512】，GSD为【"安徽-合肥"】

2024-04-26 00:17:47 开始第 5610 次操作

2024-04-26 00:17:47 开始操作号码 【1595513】
2024-04-26 00:17:52 GSD getOne 第 1 次 等待 3 秒
2024-04-26 00:17:55 查询号码 【1595513】，返回信息 {"status":"ok","msg":"安徽-合肥","gid":"132024","time_insert":"2021-06-26 13:05"}
2024-04-26 00:17:55 查询号码 【1595513】，GSD为【"安徽-合肥"】

2024-04-26 00:17:56 开始第 5611 次操作

2024-04-26 00:17:56 开始操作号码 【1595514】
2024-04-26 00:18:01 GSD getOne 第 1 次 等待 3 秒
2024-04-26 00:18:04 查询号码 【1595514】，返回信息 {"status":"ok","msg":"安徽-合肥","gid":"132019","time_insert":"2021-06-26 13:04"}
2024-04-26 00:18:04 查询号码 【1595514】，GSD为【"安徽-合肥"】

2024-04-26 00:18:05 开始第 5612 次操作

2024-04-26 00:18:05 开始操作号码 【1595515】
2024-04-26 00:18:10 GSD getOne 第 1 次 等待 3 秒
2024-04-26 00:18:13 查询号码 【1595515】，返回信息 {"status":"ok","msg":"安徽-合肥","gid":"132014","time_insert":"2021-06-26 13:03"}
2024-04-26 00:18:13 查询号码 【1595515】，GSD为【"安徽-合肥"】

2024-04-26 00:37:31 开始第 5613 次操作

2024-04-26 00:37:31 开始操作号码 【1595516】
2024-04-26 00:37:38 GSD getOne 第 1 次 等待 3 秒
2024-04-26 00:37:41 查询号码 【1595516】，返回信息 {"status":"ok","msg":"安徽-合肥","gid":"132006","time_insert":"2021-06-26 13:02"}
2024-04-26 00:37:41 查询号码 【1595516】，GSD为【"安徽-合肥"】

2024-04-26 00:37:42 开始第 5614 次操作

2024-04-26 00:37:42 开始操作号码 【1595517】
2024-04-26 00:37:47 GSD getOne 第 1 次 等待 3 秒
2024-04-26 00:37:50 查询号码 【1595517】，返回信息 {"status":"ok","msg":"安徽-合肥","gid":"132003","time_insert":"2021-06-26 13:02"}
2024-04-26 00:37:50 查询号码 【1595517】，GSD为【"安徽-合肥"】

2024-04-26 00:37:51 开始第 5615 次操作

2024-04-26 00:37:51 开始操作号码 【1595518】
2024-04-26 00:38:21 GSD getOne 第 1 次 等待 3 秒
2024-04-26 00:38:24 查询号码 【1595518】，返回信息 {"status":"ok","msg":"安徽-合肥","gid":"50840","time_insert":"2021-04-21 17:07"}
2024-04-26 00:38:24 查询号码 【1595518】，GSD为【"安徽-合肥"】

2024-04-26 00:38:25 开始第 5616 次操作

2024-04-26 00:38:25 开始操作号码 【1595519】
2024-04-26 00:38:33 GSD getOne 第 1 次 等待 3 秒
2024-04-26 00:38:36 查询号码 【1595519】，返回信息 {"status":"ok","msg":"安徽-合肥","gid":"131994","time_insert":"2021-06-26 13:00"}
2024-04-26 00:38:36 查询号码 【1595519】，GSD为【"安徽-合肥"】

2024-04-26 01:14:40 开始第 5617 次操作

2024-04-26 01:14:40 开始操作号码 【1595520】
2024-04-26 01:14:49 GSD getOne 第 1 次 等待 3 秒
2024-04-26 01:14:52 查询号码 【1595520】，返回信息 {"status":"ok","msg":"安徽-蚌埠","gid":"131988","time_insert":"2021-06-26 12:59"}
2024-04-26 01:14:52 查询号码 【1595520】，GSD为【"安徽-蚌埠"】

2024-04-26 01:14:53 开始第 5618 次操作

2024-04-26 01:14:53 开始操作号码 【1595521】
2024-04-26 01:14:58 GSD getOne 第 1 次 等待 3 秒
2024-04-26 01:15:01 查询号码 【1595521】，返回信息 {"status":"ok","msg":"安徽-蚌埠","gid":"131982","time_insert":"2021-06-26 12:58"}
2024-04-26 01:15:01 查询号码 【1595521】，GSD为【"安徽-蚌埠"】

2024-04-26 01:15:02 开始第 5619 次操作

2024-04-26 01:15:02 开始操作号码 【1595522】
2024-04-26 01:15:11 GSD getOne 第 1 次 等待 3 秒
2024-04-26 01:15:14 查询号码 【1595522】，返回信息 {"status":"ok","msg":"安徽-蚌埠","gid":"131978","time_insert":"2021-06-26 12:57"}
2024-04-26 01:15:14 查询号码 【1595522】，GSD为【"安徽-蚌埠"】

2024-04-26 01:15:15 开始第 5620 次操作

2024-04-26 01:15:15 开始操作号码 【1595523】
2024-04-26 01:15:21 GSD getOne 第 1 次 等待 3 秒
2024-04-26 01:15:24 查询号码 【1595523】，返回信息 {"status":"ok","msg":"安徽-蚌埠","gid":"131911","time_insert":"2021-06-26 12:14"}
2024-04-26 01:15:24 查询号码 【1595523】，GSD为【"安徽-蚌埠"】

2024-04-26 01:35:49 开始第 5621 次操作

2024-04-26 01:35:49 开始操作号码 【1595524】
2024-04-26 01:36:09 GSD getOne 第 1 次 等待 3 秒
2024-04-26 01:36:12 查询号码 【1595524】，返回信息 {"status":"ok","msg":"安徽-蚌埠","gid":"131908","time_insert":"2021-06-26 12:13"}
2024-04-26 01:36:12 查询号码 【1595524】，GSD为【"安徽-蚌埠"】

2024-04-26 01:36:13 开始第 5622 次操作

2024-04-26 01:36:13 开始操作号码 【1595525】
2024-04-26 01:36:17 GSD getOne 第 1 次 等待 3 秒
2024-04-26 01:36:20 查询号码 【1595525】，返回信息 {"status":"ok","msg":"安徽-蚌埠","gid":"27333","time_insert":"2020-01-01 08:07","time_update":"2020-08-13 09:09"}
2024-04-26 01:36:21 查询号码 【1595525】，GSD为【"安徽-蚌埠"】

2024-04-26 01:36:22 开始第 5623 次操作

2024-04-26 01:36:22 开始操作号码 【1595526】
2024-04-26 01:36:28 GSD getOne 第 1 次 等待 3 秒
2024-04-26 01:36:31 查询号码 【1595526】，返回信息 {"status":"ok","msg":"安徽-蚌埠","gid":"131900","time_insert":"2021-06-26 12:12"}
2024-04-26 01:36:31 查询号码 【1595526】，GSD为【"安徽-蚌埠"】

2024-04-26 01:36:32 开始第 5624 次操作

2024-04-26 01:36:32 开始操作号码 【1595527】
2024-04-26 01:37:12 GSD getOne 第 1 次 等待 3 秒
2024-04-26 01:37:15 查询号码 【1595527】，返回信息 {"status":"ok","msg":"安徽-蚌埠","gid":"131897","time_insert":"2021-06-26 12:12"}
2024-04-26 01:37:15 查询号码 【1595527】，GSD为【"安徽-蚌埠"】

2024-04-26 02:18:01 开始第 5625 次操作

2024-04-26 02:18:01 开始操作号码 【1595528】
2024-04-26 02:18:07 GSD getOne 第 1 次 等待 3 秒
2024-04-26 02:18:10 查询号码 【1595528】，返回信息 {"status":"ok","msg":"安徽-蚌埠","gid":"131894","time_insert":"2021-06-26 12:11"}
2024-04-26 02:18:10 查询号码 【1595528】，GSD为【"安徽-蚌埠"】

2024-04-26 02:18:11 开始第 5626 次操作

2024-04-26 02:18:11 开始操作号码 【1595529】
2024-04-26 02:18:18 GSD getOne 第 1 次 等待 3 秒
2024-04-26 02:18:21 查询号码 【1595529】，返回信息 {"status":"ok","msg":"安徽-蚌埠","gid":"131889","time_insert":"2021-06-26 12:10"}
2024-04-26 02:18:21 查询号码 【1595529】，GSD为【"安徽-蚌埠"】

2024-04-26 02:18:22 开始第 5627 次操作

2024-04-26 02:18:22 开始操作号码 【1595530】
2024-04-26 02:18:28 GSD getOne 第 1 次 等待 3 秒
2024-04-26 02:18:31 查询号码 【1595530】，返回信息 {"status":"ok","msg":"安徽-芜湖","gid":"131886","time_insert":"2021-06-26 12:09"}
2024-04-26 02:18:31 查询号码 【1595530】，GSD为【"安徽-芜湖"】

2024-04-26 02:18:32 开始第 5628 次操作

2024-04-26 02:18:32 开始操作号码 【1595531】
2024-04-26 02:18:41 GSD getOne 第 1 次 等待 3 秒
2024-04-26 02:18:44 查询号码 【1595531】，返回信息 {"status":"ok","msg":"安徽-芜湖","gid":"131883","time_insert":"2021-06-26 12:08"}
2024-04-26 02:18:44 查询号码 【1595531】，GSD为【"安徽-芜湖"】

