2021-07-08 00:00:34 开始第 11 次操作

2021-07-08 00:00:34 开始操作号码 【1670250】
2021-07-08 00:00:54 GSD getOne 第 1 次 等待 1 秒
2021-07-08 00:00:55 查询号码 【1670250】，返回信息 {"status":"bad","msg":""}
2021-07-08 00:00:55 查询号码 【1670250】，GSD为【""】
2021-07-08 00:00:55 bad
2021-07-08 00:00:56 CHB 1670250?1625673655 第 1 次 等待 1 秒
2021-07-08 00:00:57 CHB 1670250?1625673655 第 1 次 获取到号码【1670250】GSD
2021-07-08 00:00:57 未获取到号码【1670250】GSD，可能号码格式错误
2021-07-08 00:00:57 获取到号码【1670250】的GSD为【-】
2021-07-08 00:01:22 GSD insert 第 1 次 等待 1 秒
2021-07-08 00:01:23 {"status":"ok","msg":"添加成功！218010"}
2021-07-08 00:01:23 下次操作: 2021-07-08 00:01:34

2021-07-08 00:01:34 开始第 12 次操作

2021-07-08 00:01:34 开始操作号码 【1670251】
2021-07-08 00:01:45 GSD getOne 第 1 次 等待 1 秒
2021-07-08 00:01:46 查询号码 【1670251】，返回信息 {"status":"bad","msg":""}
2021-07-08 00:01:46 查询号码 【1670251】，GSD为【""】
2021-07-08 00:01:46 bad
2021-07-08 00:01:48 CHB 1670251?1625673706 第 1 次 等待 1 秒
2021-07-08 00:01:49 CHB 1670251?1625673706 第 1 次 获取到号码【1670251】GSD
2021-07-08 00:01:49 未获取到号码【1670251】GSD，可能号码格式错误
2021-07-08 00:01:49 获取到号码【1670251】的GSD为【-】
2021-07-08 00:02:11 GSD insert 第 1 次 等待 1 秒
2021-07-08 00:02:12 {"status":"ok","msg":"添加成功！218018"}
2021-07-08 00:02:12 下次操作: 2021-07-08 00:02:27

2021-07-08 00:02:27 开始第 13 次操作

2021-07-08 00:02:27 开始操作号码 【1670252】
2021-07-08 00:02:31 GSD getOne 第 1 次 等待 1 秒
2021-07-08 00:02:32 查询号码 【1670252】，返回信息 {"status":"bad","msg":""}
2021-07-08 00:02:32 查询号码 【1670252】，GSD为【""】
2021-07-08 00:02:32 bad
2021-07-08 00:02:34 CHB 1670252?1625673752 第 1 次 等待 1 秒
2021-07-08 00:02:35 CHB 1670252?1625673752 第 1 次 获取到号码【1670252】GSD
2021-07-08 00:02:35 未获取到号码【1670252】GSD，可能号码格式错误
2021-07-08 00:02:35 获取到号码【1670252】的GSD为【-】
2021-07-08 00:02:56 GSD insert 第 1 次 等待 1 秒
2021-07-08 00:02:57 {"status":"ok","msg":"添加成功！218026"}
2021-07-08 00:02:57 下次操作: 2021-07-08 00:03:09

2021-07-08 00:03:09 开始第 14 次操作

2021-07-08 00:03:09 开始操作号码 【1670253】
2021-07-08 00:03:18 GSD getOne 第 1 次 等待 1 秒
2021-07-08 00:03:19 查询号码 【1670253】，返回信息 {"status":"bad","msg":""}
2021-07-08 00:03:19 查询号码 【1670253】，GSD为【""】
2021-07-08 00:03:19 bad
2021-07-08 00:03:21 CHB 1670253?1625673799 第 1 次 等待 1 秒
2021-07-08 00:03:22 CHB 1670253?1625673799 第 1 次 获取到号码【1670253】GSD
2021-07-08 00:03:22 未获取到号码【1670253】GSD，可能号码格式错误
2021-07-08 00:03:22 获取到号码【1670253】的GSD为【-】
2021-07-08 00:03:41 GSD insert 第 1 次 等待 1 秒
2021-07-08 00:03:42 {"status":"ok","msg":"添加成功！218033"}
2021-07-08 00:03:42 下次操作: 2021-07-08 00:04:00

2021-07-08 00:04:00 开始第 15 次操作

2021-07-08 00:04:00 开始操作号码 【1670254】
2021-07-08 00:04:06 GSD getOne 第 1 次 等待 1 秒
2021-07-08 00:04:07 查询号码 【1670254】，返回信息 {"status":"bad","msg":""}
2021-07-08 00:04:07 查询号码 【1670254】，GSD为【""】
2021-07-08 00:04:07 bad
2021-07-08 00:04:08 CHB 1670254?1625673847 第 1 次 等待 1 秒
2021-07-08 00:04:09 CHB 1670254?1625673847 第 1 次 获取到号码【1670254】GSD
2021-07-08 00:04:09 未获取到号码【1670254】GSD，可能号码格式错误
2021-07-08 00:04:09 获取到号码【1670254】的GSD为【-】
2021-07-08 00:04:29 GSD insert 第 1 次 等待 1 秒
2021-07-08 00:04:30 {"status":"ok","msg":"添加成功！218038"}
2021-07-08 00:04:30 下次操作: 2021-07-08 00:04:42

2021-07-08 00:04:42 开始第 16 次操作

2021-07-08 00:04:42 开始操作号码 【1670255】
2021-07-08 00:04:49 GSD getOne 第 1 次 等待 1 秒
2021-07-08 00:04:50 查询号码 【1670255】，返回信息 {"status":"bad","msg":""}
2021-07-08 00:04:50 查询号码 【1670255】，GSD为【""】
2021-07-08 00:04:50 bad
2021-07-08 00:04:52 CHB 1670255?1625673890 第 1 次 等待 1 秒
2021-07-08 00:04:53 CHB 1670255?1625673890 第 1 次 获取到号码【1670255】GSD
2021-07-08 00:04:53 未获取到号码【1670255】GSD，可能号码格式错误
2021-07-08 00:04:53 获取到号码【1670255】的GSD为【-】
2021-07-08 00:05:12 GSD insert 第 1 次 等待 1 秒
2021-07-08 00:05:13 {"status":"ok","msg":"添加成功！218046"}
2021-07-08 00:05:13 下次操作: 2021-07-08 00:05:21

2021-07-08 00:05:21 开始第 17 次操作

2021-07-08 00:05:21 开始操作号码 【1670256】
2021-07-08 00:05:31 GSD getOne 第 1 次 等待 1 秒
2021-07-08 00:05:33 查询号码 【1670256】，返回信息 {"status":"bad","msg":""}
2021-07-08 00:05:33 查询号码 【1670256】，GSD为【""】
2021-07-08 00:05:33 bad
2021-07-08 00:05:34 CHB 1670256?1625673933 第 1 次 等待 1 秒
2021-07-08 00:05:35 CHB 1670256?1625673933 第 1 次 获取到号码【1670256】GSD
2021-07-08 00:05:35 未获取到号码【1670256】GSD，可能号码格式错误
2021-07-08 00:05:35 获取到号码【1670256】的GSD为【-】
2021-07-08 00:05:54 GSD insert 第 1 次 等待 1 秒
2021-07-08 00:05:55 {"status":"ok","msg":"添加成功！218056"}
2021-07-08 00:05:55 下次操作: 2021-07-08 00:06:04

2021-07-08 00:06:04 开始第 18 次操作

2021-07-08 00:06:04 开始操作号码 【1670257】
2021-07-08 00:06:15 GSD getOne 第 1 次 等待 1 秒
2021-07-08 00:06:16 查询号码 【1670257】，返回信息 {"status":"bad","msg":""}
2021-07-08 00:06:16 查询号码 【1670257】，GSD为【""】
2021-07-08 00:06:16 bad
2021-07-08 00:06:18 CHB 1670257?1625673976 第 1 次 等待 1 秒
2021-07-08 00:06:19 CHB 1670257?1625673976 第 1 次 获取到号码【1670257】GSD
2021-07-08 00:06:19 未获取到号码【1670257】GSD，可能号码格式错误
2021-07-08 00:06:19 获取到号码【1670257】的GSD为【-】
2021-07-08 00:06:38 GSD insert 第 1 次 等待 1 秒
2021-07-08 00:06:39 {"status":"ok","msg":"添加成功！218061"}
2021-07-08 00:06:39 下次操作: 2021-07-08 00:06:47

2021-07-08 00:06:47 开始第 19 次操作

2021-07-08 00:06:47 开始操作号码 【1670258】
2021-07-08 00:07:01 GSD getOne 第 1 次 等待 1 秒
2021-07-08 00:07:02 查询号码 【1670258】，返回信息 {"status":"bad","msg":""}
2021-07-08 00:07:02 查询号码 【1670258】，GSD为【""】
2021-07-08 00:07:02 bad
2021-07-08 00:07:03 CHB 1670258?1625674022 第 1 次 等待 1 秒
2021-07-08 00:07:04 CHB 1670258?1625674022 第 1 次 获取到号码【1670258】GSD
2021-07-08 00:07:04 未获取到号码【1670258】GSD，可能号码格式错误
2021-07-08 00:07:04 获取到号码【1670258】的GSD为【-】
2021-07-08 00:07:24 GSD insert 第 1 次 等待 1 秒
2021-07-08 00:07:25 {"status":"ok","msg":"添加成功！218069"}
2021-07-08 00:07:25 下次操作: 2021-07-08 00:07:43

2021-07-08 00:07:43 开始第 20 次操作

2021-07-08 00:07:43 开始操作号码 【1670259】
2021-07-08 00:07:47 GSD getOne 第 1 次 等待 1 秒
2021-07-08 00:07:48 查询号码 【1670259】，返回信息 {"status":"bad","msg":""}
2021-07-08 00:07:48 查询号码 【1670259】，GSD为【""】
2021-07-08 00:07:48 bad
2021-07-08 00:07:50 CHB 1670259?1625674068 第 1 次 等待 1 秒
2021-07-08 00:07:51 CHB 1670259?1625674068 第 1 次 获取到号码【1670259】GSD
2021-07-08 00:07:51 未获取到号码【1670259】GSD，可能号码格式错误
2021-07-08 00:07:51 获取到号码【1670259】的GSD为【-】
2021-07-08 00:08:10 GSD insert 第 1 次 等待 1 秒
2021-07-08 00:08:11 {"status":"ok","msg":"添加成功！218079"}
2021-07-08 00:08:11 下次操作: 2021-07-08 00:08:19

2021-07-08 00:08:19 开始第 21 次操作

2021-07-08 00:08:19 开始操作号码 【1670260】
2021-07-08 00:08:30 GSD getOne 第 1 次 等待 1 秒
2021-07-08 00:08:31 查询号码 【1670260】，返回信息 {"status":"bad","msg":""}
2021-07-08 00:08:31 查询号码 【1670260】，GSD为【""】
2021-07-08 00:08:31 bad
2021-07-08 00:08:32 CHB 1670260?1625674111 第 1 次 等待 1 秒
2021-07-08 00:08:33 CHB 1670260?1625674111 第 1 次 获取到号码【1670260】GSD
2021-07-08 00:08:33 未获取到号码【1670260】GSD，可能号码格式错误
2021-07-08 00:08:33 获取到号码【1670260】的GSD为【-】
2021-07-08 00:08:55 GSD insert 第 1 次 等待 1 秒
2021-07-08 00:08:56 {"status":"ok","msg":"添加成功！218087"}
2021-07-08 00:08:56 下次操作: 2021-07-08 00:09:13

2021-07-08 00:09:13 开始第 22 次操作

2021-07-08 00:09:13 开始操作号码 【1670261】
2021-07-08 00:09:17 GSD getOne 第 1 次 等待 1 秒
2021-07-08 00:09:18 查询号码 【1670261】，返回信息 {"status":"bad","msg":""}
2021-07-08 00:09:18 查询号码 【1670261】，GSD为【""】
2021-07-08 00:09:18 bad
2021-07-08 00:09:20 CHB 1670261?1625674158 第 1 次 等待 1 秒
2021-07-08 00:09:21 CHB 1670261?1625674158 第 1 次 获取到号码【1670261】GSD
2021-07-08 00:09:21 未获取到号码【1670261】GSD，可能号码格式错误
2021-07-08 00:09:21 获取到号码【1670261】的GSD为【-】
2021-07-08 00:09:42 GSD insert 第 1 次 等待 1 秒
2021-07-08 00:09:43 {"status":"ok","msg":"添加成功！218098"}
2021-07-08 00:09:43 下次操作: 2021-07-08 00:09:52

2021-07-08 00:09:52 开始第 23 次操作

2021-07-08 00:09:52 开始操作号码 【1670262】
2021-07-08 00:10:03 GSD getOne 第 1 次 等待 1 秒
2021-07-08 00:10:04 查询号码 【1670262】，返回信息 {"status":"bad","msg":""}
2021-07-08 00:10:04 查询号码 【1670262】，GSD为【""】
2021-07-08 00:10:04 bad
2021-07-08 00:10:06 CHB 1670262?1625674204 第 1 次 等待 1 秒
2021-07-08 00:10:07 CHB 1670262?1625674204 第 1 次 获取到号码【1670262】GSD
2021-07-08 00:10:07 未获取到号码【1670262】GSD，可能号码格式错误
2021-07-08 00:10:07 获取到号码【1670262】的GSD为【-】
2021-07-08 00:10:27 GSD insert 第 1 次 等待 1 秒
2021-07-08 00:10:28 {"status":"ok","msg":"添加成功！218105"}
2021-07-08 00:10:28 下次操作: 2021-07-08 00:10:43

2021-07-08 00:10:43 开始第 24 次操作

2021-07-08 00:10:43 开始操作号码 【1670263】
2021-07-08 00:10:51 GSD getOne 第 1 次 等待 1 秒
2021-07-08 00:10:52 查询号码 【1670263】，返回信息 {"status":"bad","msg":""}
2021-07-08 00:10:52 查询号码 【1670263】，GSD为【""】
2021-07-08 00:10:52 bad
2021-07-08 00:10:54 CHB 1670263?1625674252 第 1 次 等待 1 秒
2021-07-08 00:10:55 CHB 1670263?1625674252 第 1 次 获取到号码【1670263】GSD
2021-07-08 00:10:55 未获取到号码【1670263】GSD，可能号码格式错误
2021-07-08 00:10:55 获取到号码【1670263】的GSD为【-】
2021-07-08 00:11:14 GSD insert 第 1 次 等待 1 秒
2021-07-08 00:11:15 {"status":"ok","msg":"添加成功！218116"}
2021-07-08 00:11:15 下次操作: 2021-07-08 00:11:21

2021-07-08 00:11:21 开始第 25 次操作

2021-07-08 00:11:21 开始操作号码 【1670264】
2021-07-08 00:11:36 GSD getOne 第 1 次 等待 1 秒
2021-07-08 00:11:37 查询号码 【1670264】，返回信息 {"status":"bad","msg":""}
2021-07-08 00:11:37 查询号码 【1670264】，GSD为【""】
2021-07-08 00:11:37 bad
2021-07-08 00:11:38 CHB 1670264?1625674297 第 1 次 等待 1 秒
2021-07-08 00:11:39 CHB 1670264?1625674297 第 1 次 获取到号码【1670264】GSD
2021-07-08 00:11:39 未获取到号码【1670264】GSD，可能号码格式错误
2021-07-08 00:11:39 获取到号码【1670264】的GSD为【-】
2021-07-08 00:11:58 GSD insert 第 1 次 等待 1 秒
2021-07-08 00:11:59 {"status":"ok","msg":"添加成功！218124"}
2021-07-08 00:11:59 下次操作: 2021-07-08 00:12:17

2021-07-08 00:12:17 开始第 26 次操作

2021-07-08 00:12:17 开始操作号码 【1670265】
2021-07-08 00:12:22 GSD getOne 第 1 次 等待 1 秒
2021-07-08 00:12:23 查询号码 【1670265】，返回信息 {"status":"bad","msg":""}
2021-07-08 00:12:23 查询号码 【1670265】，GSD为【""】
2021-07-08 00:12:23 bad
2021-07-08 00:12:24 CHB 1670265?1625674343 第 1 次 等待 1 秒
2021-07-08 00:12:25 CHB 1670265?1625674343 第 1 次 获取到号码【1670265】GSD
2021-07-08 00:12:25 未获取到号码【1670265】GSD，可能号码格式错误
2021-07-08 00:12:25 获取到号码【1670265】的GSD为【-】
2021-07-08 00:12:48 GSD insert 第 1 次 等待 1 秒
2021-07-08 00:12:49 {"status":"ok","msg":"添加成功！218134"}
2021-07-08 00:12:49 下次操作: 2021-07-08 00:13:01

2021-07-08 00:13:01 开始第 27 次操作

2021-07-08 00:13:01 开始操作号码 【1670266】
2021-07-08 00:13:08 GSD getOne 第 1 次 等待 1 秒
2021-07-08 00:13:09 查询号码 【1670266】，返回信息 {"status":"bad","msg":""}
2021-07-08 00:13:09 查询号码 【1670266】，GSD为【""】
2021-07-08 00:13:09 bad
2021-07-08 00:13:11 CHB 1670266?1625674389 第 1 次 等待 1 秒
2021-07-08 00:13:12 CHB 1670266?1625674389 第 1 次 获取到号码【1670266】GSD
2021-07-08 00:13:12 未获取到号码【1670266】GSD，可能号码格式错误
2021-07-08 00:13:12 获取到号码【1670266】的GSD为【-】
2021-07-08 00:13:31 GSD insert 第 1 次 等待 1 秒
2021-07-08 00:13:32 {"status":"ok","msg":"添加成功！218142"}
2021-07-08 00:13:32 下次操作: 2021-07-08 00:13:49

2021-07-08 00:13:49 开始第 28 次操作

2021-07-08 00:13:49 开始操作号码 【1670267】
2021-07-08 00:13:53 GSD getOne 第 1 次 等待 1 秒
2021-07-08 00:13:54 查询号码 【1670267】，返回信息 {"status":"bad","msg":""}
2021-07-08 00:13:54 查询号码 【1670267】，GSD为【""】
2021-07-08 00:13:54 bad
2021-07-08 00:13:55 CHB 1670267?1625674434 第 1 次 等待 1 秒
2021-07-08 00:13:56 CHB 1670267?1625674434 第 1 次 获取到号码【1670267】GSD
2021-07-08 00:13:56 未获取到号码【1670267】GSD，可能号码格式错误
2021-07-08 00:13:56 获取到号码【1670267】的GSD为【-】
2021-07-08 00:14:15 GSD insert 第 1 次 等待 1 秒
2021-07-08 00:14:16 {"status":"ok","msg":"添加成功！218150"}
2021-07-08 00:14:16 下次操作: 2021-07-08 00:14:22

2021-07-08 00:14:22 开始第 29 次操作

2021-07-08 00:14:22 开始操作号码 【1670268】
2021-07-08 00:14:42 GSD getOne 第 1 次 等待 1 秒
2021-07-08 00:14:43 查询号码 【1670268】，返回信息 {"status":"bad","msg":""}
2021-07-08 00:14:43 查询号码 【1670268】，GSD为【""】
2021-07-08 00:14:43 bad
2021-07-08 00:14:44 CHB 1670268?1625674483 第 1 次 等待 1 秒
2021-07-08 00:14:45 CHB 1670268?1625674483 第 1 次 获取到号码【1670268】GSD
2021-07-08 00:14:45 未获取到号码【1670268】GSD，可能号码格式错误
2021-07-08 00:14:45 获取到号码【1670268】的GSD为【-】
2021-07-08 00:15:05 GSD insert 第 1 次 等待 1 秒
2021-07-08 00:15:06 {"status":"ok","msg":"添加成功！218159"}
2021-07-08 00:15:06 下次操作: 2021-07-08 00:15:16

2021-07-08 00:15:16 开始第 30 次操作

2021-07-08 00:15:16 开始操作号码 【1670269】
2021-07-08 00:15:26 GSD getOne 第 1 次 等待 1 秒
2021-07-08 00:15:27 查询号码 【1670269】，返回信息 {"status":"bad","msg":""}
2021-07-08 00:15:27 查询号码 【1670269】，GSD为【""】
2021-07-08 00:15:27 bad
2021-07-08 00:15:29 CHB 1670269?1625674527 第 1 次 等待 1 秒
2021-07-08 00:15:30 CHB 1670269?1625674527 第 1 次 获取到号码【1670269】GSD
2021-07-08 00:15:30 未获取到号码【1670269】GSD，可能号码格式错误
2021-07-08 00:15:30 获取到号码【1670269】的GSD为【-】
2021-07-08 00:15:53 GSD insert 第 1 次 等待 1 秒
2021-07-08 00:15:54 {"status":"ok","msg":"添加成功！218167"}

