2024-09-19 00:15:39 开始第 5473 次操作

2024-09-19 00:15:39 开始操作号码 【1375472】
2024-09-19 00:15:47 GSD getOne 第 1 次 等待 3 秒
2024-09-19 00:15:50 查询号码 【1375472】，返回信息 {"status":"ok","msg":"山东-临沂","gid":"304104","time_insert":"2021-07-17 14:58"}
2024-09-19 00:15:50 查询号码 【1375472】，GSD为【"山东-临沂"】

2024-09-19 00:15:51 开始第 5474 次操作

2024-09-19 00:15:51 开始操作号码 【1375473】
2024-09-19 00:15:59 GSD getOne 第 1 次 等待 3 秒
2024-09-19 00:16:02 查询号码 【1375473】，返回信息 {"status":"ok","msg":"山东-临沂","gid":"304293","time_insert":"2021-07-17 15:11"}
2024-09-19 00:16:02 查询号码 【1375473】，GSD为【"山东-临沂"】

2024-09-19 00:16:03 开始第 5475 次操作

2024-09-19 00:16:03 开始操作号码 【1375474】
2024-09-19 00:16:12 GSD getOne 第 1 次 等待 3 秒
2024-09-19 00:16:15 查询号码 【1375474】，返回信息 {"status":"ok","msg":"山东-临沂","gid":"304393","time_insert":"2021-07-17 15:26"}
2024-09-19 00:16:15 查询号码 【1375474】，GSD为【"山东-临沂"】

2024-09-19 00:16:16 开始第 5476 次操作

2024-09-19 00:16:16 开始操作号码 【1375475】
2024-09-19 00:16:24 GSD getOne 第 1 次 等待 3 秒
2024-09-19 00:16:27 查询号码 【1375475】，返回信息 {"status":"ok","msg":"山东-淄博","gid":"304471","time_insert":"2021-07-17 15:39"}
2024-09-19 00:16:27 查询号码 【1375475】，GSD为【"山东-淄博"】

