2024-07-22 00:20:02 开始第 7353 次操作

2024-07-22 00:20:02 开始操作号码 【1487254】
2024-07-22 00:20:10 GSD getOne 第 1 次 等待 3 秒
2024-07-22 00:20:13 查询号码 【1487254】，返回信息 {"status":"ok","msg":"上海-上海","gid":"301988","time_insert":"2021-07-17 10:10","time_update":"2023-05-22 02:53"}
2024-07-22 00:20:13 查询号码 【1487254】，GSD为【"上海-上海"】

2024-07-22 00:20:14 开始第 7354 次操作

2024-07-22 00:20:14 开始操作号码 【1487255】
2024-07-22 00:20:22 GSD getOne 第 1 次 等待 3 秒
2024-07-22 00:20:25 查询号码 【1487255】，返回信息 {"status":"ok","msg":"上海-上海","gid":"302008","time_insert":"2021-07-17 10:15","time_update":"2023-05-22 02:31"}
2024-07-22 00:20:25 查询号码 【1487255】，GSD为【"上海-上海"】

2024-07-22 00:20:26 开始第 7355 次操作

2024-07-22 00:20:26 开始操作号码 【1487256】
2024-07-22 00:20:37 GSD getOne 第 1 次 等待 3 秒
2024-07-22 00:20:40 查询号码 【1487256】，返回信息 {"status":"ok","msg":"上海-上海","gid":"302016","time_insert":"2021-07-17 10:20","time_update":"2023-05-22 02:15"}
2024-07-22 00:20:40 查询号码 【1487256】，GSD为【"上海-上海"】

2024-07-22 00:20:41 开始第 7356 次操作

2024-07-22 00:20:41 开始操作号码 【1487257】
2024-07-22 00:20:49 GSD getOne 第 1 次 等待 3 秒
2024-07-22 00:20:52 查询号码 【1487257】，返回信息 {"status":"ok","msg":"上海-上海","gid":"302029","time_insert":"2021-07-17 10:25","time_update":"2023-05-22 01:55"}
2024-07-22 00:20:52 查询号码 【1487257】，GSD为【"上海-上海"】

2024-07-22 00:41:25 开始第 7357 次操作

2024-07-22 00:41:25 开始操作号码 【1487258】
2024-07-22 00:41:36 GSD getOne 第 1 次 等待 3 秒
2024-07-22 00:41:39 查询号码 【1487258】，返回信息 {"status":"ok","msg":"上海-上海","gid":"302036","time_insert":"2021-07-17 10:29","time_update":"2023-05-22 01:40"}
2024-07-22 00:41:39 查询号码 【1487258】，GSD为【"上海-上海"】

2024-07-22 00:41:40 开始第 7358 次操作

2024-07-22 00:41:40 开始操作号码 【1487259】
2024-07-22 00:41:49 GSD getOne 第 1 次 等待 3 秒
2024-07-22 00:41:52 查询号码 【1487259】，返回信息 {"status":"ok","msg":"上海-上海","gid":"302048","time_insert":"2021-07-17 10:33","time_update":"2023-05-22 01:22"}
2024-07-22 00:41:52 查询号码 【1487259】，GSD为【"上海-上海"】

2024-07-22 00:41:53 开始第 7359 次操作

2024-07-22 00:41:53 开始操作号码 【1487260】
2024-07-22 00:42:01 GSD getOne 第 1 次 等待 3 秒
2024-07-22 00:42:04 查询号码 【1487260】，返回信息 {"status":"ok","msg":"上海-上海","gid":"302062","time_insert":"2021-07-17 10:39","time_update":"2023-05-22 01:04"}
2024-07-22 00:42:04 查询号码 【1487260】，GSD为【"上海-上海"】

2024-07-22 00:42:05 开始第 7360 次操作

2024-07-22 00:42:05 开始操作号码 【1487261】
2024-07-22 00:42:21 GSD getOne 第 1 次 等待 3 秒
2024-07-22 00:42:24 查询号码 【1487261】，返回信息 {"status":"ok","msg":"上海-上海","gid":"302068","time_insert":"2021-07-17 10:43","time_update":"2023-05-22 00:50"}
2024-07-22 00:42:24 查询号码 【1487261】，GSD为【"上海-上海"】

2024-07-22 01:12:37 开始第 7361 次操作

2024-07-22 01:12:37 开始操作号码 【1487262】
2024-07-22 01:12:47 GSD getOne 第 1 次 等待 3 秒
2024-07-22 01:12:50 查询号码 【1487262】，返回信息 {"status":"ok","msg":"上海-上海","gid":"302124","time_insert":"2021-07-17 10:49","time_update":"2023-05-22 00:28"}
2024-07-22 01:12:51 查询号码 【1487262】，GSD为【"上海-上海"】

2024-07-22 01:12:52 开始第 7362 次操作

2024-07-22 01:12:52 开始操作号码 【1487263】
2024-07-22 01:12:59 GSD getOne 第 1 次 等待 3 秒
2024-07-22 01:13:02 查询号码 【1487263】，返回信息 {"status":"ok","msg":"上海-上海","gid":"302185","time_insert":"2021-07-17 10:53","time_update":"2023-05-22 00:18"}
2024-07-22 01:13:02 查询号码 【1487263】，GSD为【"上海-上海"】

2024-07-22 01:13:03 开始第 7363 次操作

2024-07-22 01:13:03 开始操作号码 【1487264】
2024-07-22 01:13:11 GSD getOne 第 1 次 等待 3 秒
2024-07-22 01:13:14 查询号码 【1487264】，返回信息 {"status":"ok","msg":"上海-上海","gid":"302263","time_insert":"2021-07-17 10:58","time_update":"2023-09-09 17:14"}
2024-07-22 01:13:14 查询号码 【1487264】，GSD为【"上海-上海"】

2024-07-22 01:13:15 开始第 7364 次操作

2024-07-22 01:13:15 开始操作号码 【1487265】
2024-07-22 01:13:23 GSD getOne 第 1 次 等待 3 秒
2024-07-22 01:13:26 查询号码 【1487265】，返回信息 {"status":"ok","msg":"上海-上海","gid":"302343","time_insert":"2021-07-17 11:04","time_update":"2023-05-21 23:50"}
2024-07-22 01:13:26 查询号码 【1487265】，GSD为【"上海-上海"】

2024-07-22 01:35:55 开始第 7365 次操作

2024-07-22 01:35:55 开始操作号码 【1487266】
2024-07-22 01:36:04 GSD getOne 第 1 次 等待 3 秒
2024-07-22 01:36:07 查询号码 【1487266】，返回信息 {"status":"ok","msg":"上海-上海","gid":"302410","time_insert":"2021-07-17 11:08","time_update":"2023-05-21 23:28"}
2024-07-22 01:36:07 查询号码 【1487266】，GSD为【"上海-上海"】

2024-07-22 01:36:08 开始第 7366 次操作

2024-07-22 01:36:08 开始操作号码 【1487267】
2024-07-22 01:36:15 GSD getOne 第 1 次 等待 3 秒
2024-07-22 01:36:18 查询号码 【1487267】，返回信息 {"status":"ok","msg":"上海-上海","gid":"302447","time_insert":"2021-07-17 11:12","time_update":"2023-05-21 23:19"}
2024-07-22 01:36:18 查询号码 【1487267】，GSD为【"上海-上海"】

2024-07-22 01:36:19 开始第 7367 次操作

2024-07-22 01:36:19 开始操作号码 【1487268】
2024-07-22 01:36:27 GSD getOne 第 1 次 等待 3 秒
2024-07-22 01:36:30 查询号码 【1487268】，返回信息 {"status":"ok","msg":"上海-上海","gid":"302472","time_insert":"2021-07-17 11:16","time_update":"2023-05-21 23:04"}
2024-07-22 01:36:30 查询号码 【1487268】，GSD为【"上海-上海"】

2024-07-22 01:36:31 开始第 7368 次操作

2024-07-22 01:36:31 开始操作号码 【1487269】
2024-07-22 01:36:39 GSD getOne 第 1 次 等待 3 秒
2024-07-22 01:36:42 查询号码 【1487269】，返回信息 {"status":"ok","msg":"上海-上海","gid":"302499","time_insert":"2021-07-17 11:20","time_update":"2023-05-21 22:45"}
2024-07-22 01:36:42 查询号码 【1487269】，GSD为【"上海-上海"】

