2024-10-06 00:14:48 开始第 8461 次操作

2024-10-06 00:14:48 开始操作号码 【1378460】
2024-10-06 00:14:50 GSD getOne 第 1 次 等待 3 秒
2024-10-06 00:14:53 查询号码 【1378460】，返回信息 {"status":"ok","msg":"河北-唐山","gid":"351780","time_insert":"2021-07-22 03:49"}
2024-10-06 00:14:53 查询号码 【1378460】，GSD为【"河北-唐山"】

2024-10-06 00:14:54 开始第 8462 次操作

2024-10-06 00:14:54 开始操作号码 【1378461】
2024-10-06 00:14:56 GSD getOne 第 1 次 等待 3 秒
2024-10-06 00:14:59 查询号码 【1378461】，返回信息 {"status":"ok","msg":"河北-唐山","gid":"351770","time_insert":"2021-07-22 03:48"}
2024-10-06 00:14:59 查询号码 【1378461】，GSD为【"河北-唐山"】

2024-10-06 00:15:00 开始第 8463 次操作

2024-10-06 00:15:00 开始操作号码 【1378462】
2024-10-06 00:15:01 GSD getOne 第 1 次 等待 3 秒
2024-10-06 00:15:04 查询号码 【1378462】，返回信息 {"status":"ok","msg":"河北-唐山","gid":"351759","time_insert":"2021-07-22 03:47"}
2024-10-06 00:15:04 查询号码 【1378462】，GSD为【"河北-唐山"】

2024-10-06 00:15:05 开始第 8464 次操作

2024-10-06 00:15:05 开始操作号码 【1378463】
2024-10-06 00:15:07 GSD getOne 第 1 次 等待 3 秒
2024-10-06 00:15:10 查询号码 【1378463】，返回信息 {"status":"ok","msg":"河北-唐山","gid":"351751","time_insert":"2021-07-22 03:46"}
2024-10-06 00:15:10 查询号码 【1378463】，GSD为【"河北-唐山"】

