2024-01-21 00:17:37 开始第 9917 次操作

2024-01-21 00:17:37 开始操作号码 【1819819】
2024-01-21 00:17:41 GSD getOne 第 1 次 等待 3 秒
2024-01-21 00:17:44 查询号码 【1819819】，返回信息 {"status":"ok","msg":"贵州-毕节","gid":"373511","time_insert":"2021-07-24 04:39"}
2024-01-21 00:17:44 查询号码 【1819819】，GSD为【"贵州-毕节"】

2024-01-21 00:17:45 开始第 9918 次操作

2024-01-21 00:17:46 开始操作号码 【1819820】
2024-01-21 00:17:56 GSD getOne 第 1 次 等待 3 秒
2024-01-21 00:17:59 查询号码 【1819820】，返回信息 {"status":"ok","msg":"贵州-贵阳","gid":"373504","time_insert":"2021-07-24 04:39"}
2024-01-21 00:17:59 查询号码 【1819820】，GSD为【"贵州-贵阳"】

2024-01-21 00:18:00 开始第 9919 次操作

2024-01-21 00:18:00 开始操作号码 【1819821】
2024-01-21 00:18:04 GSD getOne 第 1 次 等待 3 秒
2024-01-21 00:18:07 查询号码 【1819821】，返回信息 {"status":"ok","msg":"贵州-贵阳","gid":"373499","time_insert":"2021-07-24 04:38"}
2024-01-21 00:18:07 查询号码 【1819821】，GSD为【"贵州-贵阳"】

2024-01-21 00:18:08 开始第 9920 次操作

2024-01-21 00:18:08 开始操作号码 【1819822】
2024-01-21 00:18:15 GSD getOne 第 1 次 等待 3 秒
2024-01-21 00:18:18 查询号码 【1819822】，返回信息 {"status":"ok","msg":"贵州-贵阳","gid":"373491","time_insert":"2021-07-24 04:38"}
2024-01-21 00:18:18 查询号码 【1819822】，GSD为【"贵州-贵阳"】

