2024-01-11 00:18:47 开始第 8117 次操作

2024-01-11 00:18:47 开始操作号码 【1818019】
2024-01-11 00:18:50 GSD getOne 第 1 次 等待 3 秒
2024-01-11 00:18:53 查询号码 【1818019】，返回信息 {"status":"ok","msg":"四川-达州","gid":"33978","time_insert":"2018-06-24 23:22","time_update":"2020-11-05 01:06"}
2024-01-11 00:18:53 查询号码 【1818019】，GSD为【"四川-达州"】

2024-01-11 00:18:54 开始第 8118 次操作

2024-01-11 00:18:54 开始操作号码 【1818020】
2024-01-11 00:18:57 GSD getOne 第 1 次 等待 3 秒
2024-01-11 00:19:00 查询号码 【1818020】，返回信息 {"status":"ok","msg":"四川-成都","gid":"33979","time_insert":"2017-03-13 13:33","time_update":"2020-11-05 01:11"}
2024-01-11 00:19:00 查询号码 【1818020】，GSD为【"四川-成都"】

2024-01-11 00:19:01 开始第 8119 次操作

2024-01-11 00:19:01 开始操作号码 【1818021】
2024-01-11 00:19:05 GSD getOne 第 1 次 等待 3 秒
2024-01-11 00:19:08 查询号码 【1818021】，返回信息 {"status":"ok","msg":"四川-成都","gid":"33980","time_insert":"2018-07-10 11:34","time_update":"2020-11-05 01:15"}
2024-01-11 00:19:08 查询号码 【1818021】，GSD为【"四川-成都"】

2024-01-11 00:19:09 开始第 8120 次操作

2024-01-11 00:19:09 开始操作号码 【1818022】
2024-01-11 00:19:12 GSD getOne 第 1 次 等待 3 秒
2024-01-11 00:19:15 查询号码 【1818022】，返回信息 {"status":"ok","msg":"四川-成都","gid":"33981","time_insert":"2017-09-27 00:00","time_update":"2020-11-05 01:19"}
2024-01-11 00:19:15 查询号码 【1818022】，GSD为【"四川-成都"】

