2024-05-19 00:17:08 开始第 9753 次操作

2024-05-19 00:17:08 开始操作号码 【1599656】
2024-05-19 00:17:16 GSD getOne 第 1 次 等待 3 秒
2024-05-19 00:17:19 查询号码 【1599656】，返回信息 {"status":"ok","msg":"江苏-南通","gid":"111720","time_insert":"2021-06-22 00:07"}
2024-05-19 00:17:19 查询号码 【1599656】，GSD为【"江苏-南通"】

2024-05-19 00:17:20 开始第 9754 次操作

2024-05-19 00:17:20 开始操作号码 【1599657】
2024-05-19 00:17:27 GSD getOne 第 1 次 等待 3 秒
2024-05-19 00:17:30 查询号码 【1599657】，返回信息 {"status":"ok","msg":"江苏-南通","gid":"55077","time_insert":"2020-03-28 16:55"}
2024-05-19 00:17:30 查询号码 【1599657】，GSD为【"江苏-南通"】

2024-05-19 00:17:31 开始第 9755 次操作

2024-05-19 00:17:31 开始操作号码 【1599658】
2024-05-19 00:17:41 GSD getOne 第 1 次 等待 3 秒
2024-05-19 00:17:44 查询号码 【1599658】，返回信息 {"status":"ok","msg":"江苏-南通","gid":"28344","time_insert":"2017-04-25 05:51","time_update":"2020-08-25 22:04"}
2024-05-19 00:17:44 查询号码 【1599658】，GSD为【"江苏-南通"】

2024-05-19 00:17:45 开始第 9756 次操作

2024-05-19 00:17:45 开始操作号码 【1599659】
2024-05-19 00:18:00 GSD getOne 第 1 次 等待 3 秒
2024-05-19 00:18:03 查询号码 【1599659】，返回信息 {"status":"ok","msg":"江苏-南通","gid":"111717","time_insert":"2021-06-22 00:05"}
2024-05-19 00:18:03 查询号码 【1599659】，GSD为【"江苏-南通"】

