2024-04-08 00:15:29 开始第 2521 次操作

2024-04-08 00:15:29 开始操作号码 【1592424】
2024-04-08 00:15:35 GSD getOne 第 1 次 等待 3 秒
2024-04-08 00:15:38 查询号码 【1592424】，返回信息 {"status":"ok","msg":"浙江-金华","gid":"120974","time_insert":"2021-06-24 04:43"}
2024-04-08 00:15:38 查询号码 【1592424】，GSD为【"浙江-金华"】

2024-04-08 00:15:39 开始第 2522 次操作

2024-04-08 00:15:39 开始操作号码 【1592425】
2024-04-08 00:15:44 GSD getOne 第 1 次 等待 3 秒
2024-04-08 00:15:47 查询号码 【1592425】，返回信息 {"status":"ok","msg":"浙江-金华","gid":"26906","time_insert":"2014-10-12 13:00","time_update":"2020-09-01 14:03"}
2024-04-08 00:15:47 查询号码 【1592425】，GSD为【"浙江-金华"】

2024-04-08 00:15:49 开始第 2523 次操作

2024-04-08 00:15:49 开始操作号码 【1592426】
2024-04-08 00:15:56 GSD getOne 第 1 次 等待 3 秒
2024-04-08 00:15:59 查询号码 【1592426】，返回信息 {"status":"ok","msg":"浙江-金华","gid":"120983","time_insert":"2021-06-24 04:44"}
2024-04-08 00:15:59 查询号码 【1592426】，GSD为【"浙江-金华"】

2024-04-08 00:16:00 开始第 2524 次操作

2024-04-08 00:16:00 开始操作号码 【1592427】
2024-04-08 00:16:06 GSD getOne 第 1 次 等待 3 秒
2024-04-08 00:16:09 查询号码 【1592427】，返回信息 {"status":"ok","msg":"浙江-金华","gid":"120990","time_insert":"2021-06-24 04:45"}
2024-04-08 00:16:09 查询号码 【1592427】，GSD为【"浙江-金华"】

