2024-08-29 00:15:23 开始第 1729 次操作

2024-08-29 00:15:23 开始操作号码 【1371728】
2024-08-29 00:15:32 GSD getOne 第 1 次 等待 3 秒
2024-08-29 00:15:35 查询号码 【1371728】，返回信息 {"status":"ok","msg":"广东-江门","gid":"81368","time_insert":"2021-06-05 14:48"}
2024-08-29 00:15:35 查询号码 【1371728】，GSD为【"广东-江门"】

2024-08-29 00:15:36 开始第 1730 次操作

2024-08-29 00:15:36 开始操作号码 【1371729】
2024-08-29 00:15:45 GSD getOne 第 1 次 等待 3 秒
2024-08-29 00:15:48 查询号码 【1371729】，返回信息 {"status":"ok","msg":"广东-江门","gid":"81399","time_insert":"2021-06-05 15:09"}
2024-08-29 00:15:48 查询号码 【1371729】，GSD为【"广东-江门"】

2024-08-29 00:15:49 开始第 1731 次操作

2024-08-29 00:15:49 开始操作号码 【1371730】
2024-08-29 00:15:57 GSD getOne 第 1 次 等待 3 秒
2024-08-29 00:16:00 查询号码 【1371730】，返回信息 {"status":"ok","msg":"广东-东莞","gid":"81434","time_insert":"2021-06-05 15:31"}
2024-08-29 00:16:00 查询号码 【1371730】，GSD为【"广东-东莞"】

2024-08-29 00:16:01 开始第 1732 次操作

2024-08-29 00:16:01 开始操作号码 【1371731】
2024-08-29 00:16:12 GSD getOne 第 1 次 等待 3 秒
2024-08-29 00:16:15 查询号码 【1371731】，返回信息 {"status":"ok","msg":"广东-东莞","gid":"81469","time_insert":"2021-06-05 15:58"}
2024-08-29 00:16:15 查询号码 【1371731】，GSD为【"广东-东莞"】

