2024-02-29 00:17:10 开始第 6333 次操作

2024-02-29 00:17:10 开始操作号码 【1706235】
2024-02-29 00:17:17 GSD getOne 第 1 次 等待 3 秒
2024-02-29 00:17:20 查询号码 【1706235】，返回信息 {"status":"ok","msg":"广东-深圳","gid":"168428","time_insert":"2021-07-01 18:47"}
2024-02-29 00:17:20 查询号码 【1706235】，GSD为【"广东-深圳"】

2024-02-29 00:17:21 开始第 6334 次操作

2024-02-29 00:17:21 开始操作号码 【1706236】
2024-02-29 00:17:25 GSD getOne 第 1 次 等待 3 秒
2024-02-29 00:17:28 查询号码 【1706236】，返回信息 {"status":"ok","msg":"广东-深圳","gid":"168433","time_insert":"2021-07-01 18:47"}
2024-02-29 00:17:28 查询号码 【1706236】，GSD为【"广东-深圳"】

2024-02-29 00:17:29 开始第 6335 次操作

2024-02-29 00:17:29 开始操作号码 【1706237】
2024-02-29 00:17:34 GSD getOne 第 1 次 等待 3 秒
2024-02-29 00:17:37 查询号码 【1706237】，返回信息 {"status":"ok","msg":"广东-深圳","gid":"168443","time_insert":"2021-07-01 18:48"}
2024-02-29 00:17:37 查询号码 【1706237】，GSD为【"广东-深圳"】

2024-02-29 00:17:38 开始第 6336 次操作

2024-02-29 00:17:38 开始操作号码 【1706238】
2024-02-29 00:17:43 GSD getOne 第 1 次 等待 3 秒
2024-02-29 00:17:46 查询号码 【1706238】，返回信息 {"status":"ok","msg":"广东-深圳","gid":"168446","time_insert":"2021-07-01 18:48"}
2024-02-29 00:17:46 查询号码 【1706238】，GSD为【"广东-深圳"】

