2024-04-05 00:17:27 开始第 1985 次操作

2024-04-05 00:17:27 开始操作号码 【1591888】
2024-04-05 00:17:32 GSD getOne 第 1 次 等待 3 秒
2024-04-05 00:17:36 查询号码 【1591888】，返回信息 {"status":"ok","msg":"广东-广州","gid":"118479","time_insert":"2021-06-23 15:43"}
2024-04-05 00:17:36 查询号码 【1591888】，GSD为【"广东-广州"】

2024-04-05 00:17:37 开始第 1986 次操作

2024-04-05 00:17:37 开始操作号码 【1591889】
2024-04-05 00:17:41 GSD getOne 第 1 次 等待 3 秒
2024-04-05 00:17:44 查询号码 【1591889】，返回信息 {"status":"ok","msg":"广东-广州","gid":"118483","time_insert":"2021-06-23 15:44"}
2024-04-05 00:17:44 查询号码 【1591889】，GSD为【"广东-广州"】

2024-04-05 00:17:45 开始第 1987 次操作

2024-04-05 00:17:45 开始操作号码 【1591890】
2024-04-05 00:17:51 GSD getOne 第 1 次 等待 3 秒
2024-04-05 00:17:54 查询号码 【1591890】，返回信息 {"status":"ok","msg":"广东-汕头","gid":"118487","time_insert":"2021-06-23 15:45"}
2024-04-05 00:17:54 查询号码 【1591890】，GSD为【"广东-汕头"】

2024-04-05 00:17:55 开始第 1988 次操作

2024-04-05 00:17:55 开始操作号码 【1591891】
2024-04-05 00:18:01 GSD getOne 第 1 次 等待 3 秒
2024-04-05 00:18:04 查询号码 【1591891】，返回信息 {"status":"ok","msg":"广东-汕头","gid":"118490","time_insert":"2021-06-23 15:45"}
2024-04-05 00:18:04 查询号码 【1591891】，GSD为【"广东-汕头"】

