2024-05-01 00:18:25 开始第 6509 次操作

2024-05-01 00:18:25 开始操作号码 【1596412】
2024-05-01 00:18:39 GSD getOne 第 1 次 等待 3 秒
2024-05-01 00:18:42 查询号码 【1596412】，返回信息 {"status":"ok","msg":"山东-济宁","gid":"126774","time_insert":"2021-06-25 11:06"}
2024-05-01 00:18:42 查询号码 【1596412】，GSD为【"山东-济宁"】

2024-05-01 00:18:43 开始第 6510 次操作

2024-05-01 00:18:43 开始操作号码 【1596413】
2024-05-01 00:18:58 GSD getOne 第 1 次 等待 3 秒
2024-05-01 00:19:01 查询号码 【1596413】，返回信息 {"status":"ok","msg":"山东-济宁","gid":"126769","time_insert":"2021-06-25 11:05"}
2024-05-01 00:19:01 查询号码 【1596413】，GSD为【"山东-济宁"】

2024-05-01 00:19:02 开始第 6511 次操作

2024-05-01 00:19:02 开始操作号码 【1596414】
2024-05-01 00:19:24 GSD getOne 第 1 次 等待 3 秒
2024-05-01 00:19:27 查询号码 【1596414】，返回信息 {"status":"ok","msg":"山东-济宁","gid":"126760","time_insert":"2021-06-25 11:05"}
2024-05-01 00:19:27 查询号码 【1596414】，GSD为【"山东-济宁"】

2024-05-01 00:19:28 开始第 6512 次操作

2024-05-01 00:19:28 开始操作号码 【1596415】
2024-05-01 00:19:35 GSD getOne 第 1 次 等待 3 秒
2024-05-01 00:19:38 查询号码 【1596415】，返回信息 {"status":"ok","msg":"山东-德州","gid":"126750","time_insert":"2021-06-25 11:04"}
2024-05-01 00:19:38 查询号码 【1596415】，GSD为【"山东-德州"】

