2023-10-11 00:23:29 开始第 2646 次操作

2023-10-11 00:23:29 开始操作号码 【1912644】
2023-10-11 00:25:40 GSD getOne 第 1 次 等待 3 秒
2023-10-11 00:27:53 GSD getOne 第 2 次 等待 3 秒
2023-10-11 00:30:06 GSD getOne 第 3 次 等待 3 秒
2023-10-11 00:32:19 GSD getOne 第 4 次 等待 3 秒
2023-10-11 00:34:32 GSD getOne 第 5 次 等待 3 秒
2023-10-11 00:36:46 GSD getOne 第 6 次 等待 3 秒
2023-10-11 00:38:59 GSD getOne 第 7 次 等待 3 秒
2023-10-11 00:41:12 GSD getOne 第 8 次 等待 3 秒
2023-10-11 00:43:25 GSD getOne 第 9 次 等待 3 秒
2023-10-11 00:45:38 GSD getOne 第 10 次 等待 3 秒
2023-10-11 00:45:41 查询号码 【1912644】，返回信息 
2023-10-11 00:45:41 查询失败，3 秒后重新查询
2023-10-11 00:47:55 GSD getOne 第 1 次 等待 3 秒
2023-10-11 00:50:08 GSD getOne 第 2 次 等待 3 秒
2023-10-11 00:52:22 GSD getOne 第 3 次 等待 3 秒
2023-10-11 00:54:35 GSD getOne 第 4 次 等待 3 秒
2023-10-11 00:56:48 GSD getOne 第 5 次 等待 3 秒
2023-10-11 00:59:01 GSD getOne 第 6 次 等待 3 秒
2023-10-11 01:01:14 GSD getOne 第 7 次 等待 3 秒
2023-10-11 01:03:27 GSD getOne 第 8 次 等待 3 秒
2023-10-11 01:05:40 GSD getOne 第 9 次 等待 3 秒
2023-10-11 01:07:53 GSD getOne 第 10 次 等待 3 秒
2023-10-11 01:07:56 查询号码 【1912644】，返回信息 
2023-10-11 01:07:56 查询失败，结束本次操作，期待下次成功~
2023-10-11 01:07:56 随机等待 116 秒，约 1 分钟
2023-10-11 01:07:56 下次操作: 2023-10-11 01:09:52

2023-10-11 01:09:52 开始第 2647 次操作

2023-10-11 01:09:52 开始操作号码 【1912644】
2023-10-11 01:12:03 GSD getOne 第 1 次 等待 3 秒
2023-10-11 01:14:16 GSD getOne 第 2 次 等待 3 秒
2023-10-11 01:16:29 GSD getOne 第 3 次 等待 3 秒
2023-10-11 01:18:43 GSD getOne 第 4 次 等待 3 秒
2023-10-11 01:20:56 GSD getOne 第 5 次 等待 3 秒
2023-10-11 01:23:09 GSD getOne 第 6 次 等待 3 秒
2023-10-11 01:25:22 GSD getOne 第 7 次 等待 3 秒
2023-10-11 01:27:35 GSD getOne 第 8 次 等待 3 秒
2023-10-11 01:29:48 GSD getOne 第 9 次 等待 3 秒
2023-10-11 01:32:01 GSD getOne 第 10 次 等待 3 秒
2023-10-11 01:32:04 查询号码 【1912644】，返回信息 
2023-10-11 01:32:04 查询失败，3 秒后重新查询
2023-10-11 01:34:19 GSD getOne 第 1 次 等待 3 秒
2023-10-11 01:36:32 GSD getOne 第 2 次 等待 3 秒
2023-10-11 01:38:45 GSD getOne 第 3 次 等待 3 秒
2023-10-11 01:40:58 GSD getOne 第 4 次 等待 3 秒
2023-10-11 01:43:11 GSD getOne 第 5 次 等待 3 秒
2023-10-11 01:45:24 GSD getOne 第 6 次 等待 3 秒
2023-10-11 01:47:37 GSD getOne 第 7 次 等待 3 秒
2023-10-11 01:49:50 GSD getOne 第 8 次 等待 3 秒
2023-10-11 01:52:03 GSD getOne 第 9 次 等待 3 秒
2023-10-11 01:54:17 GSD getOne 第 10 次 等待 3 秒
2023-10-11 01:54:20 查询号码 【1912644】，返回信息 
2023-10-11 01:54:20 查询失败，结束本次操作，期待下次成功~
2023-10-11 01:54:20 随机等待 148 秒，约 2 分钟
2023-10-11 01:54:20 下次操作: 2023-10-11 01:56:48

2023-10-11 01:56:48 开始第 2648 次操作

2023-10-11 01:56:48 开始操作号码 【1912644】
2023-10-11 01:58:59 GSD getOne 第 1 次 等待 3 秒
2023-10-11 02:01:12 GSD getOne 第 2 次 等待 3 秒
2023-10-11 02:03:25 GSD getOne 第 3 次 等待 3 秒
2023-10-11 02:05:39 GSD getOne 第 4 次 等待 3 秒
2023-10-11 02:07:52 GSD getOne 第 5 次 等待 3 秒
2023-10-11 02:10:05 GSD getOne 第 6 次 等待 3 秒
2023-10-11 02:12:18 GSD getOne 第 7 次 等待 3 秒
2023-10-11 02:14:31 GSD getOne 第 8 次 等待 3 秒
2023-10-11 02:16:44 GSD getOne 第 9 次 等待 3 秒
2023-10-11 02:18:57 GSD getOne 第 10 次 等待 3 秒
2023-10-11 02:19:00 查询号码 【1912644】，返回信息 
2023-10-11 02:19:00 查询失败，3 秒后重新查询
2023-10-11 02:21:15 GSD getOne 第 1 次 等待 3 秒
2023-10-11 02:23:28 GSD getOne 第 2 次 等待 3 秒
2023-10-11 02:25:41 GSD getOne 第 3 次 等待 3 秒
2023-10-11 02:27:54 GSD getOne 第 4 次 等待 3 秒
2023-10-11 02:30:07 GSD getOne 第 5 次 等待 3 秒
2023-10-11 02:32:20 GSD getOne 第 6 次 等待 3 秒
2023-10-11 02:34:33 GSD getOne 第 7 次 等待 3 秒
2023-10-11 02:36:46 GSD getOne 第 8 次 等待 3 秒
2023-10-11 02:38:59 GSD getOne 第 9 次 等待 3 秒
2023-10-11 02:41:13 GSD getOne 第 10 次 等待 3 秒
2023-10-11 02:41:16 查询号码 【1912644】，返回信息 
2023-10-11 02:41:16 查询失败，结束本次操作，期待下次成功~

