2023-12-27 00:16:55 开始第 5421 次操作

2023-12-27 00:16:55 开始操作号码 【1815323】
2023-12-27 00:16:59 GSD getOne 第 1 次 等待 3 秒
2023-12-27 00:17:02 查询号码 【1815323】，返回信息 {"status":"ok","msg":"山东-青岛","gid":"420013","time_insert":"2021-07-28 02:56"}
2023-12-27 00:17:02 查询号码 【1815323】，GSD为【"山东-青岛"】

2023-12-27 00:17:03 开始第 5422 次操作

2023-12-27 00:17:03 开始操作号码 【1815324】
2023-12-27 00:17:07 GSD getOne 第 1 次 等待 3 秒
2023-12-27 00:17:10 查询号码 【1815324】，返回信息 {"status":"ok","msg":"山东-青岛","gid":"420007","time_insert":"2021-07-28 02:56"}
2023-12-27 00:17:10 查询号码 【1815324】，GSD为【"山东-青岛"】

2023-12-27 00:17:11 开始第 5423 次操作

2023-12-27 00:17:11 开始操作号码 【1815325】
2023-12-27 00:17:15 GSD getOne 第 1 次 等待 3 秒
2023-12-27 00:17:18 查询号码 【1815325】，返回信息 {"status":"ok","msg":"山东-青岛","gid":"419997","time_insert":"2021-07-28 02:55","time_update":"2021-08-02 11:52"}
2023-12-27 00:17:18 查询号码 【1815325】，GSD为【"山东-青岛"】

2023-12-27 00:17:19 开始第 5424 次操作

2023-12-27 00:17:19 开始操作号码 【1815326】
2023-12-27 00:17:25 GSD getOne 第 1 次 等待 3 秒
2023-12-27 00:17:28 查询号码 【1815326】，返回信息 {"status":"ok","msg":"山东-青岛","gid":"419986","time_insert":"2021-07-28 02:55"}
2023-12-27 00:17:28 查询号码 【1815326】，GSD为【"山东-青岛"】

