2024-08-20 00:14:17 开始第 109 次操作

2024-08-20 00:14:17 开始操作号码 【1370108】
2024-08-20 00:14:27 GSD getOne 第 1 次 等待 3 秒
2024-08-20 00:14:30 查询号码 【1370108】，返回信息 {"status":"ok","msg":"北京-北京","gid":"58781","time_insert":"2021-05-14 21:32"}
2024-08-20 00:14:30 查询号码 【1370108】，GSD为【"北京-北京"】

2024-08-20 00:14:31 开始第 110 次操作

2024-08-20 00:14:31 开始操作号码 【1370109】
2024-08-20 00:14:40 GSD getOne 第 1 次 等待 3 秒
2024-08-20 00:14:43 查询号码 【1370109】，返回信息 {"status":"ok","msg":"北京-北京","gid":"58799","time_insert":"2021-05-14 21:57"}
2024-08-20 00:14:43 查询号码 【1370109】，GSD为【"北京-北京"】

2024-08-20 00:14:44 开始第 111 次操作

2024-08-20 00:14:44 开始操作号码 【1370110】
2024-08-20 00:14:52 GSD getOne 第 1 次 等待 3 秒
2024-08-20 00:14:55 查询号码 【1370110】，返回信息 {"status":"ok","msg":"北京-北京","gid":"58816","time_insert":"2021-05-14 22:23"}
2024-08-20 00:14:55 查询号码 【1370110】，GSD为【"北京-北京"】

2024-08-20 00:14:56 开始第 112 次操作

2024-08-20 00:14:56 开始操作号码 【1370111】
2024-08-20 00:15:06 GSD getOne 第 1 次 等待 3 秒
2024-08-20 00:15:09 查询号码 【1370111】，返回信息 {"status":"ok","msg":"北京-北京","gid":"58830","time_insert":"2021-05-14 22:46"}
2024-08-20 00:15:09 查询号码 【1370111】，GSD为【"北京-北京"】

2024-08-20 00:39:06 开始第 113 次操作

2024-08-20 00:39:06 开始操作号码 【1370112】
2024-08-20 00:39:15 GSD getOne 第 1 次 等待 3 秒
2024-08-20 00:39:18 查询号码 【1370112】，返回信息 {"status":"ok","msg":"北京-北京","gid":"58841","time_insert":"2021-05-14 23:10"}
2024-08-20 00:39:19 查询号码 【1370112】，GSD为【"北京-北京"】

2024-08-20 00:39:20 开始第 114 次操作

2024-08-20 00:39:20 开始操作号码 【1370113】
2024-08-20 00:39:27 GSD getOne 第 1 次 等待 3 秒
2024-08-20 00:39:30 查询号码 【1370113】，返回信息 {"status":"ok","msg":"北京-北京","gid":"58851","time_insert":"2021-05-14 23:29"}
2024-08-20 00:39:30 查询号码 【1370113】，GSD为【"北京-北京"】

2024-08-20 00:39:31 开始第 115 次操作

2024-08-20 00:39:31 开始操作号码 【1370114】
2024-08-20 00:39:42 GSD getOne 第 1 次 等待 3 秒
2024-08-20 00:39:45 查询号码 【1370114】，返回信息 {"status":"ok","msg":"北京-北京","gid":"58860","time_insert":"2021-05-14 23:53"}
2024-08-20 00:39:45 查询号码 【1370114】，GSD为【"北京-北京"】

2024-08-20 00:39:46 开始第 116 次操作

2024-08-20 00:39:46 开始操作号码 【1370115】
2024-08-20 00:39:54 GSD getOne 第 1 次 等待 3 秒
2024-08-20 00:39:57 查询号码 【1370115】，返回信息 {"status":"ok","msg":"北京-北京","gid":"58874","time_insert":"2021-05-15 00:19"}
2024-08-20 00:39:58 查询号码 【1370115】，GSD为【"北京-北京"】

2024-08-20 01:12:07 开始第 117 次操作

2024-08-20 01:12:07 开始操作号码 【1370116】
2024-08-20 01:12:16 GSD getOne 第 1 次 等待 3 秒
2024-08-20 01:12:19 查询号码 【1370116】，返回信息 {"status":"ok","msg":"北京-北京","gid":"58886","time_insert":"2021-05-15 00:42"}
2024-08-20 01:12:19 查询号码 【1370116】，GSD为【"北京-北京"】

2024-08-20 01:12:20 开始第 118 次操作

2024-08-20 01:12:20 开始操作号码 【1370117】
2024-08-20 01:12:28 GSD getOne 第 1 次 等待 3 秒
2024-08-20 01:12:31 查询号码 【1370117】，返回信息 {"status":"ok","msg":"北京-北京","gid":"58901","time_insert":"2021-05-15 01:11"}
2024-08-20 01:12:31 查询号码 【1370117】，GSD为【"北京-北京"】

2024-08-20 01:12:32 开始第 119 次操作

2024-08-20 01:12:32 开始操作号码 【1370118】
2024-08-20 01:12:40 GSD getOne 第 1 次 等待 3 秒
2024-08-20 01:12:43 查询号码 【1370118】，返回信息 {"status":"ok","msg":"北京-北京","gid":"58911","time_insert":"2021-05-15 01:32"}
2024-08-20 01:12:43 查询号码 【1370118】，GSD为【"北京-北京"】

2024-08-20 01:12:44 开始第 120 次操作

2024-08-20 01:12:44 开始操作号码 【1370119】
2024-08-20 01:12:52 GSD getOne 第 1 次 等待 3 秒
2024-08-20 01:12:55 查询号码 【1370119】，返回信息 {"status":"ok","msg":"北京-北京","gid":"9388","time_insert":"2017-08-25 07:43","time_update":"2020-12-26 13:33"}
2024-08-20 01:12:55 查询号码 【1370119】，GSD为【"北京-北京"】

2024-08-20 01:35:01 开始第 121 次操作

2024-08-20 01:35:01 开始操作号码 【1370120】
2024-08-20 01:35:08 GSD getOne 第 1 次 等待 3 秒
2024-08-20 01:35:12 查询号码 【1370120】，返回信息 {"status":"ok","msg":"北京-北京","gid":"58923","time_insert":"2021-05-15 01:59"}
2024-08-20 01:35:12 查询号码 【1370120】，GSD为【"北京-北京"】

2024-08-20 01:35:13 开始第 122 次操作

2024-08-20 01:35:13 开始操作号码 【1370121】
2024-08-20 01:35:20 GSD getOne 第 1 次 等待 3 秒
2024-08-20 01:35:23 查询号码 【1370121】，返回信息 {"status":"ok","msg":"北京-北京","gid":"58936","time_insert":"2021-05-15 02:21"}
2024-08-20 01:35:23 查询号码 【1370121】，GSD为【"北京-北京"】

2024-08-20 01:35:24 开始第 123 次操作

2024-08-20 01:35:24 开始操作号码 【1370122】
2024-08-20 01:35:32 GSD getOne 第 1 次 等待 3 秒
2024-08-20 01:35:35 查询号码 【1370122】，返回信息 {"status":"ok","msg":"北京-北京","gid":"58952","time_insert":"2021-05-15 02:50"}
2024-08-20 01:35:35 查询号码 【1370122】，GSD为【"北京-北京"】

2024-08-20 01:35:36 开始第 124 次操作

2024-08-20 01:35:36 开始操作号码 【1370123】
2024-08-20 01:35:44 GSD getOne 第 1 次 等待 3 秒
2024-08-20 01:35:47 查询号码 【1370123】，返回信息 {"status":"ok","msg":"北京-北京","gid":"58963","time_insert":"2021-05-15 03:15"}
2024-08-20 01:35:47 查询号码 【1370123】，GSD为【"北京-北京"】

