2024-10-10 00:15:31 开始第 9161 次操作

2024-10-10 00:15:31 开始操作号码 【1379160】
2024-10-10 00:15:34 GSD getOne 第 1 次 等待 3 秒
2024-10-10 00:15:37 查询号码 【1379160】，返回信息 {"status":"ok","msg":"山东-潍坊","gid":"345428","time_insert":"2021-07-21 11:26","time_update":"2021-07-24 15:33"}
2024-10-10 00:15:37 查询号码 【1379160】，GSD为【"山东-潍坊"】

2024-10-10 00:15:38 开始第 9162 次操作

2024-10-10 00:15:38 开始操作号码 【1379161】
2024-10-10 00:15:40 GSD getOne 第 1 次 等待 3 秒
2024-10-10 00:15:43 查询号码 【1379161】，返回信息 {"status":"ok","msg":"山东-潍坊","gid":"345423","time_insert":"2021-07-21 11:24"}
2024-10-10 00:15:43 查询号码 【1379161】，GSD为【"山东-潍坊"】

2024-10-10 00:15:44 开始第 9163 次操作

2024-10-10 00:15:44 开始操作号码 【1379162】
2024-10-10 00:15:46 GSD getOne 第 1 次 等待 3 秒
2024-10-10 00:15:49 查询号码 【1379162】，返回信息 {"status":"ok","msg":"山东-潍坊","gid":"345419","time_insert":"2021-07-21 11:24","time_update":"2021-07-24 15:25"}
2024-10-10 00:15:49 查询号码 【1379162】，GSD为【"山东-潍坊"】

2024-10-10 00:15:50 开始第 9164 次操作

2024-10-10 00:15:50 开始操作号码 【1379163】
2024-10-10 00:15:56 GSD getOne 第 1 次 等待 3 秒
2024-10-10 00:15:59 查询号码 【1379163】，返回信息 {"status":"ok","msg":"山东-潍坊","gid":"345414","time_insert":"2021-07-21 11:22","time_update":"2021-07-25 08:56"}
2024-10-10 00:15:59 查询号码 【1379163】，GSD为【"山东-潍坊"】

2024-10-10 00:42:07 开始第 9165 次操作

2024-10-10 00:42:07 开始操作号码 【1379164】
2024-10-10 00:42:11 GSD getOne 第 1 次 等待 3 秒
2024-10-10 00:42:14 查询号码 【1379164】，返回信息 {"status":"ok","msg":"山东-潍坊","gid":"345407","time_insert":"2021-07-21 11:21","time_update":"2021-07-24 15:01"}
2024-10-10 00:42:14 查询号码 【1379164】，GSD为【"山东-潍坊"】

2024-10-10 00:42:15 开始第 9166 次操作

2024-10-10 00:42:15 开始操作号码 【1379165】
2024-10-10 00:42:33 GSD getOne 第 1 次 等待 3 秒
2024-10-10 00:42:36 查询号码 【1379165】，返回信息 {"status":"ok","msg":"山东-潍坊","gid":"345402","time_insert":"2021-07-21 11:20","time_update":"2021-07-24 14:56"}
2024-10-10 00:42:36 查询号码 【1379165】，GSD为【"山东-潍坊"】

2024-10-10 00:42:37 开始第 9167 次操作

2024-10-10 00:42:37 开始操作号码 【1379166】
2024-10-10 00:42:40 GSD getOne 第 1 次 等待 3 秒
2024-10-10 00:42:43 查询号码 【1379166】，返回信息 {"status":"ok","msg":"山东-潍坊","gid":"345399","time_insert":"2021-07-21 11:19","time_update":"2021-07-24 14:48"}
2024-10-10 00:42:43 查询号码 【1379166】，GSD为【"山东-潍坊"】

2024-10-10 00:42:44 开始第 9168 次操作

2024-10-10 00:42:44 开始操作号码 【1379167】
2024-10-10 00:42:52 GSD getOne 第 1 次 等待 3 秒
2024-10-10 00:42:55 查询号码 【1379167】，返回信息 {"status":"ok","msg":"山东-潍坊","gid":"345394","time_insert":"2021-07-21 11:17","time_update":"2021-07-24 14:46"}
2024-10-10 00:42:55 查询号码 【1379167】，GSD为【"山东-潍坊"】

