2024-07-30 00:20:18 开始第 8781 次操作

2024-07-30 00:20:18 开始操作号码 【1488682】
2024-07-30 00:20:26 GSD getOne 第 1 次 等待 3 秒
2024-07-30 00:20:29 查询号码 【1488682】，返回信息 {"status":"ok","msg":"广东-广州","gid":"350256","time_insert":"2021-07-22 00:07","time_update":"2023-09-17 18:23"}
2024-07-30 00:20:29 查询号码 【1488682】，GSD为【"广东-广州"】

2024-07-30 00:20:30 开始第 8782 次操作

2024-07-30 00:20:30 开始操作号码 【1488683】
2024-07-30 00:20:41 GSD getOne 第 1 次 等待 3 秒
2024-07-30 00:20:44 查询号码 【1488683】，返回信息 {"status":"ok","msg":"广东-广州","gid":"350307","time_insert":"2021-07-22 00:12","time_update":"2023-09-17 18:26"}
2024-07-30 00:20:44 查询号码 【1488683】，GSD为【"广东-广州"】

2024-07-30 00:20:45 开始第 8783 次操作

2024-07-30 00:20:45 开始操作号码 【1488684】
2024-07-30 00:20:54 GSD getOne 第 1 次 等待 3 秒
2024-07-30 00:20:57 查询号码 【1488684】，返回信息 {"status":"ok","msg":"广东-广州","gid":"350353","time_insert":"2021-07-22 00:18","time_update":"2023-09-17 18:38"}
2024-07-30 00:20:57 查询号码 【1488684】，GSD为【"广东-广州"】

2024-07-30 00:20:58 开始第 8784 次操作

2024-07-30 00:20:58 开始操作号码 【1488685】
2024-07-30 00:21:06 GSD getOne 第 1 次 等待 3 秒
2024-07-30 00:21:09 查询号码 【1488685】，返回信息 {"status":"ok","msg":"广东-广州","gid":"350371","time_insert":"2021-07-22 00:21","time_update":"2023-09-17 18:39"}
2024-07-30 00:21:09 查询号码 【1488685】，GSD为【"广东-广州"】

2024-07-30 00:40:53 开始第 8785 次操作

2024-07-30 00:40:53 开始操作号码 【1488686】
2024-07-30 00:41:02 GSD getOne 第 1 次 等待 3 秒
2024-07-30 00:41:05 查询号码 【1488686】，返回信息 {"status":"ok","msg":"广东-广州","gid":"350395","time_insert":"2021-07-22 00:26","time_update":"2023-09-17 18:58"}
2024-07-30 00:41:05 查询号码 【1488686】，GSD为【"广东-广州"】

2024-07-30 00:41:06 开始第 8786 次操作

2024-07-30 00:41:06 开始操作号码 【1488687】
2024-07-30 00:41:14 GSD getOne 第 1 次 等待 3 秒
2024-07-30 00:41:17 查询号码 【1488687】，返回信息 {"status":"ok","msg":"广东-广州","gid":"350408","time_insert":"2021-07-22 00:32","time_update":"2023-09-17 19:01"}
2024-07-30 00:41:17 查询号码 【1488687】，GSD为【"广东-广州"】

2024-07-30 00:41:18 开始第 8787 次操作

2024-07-30 00:41:18 开始操作号码 【1488688】
2024-07-30 00:41:25 GSD getOne 第 1 次 等待 3 秒
2024-07-30 00:41:28 查询号码 【1488688】，返回信息 {"status":"ok","msg":"广东-广州","gid":"350417","time_insert":"2021-07-22 00:37","time_update":"2023-09-17 19:13"}
2024-07-30 00:41:28 查询号码 【1488688】，GSD为【"广东-广州"】

2024-07-30 00:41:29 开始第 8788 次操作

2024-07-30 00:41:29 开始操作号码 【1488689】
2024-07-30 00:41:39 GSD getOne 第 1 次 等待 3 秒
2024-07-30 00:41:42 查询号码 【1488689】，返回信息 {"status":"ok","msg":"广东-广州","gid":"350434","time_insert":"2021-07-22 00:42","time_update":"2023-09-17 19:17"}
2024-07-30 00:41:42 查询号码 【1488689】，GSD为【"广东-广州"】

2024-07-30 01:14:10 开始第 8789 次操作

2024-07-30 01:14:10 开始操作号码 【1488690】
2024-07-30 01:14:33 GSD getOne 第 1 次 等待 3 秒
2024-07-30 01:14:36 查询号码 【1488690】，返回信息 {"status":"ok","msg":"广东-广州","gid":"350444","time_insert":"2021-07-22 00:47","time_update":"2023-09-17 19:19"}
2024-07-30 01:14:36 查询号码 【1488690】，GSD为【"广东-广州"】

2024-07-30 01:14:37 开始第 8790 次操作

2024-07-30 01:14:37 开始操作号码 【1488691】
2024-07-30 01:14:45 GSD getOne 第 1 次 等待 3 秒
2024-07-30 01:14:48 查询号码 【1488691】，返回信息 {"status":"ok","msg":"广东-广州","gid":"350457","time_insert":"2021-07-22 00:53","time_update":"2023-09-17 19:23"}
2024-07-30 01:14:48 查询号码 【1488691】，GSD为【"广东-广州"】

2024-07-30 01:14:49 开始第 8791 次操作

2024-07-30 01:14:49 开始操作号码 【1488692】
2024-07-30 01:14:58 GSD getOne 第 1 次 等待 3 秒
2024-07-30 01:15:01 查询号码 【1488692】，返回信息 {"status":"ok","msg":"广东-广州","gid":"350464","time_insert":"2021-07-22 00:58","time_update":"2023-09-17 19:38"}
2024-07-30 01:15:01 查询号码 【1488692】，GSD为【"广东-广州"】

2024-07-30 01:15:02 开始第 8792 次操作

2024-07-30 01:15:02 开始操作号码 【1488693】
2024-07-30 01:15:10 GSD getOne 第 1 次 等待 3 秒
2024-07-30 01:15:13 查询号码 【1488693】，返回信息 {"status":"ok","msg":"广东-广州","gid":"350486","time_insert":"2021-07-22 01:04","time_update":"2023-09-17 19:40"}
2024-07-30 01:15:13 查询号码 【1488693】，GSD为【"广东-广州"】

