2023-10-28 00:16:53 开始第 5537 次操作

2023-10-28 00:16:53 开始操作号码 【1915439】
2023-10-28 00:16:58 GSD getOne 第 1 次 等待 3 秒
2023-10-28 00:17:01 查询号码 【1915439】，返回信息 {"status":"ok","msg":"山东-滨州","gid":"485186","time_insert":"2021-08-03 01:24"}
2023-10-28 00:17:01 查询号码 【1915439】，GSD为【"山东-滨州"】

2023-10-28 00:17:02 开始第 5538 次操作

2023-10-28 00:17:02 开始操作号码 【1915440】
2023-10-28 00:17:05 GSD getOne 第 1 次 等待 3 秒
2023-10-28 00:17:08 查询号码 【1915440】，返回信息 {"status":"ok","msg":"山东-青岛","gid":"485177","time_insert":"2021-08-03 01:23"}
2023-10-28 00:17:08 查询号码 【1915440】，GSD为【"山东-青岛"】

2023-10-28 00:17:09 开始第 5539 次操作

2023-10-28 00:17:09 开始操作号码 【1915441】
2023-10-28 00:17:13 GSD getOne 第 1 次 等待 3 秒
2023-10-28 00:17:16 查询号码 【1915441】，返回信息 {"status":"ok","msg":"山东-青岛","gid":"485167","time_insert":"2021-08-03 01:23"}
2023-10-28 00:17:16 查询号码 【1915441】，GSD为【"山东-青岛"】

2023-10-28 00:17:17 开始第 5540 次操作

2023-10-28 00:17:17 开始操作号码 【1915442】
2023-10-28 00:17:19 GSD getOne 第 1 次 等待 3 秒
2023-10-28 00:17:22 查询号码 【1915442】，返回信息 {"status":"ok","msg":"山东-济南","gid":"485158","time_insert":"2021-08-03 01:22"}
2023-10-28 00:17:22 查询号码 【1915442】，GSD为【"山东-济南"】

