2024-05-03 00:17:29 开始第 6869 次操作

2024-05-03 00:17:29 开始操作号码 【1596772】
2024-05-03 00:17:34 GSD getOne 第 1 次 等待 3 秒
2024-05-03 00:17:37 查询号码 【1596772】，返回信息 {"status":"ok","msg":"浙江-温州","gid":"124523","time_insert":"2021-06-24 23:11"}
2024-05-03 00:17:37 查询号码 【1596772】，GSD为【"浙江-温州"】

2024-05-03 00:17:38 开始第 6870 次操作

2024-05-03 00:17:38 开始操作号码 【1596773】
2024-05-03 00:17:57 GSD getOne 第 1 次 等待 3 秒
2024-05-03 00:18:00 查询号码 【1596773】，返回信息 {"status":"ok","msg":"浙江-温州","gid":"124521","time_insert":"2021-06-24 23:09"}
2024-05-03 00:18:00 查询号码 【1596773】，GSD为【"浙江-温州"】

2024-05-03 00:18:01 开始第 6871 次操作

2024-05-03 00:18:01 开始操作号码 【1596774】
2024-05-03 00:18:10 GSD getOne 第 1 次 等待 3 秒
2024-05-03 00:18:13 查询号码 【1596774】，返回信息 {"status":"ok","msg":"浙江-温州","gid":"124519","time_insert":"2021-06-24 23:08"}
2024-05-03 00:18:13 查询号码 【1596774】，GSD为【"浙江-温州"】

2024-05-03 00:18:14 开始第 6872 次操作

2024-05-03 00:18:14 开始操作号码 【1596775】
2024-05-03 00:18:19 GSD getOne 第 1 次 等待 3 秒
2024-05-03 00:18:22 查询号码 【1596775】，返回信息 {"status":"ok","msg":"浙江-温州","gid":"124516","time_insert":"2021-06-24 23:07"}
2024-05-03 00:18:22 查询号码 【1596775】，GSD为【"浙江-温州"】

