2024-02-20 00:18:44 开始第 4689 次操作

2024-02-20 00:18:44 开始操作号码 【1704591】
2024-02-20 00:18:51 GSD getOne 第 1 次 等待 3 秒
2024-02-20 00:18:54 查询号码 【1704591】，返回信息 {"status":"ok","msg":"宁夏-银川","gid":"150656","time_insert":"2021-06-29 03:23"}
2024-02-20 00:18:54 查询号码 【1704591】，GSD为【"宁夏-银川"】

2024-02-20 00:18:55 开始第 4690 次操作

2024-02-20 00:18:55 开始操作号码 【1704592】
2024-02-20 00:19:02 GSD getOne 第 1 次 等待 3 秒
2024-02-20 00:19:05 查询号码 【1704592】，返回信息 {"status":"ok","msg":"宁夏-银川","gid":"150662","time_insert":"2021-06-29 03:24"}
2024-02-20 00:19:05 查询号码 【1704592】，GSD为【"宁夏-银川"】

2024-02-20 00:19:06 开始第 4691 次操作

2024-02-20 00:19:06 开始操作号码 【1704593】
2024-02-20 00:19:15 GSD getOne 第 1 次 等待 3 秒
2024-02-20 00:19:18 查询号码 【1704593】，返回信息 {"status":"ok","msg":"宁夏-银川","gid":"150669","time_insert":"2021-06-29 03:25"}
2024-02-20 00:19:18 查询号码 【1704593】，GSD为【"宁夏-银川"】

2024-02-20 00:19:19 开始第 4692 次操作

2024-02-20 00:19:19 开始操作号码 【1704594】
2024-02-20 00:19:23 GSD getOne 第 1 次 等待 3 秒
2024-02-20 00:19:26 查询号码 【1704594】，返回信息 {"status":"ok","msg":"宁夏-银川","gid":"150732","time_insert":"2021-06-29 03:36"}
2024-02-20 00:19:26 查询号码 【1704594】，GSD为【"宁夏-银川"】

2024-02-20 00:39:01 开始第 4693 次操作

2024-02-20 00:39:01 开始操作号码 【1704595】
2024-02-20 00:39:07 GSD getOne 第 1 次 等待 3 秒
2024-02-20 00:39:10 查询号码 【1704595】，返回信息 {"status":"ok","msg":"宁夏-银川","gid":"150738","time_insert":"2021-06-29 03:36"}
2024-02-20 00:39:10 查询号码 【1704595】，GSD为【"宁夏-银川"】

2024-02-20 00:39:11 开始第 4694 次操作

2024-02-20 00:39:11 开始操作号码 【1704596】
2024-02-20 00:39:15 GSD getOne 第 1 次 等待 3 秒
2024-02-20 00:39:18 查询号码 【1704596】，返回信息 {"status":"ok","msg":"宁夏-银川","gid":"150742","time_insert":"2021-06-29 03:36"}
2024-02-20 00:39:18 查询号码 【1704596】，GSD为【"宁夏-银川"】

2024-02-20 00:39:19 开始第 4695 次操作

2024-02-20 00:39:19 开始操作号码 【1704597】
2024-02-20 00:39:24 GSD getOne 第 1 次 等待 3 秒
2024-02-20 00:39:27 查询号码 【1704597】，返回信息 {"status":"ok","msg":"宁夏-银川","gid":"150750","time_insert":"2021-06-29 03:37"}
2024-02-20 00:39:27 查询号码 【1704597】，GSD为【"宁夏-银川"】

2024-02-20 00:39:28 开始第 4696 次操作

2024-02-20 00:39:28 开始操作号码 【1704598】
2024-02-20 00:39:32 GSD getOne 第 1 次 等待 3 秒
2024-02-20 00:39:35 查询号码 【1704598】，返回信息 {"status":"ok","msg":"宁夏-银川","gid":"150757","time_insert":"2021-06-29 03:37"}
2024-02-20 00:39:35 查询号码 【1704598】，GSD为【"宁夏-银川"】

