2024-05-17 00:17:35 开始第 9393 次操作

2024-05-17 00:17:35 开始操作号码 【1599296】
2024-05-17 00:17:42 GSD getOne 第 1 次 等待 3 秒
2024-05-17 00:17:45 查询号码 【1599296】，返回信息 {"status":"ok","msg":"广东-韶关","gid":"113199","time_insert":"2021-06-22 11:59"}
2024-05-17 00:17:45 查询号码 【1599296】，GSD为【"广东-韶关"】

2024-05-17 00:17:46 开始第 9394 次操作

2024-05-17 00:17:46 开始操作号码 【1599297】
2024-05-17 00:17:52 GSD getOne 第 1 次 等待 3 秒
2024-05-17 00:17:55 查询号码 【1599297】，返回信息 {"status":"ok","msg":"广东-韶关","gid":"113193","time_insert":"2021-06-22 11:58"}
2024-05-17 00:17:55 查询号码 【1599297】，GSD为【"广东-韶关"】

2024-05-17 00:17:56 开始第 9395 次操作

2024-05-17 00:17:56 开始操作号码 【1599298】
2024-05-17 00:18:04 GSD getOne 第 1 次 等待 3 秒
2024-05-17 00:18:07 查询号码 【1599298】，返回信息 {"status":"ok","msg":"广东-韶关","gid":"113189","time_insert":"2021-06-22 11:57"}
2024-05-17 00:18:07 查询号码 【1599298】，GSD为【"广东-韶关"】

2024-05-17 00:18:08 开始第 9396 次操作

2024-05-17 00:18:08 开始操作号码 【1599299】
2024-05-17 00:18:13 GSD getOne 第 1 次 等待 3 秒
2024-05-17 00:18:16 查询号码 【1599299】，返回信息 {"status":"ok","msg":"广东-韶关","gid":"113185","time_insert":"2021-06-22 11:57"}
2024-05-17 00:18:16 查询号码 【1599299】，GSD为【"广东-韶关"】

