2024-03-27 00:17:19 开始第 361 次操作

2024-03-27 00:17:19 开始操作号码 【1590264】
2024-03-27 00:17:25 GSD getOne 第 1 次 等待 3 秒
2024-03-27 00:17:28 查询号码 【1590264】，返回信息 {"status":"ok","msg":"贵州-安顺","gid":"77315","time_insert":"2021-06-02 16:48","time_update":"2021-06-08 12:02"}
2024-03-27 00:17:28 查询号码 【1590264】，GSD为【"贵州-安顺"】

2024-03-27 00:17:29 开始第 362 次操作

2024-03-27 00:17:29 开始操作号码 【1590265】
2024-03-27 00:17:33 GSD getOne 第 1 次 等待 3 秒
2024-03-27 00:17:36 查询号码 【1590265】，返回信息 {"status":"ok","msg":"贵州-毕节","gid":"26344","time_insert":"2016-05-04 09:21","time_update":"2020-11-21 01:51"}
2024-03-27 00:17:36 查询号码 【1590265】，GSD为【"贵州-毕节"】

2024-03-27 00:17:37 开始第 363 次操作

2024-03-27 00:17:37 开始操作号码 【1590266】
2024-03-27 00:17:42 GSD getOne 第 1 次 等待 3 秒
2024-03-27 00:17:45 查询号码 【1590266】，返回信息 {"status":"ok","msg":"贵州-毕节","gid":"26345","time_insert":"2014-07-14 16:08","time_update":"2020-11-21 01:55"}
2024-03-27 00:17:45 查询号码 【1590266】，GSD为【"贵州-毕节"】

2024-03-27 00:17:46 开始第 364 次操作

2024-03-27 00:17:46 开始操作号码 【1590267】
2024-03-27 00:17:51 GSD getOne 第 1 次 等待 3 秒
2024-03-27 00:17:54 查询号码 【1590267】，返回信息 {"status":"ok","msg":"贵州-毕节","gid":"26346","time_insert":"2017-09-25 16:09","time_update":"2020-11-21 01:59"}
2024-03-27 00:17:54 查询号码 【1590267】，GSD为【"贵州-毕节"】

