2024-09-16 00:15:11 开始第 4945 次操作

2024-09-16 00:15:11 开始操作号码 【1374944】
2024-09-16 00:15:19 GSD getOne 第 1 次 等待 3 秒
2024-09-16 00:15:22 查询号码 【1374944】，返回信息 {"status":"ok","msg":"河南-周口","gid":"265053","time_insert":"2021-07-13 12:30"}
2024-09-16 00:15:22 查询号码 【1374944】，GSD为【"河南-周口"】

2024-09-16 00:15:23 开始第 4946 次操作

2024-09-16 00:15:23 开始操作号码 【1374945】
2024-09-16 00:15:31 GSD getOne 第 1 次 等待 3 秒
2024-09-16 00:15:34 查询号码 【1374945】，返回信息 {"status":"ok","msg":"河南-周口","gid":"265071","time_insert":"2021-07-13 12:40"}
2024-09-16 00:15:34 查询号码 【1374945】，GSD为【"河南-周口"】

2024-09-16 00:15:35 开始第 4947 次操作

2024-09-16 00:15:35 开始操作号码 【1374946】
2024-09-16 00:15:42 GSD getOne 第 1 次 等待 3 秒
2024-09-16 00:15:45 查询号码 【1374946】，返回信息 {"status":"ok","msg":"河南-周口","gid":"265150","time_insert":"2021-07-13 12:52"}
2024-09-16 00:15:45 查询号码 【1374946】，GSD为【"河南-周口"】

2024-09-16 00:15:46 开始第 4948 次操作

2024-09-16 00:15:46 开始操作号码 【1374947】
2024-09-16 00:15:54 GSD getOne 第 1 次 等待 3 秒
2024-09-16 00:15:57 查询号码 【1374947】，返回信息 {"status":"ok","msg":"河南-漯河","gid":"265360","time_insert":"2021-07-13 13:02"}
2024-09-16 00:15:57 查询号码 【1374947】，GSD为【"河南-漯河"】

