2024-08-22 00:15:34 开始第 469 次操作

2024-08-22 00:15:34 开始操作号码 【1370468】
2024-08-22 00:15:42 GSD getOne 第 1 次 等待 3 秒
2024-08-22 00:15:45 查询号码 【1370468】，返回信息 {"status":"ok","msg":"黑龙江-鸡西","gid":"62947","time_insert":"2021-05-20 11:18"}
2024-08-22 00:15:45 查询号码 【1370468】，GSD为【"黑龙江-鸡西"】

2024-08-22 00:15:46 开始第 470 次操作

2024-08-22 00:15:46 开始操作号码 【1370469】
2024-08-22 00:15:54 GSD getOne 第 1 次 等待 3 秒
2024-08-22 00:15:57 查询号码 【1370469】，返回信息 {"status":"ok","msg":"黑龙江-佳木斯","gid":"62960","time_insert":"2021-05-20 11:41"}
2024-08-22 00:15:57 查询号码 【1370469】，GSD为【"黑龙江-佳木斯"】

2024-08-22 00:15:58 开始第 471 次操作

2024-08-22 00:15:58 开始操作号码 【1370470】
2024-08-22 00:16:06 GSD getOne 第 1 次 等待 3 秒
2024-08-22 00:16:09 查询号码 【1370470】，返回信息 {"status":"ok","msg":"内蒙古-海拉尔","gid":"62965","time_insert":"2021-05-20 11:59"}
2024-08-22 00:16:09 查询号码 【1370470】，GSD为【"内蒙古-海拉尔"】

2024-08-22 00:16:10 开始第 472 次操作

2024-08-22 00:16:10 开始操作号码 【1370471】
2024-08-22 00:16:18 GSD getOne 第 1 次 等待 3 秒
2024-08-22 00:16:21 查询号码 【1370471】，返回信息 {"status":"ok","msg":"内蒙古-呼和浩特","gid":"62977","time_insert":"2021-05-20 12:26"}
2024-08-22 00:16:21 查询号码 【1370471】，GSD为【"内蒙古-呼和浩特"】

2024-08-22 00:40:24 开始第 473 次操作

2024-08-22 00:40:24 开始操作号码 【1370472】
2024-08-22 00:40:33 GSD getOne 第 1 次 等待 3 秒
2024-08-22 00:40:36 查询号码 【1370472】，返回信息 {"status":"ok","msg":"内蒙古-包头","gid":"62988","time_insert":"2021-05-20 12:51"}
2024-08-22 00:40:36 查询号码 【1370472】，GSD为【"内蒙古-包头"】

2024-08-22 00:40:37 开始第 474 次操作

2024-08-22 00:40:37 开始操作号码 【1370473】
2024-08-22 00:40:49 GSD getOne 第 1 次 等待 3 秒
2024-08-22 00:40:52 查询号码 【1370473】，返回信息 {"status":"ok","msg":"内蒙古-包头","gid":"62998","time_insert":"2021-05-20 13:07"}
2024-08-22 00:40:52 查询号码 【1370473】，GSD为【"内蒙古-包头"】

2024-08-22 00:40:53 开始第 475 次操作

2024-08-22 00:40:53 开始操作号码 【1370474】
2024-08-22 00:41:01 GSD getOne 第 1 次 等待 3 秒
2024-08-22 00:41:04 查询号码 【1370474】，返回信息 {"status":"ok","msg":"内蒙古-乌兰察布","gid":"63008","time_insert":"2021-05-20 13:27"}
2024-08-22 00:41:04 查询号码 【1370474】，GSD为【"内蒙古-乌兰察布"】

2024-08-22 00:41:05 开始第 476 次操作

2024-08-22 00:41:05 开始操作号码 【1370475】
2024-08-22 00:41:13 GSD getOne 第 1 次 等待 3 秒
2024-08-22 00:41:16 查询号码 【1370475】，返回信息 {"status":"ok","msg":"内蒙古-呼和浩特","gid":"63014","time_insert":"2021-05-20 13:45"}
2024-08-22 00:41:16 查询号码 【1370475】，GSD为【"内蒙古-呼和浩特"】

