2021-07-24 00:00:33 开始第 25 次操作

2021-07-24 00:00:33 开始操作号码 【1508058】
2021-07-24 00:00:37 GSD getOne 第 1 次 等待 3 秒
2021-07-24 00:00:40 查询号码 【1508058】，返回信息 {"status":"bad","msg":""}
2021-07-24 00:00:41 查询号码 【1508058】，GSD为【""】
2021-07-24 00:00:41 bad
2021-07-24 00:00:42 CHB 1508058?1627056041 第 1 次 等待 3 秒
2021-07-24 00:00:45 CHB 1508058?1627056041 第 1 次 获取到号码【1508058】GSD
2021-07-24 00:00:45 获取到号码【1508058】的GSD为【福建-三明】
2021-07-24 00:00:48 GSD insert 第 1 次 等待 3 秒
2021-07-24 00:00:51 {"status":"ok","gid":371210,"msg":"添加成功！"}
2021-07-24 00:00:51 下次操作: 2021-07-24 00:01:11

2021-07-24 00:01:11 开始第 26 次操作

2021-07-24 00:01:11 开始操作号码 【1508057】
2021-07-24 00:01:15 GSD getOne 第 1 次 等待 3 秒
2021-07-24 00:01:18 查询号码 【1508057】，返回信息 {"status":"bad","msg":""}
2021-07-24 00:01:18 查询号码 【1508057】，GSD为【""】
2021-07-24 00:01:18 bad
2021-07-24 00:01:20 CHB 1508057?1627056078 第 1 次 等待 3 秒
2021-07-24 00:01:23 CHB 1508057?1627056078 第 1 次 获取到号码【1508057】GSD
2021-07-24 00:01:23 获取到号码【1508057】的GSD为【福建-三明】
2021-07-24 00:01:26 GSD insert 第 1 次 等待 3 秒
2021-07-24 00:01:29 {"status":"ok","gid":371219,"msg":"添加成功！"}
2021-07-24 00:01:29 下次操作: 2021-07-24 00:01:49

2021-07-24 00:01:49 开始第 27 次操作

2021-07-24 00:01:49 开始操作号码 【1508056】
2021-07-24 00:01:58 GSD getOne 第 1 次 等待 3 秒
2021-07-24 00:02:01 查询号码 【1508056】，返回信息 {"status":"bad","msg":""}
2021-07-24 00:02:01 查询号码 【1508056】，GSD为【""】
2021-07-24 00:02:01 bad
2021-07-24 00:02:04 CHB 1508056?1627056121 第 1 次 等待 3 秒
2021-07-24 00:02:07 CHB 1508056?1627056121 第 1 次 获取到号码【1508056】GSD
2021-07-24 00:02:07 获取到号码【1508056】的GSD为【福建-三明】
2021-07-24 00:02:12 GSD insert 第 1 次 等待 3 秒
2021-07-24 00:02:15 {"status":"ok","gid":371227,"msg":"添加成功！"}
2021-07-24 00:02:15 下次操作: 2021-07-24 00:02:39

2021-07-24 00:02:39 开始第 28 次操作

2021-07-24 00:02:39 开始操作号码 【1508055】
2021-07-24 00:02:44 GSD getOne 第 1 次 等待 3 秒
2021-07-24 00:02:47 查询号码 【1508055】，返回信息 {"status":"ok","msg":"福建-三明","gid":"15973","time_insert":"2017-07-31 18:02","time_update":"2020-09-05 12:23"}
2021-07-24 00:02:48 查询号码 【1508055】，GSD为【"福建-三明"】

2021-07-24 00:02:48 开始第 28 次操作

2021-07-24 00:02:48 开始操作号码 【1508054】
2021-07-24 00:02:53 GSD getOne 第 1 次 等待 3 秒
2021-07-24 00:02:56 查询号码 【1508054】，返回信息 {"status":"bad","msg":""}
2021-07-24 00:02:56 查询号码 【1508054】，GSD为【""】
2021-07-24 00:02:56 bad
2021-07-24 00:02:59 CHB 1508054?1627056176 第 1 次 等待 3 秒
2021-07-24 00:03:02 CHB 1508054?1627056176 第 1 次 获取到号码【1508054】GSD
2021-07-24 00:03:02 获取到号码【1508054】的GSD为【福建-南平】
2021-07-24 00:03:07 GSD insert 第 1 次 等待 3 秒
2021-07-24 00:03:10 {"status":"ok","gid":371240,"msg":"添加成功！"}
2021-07-24 00:03:10 下次操作: 2021-07-24 00:03:30

2021-07-24 00:03:30 开始第 29 次操作

2021-07-24 00:03:30 开始操作号码 【1508053】
2021-07-24 00:03:33 GSD getOne 第 1 次 等待 3 秒
2021-07-24 00:03:36 查询号码 【1508053】，返回信息 {"status":"bad","msg":""}
2021-07-24 00:03:36 查询号码 【1508053】，GSD为【""】
2021-07-24 00:03:36 bad
2021-07-24 00:03:42 CHB 1508053?1627056216 第 1 次 等待 3 秒
2021-07-24 00:03:45 CHB 1508053?1627056216 第 1 次 获取到号码【1508053】GSD
2021-07-24 00:03:45 获取到号码【1508053】的GSD为【福建-南平】
2021-07-24 00:03:48 GSD insert 第 1 次 等待 3 秒
2021-07-24 00:03:51 {"status":"ok","gid":371249,"msg":"添加成功！"}
2021-07-24 00:03:51 下次操作: 2021-07-24 00:04:11

2021-07-24 00:04:11 开始第 30 次操作

2021-07-24 00:04:11 开始操作号码 【1508052】
2021-07-24 00:04:17 GSD getOne 第 1 次 等待 3 秒
2021-07-24 00:04:20 查询号码 【1508052】，返回信息 {"status":"ok","msg":"福建-南平","gid":"15972","time_insert":"2015-02-26 17:14","time_update":"2020-09-05 12:19"}
2021-07-24 00:04:20 查询号码 【1508052】，GSD为【"福建-南平"】

2021-07-24 00:04:20 开始第 30 次操作

2021-07-24 00:04:20 开始操作号码 【1508051】
2021-07-24 00:04:24 GSD getOne 第 1 次 等待 3 秒
2021-07-24 00:04:27 查询号码 【1508051】，返回信息 {"status":"bad","msg":""}
2021-07-24 00:04:27 查询号码 【1508051】，GSD为【""】
2021-07-24 00:04:27 bad
2021-07-24 00:04:29 CHB 1508051?1627056267 第 1 次 等待 3 秒
2021-07-24 00:04:32 CHB 1508051?1627056267 第 1 次 获取到号码【1508051】GSD
2021-07-24 00:04:32 获取到号码【1508051】的GSD为【福建-南平】
2021-07-24 00:04:35 GSD insert 第 1 次 等待 3 秒
2021-07-24 00:04:38 {"status":"ok","gid":371259,"msg":"添加成功！"}
2021-07-24 00:04:38 下次操作: 2021-07-24 00:04:57

2021-07-24 00:04:57 开始第 31 次操作

2021-07-24 00:04:57 开始操作号码 【1508050】
2021-07-24 00:05:00 GSD getOne 第 1 次 等待 3 秒
2021-07-24 00:05:03 查询号码 【1508050】，返回信息 {"status":"ok","msg":"福建-南平","gid":"15971","time_insert":"2019-04-01 09:17","time_update":"2020-09-05 12:14"}
2021-07-24 00:05:03 查询号码 【1508050】，GSD为【"福建-南平"】

2021-07-24 00:05:03 开始第 31 次操作

2021-07-24 00:05:03 开始操作号码 【1508049】
2021-07-24 00:05:06 GSD getOne 第 1 次 等待 3 秒
2021-07-24 00:05:09 查询号码 【1508049】，返回信息 {"status":"bad","msg":""}
2021-07-24 00:05:10 查询号码 【1508049】，GSD为【""】
2021-07-24 00:05:10 bad
2021-07-24 00:05:12 CHB 1508049?1627056310 第 1 次 等待 3 秒
2021-07-24 00:05:15 CHB 1508049?1627056310 第 1 次 获取到号码【1508049】GSD
2021-07-24 00:05:16 获取到号码【1508049】的GSD为【福建-福州】
2021-07-24 00:05:19 GSD insert 第 1 次 等待 3 秒
2021-07-24 00:05:22 {"status":"ok","gid":371271,"msg":"添加成功！"}
2021-07-24 00:05:22 下次操作: 2021-07-24 00:05:44

2021-07-24 00:05:44 开始第 32 次操作

2021-07-24 00:05:44 开始操作号码 【1508048】
2021-07-24 00:05:48 GSD getOne 第 1 次 等待 3 秒
2021-07-24 00:05:51 查询号码 【1508048】，返回信息 {"status":"bad","msg":""}
2021-07-24 00:05:51 查询号码 【1508048】，GSD为【""】
2021-07-24 00:05:51 bad
2021-07-24 00:05:53 CHB 1508048?1627056351 第 1 次 等待 3 秒
2021-07-24 00:05:56 CHB 1508048?1627056351 第 1 次 获取到号码【1508048】GSD
2021-07-24 00:05:56 获取到号码【1508048】的GSD为【福建-福州】
2021-07-24 00:06:01 GSD insert 第 1 次 等待 3 秒
2021-07-24 00:06:04 {"status":"ok","gid":371286,"msg":"添加成功！"}
2021-07-24 00:06:04 下次操作: 2021-07-24 00:06:20

2021-07-24 00:06:20 开始第 33 次操作

2021-07-24 00:06:20 开始操作号码 【1508047】
2021-07-24 00:06:27 GSD getOne 第 1 次 等待 3 秒
2021-07-24 00:06:30 查询号码 【1508047】，返回信息 {"status":"bad","msg":""}
2021-07-24 00:06:30 查询号码 【1508047】，GSD为【""】
2021-07-24 00:06:30 bad
2021-07-24 00:06:32 CHB 1508047?1627056390 第 1 次 等待 3 秒
2021-07-24 00:06:35 CHB 1508047?1627056390 第 1 次 获取到号码【1508047】GSD
2021-07-24 00:06:35 获取到号码【1508047】的GSD为【福建-福州】
2021-07-24 00:06:40 GSD insert 第 1 次 等待 3 秒
2021-07-24 00:06:43 {"status":"ok","gid":371294,"msg":"添加成功！"}
2021-07-24 00:06:43 下次操作: 2021-07-24 00:07:07

2021-07-24 00:07:07 开始第 34 次操作

2021-07-24 00:07:07 开始操作号码 【1508046】
2021-07-24 00:07:10 GSD getOne 第 1 次 等待 3 秒
2021-07-24 00:07:13 查询号码 【1508046】，返回信息 {"status":"bad","msg":""}
2021-07-24 00:07:13 查询号码 【1508046】，GSD为【""】
2021-07-24 00:07:13 bad
2021-07-24 00:07:15 CHB 1508046?1627056433 第 1 次 等待 3 秒
2021-07-24 00:07:18 CHB 1508046?1627056433 第 1 次 获取到号码【1508046】GSD
2021-07-24 00:07:18 获取到号码【1508046】的GSD为【福建-福州】
2021-07-24 00:07:21 GSD insert 第 1 次 等待 3 秒
2021-07-24 00:07:24 {"status":"ok","gid":371303,"msg":"添加成功！"}
2021-07-24 00:07:24 下次操作: 2021-07-24 00:07:45

2021-07-24 00:07:45 开始第 35 次操作

2021-07-24 00:07:45 开始操作号码 【1508045】
2021-07-24 00:07:48 GSD getOne 第 1 次 等待 3 秒
2021-07-24 00:07:51 查询号码 【1508045】，返回信息 {"status":"bad","msg":""}
2021-07-24 00:07:51 查询号码 【1508045】，GSD为【""】
2021-07-24 00:07:51 bad
2021-07-24 00:07:54 CHB 1508045?1627056471 第 1 次 等待 3 秒
2021-07-24 00:07:57 CHB 1508045?1627056471 第 1 次 获取到号码【1508045】GSD
2021-07-24 00:07:57 获取到号码【1508045】的GSD为【福建-福州】
2021-07-24 00:08:03 GSD insert 第 1 次 等待 3 秒
2021-07-24 00:08:06 {"status":"ok","gid":371312,"msg":"添加成功！"}
2021-07-24 00:08:06 下次操作: 2021-07-24 00:08:25

2021-07-24 00:08:25 开始第 36 次操作

2021-07-24 00:08:25 开始操作号码 【1508044】
2021-07-24 00:08:27 GSD getOne 第 1 次 等待 3 秒
2021-07-24 00:08:30 查询号码 【1508044】，返回信息 {"status":"bad","msg":""}
2021-07-24 00:08:30 查询号码 【1508044】，GSD为【""】
2021-07-24 00:08:30 bad
2021-07-24 00:08:32 CHB 1508044?1627056510 第 1 次 等待 3 秒
2021-07-24 00:08:35 CHB 1508044?1627056510 第 1 次 获取到号码【1508044】GSD
2021-07-24 00:08:35 获取到号码【1508044】的GSD为【福建-泉州】
2021-07-24 00:08:39 GSD insert 第 1 次 等待 3 秒
2021-07-24 00:08:42 {"status":"ok","gid":371316,"msg":"添加成功！"}
2021-07-24 00:08:42 下次操作: 2021-07-24 00:09:06

2021-07-24 00:09:06 开始第 37 次操作

2021-07-24 00:09:06 开始操作号码 【1508043】
2021-07-24 00:09:16 GSD getOne 第 1 次 等待 3 秒
2021-07-24 00:09:19 查询号码 【1508043】，返回信息 {"status":"ok","msg":"福建-泉州","gid":"15970","time_insert":"2017-06-14 12:05","time_update":"2020-09-05 12:11"}
2021-07-24 00:09:19 查询号码 【1508043】，GSD为【"福建-泉州"】

2021-07-24 00:09:19 开始第 37 次操作

2021-07-24 00:09:19 开始操作号码 【1508042】
2021-07-24 00:09:23 GSD getOne 第 1 次 等待 3 秒
2021-07-24 00:09:26 查询号码 【1508042】，返回信息 {"status":"bad","msg":""}
2021-07-24 00:09:26 查询号码 【1508042】，GSD为【""】
2021-07-24 00:09:26 bad
2021-07-24 00:09:28 CHB 1508042?1627056566 第 1 次 等待 3 秒
2021-07-24 00:09:31 CHB 1508042?1627056566 第 1 次 获取到号码【1508042】GSD
2021-07-24 00:09:31 获取到号码【1508042】的GSD为【福建-泉州】
2021-07-24 00:09:36 GSD insert 第 1 次 等待 3 秒
2021-07-24 00:09:39 {"status":"ok","gid":371328,"msg":"添加成功！"}
2021-07-24 00:09:39 下次操作: 2021-07-24 00:09:51

2021-07-24 00:09:51 开始第 38 次操作

2021-07-24 00:09:51 开始操作号码 【1508041】
2021-07-24 00:09:53 GSD getOne 第 1 次 等待 3 秒
2021-07-24 00:09:56 查询号码 【1508041】，返回信息 {"status":"bad","msg":""}
2021-07-24 00:09:56 查询号码 【1508041】，GSD为【""】
2021-07-24 00:09:56 bad
2021-07-24 00:09:58 CHB 1508041?1627056596 第 1 次 等待 3 秒
2021-07-24 00:10:01 CHB 1508041?1627056596 第 1 次 获取到号码【1508041】GSD
2021-07-24 00:10:01 获取到号码【1508041】的GSD为【福建-泉州】
2021-07-24 00:10:08 GSD insert 第 1 次 等待 3 秒
2021-07-24 00:10:11 {"status":"ok","gid":371337,"msg":"添加成功！"}
2021-07-24 00:10:11 下次操作: 2021-07-24 00:10:30

2021-07-24 00:10:30 开始第 39 次操作

2021-07-24 00:10:30 开始操作号码 【1508040】
2021-07-24 00:10:46 GSD getOne 第 1 次 等待 3 秒
2021-07-24 00:10:49 查询号码 【1508040】，返回信息 {"status":"bad","msg":""}
2021-07-24 00:10:49 查询号码 【1508040】，GSD为【""】
2021-07-24 00:10:49 bad
2021-07-24 00:10:52 CHB 1508040?1627056649 第 1 次 等待 3 秒
2021-07-24 00:10:55 CHB 1508040?1627056649 第 1 次 获取到号码【1508040】GSD
2021-07-24 00:10:55 获取到号码【1508040】的GSD为【福建-泉州】
2021-07-24 00:10:58 GSD insert 第 1 次 等待 3 秒
2021-07-24 00:11:01 {"status":"ok","gid":371345,"msg":"添加成功！"}
2021-07-24 00:11:01 下次操作: 2021-07-24 00:11:17

2021-07-24 00:11:17 开始第 40 次操作

2021-07-24 00:11:17 开始操作号码 【1508039】
2021-07-24 00:11:20 GSD getOne 第 1 次 等待 3 秒
2021-07-24 00:11:23 查询号码 【1508039】，返回信息 {"status":"bad","msg":""}
2021-07-24 00:11:23 查询号码 【1508039】，GSD为【""】
2021-07-24 00:11:23 bad
2021-07-24 00:11:25 CHB 1508039?1627056683 第 1 次 等待 3 秒
2021-07-24 00:11:28 CHB 1508039?1627056683 第 1 次 获取到号码【1508039】GSD
2021-07-24 00:11:28 获取到号码【1508039】的GSD为【福建-莆田】
2021-07-24 00:11:41 GSD insert 第 1 次 等待 3 秒
2021-07-24 00:11:44 {"status":"ok","gid":371353,"msg":"添加成功！"}

