2023-11-02 00:17:51 开始第 6441 次操作

2023-11-02 00:17:51 开始操作号码 【1916343】
2023-11-02 00:17:54 GSD getOne 第 1 次 等待 3 秒
2023-11-02 00:17:57 查询号码 【1916343】，返回信息 {"status":"ok","msg":"山东-潍坊","gid":"474324","time_insert":"2021-08-02 02:50"}
2023-11-02 00:17:57 查询号码 【1916343】，GSD为【"山东-潍坊"】

2023-11-02 00:17:58 开始第 6442 次操作

2023-11-02 00:17:58 开始操作号码 【1916344】
2023-11-02 00:18:05 GSD getOne 第 1 次 等待 3 秒
2023-11-02 00:18:08 查询号码 【1916344】，返回信息 {"status":"ok","msg":"山东-临沂","gid":"474318","time_insert":"2021-08-02 02:49"}
2023-11-02 00:18:08 查询号码 【1916344】，GSD为【"山东-临沂"】

2023-11-02 00:18:09 开始第 6443 次操作

2023-11-02 00:18:09 开始操作号码 【1916345】
2023-11-02 00:18:12 GSD getOne 第 1 次 等待 3 秒
2023-11-02 00:18:15 查询号码 【1916345】，返回信息 {"status":"ok","msg":"山东-济宁","gid":"474309","time_insert":"2021-08-02 02:49"}
2023-11-02 00:18:15 查询号码 【1916345】，GSD为【"山东-济宁"】

2023-11-02 00:18:16 开始第 6444 次操作

2023-11-02 00:18:16 开始操作号码 【1916346】
2023-11-02 00:18:22 GSD getOne 第 1 次 等待 3 秒
2023-11-02 00:18:25 查询号码 【1916346】，返回信息 {"status":"ok","msg":"山东-济宁","gid":"474184","time_insert":"2021-08-02 02:08"}
2023-11-02 00:18:25 查询号码 【1916346】，GSD为【"山东-济宁"】

