2024-01-16 00:18:33 开始第 9017 次操作

2024-01-16 00:18:33 开始操作号码 【1818919】
2024-01-16 00:18:37 GSD getOne 第 1 次 等待 3 秒
2024-01-16 00:18:40 查询号码 【1818919】，返回信息 {"status":"ok","msg":"陕西-西安","gid":"383088","time_insert":"2021-07-25 00:09"}
2024-01-16 00:18:40 查询号码 【1818919】，GSD为【"陕西-西安"】

2024-01-16 00:18:41 开始第 9018 次操作

2024-01-16 00:18:41 开始操作号码 【1818920】
2024-01-16 00:18:45 GSD getOne 第 1 次 等待 3 秒
2024-01-16 00:18:48 查询号码 【1818920】，返回信息 {"status":"ok","msg":"陕西-西安","gid":"383077","time_insert":"2021-07-25 00:08"}
2024-01-16 00:18:48 查询号码 【1818920】，GSD为【"陕西-西安"】

2024-01-16 00:18:49 开始第 9019 次操作

2024-01-16 00:18:49 开始操作号码 【1818921】
2024-01-16 00:18:53 GSD getOne 第 1 次 等待 3 秒
2024-01-16 00:18:56 查询号码 【1818921】，返回信息 {"status":"ok","msg":"陕西-西安","gid":"383063","time_insert":"2021-07-25 00:07"}
2024-01-16 00:18:56 查询号码 【1818921】，GSD为【"陕西-西安"】

2024-01-16 00:18:57 开始第 9020 次操作

2024-01-16 00:18:57 开始操作号码 【1818922】
2024-01-16 00:19:03 GSD getOne 第 1 次 等待 3 秒
2024-01-16 00:19:06 查询号码 【1818922】，返回信息 {"status":"ok","msg":"陕西-西安","gid":"383050","time_insert":"2021-07-25 00:06"}
2024-01-16 00:19:06 查询号码 【1818922】，GSD为【"陕西-西安"】

