2024-10-03 00:16:13 开始第 7937 次操作

2024-10-03 00:16:13 开始操作号码 【1377936】
2024-10-03 00:16:15 GSD getOne 第 1 次 等待 3 秒
2024-10-03 00:16:18 查询号码 【1377936】，返回信息 {"status":"ok","msg":"新疆-哈密","gid":"10642","time_insert":"2017-08-21 21:19","time_update":"2020-12-24 04:02"}
2024-10-03 00:16:18 查询号码 【1377936】，GSD为【"新疆-哈密"】

2024-10-03 00:16:19 开始第 7938 次操作

2024-10-03 00:16:19 开始操作号码 【1377937】
2024-10-03 00:16:21 GSD getOne 第 1 次 等待 3 秒
2024-10-03 00:16:24 查询号码 【1377937】，返回信息 {"status":"ok","msg":"新疆-哈密","gid":"357120","time_insert":"2021-07-22 17:25","time_update":"2021-07-24 02:05"}
2024-10-03 00:16:24 查询号码 【1377937】，GSD为【"新疆-哈密"】

2024-10-03 00:16:25 开始第 7939 次操作

2024-10-03 00:16:25 开始操作号码 【1377938】
2024-10-03 00:16:28 GSD getOne 第 1 次 等待 3 秒
2024-10-03 00:16:31 查询号码 【1377938】，返回信息 {"status":"ok","msg":"新疆-阿勒泰","gid":"357111","time_insert":"2021-07-22 17:24","time_update":"2021-07-24 02:40"}
2024-10-03 00:16:31 查询号码 【1377938】，GSD为【"新疆-阿勒泰"】

2024-10-03 00:16:32 开始第 7940 次操作

2024-10-03 00:16:32 开始操作号码 【1377939】
2024-10-03 00:16:34 GSD getOne 第 1 次 等待 3 秒
2024-10-03 00:16:37 查询号码 【1377939】，返回信息 {"status":"ok","msg":"新疆-阿勒泰","gid":"357106","time_insert":"2021-07-22 17:23","time_update":"2021-07-24 03:20"}
2024-10-03 00:16:37 查询号码 【1377939】，GSD为【"新疆-阿勒泰"】

