2023-12-31 00:17:57 开始第 6145 次操作

2023-12-31 00:17:57 开始操作号码 【1816047】
2023-12-31 00:18:01 GSD getOne 第 1 次 等待 3 秒
2023-12-31 00:18:04 查询号码 【1816047】，返回信息 {"status":"ok","msg":"新疆-昌吉","gid":"411688","time_insert":"2021-07-27 10:07"}
2023-12-31 00:18:05 查询号码 【1816047】，GSD为【"新疆-昌吉"】

2023-12-31 00:18:06 开始第 6146 次操作

2023-12-31 00:18:06 开始操作号码 【1816048】
2023-12-31 00:18:08 GSD getOne 第 1 次 等待 3 秒
2023-12-31 00:18:11 查询号码 【1816048】，返回信息 {"status":"ok","msg":"新疆-昌吉","gid":"411677","time_insert":"2021-07-27 10:07"}
2023-12-31 00:18:11 查询号码 【1816048】，GSD为【"新疆-昌吉"】

2023-12-31 00:18:12 开始第 6147 次操作

2023-12-31 00:18:12 开始操作号码 【1816049】
2023-12-31 00:18:15 GSD getOne 第 1 次 等待 3 秒
2023-12-31 00:18:18 查询号码 【1816049】，返回信息 {"status":"ok","msg":"新疆-昌吉","gid":"411669","time_insert":"2021-07-27 10:06"}
2023-12-31 00:18:18 查询号码 【1816049】，GSD为【"新疆-昌吉"】

2023-12-31 00:18:19 开始第 6148 次操作

2023-12-31 00:18:19 开始操作号码 【1816050】
2023-12-31 00:18:22 GSD getOne 第 1 次 等待 3 秒
2023-12-31 00:18:25 查询号码 【1816050】，返回信息 {"status":"ok","msg":"新疆-乌鲁木齐","gid":"411656","time_insert":"2021-07-27 10:05"}
2023-12-31 00:18:25 查询号码 【1816050】，GSD为【"新疆-乌鲁木齐"】

