2024-08-06 00:19:17 开始第 21 次操作

2024-08-06 00:19:17 开始操作号码 【1489922】
2024-08-06 00:19:25 GSD getOne 第 1 次 等待 3 秒
2024-08-06 00:19:28 查询号码 【1489922】，返回信息 {"status":"ok","msg":"-","gid":"394396","time_insert":"2021-07-25 22:32"}
2024-08-06 00:19:28 查询号码 【1489922】，GSD为【"-"】
2024-08-06 00:19:28 ok && -
2024-08-06 00:19:31 CHB 1489922?1722874768 第 1 次 等待 3 秒
2024-08-06 00:19:34 CHB 1489922?1722874768 第 1 次 获取到号码【1489922】GSD
2024-08-06 00:19:34 获取到号码【1489922】的GSD为【北京-北京】
2024-08-06 00:19:44 GSD insert 第 1 次 等待 3 秒
2024-08-06 00:19:47 {"status":"ok","gid":"394396","msg":"添加号码已存在，但为‘-’，修改为【北京-北京】成功！"}
2024-08-06 00:19:47 随机等待 141 秒，约 2 分钟
2024-08-06 00:19:47 下次操作: 2024-08-06 00:22:08

2024-08-06 00:22:08 开始第 22 次操作

2024-08-06 00:22:08 开始操作号码 【1489923】
2024-08-06 00:22:16 GSD getOne 第 1 次 等待 3 秒
2024-08-06 00:22:19 查询号码 【1489923】，返回信息 {"status":"ok","msg":"-","gid":"394413","time_insert":"2021-07-25 22:36"}
2024-08-06 00:22:19 查询号码 【1489923】，GSD为【"-"】
2024-08-06 00:22:19 ok && -
2024-08-06 00:22:21 CHB 1489923?1722874939 第 1 次 等待 3 秒
2024-08-06 00:22:24 CHB 1489923?1722874939 第 1 次 获取到号码【1489923】GSD
2024-08-06 00:22:24 获取到号码【1489923】的GSD为【北京-北京】
2024-08-06 00:22:35 GSD insert 第 1 次 等待 3 秒
2024-08-06 00:22:38 {"status":"ok","gid":"394413","msg":"添加号码已存在，但为‘-’，修改为【北京-北京】成功！"}
2024-08-06 00:22:38 随机等待 150 秒，约 2 分钟
2024-08-06 00:22:38 下次操作: 2024-08-06 00:25:08

2024-08-06 00:25:08 开始第 23 次操作

2024-08-06 00:25:08 开始操作号码 【1489924】
2024-08-06 00:25:16 GSD getOne 第 1 次 等待 3 秒
2024-08-06 00:25:19 查询号码 【1489924】，返回信息 {"status":"ok","msg":"-","gid":"394431","time_insert":"2021-07-25 22:40"}
2024-08-06 00:25:19 查询号码 【1489924】，GSD为【"-"】
2024-08-06 00:25:19 ok && -
2024-08-06 00:25:21 CHB 1489924?1722875119 第 1 次 等待 3 秒
2024-08-06 00:25:24 CHB 1489924?1722875119 第 1 次 获取到号码【1489924】GSD
2024-08-06 00:25:24 获取到号码【1489924】的GSD为【上海-上海】
2024-08-06 00:25:34 GSD insert 第 1 次 等待 3 秒
2024-08-06 00:25:37 {"status":"ok","gid":"394431","msg":"添加号码已存在，但为‘-’，修改为【上海-上海】成功！"}
2024-08-06 00:25:37 随机等待 126 秒，约 2 分钟
2024-08-06 00:25:37 下次操作: 2024-08-06 00:27:43

2024-08-06 00:27:43 开始第 24 次操作

2024-08-06 00:27:43 开始操作号码 【1489925】
2024-08-06 00:27:51 GSD getOne 第 1 次 等待 3 秒
2024-08-06 00:27:54 查询号码 【1489925】，返回信息 {"status":"ok","msg":"-","gid":"394481","time_insert":"2021-07-25 22:45"}
2024-08-06 00:27:54 查询号码 【1489925】，GSD为【"-"】
2024-08-06 00:27:54 ok && -
2024-08-06 00:27:56 CHB 1489925?1722875274 第 1 次 等待 3 秒
2024-08-06 00:27:59 CHB 1489925?1722875274 第 1 次 获取到号码【1489925】GSD
2024-08-06 00:27:59 获取到号码【1489925】的GSD为【上海-上海】
2024-08-06 00:28:09 GSD insert 第 1 次 等待 3 秒
2024-08-06 00:28:12 {"status":"ok","gid":"394481","msg":"添加号码已存在，但为‘-’，修改为【上海-上海】成功！"}

2024-08-06 00:40:24 开始第 25 次操作

2024-08-06 00:40:24 开始操作号码 【1489926】
2024-08-06 00:40:34 GSD getOne 第 1 次 等待 3 秒
2024-08-06 00:40:37 查询号码 【1489926】，返回信息 {"status":"ok","msg":"-","gid":"394538","time_insert":"2021-07-25 22:48"}
2024-08-06 00:40:37 查询号码 【1489926】，GSD为【"-"】
2024-08-06 00:40:37 ok && -
2024-08-06 00:40:39 CHB 1489926?1722876037 第 1 次 等待 3 秒
2024-08-06 00:40:42 CHB 1489926?1722876037 第 1 次 获取到号码【1489926】GSD
2024-08-06 00:40:42 获取到号码【1489926】的GSD为【上海-上海】
2024-08-06 00:40:52 GSD insert 第 1 次 等待 3 秒
2024-08-06 00:40:55 {"status":"ok","gid":"394538","msg":"添加号码已存在，但为‘-’，修改为【上海-上海】成功！"}
2024-08-06 00:40:55 随机等待 157 秒，约 2 分钟
2024-08-06 00:40:55 下次操作: 2024-08-06 00:43:32

2024-08-06 00:43:32 开始第 26 次操作

2024-08-06 00:43:32 开始操作号码 【1489927】
2024-08-06 00:43:40 GSD getOne 第 1 次 等待 3 秒
2024-08-06 00:43:43 查询号码 【1489927】，返回信息 {"status":"ok","msg":"-","gid":"394586","time_insert":"2021-07-25 22:51"}
2024-08-06 00:43:43 查询号码 【1489927】，GSD为【"-"】
2024-08-06 00:43:43 ok && -
2024-08-06 00:43:46 CHB 1489927?1722876223 第 1 次 等待 3 秒
2024-08-06 00:43:49 CHB 1489927?1722876223 第 1 次 获取到号码【1489927】GSD
2024-08-06 00:43:49 获取到号码【1489927】的GSD为【上海-上海】
2024-08-06 00:44:03 GSD insert 第 1 次 等待 3 秒
2024-08-06 00:44:06 {"status":"ok","gid":"394586","msg":"添加号码已存在，但为‘-’，修改为【上海-上海】成功！"}
2024-08-06 00:44:06 随机等待 233 秒，约 3 分钟
2024-08-06 00:44:06 下次操作: 2024-08-06 00:47:59

2024-08-06 00:47:59 开始第 27 次操作

2024-08-06 00:47:59 开始操作号码 【1489928】
2024-08-06 00:48:09 GSD getOne 第 1 次 等待 3 秒
2024-08-06 00:48:12 查询号码 【1489928】，返回信息 {"status":"ok","msg":"-","gid":"394637","time_insert":"2021-07-25 22:55"}
2024-08-06 00:48:12 查询号码 【1489928】，GSD为【"-"】
2024-08-06 00:48:12 ok && -
2024-08-06 00:48:14 CHB 1489928?1722876492 第 1 次 等待 3 秒
2024-08-06 00:48:17 CHB 1489928?1722876492 第 1 次 获取到号码【1489928】GSD
2024-08-06 00:48:17 获取到号码【1489928】的GSD为【上海-上海】
2024-08-06 00:48:27 GSD insert 第 1 次 等待 3 秒
2024-08-06 00:48:30 {"status":"ok","gid":"394637","msg":"添加号码已存在，但为‘-’，修改为【上海-上海】成功！"}
2024-08-06 00:48:30 随机等待 104 秒，约 1 分钟
2024-08-06 00:48:30 下次操作: 2024-08-06 00:50:14

2024-08-06 00:50:14 开始第 28 次操作

2024-08-06 00:50:14 开始操作号码 【1489929】
2024-08-06 00:50:33 GSD getOne 第 1 次 等待 3 秒
2024-08-06 00:50:36 查询号码 【1489929】，返回信息 {"status":"ok","msg":"-","gid":"394652","time_insert":"2021-07-25 23:00"}
2024-08-06 00:50:36 查询号码 【1489929】，GSD为【"-"】
2024-08-06 00:50:36 ok && -
2024-08-06 00:50:39 CHB 1489929?1722876636 第 1 次 等待 3 秒
2024-08-06 00:50:42 CHB 1489929?1722876636 第 1 次 获取到号码【1489929】GSD
2024-08-06 00:50:42 0: 浙江-杭州
2024-08-06 00:50:42 获取到号码【1489929】的GSD为【浙江-杭州】
2024-08-06 00:50:52 GSD insert 第 1 次 等待 3 秒
2024-08-06 00:50:55 {"status":"ok","gid":"394652","msg":"添加号码已存在，但为‘-’，修改为【浙江-杭州】成功！"}

2024-08-06 01:14:49 开始第 29 次操作

2024-08-06 01:14:49 开始操作号码 【1489930】
2024-08-06 01:14:57 GSD getOne 第 1 次 等待 3 秒
2024-08-06 01:15:00 查询号码 【1489930】，返回信息 {"status":"ok","msg":"-","gid":"394704","time_insert":"2021-07-25 23:03"}
2024-08-06 01:15:00 查询号码 【1489930】，GSD为【"-"】
2024-08-06 01:15:00 ok && -
2024-08-06 01:15:02 CHB 1489930?1722878100 第 1 次 等待 3 秒
2024-08-06 01:15:05 CHB 1489930?1722878100 第 1 次 获取到号码【1489930】GSD
2024-08-06 01:15:05 0: 浙江-杭州
2024-08-06 01:15:05 获取到号码【1489930】的GSD为【浙江-杭州】
2024-08-06 01:15:15 GSD insert 第 1 次 等待 3 秒
2024-08-06 01:15:18 {"status":"ok","gid":"394704","msg":"添加号码已存在，但为‘-’，修改为【浙江-杭州】成功！"}
2024-08-06 01:15:18 随机等待 141 秒，约 2 分钟
2024-08-06 01:15:18 下次操作: 2024-08-06 01:17:39

2024-08-06 01:17:39 开始第 30 次操作

2024-08-06 01:17:39 开始操作号码 【1489931】
2024-08-06 01:17:49 GSD getOne 第 1 次 等待 3 秒
2024-08-06 01:17:52 查询号码 【1489931】，返回信息 {"status":"ok","msg":"-","gid":"394780","time_insert":"2021-07-25 23:08"}
2024-08-06 01:17:52 查询号码 【1489931】，GSD为【"-"】
2024-08-06 01:17:52 ok && -
2024-08-06 01:17:55 CHB 1489931?1722878272 第 1 次 等待 3 秒
2024-08-06 01:17:58 CHB 1489931?1722878272 第 1 次 获取到号码【1489931】GSD
2024-08-06 01:17:58 获取到号码【1489931】的GSD为【重庆-重庆】
2024-08-06 01:18:11 GSD insert 第 1 次 等待 3 秒
2024-08-06 01:18:14 {"status":"ok","gid":"394780","msg":"添加号码已存在，但为‘-’，修改为【重庆-重庆】成功！"}
2024-08-06 01:18:14 随机等待 196 秒，约 3 分钟
2024-08-06 01:18:14 下次操作: 2024-08-06 01:21:30

2024-08-06 01:21:30 开始第 31 次操作

2024-08-06 01:21:30 开始操作号码 【1489932】
2024-08-06 01:21:37 GSD getOne 第 1 次 等待 3 秒
2024-08-06 01:21:40 查询号码 【1489932】，返回信息 {"status":"ok","msg":"-","gid":"394838","time_insert":"2021-07-25 23:13"}
2024-08-06 01:21:40 查询号码 【1489932】，GSD为【"-"】
2024-08-06 01:21:40 ok && -
2024-08-06 01:21:42 CHB 1489932?1722878500 第 1 次 等待 3 秒
2024-08-06 01:21:45 CHB 1489932?1722878500 第 1 次 获取到号码【1489932】GSD
2024-08-06 01:21:45 获取到号码【1489932】的GSD为【重庆-重庆】
2024-08-06 01:21:56 GSD insert 第 1 次 等待 3 秒
2024-08-06 01:21:59 {"status":"ok","gid":"394838","msg":"添加号码已存在，但为‘-’，修改为【重庆-重庆】成功！"}
2024-08-06 01:21:59 随机等待 179 秒，约 2 分钟
2024-08-06 01:21:59 下次操作: 2024-08-06 01:24:58

2024-08-06 01:24:58 开始第 32 次操作

2024-08-06 01:24:58 开始操作号码 【1489933】
2024-08-06 01:25:08 GSD getOne 第 1 次 等待 3 秒
2024-08-06 01:25:11 查询号码 【1489933】，返回信息 {"status":"ok","msg":"-","gid":"394871","time_insert":"2021-07-25 23:17"}
2024-08-06 01:25:11 查询号码 【1489933】，GSD为【"-"】
2024-08-06 01:25:11 ok && -
2024-08-06 01:25:13 CHB 1489933?1722878711 第 1 次 等待 3 秒
2024-08-06 01:25:16 CHB 1489933?1722878711 第 1 次 获取到号码【1489933】GSD
2024-08-06 01:25:16 获取到号码【1489933】的GSD为【重庆-重庆】
2024-08-06 01:25:26 GSD insert 第 1 次 等待 3 秒
2024-08-06 01:25:29 {"status":"ok","gid":"394871","msg":"添加号码已存在，但为‘-’，修改为【重庆-重庆】成功！"}

2024-08-06 01:37:17 开始第 33 次操作

2024-08-06 01:37:17 开始操作号码 【1489934】
2024-08-06 01:37:26 GSD getOne 第 1 次 等待 3 秒
2024-08-06 01:37:29 查询号码 【1489934】，返回信息 {"status":"ok","msg":"-","gid":"394890","time_insert":"2021-07-25 23:20"}
2024-08-06 01:37:29 查询号码 【1489934】，GSD为【"-"】
2024-08-06 01:37:29 ok && -
2024-08-06 01:37:31 CHB 1489934?1722879449 第 1 次 等待 3 秒
2024-08-06 01:37:34 CHB 1489934?1722879449 第 1 次 获取到号码【1489934】GSD
2024-08-06 01:37:34 获取到号码【1489934】的GSD为【重庆-重庆】
2024-08-06 01:37:44 GSD insert 第 1 次 等待 3 秒
2024-08-06 01:37:47 {"status":"ok","gid":"394890","msg":"添加号码已存在，但为‘-’，修改为【重庆-重庆】成功！"}
2024-08-06 01:37:47 随机等待 158 秒，约 2 分钟
2024-08-06 01:37:47 下次操作: 2024-08-06 01:40:25

2024-08-06 01:40:25 开始第 34 次操作

2024-08-06 01:40:25 开始操作号码 【1489935】
2024-08-06 01:40:34 GSD getOne 第 1 次 等待 3 秒
2024-08-06 01:40:37 查询号码 【1489935】，返回信息 {"status":"ok","msg":"-","gid":"394913","time_insert":"2021-07-25 23:25"}
2024-08-06 01:40:37 查询号码 【1489935】，GSD为【"-"】
2024-08-06 01:40:37 ok && -
2024-08-06 01:40:39 CHB 1489935?1722879637 第 1 次 等待 3 秒
2024-08-06 01:40:42 CHB 1489935?1722879637 第 1 次 获取到号码【1489935】GSD
2024-08-06 01:40:42 获取到号码【1489935】的GSD为【重庆-重庆】
2024-08-06 01:40:56 GSD insert 第 1 次 等待 3 秒
2024-08-06 01:40:59 {"status":"ok","gid":"394913","msg":"添加号码已存在，但为‘-’，修改为【重庆-重庆】成功！"}
2024-08-06 01:40:59 随机等待 92 秒，约 1 分钟
2024-08-06 01:40:59 下次操作: 2024-08-06 01:42:31

2024-08-06 01:42:31 开始第 35 次操作

2024-08-06 01:42:31 开始操作号码 【1489936】
2024-08-06 01:42:39 GSD getOne 第 1 次 等待 3 秒
2024-08-06 01:42:42 查询号码 【1489936】，返回信息 {"status":"ok","msg":"-","gid":"394920","time_insert":"2021-07-25 23:28"}
2024-08-06 01:42:42 查询号码 【1489936】，GSD为【"-"】
2024-08-06 01:42:42 ok && -
2024-08-06 01:42:43 CHB 1489936?1722879762 第 1 次 等待 3 秒
2024-08-06 01:42:46 CHB 1489936?1722879762 第 1 次 获取到号码【1489936】GSD
2024-08-06 01:42:46 获取到号码【1489936】的GSD为【重庆-重庆】
2024-08-06 01:42:58 GSD insert 第 1 次 等待 3 秒
2024-08-06 01:43:01 {"status":"ok","gid":"394920","msg":"添加号码已存在，但为‘-’，修改为【重庆-重庆】成功！"}
2024-08-06 01:43:01 随机等待 108 秒，约 1 分钟
2024-08-06 01:43:01 下次操作: 2024-08-06 01:44:49

2024-08-06 01:44:49 开始第 36 次操作

2024-08-06 01:44:49 开始操作号码 【1489937】
2024-08-06 01:44:57 GSD getOne 第 1 次 等待 3 秒
2024-08-06 01:45:00 查询号码 【1489937】，返回信息 {"status":"ok","msg":"-","gid":"394929","time_insert":"2021-07-25 23:34"}
2024-08-06 01:45:00 查询号码 【1489937】，GSD为【"-"】
2024-08-06 01:45:00 ok && -
2024-08-06 01:45:01 CHB 1489937?1722879900 第 1 次 等待 3 秒
2024-08-06 01:45:04 CHB 1489937?1722879900 第 1 次 获取到号码【1489937】GSD
2024-08-06 01:45:05 获取到号码【1489937】的GSD为【重庆-重庆】
2024-08-06 01:45:16 GSD insert 第 1 次 等待 3 秒
2024-08-06 01:45:19 {"status":"ok","gid":"394929","msg":"添加号码已存在，但为‘-’，修改为【重庆-重庆】成功！"}

