2021-07-06 00:00:05 开始第 9 次操作

2021-07-06 00:00:05 开始操作号码 【1669207】
2021-07-06 00:00:28 GSD getOne 第 1 次 等待 1 秒
2021-07-06 00:00:29 查询号码 【1669207】，返回信息 {"status":"bad","msg":""}
2021-07-06 00:00:29 查询号码 【1669207】，GSD为【""】
2021-07-06 00:00:29 bad
2021-07-06 00:00:30 CHB 1669207?1625500829 第 1 次 等待 1 秒
2021-07-06 00:00:31 CHB 1669207?1625500829 第 1 次 获取到号码【1669207】GSD
2021-07-06 00:00:31 获取到号码【1669207】的GSD为【河南-南阳】
2021-07-06 00:00:51 GSD insert 第 1 次 等待 1 秒
2021-07-06 00:00:52 {"status":"ok","msg":"添加成功！201813"}
2021-07-06 00:00:52 下次操作: 2021-07-06 00:01:07

2021-07-06 00:01:07 开始第 10 次操作

2021-07-06 00:01:07 开始操作号码 【1669208】
2021-07-06 00:01:11 GSD getOne 第 1 次 等待 1 秒
2021-07-06 00:01:12 查询号码 【1669208】，返回信息 {"status":"bad","msg":""}
2021-07-06 00:01:12 查询号码 【1669208】，GSD为【""】
2021-07-06 00:01:12 bad
2021-07-06 00:01:14 CHB 1669208?1625500872 第 1 次 等待 1 秒
2021-07-06 00:01:15 CHB 1669208?1625500872 第 1 次 获取到号码【1669208】GSD
2021-07-06 00:01:15 获取到号码【1669208】的GSD为【河南-南阳】
2021-07-06 00:01:36 GSD insert 第 1 次 等待 1 秒
2021-07-06 00:01:37 {"status":"ok","msg":"添加成功！201825"}
2021-07-06 00:01:37 下次操作: 2021-07-06 00:01:51

2021-07-06 00:01:51 开始第 11 次操作

2021-07-06 00:01:51 开始操作号码 【1669209】
2021-07-06 00:02:25 GSD getOne 第 1 次 等待 1 秒
2021-07-06 00:02:26 查询号码 【1669209】，返回信息 {"status":"ok","msg":"河南-南阳","time_insert":"2021-04-14 08:39"}
2021-07-06 00:02:26 查询号码 【1669209】，GSD为【"河南-南阳"】

2021-07-06 00:02:26 开始第 11 次操作

2021-07-06 00:02:26 开始操作号码 【1669210】
2021-07-06 00:02:48 GSD getOne 第 1 次 等待 1 秒
2021-07-06 00:02:49 查询号码 【1669210】，返回信息 {"status":"bad","msg":""}
2021-07-06 00:02:49 查询号码 【1669210】，GSD为【""】
2021-07-06 00:02:49 bad
2021-07-06 00:02:51 CHB 1669210?1625500969 第 1 次 等待 1 秒
2021-07-06 00:02:52 CHB 1669210?1625500969 第 1 次 获取到号码【1669210】GSD
2021-07-06 00:02:52 获取到号码【1669210】的GSD为【河南-郑州】
2021-07-06 00:03:13 GSD insert 第 1 次 等待 1 秒
2021-07-06 00:03:14 {"status":"ok","msg":"添加成功！201845"}
2021-07-06 00:03:14 下次操作: 2021-07-06 00:03:31

2021-07-06 00:03:31 开始第 12 次操作

2021-07-06 00:03:31 开始操作号码 【1669211】
2021-07-06 00:03:35 GSD getOne 第 1 次 等待 1 秒
2021-07-06 00:03:36 查询号码 【1669211】，返回信息 {"status":"bad","msg":""}
2021-07-06 00:03:37 查询号码 【1669211】，GSD为【""】
2021-07-06 00:03:37 bad
2021-07-06 00:03:42 CHB 1669211?1625501017 第 1 次 等待 1 秒
2021-07-06 00:03:43 CHB 1669211?1625501017 第 1 次 获取到号码【1669211】GSD
2021-07-06 00:03:43 获取到号码【1669211】的GSD为【河南-郑州】
2021-07-06 00:04:06 GSD insert 第 1 次 等待 1 秒
2021-07-06 00:04:07 {"status":"ok","msg":"添加成功！201857"}
2021-07-06 00:04:07 下次操作: 2021-07-06 00:04:23

2021-07-06 00:04:23 开始第 13 次操作

2021-07-06 00:04:23 开始操作号码 【1669212】
2021-07-06 00:04:35 GSD getOne 第 1 次 等待 1 秒
2021-07-06 00:04:36 查询号码 【1669212】，返回信息 {"status":"bad","msg":""}
2021-07-06 00:04:36 查询号码 【1669212】，GSD为【""】
2021-07-06 00:04:36 bad
2021-07-06 00:04:38 CHB 1669212?1625501076 第 1 次 等待 1 秒
2021-07-06 00:04:39 CHB 1669212?1625501076 第 1 次 获取到号码【1669212】GSD
2021-07-06 00:04:39 获取到号码【1669212】的GSD为【河南-郑州】
2021-07-06 00:05:00 GSD insert 第 1 次 等待 1 秒
2021-07-06 00:05:01 {"status":"ok","msg":"添加成功！201868"}
2021-07-06 00:05:01 下次操作: 2021-07-06 00:05:10

2021-07-06 00:05:10 开始第 14 次操作

2021-07-06 00:05:10 开始操作号码 【1669213】
2021-07-06 00:05:21 GSD getOne 第 1 次 等待 1 秒
2021-07-06 00:05:22 查询号码 【1669213】，返回信息 {"status":"bad","msg":""}
2021-07-06 00:05:22 查询号码 【1669213】，GSD为【""】
2021-07-06 00:05:22 bad
2021-07-06 00:05:24 CHB 1669213?1625501122 第 1 次 等待 1 秒
2021-07-06 00:05:25 CHB 1669213?1625501122 第 1 次 获取到号码【1669213】GSD
2021-07-06 00:05:25 获取到号码【1669213】的GSD为【河南-郑州】
2021-07-06 00:05:44 GSD insert 第 1 次 等待 1 秒
2021-07-06 00:05:45 {"status":"ok","msg":"添加成功！201879"}
2021-07-06 00:05:45 下次操作: 2021-07-06 00:05:53

2021-07-06 00:05:53 开始第 15 次操作

2021-07-06 00:05:53 开始操作号码 【1669214】
2021-07-06 00:06:05 GSD getOne 第 1 次 等待 1 秒
2021-07-06 00:06:06 查询号码 【1669214】，返回信息 {"status":"bad","msg":""}
2021-07-06 00:06:06 查询号码 【1669214】，GSD为【""】
2021-07-06 00:06:06 bad
2021-07-06 00:06:07 CHB 1669214?1625501166 第 1 次 等待 1 秒
2021-07-06 00:06:08 CHB 1669214?1625501166 第 1 次 获取到号码【1669214】GSD
2021-07-06 00:06:09 获取到号码【1669214】的GSD为【河南-郑州】
2021-07-06 00:06:28 GSD insert 第 1 次 等待 1 秒
2021-07-06 00:06:29 {"status":"ok","msg":"添加成功！201891"}
2021-07-06 00:06:29 下次操作: 2021-07-06 00:06:47

2021-07-06 00:06:47 开始第 16 次操作

2021-07-06 00:06:47 开始操作号码 【1669215】
2021-07-06 00:06:52 GSD getOne 第 1 次 等待 1 秒
2021-07-06 00:06:53 查询号码 【1669215】，返回信息 {"status":"bad","msg":""}
2021-07-06 00:06:53 查询号码 【1669215】，GSD为【""】
2021-07-06 00:06:53 bad
2021-07-06 00:06:55 CHB 1669215?1625501213 第 1 次 等待 1 秒
2021-07-06 00:06:56 CHB 1669215?1625501213 第 1 次 获取到号码【1669215】GSD
2021-07-06 00:06:56 获取到号码【1669215】的GSD为【河南-郑州】
2021-07-06 00:07:21 GSD insert 第 1 次 等待 1 秒
2021-07-06 00:07:22 {"status":"ok","msg":"添加成功！201901"}
2021-07-06 00:07:22 下次操作: 2021-07-06 00:07:35

2021-07-06 00:07:35 开始第 17 次操作

2021-07-06 00:07:35 开始操作号码 【1669216】
2021-07-06 00:07:42 GSD getOne 第 1 次 等待 1 秒
2021-07-06 00:07:43 查询号码 【1669216】，返回信息 {"status":"bad","msg":""}
2021-07-06 00:07:43 查询号码 【1669216】，GSD为【""】
2021-07-06 00:07:43 bad
2021-07-06 00:07:44 CHB 1669216?1625501263 第 1 次 等待 1 秒
2021-07-06 00:07:45 CHB 1669216?1625501263 第 1 次 获取到号码【1669216】GSD
2021-07-06 00:07:45 获取到号码【1669216】的GSD为【河南-郑州】
2021-07-06 00:08:04 GSD insert 第 1 次 等待 1 秒
2021-07-06 00:08:05 {"status":"ok","msg":"添加成功！201908"}
2021-07-06 00:08:05 下次操作: 2021-07-06 00:08:13

2021-07-06 00:08:13 开始第 18 次操作

2021-07-06 00:08:13 开始操作号码 【1669217】
2021-07-06 00:08:24 GSD getOne 第 1 次 等待 1 秒
2021-07-06 00:08:25 查询号码 【1669217】，返回信息 {"status":"bad","msg":""}
2021-07-06 00:08:25 查询号码 【1669217】，GSD为【""】
2021-07-06 00:08:25 bad
2021-07-06 00:08:27 CHB 1669217?1625501305 第 1 次 等待 1 秒
2021-07-06 00:08:28 CHB 1669217?1625501305 第 1 次 获取到号码【1669217】GSD
2021-07-06 00:08:28 获取到号码【1669217】的GSD为【河南-郑州】
2021-07-06 00:08:47 GSD insert 第 1 次 等待 1 秒
2021-07-06 00:08:48 {"status":"ok","msg":"添加成功！201915"}
2021-07-06 00:08:48 下次操作: 2021-07-06 00:09:03

2021-07-06 00:09:03 开始第 19 次操作

2021-07-06 00:09:03 开始操作号码 【1669218】
2021-07-06 00:09:08 GSD getOne 第 1 次 等待 1 秒
2021-07-06 00:09:09 查询号码 【1669218】，返回信息 {"status":"bad","msg":""}
2021-07-06 00:09:09 查询号码 【1669218】，GSD为【""】
2021-07-06 00:09:09 bad
2021-07-06 00:09:10 CHB 1669218?1625501349 第 1 次 等待 1 秒
2021-07-06 00:09:11 CHB 1669218?1625501349 第 1 次 获取到号码【1669218】GSD
2021-07-06 00:09:11 获取到号码【1669218】的GSD为【河南-郑州】
2021-07-06 00:09:33 GSD insert 第 1 次 等待 1 秒
2021-07-06 00:09:34 {"status":"ok","msg":"添加成功！201920"}
2021-07-06 00:09:34 下次操作: 2021-07-06 00:09:42

2021-07-06 00:09:42 开始第 20 次操作

2021-07-06 00:09:42 开始操作号码 【1669219】
2021-07-06 00:09:55 GSD getOne 第 1 次 等待 1 秒
2021-07-06 00:09:56 查询号码 【1669219】，返回信息 {"status":"bad","msg":""}
2021-07-06 00:09:56 查询号码 【1669219】，GSD为【""】
2021-07-06 00:09:56 bad
2021-07-06 00:09:58 CHB 1669219?1625501396 第 1 次 等待 1 秒
2021-07-06 00:09:59 CHB 1669219?1625501396 第 1 次 获取到号码【1669219】GSD
2021-07-06 00:09:59 获取到号码【1669219】的GSD为【河南-郑州】
2021-07-06 00:10:18 GSD insert 第 1 次 等待 1 秒
2021-07-06 00:10:19 {"status":"ok","msg":"添加成功！201928"}
2021-07-06 00:10:19 下次操作: 2021-07-06 00:10:27

2021-07-06 00:10:27 开始第 21 次操作

2021-07-06 00:10:27 开始操作号码 【1669220】
2021-07-06 00:10:40 GSD getOne 第 1 次 等待 1 秒
2021-07-06 00:10:41 查询号码 【1669220】，返回信息 {"status":"bad","msg":""}
2021-07-06 00:10:41 查询号码 【1669220】，GSD为【""】
2021-07-06 00:10:41 bad
2021-07-06 00:10:42 CHB 1669220?1625501441 第 1 次 等待 1 秒
2021-07-06 00:10:43 CHB 1669220?1625501441 第 1 次 获取到号码【1669220】GSD
2021-07-06 00:10:43 获取到号码【1669220】的GSD为【河南-济源】
2021-07-06 00:11:07 GSD insert 第 1 次 等待 1 秒
2021-07-06 00:11:08 {"status":"ok","msg":"添加成功！201936"}
2021-07-06 00:11:09 下次操作: 2021-07-06 00:11:15

2021-07-06 00:11:15 开始第 22 次操作

2021-07-06 00:11:15 开始操作号码 【1669221】
2021-07-06 00:11:36 GSD getOne 第 1 次 等待 1 秒
2021-07-06 00:11:37 查询号码 【1669221】，返回信息 {"status":"bad","msg":""}
2021-07-06 00:11:37 查询号码 【1669221】，GSD为【""】
2021-07-06 00:11:37 bad
2021-07-06 00:11:39 CHB 1669221?1625501497 第 1 次 等待 1 秒
2021-07-06 00:11:40 CHB 1669221?1625501497 第 1 次 获取到号码【1669221】GSD
2021-07-06 00:11:40 获取到号码【1669221】的GSD为【河南-济源】
2021-07-06 00:12:00 GSD insert 第 1 次 等待 1 秒
2021-07-06 00:12:01 {"status":"ok","msg":"添加成功！201942"}
2021-07-06 00:12:01 下次操作: 2021-07-06 00:12:09

2021-07-06 00:12:09 开始第 23 次操作

2021-07-06 00:12:09 开始操作号码 【1669222】
2021-07-06 00:12:20 GSD getOne 第 1 次 等待 1 秒
2021-07-06 00:12:21 查询号码 【1669222】，返回信息 {"status":"bad","msg":""}
2021-07-06 00:12:21 查询号码 【1669222】，GSD为【""】
2021-07-06 00:12:21 bad
2021-07-06 00:12:23 CHB 1669222?1625501541 第 1 次 等待 1 秒
2021-07-06 00:12:24 CHB 1669222?1625501541 第 1 次 获取到号码【1669222】GSD
2021-07-06 00:12:24 获取到号码【1669222】的GSD为【河南-安阳】
2021-07-06 00:12:43 GSD insert 第 1 次 等待 1 秒
2021-07-06 00:12:44 {"status":"ok","msg":"添加成功！201950"}
2021-07-06 00:12:44 下次操作: 2021-07-06 00:12:51

2021-07-06 00:12:51 开始第 24 次操作

2021-07-06 00:12:51 开始操作号码 【1669223】
2021-07-06 00:13:17 GSD getOne 第 1 次 等待 1 秒
2021-07-06 00:13:18 查询号码 【1669223】，返回信息 {"status":"bad","msg":""}
2021-07-06 00:13:18 查询号码 【1669223】，GSD为【""】
2021-07-06 00:13:18 bad
2021-07-06 00:13:20 CHB 1669223?1625501598 第 1 次 等待 1 秒
2021-07-06 00:13:21 CHB 1669223?1625501598 第 1 次 获取到号码【1669223】GSD
2021-07-06 00:13:21 获取到号码【1669223】的GSD为【河南-安阳】
2021-07-06 00:13:41 GSD insert 第 1 次 等待 1 秒
2021-07-06 00:13:42 {"status":"ok","msg":"添加成功！201955"}
2021-07-06 00:13:42 下次操作: 2021-07-06 00:13:57

2021-07-06 00:13:57 开始第 25 次操作

2021-07-06 00:13:57 开始操作号码 【1669224】
2021-07-06 00:14:00 GSD getOne 第 1 次 等待 1 秒
2021-07-06 00:14:01 查询号码 【1669224】，返回信息 {"status":"bad","msg":""}
2021-07-06 00:14:02 查询号码 【1669224】，GSD为【""】
2021-07-06 00:14:02 bad
2021-07-06 00:14:03 CHB 1669224?1625501642 第 1 次 等待 1 秒
2021-07-06 00:14:04 CHB 1669224?1625501642 第 1 次 获取到号码【1669224】GSD
2021-07-06 00:14:04 获取到号码【1669224】的GSD为【河南-安阳】
2021-07-06 00:14:24 GSD insert 第 1 次 等待 1 秒
2021-07-06 00:14:25 {"status":"ok","msg":"添加成功！201960"}
2021-07-06 00:14:25 下次操作: 2021-07-06 00:14:33

2021-07-06 00:14:33 开始第 26 次操作

2021-07-06 00:14:33 开始操作号码 【1669225】
2021-07-06 00:14:47 GSD getOne 第 1 次 等待 1 秒
2021-07-06 00:14:48 查询号码 【1669225】，返回信息 {"status":"bad","msg":""}
2021-07-06 00:14:48 查询号码 【1669225】，GSD为【""】
2021-07-06 00:14:48 bad
2021-07-06 00:14:50 CHB 1669225?1625501688 第 1 次 等待 1 秒
2021-07-06 00:14:51 CHB 1669225?1625501688 第 1 次 获取到号码【1669225】GSD
2021-07-06 00:14:51 获取到号码【1669225】的GSD为【河南-安阳】
2021-07-06 00:15:13 GSD insert 第 1 次 等待 1 秒
2021-07-06 00:15:14 {"status":"ok","msg":"添加成功！201965"}
2021-07-06 00:15:14 下次操作: 2021-07-06 00:15:28

2021-07-06 00:15:28 开始第 27 次操作

2021-07-06 00:15:28 开始操作号码 【1669226】
2021-07-06 00:15:34 GSD getOne 第 1 次 等待 1 秒
2021-07-06 00:15:35 查询号码 【1669226】，返回信息 {"status":"ok","msg":"河南-安阳","time_insert":"2021-01-15 11:27"}
2021-07-06 00:15:35 查询号码 【1669226】，GSD为【"河南-安阳"】

2021-07-06 00:15:35 开始第 27 次操作

2021-07-06 00:15:35 开始操作号码 【1669227】
2021-07-06 00:15:56 GSD getOne 第 1 次 等待 1 秒
2021-07-06 00:15:57 查询号码 【1669227】，返回信息 {"status":"bad","msg":""}
2021-07-06 00:15:57 查询号码 【1669227】，GSD为【""】
2021-07-06 00:15:57 bad
2021-07-06 00:15:58 CHB 1669227?1625501757 第 1 次 等待 1 秒
2021-07-06 00:15:59 CHB 1669227?1625501757 第 1 次 获取到号码【1669227】GSD
2021-07-06 00:15:59 获取到号码【1669227】的GSD为【河南-安阳】
2021-07-06 00:16:18 GSD insert 第 1 次 等待 1 秒
2021-07-06 00:16:19 {"status":"ok","msg":"添加成功！201971"}
2021-07-06 00:16:19 下次操作: 2021-07-06 00:16:31

2021-07-06 00:16:31 开始第 28 次操作

2021-07-06 00:16:31 开始操作号码 【1669228】
2021-07-06 00:16:52 GSD getOne 第 1 次 等待 1 秒
2021-07-06 00:16:53 查询号码 【1669228】，返回信息 {"status":"bad","msg":""}
2021-07-06 00:16:53 查询号码 【1669228】，GSD为【""】
2021-07-06 00:16:53 bad
2021-07-06 00:16:54 CHB 1669228?1625501813 第 1 次 等待 1 秒
2021-07-06 00:16:55 CHB 1669228?1625501813 第 1 次 获取到号码【1669228】GSD
2021-07-06 00:16:56 获取到号码【1669228】的GSD为【河南-安阳】
2021-07-06 00:17:15 GSD insert 第 1 次 等待 1 秒
2021-07-06 00:17:16 {"status":"ok","msg":"添加成功！201980"}
2021-07-06 00:17:16 下次操作: 2021-07-06 00:17:23

2021-07-06 00:17:23 开始第 29 次操作

2021-07-06 00:17:23 开始操作号码 【1669229】
2021-07-06 00:17:42 GSD getOne 第 1 次 等待 1 秒
2021-07-06 00:17:43 查询号码 【1669229】，返回信息 {"status":"bad","msg":""}
2021-07-06 00:17:43 查询号码 【1669229】，GSD为【""】
2021-07-06 00:17:43 bad
2021-07-06 00:22:44 CHB 1669229?1625501863 第 1 次 等待 1 秒
2021-07-06 00:22:45 CHB 1669229?1625501863 第 1 次 未获取到 等待 13 秒 下次操作: 2021-07-06 00:22:58
2021-07-06 00:23:00 CHB 1669229?1625502178 第 2 次 等待 1 秒
2021-07-06 00:23:01 CHB 1669229?1625502178 第 2 次 获取到号码【1669229】GSD
2021-07-06 00:23:01 获取到号码【1669229】的GSD为【河南-安阳】
2021-07-06 00:23:05 GSD insert 第 1 次 等待 1 秒
2021-07-06 00:23:06 {"status":"ok","msg":"添加成功！201992"}
2021-07-06 00:23:06 下次操作: 2021-07-06 00:23:12

2021-07-06 00:23:12 开始第 30 次操作

2021-07-06 00:23:12 开始操作号码 【1669230】
2021-07-06 00:23:31 GSD getOne 第 1 次 等待 1 秒
2021-07-06 00:23:32 查询号码 【1669230】，返回信息 {"status":"bad","msg":""}
2021-07-06 00:23:32 查询号码 【1669230】，GSD为【""】
2021-07-06 00:23:32 bad
2021-07-06 00:23:33 CHB 1669230?1625502212 第 1 次 等待 1 秒
2021-07-06 00:23:34 CHB 1669230?1625502212 第 1 次 获取到号码【1669230】GSD
2021-07-06 00:23:34 获取到号码【1669230】的GSD为【河南-洛阳】
2021-07-06 00:23:54 GSD insert 第 1 次 等待 1 秒
2021-07-06 00:23:55 {"status":"ok","msg":"添加成功！201995"}

