2023-10-04 00:18:16 开始第 1381 次操作

2023-10-04 00:18:16 开始操作号码 【1911380】
2023-10-04 00:18:22 GSD getOne 第 1 次 等待 3 秒
2023-10-04 00:18:25 查询号码 【1911380】，返回信息 {"status":"ok","msg":"四川-绵阳","gid":"46170","time_insert":"2020-06-11 21:51","time_update":"2020-11-15 10:00"}
2023-10-04 00:18:25 查询号码 【1911380】，GSD为【"四川-绵阳"】

2023-10-04 00:18:26 开始第 1382 次操作

2023-10-04 00:18:26 开始操作号码 【1911381】
2023-10-04 00:18:33 GSD getOne 第 1 次 等待 3 秒
2023-10-04 00:18:36 查询号码 【1911381】，返回信息 {"status":"ok","msg":"四川-绵阳","gid":"499169","time_insert":"2021-08-07 22:54"}
2023-10-04 00:18:36 查询号码 【1911381】，GSD为【"四川-绵阳"】

2023-10-04 00:18:37 开始第 1383 次操作

2023-10-04 00:18:37 开始操作号码 【1911382】
2023-10-04 00:18:40 GSD getOne 第 1 次 等待 3 秒
2023-10-04 00:18:43 查询号码 【1911382】，返回信息 {"status":"ok","msg":"四川-绵阳","gid":"499180","time_insert":"2021-08-07 23:12"}
2023-10-04 00:18:43 查询号码 【1911382】，GSD为【"四川-绵阳"】

2023-10-04 00:18:44 开始第 1384 次操作

2023-10-04 00:18:44 开始操作号码 【1911383】
2023-10-04 00:18:47 GSD getOne 第 1 次 等待 3 秒
2023-10-04 00:18:50 查询号码 【1911383】，返回信息 {"status":"ok","msg":"四川-甘孜","gid":"46171","time_insert":"2019-11-15 11:24","time_update":"2020-11-15 10:03"}
2023-10-04 00:18:50 查询号码 【1911383】，GSD为【"四川-甘孜"】

