2024-09-01 00:14:21 开始第 2265 次操作

2024-09-01 00:14:21 开始操作号码 【1372264】
2024-09-01 00:14:29 GSD getOne 第 1 次 等待 3 秒
2024-09-01 00:14:32 查询号码 【1372264】，返回信息 {"status":"ok","msg":"河北-廊坊","gid":"94819","time_insert":"2021-06-13 14:47"}
2024-09-01 00:14:32 查询号码 【1372264】，GSD为【"河北-廊坊"】

2024-09-01 00:14:33 开始第 2266 次操作

2024-09-01 00:14:33 开始操作号码 【1372265】
2024-09-01 00:14:42 GSD getOne 第 1 次 等待 3 秒
2024-09-01 00:14:45 查询号码 【1372265】，返回信息 {"status":"ok","msg":"河北-廊坊","gid":"94846","time_insert":"2021-06-13 15:08"}
2024-09-01 00:14:45 查询号码 【1372265】，GSD为【"河北-廊坊"】

2024-09-01 00:14:46 开始第 2267 次操作

2024-09-01 00:14:46 开始操作号码 【1372266】
2024-09-01 00:15:11 GSD getOne 第 1 次 等待 3 秒
2024-09-01 00:15:14 查询号码 【1372266】，返回信息 {"status":"ok","msg":"河北-廊坊","gid":"94868","time_insert":"2021-06-13 15:26"}
2024-09-01 00:15:14 查询号码 【1372266】，GSD为【"河北-廊坊"】

2024-09-01 00:15:15 开始第 2268 次操作

2024-09-01 00:15:15 开始操作号码 【1372267】
2024-09-01 00:15:23 GSD getOne 第 1 次 等待 3 秒
2024-09-01 00:15:26 查询号码 【1372267】，返回信息 {"status":"ok","msg":"河北-邯郸","gid":"94902","time_insert":"2021-06-13 15:55"}
2024-09-01 00:15:26 查询号码 【1372267】，GSD为【"河北-邯郸"】

