2024-04-21 00:17:03 开始第 4713 次操作

2024-04-21 00:17:03 开始操作号码 【1594616】
2024-04-21 00:17:50 GSD getOne 第 1 次 等待 3 秒
2024-04-21 00:17:53 查询号码 【1594616】，返回信息 {"status":"ok","msg":"黑龙江-绥化","gid":"133053","time_insert":"2021-06-26 16:52"}
2024-04-21 00:17:53 查询号码 【1594616】，GSD为【"黑龙江-绥化"】

2024-04-21 00:17:54 开始第 4714 次操作

2024-04-21 00:17:54 开始操作号码 【1594617】
2024-04-21 00:19:00 GSD getOne 第 1 次 等待 3 秒
2024-04-21 00:19:03 查询号码 【1594617】，返回信息 {"status":"ok","msg":"黑龙江-绥化","gid":"133061","time_insert":"2021-06-26 16:53"}
2024-04-21 00:19:03 查询号码 【1594617】，GSD为【"黑龙江-绥化"】

2024-04-21 00:19:04 开始第 4715 次操作

2024-04-21 00:19:04 开始操作号码 【1594618】
2024-04-21 00:19:42 GSD getOne 第 1 次 等待 3 秒
2024-04-21 00:19:45 查询号码 【1594618】，返回信息 {"status":"ok","msg":"黑龙江-绥化","gid":"133068","time_insert":"2021-06-26 16:54"}
2024-04-21 00:19:45 查询号码 【1594618】，GSD为【"黑龙江-绥化"】

2024-04-21 00:19:46 开始第 4716 次操作

2024-04-21 00:19:46 开始操作号码 【1594619】
2024-04-21 00:20:08 GSD getOne 第 1 次 等待 3 秒
2024-04-21 00:20:11 查询号码 【1594619】，返回信息 {"status":"ok","msg":"黑龙江-绥化","gid":"27279","time_insert":"2018-02-08 17:29","time_update":"2020-08-22 16:34"}
2024-04-21 00:20:11 查询号码 【1594619】，GSD为【"黑龙江-绥化"】

