2023-10-31 00:17:39 开始第 6081 次操作

2023-10-31 00:17:39 开始操作号码 【1915983】
2023-10-31 00:17:45 GSD getOne 第 1 次 等待 3 秒
2023-10-31 00:17:48 查询号码 【1915983】，返回信息 {"status":"ok","msg":"安徽-阜阳","gid":"478506","time_insert":"2021-08-02 11:52"}
2023-10-31 00:17:48 查询号码 【1915983】，GSD为【"安徽-阜阳"】

2023-10-31 00:17:49 开始第 6082 次操作

2023-10-31 00:17:49 开始操作号码 【1915984】
2023-10-31 00:17:53 GSD getOne 第 1 次 等待 3 秒
2023-10-31 00:17:56 查询号码 【1915984】，返回信息 {"status":"ok","msg":"安徽-阜阳","gid":"478494","time_insert":"2021-08-02 11:51"}
2023-10-31 00:17:57 查询号码 【1915984】，GSD为【"安徽-阜阳"】

2023-10-31 00:17:58 开始第 6083 次操作

2023-10-31 00:17:58 开始操作号码 【1915985】
2023-10-31 00:18:00 GSD getOne 第 1 次 等待 3 秒
2023-10-31 00:18:03 查询号码 【1915985】，返回信息 {"status":"ok","msg":"安徽-阜阳","gid":"478483","time_insert":"2021-08-02 11:51"}
2023-10-31 00:18:04 查询号码 【1915985】，GSD为【"安徽-阜阳"】

2023-10-31 00:18:05 开始第 6084 次操作

2023-10-31 00:18:05 开始操作号码 【1915986】
2023-10-31 00:18:08 GSD getOne 第 1 次 等待 3 秒
2023-10-31 00:18:11 查询号码 【1915986】，返回信息 {"status":"ok","msg":"安徽-阜阳","gid":"478473","time_insert":"2021-08-02 11:50"}
2023-10-31 00:18:11 查询号码 【1915986】，GSD为【"安徽-阜阳"】

2023-10-31 00:39:31 开始第 6085 次操作

2023-10-31 00:39:31 开始操作号码 【1915987】
2023-10-31 00:39:38 GSD getOne 第 1 次 等待 3 秒
2023-10-31 00:39:41 查询号码 【1915987】，返回信息 {"status":"ok","msg":"安徽-阜阳","gid":"478464","time_insert":"2021-08-02 11:50"}
2023-10-31 00:39:41 查询号码 【1915987】，GSD为【"安徽-阜阳"】

2023-10-31 00:39:42 开始第 6086 次操作

2023-10-31 00:39:42 开始操作号码 【1915988】
2023-10-31 00:39:45 GSD getOne 第 1 次 等待 3 秒
2023-10-31 00:39:48 查询号码 【1915988】，返回信息 {"status":"ok","msg":"安徽-阜阳","gid":"478457","time_insert":"2021-08-02 11:49"}
2023-10-31 00:39:48 查询号码 【1915988】，GSD为【"安徽-阜阳"】

2023-10-31 00:39:50 开始第 6087 次操作

2023-10-31 00:39:50 开始操作号码 【1915989】
2023-10-31 00:39:52 GSD getOne 第 1 次 等待 3 秒
2023-10-31 00:39:55 查询号码 【1915989】，返回信息 {"status":"ok","msg":"安徽-阜阳","gid":"478447","time_insert":"2021-08-02 11:48"}
2023-10-31 00:39:56 查询号码 【1915989】，GSD为【"安徽-阜阳"】

2023-10-31 00:39:57 开始第 6088 次操作

2023-10-31 00:39:57 开始操作号码 【1915990】
2023-10-31 00:41:07 GSD getOne 第 1 次 等待 3 秒
2023-10-31 00:41:10 查询号码 【1915990】，返回信息 {"status":"ok","msg":"安徽-阜阳","gid":"478441","time_insert":"2021-08-02 11:48"}
2023-10-31 00:41:10 查询号码 【1915990】，GSD为【"安徽-阜阳"】

2023-10-31 01:12:07 开始第 6089 次操作

2023-10-31 01:12:07 开始操作号码 【1915991】
2023-10-31 01:12:10 GSD getOne 第 1 次 等待 3 秒
2023-10-31 01:12:13 查询号码 【1915991】，返回信息 {"status":"ok","msg":"安徽-阜阳","gid":"478431","time_insert":"2021-08-02 11:47"}
2023-10-31 01:12:13 查询号码 【1915991】，GSD为【"安徽-阜阳"】

2023-10-31 01:12:14 开始第 6090 次操作

2023-10-31 01:12:14 开始操作号码 【1915992】
2023-10-31 01:12:37 GSD getOne 第 1 次 等待 3 秒
2023-10-31 01:12:40 查询号码 【1915992】，返回信息 {"status":"ok","msg":"安徽-阜阳","gid":"478425","time_insert":"2021-08-02 11:47"}
2023-10-31 01:12:40 查询号码 【1915992】，GSD为【"安徽-阜阳"】

2023-10-31 01:12:41 开始第 6091 次操作

2023-10-31 01:12:41 开始操作号码 【1915993】
2023-10-31 01:12:45 GSD getOne 第 1 次 等待 3 秒
2023-10-31 01:12:48 查询号码 【1915993】，返回信息 {"status":"ok","msg":"安徽-阜阳","gid":"478416","time_insert":"2021-08-02 11:46"}
2023-10-31 01:12:48 查询号码 【1915993】，GSD为【"安徽-阜阳"】

2023-10-31 01:12:49 开始第 6092 次操作

2023-10-31 01:12:49 开始操作号码 【1915994】
2023-10-31 01:12:52 GSD getOne 第 1 次 等待 3 秒
2023-10-31 01:12:55 查询号码 【1915994】，返回信息 {"status":"ok","msg":"安徽-阜阳","gid":"478408","time_insert":"2021-08-02 11:45"}
2023-10-31 01:12:55 查询号码 【1915994】，GSD为【"安徽-阜阳"】

