2024-01-08 00:16:46 开始第 7585 次操作

2024-01-08 00:16:46 开始操作号码 【1817487】
2024-01-08 00:16:49 GSD getOne 第 1 次 等待 3 秒
2024-01-08 00:16:52 查询号码 【1817487】，返回信息 {"status":"ok","msg":"广西-贵港","gid":"395327","time_insert":"2021-07-26 00:16"}
2024-01-08 00:16:52 查询号码 【1817487】，GSD为【"广西-贵港"】

2024-01-08 00:16:53 开始第 7586 次操作

2024-01-08 00:16:53 开始操作号码 【1817488】
2024-01-08 00:16:56 GSD getOne 第 1 次 等待 3 秒
2024-01-08 00:16:59 查询号码 【1817488】，返回信息 {"status":"ok","msg":"广西-贵港","gid":"395321","time_insert":"2021-07-26 00:15"}
2024-01-08 00:16:59 查询号码 【1817488】，GSD为【"广西-贵港"】

2024-01-08 00:17:00 开始第 7587 次操作

2024-01-08 00:17:00 开始操作号码 【1817489】
2024-01-08 00:17:07 GSD getOne 第 1 次 等待 3 秒
2024-01-08 00:17:10 查询号码 【1817489】，返回信息 {"status":"ok","msg":"广西-贵港","gid":"395314","time_insert":"2021-07-26 00:14"}
2024-01-08 00:17:10 查询号码 【1817489】，GSD为【"广西-贵港"】

2024-01-08 00:17:11 开始第 7588 次操作

2024-01-08 00:17:11 开始操作号码 【1817490】
2024-01-08 00:17:14 GSD getOne 第 1 次 等待 3 秒
2024-01-08 00:17:17 查询号码 【1817490】，返回信息 {"status":"ok","msg":"广西-河池","gid":"113330","time_insert":"2021-06-22 12:40","time_update":"2021-06-22 15:01"}
2024-01-08 00:17:17 查询号码 【1817490】，GSD为【"广西-河池"】

2024-01-08 00:38:38 开始第 7589 次操作

2024-01-08 00:38:38 开始操作号码 【1817491】
2024-01-08 00:38:42 GSD getOne 第 1 次 等待 3 秒
2024-01-08 00:38:45 查询号码 【1817491】，返回信息 {"status":"ok","msg":"广西-河池","gid":"395306","time_insert":"2021-07-26 00:13"}
2024-01-08 00:38:45 查询号码 【1817491】，GSD为【"广西-河池"】

2024-01-08 00:38:46 开始第 7590 次操作

2024-01-08 00:38:46 开始操作号码 【1817492】
2024-01-08 00:38:49 GSD getOne 第 1 次 等待 3 秒
2024-01-08 00:38:52 查询号码 【1817492】，返回信息 {"status":"ok","msg":"广西-河池","gid":"395296","time_insert":"2021-07-26 00:13"}
2024-01-08 00:38:52 查询号码 【1817492】，GSD为【"广西-河池"】

2024-01-08 00:38:53 开始第 7591 次操作

2024-01-08 00:38:53 开始操作号码 【1817493】
2024-01-08 00:38:56 GSD getOne 第 1 次 等待 3 秒
2024-01-08 00:38:59 查询号码 【1817493】，返回信息 {"status":"ok","msg":"广西-河池","gid":"395285","time_insert":"2021-07-26 00:12"}
2024-01-08 00:38:59 查询号码 【1817493】，GSD为【"广西-河池"】

2024-01-08 00:39:00 开始第 7592 次操作

2024-01-08 00:39:00 开始操作号码 【1817494】
2024-01-08 00:39:03 GSD getOne 第 1 次 等待 3 秒
2024-01-08 00:39:06 查询号码 【1817494】，返回信息 {"status":"ok","msg":"广西-河池","gid":"395275","time_insert":"2021-07-26 00:11"}
2024-01-08 00:39:06 查询号码 【1817494】，GSD为【"广西-河池"】

