2024-06-13 00:19:34 开始第 393 次操作

2024-06-13 00:19:34 开始操作号码 【1480297】
2024-06-13 00:19:52 GSD getOne 第 1 次 等待 3 秒
2024-06-13 00:19:55 查询号码 【1480297】，返回信息 {"status":"ok","msg":"上海-上海","gid":"126111","time_insert":"2021-06-25 07:46"}
2024-06-13 00:19:55 查询号码 【1480297】，GSD为【"上海-上海"】

2024-06-13 00:19:56 开始第 394 次操作

2024-06-13 00:19:56 开始操作号码 【1480298】
2024-06-13 00:20:02 GSD getOne 第 1 次 等待 3 秒
2024-06-13 00:20:05 查询号码 【1480298】，返回信息 {"status":"ok","msg":"上海-上海","gid":"126134","time_insert":"2021-06-25 07:50"}
2024-06-13 00:20:06 查询号码 【1480298】，GSD为【"上海-上海"】

2024-06-13 00:20:07 开始第 395 次操作

2024-06-13 00:20:07 开始操作号码 【1480299】
2024-06-13 00:20:14 GSD getOne 第 1 次 等待 3 秒
2024-06-13 00:20:17 查询号码 【1480299】，返回信息 {"status":"ok","msg":"上海-上海","gid":"126164","time_insert":"2021-06-25 07:54"}
2024-06-13 00:20:17 查询号码 【1480299】，GSD为【"上海-上海"】

2024-06-13 00:20:18 开始第 396 次操作

2024-06-13 00:20:18 开始操作号码 【1480300】
2024-06-13 00:20:24 GSD getOne 第 1 次 等待 3 秒
2024-06-13 00:20:27 查询号码 【1480300】，返回信息 {"status":"ok","msg":"广东-广州","gid":"126185","time_insert":"2021-06-25 07:58"}
2024-06-13 00:20:28 查询号码 【1480300】，GSD为【"广东-广州"】

