2024-10-05 00:16:35 开始第 8285 次操作

2024-10-05 00:16:35 开始操作号码 【1378284】
2024-10-05 00:16:37 GSD getOne 第 1 次 等待 3 秒
2024-10-05 00:16:40 查询号码 【1378284】，返回信息 {"status":"ok","msg":"河南-焦作","gid":"353166","time_insert":"2021-07-22 07:03"}
2024-10-05 00:16:40 查询号码 【1378284】，GSD为【"河南-焦作"】

2024-10-05 00:16:41 开始第 8286 次操作

2024-10-05 00:16:41 开始操作号码 【1378285】
2024-10-05 00:16:43 GSD getOne 第 1 次 等待 3 秒
2024-10-05 00:16:46 查询号码 【1378285】，返回信息 {"status":"ok","msg":"河南-焦作","gid":"353160","time_insert":"2021-07-22 07:03"}
2024-10-05 00:16:46 查询号码 【1378285】，GSD为【"河南-焦作"】

2024-10-05 00:16:47 开始第 8287 次操作

2024-10-05 00:16:47 开始操作号码 【1378286】
2024-10-05 00:16:49 GSD getOne 第 1 次 等待 3 秒
2024-10-05 00:16:52 查询号码 【1378286】，返回信息 {"status":"ok","msg":"河南-焦作","gid":"353155","time_insert":"2021-07-22 07:02"}
2024-10-05 00:16:52 查询号码 【1378286】，GSD为【"河南-焦作"】

2024-10-05 00:16:53 开始第 8288 次操作

2024-10-05 00:16:53 开始操作号码 【1378287】
2024-10-05 00:16:55 GSD getOne 第 1 次 等待 3 秒
2024-10-05 00:16:58 查询号码 【1378287】，返回信息 {"status":"ok","msg":"河南-焦作","gid":"353146","time_insert":"2021-07-22 07:01"}
2024-10-05 00:16:58 查询号码 【1378287】，GSD为【"河南-焦作"】

