2024-02-24 00:16:37 开始第 5421 次操作

2024-02-24 00:16:37 开始操作号码 【1705323】
2024-02-24 00:16:47 GSD getOne 第 1 次 等待 3 秒
2024-02-24 00:16:50 查询号码 【1705323】，返回信息 {"status":"ok","msg":"广东-东莞","gid":"158867","time_insert":"2021-06-30 06:43"}
2024-02-24 00:16:50 查询号码 【1705323】，GSD为【"广东-东莞"】

2024-02-24 00:16:51 开始第 5422 次操作

2024-02-24 00:16:51 开始操作号码 【1705324】
2024-02-24 00:16:56 GSD getOne 第 1 次 等待 3 秒
2024-02-24 00:16:59 查询号码 【1705324】，返回信息 {"status":"ok","msg":"广东-深圳","gid":"158877","time_insert":"2021-06-30 06:44"}
2024-02-24 00:17:00 查询号码 【1705324】，GSD为【"广东-深圳"】

2024-02-24 00:17:01 开始第 5423 次操作

2024-02-24 00:17:01 开始操作号码 【1705325】
2024-02-24 00:17:09 GSD getOne 第 1 次 等待 3 秒
2024-02-24 00:17:12 查询号码 【1705325】，返回信息 {"status":"ok","msg":"广东-广州","gid":"158882","time_insert":"2021-06-30 06:45","time_update":"2021-06-30 20:41"}
2024-02-24 00:17:12 查询号码 【1705325】，GSD为【"广东-广州"】

2024-02-24 00:17:13 开始第 5424 次操作

2024-02-24 00:17:13 开始操作号码 【1705326】
2024-02-24 00:17:18 GSD getOne 第 1 次 等待 3 秒
2024-02-24 00:17:21 查询号码 【1705326】，返回信息 {"status":"ok","msg":"广东-广州","gid":"158888","time_insert":"2021-06-30 06:46"}
2024-02-24 00:17:21 查询号码 【1705326】，GSD为【"广东-广州"】

