2024-09-25 00:16:12 开始第 6533 次操作

2024-09-25 00:16:12 开始操作号码 【1376532】
2024-09-25 00:16:14 GSD getOne 第 1 次 等待 3 秒
2024-09-25 00:16:17 查询号码 【1376532】，返回信息 {"status":"ok","msg":"贵州-安顺","gid":"10245","time_insert":"2014-07-29 15:35","time_update":"2020-11-18 07:09"}
2024-09-25 00:16:17 查询号码 【1376532】，GSD为【"贵州-安顺"】

2024-09-25 00:16:18 开始第 6534 次操作

2024-09-25 00:16:19 开始操作号码 【1376533】
2024-09-25 00:16:20 GSD getOne 第 1 次 等待 3 秒
2024-09-25 00:16:23 查询号码 【1376533】，返回信息 {"status":"ok","msg":"贵州-安顺","gid":"368213","time_insert":"2021-07-23 17:46"}
2024-09-25 00:16:23 查询号码 【1376533】，GSD为【"贵州-安顺"】

2024-09-25 00:16:24 开始第 6535 次操作

2024-09-25 00:16:24 开始操作号码 【1376534】
2024-09-25 00:16:26 GSD getOne 第 1 次 等待 3 秒
2024-09-25 00:16:29 查询号码 【1376534】，返回信息 {"status":"ok","msg":"贵州-安顺","gid":"10246","time_insert":"2017-06-11 00:46","time_update":"2020-11-18 07:14"}
2024-09-25 00:16:29 查询号码 【1376534】，GSD为【"贵州-安顺"】

2024-09-25 00:16:30 开始第 6536 次操作

2024-09-25 00:16:30 开始操作号码 【1376535】
2024-09-25 00:16:32 GSD getOne 第 1 次 等待 3 秒
2024-09-25 00:16:35 查询号码 【1376535】，返回信息 {"status":"ok","msg":"贵州-安顺","gid":"368197","time_insert":"2021-07-23 17:45"}
2024-09-25 00:16:35 查询号码 【1376535】，GSD为【"贵州-安顺"】

