2021-06-30 16:23:30 开始第 1 次操作

2021-06-30 16:23:30 开始操作号码 【1665580】
2021-06-30 16:23:35 GSD getOne 第 1 次 等待 1 秒
2021-06-30 16:23:36 查询号码 【1665580】，返回信息 {"status":"ok","msg":"-","time_insert":"2021-06-30 15:38"}
2021-06-30 16:23:36 查询号码 【1665580】，GSD为【"-"】
2021-06-30 16:23:36 ok && -
2021-06-30 16:23:38 CHB 1665580?1625041416 第 1 次 等待 1 秒
2021-06-30 16:23:39 CHB 1665580?1625041416 第 1 次 获取到号码【1665580】GSD
2021-06-30 16:23:39 获取到号码【1665580】的GSD为【安徽-阜阳】
2021-06-30 16:23:45 GSD insert 第 1 次 等待 1 秒
2021-06-30 16:23:46 {"status":"ok","msg":"添加号码已存在，但为‘-’，修改成功！"}
2021-06-30 16:23:46 下次操作: 2021-06-30 16:23:52

2021-06-30 16:23:52 开始第 2 次操作

2021-06-30 16:23:52 开始操作号码 【1665581】
2021-06-30 16:23:56 GSD getOne 第 1 次 等待 1 秒
2021-06-30 16:23:57 查询号码 【1665581】，返回信息 {"status":"ok","msg":"-","time_insert":"2021-06-30 15:46"}
2021-06-30 16:23:57 查询号码 【1665581】，GSD为【"-"】
2021-06-30 16:23:57 ok && -
2021-06-30 16:23:58 CHB 1665581?1625041437 第 1 次 等待 1 秒
2021-06-30 16:23:59 CHB 1665581?1625041437 第 1 次 获取到号码【1665581】GSD
2021-06-30 16:24:00 获取到号码【1665581】的GSD为【安徽-阜阳】
2021-06-30 16:24:04 GSD insert 第 1 次 等待 1 秒
2021-06-30 16:24:05 {"status":"ok","msg":"添加号码已存在，但为‘-’，修改成功！"}
2021-06-30 16:24:05 下次操作: 2021-06-30 16:24:18

2021-06-30 16:24:18 开始第 3 次操作

2021-06-30 16:24:18 开始操作号码 【1665582】
2021-06-30 16:24:25 GSD getOne 第 1 次 等待 1 秒
2021-06-30 16:24:26 查询号码 【1665582】，返回信息 {"status":"ok","msg":"-","time_insert":"2021-06-30 15:53"}
2021-06-30 16:24:26 查询号码 【1665582】，GSD为【"-"】
2021-06-30 16:24:26 ok && -
2021-06-30 16:24:28 CHB 1665582?1625041466 第 1 次 等待 1 秒
2021-06-30 16:24:29 CHB 1665582?1625041466 第 1 次 获取到号码【1665582】GSD
2021-06-30 16:24:29 获取到号码【1665582】的GSD为【安徽-阜阳】
2021-06-30 16:24:37 GSD insert 第 1 次 等待 1 秒
2021-06-30 16:24:38 {"status":"ok","msg":"添加号码已存在，但为‘-’，修改成功！"}
2021-06-30 16:24:38 下次操作: 2021-06-30 16:24:54

2021-06-30 16:24:54 开始第 4 次操作

2021-06-30 16:24:54 开始操作号码 【1665583】
2021-06-30 16:24:58 GSD getOne 第 1 次 等待 1 秒
2021-06-30 16:24:59 查询号码 【1665583】，返回信息 {"status":"ok","msg":"-","time_insert":"2021-06-30 16:00"}
2021-06-30 16:24:59 查询号码 【1665583】，GSD为【"-"】
2021-06-30 16:24:59 ok && -
2021-06-30 16:25:02 CHB 1665583?1625041499 第 1 次 等待 1 秒
2021-06-30 16:25:03 CHB 1665583?1625041499 第 1 次 获取到号码【1665583】GSD
2021-06-30 16:25:03 获取到号码【1665583】的GSD为【安徽-阜阳】
2021-06-30 16:25:07 GSD insert 第 1 次 等待 1 秒
2021-06-30 16:25:08 {"status":"ok","msg":"添加号码已存在，但为‘-’，修改成功！"}
2021-06-30 16:25:08 下次操作: 2021-06-30 16:25:16

2021-06-30 16:25:16 开始第 5 次操作

2021-06-30 16:25:16 开始操作号码 【1665584】
2021-06-30 16:25:20 GSD getOne 第 1 次 等待 1 秒
2021-06-30 16:25:21 查询号码 【1665584】，返回信息 {"status":"ok","msg":"-","time_insert":"2021-06-30 16:08"}
2021-06-30 16:25:21 查询号码 【1665584】，GSD为【"-"】
2021-06-30 16:25:21 ok && -
2021-06-30 16:25:22 CHB 1665584?1625041521 第 1 次 等待 1 秒
2021-06-30 16:25:23 CHB 1665584?1625041521 第 1 次 获取到号码【1665584】GSD
2021-06-30 16:25:23 获取到号码【1665584】的GSD为【安徽-阜阳】
2021-06-30 16:25:28 GSD insert 第 1 次 等待 1 秒
2021-06-30 16:25:29 {"status":"ok","msg":"添加号码已存在，但为‘-’，修改成功！"}
2021-06-30 16:25:29 下次操作: 2021-06-30 16:25:46

2021-06-30 16:25:46 开始第 6 次操作

2021-06-30 16:25:46 开始操作号码 【1665585】
2021-06-30 16:25:50 GSD getOne 第 1 次 等待 1 秒
2021-06-30 16:25:51 查询号码 【1665585】，返回信息 {"status":"ok","msg":"-","time_insert":"2021-06-30 16:15"}
2021-06-30 16:25:51 查询号码 【1665585】，GSD为【"-"】
2021-06-30 16:25:51 ok && -
2021-06-30 16:25:53 CHB 1665585?1625041551 第 1 次 等待 1 秒
2021-06-30 16:25:54 CHB 1665585?1625041551 第 1 次 获取到号码【1665585】GSD
2021-06-30 16:25:54 获取到号码【1665585】的GSD为【安徽-阜阳】
2021-06-30 16:25:59 GSD insert 第 1 次 等待 1 秒
2021-06-30 16:26:00 {"status":"ok","msg":"添加号码已存在，但为‘-’，修改成功！"}
2021-06-30 16:26:00 下次操作: 2021-06-30 16:26:12

2021-06-30 16:26:12 开始第 7 次操作

2021-06-30 16:26:12 开始操作号码 【1665586】
2021-06-30 16:26:15 GSD getOne 第 1 次 等待 1 秒
2021-06-30 16:26:16 查询号码 【1665586】，返回信息 {"status":"ok","msg":"-","time_insert":"2021-06-30 16:22"}
2021-06-30 16:26:16 查询号码 【1665586】，GSD为【"-"】
2021-06-30 16:26:16 ok && -
2021-06-30 16:26:18 CHB 1665586?1625041576 第 1 次 等待 1 秒
2021-06-30 16:26:19 CHB 1665586?1625041576 第 1 次 获取到号码【1665586】GSD
2021-06-30 16:26:19 获取到号码【1665586】的GSD为【安徽-阜阳】
2021-06-30 16:26:25 GSD insert 第 1 次 等待 1 秒
2021-06-30 16:26:26 {"status":"ok","msg":"添加号码已存在，但为‘-’，修改成功！"}
2021-06-30 16:26:26 下次操作: 2021-06-30 16:26:39

2021-06-30 16:26:39 开始第 8 次操作

2021-06-30 16:26:39 开始操作号码 【1665587】
2021-06-30 16:26:42 GSD getOne 第 1 次 等待 1 秒
2021-06-30 16:26:43 查询号码 【1665587】，返回信息 {"status":"bad","msg":""}
2021-06-30 16:26:43 查询号码 【1665587】，GSD为【""】
2021-06-30 16:26:43 bad
2021-06-30 16:26:45 CHB 1665587?1625041603 第 1 次 等待 1 秒
2021-06-30 16:26:46 CHB 1665587?1625041603 第 1 次 获取到号码【1665587】GSD
2021-06-30 16:26:46 获取到号码【1665587】的GSD为【安徽-阜阳】
2021-06-30 16:26:54 GSD insert 第 1 次 等待 1 秒
2021-06-30 16:26:55 {"status":"ok","msg":"添加成功！161687"}
2021-06-30 16:26:55 下次操作: 2021-06-30 16:27:08

2021-06-30 16:27:08 开始第 9 次操作

2021-06-30 16:27:08 开始操作号码 【1665588】
2021-06-30 16:27:13 GSD getOne 第 1 次 等待 1 秒
2021-06-30 16:27:14 查询号码 【1665588】，返回信息 {"status":"bad","msg":""}
2021-06-30 16:27:14 查询号码 【1665588】，GSD为【""】
2021-06-30 16:27:14 bad
2021-06-30 16:27:15 CHB 1665588?1625041634 第 1 次 等待 1 秒
2021-06-30 16:27:16 CHB 1665588?1625041634 第 1 次 获取到号码【1665588】GSD
2021-06-30 16:27:16 获取到号码【1665588】的GSD为【安徽-阜阳】
2021-06-30 16:27:24 GSD insert 第 1 次 等待 1 秒
2021-06-30 16:27:25 {"status":"ok","msg":"添加成功！161689"}
2021-06-30 16:27:25 下次操作: 2021-06-30 16:27:41

2021-06-30 16:27:41 开始第 10 次操作

2021-06-30 16:27:41 开始操作号码 【1665589】
2021-06-30 16:27:45 GSD getOne 第 1 次 等待 1 秒
2021-06-30 16:27:46 查询号码 【1665589】，返回信息 {"status":"bad","msg":""}
2021-06-30 16:27:46 查询号码 【1665589】，GSD为【""】
2021-06-30 16:27:46 bad
2021-06-30 16:27:47 CHB 1665589?1625041666 第 1 次 等待 1 秒
2021-06-30 16:27:48 CHB 1665589?1625041666 第 1 次 获取到号码【1665589】GSD
2021-06-30 16:27:48 获取到号码【1665589】的GSD为【安徽-阜阳】
2021-06-30 16:27:54 GSD insert 第 1 次 等待 1 秒
2021-06-30 16:27:55 {"status":"ok","msg":"添加成功！161694"}
2021-06-30 16:27:55 下次操作: 2021-06-30 16:28:03

2021-06-30 16:28:03 开始第 11 次操作

2021-06-30 16:28:03 开始操作号码 【1665590】
2021-06-30 16:28:06 GSD getOne 第 1 次 等待 1 秒
2021-06-30 16:28:07 查询号码 【1665590】，返回信息 {"status":"bad","msg":""}
2021-06-30 16:28:08 查询号码 【1665590】，GSD为【""】
2021-06-30 16:28:08 bad
2021-06-30 16:28:09 CHB 1665590?1625041688 第 1 次 等待 1 秒
2021-06-30 16:28:10 CHB 1665590?1625041688 第 1 次 获取到号码【1665590】GSD
2021-06-30 16:28:10 获取到号码【1665590】的GSD为【安徽-亳州】
2021-06-30 16:28:14 GSD insert 第 1 次 等待 1 秒
2021-06-30 16:28:15 {"status":"ok","msg":"添加成功！161697"}
2021-06-30 16:28:15 下次操作: 2021-06-30 16:28:30

2021-06-30 16:28:30 开始第 12 次操作

2021-06-30 16:28:30 开始操作号码 【1665591】
2021-06-30 16:28:34 GSD getOne 第 1 次 等待 1 秒
2021-06-30 16:28:35 查询号码 【1665591】，返回信息 {"status":"bad","msg":""}
2021-06-30 16:28:35 查询号码 【1665591】，GSD为【""】
2021-06-30 16:28:35 bad
2021-06-30 16:28:36 CHB 1665591?1625041715 第 1 次 等待 1 秒
2021-06-30 16:28:37 CHB 1665591?1625041715 第 1 次 获取到号码【1665591】GSD
2021-06-30 16:28:37 获取到号码【1665591】的GSD为【安徽-亳州】
2021-06-30 16:28:43 GSD insert 第 1 次 等待 1 秒
2021-06-30 16:28:44 {"status":"ok","msg":"添加成功！161706"}
2021-06-30 16:28:44 下次操作: 2021-06-30 16:28:57

2021-06-30 16:28:57 开始第 13 次操作

2021-06-30 16:28:57 开始操作号码 【1665592】
2021-06-30 16:29:04 GSD getOne 第 1 次 等待 1 秒
2021-06-30 16:29:05 查询号码 【1665592】，返回信息 {"status":"bad","msg":""}
2021-06-30 16:29:05 查询号码 【1665592】，GSD为【""】
2021-06-30 16:29:05 bad
2021-06-30 16:29:07 CHB 1665592?1625041745 第 1 次 等待 1 秒
2021-06-30 16:29:08 CHB 1665592?1625041745 第 1 次 获取到号码【1665592】GSD
2021-06-30 16:29:08 获取到号码【1665592】的GSD为【安徽-亳州】
2021-06-30 16:29:12 GSD insert 第 1 次 等待 1 秒
2021-06-30 16:29:13 {"status":"ok","msg":"添加成功！161714"}
2021-06-30 16:29:13 下次操作: 2021-06-30 16:29:29

2021-06-30 16:29:29 开始第 14 次操作

2021-06-30 16:29:29 开始操作号码 【1665593】
2021-06-30 16:29:32 GSD getOne 第 1 次 等待 1 秒
2021-06-30 16:29:33 查询号码 【1665593】，返回信息 {"status":"bad","msg":""}
2021-06-30 16:29:34 查询号码 【1665593】，GSD为【""】
2021-06-30 16:29:34 bad
2021-06-30 16:29:35 CHB 1665593?1625041774 第 1 次 等待 1 秒
2021-06-30 16:29:36 CHB 1665593?1625041774 第 1 次 获取到号码【1665593】GSD
2021-06-30 16:29:36 获取到号码【1665593】的GSD为【安徽-亳州】
2021-06-30 16:29:40 GSD insert 第 1 次 等待 1 秒
2021-06-30 16:29:41 {"status":"ok","msg":"添加成功！161721"}
2021-06-30 16:29:41 下次操作: 2021-06-30 16:29:53

2021-06-30 16:29:53 开始第 15 次操作

2021-06-30 16:29:53 开始操作号码 【1665594】
2021-06-30 16:29:57 GSD getOne 第 1 次 等待 1 秒
2021-06-30 16:29:58 查询号码 【1665594】，返回信息 {"status":"bad","msg":""}
2021-06-30 16:29:58 查询号码 【1665594】，GSD为【""】
2021-06-30 16:29:58 bad
2021-06-30 16:30:00 CHB 1665594?1625041798 第 1 次 等待 1 秒
2021-06-30 16:30:01 CHB 1665594?1625041798 第 1 次 获取到号码【1665594】GSD
2021-06-30 16:30:01 获取到号码【1665594】的GSD为【安徽-亳州】
2021-06-30 16:30:06 GSD insert 第 1 次 等待 1 秒
2021-06-30 16:30:07 {"status":"ok","msg":"添加成功！161730"}
2021-06-30 16:30:07 下次操作: 2021-06-30 16:30:20

2021-06-30 16:30:20 开始第 16 次操作

2021-06-30 16:30:20 开始操作号码 【1665595】
2021-06-30 16:30:24 GSD getOne 第 1 次 等待 1 秒
2021-06-30 16:30:25 查询号码 【1665595】，返回信息 {"status":"bad","msg":""}
2021-06-30 16:30:25 查询号码 【1665595】，GSD为【""】
2021-06-30 16:30:25 bad
2021-06-30 16:30:27 CHB 1665595?1625041825 第 1 次 等待 1 秒
2021-06-30 16:30:28 CHB 1665595?1625041825 第 1 次 获取到号码【1665595】GSD
2021-06-30 16:30:28 获取到号码【1665595】的GSD为【安徽-亳州】
2021-06-30 16:30:34 GSD insert 第 1 次 等待 1 秒
2021-06-30 16:30:35 {"status":"ok","msg":"添加成功！161736"}
2021-06-30 16:30:35 下次操作: 2021-06-30 16:30:41

2021-06-30 16:30:41 开始第 17 次操作

2021-06-30 16:30:41 开始操作号码 【1665596】
2021-06-30 16:30:48 GSD getOne 第 1 次 等待 1 秒
2021-06-30 16:30:49 查询号码 【1665596】，返回信息 {"status":"bad","msg":""}
2021-06-30 16:30:49 查询号码 【1665596】，GSD为【""】
2021-06-30 16:30:49 bad
2021-06-30 16:30:51 CHB 1665596?1625041849 第 1 次 等待 1 秒
2021-06-30 16:30:52 CHB 1665596?1625041849 第 1 次 获取到号码【1665596】GSD
2021-06-30 16:30:52 获取到号码【1665596】的GSD为【安徽-亳州】
2021-06-30 16:31:00 GSD insert 第 1 次 等待 1 秒
2021-06-30 16:31:01 {"status":"ok","msg":"添加成功！161743"}
2021-06-30 16:31:01 下次操作: 2021-06-30 16:31:16

2021-06-30 16:31:16 开始第 18 次操作

2021-06-30 16:31:16 开始操作号码 【1665597】
2021-06-30 16:31:28 GSD getOne 第 1 次 等待 1 秒
2021-06-30 16:31:29 查询号码 【1665597】，返回信息 {"status":"bad","msg":""}
2021-06-30 16:31:29 查询号码 【1665597】，GSD为【""】
2021-06-30 16:31:29 bad
2021-06-30 16:31:31 CHB 1665597?1625041889 第 1 次 等待 1 秒
2021-06-30 16:31:32 CHB 1665597?1625041889 第 1 次 获取到号码【1665597】GSD
2021-06-30 16:31:32 获取到号码【1665597】的GSD为【安徽-亳州】
2021-06-30 16:31:40 GSD insert 第 1 次 等待 1 秒
2021-06-30 16:31:41 {"status":"ok","msg":"添加成功！161755"}
2021-06-30 16:31:41 下次操作: 2021-06-30 16:31:54

2021-06-30 16:31:54 开始第 19 次操作

2021-06-30 16:31:54 开始操作号码 【1665598】
2021-06-30 16:31:59 GSD getOne 第 1 次 等待 1 秒
2021-06-30 16:32:00 查询号码 【1665598】，返回信息 {"status":"bad","msg":""}
2021-06-30 16:32:00 查询号码 【1665598】，GSD为【""】
2021-06-30 16:32:00 bad
2021-06-30 16:32:01 CHB 1665598?1625041920 第 1 次 等待 1 秒
2021-06-30 16:32:02 CHB 1665598?1625041920 第 1 次 获取到号码【1665598】GSD
2021-06-30 16:32:02 获取到号码【1665598】的GSD为【安徽-亳州】
2021-06-30 16:32:06 GSD insert 第 1 次 等待 1 秒
2021-06-30 16:32:07 {"status":"ok","msg":"添加成功！161762"}
2021-06-30 16:32:07 下次操作: 2021-06-30 16:32:17

2021-06-30 16:32:17 开始第 20 次操作

2021-06-30 16:32:17 开始操作号码 【1665599】
2021-06-30 16:32:21 GSD getOne 第 1 次 等待 1 秒
2021-06-30 16:32:22 查询号码 【1665599】，返回信息 {"status":"bad","msg":""}
2021-06-30 16:32:22 查询号码 【1665599】，GSD为【""】
2021-06-30 16:32:22 bad
2021-06-30 16:32:24 CHB 1665599?1625041942 第 1 次 等待 1 秒
2021-06-30 16:32:25 CHB 1665599?1625041942 第 1 次 获取到号码【1665599】GSD
2021-06-30 16:32:25 获取到号码【1665599】的GSD为【安徽-亳州】
2021-06-30 16:32:29 GSD insert 第 1 次 等待 1 秒
2021-06-30 16:32:30 {"status":"ok","msg":"添加成功！161766"}
2021-06-30 16:32:30 下次操作: 2021-06-30 16:32:40

2021-06-30 16:32:40 开始第 21 次操作

2021-06-30 16:32:40 开始操作号码 【1665600】
2021-06-30 16:32:43 GSD getOne 第 1 次 等待 1 秒
2021-06-30 16:32:44 查询号码 【1665600】，返回信息 {"status":"bad","msg":""}
2021-06-30 16:32:45 查询号码 【1665600】，GSD为【""】
2021-06-30 16:32:45 bad
2021-06-30 16:32:46 CHB 1665600?1625041965 第 1 次 等待 1 秒
2021-06-30 16:32:47 CHB 1665600?1625041965 第 1 次 获取到号码【1665600】GSD
2021-06-30 16:32:47 获取到号码【1665600】的GSD为【安徽-蚌埠】
2021-06-30 16:32:59 GSD insert 第 1 次 等待 1 秒
2021-06-30 16:33:00 {"status":"ok","msg":"添加成功！161772"}
2021-06-30 16:33:00 下次操作: 2021-06-30 16:33:11

2021-06-30 16:33:11 开始第 22 次操作

2021-06-30 16:33:11 开始操作号码 【1665601】
2021-06-30 16:33:15 GSD getOne 第 1 次 等待 1 秒
2021-06-30 16:33:16 查询号码 【1665601】，返回信息 {"status":"bad","msg":""}
2021-06-30 16:33:16 查询号码 【1665601】，GSD为【""】
2021-06-30 16:33:16 bad
2021-06-30 16:33:18 CHB 1665601?1625041996 第 1 次 等待 1 秒
2021-06-30 16:33:19 CHB 1665601?1625041996 第 1 次 获取到号码【1665601】GSD
2021-06-30 16:33:19 获取到号码【1665601】的GSD为【安徽-蚌埠】
2021-06-30 16:33:26 GSD insert 第 1 次 等待 1 秒
2021-06-30 16:33:27 {"status":"ok","msg":"添加成功！161779"}
2021-06-30 16:33:27 下次操作: 2021-06-30 16:33:40

2021-06-30 16:33:40 开始第 23 次操作

2021-06-30 16:33:40 开始操作号码 【1665602】
2021-06-30 16:33:44 GSD getOne 第 1 次 等待 1 秒
2021-06-30 16:33:45 查询号码 【1665602】，返回信息 {"status":"bad","msg":""}
2021-06-30 16:33:45 查询号码 【1665602】，GSD为【""】
2021-06-30 16:33:45 bad
2021-06-30 16:33:46 CHB 1665602?1625042025 第 1 次 等待 1 秒
2021-06-30 16:33:47 CHB 1665602?1625042025 第 1 次 获取到号码【1665602】GSD
2021-06-30 16:33:47 获取到号码【1665602】的GSD为【安徽-蚌埠】
2021-06-30 16:33:53 GSD insert 第 1 次 等待 1 秒
2021-06-30 16:33:54 {"status":"ok","msg":"添加成功！161786"}
2021-06-30 16:33:54 下次操作: 2021-06-30 16:34:12

2021-06-30 16:34:12 开始第 24 次操作

2021-06-30 16:34:12 开始操作号码 【1665603】
2021-06-30 16:34:16 GSD getOne 第 1 次 等待 1 秒
2021-06-30 16:34:17 查询号码 【1665603】，返回信息 {"status":"bad","msg":""}
2021-06-30 16:34:17 查询号码 【1665603】，GSD为【""】
2021-06-30 16:34:17 bad
2021-06-30 16:34:19 CHB 1665603?1625042057 第 1 次 等待 1 秒
2021-06-30 16:34:20 CHB 1665603?1625042057 第 1 次 获取到号码【1665603】GSD
2021-06-30 16:34:20 获取到号码【1665603】的GSD为【安徽-蚌埠】
2021-06-30 16:34:24 GSD insert 第 1 次 等待 1 秒
2021-06-30 16:34:25 {"status":"ok","msg":"添加成功！161797"}
2021-06-30 16:34:25 下次操作: 2021-06-30 16:34:34

2021-06-30 16:34:34 开始第 25 次操作

2021-06-30 16:34:34 开始操作号码 【1665604】
2021-06-30 16:34:37 GSD getOne 第 1 次 等待 1 秒
2021-06-30 16:34:38 查询号码 【1665604】，返回信息 {"status":"bad","msg":""}
2021-06-30 16:34:39 查询号码 【1665604】，GSD为【""】
2021-06-30 16:34:39 bad
2021-06-30 16:34:40 CHB 1665604?1625042079 第 1 次 等待 1 秒
2021-06-30 16:34:41 CHB 1665604?1625042079 第 1 次 获取到号码【1665604】GSD
2021-06-30 16:34:41 获取到号码【1665604】的GSD为【安徽-蚌埠】
2021-06-30 16:34:45 GSD insert 第 1 次 等待 1 秒
2021-06-30 16:34:46 {"status":"ok","msg":"添加成功！161804"}
2021-06-30 16:34:46 下次操作: 2021-06-30 16:34:58

2021-06-30 16:34:58 开始第 26 次操作

2021-06-30 16:34:58 开始操作号码 【1665605】
2021-06-30 16:35:02 GSD getOne 第 1 次 等待 1 秒
2021-06-30 16:35:03 查询号码 【1665605】，返回信息 {"status":"bad","msg":""}
2021-06-30 16:35:03 查询号码 【1665605】，GSD为【""】
2021-06-30 16:35:03 bad
2021-06-30 16:35:04 CHB 1665605?1625042103 第 1 次 等待 1 秒
2021-06-30 16:35:05 CHB 1665605?1625042103 第 1 次 获取到号码【1665605】GSD
2021-06-30 16:35:05 获取到号码【1665605】的GSD为【安徽-蚌埠】
2021-06-30 16:35:15 GSD insert 第 1 次 等待 1 秒
2021-06-30 16:35:16 {"status":"ok","msg":"添加成功！161812"}
2021-06-30 16:35:16 下次操作: 2021-06-30 16:35:26

2021-06-30 16:35:26 开始第 27 次操作

2021-06-30 16:35:26 开始操作号码 【1665606】
2021-06-30 16:35:31 GSD getOne 第 1 次 等待 1 秒
2021-06-30 16:35:32 查询号码 【1665606】，返回信息 {"status":"bad","msg":""}
2021-06-30 16:35:33 查询号码 【1665606】，GSD为【""】
2021-06-30 16:35:33 bad
2021-06-30 16:35:34 CHB 1665606?1625042133 第 1 次 等待 1 秒
2021-06-30 16:35:35 CHB 1665606?1625042133 第 1 次 获取到号码【1665606】GSD
2021-06-30 16:35:35 获取到号码【1665606】的GSD为【安徽-蚌埠】
2021-06-30 16:35:39 GSD insert 第 1 次 等待 1 秒
2021-06-30 16:35:40 {"status":"ok","msg":"添加成功！161819"}
2021-06-30 16:35:40 下次操作: 2021-06-30 16:35:57

2021-06-30 16:35:57 开始第 28 次操作

2021-06-30 16:35:57 开始操作号码 【1665607】
2021-06-30 16:36:00 GSD getOne 第 1 次 等待 1 秒
2021-06-30 16:36:01 查询号码 【1665607】，返回信息 {"status":"bad","msg":""}
2021-06-30 16:36:01 查询号码 【1665607】，GSD为【""】
2021-06-30 16:36:01 bad
2021-06-30 16:36:03 CHB 1665607?1625042161 第 1 次 等待 1 秒
2021-06-30 16:36:04 CHB 1665607?1625042161 第 1 次 获取到号码【1665607】GSD
2021-06-30 16:36:04 获取到号码【1665607】的GSD为【安徽-蚌埠】
2021-06-30 16:36:08 GSD insert 第 1 次 等待 1 秒
2021-06-30 16:36:09 {"status":"ok","msg":"添加成功！161826"}
2021-06-30 16:36:09 下次操作: 2021-06-30 16:36:22

2021-06-30 16:36:22 开始第 29 次操作

2021-06-30 16:36:22 开始操作号码 【1665608】
2021-06-30 16:36:25 GSD getOne 第 1 次 等待 1 秒
2021-06-30 16:36:26 查询号码 【1665608】，返回信息 {"status":"bad","msg":""}
2021-06-30 16:36:26 查询号码 【1665608】，GSD为【""】
2021-06-30 16:36:26 bad
2021-06-30 16:36:28 CHB 1665608?1625042186 第 1 次 等待 1 秒
2021-06-30 16:36:29 CHB 1665608?1625042186 第 1 次 获取到号码【1665608】GSD
2021-06-30 16:36:29 获取到号码【1665608】的GSD为【安徽-蚌埠】
2021-06-30 16:36:33 GSD insert 第 1 次 等待 1 秒
2021-06-30 16:36:34 {"status":"ok","msg":"添加成功！161835"}
2021-06-30 16:36:34 下次操作: 2021-06-30 16:36:46

2021-06-30 16:36:46 开始第 30 次操作

2021-06-30 16:36:46 开始操作号码 【1665609】
2021-06-30 16:36:53 GSD getOne 第 1 次 等待 1 秒
2021-06-30 16:36:54 查询号码 【1665609】，返回信息 {"status":"bad","msg":""}
2021-06-30 16:36:54 查询号码 【1665609】，GSD为【""】
2021-06-30 16:36:54 bad
2021-06-30 16:36:56 CHB 1665609?1625042214 第 1 次 等待 1 秒
2021-06-30 16:36:57 CHB 1665609?1625042214 第 1 次 获取到号码【1665609】GSD
2021-06-30 16:36:57 获取到号码【1665609】的GSD为【安徽-蚌埠】
2021-06-30 16:37:01 GSD insert 第 1 次 等待 1 秒
2021-06-30 16:37:02 {"status":"ok","msg":"添加成功！161840"}

2021-06-30 16:44:43 开始第 1 次操作

2021-06-30 16:44:43 开始操作号码 【1665610】
2021-06-30 16:44:47 GSD getOne 第 1 次 等待 1 秒
2021-06-30 16:44:48 查询号码 【1665610】，返回信息 {"status":"bad","msg":""}
2021-06-30 16:44:49 查询号码 【1665610】，GSD为【""】
2021-06-30 16:44:49 bad
2021-06-30 16:44:50 CHB 1665610?1625042689 第 1 次 等待 1 秒
2021-06-30 16:44:51 CHB 1665610?1625042689 第 1 次 获取到号码【1665610】GSD
2021-06-30 16:44:51 获取到号码【1665610】的GSD为【山西-忻州】
2021-06-30 16:45:10 GSD insert 第 1 次 等待 1 秒
2021-06-30 16:45:11 {"status":"ok","msg":"添加成功！161894"}
2021-06-30 16:45:11 下次操作: 2021-06-30 16:45:28

2021-06-30 16:45:28 开始第 2 次操作

2021-06-30 16:45:29 开始操作号码 【1665611】
2021-06-30 16:45:32 GSD getOne 第 1 次 等待 1 秒
2021-06-30 16:45:33 查询号码 【1665611】，返回信息 {"status":"bad","msg":""}
2021-06-30 16:45:33 查询号码 【1665611】，GSD为【""】
2021-06-30 16:45:33 bad
2021-06-30 16:45:35 CHB 1665611?1625042733 第 1 次 等待 1 秒
2021-06-30 16:45:36 CHB 1665611?1625042733 第 1 次 获取到号码【1665611】GSD
2021-06-30 16:45:36 获取到号码【1665611】的GSD为【山西-忻州】
2021-06-30 16:45:55 GSD insert 第 1 次 等待 1 秒
2021-06-30 16:45:56 {"status":"ok","msg":"添加成功！161904"}
2021-06-30 16:45:56 下次操作: 2021-06-30 16:46:09

2021-06-30 16:46:09 开始第 3 次操作

2021-06-30 16:46:09 开始操作号码 【1665612】
2021-06-30 16:46:26 GSD getOne 第 1 次 等待 1 秒
2021-06-30 16:46:27 查询号码 【1665612】，返回信息 {"status":"bad","msg":""}
2021-06-30 16:46:27 查询号码 【1665612】，GSD为【""】
2021-06-30 16:46:27 bad
2021-06-30 16:46:29 CHB 1665612?1625042787 第 1 次 等待 1 秒
2021-06-30 16:46:30 CHB 1665612?1625042787 第 1 次 获取到号码【1665612】GSD
2021-06-30 16:46:30 获取到号码【1665612】的GSD为【山西-忻州】
2021-06-30 16:46:50 GSD insert 第 1 次 等待 1 秒
2021-06-30 16:46:51 {"status":"ok","msg":"添加成功！161917"}
2021-06-30 16:46:51 下次操作: 2021-06-30 16:47:06

2021-06-30 16:47:06 开始第 4 次操作

2021-06-30 16:47:06 开始操作号码 【1665613】
2021-06-30 16:47:15 GSD getOne 第 1 次 等待 1 秒
2021-06-30 16:47:16 查询号码 【1665613】，返回信息 {"status":"bad","msg":""}
2021-06-30 16:47:16 查询号码 【1665613】，GSD为【""】
2021-06-30 16:47:16 bad
2021-06-30 16:47:18 CHB 1665613?1625042836 第 1 次 等待 1 秒
2021-06-30 16:47:19 CHB 1665613?1625042836 第 1 次 获取到号码【1665613】GSD
2021-06-30 16:47:20 获取到号码【1665613】的GSD为【山西-忻州】
2021-06-30 16:47:39 GSD insert 第 1 次 等待 1 秒
2021-06-30 16:47:40 {"status":"ok","msg":"添加成功！161928"}
2021-06-30 16:47:40 下次操作: 2021-06-30 16:47:55

2021-06-30 16:47:55 开始第 5 次操作

2021-06-30 16:47:55 开始操作号码 【1665614】
2021-06-30 16:47:59 GSD getOne 第 1 次 等待 1 秒
2021-06-30 16:48:00 查询号码 【1665614】，返回信息 {"status":"bad","msg":""}
2021-06-30 16:48:00 查询号码 【1665614】，GSD为【""】
2021-06-30 16:48:00 bad
2021-06-30 16:48:01 CHB 1665614?1625042880 第 1 次 等待 1 秒
2021-06-30 16:48:02 CHB 1665614?1625042880 第 1 次 获取到号码【1665614】GSD
2021-06-30 16:48:02 获取到号码【1665614】的GSD为【山西-忻州】
2021-06-30 16:48:33 GSD insert 第 1 次 等待 1 秒
2021-06-30 16:48:34 {"status":"ok","msg":"添加成功！161940"}
2021-06-30 16:48:34 下次操作: 2021-06-30 16:48:43

2021-06-30 16:48:43 开始第 6 次操作

2021-06-30 16:48:43 开始操作号码 【1665615】
2021-06-30 16:48:54 GSD getOne 第 1 次 等待 1 秒
2021-06-30 16:48:55 查询号码 【1665615】，返回信息 {"status":"bad","msg":""}
2021-06-30 16:48:55 查询号码 【1665615】，GSD为【""】
2021-06-30 16:48:55 bad
2021-06-30 16:48:57 CHB 1665615?1625042935 第 1 次 等待 1 秒
2021-06-30 16:48:58 CHB 1665615?1625042935 第 1 次 获取到号码【1665615】GSD
2021-06-30 16:48:58 获取到号码【1665615】的GSD为【山西-忻州】
2021-06-30 16:49:19 GSD insert 第 1 次 等待 1 秒
2021-06-30 16:49:20 {"status":"ok","msg":"添加成功！161953"}
2021-06-30 16:49:20 下次操作: 2021-06-30 16:49:37

2021-06-30 16:49:37 开始第 7 次操作

2021-06-30 16:49:37 开始操作号码 【1665616】
2021-06-30 16:49:43 GSD getOne 第 1 次 等待 1 秒
2021-06-30 16:49:44 查询号码 【1665616】，返回信息 {"status":"bad","msg":""}
2021-06-30 16:49:44 查询号码 【1665616】，GSD为【""】
2021-06-30 16:49:44 bad
2021-06-30 16:49:45 CHB 1665616?1625042984 第 1 次 等待 1 秒
2021-06-30 16:49:46 CHB 1665616?1625042984 第 1 次 获取到号码【1665616】GSD
2021-06-30 16:49:46 获取到号码【1665616】的GSD为【山西-忻州】
2021-06-30 16:50:05 GSD insert 第 1 次 等待 1 秒
2021-06-30 16:50:06 {"status":"ok","msg":"添加成功！161964"}
2021-06-30 16:50:06 下次操作: 2021-06-30 16:50:13

2021-06-30 16:50:13 开始第 8 次操作

2021-06-30 16:50:13 开始操作号码 【1665617】
2021-06-30 16:50:32 GSD getOne 第 1 次 等待 1 秒
2021-06-30 16:50:33 查询号码 【1665617】，返回信息 {"status":"bad","msg":""}
2021-06-30 16:50:33 查询号码 【1665617】，GSD为【""】
2021-06-30 16:50:33 bad
2021-06-30 16:50:35 CHB 1665617?1625043033 第 1 次 等待 1 秒
2021-06-30 16:50:36 CHB 1665617?1625043033 第 1 次 获取到号码【1665617】GSD
2021-06-30 16:50:36 获取到号码【1665617】的GSD为【山西-忻州】
2021-06-30 16:50:55 GSD insert 第 1 次 等待 1 秒
2021-06-30 16:50:56 {"status":"ok","msg":"添加成功！161974"}
2021-06-30 16:50:56 下次操作: 2021-06-30 16:51:12

2021-06-30 16:51:12 开始第 9 次操作

2021-06-30 16:51:12 开始操作号码 【1665618】
2021-06-30 16:51:28 GSD getOne 第 1 次 等待 1 秒
2021-06-30 16:51:29 查询号码 【1665618】，返回信息 {"status":"bad","msg":""}
2021-06-30 16:51:29 查询号码 【1665618】，GSD为【""】
2021-06-30 16:51:29 bad
2021-06-30 16:51:30 CHB 1665618?1625043089 第 1 次 等待 1 秒
2021-06-30 16:51:31 CHB 1665618?1625043089 第 1 次 获取到号码【1665618】GSD
2021-06-30 16:51:31 获取到号码【1665618】的GSD为【山西-忻州】
2021-06-30 16:51:51 GSD insert 第 1 次 等待 1 秒
2021-06-30 16:51:52 {"status":"ok","msg":"添加成功！161985"}
2021-06-30 16:51:52 下次操作: 2021-06-30 16:52:06

2021-06-30 16:52:06 开始第 10 次操作

2021-06-30 16:52:06 开始操作号码 【1665619】
2021-06-30 16:52:11 GSD getOne 第 1 次 等待 1 秒
2021-06-30 16:52:12 查询号码 【1665619】，返回信息 {"status":"bad","msg":""}
2021-06-30 16:52:12 查询号码 【1665619】，GSD为【""】
2021-06-30 16:52:12 bad
2021-06-30 16:52:13 CHB 1665619?1625043132 第 1 次 等待 1 秒
2021-06-30 16:52:14 CHB 1665619?1625043132 第 1 次 获取到号码【1665619】GSD
2021-06-30 16:52:14 获取到号码【1665619】的GSD为【山西-忻州】
2021-06-30 16:52:33 GSD insert 第 1 次 等待 1 秒
2021-06-30 16:52:34 {"status":"ok","msg":"添加成功！161996"}
2021-06-30 16:52:34 下次操作: 2021-06-30 16:52:44

2021-06-30 16:52:44 开始第 11 次操作

2021-06-30 16:52:44 开始操作号码 【1665620】
2021-06-30 16:52:55 GSD getOne 第 1 次 等待 1 秒
2021-06-30 16:52:56 查询号码 【1665620】，返回信息 {"status":"bad","msg":""}
2021-06-30 16:52:56 查询号码 【1665620】，GSD为【""】
2021-06-30 16:52:56 bad
2021-06-30 16:52:58 CHB 1665620?1625043176 第 1 次 等待 1 秒
2021-06-30 16:52:59 CHB 1665620?1625043176 第 1 次 获取到号码【1665620】GSD
2021-06-30 16:52:59 获取到号码【1665620】的GSD为【山西-忻州】
2021-06-30 16:53:18 GSD insert 第 1 次 等待 1 秒
2021-06-30 16:53:19 {"status":"ok","msg":"添加成功！162009"}
2021-06-30 16:53:19 下次操作: 2021-06-30 16:53:37

2021-06-30 16:53:37 开始第 12 次操作

2021-06-30 16:53:37 开始操作号码 【1665621】
2021-06-30 16:53:41 GSD getOne 第 1 次 等待 1 秒
2021-06-30 16:53:42 查询号码 【1665621】，返回信息 {"status":"bad","msg":""}
2021-06-30 16:53:42 查询号码 【1665621】，GSD为【""】
2021-06-30 16:53:42 bad
2021-06-30 16:53:44 CHB 1665621?1625043222 第 1 次 等待 1 秒
2021-06-30 16:53:45 CHB 1665621?1625043222 第 1 次 获取到号码【1665621】GSD
2021-06-30 16:53:45 获取到号码【1665621】的GSD为【山西-忻州】
2021-06-30 16:54:04 GSD insert 第 1 次 等待 1 秒
2021-06-30 16:54:05 {"status":"ok","msg":"添加成功！162021"}
2021-06-30 16:54:05 下次操作: 2021-06-30 16:54:11

2021-06-30 16:54:11 开始第 13 次操作

2021-06-30 16:54:11 开始操作号码 【1665622】
2021-06-30 16:54:31 GSD getOne 第 1 次 等待 1 秒
2021-06-30 16:54:32 查询号码 【1665622】，返回信息 {"status":"bad","msg":""}
2021-06-30 16:54:32 查询号码 【1665622】，GSD为【""】
2021-06-30 16:54:32 bad
2021-06-30 16:54:33 CHB 1665622?1625043272 第 1 次 等待 1 秒
2021-06-30 16:54:34 CHB 1665622?1625043272 第 1 次 获取到号码【1665622】GSD
2021-06-30 16:54:34 获取到号码【1665622】的GSD为【山西-忻州】
2021-06-30 16:54:56 GSD insert 第 1 次 等待 1 秒
2021-06-30 16:54:57 {"status":"ok","msg":"添加成功！162034"}
2021-06-30 16:54:57 下次操作: 2021-06-30 16:55:08

2021-06-30 16:55:08 开始第 14 次操作

2021-06-30 16:55:08 开始操作号码 【1665623】
2021-06-30 16:55:19 GSD getOne 第 1 次 等待 1 秒
2021-06-30 16:55:20 查询号码 【1665623】，返回信息 {"status":"bad","msg":""}
2021-06-30 16:55:20 查询号码 【1665623】，GSD为【""】
2021-06-30 16:55:20 bad
2021-06-30 16:55:21 CHB 1665623?1625043320 第 1 次 等待 1 秒
2021-06-30 16:55:22 CHB 1665623?1625043320 第 1 次 获取到号码【1665623】GSD
2021-06-30 16:55:22 获取到号码【1665623】的GSD为【山西-忻州】
2021-06-30 16:55:42 GSD insert 第 1 次 等待 1 秒
2021-06-30 16:55:43 {"status":"ok","msg":"添加成功！162045"}
2021-06-30 16:55:43 下次操作: 2021-06-30 16:55:51

2021-06-30 16:55:51 开始第 15 次操作

2021-06-30 16:55:51 开始操作号码 【1665624】
2021-06-30 16:56:02 GSD getOne 第 1 次 等待 1 秒
2021-06-30 16:56:03 查询号码 【1665624】，返回信息 {"status":"bad","msg":""}
2021-06-30 16:56:03 查询号码 【1665624】，GSD为【""】
2021-06-30 16:56:03 bad
2021-06-30 16:56:04 CHB 1665624?1625043363 第 1 次 等待 1 秒
2021-06-30 16:56:05 CHB 1665624?1625043363 第 1 次 获取到号码【1665624】GSD
2021-06-30 16:56:05 获取到号码【1665624】的GSD为【山西-忻州】
2021-06-30 16:56:28 GSD insert 第 1 次 等待 1 秒
2021-06-30 16:56:29 {"status":"ok","msg":"添加成功！162054"}
2021-06-30 16:56:29 下次操作: 2021-06-30 16:56:40

2021-06-30 16:56:40 开始第 16 次操作

2021-06-30 16:56:40 开始操作号码 【1665625】
2021-06-30 16:56:51 GSD getOne 第 1 次 等待 1 秒
2021-06-30 16:56:52 查询号码 【1665625】，返回信息 {"status":"bad","msg":""}
2021-06-30 16:56:52 查询号码 【1665625】，GSD为【""】
2021-06-30 16:56:52 bad
2021-06-30 16:56:54 CHB 1665625?1625043412 第 1 次 等待 1 秒
2021-06-30 16:56:55 CHB 1665625?1625043412 第 1 次 获取到号码【1665625】GSD
2021-06-30 16:56:55 获取到号码【1665625】的GSD为【山西-忻州】
2021-06-30 16:57:14 GSD insert 第 1 次 等待 1 秒
2021-06-30 16:57:15 {"status":"ok","msg":"添加成功！162067"}
2021-06-30 16:57:15 下次操作: 2021-06-30 16:57:32

2021-06-30 16:57:32 开始第 17 次操作

2021-06-30 16:57:32 开始操作号码 【1665626】
2021-06-30 16:57:36 GSD getOne 第 1 次 等待 1 秒
2021-06-30 16:57:37 查询号码 【1665626】，返回信息 {"status":"bad","msg":""}
2021-06-30 16:57:37 查询号码 【1665626】，GSD为【""】
2021-06-30 16:57:37 bad
2021-06-30 16:57:38 CHB 1665626?1625043457 第 1 次 等待 1 秒
2021-06-30 16:57:39 CHB 1665626?1625043457 第 1 次 获取到号码【1665626】GSD
2021-06-30 16:57:39 获取到号码【1665626】的GSD为【山西-吕梁】
2021-06-30 16:57:58 GSD insert 第 1 次 等待 1 秒
2021-06-30 16:57:59 {"status":"ok","msg":"添加成功！162082"}
2021-06-30 16:57:59 下次操作: 2021-06-30 16:58:10

2021-06-30 16:58:10 开始第 18 次操作

2021-06-30 16:58:10 开始操作号码 【1665627】
2021-06-30 16:58:23 GSD getOne 第 1 次 等待 1 秒
2021-06-30 16:58:24 查询号码 【1665627】，返回信息 {"status":"bad","msg":""}
2021-06-30 16:58:24 查询号码 【1665627】，GSD为【""】
2021-06-30 16:58:24 bad
2021-06-30 16:58:25 CHB 1665627?1625043504 第 1 次 等待 1 秒
2021-06-30 16:58:26 CHB 1665627?1625043504 第 1 次 获取到号码【1665627】GSD
2021-06-30 16:58:26 获取到号码【1665627】的GSD为【山西-吕梁】
2021-06-30 16:58:46 GSD insert 第 1 次 等待 1 秒
2021-06-30 16:58:47 {"status":"ok","msg":"添加成功！162093"}
2021-06-30 16:58:47 下次操作: 2021-06-30 16:59:05

2021-06-30 16:59:05 开始第 19 次操作

2021-06-30 16:59:05 开始操作号码 【1665628】
2021-06-30 16:59:09 GSD getOne 第 1 次 等待 1 秒
2021-06-30 16:59:10 查询号码 【1665628】，返回信息 {"status":"bad","msg":""}
2021-06-30 16:59:10 查询号码 【1665628】，GSD为【""】
2021-06-30 16:59:10 bad
2021-06-30 16:59:11 CHB 1665628?1625043550 第 1 次 等待 1 秒
2021-06-30 16:59:12 CHB 1665628?1625043550 第 1 次 获取到号码【1665628】GSD
2021-06-30 16:59:12 获取到号码【1665628】的GSD为【山西-吕梁】
2021-06-30 16:59:32 GSD insert 第 1 次 等待 1 秒
2021-06-30 16:59:33 {"status":"ok","msg":"添加成功！162103"}
2021-06-30 16:59:33 下次操作: 2021-06-30 16:59:50

2021-06-30 16:59:50 开始第 20 次操作

2021-06-30 16:59:50 开始操作号码 【1665629】
2021-06-30 16:59:54 GSD getOne 第 1 次 等待 1 秒
2021-06-30 16:59:55 查询号码 【1665629】，返回信息 {"status":"bad","msg":""}
2021-06-30 16:59:55 查询号码 【1665629】，GSD为【""】
2021-06-30 16:59:55 bad
2021-06-30 16:59:57 CHB 1665629?1625043595 第 1 次 等待 1 秒
2021-06-30 16:59:58 CHB 1665629?1625043595 第 1 次 获取到号码【1665629】GSD
2021-06-30 16:59:58 获取到号码【1665629】的GSD为【山西-吕梁】
2021-06-30 17:00:17 GSD insert 第 1 次 等待 1 秒
2021-06-30 17:00:18 {"status":"ok","msg":"添加成功！162109"}
2021-06-30 17:00:18 下次操作: 2021-06-30 17:00:32

2021-06-30 17:00:32 开始第 21 次操作

2021-06-30 17:00:32 开始操作号码 【1665630】
2021-06-30 17:00:37 GSD getOne 第 1 次 等待 1 秒
2021-06-30 17:00:38 查询号码 【1665630】，返回信息 {"status":"bad","msg":""}
2021-06-30 17:00:38 查询号码 【1665630】，GSD为【""】
2021-06-30 17:00:38 bad
2021-06-30 17:00:39 CHB 1665630?1625043638 第 1 次 等待 1 秒
2021-06-30 17:00:40 CHB 1665630?1625043638 第 1 次 获取到号码【1665630】GSD
2021-06-30 17:00:40 获取到号码【1665630】的GSD为【山西-吕梁】
2021-06-30 17:01:00 GSD insert 第 1 次 等待 1 秒
2021-06-30 17:01:01 {"status":"ok","msg":"添加成功！162115"}
2021-06-30 17:01:01 下次操作: 2021-06-30 17:01:19

2021-06-30 17:01:19 开始第 22 次操作

2021-06-30 17:01:19 开始操作号码 【1665631】
2021-06-30 17:01:22 GSD getOne 第 1 次 等待 1 秒
2021-06-30 17:01:23 查询号码 【1665631】，返回信息 {"status":"bad","msg":""}
2021-06-30 17:01:23 查询号码 【1665631】，GSD为【""】
2021-06-30 17:01:23 bad
2021-06-30 17:01:25 CHB 1665631?1625043683 第 1 次 等待 1 秒
2021-06-30 17:01:26 CHB 1665631?1625043683 第 1 次 获取到号码【1665631】GSD
2021-06-30 17:01:26 获取到号码【1665631】的GSD为【山西-吕梁】
2021-06-30 17:01:48 GSD insert 第 1 次 等待 1 秒
2021-06-30 17:01:49 {"status":"ok","msg":"添加成功！162120"}
2021-06-30 17:01:49 下次操作: 2021-06-30 17:01:57

2021-06-30 17:01:57 开始第 23 次操作

2021-06-30 17:01:57 开始操作号码 【1665632】
2021-06-30 17:02:08 GSD getOne 第 1 次 等待 1 秒
2021-06-30 17:02:09 查询号码 【1665632】，返回信息 {"status":"bad","msg":""}
2021-06-30 17:02:09 查询号码 【1665632】，GSD为【""】
2021-06-30 17:02:09 bad
2021-06-30 17:02:10 CHB 1665632?1625043729 第 1 次 等待 1 秒
2021-06-30 17:02:11 CHB 1665632?1625043729 第 1 次 获取到号码【1665632】GSD
2021-06-30 17:02:12 获取到号码【1665632】的GSD为【山西-吕梁】
2021-06-30 17:02:31 GSD insert 第 1 次 等待 1 秒
2021-06-30 17:02:32 {"status":"ok","msg":"添加成功！162126"}
2021-06-30 17:02:32 下次操作: 2021-06-30 17:02:39

2021-06-30 17:02:39 开始第 24 次操作

2021-06-30 17:02:39 开始操作号码 【1665633】
2021-06-30 17:02:58 GSD getOne 第 1 次 等待 1 秒
2021-06-30 17:02:59 查询号码 【1665633】，返回信息 {"status":"bad","msg":""}
2021-06-30 17:02:59 查询号码 【1665633】，GSD为【""】
2021-06-30 17:02:59 bad
2021-06-30 17:03:01 CHB 1665633?1625043779 第 1 次 等待 1 秒
2021-06-30 17:03:02 CHB 1665633?1625043779 第 1 次 获取到号码【1665633】GSD
2021-06-30 17:03:02 获取到号码【1665633】的GSD为【山西-吕梁】
2021-06-30 17:03:21 GSD insert 第 1 次 等待 1 秒
2021-06-30 17:03:22 {"status":"ok","msg":"添加成功！162132"}
2021-06-30 17:03:22 下次操作: 2021-06-30 17:03:36

2021-06-30 17:03:36 开始第 25 次操作

2021-06-30 17:03:36 开始操作号码 【1665634】
2021-06-30 17:03:45 GSD getOne 第 1 次 等待 1 秒
2021-06-30 17:03:46 查询号码 【1665634】，返回信息 {"status":"bad","msg":""}
2021-06-30 17:03:46 查询号码 【1665634】，GSD为【""】
2021-06-30 17:03:46 bad
2021-06-30 17:03:48 CHB 1665634?1625043826 第 1 次 等待 1 秒
2021-06-30 17:03:49 CHB 1665634?1625043826 第 1 次 获取到号码【1665634】GSD
2021-06-30 17:03:49 获取到号码【1665634】的GSD为【山西-吕梁】
2021-06-30 17:04:09 GSD insert 第 1 次 等待 1 秒
2021-06-30 17:04:10 {"status":"ok","msg":"添加成功！162137"}
2021-06-30 17:04:10 下次操作: 2021-06-30 17:04:25

2021-06-30 17:04:25 开始第 26 次操作

2021-06-30 17:04:25 开始操作号码 【1665635】
2021-06-30 17:04:29 GSD getOne 第 1 次 等待 1 秒
2021-06-30 17:04:30 查询号码 【1665635】，返回信息 {"status":"bad","msg":""}
2021-06-30 17:04:30 查询号码 【1665635】，GSD为【""】
2021-06-30 17:04:30 bad
2021-06-30 17:04:32 CHB 1665635?1625043870 第 1 次 等待 1 秒
2021-06-30 17:04:33 CHB 1665635?1625043870 第 1 次 获取到号码【1665635】GSD
2021-06-30 17:04:33 获取到号码【1665635】的GSD为【山西-吕梁】
2021-06-30 17:04:52 GSD insert 第 1 次 等待 1 秒
2021-06-30 17:04:53 {"status":"ok","msg":"添加成功！162142"}
2021-06-30 17:04:53 下次操作: 2021-06-30 17:05:06

2021-06-30 17:05:06 开始第 27 次操作

2021-06-30 17:05:06 开始操作号码 【1665636】
2021-06-30 17:05:16 GSD getOne 第 1 次 等待 1 秒
2021-06-30 17:05:17 查询号码 【1665636】，返回信息 {"status":"bad","msg":""}
2021-06-30 17:05:17 查询号码 【1665636】，GSD为【""】
2021-06-30 17:05:17 bad
2021-06-30 17:05:18 CHB 1665636?1625043917 第 1 次 等待 1 秒
2021-06-30 17:05:19 CHB 1665636?1625043917 第 1 次 获取到号码【1665636】GSD
2021-06-30 17:05:19 获取到号码【1665636】的GSD为【山西-吕梁】
2021-06-30 17:05:43 GSD insert 第 1 次 等待 1 秒
2021-06-30 17:05:44 {"status":"ok","msg":"添加成功！162146"}
2021-06-30 17:05:44 下次操作: 2021-06-30 17:05:55

2021-06-30 17:05:55 开始第 28 次操作

2021-06-30 17:05:55 开始操作号码 【1665637】
2021-06-30 17:06:07 GSD getOne 第 1 次 等待 1 秒
2021-06-30 17:06:08 查询号码 【1665637】，返回信息 {"status":"bad","msg":""}
2021-06-30 17:06:08 查询号码 【1665637】，GSD为【""】
2021-06-30 17:06:08 bad
2021-06-30 17:06:10 CHB 1665637?1625043968 第 1 次 等待 1 秒
2021-06-30 17:06:11 CHB 1665637?1625043968 第 1 次 获取到号码【1665637】GSD
2021-06-30 17:06:11 获取到号码【1665637】的GSD为【山西-吕梁】
2021-06-30 17:06:30 GSD insert 第 1 次 等待 1 秒
2021-06-30 17:06:31 {"status":"ok","msg":"添加成功！162154"}
2021-06-30 17:06:31 下次操作: 2021-06-30 17:06:46

2021-06-30 17:06:46 开始第 29 次操作

2021-06-30 17:06:46 开始操作号码 【1665638】
2021-06-30 17:06:50 GSD getOne 第 1 次 等待 1 秒
2021-06-30 17:06:51 查询号码 【1665638】，返回信息 {"status":"bad","msg":""}
2021-06-30 17:06:51 查询号码 【1665638】，GSD为【""】
2021-06-30 17:06:51 bad
2021-06-30 17:06:53 CHB 1665638?1625044011 第 1 次 等待 1 秒
2021-06-30 17:06:54 CHB 1665638?1625044011 第 1 次 获取到号码【1665638】GSD
2021-06-30 17:06:54 获取到号码【1665638】的GSD为【山西-吕梁】
2021-06-30 17:07:13 GSD insert 第 1 次 等待 1 秒
2021-06-30 17:07:14 {"status":"ok","msg":"添加成功！162158"}
2021-06-30 17:07:14 下次操作: 2021-06-30 17:07:24

2021-06-30 17:07:24 开始第 30 次操作

2021-06-30 17:07:24 开始操作号码 【1665639】
2021-06-30 17:07:35 GSD getOne 第 1 次 等待 1 秒
2021-06-30 17:07:36 查询号码 【1665639】，返回信息 {"status":"bad","msg":""}
2021-06-30 17:07:36 查询号码 【1665639】，GSD为【""】
2021-06-30 17:07:36 bad
2021-06-30 17:07:38 CHB 1665639?1625044056 第 1 次 等待 1 秒
2021-06-30 17:07:39 CHB 1665639?1625044056 第 1 次 获取到号码【1665639】GSD
2021-06-30 17:07:39 获取到号码【1665639】的GSD为【山西-吕梁】
2021-06-30 17:07:58 GSD insert 第 1 次 等待 1 秒
2021-06-30 17:07:59 {"status":"ok","msg":"添加成功！162161"}

2021-06-30 17:48:22 开始第 1 次操作

2021-06-30 17:48:22 开始操作号码 【1665640】
2021-06-30 17:48:26 GSD getOne 第 1 次 等待 1 秒
2021-06-30 17:48:27 查询号码 【1665640】，返回信息 {"status":"bad","msg":""}
2021-06-30 17:48:27 查询号码 【1665640】，GSD为【""】
2021-06-30 17:48:27 bad
2021-06-30 17:48:28 CHB 1665640?1625046507 第 1 次 等待 1 秒
2021-06-30 17:48:29 CHB 1665640?1625046507 第 1 次 获取到号码【1665640】GSD
2021-06-30 17:48:29 未获取到号码【1665640】GSD，查号吧 521 错误
2021-06-30 17:48:29 获取到号码【1665640】的GSD为【-】
2021-06-30 17:48:33 GSD insert 第 1 次 等待 1 秒
2021-06-30 17:48:34 {"status":"ok","msg":"添加成功！162228"}
2021-06-30 17:48:34 下次操作: 2021-06-30 17:48:49

2021-06-30 17:48:49 开始第 2 次操作

2021-06-30 17:48:49 开始操作号码 【1665641】
2021-06-30 17:48:52 GSD getOne 第 1 次 等待 1 秒
2021-06-30 17:48:53 查询号码 【1665641】，返回信息 {"status":"bad","msg":""}
2021-06-30 17:48:53 查询号码 【1665641】，GSD为【""】
2021-06-30 17:48:53 bad
2021-06-30 17:48:54 CHB 1665641?1625046533 第 1 次 等待 1 秒
2021-06-30 17:48:55 CHB 1665641?1625046533 第 1 次 获取到号码【1665641】GSD
2021-06-30 17:48:55 未获取到号码【1665641】GSD，查号吧 521 错误
2021-06-30 17:48:55 获取到号码【1665641】的GSD为【-】
2021-06-30 17:48:59 GSD insert 第 1 次 等待 1 秒
2021-06-30 17:49:00 {"status":"ok","msg":"添加成功！162230"}
2021-06-30 17:49:00 下次操作: 2021-06-30 17:49:11

2021-06-30 17:49:11 开始第 3 次操作

2021-06-30 17:49:11 开始操作号码 【1665642】
2021-06-30 17:49:14 GSD getOne 第 1 次 等待 1 秒
2021-06-30 17:49:15 查询号码 【1665642】，返回信息 {"status":"bad","msg":""}
2021-06-30 17:49:15 查询号码 【1665642】，GSD为【""】
2021-06-30 17:49:15 bad
2021-06-30 17:49:20 CHB 1665642?1625046555 第 1 次 等待 1 秒
2021-06-30 17:49:21 CHB 1665642?1625046555 第 1 次 获取到号码【1665642】GSD
2021-06-30 17:49:21 获取到号码【1665642】的GSD为【山西-运城】
2021-06-30 17:49:26 GSD insert 第 1 次 等待 1 秒
2021-06-30 17:49:27 {"status":"ok","msg":"添加成功！162231"}
2021-06-30 17:49:27 下次操作: 2021-06-30 17:49:36

2021-06-30 17:49:36 开始第 4 次操作

2021-06-30 17:49:36 开始操作号码 【1665643】
2021-06-30 17:49:39 GSD getOne 第 1 次 等待 1 秒
2021-06-30 17:49:40 查询号码 【1665643】，返回信息 {"status":"bad","msg":""}
2021-06-30 17:49:41 查询号码 【1665643】，GSD为【""】
2021-06-30 17:49:41 bad
2021-06-30 17:49:54 CHB 1665643?1625046581 第 1 次 等待 1 秒
2021-06-30 17:49:55 CHB 1665643?1625046581 第 1 次 获取到号码【1665643】GSD
2021-06-30 17:49:55 获取到号码【1665643】的GSD为【山西-运城】
2021-06-30 17:49:59 GSD insert 第 1 次 等待 1 秒
2021-06-30 17:50:00 {"status":"ok","msg":"添加成功！162234"}
2021-06-30 17:50:00 下次操作: 2021-06-30 17:50:06

2021-06-30 17:50:06 开始第 5 次操作

2021-06-30 17:50:06 开始操作号码 【1665644】
2021-06-30 17:50:11 GSD getOne 第 1 次 等待 1 秒
2021-06-30 17:50:12 查询号码 【1665644】，返回信息 {"status":"bad","msg":""}
2021-06-30 17:50:12 查询号码 【1665644】，GSD为【""】
2021-06-30 17:50:12 bad
2021-06-30 17:50:28 CHB 1665644?1625046612 第 1 次 等待 1 秒
2021-06-30 17:50:29 CHB 1665644?1625046612 第 1 次 获取到号码【1665644】GSD
2021-06-30 17:50:29 未获取到号码【1665644】GSD，查号吧 522 错误
2021-06-30 17:50:29 获取到号码【1665644】的GSD为【-】
2021-06-30 17:50:33 GSD insert 第 1 次 等待 1 秒
2021-06-30 17:50:34 {"status":"ok","msg":"添加成功！162235"}
2021-06-30 17:50:34 下次操作: 2021-06-30 17:50:48

2021-06-30 17:50:48 开始第 6 次操作

2021-06-30 17:50:48 开始操作号码 【1665645】
2021-06-30 17:50:51 GSD getOne 第 1 次 等待 1 秒
2021-06-30 17:50:52 查询号码 【1665645】，返回信息 {"status":"bad","msg":""}
2021-06-30 17:50:52 查询号码 【1665645】，GSD为【""】
2021-06-30 17:50:52 bad
2021-06-30 17:50:53 CHB 1665645?1625046652 第 1 次 等待 1 秒
2021-06-30 17:50:54 CHB 1665645?1625046652 第 1 次 获取到号码【1665645】GSD
2021-06-30 17:50:54 未获取到号码【1665645】GSD，查号吧 521 错误
2021-06-30 17:50:54 获取到号码【1665645】的GSD为【-】
2021-06-30 17:50:59 GSD insert 第 1 次 等待 1 秒
2021-06-30 17:51:00 {"status":"ok","msg":"添加成功！162237"}
2021-06-30 17:51:00 下次操作: 2021-06-30 17:51:07

2021-06-30 17:51:07 开始第 7 次操作

2021-06-30 17:51:07 开始操作号码 【1665646】
2021-06-30 17:51:11 GSD getOne 第 1 次 等待 1 秒
2021-06-30 17:51:12 查询号码 【1665646】，返回信息 {"status":"bad","msg":""}
2021-06-30 17:51:12 查询号码 【1665646】，GSD为【""】
2021-06-30 17:51:12 bad
2021-06-30 17:51:16 CHB 1665646?1625046672 第 1 次 等待 1 秒
2021-06-30 17:51:17 CHB 1665646?1625046672 第 1 次 获取到号码【1665646】GSD
2021-06-30 17:51:17 获取到号码【1665646】的GSD为【山西-运城】
2021-06-30 17:51:22 GSD insert 第 1 次 等待 1 秒
2021-06-30 17:51:23 {"status":"ok","msg":"添加成功！162238"}
2021-06-30 17:51:23 下次操作: 2021-06-30 17:51:35

2021-06-30 17:51:35 开始第 8 次操作

2021-06-30 17:51:35 开始操作号码 【1665647】
2021-06-30 17:51:39 GSD getOne 第 1 次 等待 1 秒
2021-06-30 17:51:40 查询号码 【1665647】，返回信息 {"status":"bad","msg":""}
2021-06-30 17:51:40 查询号码 【1665647】，GSD为【""】
2021-06-30 17:51:40 bad
2021-06-30 17:51:42 CHB 1665647?1625046700 第 1 次 等待 1 秒
2021-06-30 17:51:43 CHB 1665647?1625046700 第 1 次 获取到号码【1665647】GSD
2021-06-30 17:51:43 获取到号码【1665647】的GSD为【山西-运城】
2021-06-30 17:51:48 GSD insert 第 1 次 等待 1 秒
2021-06-30 17:51:49 {"status":"ok","msg":"添加成功！162239"}
2021-06-30 17:51:49 下次操作: 2021-06-30 17:52:04

2021-06-30 17:52:04 开始第 9 次操作

2021-06-30 17:52:04 开始操作号码 【1665648】
2021-06-30 17:52:10 GSD getOne 第 1 次 等待 1 秒
2021-06-30 17:52:11 查询号码 【1665648】，返回信息 {"status":"bad","msg":""}
2021-06-30 17:52:11 查询号码 【1665648】，GSD为【""】
2021-06-30 17:52:11 bad
2021-06-30 17:52:12 CHB 1665648?1625046731 第 1 次 等待 1 秒
2021-06-30 17:52:13 CHB 1665648?1625046731 第 1 次 获取到号码【1665648】GSD
2021-06-30 17:52:13 获取到号码【1665648】的GSD为【山西-运城】
2021-06-30 17:52:17 GSD insert 第 1 次 等待 1 秒
2021-06-30 17:52:18 {"status":"ok","msg":"添加成功！162240"}
2021-06-30 17:52:18 下次操作: 2021-06-30 17:52:30

2021-06-30 17:52:30 开始第 10 次操作

2021-06-30 17:52:30 开始操作号码 【1665649】
2021-06-30 17:52:34 GSD getOne 第 1 次 等待 1 秒
2021-06-30 17:52:35 查询号码 【1665649】，返回信息 {"status":"bad","msg":""}
2021-06-30 17:52:35 查询号码 【1665649】，GSD为【""】
2021-06-30 17:52:35 bad
2021-06-30 17:52:36 CHB 1665649?1625046755 第 1 次 等待 1 秒
2021-06-30 17:52:37 CHB 1665649?1625046755 第 1 次 获取到号码【1665649】GSD
2021-06-30 17:52:37 获取到号码【1665649】的GSD为【山西-运城】
2021-06-30 17:52:41 GSD insert 第 1 次 等待 1 秒
2021-06-30 17:52:42 {"status":"ok","msg":"添加成功！162242"}
2021-06-30 17:52:42 下次操作: 2021-06-30 17:52:55

2021-06-30 17:52:55 开始第 11 次操作

2021-06-30 17:52:55 开始操作号码 【1665650】
2021-06-30 17:52:59 GSD getOne 第 1 次 等待 1 秒
2021-06-30 17:53:00 查询号码 【1665650】，返回信息 {"status":"bad","msg":""}
2021-06-30 17:53:00 查询号码 【1665650】，GSD为【""】
2021-06-30 17:53:00 bad
2021-06-30 17:53:01 CHB 1665650?1625046780 第 1 次 等待 1 秒
2021-06-30 17:53:02 CHB 1665650?1625046780 第 1 次 获取到号码【1665650】GSD
2021-06-30 17:53:02 获取到号码【1665650】的GSD为【山西-临汾】
2021-06-30 17:53:06 GSD insert 第 1 次 等待 1 秒
2021-06-30 17:53:07 {"status":"ok","msg":"添加成功！162243"}
2021-06-30 17:53:07 下次操作: 2021-06-30 17:53:22

2021-06-30 17:53:22 开始第 12 次操作

2021-06-30 17:53:22 开始操作号码 【1665651】
2021-06-30 17:53:25 GSD getOne 第 1 次 等待 1 秒
2021-06-30 17:53:26 查询号码 【1665651】，返回信息 {"status":"bad","msg":""}
2021-06-30 17:53:26 查询号码 【1665651】，GSD为【""】
2021-06-30 17:53:26 bad
2021-06-30 17:53:28 CHB 1665651?1625046806 第 1 次 等待 1 秒
2021-06-30 17:53:29 CHB 1665651?1625046806 第 1 次 获取到号码【1665651】GSD
2021-06-30 17:53:29 获取到号码【1665651】的GSD为【山西-临汾】
2021-06-30 17:53:33 GSD insert 第 1 次 等待 1 秒
2021-06-30 17:53:34 {"status":"ok","msg":"添加成功！162245"}
2021-06-30 17:53:34 下次操作: 2021-06-30 17:53:51

2021-06-30 17:53:51 开始第 13 次操作

2021-06-30 17:53:51 开始操作号码 【1665652】
2021-06-30 17:53:54 GSD getOne 第 1 次 等待 1 秒
2021-06-30 17:53:55 查询号码 【1665652】，返回信息 {"status":"bad","msg":""}
2021-06-30 17:53:55 查询号码 【1665652】，GSD为【""】
2021-06-30 17:53:55 bad
2021-06-30 17:53:57 CHB 1665652?1625046835 第 1 次 等待 1 秒
2021-06-30 17:53:58 CHB 1665652?1625046835 第 1 次 获取到号码【1665652】GSD
2021-06-30 17:53:58 获取到号码【1665652】的GSD为【山西-临汾】
2021-06-30 17:54:05 GSD insert 第 1 次 等待 1 秒
2021-06-30 17:54:06 {"status":"ok","msg":"添加成功！162246"}
2021-06-30 17:54:06 下次操作: 2021-06-30 17:54:13

2021-06-30 17:54:13 开始第 14 次操作

2021-06-30 17:54:13 开始操作号码 【1665653】
2021-06-30 17:54:17 GSD getOne 第 1 次 等待 1 秒
2021-06-30 17:54:18 查询号码 【1665653】，返回信息 {"status":"bad","msg":""}
2021-06-30 17:54:18 查询号码 【1665653】，GSD为【""】
2021-06-30 17:54:18 bad
2021-06-30 17:54:21 CHB 1665653?1625046858 第 1 次 等待 1 秒
2021-06-30 17:54:22 CHB 1665653?1625046858 第 1 次 获取到号码【1665653】GSD
2021-06-30 17:54:22 获取到号码【1665653】的GSD为【山西-临汾】
2021-06-30 17:54:25 GSD insert 第 1 次 等待 1 秒
2021-06-30 17:54:27 {"status":"ok","msg":"添加成功！162251"}
2021-06-30 17:54:27 下次操作: 2021-06-30 17:54:37

2021-06-30 17:54:37 开始第 15 次操作

2021-06-30 17:54:37 开始操作号码 【1665654】
2021-06-30 17:54:40 GSD getOne 第 1 次 等待 1 秒
2021-06-30 17:54:41 查询号码 【1665654】，返回信息 {"status":"bad","msg":""}
2021-06-30 17:54:42 查询号码 【1665654】，GSD为【""】
2021-06-30 17:54:42 bad
2021-06-30 17:54:43 CHB 1665654?1625046882 第 1 次 等待 1 秒
2021-06-30 17:54:44 CHB 1665654?1625046882 第 1 次 获取到号码【1665654】GSD
2021-06-30 17:54:44 获取到号码【1665654】的GSD为【山西-临汾】
2021-06-30 17:54:48 GSD insert 第 1 次 等待 1 秒
2021-06-30 17:54:49 {"status":"ok","msg":"添加成功！162252"}
2021-06-30 17:54:49 下次操作: 2021-06-30 17:55:05

2021-06-30 17:55:05 开始第 16 次操作

2021-06-30 17:55:05 开始操作号码 【1665655】
2021-06-30 17:55:08 GSD getOne 第 1 次 等待 1 秒
2021-06-30 17:55:09 查询号码 【1665655】，返回信息 {"status":"bad","msg":""}
2021-06-30 17:55:09 查询号码 【1665655】，GSD为【""】
2021-06-30 17:55:09 bad
2021-06-30 17:55:11 CHB 1665655?1625046909 第 1 次 等待 1 秒
2021-06-30 17:55:12 CHB 1665655?1625046909 第 1 次 获取到号码【1665655】GSD
2021-06-30 17:55:12 获取到号码【1665655】的GSD为【山西-临汾】
2021-06-30 17:55:15 GSD insert 第 1 次 等待 1 秒
2021-06-30 17:55:17 {"status":"ok","msg":"添加成功！162254"}
2021-06-30 17:55:17 下次操作: 2021-06-30 17:55:34

2021-06-30 17:55:34 开始第 17 次操作

2021-06-30 17:55:34 开始操作号码 【1665656】
2021-06-30 17:55:37 GSD getOne 第 1 次 等待 1 秒
2021-06-30 17:55:38 查询号码 【1665656】，返回信息 {"status":"bad","msg":""}
2021-06-30 17:55:38 查询号码 【1665656】，GSD为【""】
2021-06-30 17:55:38 bad
2021-06-30 17:55:40 CHB 1665656?1625046938 第 1 次 等待 1 秒
2021-06-30 17:55:41 CHB 1665656?1625046938 第 1 次 获取到号码【1665656】GSD
2021-06-30 17:55:41 获取到号码【1665656】的GSD为【山西-临汾】
2021-06-30 17:55:45 GSD insert 第 1 次 等待 1 秒
2021-06-30 17:55:46 {"status":"ok","msg":"添加成功！162256"}
2021-06-30 17:55:46 下次操作: 2021-06-30 17:55:52

2021-06-30 17:55:52 开始第 18 次操作

2021-06-30 17:55:52 开始操作号码 【1665657】
2021-06-30 17:55:55 GSD getOne 第 1 次 等待 1 秒
2021-06-30 17:55:56 查询号码 【1665657】，返回信息 {"status":"bad","msg":""}
2021-06-30 17:55:56 查询号码 【1665657】，GSD为【""】
2021-06-30 17:55:56 bad
2021-06-30 17:55:58 CHB 1665657?1625046956 第 1 次 等待 1 秒
2021-06-30 17:55:59 CHB 1665657?1625046956 第 1 次 获取到号码【1665657】GSD
2021-06-30 17:55:59 获取到号码【1665657】的GSD为【山西-临汾】
2021-06-30 17:56:02 GSD insert 第 1 次 等待 1 秒
2021-06-30 17:56:03 {"status":"ok","msg":"添加成功！162257"}
2021-06-30 17:56:03 下次操作: 2021-06-30 17:56:18

2021-06-30 17:56:18 开始第 19 次操作

2021-06-30 17:56:18 开始操作号码 【1665658】
2021-06-30 17:56:25 GSD getOne 第 1 次 等待 1 秒
2021-06-30 17:56:26 查询号码 【1665658】，返回信息 {"status":"bad","msg":""}
2021-06-30 17:56:26 查询号码 【1665658】，GSD为【""】
2021-06-30 17:56:26 bad
2021-06-30 17:56:28 CHB 1665658?1625046986 第 1 次 等待 1 秒
2021-06-30 17:56:29 CHB 1665658?1625046986 第 1 次 获取到号码【1665658】GSD
2021-06-30 17:56:29 获取到号码【1665658】的GSD为【山西-临汾】
2021-06-30 17:56:33 GSD insert 第 1 次 等待 1 秒
2021-06-30 17:56:34 {"status":"ok","msg":"添加成功！162258"}
2021-06-30 17:56:34 下次操作: 2021-06-30 17:56:40

2021-06-30 17:56:40 开始第 20 次操作

2021-06-30 17:56:40 开始操作号码 【1665659】
2021-06-30 17:56:43 GSD getOne 第 1 次 等待 1 秒
2021-06-30 17:56:44 查询号码 【1665659】，返回信息 {"status":"bad","msg":""}
2021-06-30 17:56:44 查询号码 【1665659】，GSD为【""】
2021-06-30 17:56:44 bad
2021-06-30 17:56:46 CHB 1665659?1625047004 第 1 次 等待 1 秒
2021-06-30 17:56:47 CHB 1665659?1625047004 第 1 次 获取到号码【1665659】GSD
2021-06-30 17:56:47 获取到号码【1665659】的GSD为【山西-临汾】
2021-06-30 17:56:52 GSD insert 第 1 次 等待 1 秒
2021-06-30 17:56:53 {"status":"ok","msg":"添加成功！162259"}
2021-06-30 17:56:53 下次操作: 2021-06-30 17:57:07

2021-06-30 17:57:07 开始第 21 次操作

2021-06-30 17:57:07 开始操作号码 【1665660】
2021-06-30 17:57:12 GSD getOne 第 1 次 等待 1 秒
2021-06-30 17:57:13 查询号码 【1665660】，返回信息 {"status":"bad","msg":""}
2021-06-30 17:57:13 查询号码 【1665660】，GSD为【""】
2021-06-30 17:57:13 bad
2021-06-30 17:57:16 CHB 1665660?1625047033 第 1 次 等待 1 秒
2021-06-30 17:57:17 CHB 1665660?1625047033 第 1 次 获取到号码【1665660】GSD
2021-06-30 17:57:17 获取到号码【1665660】的GSD为【山西-太原】
2021-06-30 17:57:23 GSD insert 第 1 次 等待 1 秒
2021-06-30 17:57:24 {"status":"ok","msg":"添加成功！162260"}
2021-06-30 17:57:24 下次操作: 2021-06-30 17:57:40

2021-06-30 17:57:40 开始第 22 次操作

2021-06-30 17:57:40 开始操作号码 【1665661】
2021-06-30 17:57:44 GSD getOne 第 1 次 等待 1 秒
2021-06-30 17:57:45 查询号码 【1665661】，返回信息 {"status":"bad","msg":""}
2021-06-30 17:57:45 查询号码 【1665661】，GSD为【""】
2021-06-30 17:57:45 bad
2021-06-30 17:57:49 CHB 1665661?1625047065 第 1 次 等待 1 秒
2021-06-30 17:57:50 CHB 1665661?1625047065 第 1 次 获取到号码【1665661】GSD
2021-06-30 17:57:50 获取到号码【1665661】的GSD为【山西-太原】
2021-06-30 17:57:56 GSD insert 第 1 次 等待 1 秒
2021-06-30 17:57:57 {"status":"ok","msg":"添加成功！162262"}
2021-06-30 17:57:57 下次操作: 2021-06-30 17:58:14

2021-06-30 17:58:14 开始第 23 次操作

2021-06-30 17:58:14 开始操作号码 【1665662】
2021-06-30 17:58:18 GSD getOne 第 1 次 等待 1 秒
2021-06-30 17:58:19 查询号码 【1665662】，返回信息 {"status":"bad","msg":""}
2021-06-30 17:58:19 查询号码 【1665662】，GSD为【""】
2021-06-30 17:58:19 bad
2021-06-30 17:58:21 CHB 1665662?1625047099 第 1 次 等待 1 秒
2021-06-30 17:58:22 CHB 1665662?1625047099 第 1 次 获取到号码【1665662】GSD
2021-06-30 17:58:22 获取到号码【1665662】的GSD为【山西-太原】
2021-06-30 17:58:26 GSD insert 第 1 次 等待 1 秒
2021-06-30 17:58:27 {"status":"ok","msg":"添加成功！162263"}
2021-06-30 17:58:27 下次操作: 2021-06-30 17:58:35

2021-06-30 17:58:35 开始第 24 次操作

2021-06-30 17:58:35 开始操作号码 【1665663】
2021-06-30 17:58:42 GSD getOne 第 1 次 等待 1 秒
2021-06-30 17:58:43 查询号码 【1665663】，返回信息 {"status":"bad","msg":""}
2021-06-30 17:58:43 查询号码 【1665663】，GSD为【""】
2021-06-30 17:58:43 bad
2021-06-30 17:58:47 CHB 1665663?1625047123 第 1 次 等待 1 秒
2021-06-30 17:58:48 CHB 1665663?1625047123 第 1 次 获取到号码【1665663】GSD
2021-06-30 17:58:48 获取到号码【1665663】的GSD为【山西-太原】
2021-06-30 17:58:53 GSD insert 第 1 次 等待 1 秒
2021-06-30 17:58:54 {"status":"ok","msg":"添加成功！162267"}
2021-06-30 17:58:54 下次操作: 2021-06-30 17:59:01

2021-06-30 17:59:01 开始第 25 次操作

2021-06-30 17:59:01 开始操作号码 【1665664】
2021-06-30 17:59:05 GSD getOne 第 1 次 等待 1 秒
2021-06-30 17:59:06 查询号码 【1665664】，返回信息 {"status":"bad","msg":""}
2021-06-30 17:59:06 查询号码 【1665664】，GSD为【""】
2021-06-30 17:59:06 bad
2021-06-30 17:59:07 CHB 1665664?1625047146 第 1 次 等待 1 秒
2021-06-30 17:59:08 CHB 1665664?1625047146 第 1 次 获取到号码【1665664】GSD
2021-06-30 17:59:08 获取到号码【1665664】的GSD为【山西-太原】
2021-06-30 17:59:12 GSD insert 第 1 次 等待 1 秒
2021-06-30 17:59:13 {"status":"ok","msg":"添加成功！162268"}
2021-06-30 17:59:13 下次操作: 2021-06-30 17:59:19

2021-06-30 17:59:19 开始第 26 次操作

2021-06-30 17:59:19 开始操作号码 【1665665】
2021-06-30 17:59:23 GSD getOne 第 1 次 等待 1 秒
2021-06-30 17:59:24 查询号码 【1665665】，返回信息 {"status":"bad","msg":""}
2021-06-30 17:59:24 查询号码 【1665665】，GSD为【""】
2021-06-30 17:59:24 bad
2021-06-30 17:59:25 CHB 1665665?1625047164 第 1 次 等待 1 秒
2021-06-30 17:59:26 CHB 1665665?1625047164 第 1 次 获取到号码【1665665】GSD
2021-06-30 17:59:26 获取到号码【1665665】的GSD为【山西-太原】
2021-06-30 17:59:30 GSD insert 第 1 次 等待 1 秒
2021-06-30 17:59:31 {"status":"ok","msg":"添加成功！162270"}
2021-06-30 17:59:31 下次操作: 2021-06-30 17:59:49

2021-06-30 17:59:49 开始第 27 次操作

2021-06-30 17:59:49 开始操作号码 【1665666】
2021-06-30 17:59:53 GSD getOne 第 1 次 等待 1 秒
2021-06-30 17:59:54 查询号码 【1665666】，返回信息 {"status":"bad","msg":""}
2021-06-30 17:59:54 查询号码 【1665666】，GSD为【""】
2021-06-30 17:59:54 bad
2021-06-30 17:59:55 CHB 1665666?1625047194 第 1 次 等待 1 秒
2021-06-30 17:59:56 CHB 1665666?1625047194 第 1 次 获取到号码【1665666】GSD
2021-06-30 17:59:56 获取到号码【1665666】的GSD为【山西-太原】
2021-06-30 18:00:00 GSD insert 第 1 次 等待 1 秒
2021-06-30 18:00:01 {"status":"ok","msg":"添加成功！162272"}
2021-06-30 18:00:01 下次操作: 2021-06-30 18:00:15

2021-06-30 18:00:15 开始第 28 次操作

2021-06-30 18:00:15 开始操作号码 【1665667】
2021-06-30 18:00:20 GSD getOne 第 1 次 等待 1 秒
2021-06-30 18:00:21 查询号码 【1665667】，返回信息 {"status":"bad","msg":""}
2021-06-30 18:00:21 查询号码 【1665667】，GSD为【""】
2021-06-30 18:00:21 bad
2021-06-30 18:00:22 CHB 1665667?1625047221 第 1 次 等待 1 秒
2021-06-30 18:00:23 CHB 1665667?1625047221 第 1 次 获取到号码【1665667】GSD
2021-06-30 18:00:23 获取到号码【1665667】的GSD为【山西-太原】
2021-06-30 18:00:27 GSD insert 第 1 次 等待 1 秒
2021-06-30 18:00:28 {"status":"ok","msg":"添加成功！162274"}
2021-06-30 18:00:28 下次操作: 2021-06-30 18:00:37

2021-06-30 18:00:37 开始第 29 次操作

2021-06-30 18:00:37 开始操作号码 【1665668】
2021-06-30 18:00:43 GSD getOne 第 1 次 等待 1 秒
2021-06-30 18:00:44 查询号码 【1665668】，返回信息 {"status":"bad","msg":""}
2021-06-30 18:00:44 查询号码 【1665668】，GSD为【""】
2021-06-30 18:00:44 bad
2021-06-30 18:00:45 CHB 1665668?1625047244 第 1 次 等待 1 秒
2021-06-30 18:00:46 CHB 1665668?1625047244 第 1 次 获取到号码【1665668】GSD
2021-06-30 18:00:46 获取到号码【1665668】的GSD为【山西-太原】
2021-06-30 18:00:50 GSD insert 第 1 次 等待 1 秒
2021-06-30 18:00:51 {"status":"ok","msg":"添加成功！162275"}
2021-06-30 18:00:51 下次操作: 2021-06-30 18:01:05

2021-06-30 18:01:05 开始第 30 次操作

2021-06-30 18:01:05 开始操作号码 【1665669】
2021-06-30 18:01:11 GSD getOne 第 1 次 等待 1 秒
2021-06-30 18:01:12 查询号码 【1665669】，返回信息 {"status":"bad","msg":""}
2021-06-30 18:01:12 查询号码 【1665669】，GSD为【""】
2021-06-30 18:01:12 bad
2021-06-30 18:01:13 CHB 1665669?1625047272 第 1 次 等待 1 秒
2021-06-30 18:01:14 CHB 1665669?1625047272 第 1 次 获取到号码【1665669】GSD
2021-06-30 18:01:14 获取到号码【1665669】的GSD为【山西-太原】
2021-06-30 18:01:18 GSD insert 第 1 次 等待 1 秒
2021-06-30 18:01:19 {"status":"ok","msg":"添加成功！162277"}

