2024-08-31 00:14:35 开始第 2085 次操作

2024-08-31 00:14:35 开始操作号码 【1372084】
2024-08-31 00:14:44 GSD getOne 第 1 次 等待 3 秒
2024-08-31 00:14:47 查询号码 【1372084】，返回信息 {"status":"ok","msg":"福建-泉州","gid":"9676","time_insert":"2018-02-13 00:16","time_update":"2020-10-14 12:48"}
2024-08-31 00:14:47 查询号码 【1372084】，GSD为【"福建-泉州"】

2024-08-31 00:14:48 开始第 2086 次操作

2024-08-31 00:14:48 开始操作号码 【1372085】
2024-08-31 00:15:08 GSD getOne 第 1 次 等待 3 秒
2024-08-31 00:15:11 查询号码 【1372085】，返回信息 {"status":"ok","msg":"福建-泉州","gid":"9677","time_insert":"2015-12-18 22:40","time_update":"2020-09-06 02:36"}
2024-08-31 00:15:11 查询号码 【1372085】，GSD为【"福建-泉州"】

2024-08-31 00:15:12 开始第 2087 次操作

2024-08-31 00:15:12 开始操作号码 【1372086】
2024-08-31 00:15:25 GSD getOne 第 1 次 等待 3 秒
2024-08-31 00:15:28 查询号码 【1372086】，返回信息 {"status":"ok","msg":"福建-泉州","gid":"90852","time_insert":"2021-06-11 07:44"}
2024-08-31 00:15:28 查询号码 【1372086】，GSD为【"福建-泉州"】

2024-08-31 00:15:29 开始第 2088 次操作

2024-08-31 00:15:29 开始操作号码 【1372087】
2024-08-31 00:15:37 GSD getOne 第 1 次 等待 3 秒
2024-08-31 00:15:40 查询号码 【1372087】，返回信息 {"status":"ok","msg":"福建-厦门","gid":"90875","time_insert":"2021-06-11 08:07"}
2024-08-31 00:15:40 查询号码 【1372087】，GSD为【"福建-厦门"】

