2021-07-07 00:00:08 开始第 21 次操作

2021-07-07 00:00:08 开始操作号码 【1669894】
2021-07-07 00:00:19 GSD getOne 第 1 次 等待 1 秒
2021-07-07 00:00:20 查询号码 【1669894】，返回信息 {"status":"bad","msg":""}
2021-07-07 00:00:20 查询号码 【1669894】，GSD为【""】
2021-07-07 00:00:20 bad
2021-07-07 00:00:22 CHB 1669894?1625587220 第 1 次 等待 1 秒
2021-07-07 00:00:23 CHB 1669894?1625587220 第 1 次 获取到号码【1669894】GSD
2021-07-07 00:00:23 获取到号码【1669894】的GSD为【新疆-克孜勒苏】
2021-07-07 00:00:43 GSD insert 第 1 次 等待 1 秒
2021-07-07 00:00:44 {"status":"ok","msg":"添加成功！209998"}
2021-07-07 00:00:44 下次操作: 2021-07-07 00:00:52

2021-07-07 00:00:52 开始第 22 次操作

2021-07-07 00:00:52 开始操作号码 【1669895】
2021-07-07 00:01:05 GSD getOne 第 1 次 等待 1 秒
2021-07-07 00:01:06 查询号码 【1669895】，返回信息 {"status":"bad","msg":""}
2021-07-07 00:01:06 查询号码 【1669895】，GSD为【""】
2021-07-07 00:01:06 bad
2021-07-07 00:01:08 CHB 1669895?1625587266 第 1 次 等待 1 秒
2021-07-07 00:01:09 CHB 1669895?1625587266 第 1 次 获取到号码【1669895】GSD
2021-07-07 00:01:09 获取到号码【1669895】的GSD为【新疆-克孜勒苏】
2021-07-07 00:01:32 GSD insert 第 1 次 等待 1 秒
2021-07-07 00:01:33 {"status":"ok","msg":"添加成功！210007"}
2021-07-07 00:01:33 下次操作: 2021-07-07 00:01:48

2021-07-07 00:01:48 开始第 23 次操作

2021-07-07 00:01:48 开始操作号码 【1669896】
2021-07-07 00:01:52 GSD getOne 第 1 次 等待 1 秒
2021-07-07 00:01:53 查询号码 【1669896】，返回信息 {"status":"bad","msg":""}
2021-07-07 00:01:53 查询号码 【1669896】，GSD为【""】
2021-07-07 00:01:53 bad
2021-07-07 00:01:55 CHB 1669896?1625587313 第 1 次 等待 1 秒
2021-07-07 00:01:56 CHB 1669896?1625587313 第 1 次 获取到号码【1669896】GSD
2021-07-07 00:01:56 获取到号码【1669896】的GSD为【新疆-阿勒泰】
2021-07-07 00:02:20 GSD insert 第 1 次 等待 1 秒
2021-07-07 00:02:21 {"status":"ok","msg":"添加成功！210015"}
2021-07-07 00:02:21 下次操作: 2021-07-07 00:02:39

2021-07-07 00:02:39 开始第 24 次操作

2021-07-07 00:02:39 开始操作号码 【1669897】
2021-07-07 00:02:44 GSD getOne 第 1 次 等待 1 秒
2021-07-07 00:02:45 查询号码 【1669897】，返回信息 {"status":"bad","msg":""}
2021-07-07 00:02:45 查询号码 【1669897】，GSD为【""】
2021-07-07 00:02:45 bad
2021-07-07 00:02:47 CHB 1669897?1625587365 第 1 次 等待 1 秒
2021-07-07 00:02:48 CHB 1669897?1625587365 第 1 次 获取到号码【1669897】GSD
2021-07-07 00:02:48 获取到号码【1669897】的GSD为【新疆-博乐】
2021-07-07 00:03:08 GSD insert 第 1 次 等待 1 秒
2021-07-07 00:03:09 {"status":"ok","msg":"添加成功！210020"}
2021-07-07 00:03:09 下次操作: 2021-07-07 00:03:23

2021-07-07 00:03:23 开始第 25 次操作

2021-07-07 00:03:23 开始操作号码 【1669898】
2021-07-07 00:03:27 GSD getOne 第 1 次 等待 1 秒
2021-07-07 00:03:28 查询号码 【1669898】，返回信息 {"status":"bad","msg":""}
2021-07-07 00:03:29 查询号码 【1669898】，GSD为【""】
2021-07-07 00:03:29 bad
2021-07-07 00:03:30 CHB 1669898?1625587409 第 1 次 等待 1 秒
2021-07-07 00:03:31 CHB 1669898?1625587409 第 1 次 获取到号码【1669898】GSD
2021-07-07 00:03:31 获取到号码【1669898】的GSD为【新疆-和田】
2021-07-07 00:03:59 GSD insert 第 1 次 等待 1 秒
2021-07-07 00:04:00 {"status":"ok","msg":"添加成功！210028"}
2021-07-07 00:04:00 下次操作: 2021-07-07 00:04:06

2021-07-07 00:04:06 开始第 26 次操作

2021-07-07 00:04:06 开始操作号码 【1669899】
2021-07-07 00:04:25 GSD getOne 第 1 次 等待 1 秒
2021-07-07 00:04:26 查询号码 【1669899】，返回信息 {"status":"bad","msg":""}
2021-07-07 00:04:26 查询号码 【1669899】，GSD为【""】
2021-07-07 00:04:26 bad
2021-07-07 00:04:28 CHB 1669899?1625587466 第 1 次 等待 1 秒
2021-07-07 00:04:29 CHB 1669899?1625587466 第 1 次 获取到号码【1669899】GSD
2021-07-07 00:04:29 获取到号码【1669899】的GSD为【新疆-喀什】
2021-07-07 00:04:48 GSD insert 第 1 次 等待 1 秒
2021-07-07 00:04:49 {"status":"ok","msg":"添加成功！210037"}
2021-07-07 00:04:49 下次操作: 2021-07-07 00:04:58

2021-07-07 00:04:58 开始第 27 次操作

2021-07-07 00:04:58 开始操作号码 【1669900】
2021-07-07 00:05:13 GSD getOne 第 1 次 等待 1 秒
2021-07-07 00:05:14 查询号码 【1669900】，返回信息 {"status":"bad","msg":""}
2021-07-07 00:05:14 查询号码 【1669900】，GSD为【""】
2021-07-07 00:05:14 bad
2021-07-07 00:05:15 CHB 1669900?1625587514 第 1 次 等待 1 秒
2021-07-07 00:05:16 CHB 1669900?1625587514 第 1 次 获取到号码【1669900】GSD
2021-07-07 00:05:16 获取到号码【1669900】的GSD为【新疆-乌鲁木齐】
2021-07-07 00:05:36 GSD insert 第 1 次 等待 1 秒
2021-07-07 00:05:37 {"status":"ok","msg":"添加成功！210045"}
2021-07-07 00:05:37 下次操作: 2021-07-07 00:05:44

2021-07-07 00:05:44 开始第 28 次操作

2021-07-07 00:05:44 开始操作号码 【1669901】
2021-07-07 00:06:03 GSD getOne 第 1 次 等待 1 秒
2021-07-07 00:06:04 查询号码 【1669901】，返回信息 {"status":"bad","msg":""}
2021-07-07 00:06:04 查询号码 【1669901】，GSD为【""】
2021-07-07 00:06:04 bad
2021-07-07 00:06:05 CHB 1669901?1625587564 第 1 次 等待 1 秒
2021-07-07 00:06:06 CHB 1669901?1625587564 第 1 次 获取到号码【1669901】GSD
2021-07-07 00:06:06 获取到号码【1669901】的GSD为【新疆-乌鲁木齐】
2021-07-07 00:06:28 GSD insert 第 1 次 等待 1 秒
2021-07-07 00:06:29 {"status":"ok","msg":"添加成功！210057"}
2021-07-07 00:06:29 下次操作: 2021-07-07 00:06:35

2021-07-07 00:06:35 开始第 29 次操作

2021-07-07 00:06:35 开始操作号码 【1669902】
2021-07-07 00:06:54 GSD getOne 第 1 次 等待 1 秒
2021-07-07 00:06:55 查询号码 【1669902】，返回信息 {"status":"bad","msg":""}
2021-07-07 00:06:55 查询号码 【1669902】，GSD为【""】
2021-07-07 00:06:55 bad
2021-07-07 00:07:01 CHB 1669902?1625587615 第 1 次 等待 1 秒
2021-07-07 00:07:02 CHB 1669902?1625587615 第 1 次 获取到号码【1669902】GSD
2021-07-07 00:07:02 获取到号码【1669902】的GSD为【新疆-哈密】
2021-07-07 00:07:21 GSD insert 第 1 次 等待 1 秒
2021-07-07 00:07:22 {"status":"ok","msg":"添加成功！210064"}
2021-07-07 00:07:22 下次操作: 2021-07-07 00:07:32

2021-07-07 00:07:32 开始第 30 次操作

2021-07-07 00:07:32 开始操作号码 【1669903】
2021-07-07 00:07:43 GSD getOne 第 1 次 等待 1 秒
2021-07-07 00:07:44 查询号码 【1669903】，返回信息 {"status":"bad","msg":""}
2021-07-07 00:07:44 查询号码 【1669903】，GSD为【""】
2021-07-07 00:07:44 bad
2021-07-07 00:07:46 CHB 1669903?1625587664 第 1 次 等待 1 秒
2021-07-07 00:07:47 CHB 1669903?1625587664 第 1 次 获取到号码【1669903】GSD
2021-07-07 00:07:47 获取到号码【1669903】的GSD为【新疆-和田】
2021-07-07 00:08:06 GSD insert 第 1 次 等待 1 秒
2021-07-07 00:08:07 {"status":"ok","msg":"添加成功！210071"}

