2024-05-09 00:18:31 开始第 7953 次操作

2024-05-09 00:18:31 开始操作号码 【1597856】
2024-05-09 00:18:38 GSD getOne 第 1 次 等待 3 秒
2024-05-09 00:18:41 查询号码 【1597856】，返回信息 {"status":"ok","msg":"河南-信阳","gid":"118952","time_insert":"2021-06-23 18:05"}
2024-05-09 00:18:41 查询号码 【1597856】，GSD为【"河南-信阳"】

2024-05-09 00:18:42 开始第 7954 次操作

2024-05-09 00:18:42 开始操作号码 【1597857】
2024-05-09 00:18:51 GSD getOne 第 1 次 等待 3 秒
2024-05-09 00:18:54 查询号码 【1597857】，返回信息 {"status":"ok","msg":"河南-信阳","gid":"55034","time_insert":"2020-08-20 09:40"}
2024-05-09 00:18:54 查询号码 【1597857】，GSD为【"河南-信阳"】

2024-05-09 00:18:55 开始第 7955 次操作

2024-05-09 00:18:55 开始操作号码 【1597858】
2024-05-09 00:19:04 GSD getOne 第 1 次 等待 3 秒
2024-05-09 00:19:07 查询号码 【1597858】，返回信息 {"status":"ok","msg":"河南-信阳","gid":"118942","time_insert":"2021-06-23 18:04"}
2024-05-09 00:19:07 查询号码 【1597858】，GSD为【"河南-信阳"】

2024-05-09 00:19:08 开始第 7956 次操作

2024-05-09 00:19:08 开始操作号码 【1597859】
2024-05-09 00:19:20 GSD getOne 第 1 次 等待 3 秒
2024-05-09 00:19:23 查询号码 【1597859】，返回信息 {"status":"ok","msg":"河南-信阳","gid":"118938","time_insert":"2021-06-23 18:03"}
2024-05-09 00:19:23 查询号码 【1597859】，GSD为【"河南-信阳"】

