2024-07-25 00:19:20 开始第 7885 次操作

2024-07-25 00:19:20 开始操作号码 【1487786】
2024-07-25 00:19:28 GSD getOne 第 1 次 等待 3 秒
2024-07-25 00:19:31 查询号码 【1487786】，返回信息 {"status":"ok","msg":"河北-石家庄","gid":"321683","time_insert":"2021-07-19 02:54","time_update":"2023-05-26 05:41"}
2024-07-25 00:19:31 查询号码 【1487786】，GSD为【"河北-石家庄"】

2024-07-25 00:19:32 开始第 7886 次操作

2024-07-25 00:19:32 开始操作号码 【1487787】
2024-07-25 00:19:41 GSD getOne 第 1 次 等待 3 秒
2024-07-25 00:19:44 查询号码 【1487787】，返回信息 {"status":"ok","msg":"河北-石家庄","gid":"321726","time_insert":"2021-07-19 02:59","time_update":"2023-05-26 05:25"}
2024-07-25 00:19:44 查询号码 【1487787】，GSD为【"河北-石家庄"】

2024-07-25 00:19:45 开始第 7887 次操作

2024-07-25 00:19:45 开始操作号码 【1487788】
2024-07-25 00:19:54 GSD getOne 第 1 次 等待 3 秒
2024-07-25 00:19:57 查询号码 【1487788】，返回信息 {"status":"ok","msg":"河北-石家庄","gid":"321765","time_insert":"2021-07-19 03:03","time_update":"2023-05-26 05:09"}
2024-07-25 00:19:57 查询号码 【1487788】，GSD为【"河北-石家庄"】

2024-07-25 00:19:58 开始第 7888 次操作

2024-07-25 00:19:58 开始操作号码 【1487789】
2024-07-25 00:20:07 GSD getOne 第 1 次 等待 3 秒
2024-07-25 00:20:10 查询号码 【1487789】，返回信息 {"status":"ok","msg":"河北-石家庄","gid":"321803","time_insert":"2021-07-19 03:06","time_update":"2023-05-26 04:57"}
2024-07-25 00:20:10 查询号码 【1487789】，GSD为【"河北-石家庄"】

