2024-10-09 00:16:11 开始第 8985 次操作

2024-10-09 00:16:11 开始操作号码 【1378984】
2024-10-09 00:16:15 GSD getOne 第 1 次 等待 3 秒
2024-10-09 00:16:18 查询号码 【1378984】，返回信息 {"status":"ok","msg":"山东-青岛","gid":"347127","time_insert":"2021-07-21 15:49"}
2024-10-09 00:16:18 查询号码 【1378984】，GSD为【"山东-青岛"】

2024-10-09 00:16:19 开始第 8986 次操作

2024-10-09 00:16:19 开始操作号码 【1378985】
2024-10-09 00:16:20 GSD getOne 第 1 次 等待 3 秒
2024-10-09 00:16:23 查询号码 【1378985】，返回信息 {"status":"ok","msg":"山东-青岛","gid":"10723","time_insert":"2018-06-21 16:54","time_update":"2020-09-10 18:02"}
2024-10-09 00:16:23 查询号码 【1378985】，GSD为【"山东-青岛"】

2024-10-09 00:16:24 开始第 8987 次操作

2024-10-09 00:16:24 开始操作号码 【1378986】
2024-10-09 00:16:27 GSD getOne 第 1 次 等待 3 秒
2024-10-09 00:16:30 查询号码 【1378986】，返回信息 {"status":"ok","msg":"山东-青岛","gid":"347121","time_insert":"2021-07-21 15:48"}
2024-10-09 00:16:30 查询号码 【1378986】，GSD为【"山东-青岛"】

2024-10-09 00:16:31 开始第 8988 次操作

2024-10-09 00:16:31 开始操作号码 【1378987】
2024-10-09 00:16:33 GSD getOne 第 1 次 等待 3 秒
2024-10-09 00:16:36 查询号码 【1378987】，返回信息 {"status":"ok","msg":"山东-青岛","gid":"347118","time_insert":"2021-07-21 15:48"}
2024-10-09 00:16:36 查询号码 【1378987】，GSD为【"山东-青岛"】

2024-10-09 00:43:31 开始第 8989 次操作

2024-10-09 00:43:31 开始操作号码 【1378988】
2024-10-09 00:43:49 GSD getOne 第 1 次 等待 3 秒
2024-10-09 00:43:52 查询号码 【1378988】，返回信息 {"status":"ok","msg":"山东-青岛","gid":"347115","time_insert":"2021-07-21 15:47"}
2024-10-09 00:43:52 查询号码 【1378988】，GSD为【"山东-青岛"】

2024-10-09 00:43:53 开始第 8990 次操作

2024-10-09 00:43:53 开始操作号码 【1378989】
2024-10-09 00:43:58 GSD getOne 第 1 次 等待 3 秒
2024-10-09 00:44:01 查询号码 【1378989】，返回信息 {"status":"ok","msg":"山东-淄博","gid":"347108","time_insert":"2021-07-21 15:47"}
2024-10-09 00:44:01 查询号码 【1378989】，GSD为【"山东-淄博"】

2024-10-09 00:44:02 开始第 8991 次操作

2024-10-09 00:44:02 开始操作号码 【1378990】
2024-10-09 00:44:03 GSD getOne 第 1 次 等待 3 秒
2024-10-09 00:44:06 查询号码 【1378990】，返回信息 {"status":"ok","msg":"湖北-恩施","gid":"347103","time_insert":"2021-07-21 15:46"}
2024-10-09 00:44:06 查询号码 【1378990】，GSD为【"湖北-恩施"】

2024-10-09 00:44:07 开始第 8992 次操作

2024-10-09 00:44:07 开始操作号码 【1378991】
2024-10-09 00:44:09 GSD getOne 第 1 次 等待 3 秒
2024-10-09 00:44:12 查询号码 【1378991】，返回信息 {"status":"ok","msg":"湖北-武汉","gid":"10724","time_insert":"2017-04-19 11:23","time_update":"2020-09-15 18:49"}
2024-10-09 00:44:12 查询号码 【1378991】，GSD为【"湖北-武汉"】

