2023-10-16 00:15:38 开始第 3369 次操作

2023-10-16 00:15:38 开始操作号码 【1913335】
2023-10-16 00:17:55 GSD getOne 第 1 次 等待 3 秒
2023-10-16 00:17:58 查询号码 【1913335】，返回信息 
2023-10-16 00:17:58 查询失败，3 秒后重新查询
2023-10-16 00:18:01 查询号码 【1913335】，返回信息 
2023-10-16 00:18:01 查询失败，结束本次操作，期待下次成功~
2023-10-16 00:18:01 随机等待 114 秒，约 1 分钟
2023-10-16 00:18:01 下次操作: 2023-10-16 00:19:55

2023-10-16 00:19:55 开始第 3370 次操作

2023-10-16 00:19:55 开始操作号码 【1913335】
2023-10-16 00:20:30 GSD getOne 第 1 次 等待 3 秒
2023-10-16 00:20:33 查询号码 【1913335】，返回信息 
2023-10-16 00:20:33 查询失败，3 秒后重新查询
2023-10-16 00:20:36 查询号码 【1913335】，返回信息 
2023-10-16 00:20:36 查询失败，结束本次操作，期待下次成功~
2023-10-16 00:20:36 随机等待 214 秒，约 3 分钟
2023-10-16 00:20:36 下次操作: 2023-10-16 00:24:10

2023-10-16 00:24:10 开始第 3371 次操作

2023-10-16 00:24:10 开始操作号码 【1913335】
2023-10-16 00:25:13 GSD getOne 第 1 次 等待 3 秒
2023-10-16 00:27:28 GSD getOne 第 2 次 等待 3 秒
2023-10-16 00:27:31 查询号码 【1913335】，返回信息 
2023-10-16 00:27:31 查询失败，3 秒后重新查询
2023-10-16 00:27:34 查询号码 【1913335】，返回信息 
2023-10-16 00:27:34 查询失败，结束本次操作，期待下次成功~
2023-10-16 00:27:34 随机等待 202 秒，约 3 分钟
2023-10-16 00:27:34 下次操作: 2023-10-16 00:30:56

2023-10-16 00:30:56 开始第 3372 次操作

2023-10-16 00:30:56 开始操作号码 【1913335】
2023-10-16 00:33:11 GSD getOne 第 1 次 等待 3 秒
2023-10-16 00:33:14 查询号码 【1913335】，返回信息 
2023-10-16 00:33:14 查询失败，3 秒后重新查询
2023-10-16 00:33:17 查询号码 【1913335】，返回信息 
2023-10-16 00:33:17 查询失败，结束本次操作，期待下次成功~

