2024-01-15 00:16:59 开始第 8837 次操作

2024-01-15 00:16:59 开始操作号码 【1818739】
2024-01-15 00:17:50 GSD getOne 第 1 次 等待 3 秒
2024-01-15 00:17:53 查询号码 【1818739】，返回信息 {"status":"ok","msg":"云南-楚雄","gid":"384323","time_insert":"2021-07-25 02:56"}
2024-01-15 00:17:53 查询号码 【1818739】，GSD为【"云南-楚雄"】

2024-01-15 00:17:54 开始第 8838 次操作

2024-01-15 00:17:54 开始操作号码 【1818740】
2024-01-15 00:17:58 GSD getOne 第 1 次 等待 3 秒
2024-01-15 00:18:01 查询号码 【1818740】，返回信息 {"status":"ok","msg":"云南-曲靖","gid":"384308","time_insert":"2021-07-25 02:55"}
2024-01-15 00:18:01 查询号码 【1818740】，GSD为【"云南-曲靖"】

2024-01-15 00:18:02 开始第 8839 次操作

2024-01-15 00:18:02 开始操作号码 【1818741】
2024-01-15 00:18:06 GSD getOne 第 1 次 等待 3 秒
2024-01-15 00:18:09 查询号码 【1818741】，返回信息 {"status":"ok","msg":"云南-曲靖","gid":"34321","time_insert":"2020-08-05 10:25","time_update":"2020-12-04 00:53"}
2024-01-15 00:18:09 查询号码 【1818741】，GSD为【"云南-曲靖"】

2024-01-15 00:18:10 开始第 8840 次操作

2024-01-15 00:18:10 开始操作号码 【1818742】
2024-01-15 00:18:21 GSD getOne 第 1 次 等待 3 秒
2024-01-15 00:18:24 查询号码 【1818742】，返回信息 {"status":"ok","msg":"云南-曲靖","gid":"34322","time_insert":"2018-01-24 17:12","time_update":"2020-12-04 00:57"}
2024-01-15 00:18:24 查询号码 【1818742】，GSD为【"云南-曲靖"】

2024-01-15 00:38:04 开始第 8841 次操作

2024-01-15 00:38:04 开始操作号码 【1818743】
2024-01-15 00:38:08 GSD getOne 第 1 次 等待 3 秒
2024-01-15 00:38:11 查询号码 【1818743】，返回信息 {"status":"ok","msg":"云南-曲靖","gid":"384284","time_insert":"2021-07-25 02:53"}
2024-01-15 00:38:11 查询号码 【1818743】，GSD为【"云南-曲靖"】

2024-01-15 00:38:12 开始第 8842 次操作

2024-01-15 00:38:12 开始操作号码 【1818744】
2024-01-15 00:38:16 GSD getOne 第 1 次 等待 3 秒
2024-01-15 00:38:19 查询号码 【1818744】，返回信息 {"status":"ok","msg":"云南-曲靖","gid":"34323","time_insert":"2018-11-19 13:17","time_update":"2020-12-04 01:02"}
2024-01-15 00:38:19 查询号码 【1818744】，GSD为【"云南-曲靖"】

2024-01-15 00:38:20 开始第 8843 次操作

2024-01-15 00:38:20 开始操作号码 【1818745】
2024-01-15 00:38:45 GSD getOne 第 1 次 等待 3 秒
2024-01-15 00:38:48 查询号码 【1818745】，返回信息 {"status":"ok","msg":"云南-曲靖","gid":"384265","time_insert":"2021-07-25 02:52"}
2024-01-15 00:38:48 查询号码 【1818745】，GSD为【"云南-曲靖"】

2024-01-15 00:38:49 开始第 8844 次操作

2024-01-15 00:38:49 开始操作号码 【1818746】
2024-01-15 00:38:52 GSD getOne 第 1 次 等待 3 秒
2024-01-15 00:38:55 查询号码 【1818746】，返回信息 {"status":"ok","msg":"云南-曲靖","gid":"384250","time_insert":"2021-07-25 02:51"}
2024-01-15 00:38:56 查询号码 【1818746】，GSD为【"云南-曲靖"】

