2023-10-20 00:18:06 开始第 4085 次操作

2023-10-20 00:18:06 开始操作号码 【1913987】
2023-10-20 00:18:15 GSD getOne 第 1 次 等待 3 秒
2023-10-20 00:18:18 查询号码 【1913987】，返回信息 {"status":"ok","msg":"河南-郑州","gid":"505468","time_insert":"2021-08-12 08:09"}
2023-10-20 00:18:18 查询号码 【1913987】，GSD为【"河南-郑州"】

2023-10-20 00:18:19 开始第 4086 次操作

2023-10-20 00:18:19 开始操作号码 【1913988】
2023-10-20 00:18:21 GSD getOne 第 1 次 等待 3 秒
2023-10-20 00:18:24 查询号码 【1913988】，返回信息 {"status":"ok","msg":"河南-郑州","gid":"505482","time_insert":"2021-08-12 08:21"}
2023-10-20 00:18:24 查询号码 【1913988】，GSD为【"河南-郑州"】

2023-10-20 00:18:25 开始第 4087 次操作

2023-10-20 00:18:25 开始操作号码 【1913989】
2023-10-20 00:18:30 GSD getOne 第 1 次 等待 3 秒
2023-10-20 00:18:33 查询号码 【1913989】，返回信息 {"status":"ok","msg":"河南-郑州","gid":"505495","time_insert":"2021-08-12 08:33"}
2023-10-20 00:18:33 查询号码 【1913989】，GSD为【"河南-郑州"】

2023-10-20 00:18:34 开始第 4088 次操作

2023-10-20 00:18:34 开始操作号码 【1913990】
2023-10-20 00:18:40 GSD getOne 第 1 次 等待 3 秒
2023-10-20 00:18:43 查询号码 【1913990】，返回信息 {"status":"ok","msg":"河南-郑州","gid":"505508","time_insert":"2021-08-12 08:41"}
2023-10-20 00:18:43 查询号码 【1913990】，GSD为【"河南-郑州"】

2023-10-20 00:37:53 开始第 4089 次操作

2023-10-20 00:37:53 开始操作号码 【1913991】
2023-10-20 00:37:56 GSD getOne 第 1 次 等待 3 秒
2023-10-20 00:37:59 查询号码 【1913991】，返回信息 {"status":"ok","msg":"河南-郑州","gid":"505525","time_insert":"2021-08-12 08:51"}
2023-10-20 00:37:59 查询号码 【1913991】，GSD为【"河南-郑州"】

2023-10-20 00:38:00 开始第 4090 次操作

2023-10-20 00:38:00 开始操作号码 【1913992】
2023-10-20 00:38:04 GSD getOne 第 1 次 等待 3 秒
2023-10-20 00:38:07 查询号码 【1913992】，返回信息 {"status":"ok","msg":"河南-郑州","gid":"505540","time_insert":"2021-08-12 09:01"}
2023-10-20 00:38:07 查询号码 【1913992】，GSD为【"河南-郑州"】

2023-10-20 00:38:08 开始第 4091 次操作

2023-10-20 00:38:08 开始操作号码 【1913993】
2023-10-20 00:38:14 GSD getOne 第 1 次 等待 3 秒
2023-10-20 00:38:17 查询号码 【1913993】，返回信息 {"status":"ok","msg":"河南-郑州","gid":"505559","time_insert":"2021-08-12 09:14"}
2023-10-20 00:38:17 查询号码 【1913993】，GSD为【"河南-郑州"】

2023-10-20 00:38:18 开始第 4092 次操作

2023-10-20 00:38:18 开始操作号码 【1913994】
2023-10-20 00:38:24 GSD getOne 第 1 次 等待 3 秒
2023-10-20 00:38:27 查询号码 【1913994】，返回信息 {"status":"ok","msg":"河南-郑州","gid":"505576","time_insert":"2021-08-12 09:25"}
2023-10-20 00:38:27 查询号码 【1913994】，GSD为【"河南-郑州"】

