2024-03-09 00:15:41 开始第 7933 次操作

2024-03-09 00:15:41 开始操作号码 【1707835】
2024-03-09 00:15:45 GSD getOne 第 1 次 等待 3 秒
2024-03-09 00:15:48 查询号码 【1707835】，返回信息 {"status":"ok","msg":"云南-大理","gid":"186785","time_insert":"2021-07-04 03:38"}
2024-03-09 00:15:48 查询号码 【1707835】，GSD为【"云南-大理"】

2024-03-09 00:15:49 开始第 7934 次操作

2024-03-09 00:15:49 开始操作号码 【1707836】
2024-03-09 00:15:55 GSD getOne 第 1 次 等待 3 秒
2024-03-09 00:15:58 查询号码 【1707836】，返回信息 {"status":"ok","msg":"云南-大理","gid":"186795","time_insert":"2021-07-04 03:39"}
2024-03-09 00:15:58 查询号码 【1707836】，GSD为【"云南-大理"】

2024-03-09 00:15:59 开始第 7935 次操作

2024-03-09 00:15:59 开始操作号码 【1707837】
2024-03-09 00:16:03 GSD getOne 第 1 次 等待 3 秒
2024-03-09 00:16:06 查询号码 【1707837】，返回信息 {"status":"ok","msg":"云南-大理","gid":"186806","time_insert":"2021-07-04 03:40"}
2024-03-09 00:16:06 查询号码 【1707837】，GSD为【"云南-大理"】

2024-03-09 00:16:07 开始第 7936 次操作

2024-03-09 00:16:07 开始操作号码 【1707838】
2024-03-09 00:16:12 GSD getOne 第 1 次 等待 3 秒
2024-03-09 00:16:15 查询号码 【1707838】，返回信息 {"status":"ok","msg":"云南-大理","gid":"186817","time_insert":"2021-07-04 03:40"}
2024-03-09 00:16:15 查询号码 【1707838】，GSD为【"云南-大理"】

2024-03-09 00:36:04 开始第 7937 次操作

2024-03-09 00:36:04 开始操作号码 【1707839】
2024-03-09 00:36:09 GSD getOne 第 1 次 等待 3 秒
2024-03-09 00:36:12 查询号码 【1707839】，返回信息 {"status":"ok","msg":"云南-大理","gid":"186827","time_insert":"2021-07-04 03:41"}
2024-03-09 00:36:12 查询号码 【1707839】，GSD为【"云南-大理"】

2024-03-09 00:36:13 开始第 7938 次操作

2024-03-09 00:36:13 开始操作号码 【1707840】
2024-03-09 00:36:17 GSD getOne 第 1 次 等待 3 秒
2024-03-09 00:36:20 查询号码 【1707840】，返回信息 {"status":"ok","msg":"云南-保山","gid":"186836","time_insert":"2021-07-04 03:42"}
2024-03-09 00:36:20 查询号码 【1707840】，GSD为【"云南-保山"】

2024-03-09 00:36:21 开始第 7939 次操作

2024-03-09 00:36:21 开始操作号码 【1707841】
2024-03-09 00:36:25 GSD getOne 第 1 次 等待 3 秒
2024-03-09 00:36:28 查询号码 【1707841】，返回信息 {"status":"ok","msg":"云南-保山","gid":"186845","time_insert":"2021-07-04 03:43"}
2024-03-09 00:36:28 查询号码 【1707841】，GSD为【"云南-保山"】

2024-03-09 00:36:29 开始第 7940 次操作

2024-03-09 00:36:29 开始操作号码 【1707842】
2024-03-09 00:36:34 GSD getOne 第 1 次 等待 3 秒
2024-03-09 00:36:37 查询号码 【1707842】，返回信息 {"status":"ok","msg":"云南-保山","gid":"186855","time_insert":"2021-07-04 03:43"}
2024-03-09 00:36:37 查询号码 【1707842】，GSD为【"云南-保山"】

