2024-08-23 00:14:48 开始第 649 次操作

2024-08-23 00:14:48 开始操作号码 【1370648】
2024-08-23 00:14:57 GSD getOne 第 1 次 等待 3 秒
2024-08-23 00:15:00 查询号码 【1370648】，返回信息 {"status":"ok","msg":"山东-青岛","gid":"65083","time_insert":"2021-05-22 22:48"}
2024-08-23 00:15:00 查询号码 【1370648】，GSD为【"山东-青岛"】

2024-08-23 00:15:01 开始第 650 次操作

2024-08-23 00:15:01 开始操作号码 【1370649】
2024-08-23 00:15:09 GSD getOne 第 1 次 等待 3 秒
2024-08-23 00:15:12 查询号码 【1370649】，返回信息 {"status":"ok","msg":"山东-威海","gid":"65099","time_insert":"2021-05-22 23:14"}
2024-08-23 00:15:12 查询号码 【1370649】，GSD为【"山东-威海"】

2024-08-23 00:15:13 开始第 651 次操作

2024-08-23 00:15:13 开始操作号码 【1370650】
2024-08-23 00:15:21 GSD getOne 第 1 次 等待 3 秒
2024-08-23 00:15:24 查询号码 【1370650】，返回信息 {"status":"ok","msg":"浙江-杭州","gid":"65109","time_insert":"2021-05-22 23:34"}
2024-08-23 00:15:24 查询号码 【1370650】，GSD为【"浙江-杭州"】

2024-08-23 00:15:25 开始第 652 次操作

2024-08-23 00:15:25 开始操作号码 【1370651】
2024-08-23 00:15:35 GSD getOne 第 1 次 等待 3 秒
2024-08-23 00:15:38 查询号码 【1370651】，返回信息 {"status":"ok","msg":"浙江-杭州","gid":"65120","time_insert":"2021-05-22 23:50"}
2024-08-23 00:15:38 查询号码 【1370651】，GSD为【"浙江-杭州"】

