2024-05-08 00:17:01 开始第 7769 次操作

2024-05-08 00:17:01 开始操作号码 【1597672】
2024-05-08 00:17:09 GSD getOne 第 1 次 等待 3 秒
2024-05-08 00:17:12 查询号码 【1597672】，返回信息 {"status":"ok","msg":"广东-河源","gid":"119889","time_insert":"2021-06-23 22:48"}
2024-05-08 00:17:12 查询号码 【1597672】，GSD为【"广东-河源"】

2024-05-08 00:17:13 开始第 7770 次操作

2024-05-08 00:17:13 开始操作号码 【1597673】
2024-05-08 00:17:21 GSD getOne 第 1 次 等待 3 秒
2024-05-08 00:17:24 查询号码 【1597673】，返回信息 {"status":"ok","msg":"广东-河源","gid":"119884","time_insert":"2021-06-23 22:47"}
2024-05-08 00:17:24 查询号码 【1597673】，GSD为【"广东-河源"】

2024-05-08 00:17:25 开始第 7771 次操作

2024-05-08 00:17:25 开始操作号码 【1597674】
2024-05-08 00:17:30 GSD getOne 第 1 次 等待 3 秒
2024-05-08 00:17:33 查询号码 【1597674】，返回信息 {"status":"ok","msg":"广东-河源","gid":"69852","time_insert":"2021-05-27 08:37","time_update":"2021-06-08 21:19"}
2024-05-08 00:17:33 查询号码 【1597674】，GSD为【"广东-河源"】

2024-05-08 00:17:34 开始第 7772 次操作

2024-05-08 00:17:34 开始操作号码 【1597675】
2024-05-08 00:17:40 GSD getOne 第 1 次 等待 3 秒
2024-05-08 00:17:43 查询号码 【1597675】，返回信息 {"status":"ok","msg":"广东-汕尾","gid":"119879","time_insert":"2021-06-23 22:47"}
2024-05-08 00:17:43 查询号码 【1597675】，GSD为【"广东-汕尾"】

2024-05-08 00:38:35 开始第 7773 次操作

2024-05-08 00:38:35 开始操作号码 【1597676】
2024-05-08 00:38:43 GSD getOne 第 1 次 等待 3 秒
2024-05-08 00:38:46 查询号码 【1597676】，返回信息 {"status":"ok","msg":"广东-汕尾","gid":"119876","time_insert":"2021-06-23 22:46"}
2024-05-08 00:38:46 查询号码 【1597676】，GSD为【"广东-汕尾"】

2024-05-08 00:38:47 开始第 7774 次操作

2024-05-08 00:38:47 开始操作号码 【1597677】
2024-05-08 00:39:02 GSD getOne 第 1 次 等待 3 秒
2024-05-08 00:39:05 查询号码 【1597677】，返回信息 {"status":"ok","msg":"广东-汕尾","gid":"27697","time_insert":"2017-10-20 16:44","time_update":"2021-01-13 18:46"}
2024-05-08 00:39:05 查询号码 【1597677】，GSD为【"广东-汕尾"】

2024-05-08 00:39:06 开始第 7775 次操作

2024-05-08 00:39:06 开始操作号码 【1597678】
2024-05-08 00:39:16 GSD getOne 第 1 次 等待 3 秒
2024-05-08 00:39:19 查询号码 【1597678】，返回信息 {"status":"ok","msg":"广东-汕尾","gid":"119871","time_insert":"2021-06-23 22:45"}
2024-05-08 00:39:19 查询号码 【1597678】，GSD为【"广东-汕尾"】

2024-05-08 00:39:20 开始第 7776 次操作

2024-05-08 00:39:20 开始操作号码 【1597679】
2024-05-08 00:39:26 GSD getOne 第 1 次 等待 3 秒
2024-05-08 00:39:29 查询号码 【1597679】，返回信息 {"status":"ok","msg":"广东-汕尾","gid":"119868","time_insert":"2021-06-23 22:45"}
2024-05-08 00:39:29 查询号码 【1597679】，GSD为【"广东-汕尾"】

2024-05-08 01:12:38 开始第 7777 次操作

2024-05-08 01:12:38 开始操作号码 【1597680】
2024-05-08 01:12:44 GSD getOne 第 1 次 等待 3 秒
2024-05-08 01:12:47 查询号码 【1597680】，返回信息 {"status":"ok","msg":"广东-湛江","gid":"119865","time_insert":"2021-06-23 22:44"}
2024-05-08 01:12:47 查询号码 【1597680】，GSD为【"广东-湛江"】

2024-05-08 01:12:48 开始第 7778 次操作

2024-05-08 01:12:48 开始操作号码 【1597681】
2024-05-08 01:12:56 GSD getOne 第 1 次 等待 3 秒
2024-05-08 01:12:59 查询号码 【1597681】，返回信息 {"status":"ok","msg":"广东-湛江","gid":"119864","time_insert":"2021-06-23 22:44"}
2024-05-08 01:12:59 查询号码 【1597681】，GSD为【"广东-湛江"】

2024-05-08 01:13:00 开始第 7779 次操作

2024-05-08 01:13:00 开始操作号码 【1597682】
2024-05-08 01:13:07 GSD getOne 第 1 次 等待 3 秒
2024-05-08 01:13:10 查询号码 【1597682】，返回信息 {"status":"ok","msg":"广东-湛江","gid":"119859","time_insert":"2021-06-23 22:43"}
2024-05-08 01:13:10 查询号码 【1597682】，GSD为【"广东-湛江"】

2024-05-08 01:13:11 开始第 7780 次操作

2024-05-08 01:13:11 开始操作号码 【1597683】
2024-05-08 01:13:19 GSD getOne 第 1 次 等待 3 秒
2024-05-08 01:13:22 查询号码 【1597683】，返回信息 {"status":"ok","msg":"广东-湛江","gid":"27698","time_insert":"2016-05-19 15:25","time_update":"2020-09-30 18:34"}
2024-05-08 01:13:22 查询号码 【1597683】，GSD为【"广东-湛江"】

2024-05-08 01:36:05 开始第 7781 次操作

2024-05-08 01:36:05 开始操作号码 【1597684】
2024-05-08 01:36:12 GSD getOne 第 1 次 等待 3 秒
2024-05-08 01:36:15 查询号码 【1597684】，返回信息 {"status":"ok","msg":"广东-湛江","gid":"119853","time_insert":"2021-06-23 22:43"}
2024-05-08 01:36:15 查询号码 【1597684】，GSD为【"广东-湛江"】

2024-05-08 01:36:16 开始第 7782 次操作

2024-05-08 01:36:16 开始操作号码 【1597685】
2024-05-08 01:36:22 GSD getOne 第 1 次 等待 3 秒
2024-05-08 01:36:25 查询号码 【1597685】，返回信息 {"status":"ok","msg":"广东-深圳","gid":"119848","time_insert":"2021-06-23 22:42"}
2024-05-08 01:36:25 查询号码 【1597685】，GSD为【"广东-深圳"】

2024-05-08 01:36:26 开始第 7783 次操作

2024-05-08 01:36:26 开始操作号码 【1597686】
2024-05-08 01:36:30 GSD getOne 第 1 次 等待 3 秒
2024-05-08 01:36:33 查询号码 【1597686】，返回信息 {"status":"ok","msg":"广东-深圳","gid":"27699","time_insert":"2016-05-23 09:12","time_update":"2020-09-30 18:37"}
2024-05-08 01:36:34 查询号码 【1597686】，GSD为【"广东-深圳"】

2024-05-08 01:36:35 开始第 7784 次操作

2024-05-08 01:36:35 开始操作号码 【1597687】
2024-05-08 01:36:41 GSD getOne 第 1 次 等待 3 秒
2024-05-08 01:36:44 查询号码 【1597687】，返回信息 {"status":"ok","msg":"广东-深圳","gid":"27700","time_insert":"2014-08-01 10:49","time_update":"2020-09-30 18:40"}
2024-05-08 01:36:44 查询号码 【1597687】，GSD为【"广东-深圳"】

2024-05-08 02:18:54 开始第 7785 次操作

2024-05-08 02:18:54 开始操作号码 【1597688】
2024-05-08 02:19:04 GSD getOne 第 1 次 等待 3 秒
2024-05-08 02:19:07 查询号码 【1597688】，返回信息 {"status":"ok","msg":"广东-深圳","gid":"119842","time_insert":"2021-06-23 22:41"}
2024-05-08 02:19:07 查询号码 【1597688】，GSD为【"广东-深圳"】

2024-05-08 02:19:08 开始第 7786 次操作

2024-05-08 02:19:08 开始操作号码 【1597689】
2024-05-08 02:19:19 GSD getOne 第 1 次 等待 3 秒
2024-05-08 02:19:22 查询号码 【1597689】，返回信息 {"status":"ok","msg":"广东-深圳","gid":"119835","time_insert":"2021-06-23 22:41"}
2024-05-08 02:19:22 查询号码 【1597689】，GSD为【"广东-深圳"】

2024-05-08 02:19:23 开始第 7787 次操作

2024-05-08 02:19:23 开始操作号码 【1597690】
2024-05-08 02:19:33 GSD getOne 第 1 次 等待 3 秒
2024-05-08 02:19:36 查询号码 【1597690】，返回信息 {"status":"ok","msg":"广东-汕头","gid":"119830","time_insert":"2021-06-23 22:40"}
2024-05-08 02:19:36 查询号码 【1597690】，GSD为【"广东-汕头"】

2024-05-08 02:19:37 开始第 7788 次操作

2024-05-08 02:19:37 开始操作号码 【1597691】
2024-05-08 02:19:42 GSD getOne 第 1 次 等待 3 秒
2024-05-08 02:19:45 查询号码 【1597691】，返回信息 {"status":"ok","msg":"广东-汕头","gid":"51966","time_insert":"2021-04-22 10:33"}
2024-05-08 02:19:45 查询号码 【1597691】，GSD为【"广东-汕头"】

2024-05-08 02:37:19 开始第 7789 次操作

2024-05-08 02:37:19 开始操作号码 【1597692】
2024-05-08 02:37:24 GSD getOne 第 1 次 等待 3 秒
2024-05-08 02:37:27 查询号码 【1597692】，返回信息 {"status":"ok","msg":"广东-汕头","gid":"27701","time_insert":"2019-03-04 19:54","time_update":"2020-09-30 18:45"}
2024-05-08 02:37:27 查询号码 【1597692】，GSD为【"广东-汕头"】

2024-05-08 02:37:28 开始第 7790 次操作

2024-05-08 02:37:28 开始操作号码 【1597693】
2024-05-08 02:37:38 GSD getOne 第 1 次 等待 3 秒
2024-05-08 02:37:41 查询号码 【1597693】，返回信息 {"status":"ok","msg":"广东-珠海","gid":"119825","time_insert":"2021-06-23 22:39"}
2024-05-08 02:37:41 查询号码 【1597693】，GSD为【"广东-珠海"】

2024-05-08 02:37:42 开始第 7791 次操作

2024-05-08 02:37:42 开始操作号码 【1597694】
2024-05-08 02:37:50 GSD getOne 第 1 次 等待 3 秒
2024-05-08 02:37:53 查询号码 【1597694】，返回信息 {"status":"ok","msg":"广东-珠海","gid":"119765","time_insert":"2021-06-23 21:56"}
2024-05-08 02:37:53 查询号码 【1597694】，GSD为【"广东-珠海"】

2024-05-08 02:37:54 开始第 7792 次操作

2024-05-08 02:37:54 开始操作号码 【1597695】
2024-05-08 02:38:02 GSD getOne 第 1 次 等待 3 秒
2024-05-08 02:38:05 查询号码 【1597695】，返回信息 {"status":"ok","msg":"广东-珠海","gid":"119759","time_insert":"2021-06-23 21:55"}
2024-05-08 02:38:05 查询号码 【1597695】，GSD为【"广东-珠海"】

2024-05-08 03:11:40 开始第 7793 次操作

2024-05-08 03:11:40 开始操作号码 【1597696】
2024-05-08 03:11:46 GSD getOne 第 1 次 等待 3 秒
2024-05-08 03:11:49 查询号码 【1597696】，返回信息 {"status":"ok","msg":"广东-珠海","gid":"119754","time_insert":"2021-06-23 21:55"}
2024-05-08 03:11:49 查询号码 【1597696】，GSD为【"广东-珠海"】

2024-05-08 03:11:50 开始第 7794 次操作

2024-05-08 03:11:50 开始操作号码 【1597697】
2024-05-08 03:11:56 GSD getOne 第 1 次 等待 3 秒
2024-05-08 03:11:59 查询号码 【1597697】，返回信息 {"status":"ok","msg":"广东-珠海","gid":"119749","time_insert":"2021-06-23 21:54"}
2024-05-08 03:11:59 查询号码 【1597697】，GSD为【"广东-珠海"】

2024-05-08 03:12:00 开始第 7795 次操作

2024-05-08 03:12:00 开始操作号码 【1597698】
2024-05-08 03:12:05 GSD getOne 第 1 次 等待 3 秒
2024-05-08 03:12:08 查询号码 【1597698】，返回信息 {"status":"ok","msg":"广东-珠海","gid":"27702","time_insert":"2018-10-10 22:37","time_update":"2020-09-30 18:49"}
2024-05-08 03:12:08 查询号码 【1597698】，GSD为【"广东-珠海"】

2024-05-08 03:12:09 开始第 7796 次操作

2024-05-08 03:12:09 开始操作号码 【1597699】
2024-05-08 03:12:16 GSD getOne 第 1 次 等待 3 秒
2024-05-08 03:12:19 查询号码 【1597699】，返回信息 {"status":"ok","msg":"广东-珠海","gid":"119743","time_insert":"2021-06-23 21:53"}
2024-05-08 03:12:19 查询号码 【1597699】，GSD为【"广东-珠海"】

2024-05-08 03:35:36 开始第 7797 次操作

2024-05-08 03:35:36 开始操作号码 【1597700】
2024-05-08 03:35:42 GSD getOne 第 1 次 等待 3 秒
2024-05-08 03:35:45 查询号码 【1597700】，返回信息 {"status":"ok","msg":"广西-钦州","gid":"119739","time_insert":"2021-06-23 21:53"}
2024-05-08 03:35:45 查询号码 【1597700】，GSD为【"广西-钦州"】

2024-05-08 03:35:46 开始第 7798 次操作

2024-05-08 03:35:46 开始操作号码 【1597701】
2024-05-08 03:35:54 GSD getOne 第 1 次 等待 3 秒
2024-05-08 03:35:57 查询号码 【1597701】，返回信息 {"status":"ok","msg":"广西-钦州","gid":"119735","time_insert":"2021-06-23 21:52"}
2024-05-08 03:35:57 查询号码 【1597701】，GSD为【"广西-钦州"】

2024-05-08 03:35:59 开始第 7799 次操作

2024-05-08 03:35:59 开始操作号码 【1597702】
2024-05-08 03:36:03 GSD getOne 第 1 次 等待 3 秒
2024-05-08 03:36:06 查询号码 【1597702】，返回信息 {"status":"ok","msg":"广西-钦州","gid":"119733","time_insert":"2021-06-23 21:52"}
2024-05-08 03:36:06 查询号码 【1597702】，GSD为【"广西-钦州"】

2024-05-08 03:36:07 开始第 7800 次操作

2024-05-08 03:36:07 开始操作号码 【1597703】
2024-05-08 03:36:13 GSD getOne 第 1 次 等待 3 秒
2024-05-08 03:36:16 查询号码 【1597703】，返回信息 {"status":"ok","msg":"广西-玉林","gid":"119727","time_insert":"2021-06-23 21:51"}
2024-05-08 03:36:16 查询号码 【1597703】，GSD为【"广西-玉林"】

2024-05-08 04:12:08 开始第 7801 次操作

2024-05-08 04:12:08 开始操作号码 【1597704】
2024-05-08 04:12:13 GSD getOne 第 1 次 等待 3 秒
2024-05-08 04:12:16 查询号码 【1597704】，返回信息 {"status":"ok","msg":"广西-贵港","gid":"119723","time_insert":"2021-06-23 21:51"}
2024-05-08 04:12:16 查询号码 【1597704】，GSD为【"广西-贵港"】

2024-05-08 04:12:17 开始第 7802 次操作

2024-05-08 04:12:17 开始操作号码 【1597705】
2024-05-08 04:12:25 GSD getOne 第 1 次 等待 3 秒
2024-05-08 04:12:28 查询号码 【1597705】，返回信息 {"status":"ok","msg":"广西-玉林","gid":"119720","time_insert":"2021-06-23 21:51"}
2024-05-08 04:12:28 查询号码 【1597705】，GSD为【"广西-玉林"】

2024-05-08 04:12:29 开始第 7803 次操作

2024-05-08 04:12:29 开始操作号码 【1597706】
2024-05-08 04:12:34 GSD getOne 第 1 次 等待 3 秒
2024-05-08 04:12:37 查询号码 【1597706】，返回信息 {"status":"ok","msg":"广西-玉林","gid":"119715","time_insert":"2021-06-23 21:50"}
2024-05-08 04:12:37 查询号码 【1597706】，GSD为【"广西-玉林"】

2024-05-08 04:12:38 开始第 7804 次操作

2024-05-08 04:12:38 开始操作号码 【1597707】
2024-05-08 04:12:43 GSD getOne 第 1 次 等待 3 秒
2024-05-08 04:12:46 查询号码 【1597707】，返回信息 {"status":"ok","msg":"广西-桂林","gid":"119711","time_insert":"2021-06-23 21:50"}
2024-05-08 04:12:46 查询号码 【1597707】，GSD为【"广西-桂林"】

2024-05-08 04:37:15 开始第 7805 次操作

2024-05-08 04:37:15 开始操作号码 【1597708】
2024-05-08 04:37:20 GSD getOne 第 1 次 等待 3 秒
2024-05-08 04:37:23 查询号码 【1597708】，返回信息 {"status":"ok","msg":"广西-桂林","gid":"119705","time_insert":"2021-06-23 21:49"}
2024-05-08 04:37:23 查询号码 【1597708】，GSD为【"广西-桂林"】

2024-05-08 04:37:24 开始第 7806 次操作

2024-05-08 04:37:24 开始操作号码 【1597709】
2024-05-08 04:37:29 GSD getOne 第 1 次 等待 3 秒
2024-05-08 04:37:32 查询号码 【1597709】，返回信息 {"status":"ok","msg":"广西-桂林","gid":"119697","time_insert":"2021-06-23 21:48"}
2024-05-08 04:37:32 查询号码 【1597709】，GSD为【"广西-桂林"】

2024-05-08 04:37:33 开始第 7807 次操作

2024-05-08 04:37:33 开始操作号码 【1597710】
2024-05-08 04:37:38 GSD getOne 第 1 次 等待 3 秒
2024-05-08 04:37:41 查询号码 【1597710】，返回信息 {"status":"ok","msg":"广西-南宁","gid":"27703","time_insert":"2018-06-10 08:40","time_update":"2020-12-17 16:56"}
2024-05-08 04:37:41 查询号码 【1597710】，GSD为【"广西-南宁"】

2024-05-08 04:37:42 开始第 7808 次操作

2024-05-08 04:37:42 开始操作号码 【1597711】
2024-05-08 04:37:49 GSD getOne 第 1 次 等待 3 秒
2024-05-08 04:37:52 查询号码 【1597711】，返回信息 {"status":"ok","msg":"广西-南宁","gid":"119694","time_insert":"2021-06-23 21:48"}
2024-05-08 04:37:52 查询号码 【1597711】，GSD为【"广西-南宁"】

2024-05-08 05:12:39 开始第 7809 次操作

2024-05-08 05:12:39 开始操作号码 【1597712】
2024-05-08 05:12:44 GSD getOne 第 1 次 等待 3 秒
2024-05-08 05:12:47 查询号码 【1597712】，返回信息 {"status":"ok","msg":"广西-南宁","gid":"119691","time_insert":"2021-06-23 21:47"}
2024-05-08 05:12:47 查询号码 【1597712】，GSD为【"广西-南宁"】

2024-05-08 05:12:48 开始第 7810 次操作

2024-05-08 05:12:48 开始操作号码 【1597713】
2024-05-08 05:12:53 GSD getOne 第 1 次 等待 3 秒
2024-05-08 05:12:56 查询号码 【1597713】，返回信息 {"status":"ok","msg":"广西-南宁","gid":"119686","time_insert":"2021-06-23 21:47"}
2024-05-08 05:12:56 查询号码 【1597713】，GSD为【"广西-南宁"】

2024-05-08 05:12:57 开始第 7811 次操作

2024-05-08 05:12:57 开始操作号码 【1597714】
2024-05-08 05:13:02 GSD getOne 第 1 次 等待 3 秒
2024-05-08 05:13:05 查询号码 【1597714】，返回信息 {"status":"ok","msg":"广西-崇左","gid":"119682","time_insert":"2021-06-23 21:46"}
2024-05-08 05:13:05 查询号码 【1597714】，GSD为【"广西-崇左"】

2024-05-08 05:13:06 开始第 7812 次操作

2024-05-08 05:13:06 开始操作号码 【1597715】
2024-05-08 05:13:11 GSD getOne 第 1 次 等待 3 秒
2024-05-08 05:13:14 查询号码 【1597715】，返回信息 {"status":"ok","msg":"广西-崇左","gid":"119679","time_insert":"2021-06-23 21:46"}
2024-05-08 05:13:14 查询号码 【1597715】，GSD为【"广西-崇左"】

2024-05-08 05:36:22 开始第 7813 次操作

2024-05-08 05:36:22 开始操作号码 【1597716】
2024-05-08 05:36:29 GSD getOne 第 1 次 等待 3 秒
2024-05-08 05:36:32 查询号码 【1597716】，返回信息 {"status":"ok","msg":"广西-南宁","gid":"119672","time_insert":"2021-06-23 21:45"}
2024-05-08 05:36:32 查询号码 【1597716】，GSD为【"广西-南宁"】

2024-05-08 05:36:33 开始第 7814 次操作

2024-05-08 05:36:33 开始操作号码 【1597717】
2024-05-08 05:36:38 GSD getOne 第 1 次 等待 3 秒
2024-05-08 05:36:41 查询号码 【1597717】，返回信息 {"status":"ok","msg":"广西-崇左","gid":"119668","time_insert":"2021-06-23 21:45"}
2024-05-08 05:36:41 查询号码 【1597717】，GSD为【"广西-崇左"】

2024-05-08 05:36:42 开始第 7815 次操作

2024-05-08 05:36:42 开始操作号码 【1597718】
2024-05-08 05:36:47 GSD getOne 第 1 次 等待 3 秒
2024-05-08 05:36:50 查询号码 【1597718】，返回信息 {"status":"ok","msg":"广西-崇左","gid":"119665","time_insert":"2021-06-23 21:44"}
2024-05-08 05:36:50 查询号码 【1597718】，GSD为【"广西-崇左"】

2024-05-08 05:36:51 开始第 7816 次操作

2024-05-08 05:36:51 开始操作号码 【1597719】
2024-05-08 05:36:58 GSD getOne 第 1 次 等待 3 秒
2024-05-08 05:37:01 查询号码 【1597719】，返回信息 {"status":"ok","msg":"广西-崇左","gid":"119660","time_insert":"2021-06-23 21:44"}
2024-05-08 05:37:01 查询号码 【1597719】，GSD为【"广西-崇左"】

2024-05-08 06:14:11 开始第 7817 次操作

2024-05-08 06:14:11 开始操作号码 【1597720】
2024-05-08 06:14:16 GSD getOne 第 1 次 等待 3 秒
2024-05-08 06:14:19 查询号码 【1597720】，返回信息 {"status":"ok","msg":"广西-来宾","gid":"119657","time_insert":"2021-06-23 21:43"}
2024-05-08 06:14:19 查询号码 【1597720】，GSD为【"广西-来宾"】

2024-05-08 06:14:20 开始第 7818 次操作

2024-05-08 06:14:20 开始操作号码 【1597721】
2024-05-08 06:14:28 GSD getOne 第 1 次 等待 3 秒
2024-05-08 06:14:31 查询号码 【1597721】，返回信息 {"status":"ok","msg":"广西-柳州","gid":"27704","time_insert":"2017-04-19 11:23","time_update":"2020-12-17 14:44"}
2024-05-08 06:14:31 查询号码 【1597721】，GSD为【"广西-柳州"】

2024-05-08 06:14:32 开始第 7819 次操作

2024-05-08 06:14:32 开始操作号码 【1597722】
2024-05-08 06:14:41 GSD getOne 第 1 次 等待 3 秒
2024-05-08 06:14:44 查询号码 【1597722】，返回信息 {"status":"ok","msg":"广西-柳州","gid":"119652","time_insert":"2021-06-23 21:43"}
2024-05-08 06:14:44 查询号码 【1597722】，GSD为【"广西-柳州"】

2024-05-08 06:14:45 开始第 7820 次操作

2024-05-08 06:14:45 开始操作号码 【1597723】
2024-05-08 06:14:51 GSD getOne 第 1 次 等待 3 秒
2024-05-08 06:14:54 查询号码 【1597723】，返回信息 {"status":"ok","msg":"广西-柳州","gid":"119648","time_insert":"2021-06-23 21:42"}
2024-05-08 06:14:54 查询号码 【1597723】，GSD为【"广西-柳州"】

