2024-02-06 00:16:23 开始第 2145 次操作

2024-02-06 00:16:23 开始操作号码 【1702047】
2024-02-06 00:16:29 GSD getOne 第 1 次 等待 3 秒
2024-02-06 00:16:32 查询号码 【1702047】，返回信息 {"status":"ok","msg":"河北-邢台","gid":"126770","time_insert":"2021-06-25 11:05"}
2024-02-06 00:16:32 查询号码 【1702047】，GSD为【"河北-邢台"】

2024-02-06 00:16:33 开始第 2146 次操作

2024-02-06 00:16:33 开始操作号码 【1702048】
2024-02-06 00:16:37 GSD getOne 第 1 次 等待 3 秒
2024-02-06 00:16:40 查询号码 【1702048】，返回信息 {"status":"ok","msg":"河北-邢台","gid":"126772","time_insert":"2021-06-25 11:06"}
2024-02-06 00:16:40 查询号码 【1702048】，GSD为【"河北-邢台"】

2024-02-06 00:16:41 开始第 2147 次操作

2024-02-06 00:16:41 开始操作号码 【1702049】
2024-02-06 00:16:45 GSD getOne 第 1 次 等待 3 秒
2024-02-06 00:16:48 查询号码 【1702049】，返回信息 {"status":"ok","msg":"河北-石家庄","gid":"126777","time_insert":"2021-06-25 11:06"}
2024-02-06 00:16:48 查询号码 【1702049】，GSD为【"河北-石家庄"】

2024-02-06 00:16:49 开始第 2148 次操作

2024-02-06 00:16:49 开始操作号码 【1702050】
2024-02-06 00:16:56 GSD getOne 第 1 次 等待 3 秒
2024-02-06 00:16:59 查询号码 【1702050】，返回信息 {"status":"ok","msg":"天津-天津","gid":"126783","time_insert":"2021-06-25 11:07"}
2024-02-06 00:16:59 查询号码 【1702050】，GSD为【"天津-天津"】

