2024-09-06 00:15:33 开始第 3161 次操作

2024-09-06 00:15:33 开始操作号码 【1373160】
2024-09-06 00:15:42 GSD getOne 第 1 次 等待 3 秒
2024-09-06 00:15:45 查询号码 【1373160】，返回信息 {"status":"ok","msg":"河北-廊坊","gid":"126258","time_insert":"2021-06-25 08:16"}
2024-09-06 00:15:45 查询号码 【1373160】，GSD为【"河北-廊坊"】

2024-09-06 00:15:46 开始第 3162 次操作

2024-09-06 00:15:46 开始操作号码 【1373161】
2024-09-06 00:15:53 GSD getOne 第 1 次 等待 3 秒
2024-09-06 00:15:57 查询号码 【1373161】，返回信息 {"status":"ok","msg":"河北-廊坊","gid":"126286","time_insert":"2021-06-25 08:36"}
2024-09-06 00:15:57 查询号码 【1373161】，GSD为【"河北-廊坊"】

2024-09-06 00:15:58 开始第 3163 次操作

2024-09-06 00:15:58 开始操作号码 【1373162】
2024-09-06 00:16:06 GSD getOne 第 1 次 等待 3 秒
2024-09-06 00:16:09 查询号码 【1373162】，返回信息 {"status":"ok","msg":"河北-廊坊","gid":"126316","time_insert":"2021-06-25 08:57"}
2024-09-06 00:16:09 查询号码 【1373162】，GSD为【"河北-廊坊"】

2024-09-06 00:16:10 开始第 3164 次操作

2024-09-06 00:16:10 开始操作号码 【1373163】
2024-09-06 00:16:20 GSD getOne 第 1 次 等待 3 秒
2024-09-06 00:16:23 查询号码 【1373163】，返回信息 {"status":"ok","msg":"河北-廊坊","gid":"126348","time_insert":"2021-06-25 09:17"}
2024-09-06 00:16:23 查询号码 【1373163】，GSD为【"河北-廊坊"】

