2023-10-07 00:18:00 开始第 1921 次操作

2023-10-07 00:18:00 开始操作号码 【1911920】
2023-10-07 00:18:09 GSD getOne 第 1 次 等待 3 秒
2023-10-07 00:18:12 查询号码 【1911920】，返回信息 {"status":"ok","msg":"湖南-长沙","gid":"502401","time_insert":"2021-08-10 19:19"}
2023-10-07 00:18:12 查询号码 【1911920】，GSD为【"湖南-长沙"】

2023-10-07 00:18:13 开始第 1922 次操作

2023-10-07 00:18:13 开始操作号码 【1911921】
2023-10-07 00:18:16 GSD getOne 第 1 次 等待 3 秒
2023-10-07 00:18:19 查询号码 【1911921】，返回信息 {"status":"ok","msg":"湖南-长沙","gid":"502420","time_insert":"2021-08-10 19:31"}
2023-10-07 00:18:19 查询号码 【1911921】，GSD为【"湖南-长沙"】

2023-10-07 00:18:20 开始第 1923 次操作

2023-10-07 00:18:20 开始操作号码 【1911922】
2023-10-07 00:18:23 GSD getOne 第 1 次 等待 3 秒
2023-10-07 00:18:26 查询号码 【1911922】，返回信息 {"status":"ok","msg":"湖南-长沙","gid":"502438","time_insert":"2021-08-10 19:44"}
2023-10-07 00:18:27 查询号码 【1911922】，GSD为【"湖南-长沙"】

2023-10-07 00:18:28 开始第 1924 次操作

2023-10-07 00:18:28 开始操作号码 【1911923】
2023-10-07 00:18:30 GSD getOne 第 1 次 等待 3 秒
2023-10-07 00:18:33 查询号码 【1911923】，返回信息 {"status":"ok","msg":"湖南-长沙","gid":"502460","time_insert":"2021-08-10 19:58"}
2023-10-07 00:18:33 查询号码 【1911923】，GSD为【"湖南-长沙"】

2023-10-07 00:38:59 开始第 1925 次操作

2023-10-07 00:38:59 开始操作号码 【1911924】
2023-10-07 00:39:04 GSD getOne 第 1 次 等待 3 秒
2023-10-07 00:39:07 查询号码 【1911924】，返回信息 {"status":"ok","msg":"湖南-长沙","gid":"502477","time_insert":"2021-08-10 20:10"}
2023-10-07 00:39:07 查询号码 【1911924】，GSD为【"湖南-长沙"】

2023-10-07 00:39:08 开始第 1926 次操作

2023-10-07 00:39:08 开始操作号码 【1911925】
2023-10-07 00:39:15 GSD getOne 第 1 次 等待 3 秒
2023-10-07 00:39:18 查询号码 【1911925】，返回信息 {"status":"ok","msg":"湖南-长沙","gid":"502494","time_insert":"2021-08-10 20:21"}
2023-10-07 00:39:18 查询号码 【1911925】，GSD为【"湖南-长沙"】

2023-10-07 00:39:19 开始第 1927 次操作

2023-10-07 00:39:19 开始操作号码 【1911926】
2023-10-07 00:39:25 GSD getOne 第 1 次 等待 3 秒
2023-10-07 00:39:28 查询号码 【1911926】，返回信息 {"status":"ok","msg":"湖南-长沙","gid":"502514","time_insert":"2021-08-10 20:34"}
2023-10-07 00:39:28 查询号码 【1911926】，GSD为【"湖南-长沙"】

2023-10-07 00:39:29 开始第 1928 次操作

2023-10-07 00:39:29 开始操作号码 【1911927】
2023-10-07 00:39:32 GSD getOne 第 1 次 等待 3 秒
2023-10-07 00:39:35 查询号码 【1911927】，返回信息 {"status":"ok","msg":"湖南-长沙","gid":"502532","time_insert":"2021-08-10 20:48"}
2023-10-07 00:39:35 查询号码 【1911927】，GSD为【"湖南-长沙"】

2023-10-07 01:12:10 开始第 1929 次操作

2023-10-07 01:12:10 开始操作号码 【1911928】
2023-10-07 01:12:15 GSD getOne 第 1 次 等待 3 秒
2023-10-07 01:12:18 查询号码 【1911928】，返回信息 {"status":"ok","msg":"湖南-长沙","gid":"502553","time_insert":"2021-08-10 21:00"}
2023-10-07 01:12:18 查询号码 【1911928】，GSD为【"湖南-长沙"】

2023-10-07 01:12:19 开始第 1930 次操作

2023-10-07 01:12:19 开始操作号码 【1911929】
2023-10-07 01:12:23 GSD getOne 第 1 次 等待 3 秒
2023-10-07 01:12:26 查询号码 【1911929】，返回信息 {"status":"ok","msg":"湖南-长沙","gid":"502574","time_insert":"2021-08-10 21:14"}
2023-10-07 01:12:26 查询号码 【1911929】，GSD为【"湖南-长沙"】

2023-10-07 01:12:27 开始第 1931 次操作

2023-10-07 01:12:27 开始操作号码 【1911930】
2023-10-07 01:12:30 GSD getOne 第 1 次 等待 3 秒
2023-10-07 01:12:33 查询号码 【1911930】，返回信息 {"status":"ok","msg":"甘肃-兰州","gid":"502592","time_insert":"2021-08-10 21:26"}
2023-10-07 01:12:33 查询号码 【1911930】，GSD为【"甘肃-兰州"】

2023-10-07 01:12:34 开始第 1932 次操作

2023-10-07 01:12:34 开始操作号码 【1911931】
2023-10-07 01:12:36 GSD getOne 第 1 次 等待 3 秒
2023-10-07 01:12:39 查询号码 【1911931】，返回信息 {"status":"ok","msg":"甘肃-兰州","gid":"502614","time_insert":"2021-08-10 21:42"}
2023-10-07 01:12:39 查询号码 【1911931】，GSD为【"甘肃-兰州"】

