2024-09-18 00:15:37 开始第 5293 次操作

2024-09-18 00:15:37 开始操作号码 【1375292】
2024-09-18 00:15:45 GSD getOne 第 1 次 等待 3 秒
2024-09-18 00:15:48 查询号码 【1375292】，返回信息 {"status":"ok","msg":"重庆-重庆","gid":"10014","time_insert":"2017-06-29 11:19","time_update":"2021-01-06 18:26"}
2024-09-18 00:15:48 查询号码 【1375292】，GSD为【"重庆-重庆"】

2024-09-18 00:15:49 开始第 5294 次操作

2024-09-18 00:15:49 开始操作号码 【1375293】
2024-09-18 00:15:57 GSD getOne 第 1 次 等待 3 秒
2024-09-18 00:16:00 查询号码 【1375293】，返回信息 {"status":"ok","msg":"重庆-重庆","gid":"10015","time_insert":"2017-03-22 10:33","time_update":"2021-01-06 18:33"}
2024-09-18 00:16:00 查询号码 【1375293】，GSD为【"重庆-重庆"】

2024-09-18 00:16:01 开始第 5295 次操作

2024-09-18 00:16:01 开始操作号码 【1375294】
2024-09-18 00:16:12 GSD getOne 第 1 次 等待 3 秒
2024-09-18 00:16:15 查询号码 【1375294】，返回信息 {"status":"ok","msg":"重庆-重庆","gid":"10016","time_insert":"2017-04-05 18:01","time_update":"2021-01-06 18:40"}
2024-09-18 00:16:15 查询号码 【1375294】，GSD为【"重庆-重庆"】

2024-09-18 00:16:16 开始第 5296 次操作

2024-09-18 00:16:16 开始操作号码 【1375295】
2024-09-18 00:16:24 GSD getOne 第 1 次 等待 3 秒
2024-09-18 00:16:27 查询号码 【1375295】，返回信息 {"status":"ok","msg":"重庆-重庆","gid":"290496","time_insert":"2021-07-16 05:36"}
2024-09-18 00:16:27 查询号码 【1375295】，GSD为【"重庆-重庆"】

