2024-04-16 00:18:05 开始第 3813 次操作

2024-04-16 00:18:05 开始操作号码 【1593716】
2024-04-16 00:18:10 GSD getOne 第 1 次 等待 3 秒
2024-04-16 00:18:13 查询号码 【1593716】，返回信息 {"status":"ok","msg":"河南-郑州","gid":"54966","time_insert":"2020-03-27 15:03"}
2024-04-16 00:18:13 查询号码 【1593716】，GSD为【"河南-郑州"】

2024-04-16 00:18:14 开始第 3814 次操作

2024-04-16 00:18:14 开始操作号码 【1593717】
2024-04-16 00:18:19 GSD getOne 第 1 次 等待 3 秒
2024-04-16 00:18:22 查询号码 【1593717】，返回信息 {"status":"ok","msg":"河南-郑州","gid":"127503","time_insert":"2021-06-25 13:48"}
2024-04-16 00:18:22 查询号码 【1593717】，GSD为【"河南-郑州"】

2024-04-16 00:18:23 开始第 3815 次操作

2024-04-16 00:18:23 开始操作号码 【1593718】
2024-04-16 00:18:29 GSD getOne 第 1 次 等待 3 秒
2024-04-16 00:18:32 查询号码 【1593718】，返回信息 {"status":"ok","msg":"河南-郑州","gid":"127511","time_insert":"2021-06-25 13:49"}
2024-04-16 00:18:32 查询号码 【1593718】，GSD为【"河南-郑州"】

2024-04-16 00:18:33 开始第 3816 次操作

2024-04-16 00:18:33 开始操作号码 【1593719】
2024-04-16 00:18:38 GSD getOne 第 1 次 等待 3 秒
2024-04-16 00:18:41 查询号码 【1593719】，返回信息 {"status":"ok","msg":"河南-郑州","gid":"127515","time_insert":"2021-06-25 13:49"}
2024-04-16 00:18:41 查询号码 【1593719】，GSD为【"河南-郑州"】

