2023-12-04 00:17:01 开始第 1289 次操作

2023-12-04 00:17:01 开始操作号码 【1811191】
2023-12-04 00:17:05 GSD getOne 第 1 次 等待 3 秒
2023-12-04 00:17:08 查询号码 【1811191】，返回信息 {"status":"ok","msg":"贵州-贵阳","gid":"33238","time_insert":"2018-10-18 21:50","time_update":"2020-11-21 16:56"}
2023-12-04 00:17:08 查询号码 【1811191】，GSD为【"贵州-贵阳"】

2023-12-04 00:17:09 开始第 1290 次操作

2023-12-04 00:17:09 开始操作号码 【1811192】
2023-12-04 00:17:13 GSD getOne 第 1 次 等待 3 秒
2023-12-04 00:17:16 查询号码 【1811192】，返回信息 {"status":"ok","msg":"贵州-贵阳","gid":"381472","time_insert":"2021-07-24 21:14"}
2023-12-04 00:17:16 查询号码 【1811192】，GSD为【"贵州-贵阳"】

2023-12-04 00:17:17 开始第 1291 次操作

2023-12-04 00:17:17 开始操作号码 【1811193】
2023-12-04 00:17:20 GSD getOne 第 1 次 等待 3 秒
2023-12-04 00:17:23 查询号码 【1811193】，返回信息 {"status":"ok","msg":"贵州-贵阳","gid":"381647","time_insert":"2021-07-24 21:31"}
2023-12-04 00:17:23 查询号码 【1811193】，GSD为【"贵州-贵阳"】

2023-12-04 00:17:24 开始第 1292 次操作

2023-12-04 00:17:24 开始操作号码 【1811194】
2023-12-04 00:17:29 GSD getOne 第 1 次 等待 3 秒
2023-12-04 00:17:32 查询号码 【1811194】，返回信息 {"status":"ok","msg":"贵州-贵阳","gid":"381869","time_insert":"2021-07-24 21:50"}
2023-12-04 00:17:32 查询号码 【1811194】，GSD为【"贵州-贵阳"】

