2024-07-31 00:20:11 开始第 8957 次操作

2024-07-31 00:20:11 开始操作号码 【1488858】
2024-07-31 00:20:21 GSD getOne 第 1 次 等待 3 秒
2024-07-31 00:20:24 查询号码 【1488858】，返回信息 {"status":"ok","msg":"重庆-重庆","gid":"355572","time_insert":"2021-07-22 13:29","time_update":"2023-09-18 18:19"}
2024-07-31 00:20:24 查询号码 【1488858】，GSD为【"重庆-重庆"】

2024-07-31 00:20:25 开始第 8958 次操作

2024-07-31 00:20:25 开始操作号码 【1488859】
2024-07-31 00:20:33 GSD getOne 第 1 次 等待 3 秒
2024-07-31 00:20:36 查询号码 【1488859】，返回信息 {"status":"ok","msg":"重庆-重庆","gid":"355610","time_insert":"2021-07-22 13:34","time_update":"2023-09-18 18:21"}
2024-07-31 00:20:36 查询号码 【1488859】，GSD为【"重庆-重庆"】

2024-07-31 00:20:37 开始第 8959 次操作

2024-07-31 00:20:37 开始操作号码 【1488860】
2024-07-31 00:20:47 GSD getOne 第 1 次 等待 3 秒
2024-07-31 00:20:50 查询号码 【1488860】，返回信息 {"status":"ok","msg":"河北-石家庄","gid":"355647","time_insert":"2021-07-22 13:38","time_update":"2023-05-25 08:19"}
2024-07-31 00:20:50 查询号码 【1488860】，GSD为【"河北-石家庄"】

2024-07-31 00:20:51 开始第 8960 次操作

2024-07-31 00:20:51 开始操作号码 【1488861】
2024-07-31 00:20:59 GSD getOne 第 1 次 等待 3 秒
2024-07-31 00:21:02 查询号码 【1488861】，返回信息 {"status":"ok","msg":"河北-石家庄","gid":"355691","time_insert":"2021-07-22 13:44","time_update":"2023-05-25 08:24"}
2024-07-31 00:21:02 查询号码 【1488861】，GSD为【"河北-石家庄"】

