2023-12-13 00:17:38 开始第 2909 次操作

2023-12-13 00:17:38 开始操作号码 【1812811】
2023-12-13 00:17:41 GSD getOne 第 1 次 等待 3 秒
2023-12-13 00:17:45 查询号码 【1812811】，返回信息 {"status":"ok","msg":"广东-珠海","gid":"445191","time_insert":"2021-07-30 14:52"}
2023-12-13 00:17:45 查询号码 【1812811】，GSD为【"广东-珠海"】

2023-12-13 00:17:46 开始第 2910 次操作

2023-12-13 00:17:46 开始操作号码 【1812812】
2023-12-13 00:17:49 GSD getOne 第 1 次 等待 3 秒
2023-12-13 00:17:52 查询号码 【1812812】，返回信息 {"status":"ok","msg":"广东-珠海","gid":"445186","time_insert":"2021-07-30 14:51"}
2023-12-13 00:17:52 查询号码 【1812812】，GSD为【"广东-珠海"】

2023-12-13 00:17:53 开始第 2911 次操作

2023-12-13 00:17:53 开始操作号码 【1812813】
2023-12-13 00:17:57 GSD getOne 第 1 次 等待 3 秒
2023-12-13 00:18:00 查询号码 【1812813】，返回信息 {"status":"ok","msg":"广东-珠海","gid":"445181","time_insert":"2021-07-30 14:50"}
2023-12-13 00:18:00 查询号码 【1812813】，GSD为【"广东-珠海"】

2023-12-13 00:18:01 开始第 2912 次操作

2023-12-13 00:18:01 开始操作号码 【1812814】
2023-12-13 00:18:05 GSD getOne 第 1 次 等待 3 秒
2023-12-13 00:18:08 查询号码 【1812814】，返回信息 {"status":"ok","msg":"广东-珠海","gid":"445176","time_insert":"2021-07-30 14:50","time_update":"2021-08-01 14:48"}
2023-12-13 00:18:08 查询号码 【1812814】，GSD为【"广东-珠海"】

2023-12-13 00:40:08 开始第 2913 次操作

2023-12-13 00:40:08 开始操作号码 【1812815】
2023-12-13 00:40:14 GSD getOne 第 1 次 等待 3 秒
2023-12-13 00:40:17 查询号码 【1812815】，返回信息 {"status":"ok","msg":"广东-梅州","gid":"445131","time_insert":"2021-07-30 14:26"}
2023-12-13 00:40:17 查询号码 【1812815】，GSD为【"广东-梅州"】

2023-12-13 00:40:18 开始第 2914 次操作

2023-12-13 00:40:18 开始操作号码 【1812816】
2023-12-13 00:40:21 GSD getOne 第 1 次 等待 3 秒
2023-12-13 00:40:24 查询号码 【1812816】，返回信息 {"status":"ok","msg":"广东-清远","gid":"445129","time_insert":"2021-07-30 14:26"}
2023-12-13 00:40:24 查询号码 【1812816】，GSD为【"广东-清远"】

2023-12-13 00:40:26 开始第 2915 次操作

2023-12-13 00:40:26 开始操作号码 【1812817】
2023-12-13 00:40:39 GSD getOne 第 1 次 等待 3 秒
2023-12-13 00:40:42 查询号码 【1812817】，返回信息 {"status":"ok","msg":"广东-潮州","gid":"445127","time_insert":"2021-07-30 14:25"}
2023-12-13 00:40:42 查询号码 【1812817】，GSD为【"广东-潮州"】

2023-12-13 00:40:43 开始第 2916 次操作

2023-12-13 00:40:43 开始操作号码 【1812818】
2023-12-13 00:40:46 GSD getOne 第 1 次 等待 3 秒
2023-12-13 00:40:49 查询号码 【1812818】，返回信息 {"status":"ok","msg":"广东-韶关","gid":"445123","time_insert":"2021-07-30 14:24"}
2023-12-13 00:40:49 查询号码 【1812818】，GSD为【"广东-韶关"】

