2023-12-23 00:17:49 开始第 4701 次操作

2023-12-23 00:17:49 开始操作号码 【1814603】
2023-12-23 00:17:53 GSD getOne 第 1 次 等待 3 秒
2023-12-23 00:17:56 查询号码 【1814603】，返回信息 {"status":"ok","msg":"福建-泉州","gid":"427070","time_insert":"2021-07-28 20:00"}
2023-12-23 00:17:56 查询号码 【1814603】，GSD为【"福建-泉州"】

2023-12-23 00:17:57 开始第 4702 次操作

2023-12-23 00:17:57 开始操作号码 【1814604】
2023-12-23 00:18:01 GSD getOne 第 1 次 等待 3 秒
2023-12-23 00:18:04 查询号码 【1814604】，返回信息 {"status":"ok","msg":"福建-泉州","gid":"427063","time_insert":"2021-07-28 19:59"}
2023-12-23 00:18:04 查询号码 【1814604】，GSD为【"福建-泉州"】

2023-12-23 00:18:05 开始第 4703 次操作

2023-12-23 00:18:05 开始操作号码 【1814605】
2023-12-23 00:18:08 GSD getOne 第 1 次 等待 3 秒
2023-12-23 00:18:11 查询号码 【1814605】，返回信息 {"status":"ok","msg":"福建-泉州","gid":"427057","time_insert":"2021-07-28 19:58","time_update":"2021-08-02 05:15"}
2023-12-23 00:18:11 查询号码 【1814605】，GSD为【"福建-泉州"】

2023-12-23 00:18:12 开始第 4704 次操作

2023-12-23 00:18:12 开始操作号码 【1814606】
2023-12-23 00:18:18 GSD getOne 第 1 次 等待 3 秒
2023-12-23 00:18:21 查询号码 【1814606】，返回信息 {"status":"ok","msg":"福建-泉州","gid":"427049","time_insert":"2021-07-28 19:58"}
2023-12-23 00:18:21 查询号码 【1814606】，GSD为【"福建-泉州"】

