2024-03-14 00:36:44 开始第 8841 次操作

2024-03-14 00:36:44 开始操作号码 【1708743】
2024-03-14 00:36:49 GSD getOne 第 1 次 等待 3 秒
2024-03-14 00:36:52 查询号码 【1708743】，返回信息 {"status":"ok","msg":"湖南-衡阳","gid":"197909","time_insert":"2021-07-05 13:15"}
2024-03-14 00:36:52 查询号码 【1708743】，GSD为【"湖南-衡阳"】

2024-03-14 00:36:53 开始第 8842 次操作

2024-03-14 00:36:53 开始操作号码 【1708744】
2024-03-14 00:36:58 GSD getOne 第 1 次 等待 3 秒
2024-03-14 00:37:01 查询号码 【1708744】，返回信息 {"status":"ok","msg":"湖南-衡阳","gid":"197914","time_insert":"2021-07-05 13:16"}
2024-03-14 00:37:01 查询号码 【1708744】，GSD为【"湖南-衡阳"】

2024-03-14 00:37:02 开始第 8843 次操作

2024-03-14 00:37:02 开始操作号码 【1708745】
2024-03-14 00:37:07 GSD getOne 第 1 次 等待 3 秒
2024-03-14 00:37:10 查询号码 【1708745】，返回信息 {"status":"ok","msg":"湖南-衡阳","gid":"197922","time_insert":"2021-07-05 13:16"}
2024-03-14 00:37:10 查询号码 【1708745】，GSD为【"湖南-衡阳"】

2024-03-14 00:37:11 开始第 8844 次操作

2024-03-14 00:37:11 开始操作号码 【1708746】
2024-03-14 00:37:15 GSD getOne 第 1 次 等待 3 秒
2024-03-14 00:37:18 查询号码 【1708746】，返回信息 {"status":"ok","msg":"湖南-邵阳","gid":"197928","time_insert":"2021-07-05 13:17"}
2024-03-14 00:37:18 查询号码 【1708746】，GSD为【"湖南-邵阳"】

2024-03-14 01:13:17 开始第 8845 次操作

2024-03-14 01:13:17 开始操作号码 【1708747】
2024-03-14 01:13:22 GSD getOne 第 1 次 等待 3 秒
2024-03-14 01:13:25 查询号码 【1708747】，返回信息 {"status":"ok","msg":"湖南-邵阳","gid":"197932","time_insert":"2021-07-05 13:18"}
2024-03-14 01:13:25 查询号码 【1708747】，GSD为【"湖南-邵阳"】

2024-03-14 01:13:26 开始第 8846 次操作

2024-03-14 01:13:26 开始操作号码 【1708748】
2024-03-14 01:13:31 GSD getOne 第 1 次 等待 3 秒
2024-03-14 01:13:34 查询号码 【1708748】，返回信息 {"status":"ok","msg":"湖南-邵阳","gid":"197937","time_insert":"2021-07-05 13:19"}
2024-03-14 01:13:34 查询号码 【1708748】，GSD为【"湖南-邵阳"】

2024-03-14 01:13:35 开始第 8847 次操作

2024-03-14 01:13:35 开始操作号码 【1708749】
2024-03-14 01:13:39 GSD getOne 第 1 次 等待 3 秒
2024-03-14 01:13:42 查询号码 【1708749】，返回信息 {"status":"ok","msg":"湖南-邵阳","gid":"197988","time_insert":"2021-07-05 13:37"}
2024-03-14 01:13:42 查询号码 【1708749】，GSD为【"湖南-邵阳"】

2024-03-14 01:13:43 开始第 8848 次操作

2024-03-14 01:13:43 开始操作号码 【1708750】
2024-03-14 01:13:47 GSD getOne 第 1 次 等待 3 秒
2024-03-14 01:13:50 查询号码 【1708750】，返回信息 {"status":"ok","msg":"江西-抚州","gid":"197997","time_insert":"2021-07-05 13:38"}
2024-03-14 01:13:50 查询号码 【1708750】，GSD为【"江西-抚州"】

