2021-07-05 00:00:19 开始第 18 次操作

2021-07-05 00:00:19 开始操作号码 【1668504】
2021-07-05 00:00:23 GSD getOne 第 1 次 等待 1 秒
2021-07-05 00:00:24 查询号码 【1668504】，返回信息 {"status":"bad","msg":""}
2021-07-05 00:00:24 查询号码 【1668504】，GSD为【""】
2021-07-05 00:00:24 bad
2021-07-05 00:00:29 CHB 1668504?1625414424 第 1 次 等待 1 秒
2021-07-05 00:00:30 CHB 1668504?1625414424 第 1 次 获取到号码【1668504】GSD
2021-07-05 00:00:30 获取到号码【1668504】的GSD为【贵州-黔南】
2021-07-05 00:00:37 GSD insert 第 1 次 等待 1 秒
2021-07-05 00:00:38 {"status":"ok","msg":"添加成功！193974"}
2021-07-05 00:00:38 下次操作: 2021-07-05 00:00:44

2021-07-05 00:00:44 开始第 19 次操作

2021-07-05 00:00:44 开始操作号码 【1668505】
2021-07-05 00:01:03 GSD getOne 第 1 次 等待 1 秒
2021-07-05 00:01:04 查询号码 【1668505】，返回信息 {"status":"bad","msg":""}
2021-07-05 00:01:04 查询号码 【1668505】，GSD为【""】
2021-07-05 00:01:04 bad
2021-07-05 00:01:06 CHB 1668505?1625414464 第 1 次 等待 1 秒
2021-07-05 00:01:07 CHB 1668505?1625414464 第 1 次 获取到号码【1668505】GSD
2021-07-05 00:01:07 获取到号码【1668505】的GSD为【贵州-黔东南】
2021-07-05 00:01:14 GSD insert 第 1 次 等待 1 秒
2021-07-05 00:01:15 {"status":"ok","msg":"添加成功！193980"}
2021-07-05 00:01:15 下次操作: 2021-07-05 00:01:23

2021-07-05 00:01:23 开始第 20 次操作

2021-07-05 00:01:23 开始操作号码 【1668506】
2021-07-05 00:01:42 GSD getOne 第 1 次 等待 1 秒
2021-07-05 00:01:43 查询号码 【1668506】，返回信息 {"status":"bad","msg":""}
2021-07-05 00:01:43 查询号码 【1668506】，GSD为【""】
2021-07-05 00:01:43 bad
2021-07-05 00:01:46 CHB 1668506?1625414503 第 1 次 等待 1 秒
2021-07-05 00:01:47 CHB 1668506?1625414503 第 1 次 获取到号码【1668506】GSD
2021-07-05 00:01:47 获取到号码【1668506】的GSD为【贵州-铜仁】
2021-07-05 00:01:50 GSD insert 第 1 次 等待 1 秒
2021-07-05 00:01:51 {"status":"ok","msg":"添加成功！193986"}
2021-07-05 00:01:51 下次操作: 2021-07-05 00:02:04

2021-07-05 00:02:04 开始第 21 次操作

2021-07-05 00:02:04 开始操作号码 【1668507】
2021-07-05 00:02:10 GSD getOne 第 1 次 等待 1 秒
2021-07-05 00:02:11 查询号码 【1668507】，返回信息 {"status":"ok","msg":"贵州-毕节","time_insert":"2019-11-06 11:14","time_update":"2020-11-21 06:47"}
2021-07-05 00:02:11 查询号码 【1668507】，GSD为【"贵州-毕节"】

2021-07-05 00:02:11 开始第 21 次操作

2021-07-05 00:02:11 开始操作号码 【1668508】
2021-07-05 00:02:18 GSD getOne 第 1 次 等待 1 秒
2021-07-05 00:02:19 查询号码 【1668508】，返回信息 {"status":"bad","msg":""}
2021-07-05 00:02:19 查询号码 【1668508】，GSD为【""】
2021-07-05 00:02:19 bad
2021-07-05 00:02:21 CHB 1668508?1625414539 第 1 次 等待 1 秒
2021-07-05 00:02:22 CHB 1668508?1625414539 第 1 次 获取到号码【1668508】GSD
2021-07-05 00:02:22 获取到号码【1668508】的GSD为【贵州-六盘水】
2021-07-05 00:02:28 GSD insert 第 1 次 等待 1 秒
2021-07-05 00:02:29 {"status":"ok","msg":"添加成功！193993"}
2021-07-05 00:02:29 下次操作: 2021-07-05 00:02:35

2021-07-05 00:02:35 开始第 22 次操作

2021-07-05 00:02:35 开始操作号码 【1668509】
2021-07-05 00:02:43 GSD getOne 第 1 次 等待 1 秒
2021-07-05 00:02:44 查询号码 【1668509】，返回信息 {"status":"bad","msg":""}
2021-07-05 00:02:44 查询号码 【1668509】，GSD为【""】
2021-07-05 00:02:44 bad
2021-07-05 00:02:46 CHB 1668509?1625414564 第 1 次 等待 1 秒
2021-07-05 00:02:47 CHB 1668509?1625414564 第 1 次 获取到号码【1668509】GSD
2021-07-05 00:02:47 获取到号码【1668509】的GSD为【贵州-黔西南】
2021-07-05 00:02:51 GSD insert 第 1 次 等待 1 秒
2021-07-05 00:02:52 {"status":"ok","msg":"添加成功！193997"}
2021-07-05 00:02:52 下次操作: 2021-07-05 00:02:59

2021-07-05 00:02:59 开始第 23 次操作

2021-07-05 00:02:59 开始操作号码 【1668510】
2021-07-05 00:03:02 GSD getOne 第 1 次 等待 1 秒
2021-07-05 00:03:03 查询号码 【1668510】，返回信息 {"status":"bad","msg":""}
2021-07-05 00:03:03 查询号码 【1668510】，GSD为【""】
2021-07-05 00:03:03 bad
2021-07-05 00:03:06 CHB 1668510?1625414583 第 1 次 等待 1 秒
2021-07-05 00:03:07 CHB 1668510?1625414583 第 1 次 获取到号码【1668510】GSD
2021-07-05 00:03:08 获取到号码【1668510】的GSD为【贵州-贵阳】
2021-07-05 00:03:11 GSD insert 第 1 次 等待 1 秒
2021-07-05 00:03:12 {"status":"ok","msg":"添加成功！194000"}
2021-07-05 00:03:12 下次操作: 2021-07-05 00:03:26

2021-07-05 00:03:26 开始第 24 次操作

2021-07-05 00:03:26 开始操作号码 【1668511】
2021-07-05 00:03:31 GSD getOne 第 1 次 等待 1 秒
2021-07-05 00:03:32 查询号码 【1668511】，返回信息 {"status":"bad","msg":""}
2021-07-05 00:03:32 查询号码 【1668511】，GSD为【""】
2021-07-05 00:03:32 bad
2021-07-05 00:03:34 CHB 1668511?1625414612 第 1 次 等待 1 秒
2021-07-05 00:03:35 CHB 1668511?1625414612 第 1 次 获取到号码【1668511】GSD
2021-07-05 00:03:35 获取到号码【1668511】的GSD为【贵州-贵阳】
2021-07-05 00:03:39 GSD insert 第 1 次 等待 1 秒
2021-07-05 00:03:40 {"status":"ok","msg":"添加成功！194005"}
2021-07-05 00:03:40 下次操作: 2021-07-05 00:03:57

2021-07-05 00:03:57 开始第 25 次操作

2021-07-05 00:03:57 开始操作号码 【1668512】
2021-07-05 00:04:16 GSD getOne 第 1 次 等待 1 秒
2021-07-05 00:04:17 查询号码 【1668512】，返回信息 {"status":"bad","msg":""}
2021-07-05 00:04:17 查询号码 【1668512】，GSD为【""】
2021-07-05 00:04:17 bad
2021-07-05 00:04:20 CHB 1668512?1625414657 第 1 次 等待 1 秒
2021-07-05 00:04:21 CHB 1668512?1625414657 第 1 次 获取到号码【1668512】GSD
2021-07-05 00:04:21 获取到号码【1668512】的GSD为【贵州-遵义】
2021-07-05 00:04:25 GSD insert 第 1 次 等待 1 秒
2021-07-05 00:04:26 {"status":"ok","msg":"添加成功！194012"}
2021-07-05 00:04:26 下次操作: 2021-07-05 00:04:42

2021-07-05 00:04:42 开始第 26 次操作

2021-07-05 00:04:42 开始操作号码 【1668513】
2021-07-05 00:04:48 GSD getOne 第 1 次 等待 1 秒
2021-07-05 00:04:49 查询号码 【1668513】，返回信息 {"status":"bad","msg":""}
2021-07-05 00:04:49 查询号码 【1668513】，GSD为【""】
2021-07-05 00:04:49 bad
2021-07-05 00:04:51 CHB 1668513?1625414689 第 1 次 等待 1 秒
2021-07-05 00:04:52 CHB 1668513?1625414689 第 1 次 获取到号码【1668513】GSD
2021-07-05 00:04:52 获取到号码【1668513】的GSD为【贵州-安顺】
2021-07-05 00:04:56 GSD insert 第 1 次 等待 1 秒
2021-07-05 00:04:57 {"status":"ok","msg":"添加成功！194019"}
2021-07-05 00:04:57 下次操作: 2021-07-05 00:05:08

2021-07-05 00:05:08 开始第 27 次操作

2021-07-05 00:05:08 开始操作号码 【1668514】
2021-07-05 00:05:12 GSD getOne 第 1 次 等待 1 秒
2021-07-05 00:05:13 查询号码 【1668514】，返回信息 {"status":"ok","msg":"贵州-黔南","time_insert":"2021-05-06 08:52"}
2021-07-05 00:05:13 查询号码 【1668514】，GSD为【"贵州-黔南"】

2021-07-05 00:05:13 开始第 27 次操作

2021-07-05 00:05:13 开始操作号码 【1668515】
2021-07-05 00:05:21 GSD getOne 第 1 次 等待 1 秒
2021-07-05 00:05:22 查询号码 【1668515】，返回信息 {"status":"ok","msg":"贵州-黔东南","time_insert":"2021-04-21 13:51"}
2021-07-05 00:05:22 查询号码 【1668515】，GSD为【"贵州-黔东南"】

2021-07-05 00:05:22 开始第 27 次操作

2021-07-05 00:05:22 开始操作号码 【1668516】
2021-07-05 00:05:29 GSD getOne 第 1 次 等待 1 秒
2021-07-05 00:05:30 查询号码 【1668516】，返回信息 {"status":"bad","msg":""}
2021-07-05 00:05:31 查询号码 【1668516】，GSD为【""】
2021-07-05 00:05:31 bad
2021-07-05 00:05:32 CHB 1668516?1625414731 第 1 次 等待 1 秒
2021-07-05 00:05:33 CHB 1668516?1625414731 第 1 次 获取到号码【1668516】GSD
2021-07-05 00:05:34 获取到号码【1668516】的GSD为【贵州-铜仁】
2021-07-05 00:05:51 GSD insert 第 1 次 等待 1 秒
2021-07-05 00:05:52 {"status":"ok","msg":"添加成功！194026"}
2021-07-05 00:05:52 下次操作: 2021-07-05 00:06:01

2021-07-05 00:06:01 开始第 28 次操作

2021-07-05 00:06:01 开始操作号码 【1668517】
2021-07-05 00:06:06 GSD getOne 第 1 次 等待 1 秒
2021-07-05 00:06:07 查询号码 【1668517】，返回信息 {"status":"bad","msg":""}
2021-07-05 00:06:07 查询号码 【1668517】，GSD为【""】
2021-07-05 00:06:07 bad
2021-07-05 00:06:09 CHB 1668517?1625414767 第 1 次 等待 1 秒
2021-07-05 00:06:10 CHB 1668517?1625414767 第 1 次 获取到号码【1668517】GSD
2021-07-05 00:06:10 获取到号码【1668517】的GSD为【贵州-毕节】
2021-07-05 00:06:14 GSD insert 第 1 次 等待 1 秒
2021-07-05 00:06:15 {"status":"ok","msg":"添加成功！194027"}
2021-07-05 00:06:15 下次操作: 2021-07-05 00:06:30

2021-07-05 00:06:30 开始第 29 次操作

2021-07-05 00:06:30 开始操作号码 【1668518】
2021-07-05 00:06:34 GSD getOne 第 1 次 等待 1 秒
2021-07-05 00:06:35 查询号码 【1668518】，返回信息 {"status":"bad","msg":""}
2021-07-05 00:06:35 查询号码 【1668518】，GSD为【""】
2021-07-05 00:06:35 bad
2021-07-05 00:06:36 CHB 1668518?1625414795 第 1 次 等待 1 秒
2021-07-05 00:06:37 CHB 1668518?1625414795 第 1 次 获取到号码【1668518】GSD
2021-07-05 00:06:37 获取到号码【1668518】的GSD为【贵州-六盘水】
2021-07-05 00:06:45 GSD insert 第 1 次 等待 1 秒
2021-07-05 00:06:46 {"status":"ok","msg":"添加成功！194034"}
2021-07-05 00:06:47 下次操作: 2021-07-05 00:06:54

2021-07-05 00:06:54 开始第 30 次操作

2021-07-05 00:06:54 开始操作号码 【1668519】
2021-07-05 00:07:02 GSD getOne 第 1 次 等待 1 秒
2021-07-05 00:07:03 查询号码 【1668519】，返回信息 {"status":"bad","msg":""}
2021-07-05 00:07:03 查询号码 【1668519】，GSD为【""】
2021-07-05 00:07:03 bad
2021-07-05 00:07:11 CHB 1668519?1625414823 第 1 次 等待 1 秒
2021-07-05 00:07:12 CHB 1668519?1625414823 第 1 次 获取到号码【1668519】GSD
2021-07-05 00:07:12 获取到号码【1668519】的GSD为【贵州-黔西南】
2021-07-05 00:07:16 GSD insert 第 1 次 等待 1 秒
2021-07-05 00:07:17 {"status":"ok","msg":"添加成功！194038"}

