2024-03-06 00:16:16 开始第 7377 次操作

2024-03-06 00:16:16 开始操作号码 【1707279】
2024-03-06 00:16:22 GSD getOne 第 1 次 等待 3 秒
2024-03-06 00:16:25 查询号码 【1707279】，返回信息 {"status":"ok","msg":"湖北-武汉","gid":"52003","time_insert":"2021-04-22 10:35"}
2024-03-06 00:16:25 查询号码 【1707279】，GSD为【"湖北-武汉"】

2024-03-06 00:16:26 开始第 7378 次操作

2024-03-06 00:16:26 开始操作号码 【1707280】
2024-03-06 00:16:30 GSD getOne 第 1 次 等待 3 秒
2024-03-06 00:16:33 查询号码 【1707280】，返回信息 {"status":"ok","msg":"四川-成都","gid":"28635","time_insert":"2018-05-31 14:56","time_update":"2020-10-27 17:13"}
2024-03-06 00:16:33 查询号码 【1707280】，GSD为【"四川-成都"】

2024-03-06 00:16:34 开始第 7379 次操作

2024-03-06 00:16:34 开始操作号码 【1707281】
2024-03-06 00:16:39 GSD getOne 第 1 次 等待 3 秒
2024-03-06 00:16:42 查询号码 【1707281】，返回信息 {"status":"ok","msg":"四川-成都","gid":"179861","time_insert":"2021-07-03 07:45"}
2024-03-06 00:16:42 查询号码 【1707281】，GSD为【"四川-成都"】

2024-03-06 00:16:43 开始第 7380 次操作

2024-03-06 00:16:43 开始操作号码 【1707282】
2024-03-06 00:16:47 GSD getOne 第 1 次 等待 3 秒
2024-03-06 00:16:50 查询号码 【1707282】，返回信息 {"status":"ok","msg":"四川-成都","gid":"179870","time_insert":"2021-07-03 07:45"}
2024-03-06 00:16:50 查询号码 【1707282】，GSD为【"四川-成都"】

