2024-07-12 00:18:54 开始第 5593 次操作

2024-07-12 00:18:54 开始操作号码 【1485494】
2024-07-12 00:19:04 GSD getOne 第 1 次 等待 3 秒
2024-07-12 00:19:07 查询号码 【1485494】，返回信息 {"status":"ok","msg":"湖南-长沙","gid":"250390","time_insert":"2021-07-11 19:34","time_update":"2023-05-25 16:37"}
2024-07-12 00:19:07 查询号码 【1485494】，GSD为【"湖南-长沙"】

2024-07-12 00:19:08 开始第 5594 次操作

2024-07-12 00:19:08 开始操作号码 【1485495】
2024-07-12 00:19:17 GSD getOne 第 1 次 等待 3 秒
2024-07-12 00:19:20 查询号码 【1485495】，返回信息 {"status":"ok","msg":"湖南-长沙","gid":"250441","time_insert":"2021-07-11 19:38","time_update":"2023-05-25 16:48"}
2024-07-12 00:19:20 查询号码 【1485495】，GSD为【"湖南-长沙"】

2024-07-12 00:19:21 开始第 5595 次操作

2024-07-12 00:19:21 开始操作号码 【1485496】
2024-07-12 00:19:29 GSD getOne 第 1 次 等待 3 秒
2024-07-12 00:19:32 查询号码 【1485496】，返回信息 {"status":"ok","msg":"湖南-长沙","gid":"250496","time_insert":"2021-07-11 19:41","time_update":"2023-05-25 17:07"}
2024-07-12 00:19:32 查询号码 【1485496】，GSD为【"湖南-长沙"】

2024-07-12 00:19:33 开始第 5596 次操作

2024-07-12 00:19:33 开始操作号码 【1485497】
2024-07-12 00:19:41 GSD getOne 第 1 次 等待 3 秒
2024-07-12 00:19:44 查询号码 【1485497】，返回信息 {"status":"ok","msg":"湖南-长沙","gid":"250557","time_insert":"2021-07-11 19:46","time_update":"2023-05-25 17:17"}
2024-07-12 00:19:44 查询号码 【1485497】，GSD为【"湖南-长沙"】

