2024-01-09 00:18:33 开始第 7765 次操作

2024-01-09 00:18:33 开始操作号码 【1817667】
2024-01-09 00:18:37 GSD getOne 第 1 次 等待 3 秒
2024-01-09 00:18:40 查询号码 【1817667】，返回信息 {"status":"ok","msg":"广西-玉林","gid":"393395","time_insert":"2021-07-25 20:57"}
2024-01-09 00:18:40 查询号码 【1817667】，GSD为【"广西-玉林"】

2024-01-09 00:18:41 开始第 7766 次操作

2024-01-09 00:18:41 开始操作号码 【1817668】
2024-01-09 00:18:44 GSD getOne 第 1 次 等待 3 秒
2024-01-09 00:18:47 查询号码 【1817668】，返回信息 {"status":"ok","msg":"广西-玉林","gid":"393298","time_insert":"2021-07-25 20:13"}
2024-01-09 00:18:47 查询号码 【1817668】，GSD为【"广西-玉林"】

2024-01-09 00:18:48 开始第 7767 次操作

2024-01-09 00:18:48 开始操作号码 【1817669】
2024-01-09 00:18:51 GSD getOne 第 1 次 等待 3 秒
2024-01-09 00:18:54 查询号码 【1817669】，返回信息 {"status":"ok","msg":"广西-玉林","gid":"393296","time_insert":"2021-07-25 20:12"}
2024-01-09 00:18:54 查询号码 【1817669】，GSD为【"广西-玉林"】

2024-01-09 00:18:55 开始第 7768 次操作

2024-01-09 00:18:55 开始操作号码 【1817670】
2024-01-09 00:18:58 GSD getOne 第 1 次 等待 3 秒
2024-01-09 00:19:01 查询号码 【1817670】，返回信息 {"status":"ok","msg":"广西-柳州","gid":"393293","time_insert":"2021-07-25 20:11"}
2024-01-09 00:19:01 查询号码 【1817670】，GSD为【"广西-柳州"】

