2024-09-24 00:15:12 开始第 6361 次操作

2024-09-24 00:15:12 开始操作号码 【1376360】
2024-09-24 00:15:14 GSD getOne 第 1 次 等待 3 秒
2024-09-24 00:15:17 查询号码 【1376360】，返回信息 {"status":"ok","msg":"黑龙江-牡丹江","gid":"369666","time_insert":"2021-07-23 20:21"}
2024-09-24 00:15:17 查询号码 【1376360】，GSD为【"黑龙江-牡丹江"】

2024-09-24 00:15:18 开始第 6362 次操作

2024-09-24 00:15:18 开始操作号码 【1376361】
2024-09-24 00:15:20 GSD getOne 第 1 次 等待 3 秒
2024-09-24 00:15:23 查询号码 【1376361】，返回信息 {"status":"ok","msg":"黑龙江-牡丹江","gid":"369686","time_insert":"2021-07-23 20:32"}
2024-09-24 00:15:23 查询号码 【1376361】，GSD为【"黑龙江-牡丹江"】

2024-09-24 00:15:24 开始第 6363 次操作

2024-09-24 00:15:24 开始操作号码 【1376362】
2024-09-24 00:15:41 GSD getOne 第 1 次 等待 3 秒
2024-09-24 00:15:44 查询号码 【1376362】，返回信息 {"status":"ok","msg":"黑龙江-牡丹江","gid":"369712","time_insert":"2021-07-23 20:47"}
2024-09-24 00:15:44 查询号码 【1376362】，GSD为【"黑龙江-牡丹江"】

2024-09-24 00:15:45 开始第 6364 次操作

2024-09-24 00:15:45 开始操作号码 【1376363】
2024-09-24 00:15:46 GSD getOne 第 1 次 等待 3 秒
2024-09-24 00:15:49 查询号码 【1376363】，返回信息 {"status":"ok","msg":"黑龙江-佳木斯","gid":"369768","time_insert":"2021-07-23 21:01"}
2024-09-24 00:15:49 查询号码 【1376363】，GSD为【"黑龙江-佳木斯"】

2024-09-24 00:42:21 开始第 6365 次操作

2024-09-24 00:42:21 开始操作号码 【1376364】
2024-09-24 00:42:23 GSD getOne 第 1 次 等待 3 秒
2024-09-24 00:42:26 查询号码 【1376364】，返回信息 {"status":"ok","msg":"黑龙江-鸡西","gid":"369806","time_insert":"2021-07-23 21:03"}
2024-09-24 00:42:26 查询号码 【1376364】，GSD为【"黑龙江-鸡西"】

2024-09-24 00:42:27 开始第 6366 次操作

2024-09-24 00:42:27 开始操作号码 【1376365】
2024-09-24 00:42:29 GSD getOne 第 1 次 等待 3 秒
2024-09-24 00:42:32 查询号码 【1376365】，返回信息 {"status":"ok","msg":"黑龙江-鸡西","gid":"369796","time_insert":"2021-07-23 21:03"}
2024-09-24 00:42:32 查询号码 【1376365】，GSD为【"黑龙江-鸡西"】

2024-09-24 00:42:33 开始第 6367 次操作

2024-09-24 00:42:33 开始操作号码 【1376366】
2024-09-24 00:42:35 GSD getOne 第 1 次 等待 3 秒
2024-09-24 00:42:38 查询号码 【1376366】，返回信息 {"status":"ok","msg":"黑龙江-鸡西","gid":"369789","time_insert":"2021-07-23 21:02"}
2024-09-24 00:42:38 查询号码 【1376366】，GSD为【"黑龙江-鸡西"】

2024-09-24 00:42:39 开始第 6368 次操作

2024-09-24 00:42:39 开始操作号码 【1376367】
2024-09-24 00:42:41 GSD getOne 第 1 次 等待 3 秒
2024-09-24 00:42:44 查询号码 【1376367】，返回信息 {"status":"ok","msg":"黑龙江-鸡西","gid":"369779","time_insert":"2021-07-23 21:01"}
2024-09-24 00:42:44 查询号码 【1376367】，GSD为【"黑龙江-鸡西"】

