2023-11-22 00:19:40 开始第 25 次操作

2023-11-22 00:19:40 开始操作号码 【1919926】
2023-11-22 00:19:44 GSD getOne 第 1 次 等待 3 秒
2023-11-22 00:19:47 查询号码 【1919926】，返回信息 {"status":"ok","msg":"新疆-乌鲁木齐","gid":"431531","time_insert":"2021-07-29 07:56"}
2023-11-22 00:19:47 查询号码 【1919926】，GSD为【"新疆-乌鲁木齐"】

2023-11-22 00:19:48 开始第 26 次操作

2023-11-22 00:19:48 开始操作号码 【1919927】
2023-11-22 00:19:52 GSD getOne 第 1 次 等待 3 秒
2023-11-22 00:19:55 查询号码 【1919927】，返回信息 {"status":"ok","msg":"新疆-乌鲁木齐","gid":"431523","time_insert":"2021-07-29 07:56"}
2023-11-22 00:19:55 查询号码 【1919927】，GSD为【"新疆-乌鲁木齐"】

2023-11-22 00:19:56 开始第 27 次操作

2023-11-22 00:19:56 开始操作号码 【1919928】
2023-11-22 00:20:03 GSD getOne 第 1 次 等待 3 秒
2023-11-22 00:20:06 查询号码 【1919928】，返回信息 {"status":"ok","msg":"新疆-乌鲁木齐","gid":"431513","time_insert":"2021-07-29 07:55"}
2023-11-22 00:20:06 查询号码 【1919928】，GSD为【"新疆-乌鲁木齐"】

2023-11-22 00:20:07 开始第 28 次操作

2023-11-22 00:20:07 开始操作号码 【1919929】
2023-11-22 00:20:19 GSD getOne 第 1 次 等待 3 秒
2023-11-22 00:20:22 查询号码 【1919929】，返回信息 {"status":"ok","msg":"新疆-乌鲁木齐","gid":"431500","time_insert":"2021-07-29 07:55"}
2023-11-22 00:20:22 查询号码 【1919929】，GSD为【"新疆-乌鲁木齐"】

