2024-07-19 00:18:51 开始第 6829 次操作

2024-07-19 00:18:51 开始操作号码 【1486730】
2024-07-19 00:19:00 GSD getOne 第 1 次 等待 3 秒
2024-07-19 00:19:03 查询号码 【1486730】，返回信息 {"status":"ok","msg":"广东-广州","gid":"286046","time_insert":"2021-07-15 17:52","time_update":"2023-05-22 22:29"}
2024-07-19 00:19:03 查询号码 【1486730】，GSD为【"广东-广州"】

2024-07-19 00:19:04 开始第 6830 次操作

2024-07-19 00:19:04 开始操作号码 【1486731】
2024-07-19 00:19:14 GSD getOne 第 1 次 等待 3 秒
2024-07-19 00:19:17 查询号码 【1486731】，返回信息 {"status":"ok","msg":"广东-广州","gid":"286088","time_insert":"2021-07-15 17:56","time_update":"2023-05-22 22:20"}
2024-07-19 00:19:17 查询号码 【1486731】，GSD为【"广东-广州"】

2024-07-19 00:19:18 开始第 6831 次操作

2024-07-19 00:19:18 开始操作号码 【1486732】
2024-07-19 00:19:26 GSD getOne 第 1 次 等待 3 秒
2024-07-19 00:19:29 查询号码 【1486732】，返回信息 {"status":"ok","msg":"广东-广州","gid":"286123","time_insert":"2021-07-15 18:00","time_update":"2023-05-22 22:00"}
2024-07-19 00:19:30 查询号码 【1486732】，GSD为【"广东-广州"】

2024-07-19 00:19:31 开始第 6832 次操作

2024-07-19 00:19:31 开始操作号码 【1486733】
2024-07-19 00:19:40 GSD getOne 第 1 次 等待 3 秒
2024-07-19 00:19:43 查询号码 【1486733】，返回信息 {"status":"ok","msg":"广东-广州","gid":"286164","time_insert":"2021-07-15 18:04","time_update":"2023-05-22 21:46"}
2024-07-19 00:19:43 查询号码 【1486733】，GSD为【"广东-广州"】

