2023-12-10 00:16:34 开始第 2369 次操作

2023-12-10 00:16:34 开始操作号码 【1812271】
2023-12-10 00:16:38 GSD getOne 第 1 次 等待 3 秒
2023-12-10 00:16:41 查询号码 【1812271】，返回信息 {"status":"ok","msg":"广东-广州","gid":"451223","time_insert":"2021-07-31 02:51"}
2023-12-10 00:16:41 查询号码 【1812271】，GSD为【"广东-广州"】

2023-12-10 00:16:43 开始第 2370 次操作

2023-12-10 00:16:43 开始操作号码 【1812272】
2023-12-10 00:16:50 GSD getOne 第 1 次 等待 3 秒
2023-12-10 00:16:53 查询号码 【1812272】，返回信息 {"status":"ok","msg":"广东-广州","gid":"451213","time_insert":"2021-07-31 02:50"}
2023-12-10 00:16:53 查询号码 【1812272】，GSD为【"广东-广州"】

2023-12-10 00:16:54 开始第 2371 次操作

2023-12-10 00:16:54 开始操作号码 【1812273】
2023-12-10 00:17:04 GSD getOne 第 1 次 等待 3 秒
2023-12-10 00:17:07 查询号码 【1812273】，返回信息 {"status":"ok","msg":"广东-广州","gid":"451199","time_insert":"2021-07-31 02:50"}
2023-12-10 00:17:07 查询号码 【1812273】，GSD为【"广东-广州"】

2023-12-10 00:17:08 开始第 2372 次操作

2023-12-10 00:17:08 开始操作号码 【1812274】
2023-12-10 00:17:11 GSD getOne 第 1 次 等待 3 秒
2023-12-10 00:17:14 查询号码 【1812274】，返回信息 {"status":"ok","msg":"广东-广州","gid":"451186","time_insert":"2021-07-31 02:49"}
2023-12-10 00:17:15 查询号码 【1812274】，GSD为【"广东-广州"】

