2024-02-19 00:16:34 开始第 4509 次操作

2024-02-19 00:16:34 开始操作号码 【1704411】
2024-02-19 00:16:39 GSD getOne 第 1 次 等待 3 秒
2024-02-19 00:16:42 查询号码 【1704411】，返回信息 {"status":"ok","msg":"黑龙江-哈尔滨","gid":"148495","time_insert":"2021-06-28 19:07"}
2024-02-19 00:16:42 查询号码 【1704411】，GSD为【"黑龙江-哈尔滨"】

2024-02-19 00:16:43 开始第 4510 次操作

2024-02-19 00:16:43 开始操作号码 【1704412】
2024-02-19 00:16:47 GSD getOne 第 1 次 等待 3 秒
2024-02-19 00:16:50 查询号码 【1704412】，返回信息 {"status":"ok","msg":"黑龙江-哈尔滨","gid":"148502","time_insert":"2021-06-28 19:08"}
2024-02-19 00:16:50 查询号码 【1704412】，GSD为【"黑龙江-哈尔滨"】

2024-02-19 00:16:51 开始第 4511 次操作

2024-02-19 00:16:51 开始操作号码 【1704413】
2024-02-19 00:16:57 GSD getOne 第 1 次 等待 3 秒
2024-02-19 00:17:00 查询号码 【1704413】，返回信息 {"status":"ok","msg":"黑龙江-哈尔滨","gid":"148510","time_insert":"2021-06-28 19:09"}
2024-02-19 00:17:00 查询号码 【1704413】，GSD为【"黑龙江-哈尔滨"】

2024-02-19 00:17:01 开始第 4512 次操作

2024-02-19 00:17:01 开始操作号码 【1704414】
2024-02-19 00:17:05 GSD getOne 第 1 次 等待 3 秒
2024-02-19 00:17:08 查询号码 【1704414】，返回信息 {"status":"ok","msg":"黑龙江-哈尔滨","gid":"148584","time_insert":"2021-06-28 19:36"}
2024-02-19 00:17:08 查询号码 【1704414】，GSD为【"黑龙江-哈尔滨"】

2024-02-19 00:36:52 开始第 4513 次操作

2024-02-19 00:36:52 开始操作号码 【1704415】
2024-02-19 00:37:00 GSD getOne 第 1 次 等待 3 秒
2024-02-19 00:37:03 查询号码 【1704415】，返回信息 {"status":"ok","msg":"黑龙江-哈尔滨","gid":"148592","time_insert":"2021-06-28 19:37"}
2024-02-19 00:37:03 查询号码 【1704415】，GSD为【"黑龙江-哈尔滨"】

2024-02-19 00:37:04 开始第 4514 次操作

2024-02-19 00:37:04 开始操作号码 【1704416】
2024-02-19 00:37:08 GSD getOne 第 1 次 等待 3 秒
2024-02-19 00:37:11 查询号码 【1704416】，返回信息 {"status":"ok","msg":"黑龙江-哈尔滨","gid":"148600","time_insert":"2021-06-28 19:38"}
2024-02-19 00:37:11 查询号码 【1704416】，GSD为【"黑龙江-哈尔滨"】

2024-02-19 00:37:12 开始第 4515 次操作

2024-02-19 00:37:12 开始操作号码 【1704417】
2024-02-19 00:37:16 GSD getOne 第 1 次 等待 3 秒
2024-02-19 00:37:19 查询号码 【1704417】，返回信息 {"status":"ok","msg":"黑龙江-哈尔滨","gid":"148610","time_insert":"2021-06-28 19:38"}
2024-02-19 00:37:19 查询号码 【1704417】，GSD为【"黑龙江-哈尔滨"】

2024-02-19 00:37:20 开始第 4516 次操作

2024-02-19 00:37:20 开始操作号码 【1704418】
2024-02-19 00:37:24 GSD getOne 第 1 次 等待 3 秒
2024-02-19 00:37:27 查询号码 【1704418】，返回信息 {"status":"ok","msg":"黑龙江-哈尔滨","gid":"148622","time_insert":"2021-06-28 19:39"}
2024-02-19 00:37:27 查询号码 【1704418】，GSD为【"黑龙江-哈尔滨"】

