2024-04-01 00:15:24 开始第 1265 次操作

2024-04-01 00:15:24 开始操作号码 【1591168】
2024-04-01 00:15:29 GSD getOne 第 1 次 等待 3 秒
2024-04-01 00:15:32 查询号码 【1591168】，返回信息 {"status":"ok","msg":"云南-昆明","gid":"26539","time_insert":"2017-07-04 15:44","time_update":"2020-12-02 07:56"}
2024-04-01 00:15:32 查询号码 【1591168】，GSD为【"云南-昆明"】

2024-04-01 00:15:33 开始第 1266 次操作

2024-04-01 00:15:33 开始操作号码 【1591169】
2024-04-01 00:15:39 GSD getOne 第 1 次 等待 3 秒
2024-04-01 00:15:42 查询号码 【1591169】，返回信息 {"status":"ok","msg":"云南-昆明","gid":"26540","time_insert":"2015-06-19 23:01","time_update":"2020-12-02 08:00"}
2024-04-01 00:15:42 查询号码 【1591169】，GSD为【"云南-昆明"】

2024-04-01 00:15:43 开始第 1267 次操作

2024-04-01 00:15:43 开始操作号码 【1591170】
2024-04-01 00:15:48 GSD getOne 第 1 次 等待 3 秒
2024-04-01 00:15:51 查询号码 【1591170】，返回信息 {"status":"ok","msg":"云南-昆明","gid":"26541","time_insert":"2017-04-06 16:24","time_update":"2020-12-02 08:04"}
2024-04-01 00:15:51 查询号码 【1591170】，GSD为【"云南-昆明"】

2024-04-01 00:15:52 开始第 1268 次操作

2024-04-01 00:15:52 开始操作号码 【1591171】
2024-04-01 00:15:57 GSD getOne 第 1 次 等待 3 秒
2024-04-01 00:16:00 查询号码 【1591171】，返回信息 {"status":"ok","msg":"云南-昆明","gid":"114796","time_insert":"2021-06-22 19:50"}
2024-04-01 00:16:00 查询号码 【1591171】，GSD为【"云南-昆明"】

2024-04-01 00:37:48 开始第 1269 次操作

2024-04-01 00:37:48 开始操作号码 【1591172】
2024-04-01 00:37:54 GSD getOne 第 1 次 等待 3 秒
2024-04-01 00:37:57 查询号码 【1591172】，返回信息 {"status":"ok","msg":"云南-昆明","gid":"26542","time_insert":"2017-11-07 22:07","time_update":"2020-12-02 08:04"}
2024-04-01 00:37:57 查询号码 【1591172】，GSD为【"云南-昆明"】

2024-04-01 00:37:58 开始第 1270 次操作

2024-04-01 00:37:58 开始操作号码 【1591173】
2024-04-01 00:38:03 GSD getOne 第 1 次 等待 3 秒
2024-04-01 00:38:06 查询号码 【1591173】，返回信息 {"status":"ok","msg":"云南-昆明","gid":"26543","time_insert":"2017-07-18 14:43","time_update":"2020-12-02 08:08"}
2024-04-01 00:38:06 查询号码 【1591173】，GSD为【"云南-昆明"】

2024-04-01 00:38:07 开始第 1271 次操作

2024-04-01 00:38:07 开始操作号码 【1591174】
2024-04-01 00:38:12 GSD getOne 第 1 次 等待 3 秒
2024-04-01 00:38:15 查询号码 【1591174】，返回信息 {"status":"ok","msg":"云南-昆明","gid":"26544","time_insert":"2018-04-05 15:42","time_update":"2020-12-02 08:12"}
2024-04-01 00:38:15 查询号码 【1591174】，GSD为【"云南-昆明"】

2024-04-01 00:38:16 开始第 1272 次操作

2024-04-01 00:38:16 开始操作号码 【1591175】
2024-04-01 00:38:21 GSD getOne 第 1 次 等待 3 秒
2024-04-01 00:38:24 查询号码 【1591175】，返回信息 {"status":"ok","msg":"云南-德宏","gid":"26545","time_insert":"2017-08-20 23:19","time_update":"2020-12-02 08:16"}
2024-04-01 00:38:24 查询号码 【1591175】，GSD为【"云南-德宏"】

2024-04-01 01:11:52 开始第 1273 次操作

2024-04-01 01:11:52 开始操作号码 【1591176】
2024-04-01 01:11:59 GSD getOne 第 1 次 等待 3 秒
2024-04-01 01:12:02 查询号码 【1591176】，返回信息 {"status":"ok","msg":"云南-玉溪","gid":"26546","time_insert":"2019-08-08 13:29","time_update":"2020-12-02 08:20"}
2024-04-01 01:12:02 查询号码 【1591176】，GSD为【"云南-玉溪"】

2024-04-01 01:12:03 开始第 1274 次操作

2024-04-01 01:12:03 开始操作号码 【1591177】
2024-04-01 01:12:08 GSD getOne 第 1 次 等待 3 秒
2024-04-01 01:12:11 查询号码 【1591177】，返回信息 {"status":"ok","msg":"云南-玉溪","gid":"26547","time_insert":"2017-08-02 13:03","time_update":"2020-12-02 08:25"}
2024-04-01 01:12:11 查询号码 【1591177】，GSD为【"云南-玉溪"】

2024-04-01 01:12:12 开始第 1275 次操作

2024-04-01 01:12:12 开始操作号码 【1591178】
2024-04-01 01:12:19 GSD getOne 第 1 次 等待 3 秒
2024-04-01 01:12:22 查询号码 【1591178】，返回信息 {"status":"ok","msg":"云南-楚雄","gid":"26548","time_insert":"2017-07-21 10:49","time_update":"2020-12-02 08:28"}
2024-04-01 01:12:22 查询号码 【1591178】，GSD为【"云南-楚雄"】

2024-04-01 01:12:23 开始第 1276 次操作

2024-04-01 01:12:23 开始操作号码 【1591179】
2024-04-01 01:12:27 GSD getOne 第 1 次 等待 3 秒
2024-04-01 01:12:30 查询号码 【1591179】，返回信息 {"status":"ok","msg":"云南-西双版纳","gid":"26549","time_insert":"2018-06-19 11:03","time_update":"2020-12-02 08:33"}
2024-04-01 01:12:31 查询号码 【1591179】，GSD为【"云南-西双版纳"】

2024-04-01 01:37:26 开始第 1277 次操作

2024-04-01 01:37:26 开始操作号码 【1591180】
2024-04-01 01:37:31 GSD getOne 第 1 次 等待 3 秒
2024-04-01 01:37:34 查询号码 【1591180】，返回信息 {"status":"ok","msg":"云南-昭通","gid":"26550","time_insert":"2019-01-02 10:41","time_update":"2020-12-02 08:37"}
2024-04-01 01:37:34 查询号码 【1591180】，GSD为【"云南-昭通"】

2024-04-01 01:37:35 开始第 1278 次操作

2024-04-01 01:37:35 开始操作号码 【1591181】
2024-04-01 01:37:42 GSD getOne 第 1 次 等待 3 秒
2024-04-01 01:37:45 查询号码 【1591181】，返回信息 {"status":"ok","msg":"云南-昭通","gid":"26551","time_insert":"2016-02-17 10:24","time_update":"2020-12-02 08:41"}
2024-04-01 01:37:45 查询号码 【1591181】，GSD为【"云南-昭通"】

2024-04-01 01:37:46 开始第 1279 次操作

2024-04-01 01:37:46 开始操作号码 【1591182】
2024-04-01 01:37:50 GSD getOne 第 1 次 等待 3 秒
2024-04-01 01:37:53 查询号码 【1591182】，返回信息 {"status":"ok","msg":"云南-昭通","gid":"26552","time_insert":"2018-02-22 15:00","time_update":"2020-12-02 08:44"}
2024-04-01 01:37:53 查询号码 【1591182】，GSD为【"云南-昭通"】

2024-04-01 01:37:54 开始第 1280 次操作

2024-04-01 01:37:54 开始操作号码 【1591183】
2024-04-01 01:38:00 GSD getOne 第 1 次 等待 3 秒
2024-04-01 01:38:03 查询号码 【1591183】，返回信息 {"status":"ok","msg":"云南-昭通","gid":"26553","time_insert":"2017-08-11 23:03","time_update":"2020-12-02 08:49"}
2024-04-01 01:38:03 查询号码 【1591183】，GSD为【"云南-昭通"】

2024-04-01 02:15:56 开始第 1281 次操作

2024-04-01 02:15:56 开始操作号码 【1591184】
2024-04-01 02:16:03 GSD getOne 第 1 次 等待 3 秒
2024-04-01 02:16:06 查询号码 【1591184】，返回信息 {"status":"ok","msg":"云南-临沧","gid":"26554","time_insert":"2017-07-13 22:18","time_update":"2020-12-02 08:53"}
2024-04-01 02:16:06 查询号码 【1591184】，GSD为【"云南-临沧"】

2024-04-01 02:16:07 开始第 1282 次操作

2024-04-01 02:16:07 开始操作号码 【1591185】
2024-04-01 02:16:13 GSD getOne 第 1 次 等待 3 秒
2024-04-01 02:16:16 查询号码 【1591185】，返回信息 {"status":"ok","msg":"云南-临沧","gid":"26555","time_insert":"2018-02-06 17:05","time_update":"2020-12-02 08:57"}
2024-04-01 02:16:16 查询号码 【1591185】，GSD为【"云南-临沧"】

2024-04-01 02:16:17 开始第 1283 次操作

2024-04-01 02:16:17 开始操作号码 【1591186】
2024-04-01 02:16:22 GSD getOne 第 1 次 等待 3 秒
2024-04-01 02:16:25 查询号码 【1591186】，返回信息 {"status":"ok","msg":"云南-怒江","gid":"26556","time_insert":"2017-02-05 16:47","time_update":"2020-12-02 09:02"}
2024-04-01 02:16:25 查询号码 【1591186】，GSD为【"云南-怒江"】

2024-04-01 02:16:26 开始第 1284 次操作

2024-04-01 02:16:26 开始操作号码 【1591187】
2024-04-01 02:16:30 GSD getOne 第 1 次 等待 3 秒
2024-04-01 02:16:33 查询号码 【1591187】，返回信息 {"status":"ok","msg":"云南-迪庆","gid":"26557","time_insert":"2016-12-23 23:47","time_update":"2020-12-02 09:02"}
2024-04-01 02:16:33 查询号码 【1591187】，GSD为【"云南-迪庆"】

2024-04-01 02:36:04 开始第 1285 次操作

2024-04-01 02:36:04 开始操作号码 【1591188】
2024-04-01 02:36:10 GSD getOne 第 1 次 等待 3 秒
2024-04-01 02:36:13 查询号码 【1591188】，返回信息 {"status":"ok","msg":"云南-红河","gid":"26558","time_insert":"2017-06-21 15:16","time_update":"2020-12-02 09:07"}
2024-04-01 02:36:13 查询号码 【1591188】，GSD为【"云南-红河"】

2024-04-01 02:36:14 开始第 1286 次操作

2024-04-01 02:36:14 开始操作号码 【1591189】
2024-04-01 02:36:19 GSD getOne 第 1 次 等待 3 秒
2024-04-01 02:36:22 查询号码 【1591189】，返回信息 {"status":"ok","msg":"云南-临沧","gid":"26559","time_insert":"2017-06-28 18:06","time_update":"2020-12-02 09:11"}
2024-04-01 02:36:22 查询号码 【1591189】，GSD为【"云南-临沧"】

2024-04-01 02:36:23 开始第 1287 次操作

2024-04-01 02:36:23 开始操作号码 【1591190】
2024-04-01 02:36:28 GSD getOne 第 1 次 等待 3 秒
2024-04-01 02:36:31 查询号码 【1591190】，返回信息 {"status":"ok","msg":"云南-保山","gid":"26560","time_insert":"2016-12-01 12:59","time_update":"2020-12-02 09:15"}
2024-04-01 02:36:31 查询号码 【1591190】，GSD为【"云南-保山"】

2024-04-01 02:36:32 开始第 1288 次操作

2024-04-01 02:36:32 开始操作号码 【1591191】
2024-04-01 02:36:36 GSD getOne 第 1 次 等待 3 秒
2024-04-01 02:36:39 查询号码 【1591191】，返回信息 {"status":"ok","msg":"云南-保山","gid":"26561","time_insert":"2017-08-07 09:47","time_update":"2020-12-02 09:19"}
2024-04-01 02:36:40 查询号码 【1591191】，GSD为【"云南-保山"】

2024-04-01 03:11:02 开始第 1289 次操作

2024-04-01 03:11:02 开始操作号码 【1591192】
2024-04-01 03:11:08 GSD getOne 第 1 次 等待 3 秒
2024-04-01 03:11:11 查询号码 【1591192】，返回信息 {"status":"ok","msg":"云南-曲靖","gid":"26562","time_insert":"2017-08-12 12:33","time_update":"2020-12-02 09:22"}
2024-04-01 03:11:11 查询号码 【1591192】，GSD为【"云南-曲靖"】

2024-04-01 03:11:12 开始第 1290 次操作

2024-04-01 03:11:12 开始操作号码 【1591193】
2024-04-01 03:11:16 GSD getOne 第 1 次 等待 3 秒
2024-04-01 03:11:19 查询号码 【1591193】，返回信息 {"status":"ok","msg":"云南-曲靖","gid":"26563","time_insert":"2016-10-08 20:54","time_update":"2020-12-02 09:27"}
2024-04-01 03:11:19 查询号码 【1591193】，GSD为【"云南-曲靖"】

2024-04-01 03:11:20 开始第 1291 次操作

2024-04-01 03:11:20 开始操作号码 【1591194】
2024-04-01 03:11:25 GSD getOne 第 1 次 等待 3 秒
2024-04-01 03:11:28 查询号码 【1591194】，返回信息 {"status":"ok","msg":"云南-曲靖","gid":"26564","time_insert":"2017-08-21 02:32","time_update":"2020-12-02 09:30"}
2024-04-01 03:11:28 查询号码 【1591194】，GSD为【"云南-曲靖"】

2024-04-01 03:11:29 开始第 1292 次操作

2024-04-01 03:11:29 开始操作号码 【1591195】
2024-04-01 03:11:34 GSD getOne 第 1 次 等待 3 秒
2024-04-01 03:11:37 查询号码 【1591195】，返回信息 {"status":"ok","msg":"云南-曲靖","gid":"26565","time_insert":"2018-09-02 16:26","time_update":"2020-12-02 09:33"}
2024-04-01 03:11:37 查询号码 【1591195】，GSD为【"云南-曲靖"】

