2024-09-08 00:13:30 开始第 3517 次操作

2024-09-08 00:13:30 开始操作号码 【1373516】
2024-09-08 00:13:38 GSD getOne 第 1 次 等待 3 秒
2024-09-08 00:13:41 查询号码 【1373516】，返回信息 {"status":"ok","msg":"浙江-湖州","gid":"154624","time_insert":"2021-06-29 16:00","time_update":"2021-06-29 16:03"}
2024-09-08 00:13:42 查询号码 【1373516】，GSD为【"浙江-湖州"】

2024-09-08 00:13:43 开始第 3518 次操作

2024-09-08 00:13:43 开始操作号码 【1373517】
2024-09-08 00:13:53 GSD getOne 第 1 次 等待 3 秒
2024-09-08 00:13:56 查询号码 【1373517】，返回信息 {"status":"ok","msg":"浙江-湖州","gid":"154643","time_insert":"2021-06-29 16:10"}
2024-09-08 00:13:56 查询号码 【1373517】，GSD为【"浙江-湖州"】

2024-09-08 00:13:57 开始第 3519 次操作

2024-09-08 00:13:57 开始操作号码 【1373518】
2024-09-08 00:14:05 GSD getOne 第 1 次 等待 3 秒
2024-09-08 00:14:08 查询号码 【1373518】，返回信息 {"status":"ok","msg":"浙江-湖州","gid":"154670","time_insert":"2021-06-29 16:28"}
2024-09-08 00:14:08 查询号码 【1373518】，GSD为【"浙江-湖州"】

2024-09-08 00:14:09 开始第 3520 次操作

2024-09-08 00:14:09 开始操作号码 【1373519】
2024-09-08 00:14:17 GSD getOne 第 1 次 等待 3 秒
2024-09-08 00:14:20 查询号码 【1373519】，返回信息 {"status":"ok","msg":"浙江-湖州","gid":"154693","time_insert":"2021-06-29 16:44"}
2024-09-08 00:14:20 查询号码 【1373519】，GSD为【"浙江-湖州"】

2024-09-08 00:38:49 开始第 3521 次操作

2024-09-08 00:38:49 开始操作号码 【1373520】
2024-09-08 00:38:51 GSD getOne 第 1 次 等待 3 秒
2024-09-08 00:38:54 查询号码 【1373520】，返回信息 {"status":"ok","msg":"浙江-绍兴","gid":"154908","time_insert":"2021-06-29 17:01"}
2024-09-08 00:38:54 查询号码 【1373520】，GSD为【"浙江-绍兴"】

2024-09-08 00:38:55 开始第 3522 次操作

2024-09-08 00:38:55 开始操作号码 【1373521】
2024-09-08 00:39:03 GSD getOne 第 1 次 等待 3 秒
2024-09-08 00:39:06 查询号码 【1373521】，返回信息 {"status":"ok","msg":"浙江-绍兴","gid":"154977","time_insert":"2021-06-29 17:18"}
2024-09-08 00:39:06 查询号码 【1373521】，GSD为【"浙江-绍兴"】

2024-09-08 00:39:07 开始第 3523 次操作

2024-09-08 00:39:07 开始操作号码 【1373522】
2024-09-08 00:39:15 GSD getOne 第 1 次 等待 3 秒
2024-09-08 00:39:18 查询号码 【1373522】，返回信息 {"status":"ok","msg":"浙江-绍兴","gid":"9887","time_insert":"2016-04-16 00:18","time_update":"2020-08-28 12:42"}
2024-09-08 00:39:18 查询号码 【1373522】，GSD为【"浙江-绍兴"】

2024-09-08 00:39:19 开始第 3524 次操作

2024-09-08 00:39:19 开始操作号码 【1373523】
2024-09-08 00:39:21 GSD getOne 第 1 次 等待 3 秒
2024-09-08 00:39:24 查询号码 【1373523】，返回信息 {"status":"ok","msg":"浙江-绍兴","gid":"155001","time_insert":"2021-06-29 17:34"}
2024-09-08 00:39:24 查询号码 【1373523】，GSD为【"浙江-绍兴"】

2024-09-08 01:11:08 开始第 3525 次操作

2024-09-08 01:11:08 开始操作号码 【1373524】
2024-09-08 01:11:16 GSD getOne 第 1 次 等待 3 秒
2024-09-08 01:11:19 查询号码 【1373524】，返回信息 {"status":"ok","msg":"浙江-绍兴","gid":"155135","time_insert":"2021-06-29 17:57"}
2024-09-08 01:11:19 查询号码 【1373524】，GSD为【"浙江-绍兴"】

2024-09-08 01:11:20 开始第 3526 次操作

2024-09-08 01:11:20 开始操作号码 【1373525】
2024-09-08 01:11:28 GSD getOne 第 1 次 等待 3 秒
2024-09-08 01:11:31 查询号码 【1373525】，返回信息 {"status":"ok","msg":"浙江-绍兴","gid":"155298","time_insert":"2021-06-29 18:17"}
2024-09-08 01:11:31 查询号码 【1373525】，GSD为【"浙江-绍兴"】

2024-09-08 01:11:32 开始第 3527 次操作

2024-09-08 01:11:32 开始操作号码 【1373526】
2024-09-08 01:11:40 GSD getOne 第 1 次 等待 3 秒
2024-09-08 01:11:43 查询号码 【1373526】，返回信息 {"status":"ok","msg":"浙江-绍兴","gid":"155333","time_insert":"2021-06-29 18:38"}
2024-09-08 01:11:43 查询号码 【1373526】，GSD为【"浙江-绍兴"】

2024-09-08 01:11:44 开始第 3528 次操作

2024-09-08 01:11:44 开始操作号码 【1373527】
2024-09-08 01:11:58 GSD getOne 第 1 次 等待 3 秒
2024-09-08 01:12:01 查询号码 【1373527】，返回信息 {"status":"ok","msg":"浙江-绍兴","gid":"155505","time_insert":"2021-06-29 18:57"}
2024-09-08 01:12:01 查询号码 【1373527】，GSD为【"浙江-绍兴"】

2024-09-08 01:34:54 开始第 3529 次操作

2024-09-08 01:34:54 开始操作号码 【1373528】
2024-09-08 01:35:02 GSD getOne 第 1 次 等待 3 秒
2024-09-08 01:35:05 查询号码 【1373528】，返回信息 {"status":"ok","msg":"浙江-绍兴","gid":"155627","time_insert":"2021-06-29 19:18"}
2024-09-08 01:35:05 查询号码 【1373528】，GSD为【"浙江-绍兴"】

2024-09-08 01:35:06 开始第 3530 次操作

2024-09-08 01:35:06 开始操作号码 【1373529】
2024-09-08 01:35:14 GSD getOne 第 1 次 等待 3 秒
2024-09-08 01:35:17 查询号码 【1373529】，返回信息 {"status":"ok","msg":"浙江-绍兴","gid":"155750","time_insert":"2021-06-29 19:42"}
2024-09-08 01:35:17 查询号码 【1373529】，GSD为【"浙江-绍兴"】

2024-09-08 01:35:18 开始第 3531 次操作

2024-09-08 01:35:18 开始操作号码 【1373530】
2024-09-08 01:35:26 GSD getOne 第 1 次 等待 3 秒
2024-09-08 01:35:29 查询号码 【1373530】，返回信息 {"status":"ok","msg":"浙江-绍兴","gid":"155921","time_insert":"2021-06-29 20:00"}
2024-09-08 01:35:29 查询号码 【1373530】，GSD为【"浙江-绍兴"】

2024-09-08 01:35:30 开始第 3532 次操作

2024-09-08 01:35:30 开始操作号码 【1373531】
2024-09-08 01:35:38 GSD getOne 第 1 次 等待 3 秒
2024-09-08 01:35:41 查询号码 【1373531】，返回信息 {"status":"ok","msg":"浙江-绍兴","gid":"155954","time_insert":"2021-06-29 20:19"}
2024-09-08 01:35:41 查询号码 【1373531】，GSD为【"浙江-绍兴"】

2024-09-08 02:14:57 开始第 3533 次操作

2024-09-08 02:14:57 开始操作号码 【1373532】
2024-09-08 02:15:05 GSD getOne 第 1 次 等待 3 秒
2024-09-08 02:15:08 查询号码 【1373532】，返回信息 {"status":"ok","msg":"浙江-绍兴","gid":"9888","time_insert":"2020-07-25 10:32","time_update":"2020-08-28 12:46"}
2024-09-08 02:15:08 查询号码 【1373532】，GSD为【"浙江-绍兴"】

2024-09-08 02:15:09 开始第 3534 次操作

2024-09-08 02:15:09 开始操作号码 【1373533】
2024-09-08 02:15:17 GSD getOne 第 1 次 等待 3 秒
2024-09-08 02:15:20 查询号码 【1373533】，返回信息 {"status":"ok","msg":"浙江-绍兴","gid":"155979","time_insert":"2021-06-29 20:37"}
2024-09-08 02:15:20 查询号码 【1373533】，GSD为【"浙江-绍兴"】

2024-09-08 02:15:21 开始第 3535 次操作

2024-09-08 02:15:21 开始操作号码 【1373534】
2024-09-08 02:15:29 GSD getOne 第 1 次 等待 3 秒
2024-09-08 02:15:32 查询号码 【1373534】，返回信息 {"status":"ok","msg":"浙江-绍兴","gid":"156014","time_insert":"2021-06-29 21:00"}
2024-09-08 02:15:32 查询号码 【1373534】，GSD为【"浙江-绍兴"】

2024-09-08 02:15:33 开始第 3536 次操作

2024-09-08 02:15:33 开始操作号码 【1373535】
2024-09-08 02:15:41 GSD getOne 第 1 次 等待 3 秒
2024-09-08 02:15:44 查询号码 【1373535】，返回信息 {"status":"ok","msg":"浙江-绍兴","gid":"156043","time_insert":"2021-06-29 21:21"}
2024-09-08 02:15:44 查询号码 【1373535】，GSD为【"浙江-绍兴"】

