2024-02-03 00:15:31 开始第 1601 次操作

2024-02-03 00:15:31 开始操作号码 【1701503】
2024-02-03 00:15:35 GSD getOne 第 1 次 等待 3 秒
2024-02-03 00:15:38 查询号码 【1701503】，返回信息 {"status":"ok","msg":"重庆-重庆","gid":"122889","time_insert":"2021-06-24 15:02"}
2024-02-03 00:15:38 查询号码 【1701503】，GSD为【"重庆-重庆"】

2024-02-03 00:15:39 开始第 1602 次操作

2024-02-03 00:15:39 开始操作号码 【1701504】
2024-02-03 00:15:44 GSD getOne 第 1 次 等待 3 秒
2024-02-03 00:15:47 查询号码 【1701504】，返回信息 {"status":"ok","msg":"重庆-重庆","gid":"122893","time_insert":"2021-06-24 15:02"}
2024-02-03 00:15:47 查询号码 【1701504】，GSD为【"重庆-重庆"】

2024-02-03 00:15:48 开始第 1603 次操作

2024-02-03 00:15:48 开始操作号码 【1701505】
2024-02-03 00:15:52 GSD getOne 第 1 次 等待 3 秒
2024-02-03 00:15:55 查询号码 【1701505】，返回信息 {"status":"ok","msg":"重庆-重庆","gid":"122898","time_insert":"2021-06-24 15:03"}
2024-02-03 00:15:55 查询号码 【1701505】，GSD为【"重庆-重庆"】

2024-02-03 00:15:56 开始第 1604 次操作

2024-02-03 00:15:56 开始操作号码 【1701506】
2024-02-03 00:16:01 GSD getOne 第 1 次 等待 3 秒
2024-02-03 00:16:04 查询号码 【1701506】，返回信息 {"status":"ok","msg":"重庆-重庆","gid":"122904","time_insert":"2021-06-24 15:04"}
2024-02-03 00:16:04 查询号码 【1701506】，GSD为【"重庆-重庆"】

2024-02-03 00:35:57 开始第 1605 次操作

2024-02-03 00:35:57 开始操作号码 【1701507】
2024-02-03 00:36:01 GSD getOne 第 1 次 等待 3 秒
2024-02-03 00:36:04 查询号码 【1701507】，返回信息 {"status":"ok","msg":"重庆-重庆","gid":"122909","time_insert":"2021-06-24 15:05"}
2024-02-03 00:36:04 查询号码 【1701507】，GSD为【"重庆-重庆"】

2024-02-03 00:36:05 开始第 1606 次操作

2024-02-03 00:36:05 开始操作号码 【1701508】
2024-02-03 00:36:12 GSD getOne 第 1 次 等待 3 秒
2024-02-03 00:36:15 查询号码 【1701508】，返回信息 {"status":"ok","msg":"重庆-重庆","gid":"122913","time_insert":"2021-06-24 15:06"}
2024-02-03 00:36:15 查询号码 【1701508】，GSD为【"重庆-重庆"】

2024-02-03 00:36:16 开始第 1607 次操作

2024-02-03 00:36:16 开始操作号码 【1701509】
2024-02-03 00:36:21 GSD getOne 第 1 次 等待 3 秒
2024-02-03 00:36:24 查询号码 【1701509】，返回信息 {"status":"ok","msg":"重庆-重庆","gid":"122916","time_insert":"2021-06-24 15:07"}
2024-02-03 00:36:24 查询号码 【1701509】，GSD为【"重庆-重庆"】

2024-02-03 00:36:25 开始第 1608 次操作

2024-02-03 00:36:25 开始操作号码 【1701510】
2024-02-03 00:36:29 GSD getOne 第 1 次 等待 3 秒
2024-02-03 00:36:32 查询号码 【1701510】，返回信息 {"status":"ok","msg":"湖北-襄阳","gid":"122921","time_insert":"2021-06-24 15:07"}
2024-02-03 00:36:32 查询号码 【1701510】，GSD为【"湖北-襄阳"】

2024-02-03 01:13:06 开始第 1609 次操作

2024-02-03 01:13:06 开始操作号码 【1701511】
2024-02-03 01:13:14 GSD getOne 第 1 次 等待 3 秒
2024-02-03 01:13:17 查询号码 【1701511】，返回信息 {"status":"ok","msg":"湖北-襄阳","gid":"122925","time_insert":"2021-06-24 15:08"}
2024-02-03 01:13:17 查询号码 【1701511】，GSD为【"湖北-襄阳"】

2024-02-03 01:13:18 开始第 1610 次操作

2024-02-03 01:13:18 开始操作号码 【1701512】
2024-02-03 01:13:22 GSD getOne 第 1 次 等待 3 秒
2024-02-03 01:13:25 查询号码 【1701512】，返回信息 {"status":"ok","msg":"湖北-恩施","gid":"122929","time_insert":"2021-06-24 15:09"}
2024-02-03 01:13:25 查询号码 【1701512】，GSD为【"湖北-恩施"】

2024-02-03 01:13:26 开始第 1611 次操作

2024-02-03 01:13:26 开始操作号码 【1701513】
2024-02-03 01:13:31 GSD getOne 第 1 次 等待 3 秒
2024-02-03 01:13:34 查询号码 【1701513】，返回信息 {"status":"ok","msg":"湖北-恩施","gid":"122936","time_insert":"2021-06-24 15:10"}
2024-02-03 01:13:34 查询号码 【1701513】，GSD为【"湖北-恩施"】

2024-02-03 01:13:35 开始第 1612 次操作

2024-02-03 01:13:35 开始操作号码 【1701514】
2024-02-03 01:13:39 GSD getOne 第 1 次 等待 3 秒
2024-02-03 01:13:42 查询号码 【1701514】，返回信息 {"status":"ok","msg":"天津-天津","gid":"122942","time_insert":"2021-06-24 15:11"}
2024-02-03 01:13:42 查询号码 【1701514】，GSD为【"天津-天津"】

