2024-09-17 00:15:15 开始第 5117 次操作

2024-09-17 00:15:15 开始操作号码 【1375116】
2024-09-17 00:15:23 GSD getOne 第 1 次 等待 3 秒
2024-09-17 00:15:26 查询号码 【1375116】，返回信息 {"status":"ok","msg":"广东-深圳","gid":"277615","time_insert":"2021-07-14 21:46"}
2024-09-17 00:15:27 查询号码 【1375116】，GSD为【"广东-深圳"】

2024-09-17 00:15:28 开始第 5118 次操作

2024-09-17 00:15:28 开始操作号码 【1375117】
2024-09-17 00:15:36 GSD getOne 第 1 次 等待 3 秒
2024-09-17 00:15:39 查询号码 【1375117】，返回信息 {"status":"ok","msg":"广东-深圳","gid":"277801","time_insert":"2021-07-14 22:01"}
2024-09-17 00:15:39 查询号码 【1375117】，GSD为【"广东-深圳"】

2024-09-17 00:15:40 开始第 5119 次操作

2024-09-17 00:15:40 开始操作号码 【1375118】
2024-09-17 00:15:49 GSD getOne 第 1 次 等待 3 秒
2024-09-17 00:15:52 查询号码 【1375118】，返回信息 {"status":"ok","msg":"广东-深圳","gid":"277828","time_insert":"2021-07-14 22:14"}
2024-09-17 00:15:52 查询号码 【1375118】，GSD为【"广东-深圳"】

2024-09-17 00:15:53 开始第 5120 次操作

2024-09-17 00:15:53 开始操作号码 【1375119】
2024-09-17 00:16:03 GSD getOne 第 1 次 等待 3 秒
2024-09-17 00:16:06 查询号码 【1375119】，返回信息 {"status":"ok","msg":"广东-深圳","gid":"277849","time_insert":"2021-07-14 22:26"}
2024-09-17 00:16:06 查询号码 【1375119】，GSD为【"广东-深圳"】

