2023-12-22 00:17:48 开始第 4521 次操作

2023-12-22 00:17:48 开始操作号码 【1814423】
2023-12-22 00:17:51 GSD getOne 第 1 次 等待 3 秒
2023-12-22 00:17:54 查询号码 【1814423】，返回信息 {"status":"ok","msg":"四川-自贡","gid":"33647","time_insert":"2019-10-23 08:32","time_update":"2020-11-04 16:37"}
2023-12-22 00:17:54 查询号码 【1814423】，GSD为【"四川-自贡"】

2023-12-22 00:17:55 开始第 4522 次操作

2023-12-22 00:17:55 开始操作号码 【1814424】
2023-12-22 00:17:59 GSD getOne 第 1 次 等待 3 秒
2023-12-22 00:18:02 查询号码 【1814424】，返回信息 {"status":"ok","msg":"四川-绵阳","gid":"33648","time_insert":"2018-10-16 01:50","time_update":"2020-11-04 16:38"}
2023-12-22 00:18:02 查询号码 【1814424】，GSD为【"四川-绵阳"】

2023-12-22 00:18:03 开始第 4523 次操作

2023-12-22 00:18:03 开始操作号码 【1814425】
2023-12-22 00:18:07 GSD getOne 第 1 次 等待 3 秒
2023-12-22 00:18:10 查询号码 【1814425】，返回信息 {"status":"ok","msg":"四川-绵阳","gid":"33649","time_insert":"2018-06-25 08:00","time_update":"2020-11-04 16:42"}
2023-12-22 00:18:10 查询号码 【1814425】，GSD为【"四川-绵阳"】

2023-12-22 00:18:11 开始第 4524 次操作

2023-12-22 00:18:11 开始操作号码 【1814426】
2023-12-22 00:18:15 GSD getOne 第 1 次 等待 3 秒
2023-12-22 00:18:18 查询号码 【1814426】，返回信息 {"status":"ok","msg":"四川-绵阳","gid":"33650","time_insert":"2018-06-02 23:06","time_update":"2020-11-04 16:46"}
2023-12-22 00:18:18 查询号码 【1814426】，GSD为【"四川-绵阳"】

2023-12-22 00:39:23 开始第 4525 次操作

2023-12-22 00:39:23 开始操作号码 【1814427】
2023-12-22 00:39:27 GSD getOne 第 1 次 等待 3 秒
2023-12-22 00:39:30 查询号码 【1814427】，返回信息 {"status":"ok","msg":"四川-遂宁","gid":"33651","time_insert":"2019-01-22 18:45","time_update":"2020-11-04 16:49"}
2023-12-22 00:39:30 查询号码 【1814427】，GSD为【"四川-遂宁"】

2023-12-22 00:39:31 开始第 4526 次操作

2023-12-22 00:39:31 开始操作号码 【1814428】
2023-12-22 00:39:35 GSD getOne 第 1 次 等待 3 秒
2023-12-22 00:39:38 查询号码 【1814428】，返回信息 {"status":"ok","msg":"四川-宜宾","gid":"33652","time_insert":"2017-04-17 10:17","time_update":"2020-11-04 16:54"}
2023-12-22 00:39:38 查询号码 【1814428】，GSD为【"四川-宜宾"】

2023-12-22 00:39:39 开始第 4527 次操作

2023-12-22 00:39:39 开始操作号码 【1814429】
2023-12-22 00:39:45 GSD getOne 第 1 次 等待 3 秒
2023-12-22 00:39:48 查询号码 【1814429】，返回信息 {"status":"ok","msg":"四川-南充","gid":"33653","time_insert":"2017-06-24 16:55","time_update":"2020-11-04 16:58"}
2023-12-22 00:39:48 查询号码 【1814429】，GSD为【"四川-南充"】

2023-12-22 00:39:49 开始第 4528 次操作

2023-12-22 00:39:49 开始操作号码 【1814430】
2023-12-22 00:39:57 GSD getOne 第 1 次 等待 3 秒
2023-12-22 00:40:00 查询号码 【1814430】，返回信息 {"status":"ok","msg":"四川-乐山","gid":"33654","time_insert":"2016-04-28 08:32","time_update":"2020-11-04 17:02"}
2023-12-22 00:40:00 查询号码 【1814430】，GSD为【"四川-乐山"】

