2024-05-06 00:16:53 开始第 7409 次操作

2024-05-06 00:16:53 开始操作号码 【1597312】
2024-05-06 00:17:00 GSD getOne 第 1 次 等待 3 秒
2024-05-06 00:17:03 查询号码 【1597312】，返回信息 {"status":"ok","msg":"湖南-长沙","gid":"27625","time_insert":"2016-10-10 00:25","time_update":"2020-09-23 06:14"}
2024-05-06 00:17:03 查询号码 【1597312】，GSD为【"湖南-长沙"】

2024-05-06 00:17:04 开始第 7410 次操作

2024-05-06 00:17:04 开始操作号码 【1597313】
2024-05-06 00:17:10 GSD getOne 第 1 次 等待 3 秒
2024-05-06 00:17:13 查询号码 【1597313】，返回信息 {"status":"ok","msg":"湖南-长沙","gid":"121693","time_insert":"2021-06-24 08:04"}
2024-05-06 00:17:13 查询号码 【1597313】，GSD为【"湖南-长沙"】

2024-05-06 00:17:14 开始第 7411 次操作

2024-05-06 00:17:14 开始操作号码 【1597314】
2024-05-06 00:17:19 GSD getOne 第 1 次 等待 3 秒
2024-05-06 00:17:22 查询号码 【1597314】，返回信息 {"status":"ok","msg":"湖南-长沙","gid":"121691","time_insert":"2021-06-24 08:03"}
2024-05-06 00:17:22 查询号码 【1597314】，GSD为【"湖南-长沙"】

2024-05-06 00:17:23 开始第 7412 次操作

2024-05-06 00:17:23 开始操作号码 【1597315】
2024-05-06 00:17:32 GSD getOne 第 1 次 等待 3 秒
2024-05-06 00:17:35 查询号码 【1597315】，返回信息 {"status":"ok","msg":"湖南-长沙","gid":"121689","time_insert":"2021-06-24 08:02"}
2024-05-06 00:17:35 查询号码 【1597315】，GSD为【"湖南-长沙"】

