2024-01-07 00:16:39 开始第 7405 次操作

2024-01-07 00:16:39 开始操作号码 【1817307】
2024-01-07 00:16:43 GSD getOne 第 1 次 等待 3 秒
2024-01-07 00:16:46 查询号码 【1817307】，返回信息 {"status":"ok","msg":"湖南-岳阳","gid":"397244","time_insert":"2021-07-26 04:04"}
2024-01-07 00:16:46 查询号码 【1817307】，GSD为【"湖南-岳阳"】

2024-01-07 00:16:47 开始第 7406 次操作

2024-01-07 00:16:47 开始操作号码 【1817308】
2024-01-07 00:16:50 GSD getOne 第 1 次 等待 3 秒
2024-01-07 00:16:53 查询号码 【1817308】，返回信息 {"status":"ok","msg":"湖南-岳阳","gid":"397237","time_insert":"2021-07-26 04:03"}
2024-01-07 00:16:53 查询号码 【1817308】，GSD为【"湖南-岳阳"】

2024-01-07 00:16:54 开始第 7407 次操作

2024-01-07 00:16:54 开始操作号码 【1817309】
2024-01-07 00:16:57 GSD getOne 第 1 次 等待 3 秒
2024-01-07 00:17:00 查询号码 【1817309】，返回信息 {"status":"ok","msg":"湖南-岳阳","gid":"397235","time_insert":"2021-07-26 04:03"}
2024-01-07 00:17:00 查询号码 【1817309】，GSD为【"湖南-岳阳"】

2024-01-07 00:17:01 开始第 7408 次操作

2024-01-07 00:17:01 开始操作号码 【1817310】
2024-01-07 00:17:04 GSD getOne 第 1 次 等待 3 秒
2024-01-07 00:17:07 查询号码 【1817310】，返回信息 {"status":"ok","msg":"湖南-长沙","gid":"397230","time_insert":"2021-07-26 04:02"}
2024-01-07 00:17:07 查询号码 【1817310】，GSD为【"湖南-长沙"】

