2024-04-15 06:24:57 开始第 3705 次操作

2024-04-15 06:24:57 开始操作号码 【1593608】
2024-04-15 06:25:02 GSD getOne 第 1 次 等待 3 秒
2024-04-15 06:25:06 查询号码 【1593608】，返回信息 {"status":"ok","msg":"河南-周口","gid":"126912","time_insert":"2021-06-25 11:26"}
2024-04-15 06:25:06 查询号码 【1593608】，GSD为【"河南-周口"】

2024-04-15 06:25:07 开始第 3706 次操作

2024-04-15 06:25:07 开始操作号码 【1593609】
2024-04-15 06:25:11 GSD getOne 第 1 次 等待 3 秒
2024-04-15 06:25:14 查询号码 【1593609】，返回信息 {"status":"ok","msg":"河南-周口","gid":"27223","time_insert":"2017-06-10 12:40","time_update":"2020-09-11 17:13"}
2024-04-15 06:25:14 查询号码 【1593609】，GSD为【"河南-周口"】

2024-04-15 06:25:15 开始第 3707 次操作

2024-04-15 06:25:15 开始操作号码 【1593610】
2024-04-15 06:25:20 GSD getOne 第 1 次 等待 3 秒
2024-04-15 06:25:23 查询号码 【1593610】，返回信息 {"status":"ok","msg":"河南-南阳","gid":"126916","time_insert":"2021-06-25 11:27"}
2024-04-15 06:25:23 查询号码 【1593610】，GSD为【"河南-南阳"】

2024-04-15 06:25:24 开始第 3708 次操作

2024-04-15 06:25:24 开始操作号码 【1593611】
2024-04-15 06:25:31 GSD getOne 第 1 次 等待 3 秒
2024-04-15 06:25:34 查询号码 【1593611】，返回信息 {"status":"ok","msg":"河南-南阳","gid":"126920","time_insert":"2021-06-25 11:28"}
2024-04-15 06:25:34 查询号码 【1593611】，GSD为【"河南-南阳"】

2024-04-15 07:46:36 开始第 3709 次操作

2024-04-15 07:46:36 开始操作号码 【1593612】
2024-04-15 07:46:42 GSD getOne 第 1 次 等待 3 秒
2024-04-15 07:46:45 查询号码 【1593612】，返回信息 {"status":"ok","msg":"河南-南阳","gid":"54942","time_insert":"2020-07-18 18:09"}
2024-04-15 07:46:45 查询号码 【1593612】，GSD为【"河南-南阳"】

2024-04-15 07:46:46 开始第 3710 次操作

2024-04-15 07:46:46 开始操作号码 【1593613】
2024-04-15 07:46:51 GSD getOne 第 1 次 等待 3 秒
2024-04-15 07:46:54 查询号码 【1593613】，返回信息 {"status":"ok","msg":"河南-南阳","gid":"54943","time_insert":"2020-01-06 08:05"}
2024-04-15 07:46:54 查询号码 【1593613】，GSD为【"河南-南阳"】

2024-04-15 07:46:55 开始第 3711 次操作

2024-04-15 07:46:55 开始操作号码 【1593614】
2024-04-15 07:46:59 GSD getOne 第 1 次 等待 3 秒
2024-04-15 07:47:02 查询号码 【1593614】，返回信息 {"status":"ok","msg":"河南-南阳","gid":"126927","time_insert":"2021-06-25 11:28"}
2024-04-15 07:47:02 查询号码 【1593614】，GSD为【"河南-南阳"】

2024-04-15 07:47:04 开始第 3712 次操作

2024-04-15 07:47:04 开始操作号码 【1593615】
2024-04-15 07:47:08 GSD getOne 第 1 次 等待 3 秒
2024-04-15 07:47:11 查询号码 【1593615】，返回信息 {"status":"ok","msg":"河南-南阳","gid":"126931","time_insert":"2021-06-25 11:29"}
2024-04-15 07:47:11 查询号码 【1593615】，GSD为【"河南-南阳"】

2024-04-15 11:22:43 开始第 3713 次操作

2024-04-15 11:22:43 开始操作号码 【1593616】
2024-04-15 11:22:48 GSD getOne 第 1 次 等待 3 秒
2024-04-15 11:22:51 查询号码 【1593616】，返回信息 {"status":"ok","msg":"河南-南阳","gid":"126936","time_insert":"2021-06-25 11:29"}
2024-04-15 11:22:51 查询号码 【1593616】，GSD为【"河南-南阳"】

2024-04-15 11:22:52 开始第 3714 次操作

2024-04-15 11:22:52 开始操作号码 【1593617】
2024-04-15 11:22:57 GSD getOne 第 1 次 等待 3 秒
2024-04-15 11:23:00 查询号码 【1593617】，返回信息 {"status":"ok","msg":"河南-南阳","gid":"27224","time_insert":"2016-06-09 23:44","time_update":"2020-09-11 17:09"}
2024-04-15 11:23:00 查询号码 【1593617】，GSD为【"河南-南阳"】

2024-04-15 11:23:01 开始第 3715 次操作

2024-04-15 11:23:01 开始操作号码 【1593618】
2024-04-15 11:23:06 GSD getOne 第 1 次 等待 3 秒
2024-04-15 11:23:09 查询号码 【1593618】，返回信息 {"status":"ok","msg":"河南-南阳","gid":"27225","time_insert":"2017-04-19 11:23","time_update":"2020-09-11 16:48"}
2024-04-15 11:23:09 查询号码 【1593618】，GSD为【"河南-南阳"】

2024-04-15 11:23:10 开始第 3716 次操作

2024-04-15 11:23:10 开始操作号码 【1593619】
2024-04-15 11:23:15 GSD getOne 第 1 次 等待 3 秒
2024-04-15 11:23:18 查询号码 【1593619】，返回信息 {"status":"ok","msg":"河南-南阳","gid":"126941","time_insert":"2021-06-25 11:30"}
2024-04-15 11:23:18 查询号码 【1593619】，GSD为【"河南-南阳"】

2024-04-15 12:21:03 开始第 3717 次操作

2024-04-15 12:21:03 开始操作号码 【1593620】
2024-04-15 12:21:10 GSD getOne 第 1 次 等待 3 秒
2024-04-15 12:21:13 查询号码 【1593620】，返回信息 {"status":"ok","msg":"河南-郑州","gid":"127008","time_insert":"2021-06-25 11:50"}
2024-04-15 12:21:13 查询号码 【1593620】，GSD为【"河南-郑州"】

2024-04-15 12:21:14 开始第 3718 次操作

2024-04-15 12:21:14 开始操作号码 【1593621】
2024-04-15 12:21:19 GSD getOne 第 1 次 等待 3 秒
2024-04-15 12:21:22 查询号码 【1593621】，返回信息 {"status":"ok","msg":"河南-郑州","gid":"127013","time_insert":"2021-06-25 11:51"}
2024-04-15 12:21:22 查询号码 【1593621】，GSD为【"河南-郑州"】

2024-04-15 12:21:23 开始第 3719 次操作

2024-04-15 12:21:23 开始操作号码 【1593622】
2024-04-15 12:21:27 GSD getOne 第 1 次 等待 3 秒
2024-04-15 12:21:30 查询号码 【1593622】，返回信息 {"status":"ok","msg":"河南-郑州","gid":"27226","time_insert":"2015-02-28 00:53","time_update":"2020-09-11 16:43"}
2024-04-15 12:21:30 查询号码 【1593622】，GSD为【"河南-郑州"】

2024-04-15 12:21:31 开始第 3720 次操作

2024-04-15 12:21:31 开始操作号码 【1593623】
2024-04-15 12:21:36 GSD getOne 第 1 次 等待 3 秒
2024-04-15 12:21:39 查询号码 【1593623】，返回信息 {"status":"ok","msg":"河南-郑州","gid":"127016","time_insert":"2021-06-25 11:52"}
2024-04-15 12:21:39 查询号码 【1593623】，GSD为【"河南-郑州"】

