2024-02-25 00:14:58 开始第 5605 次操作

2024-02-25 00:14:58 开始操作号码 【1705507】
2024-02-25 00:15:02 GSD getOne 第 1 次 等待 3 秒
2024-02-25 00:15:05 查询号码 【1705507】，返回信息 {"status":"ok","msg":"河南-洛阳","gid":"160926","time_insert":"2021-06-30 13:36"}
2024-02-25 00:15:05 查询号码 【1705507】，GSD为【"河南-洛阳"】

2024-02-25 00:15:06 开始第 5606 次操作

2024-02-25 00:15:06 开始操作号码 【1705508】
2024-02-25 00:15:11 GSD getOne 第 1 次 等待 3 秒
2024-02-25 00:15:14 查询号码 【1705508】，返回信息 {"status":"ok","msg":"江苏-苏州","gid":"160929","time_insert":"2021-06-30 13:36"}
2024-02-25 00:15:14 查询号码 【1705508】，GSD为【"江苏-苏州"】

2024-02-25 00:15:15 开始第 5607 次操作

2024-02-25 00:15:15 开始操作号码 【1705509】
2024-02-25 00:15:20 GSD getOne 第 1 次 等待 3 秒
2024-02-25 00:15:23 查询号码 【1705509】，返回信息 {"status":"ok","msg":"福建-厦门","gid":"160936","time_insert":"2021-06-30 13:37"}
2024-02-25 00:15:23 查询号码 【1705509】，GSD为【"福建-厦门"】

2024-02-25 00:15:24 开始第 5608 次操作

2024-02-25 00:15:24 开始操作号码 【1705510】
2024-02-25 00:15:28 GSD getOne 第 1 次 等待 3 秒
2024-02-25 00:15:31 查询号码 【1705510】，返回信息 {"status":"ok","msg":"北京-北京","gid":"160940","time_insert":"2021-06-30 13:37"}
2024-02-25 00:15:31 查询号码 【1705510】，GSD为【"北京-北京"】

