2024-01-28 00:15:25 开始第 521 次操作

2024-01-28 00:15:25 开始操作号码 【1700423】
2024-01-28 00:15:29 GSD getOne 第 1 次 等待 3 秒
2024-01-28 00:15:32 查询号码 【1700423】，返回信息 {"status":"ok","msg":"辽宁-大连","gid":"115519","time_insert":"2021-06-23 00:06"}
2024-01-28 00:15:32 查询号码 【1700423】，GSD为【"辽宁-大连"】

2024-01-28 00:15:33 开始第 522 次操作

2024-01-28 00:15:33 开始操作号码 【1700424】
2024-01-28 00:15:37 GSD getOne 第 1 次 等待 3 秒
2024-01-28 00:15:40 查询号码 【1700424】，返回信息 {"status":"ok","msg":"辽宁-大连","gid":"115523","time_insert":"2021-06-23 00:07"}
2024-01-28 00:15:40 查询号码 【1700424】，GSD为【"辽宁-大连"】

2024-01-28 00:15:41 开始第 523 次操作

2024-01-28 00:15:41 开始操作号码 【1700425】
2024-01-28 00:15:46 GSD getOne 第 1 次 等待 3 秒
2024-01-28 00:15:49 查询号码 【1700425】，返回信息 {"status":"ok","msg":"辽宁-大连","gid":"115526","time_insert":"2021-06-23 00:07"}
2024-01-28 00:15:49 查询号码 【1700425】，GSD为【"辽宁-大连"】

2024-01-28 00:15:50 开始第 524 次操作

2024-01-28 00:15:50 开始操作号码 【1700426】
2024-01-28 00:15:54 GSD getOne 第 1 次 等待 3 秒
2024-01-28 00:15:57 查询号码 【1700426】，返回信息 {"status":"ok","msg":"辽宁-大连","gid":"115531","time_insert":"2021-06-23 00:08"}
2024-01-28 00:15:57 查询号码 【1700426】，GSD为【"辽宁-大连"】

2024-01-28 00:36:07 开始第 525 次操作

2024-01-28 00:36:07 开始操作号码 【1700427】
2024-01-28 00:36:11 GSD getOne 第 1 次 等待 3 秒
2024-01-28 00:36:14 查询号码 【1700427】，返回信息 {"status":"ok","msg":"辽宁-大连","gid":"115535","time_insert":"2021-06-23 00:09"}
2024-01-28 00:36:14 查询号码 【1700427】，GSD为【"辽宁-大连"】

2024-01-28 00:36:15 开始第 526 次操作

2024-01-28 00:36:15 开始操作号码 【1700428】
2024-01-28 00:36:19 GSD getOne 第 1 次 等待 3 秒
2024-01-28 00:36:22 查询号码 【1700428】，返回信息 {"status":"ok","msg":"辽宁-大连","gid":"115540","time_insert":"2021-06-23 00:09"}
2024-01-28 00:36:22 查询号码 【1700428】，GSD为【"辽宁-大连"】

2024-01-28 00:36:23 开始第 527 次操作

2024-01-28 00:36:23 开始操作号码 【1700429】
2024-01-28 00:36:29 GSD getOne 第 1 次 等待 3 秒
2024-01-28 00:36:32 查询号码 【1700429】，返回信息 {"status":"ok","msg":"辽宁-大连","gid":"115545","time_insert":"2021-06-23 00:10"}
2024-01-28 00:36:32 查询号码 【1700429】，GSD为【"辽宁-大连"】

2024-01-28 00:36:33 开始第 528 次操作

2024-01-28 00:36:33 开始操作号码 【1700430】
2024-01-28 00:36:38 GSD getOne 第 1 次 等待 3 秒
2024-01-28 00:36:41 查询号码 【1700430】，返回信息 {"status":"ok","msg":"吉林-长春","gid":"115551","time_insert":"2021-06-23 00:10"}
2024-01-28 00:36:41 查询号码 【1700430】，GSD为【"吉林-长春"】

