2024-06-23 00:19:03 开始第 2189 次操作

2024-06-23 00:19:03 开始操作号码 【1482093】
2024-06-23 00:19:28 GSD getOne 第 1 次 等待 3 秒
2024-06-23 00:19:31 查询号码 【1482093】，返回信息 {"status":"ok","msg":"福建-福州","gid":"163099","time_insert":"2021-07-01 00:16"}
2024-06-23 00:19:31 查询号码 【1482093】，GSD为【"福建-福州"】

2024-06-23 00:19:32 开始第 2190 次操作

2024-06-23 00:19:32 开始操作号码 【1482094】
2024-06-23 00:19:49 GSD getOne 第 1 次 等待 3 秒
2024-06-23 00:19:52 查询号码 【1482094】，返回信息 {"status":"ok","msg":"福建-福州","gid":"163119","time_insert":"2021-07-01 00:21"}
2024-06-23 00:19:52 查询号码 【1482094】，GSD为【"福建-福州"】

2024-06-23 00:19:53 开始第 2191 次操作

2024-06-23 00:19:53 开始操作号码 【1482095】
2024-06-23 00:20:08 GSD getOne 第 1 次 等待 3 秒
2024-06-23 00:20:11 查询号码 【1482095】，返回信息 {"status":"ok","msg":"福建-福州","gid":"163128","time_insert":"2021-07-01 00:26"}
2024-06-23 00:20:11 查询号码 【1482095】，GSD为【"福建-福州"】

2024-06-23 00:20:12 开始第 2192 次操作

2024-06-23 00:20:12 开始操作号码 【1482096】
2024-06-23 00:20:30 GSD getOne 第 1 次 等待 3 秒
2024-06-23 00:20:33 查询号码 【1482096】，返回信息 {"status":"ok","msg":"福建-福州","gid":"163134","time_insert":"2021-07-01 00:30"}
2024-06-23 00:20:33 查询号码 【1482096】，GSD为【"福建-福州"】

