2024-07-16 00:19:19 开始第 6297 次操作

2024-07-16 00:19:19 开始操作号码 【1486198】
2024-07-16 00:19:28 GSD getOne 第 1 次 等待 3 秒
2024-07-16 00:19:31 查询号码 【1486198】，返回信息 {"status":"ok","msg":"广东-广州","gid":"270044","time_insert":"2021-07-14 01:19","time_update":"2021-10-17 23:16"}
2024-07-16 00:19:31 查询号码 【1486198】，GSD为【"广东-广州"】

2024-07-16 00:19:32 开始第 6298 次操作

2024-07-16 00:19:32 开始操作号码 【1486199】
2024-07-16 00:19:40 GSD getOne 第 1 次 等待 3 秒
2024-07-16 00:19:43 查询号码 【1486199】，返回信息 {"status":"ok","msg":"广东-广州","gid":"270052","time_insert":"2021-07-14 01:23","time_update":"2023-09-03 14:25"}
2024-07-16 00:19:43 查询号码 【1486199】，GSD为【"广东-广州"】

2024-07-16 00:19:44 开始第 6299 次操作

2024-07-16 00:19:44 开始操作号码 【1486200】
2024-07-16 00:19:53 GSD getOne 第 1 次 等待 3 秒
2024-07-16 00:19:56 查询号码 【1486200】，返回信息 {"status":"ok","msg":"广东-广州","gid":"270063","time_insert":"2021-07-14 01:27","time_update":"2023-09-03 14:36"}
2024-07-16 00:19:56 查询号码 【1486200】，GSD为【"广东-广州"】

2024-07-16 00:19:57 开始第 6300 次操作

2024-07-16 00:19:57 开始操作号码 【1486201】
2024-07-16 00:20:06 GSD getOne 第 1 次 等待 3 秒
2024-07-16 00:20:09 查询号码 【1486201】，返回信息 {"status":"ok","msg":"广东-广州","gid":"270070","time_insert":"2021-07-14 01:31","time_update":"2023-09-03 14:39"}
2024-07-16 00:20:09 查询号码 【1486201】，GSD为【"广东-广州"】

2024-07-16 00:42:13 开始第 6301 次操作

2024-07-16 00:42:13 开始操作号码 【1486202】
2024-07-16 00:42:21 GSD getOne 第 1 次 等待 3 秒
2024-07-16 00:42:24 查询号码 【1486202】，返回信息 {"status":"ok","msg":"广东-广州","gid":"270082","time_insert":"2021-07-14 01:37","time_update":"2023-09-03 14:41"}
2024-07-16 00:42:24 查询号码 【1486202】，GSD为【"广东-广州"】

2024-07-16 00:42:25 开始第 6302 次操作

2024-07-16 00:42:25 开始操作号码 【1486203】
2024-07-16 00:42:33 GSD getOne 第 1 次 等待 3 秒
2024-07-16 00:42:36 查询号码 【1486203】，返回信息 {"status":"ok","msg":"广东-广州","gid":"270093","time_insert":"2021-07-14 01:41","time_update":"2023-09-03 14:45"}
2024-07-16 00:42:36 查询号码 【1486203】，GSD为【"广东-广州"】

2024-07-16 00:42:37 开始第 6303 次操作

2024-07-16 00:42:37 开始操作号码 【1486204】
2024-07-16 00:42:45 GSD getOne 第 1 次 等待 3 秒
2024-07-16 00:42:48 查询号码 【1486204】，返回信息 {"status":"ok","msg":"广东-广州","gid":"270138","time_insert":"2021-07-14 01:46","time_update":"2023-09-03 15:12"}
2024-07-16 00:42:48 查询号码 【1486204】，GSD为【"广东-广州"】

2024-07-16 00:42:49 开始第 6304 次操作

2024-07-16 00:42:49 开始操作号码 【1486205】
2024-07-16 00:42:57 GSD getOne 第 1 次 等待 3 秒
2024-07-16 00:43:00 查询号码 【1486205】，返回信息 {"status":"ok","msg":"广东-广州","gid":"270224","time_insert":"2021-07-14 01:50","time_update":"2023-09-03 15:16"}
2024-07-16 00:43:00 查询号码 【1486205】，GSD为【"广东-广州"】

