2023-11-14 00:18:19 开始第 8597 次操作

2023-11-14 00:18:19 开始操作号码 【1918498】
2023-11-14 00:18:22 GSD getOne 第 1 次 等待 3 秒
2023-11-14 00:18:25 查询号码 【1918498】，返回信息 {"status":"ok","msg":"湖南-邵阳","gid":"448378","time_insert":"2021-07-30 21:13"}
2023-11-14 00:18:25 查询号码 【1918498】，GSD为【"湖南-邵阳"】

2023-11-14 00:18:26 开始第 8598 次操作

2023-11-14 00:18:26 开始操作号码 【1918499】
2023-11-14 00:18:30 GSD getOne 第 1 次 等待 3 秒
2023-11-14 00:18:33 查询号码 【1918499】，返回信息 {"status":"ok","msg":"湖南-邵阳","gid":"448369","time_insert":"2021-07-30 21:12"}
2023-11-14 00:18:33 查询号码 【1918499】，GSD为【"湖南-邵阳"】

2023-11-14 00:18:34 开始第 8599 次操作

2023-11-14 00:18:34 开始操作号码 【1918500】
2023-11-14 00:18:41 GSD getOne 第 1 次 等待 3 秒
2023-11-14 00:18:44 查询号码 【1918500】，返回信息 {"status":"ok","msg":"贵州-贵阳","gid":"448194","time_insert":"2021-07-30 20:38"}
2023-11-14 00:18:44 查询号码 【1918500】，GSD为【"贵州-贵阳"】

2023-11-14 00:18:45 开始第 8600 次操作

2023-11-14 00:18:45 开始操作号码 【1918501】
2023-11-14 00:18:49 GSD getOne 第 1 次 等待 3 秒
2023-11-14 00:18:52 查询号码 【1918501】，返回信息 {"status":"ok","msg":"贵州-贵阳","gid":"448192","time_insert":"2021-07-30 20:37"}
2023-11-14 00:18:52 查询号码 【1918501】，GSD为【"贵州-贵阳"】

2023-11-14 00:39:45 开始第 8601 次操作

2023-11-14 00:39:45 开始操作号码 【1918502】
2023-11-14 00:39:49 GSD getOne 第 1 次 等待 3 秒
2023-11-14 00:39:52 查询号码 【1918502】，返回信息 {"status":"ok","msg":"贵州-遵义","gid":"448191","time_insert":"2021-07-30 20:36"}
2023-11-14 00:39:52 查询号码 【1918502】，GSD为【"贵州-遵义"】

2023-11-14 00:39:53 开始第 8602 次操作

2023-11-14 00:39:53 开始操作号码 【1918503】
2023-11-14 00:39:57 GSD getOne 第 1 次 等待 3 秒
2023-11-14 00:40:00 查询号码 【1918503】，返回信息 {"status":"ok","msg":"贵州-安顺","gid":"448190","time_insert":"2021-07-30 20:35"}
2023-11-14 00:40:00 查询号码 【1918503】，GSD为【"贵州-安顺"】

2023-11-14 00:40:01 开始第 8603 次操作

2023-11-14 00:40:01 开始操作号码 【1918504】
2023-11-14 00:40:10 GSD getOne 第 1 次 等待 3 秒
2023-11-14 00:40:13 查询号码 【1918504】，返回信息 {"status":"ok","msg":"贵州-黔南","gid":"448186","time_insert":"2021-07-30 20:34"}
2023-11-14 00:40:13 查询号码 【1918504】，GSD为【"贵州-黔南"】

2023-11-14 00:40:14 开始第 8604 次操作

2023-11-14 00:40:14 开始操作号码 【1918505】
2023-11-14 00:40:17 GSD getOne 第 1 次 等待 3 秒
2023-11-14 00:40:20 查询号码 【1918505】，返回信息 {"status":"ok","msg":"贵州-黔东南","gid":"448185","time_insert":"2021-07-30 20:33"}
2023-11-14 00:40:20 查询号码 【1918505】，GSD为【"贵州-黔东南"】

2023-11-14 01:12:29 开始第 8605 次操作

2023-11-14 01:12:29 开始操作号码 【1918506】
2023-11-14 01:12:33 GSD getOne 第 1 次 等待 3 秒
2023-11-14 01:12:36 查询号码 【1918506】，返回信息 {"status":"ok","msg":"贵州-铜仁","gid":"50318","time_insert":"2021-04-21 16:28"}
2023-11-14 01:12:36 查询号码 【1918506】，GSD为【"贵州-铜仁"】

2023-11-14 01:12:37 开始第 8606 次操作

2023-11-14 01:12:37 开始操作号码 【1918507】
2023-11-14 01:12:40 GSD getOne 第 1 次 等待 3 秒
2023-11-14 01:12:43 查询号码 【1918507】，返回信息 {"status":"ok","msg":"贵州-毕节","gid":"448184","time_insert":"2021-07-30 20:31"}
2023-11-14 01:12:43 查询号码 【1918507】，GSD为【"贵州-毕节"】

2023-11-14 01:12:44 开始第 8607 次操作

2023-11-14 01:12:44 开始操作号码 【1918508】
2023-11-14 01:12:47 GSD getOne 第 1 次 等待 3 秒
2023-11-14 01:12:50 查询号码 【1918508】，返回信息 {"status":"ok","msg":"贵州-六盘水","gid":"448183","time_insert":"2021-07-30 20:31"}
2023-11-14 01:12:50 查询号码 【1918508】，GSD为【"贵州-六盘水"】

2023-11-14 01:12:51 开始第 8608 次操作

2023-11-14 01:12:51 开始操作号码 【1918509】
2023-11-14 01:12:55 GSD getOne 第 1 次 等待 3 秒
2023-11-14 01:12:58 查询号码 【1918509】，返回信息 {"status":"ok","msg":"贵州-黔西南","gid":"448181","time_insert":"2021-07-30 20:30"}
2023-11-14 01:12:58 查询号码 【1918509】，GSD为【"贵州-黔西南"】

