2023-10-24 00:17:00 开始第 4809 次操作

2023-10-24 00:17:00 开始操作号码 【1914711】
2023-10-24 00:17:16 GSD getOne 第 1 次 等待 3 秒
2023-10-24 00:17:19 查询号码 【1914711】，返回信息 {"status":"ok","msg":"内蒙古-呼和浩特","gid":"491595","time_insert":"2021-08-03 17:58"}
2023-10-24 00:17:19 查询号码 【1914711】，GSD为【"内蒙古-呼和浩特"】

2023-10-24 00:17:20 开始第 4810 次操作

2023-10-24 00:17:20 开始操作号码 【1914712】
2023-10-24 00:17:23 GSD getOne 第 1 次 等待 3 秒
2023-10-24 00:17:26 查询号码 【1914712】，返回信息 {"status":"ok","msg":"内蒙古-包头","gid":"491582","time_insert":"2021-08-03 17:57"}
2023-10-24 00:17:26 查询号码 【1914712】，GSD为【"内蒙古-包头"】

2023-10-24 00:17:27 开始第 4811 次操作

2023-10-24 00:17:27 开始操作号码 【1914713】
2023-10-24 00:17:32 GSD getOne 第 1 次 等待 3 秒
2023-10-24 00:17:35 查询号码 【1914713】，返回信息 {"status":"ok","msg":"内蒙古-乌海","gid":"491577","time_insert":"2021-08-03 17:56"}
2023-10-24 00:17:36 查询号码 【1914713】，GSD为【"内蒙古-乌海"】

2023-10-24 00:17:37 开始第 4812 次操作

2023-10-24 00:17:37 开始操作号码 【1914714】
2023-10-24 00:17:39 GSD getOne 第 1 次 等待 3 秒
2023-10-24 00:17:42 查询号码 【1914714】，返回信息 {"status":"ok","msg":"内蒙古-呼和浩特","gid":"491569","time_insert":"2021-08-03 17:55"}
2023-10-24 00:17:42 查询号码 【1914714】，GSD为【"内蒙古-呼和浩特"】

2023-10-24 00:38:39 开始第 4813 次操作

2023-10-24 00:38:39 开始操作号码 【1914715】
2023-10-24 00:38:42 GSD getOne 第 1 次 等待 3 秒
2023-10-24 00:38:45 查询号码 【1914715】，返回信息 {"status":"ok","msg":"内蒙古-通辽","gid":"491560","time_insert":"2021-08-03 17:54"}
2023-10-24 00:38:45 查询号码 【1914715】，GSD为【"内蒙古-通辽"】

2023-10-24 00:38:46 开始第 4814 次操作

2023-10-24 00:38:46 开始操作号码 【1914716】
2023-10-24 00:38:50 GSD getOne 第 1 次 等待 3 秒
2023-10-24 00:38:53 查询号码 【1914716】，返回信息 {"status":"ok","msg":"内蒙古-赤峰","gid":"491548","time_insert":"2021-08-03 17:53"}
2023-10-24 00:38:53 查询号码 【1914716】，GSD为【"内蒙古-赤峰"】

2023-10-24 00:38:54 开始第 4815 次操作

2023-10-24 00:38:54 开始操作号码 【1914717】
2023-10-24 00:38:57 GSD getOne 第 1 次 等待 3 秒
2023-10-24 00:39:00 查询号码 【1914717】，返回信息 {"status":"ok","msg":"内蒙古-鄂尔多斯","gid":"491540","time_insert":"2021-08-03 17:52"}
2023-10-24 00:39:00 查询号码 【1914717】，GSD为【"内蒙古-鄂尔多斯"】

2023-10-24 00:39:01 开始第 4816 次操作

2023-10-24 00:39:01 开始操作号码 【1914718】
2023-10-24 00:39:08 GSD getOne 第 1 次 等待 3 秒
2023-10-24 00:39:11 查询号码 【1914718】，返回信息 {"status":"ok","msg":"内蒙古-呼和浩特","gid":"491530","time_insert":"2021-08-03 17:51","time_update":"2021-08-11 17:57"}
2023-10-24 00:39:11 查询号码 【1914718】，GSD为【"内蒙古-呼和浩特"】

