2024-07-13 00:19:12 开始第 5769 次操作

2024-07-13 00:19:12 开始操作号码 【1485670】
2024-07-13 00:19:20 GSD getOne 第 1 次 等待 3 秒
2024-07-13 00:19:23 查询号码 【1485670】，返回信息 {"status":"ok","msg":"广西-南宁","gid":"255042","time_insert":"2021-07-12 09:01","time_update":"2023-08-31 14:38"}
2024-07-13 00:19:23 查询号码 【1485670】，GSD为【"广西-南宁"】

2024-07-13 00:19:24 开始第 5770 次操作

2024-07-13 00:19:24 开始操作号码 【1485671】
2024-07-13 00:19:36 GSD getOne 第 1 次 等待 3 秒
2024-07-13 00:19:39 查询号码 【1485671】，返回信息 {"status":"ok","msg":"广西-南宁","gid":"255064","time_insert":"2021-07-12 09:06","time_update":"2021-10-18 17:31"}
2024-07-13 00:19:39 查询号码 【1485671】，GSD为【"广西-南宁"】

2024-07-13 00:19:40 开始第 5771 次操作

2024-07-13 00:19:40 开始操作号码 【1485672】
2024-07-13 00:19:49 GSD getOne 第 1 次 等待 3 秒
2024-07-13 00:19:52 查询号码 【1485672】，返回信息 {"status":"ok","msg":"广西-南宁","gid":"255088","time_insert":"2021-07-12 09:12","time_update":"2023-08-31 15:14"}
2024-07-13 00:19:52 查询号码 【1485672】，GSD为【"广西-南宁"】

2024-07-13 00:19:53 开始第 5772 次操作

2024-07-13 00:19:53 开始操作号码 【1485673】
2024-07-13 00:20:02 GSD getOne 第 1 次 等待 3 秒
2024-07-13 00:20:05 查询号码 【1485673】，返回信息 {"status":"ok","msg":"广西-南宁","gid":"255098","time_insert":"2021-07-12 09:16","time_update":"2023-08-31 15:16"}
2024-07-13 00:20:05 查询号码 【1485673】，GSD为【"广西-南宁"】

2024-07-13 00:39:42 开始第 5773 次操作

2024-07-13 00:39:42 开始操作号码 【1485674】
2024-07-13 00:39:50 GSD getOne 第 1 次 等待 3 秒
2024-07-13 00:39:53 查询号码 【1485674】，返回信息 {"status":"ok","msg":"广西-南宁","gid":"255108","time_insert":"2021-07-12 09:20","time_update":"2023-08-31 15:17"}
2024-07-13 00:39:53 查询号码 【1485674】，GSD为【"广西-南宁"】

2024-07-13 00:39:54 开始第 5774 次操作

2024-07-13 00:39:54 开始操作号码 【1485675】
2024-07-13 00:40:05 GSD getOne 第 1 次 等待 3 秒
2024-07-13 00:40:08 查询号码 【1485675】，返回信息 {"status":"ok","msg":"广西-南宁","gid":"255112","time_insert":"2021-07-12 09:25","time_update":"2023-08-31 15:22"}
2024-07-13 00:40:08 查询号码 【1485675】，GSD为【"广西-南宁"】

2024-07-13 00:40:09 开始第 5775 次操作

2024-07-13 00:40:09 开始操作号码 【1485676】
2024-07-13 00:40:17 GSD getOne 第 1 次 等待 3 秒
2024-07-13 00:40:20 查询号码 【1485676】，返回信息 {"status":"ok","msg":"广西-南宁","gid":"255124","time_insert":"2021-07-12 09:28","time_update":"2021-10-18 17:18"}
2024-07-13 00:40:20 查询号码 【1485676】，GSD为【"广西-南宁"】

2024-07-13 00:40:21 开始第 5776 次操作

2024-07-13 00:40:21 开始操作号码 【1485677】
2024-07-13 00:40:32 GSD getOne 第 1 次 等待 3 秒
2024-07-13 00:40:35 查询号码 【1485677】，返回信息 {"status":"ok","msg":"广西-南宁","gid":"255131","time_insert":"2021-07-12 09:31","time_update":"2023-08-31 15:36"}
2024-07-13 00:40:36 查询号码 【1485677】，GSD为【"广西-南宁"】

2024-07-13 01:14:47 开始第 5777 次操作

2024-07-13 01:14:47 开始操作号码 【1485678】
2024-07-13 01:14:55 GSD getOne 第 1 次 等待 3 秒
2024-07-13 01:14:58 查询号码 【1485678】，返回信息 {"status":"ok","msg":"广西-南宁","gid":"255142","time_insert":"2021-07-12 09:34","time_update":"2021-10-18 17:15"}
2024-07-13 01:14:58 查询号码 【1485678】，GSD为【"广西-南宁"】

2024-07-13 01:14:59 开始第 5778 次操作

2024-07-13 01:14:59 开始操作号码 【1485679】
2024-07-13 01:15:07 GSD getOne 第 1 次 等待 3 秒
2024-07-13 01:15:10 查询号码 【1485679】，返回信息 {"status":"ok","msg":"广西-南宁","gid":"255165","time_insert":"2021-07-12 09:37","time_update":"2023-08-31 15:38"}
2024-07-13 01:15:10 查询号码 【1485679】，GSD为【"广西-南宁"】

2024-07-13 01:15:11 开始第 5779 次操作

2024-07-13 01:15:11 开始操作号码 【1485680】
2024-07-13 01:15:20 GSD getOne 第 1 次 等待 3 秒
2024-07-13 01:15:23 查询号码 【1485680】，返回信息 {"status":"ok","msg":"广西-南宁","gid":"255269","time_insert":"2021-07-12 09:43","time_update":"2023-08-31 16:20"}
2024-07-13 01:15:23 查询号码 【1485680】，GSD为【"广西-南宁"】

2024-07-13 01:15:24 开始第 5780 次操作

2024-07-13 01:15:24 开始操作号码 【1485681】
2024-07-13 01:15:32 GSD getOne 第 1 次 等待 3 秒
2024-07-13 01:15:35 查询号码 【1485681】，返回信息 {"status":"ok","msg":"广西-南宁","gid":"255348","time_insert":"2021-07-12 09:47","time_update":"2023-08-31 16:22"}
2024-07-13 01:15:35 查询号码 【1485681】，GSD为【"广西-南宁"】

2024-07-13 01:36:01 开始第 5781 次操作

2024-07-13 01:36:01 开始操作号码 【1485682】
2024-07-13 01:36:09 GSD getOne 第 1 次 等待 3 秒
2024-07-13 01:36:12 查询号码 【1485682】，返回信息 {"status":"ok","msg":"广西-南宁","gid":"255417","time_insert":"2021-07-12 09:52","time_update":"2023-08-31 16:24"}
2024-07-13 01:36:12 查询号码 【1485682】，GSD为【"广西-南宁"】

2024-07-13 01:36:13 开始第 5782 次操作

2024-07-13 01:36:13 开始操作号码 【1485683】
2024-07-13 01:36:21 GSD getOne 第 1 次 等待 3 秒
2024-07-13 01:36:24 查询号码 【1485683】，返回信息 {"status":"ok","msg":"广西-南宁","gid":"255450","time_insert":"2021-07-12 09:58","time_update":"2023-08-31 16:25"}
2024-07-13 01:36:24 查询号码 【1485683】，GSD为【"广西-南宁"】

2024-07-13 01:36:25 开始第 5783 次操作

2024-07-13 01:36:25 开始操作号码 【1485684】
2024-07-13 01:36:33 GSD getOne 第 1 次 等待 3 秒
2024-07-13 01:36:36 查询号码 【1485684】，返回信息 {"status":"ok","msg":"广西-南宁","gid":"255467","time_insert":"2021-07-12 10:02","time_update":"2023-08-31 16:44"}
2024-07-13 01:36:36 查询号码 【1485684】，GSD为【"广西-南宁"】

2024-07-13 01:36:37 开始第 5784 次操作

2024-07-13 01:36:37 开始操作号码 【1485685】
2024-07-13 01:36:46 GSD getOne 第 1 次 等待 3 秒
2024-07-13 01:36:49 查询号码 【1485685】，返回信息 {"status":"ok","msg":"广西-南宁","gid":"255477","time_insert":"2021-07-12 10:07","time_update":"2021-10-18 17:02"}
2024-07-13 01:36:49 查询号码 【1485685】，GSD为【"广西-南宁"】

2024-07-13 02:23:01 开始第 5785 次操作

2024-07-13 02:23:01 开始操作号码 【1485686】
2024-07-13 02:23:10 GSD getOne 第 1 次 等待 3 秒
2024-07-13 02:23:13 查询号码 【1485686】，返回信息 {"status":"ok","msg":"广西-南宁","gid":"255486","time_insert":"2021-07-12 10:12","time_update":"2023-08-31 16:46"}
2024-07-13 02:23:13 查询号码 【1485686】，GSD为【"广西-南宁"】

2024-07-13 02:23:14 开始第 5786 次操作

2024-07-13 02:23:14 开始操作号码 【1485687】
2024-07-13 02:23:22 GSD getOne 第 1 次 等待 3 秒
2024-07-13 02:23:25 查询号码 【1485687】，返回信息 {"status":"ok","msg":"广西-南宁","gid":"255492","time_insert":"2021-07-12 10:16","time_update":"2023-08-31 16:49"}
2024-07-13 02:23:25 查询号码 【1485687】，GSD为【"广西-南宁"】

2024-07-13 02:23:26 开始第 5787 次操作

2024-07-13 02:23:26 开始操作号码 【1485688】
2024-07-13 02:23:33 GSD getOne 第 1 次 等待 3 秒
2024-07-13 02:23:36 查询号码 【1485688】，返回信息 {"status":"ok","msg":"广西-南宁","gid":"255498","time_insert":"2021-07-12 10:19","time_update":"2023-08-31 17:15"}
2024-07-13 02:23:36 查询号码 【1485688】，GSD为【"广西-南宁"】

2024-07-13 02:23:37 开始第 5788 次操作

2024-07-13 02:23:37 开始操作号码 【1485689】
2024-07-13 02:23:46 GSD getOne 第 1 次 等待 3 秒
2024-07-13 02:23:49 查询号码 【1485689】，返回信息 {"status":"ok","msg":"广西-南宁","gid":"255506","time_insert":"2021-07-12 10:24","time_update":"2023-08-31 17:18"}
2024-07-13 02:23:49 查询号码 【1485689】，GSD为【"广西-南宁"】

2024-07-13 02:40:54 开始第 5789 次操作

2024-07-13 02:40:54 开始操作号码 【1485690】
2024-07-13 02:41:02 GSD getOne 第 1 次 等待 3 秒
2024-07-13 02:41:05 查询号码 【1485690】，返回信息 {"status":"ok","msg":"广西-南宁","gid":"255519","time_insert":"2021-07-12 10:30","time_update":"2023-08-31 17:21"}
2024-07-13 02:41:05 查询号码 【1485690】，GSD为【"广西-南宁"】

2024-07-13 02:41:06 开始第 5790 次操作

2024-07-13 02:41:06 开始操作号码 【1485691】
2024-07-13 02:41:14 GSD getOne 第 1 次 等待 3 秒
2024-07-13 02:41:17 查询号码 【1485691】，返回信息 {"status":"ok","msg":"广西-南宁","gid":"255523","time_insert":"2021-07-12 10:34","time_update":"2023-08-31 17:24"}
2024-07-13 02:41:17 查询号码 【1485691】，GSD为【"广西-南宁"】

2024-07-13 02:41:18 开始第 5791 次操作

2024-07-13 02:41:18 开始操作号码 【1485692】
2024-07-13 02:41:25 GSD getOne 第 1 次 等待 3 秒
2024-07-13 02:41:28 查询号码 【1485692】，返回信息 {"status":"ok","msg":"广西-南宁","gid":"255530","time_insert":"2021-07-12 10:39","time_update":"2023-08-31 17:36"}
2024-07-13 02:41:28 查询号码 【1485692】，GSD为【"广西-南宁"】

2024-07-13 02:41:29 开始第 5792 次操作

2024-07-13 02:41:29 开始操作号码 【1485693】
2024-07-13 02:41:37 GSD getOne 第 1 次 等待 3 秒
2024-07-13 02:41:40 查询号码 【1485693】，返回信息 {"status":"ok","msg":"广西-南宁","gid":"255549","time_insert":"2021-07-12 10:44","time_update":"2023-08-31 17:38"}
2024-07-13 02:41:40 查询号码 【1485693】，GSD为【"广西-南宁"】

2024-07-13 03:12:02 开始第 5793 次操作

2024-07-13 03:12:02 开始操作号码 【1485694】
2024-07-13 03:12:10 GSD getOne 第 1 次 等待 3 秒
2024-07-13 03:12:13 查询号码 【1485694】，返回信息 {"status":"ok","msg":"广西-南宁","gid":"255625","time_insert":"2021-07-12 10:49","time_update":"2023-08-31 17:42"}
2024-07-13 03:12:13 查询号码 【1485694】，GSD为【"广西-南宁"】

2024-07-13 03:12:14 开始第 5794 次操作

2024-07-13 03:12:14 开始操作号码 【1485695】
2024-07-13 03:12:21 GSD getOne 第 1 次 等待 3 秒
2024-07-13 03:12:24 查询号码 【1485695】，返回信息 {"status":"ok","msg":"广西-南宁","gid":"255689","time_insert":"2021-07-12 10:53","time_update":"2023-08-31 17:45"}
2024-07-13 03:12:24 查询号码 【1485695】，GSD为【"广西-南宁"】

2024-07-13 03:12:25 开始第 5795 次操作

2024-07-13 03:12:25 开始操作号码 【1485696】
2024-07-13 03:12:33 GSD getOne 第 1 次 等待 3 秒
2024-07-13 03:12:36 查询号码 【1485696】，返回信息 {"status":"ok","msg":"广西-南宁","gid":"255765","time_insert":"2021-07-12 10:59","time_update":"2023-08-31 18:17"}
2024-07-13 03:12:36 查询号码 【1485696】，GSD为【"广西-南宁"】

2024-07-13 03:12:37 开始第 5796 次操作

2024-07-13 03:12:37 开始操作号码 【1485697】
2024-07-13 03:12:45 GSD getOne 第 1 次 等待 3 秒
2024-07-13 03:12:48 查询号码 【1485697】，返回信息 {"status":"ok","msg":"广西-南宁","gid":"255810","time_insert":"2021-07-12 11:04","time_update":"2021-10-18 16:33"}
2024-07-13 03:12:48 查询号码 【1485697】，GSD为【"广西-南宁"】

2024-07-13 03:36:36 开始第 5797 次操作

2024-07-13 03:36:36 开始操作号码 【1485698】
2024-07-13 03:36:44 GSD getOne 第 1 次 等待 3 秒
2024-07-13 03:36:47 查询号码 【1485698】，返回信息 {"status":"ok","msg":"广西-南宁","gid":"255857","time_insert":"2021-07-12 11:10","time_update":"2023-08-31 18:20"}
2024-07-13 03:36:47 查询号码 【1485698】，GSD为【"广西-南宁"】

2024-07-13 03:36:48 开始第 5798 次操作

2024-07-13 03:36:48 开始操作号码 【1485699】
2024-07-13 03:36:56 GSD getOne 第 1 次 等待 3 秒
2024-07-13 03:36:59 查询号码 【1485699】，返回信息 {"status":"ok","msg":"广西-南宁","gid":"255862","time_insert":"2021-07-12 11:14","time_update":"2023-08-31 18:24"}
2024-07-13 03:36:59 查询号码 【1485699】，GSD为【"广西-南宁"】

2024-07-13 03:37:00 开始第 5799 次操作

2024-07-13 03:37:00 开始操作号码 【1485700】
2024-07-13 03:37:08 GSD getOne 第 1 次 等待 3 秒
2024-07-13 03:37:11 查询号码 【1485700】，返回信息 {"status":"ok","msg":"广西-南宁","gid":"255868","time_insert":"2021-07-12 11:20","time_update":"2021-10-18 16:26"}
2024-07-13 03:37:11 查询号码 【1485700】，GSD为【"广西-南宁"】

2024-07-13 03:37:12 开始第 5800 次操作

2024-07-13 03:37:12 开始操作号码 【1485701】
2024-07-13 03:37:20 GSD getOne 第 1 次 等待 3 秒
2024-07-13 03:37:23 查询号码 【1485701】，返回信息 {"status":"ok","msg":"广西-南宁","gid":"255880","time_insert":"2021-07-12 11:24","time_update":"2023-08-31 18:36"}
2024-07-13 03:37:23 查询号码 【1485701】，GSD为【"广西-南宁"】

2024-07-13 04:16:17 开始第 5801 次操作

2024-07-13 04:16:17 开始操作号码 【1485702】
2024-07-13 04:16:25 GSD getOne 第 1 次 等待 3 秒
2024-07-13 04:16:28 查询号码 【1485702】，返回信息 {"status":"ok","msg":"广西-南宁","gid":"255887","time_insert":"2021-07-12 11:30","time_update":"2023-08-31 18:39"}
2024-07-13 04:16:28 查询号码 【1485702】，GSD为【"广西-南宁"】

2024-07-13 04:16:29 开始第 5802 次操作

2024-07-13 04:16:29 开始操作号码 【1485703】
2024-07-13 04:16:37 GSD getOne 第 1 次 等待 3 秒
2024-07-13 04:16:40 查询号码 【1485703】，返回信息 {"status":"ok","msg":"广西-南宁","gid":"255892","time_insert":"2021-07-12 11:36","time_update":"2023-08-31 18:43"}
2024-07-13 04:16:40 查询号码 【1485703】，GSD为【"广西-南宁"】

2024-07-13 04:16:41 开始第 5803 次操作

2024-07-13 04:16:41 开始操作号码 【1485704】
2024-07-13 04:16:48 GSD getOne 第 1 次 等待 3 秒
2024-07-13 04:16:51 查询号码 【1485704】，返回信息 {"status":"ok","msg":"广西-南宁","gid":"255912","time_insert":"2021-07-12 11:41","time_update":"2023-08-31 19:12"}
2024-07-13 04:16:51 查询号码 【1485704】，GSD为【"广西-南宁"】

2024-07-13 04:16:53 开始第 5804 次操作

2024-07-13 04:16:53 开始操作号码 【1485705】
2024-07-13 04:17:00 GSD getOne 第 1 次 等待 3 秒
2024-07-13 04:17:03 查询号码 【1485705】，返回信息 {"status":"ok","msg":"广西-南宁","gid":"255987","time_insert":"2021-07-12 11:48","time_update":"2023-08-31 19:15"}
2024-07-13 04:17:03 查询号码 【1485705】，GSD为【"广西-南宁"】

2024-07-13 04:37:15 开始第 5805 次操作

2024-07-13 04:37:15 开始操作号码 【1485706】
2024-07-13 04:37:24 GSD getOne 第 1 次 等待 3 秒
2024-07-13 04:37:27 查询号码 【1485706】，返回信息 {"status":"ok","msg":"广西-南宁","gid":"256056","time_insert":"2021-07-12 11:52","time_update":"2023-08-31 19:19"}
2024-07-13 04:37:27 查询号码 【1485706】，GSD为【"广西-南宁"】

2024-07-13 04:37:28 开始第 5806 次操作

2024-07-13 04:37:28 开始操作号码 【1485707】
2024-07-13 04:37:35 GSD getOne 第 1 次 等待 3 秒
2024-07-13 04:37:38 查询号码 【1485707】，返回信息 {"status":"ok","msg":"广西-南宁","gid":"256133","time_insert":"2021-07-12 11:56","time_update":"2023-08-31 19:21"}
2024-07-13 04:37:38 查询号码 【1485707】，GSD为【"广西-南宁"】

2024-07-13 04:37:39 开始第 5807 次操作

2024-07-13 04:37:39 开始操作号码 【1485708】
2024-07-13 04:37:47 GSD getOne 第 1 次 等待 3 秒
2024-07-13 04:37:50 查询号码 【1485708】，返回信息 {"status":"ok","msg":"广西-南宁","gid":"256169","time_insert":"2021-07-12 12:00","time_update":"2021-10-18 16:08"}
2024-07-13 04:37:50 查询号码 【1485708】，GSD为【"广西-南宁"】

2024-07-13 04:37:51 开始第 5808 次操作

2024-07-13 04:37:51 开始操作号码 【1485709】
2024-07-13 04:38:00 GSD getOne 第 1 次 等待 3 秒
2024-07-13 04:38:03 查询号码 【1485709】，返回信息 {"status":"ok","msg":"广西-南宁","gid":"256204","time_insert":"2021-07-12 12:04","time_update":"2023-08-31 19:36"}
2024-07-13 04:38:03 查询号码 【1485709】，GSD为【"广西-南宁"】

