2021-07-02 00:00:19 开始第 8 次操作

2021-07-02 00:00:19 开始操作号码 【1666457】
2021-07-02 00:00:23 GSD getOne 第 1 次 等待 1 秒
2021-07-02 00:00:24 查询号码 【1666457】，返回信息 {"status":"bad","msg":""}
2021-07-02 00:00:24 查询号码 【1666457】，GSD为【""】
2021-07-02 00:00:24 bad
2021-07-02 00:00:27 CHB 1666457?1625155224 第 1 次 等待 1 秒
2021-07-02 00:00:28 CHB 1666457?1625155224 第 1 次 获取到号码【1666457】GSD
2021-07-02 00:00:28 获取到号码【1666457】的GSD为【黑龙江-鸡西】
2021-07-02 00:00:50 GSD insert 第 1 次 等待 1 秒
2021-07-02 00:00:51 {"status":"ok","msg":"添加成功！170099"}
2021-07-02 00:00:51 下次操作: 2021-07-02 00:01:02

2021-07-02 00:01:02 开始第 9 次操作

2021-07-02 00:01:02 开始操作号码 【1666458】
2021-07-02 00:01:15 GSD getOne 第 1 次 等待 1 秒
2021-07-02 00:01:16 查询号码 【1666458】，返回信息 {"status":"bad","msg":""}
2021-07-02 00:01:16 查询号码 【1666458】，GSD为【""】
2021-07-02 00:01:16 bad
2021-07-02 00:01:22 CHB 1666458?1625155276 第 1 次 等待 1 秒
2021-07-02 00:01:23 CHB 1666458?1625155276 第 1 次 获取到号码【1666458】GSD
2021-07-02 00:01:23 获取到号码【1666458】的GSD为【黑龙江-伊春】
2021-07-02 00:01:42 GSD insert 第 1 次 等待 1 秒
2021-07-02 00:01:43 {"status":"ok","msg":"添加成功！170109"}
2021-07-02 00:01:43 下次操作: 2021-07-02 00:01:55

2021-07-02 00:01:55 开始第 10 次操作

2021-07-02 00:01:55 开始操作号码 【1666459】
2021-07-02 00:02:03 GSD getOne 第 1 次 等待 1 秒
2021-07-02 00:02:04 查询号码 【1666459】，返回信息 {"status":"bad","msg":""}
2021-07-02 00:02:04 查询号码 【1666459】，GSD为【""】
2021-07-02 00:02:04 bad
2021-07-02 00:02:09 CHB 1666459?1625155324 第 1 次 等待 1 秒
2021-07-02 00:02:10 CHB 1666459?1625155324 第 1 次 获取到号码【1666459】GSD
2021-07-02 00:02:10 获取到号码【1666459】的GSD为【黑龙江-大庆】
2021-07-02 00:02:35 GSD insert 第 1 次 等待 1 秒
2021-07-02 00:02:36 {"status":"ok","msg":"添加成功！170120"}
2021-07-02 00:02:36 下次操作: 2021-07-02 00:02:49

2021-07-02 00:02:49 开始第 11 次操作

2021-07-02 00:02:49 开始操作号码 【1666460】
2021-07-02 00:03:00 GSD getOne 第 1 次 等待 1 秒
2021-07-02 00:03:01 查询号码 【1666460】，返回信息 {"status":"bad","msg":""}
2021-07-02 00:03:01 查询号码 【1666460】，GSD为【""】
2021-07-02 00:03:01 bad
2021-07-02 00:03:04 CHB 1666460?1625155381 第 1 次 等待 1 秒
2021-07-02 00:03:05 CHB 1666460?1625155381 第 1 次 获取到号码【1666460】GSD
2021-07-02 00:03:05 未获取到号码【1666460】GSD，可能号码格式错误
2021-07-02 00:03:05 获取到号码【1666460】的GSD为【-】
2021-07-02 00:03:27 GSD insert 第 1 次 等待 1 秒
2021-07-02 00:03:28 {"status":"ok","msg":"添加成功！170130"}
2021-07-02 00:03:28 下次操作: 2021-07-02 00:03:45

2021-07-02 00:03:45 开始第 12 次操作

2021-07-02 00:03:45 开始操作号码 【1666461】
2021-07-02 00:03:49 GSD getOne 第 1 次 等待 1 秒
2021-07-02 00:03:50 查询号码 【1666461】，返回信息 {"status":"bad","msg":""}
2021-07-02 00:03:50 查询号码 【1666461】，GSD为【""】
2021-07-02 00:03:50 bad
2021-07-02 00:03:52 CHB 1666461?1625155430 第 1 次 等待 1 秒
2021-07-02 00:03:53 CHB 1666461?1625155430 第 1 次 获取到号码【1666461】GSD
2021-07-02 00:03:53 未获取到号码【1666461】GSD，可能号码格式错误
2021-07-02 00:03:53 获取到号码【1666461】的GSD为【-】
2021-07-02 00:04:14 GSD insert 第 1 次 等待 1 秒
2021-07-02 00:04:15 {"status":"ok","msg":"添加成功！170136"}
2021-07-02 00:04:15 下次操作: 2021-07-02 00:04:22

2021-07-02 00:04:22 开始第 13 次操作

2021-07-02 00:04:22 开始操作号码 【1666462】
2021-07-02 00:04:38 GSD getOne 第 1 次 等待 1 秒
2021-07-02 00:04:39 查询号码 【1666462】，返回信息 {"status":"bad","msg":""}
2021-07-02 00:04:39 查询号码 【1666462】，GSD为【""】
2021-07-02 00:04:39 bad
2021-07-02 00:04:41 CHB 1666462?1625155479 第 1 次 等待 1 秒
2021-07-02 00:04:42 CHB 1666462?1625155479 第 1 次 获取到号码【1666462】GSD
2021-07-02 00:04:42 未获取到号码【1666462】GSD，可能号码格式错误
2021-07-02 00:04:42 获取到号码【1666462】的GSD为【-】
2021-07-02 00:05:01 GSD insert 第 1 次 等待 1 秒
2021-07-02 00:05:02 {"status":"ok","msg":"添加成功！170142"}
2021-07-02 00:05:02 下次操作: 2021-07-02 00:05:20

2021-07-02 00:05:20 开始第 14 次操作

2021-07-02 00:05:20 开始操作号码 【1666463】
2021-07-02 00:05:25 GSD getOne 第 1 次 等待 1 秒
2021-07-02 00:05:26 查询号码 【1666463】，返回信息 {"status":"bad","msg":""}
2021-07-02 00:05:26 查询号码 【1666463】，GSD为【""】
2021-07-02 00:05:26 bad
2021-07-02 00:05:28 CHB 1666463?1625155526 第 1 次 等待 1 秒
2021-07-02 00:05:29 CHB 1666463?1625155526 第 1 次 获取到号码【1666463】GSD
2021-07-02 00:05:29 未获取到号码【1666463】GSD，可能号码格式错误
2021-07-02 00:05:29 获取到号码【1666463】的GSD为【-】
2021-07-02 00:05:50 GSD insert 第 1 次 等待 1 秒
2021-07-02 00:05:51 {"status":"ok","msg":"添加成功！170153"}
2021-07-02 00:05:51 下次操作: 2021-07-02 00:05:58

2021-07-02 00:05:58 开始第 15 次操作

2021-07-02 00:05:58 开始操作号码 【1666464】
2021-07-02 00:06:17 GSD getOne 第 1 次 等待 1 秒
2021-07-02 00:06:18 查询号码 【1666464】，返回信息 {"status":"bad","msg":""}
2021-07-02 00:06:18 查询号码 【1666464】，GSD为【""】
2021-07-02 00:06:18 bad
2021-07-02 00:06:28 CHB 1666464?1625155578 第 1 次 等待 1 秒
2021-07-02 00:06:29 CHB 1666464?1625155578 第 1 次 获取到号码【1666464】GSD
2021-07-02 00:06:29 未获取到号码【1666464】GSD，可能号码格式错误
2021-07-02 00:06:29 获取到号码【1666464】的GSD为【-】
2021-07-02 00:06:41 GSD insert 第 1 次 等待 1 秒
2021-07-02 00:06:42 {"status":"ok","msg":"添加成功！170161"}
2021-07-02 00:06:42 下次操作: 2021-07-02 00:06:58

2021-07-02 00:06:58 开始第 16 次操作

2021-07-02 00:06:58 开始操作号码 【1666465】
2021-07-02 00:07:02 GSD getOne 第 1 次 等待 1 秒
2021-07-02 00:07:03 查询号码 【1666465】，返回信息 {"status":"bad","msg":""}
2021-07-02 00:07:03 查询号码 【1666465】，GSD为【""】
2021-07-02 00:07:03 bad
2021-07-02 00:07:04 CHB 1666465?1625155623 第 1 次 等待 1 秒
2021-07-02 00:07:05 CHB 1666465?1625155623 第 1 次 获取到号码【1666465】GSD
2021-07-02 00:07:05 未获取到号码【1666465】GSD，可能号码格式错误
2021-07-02 00:07:05 获取到号码【1666465】的GSD为【-】
2021-07-02 00:07:28 GSD insert 第 1 次 等待 1 秒
2021-07-02 00:07:29 {"status":"ok","msg":"添加成功！170168"}
2021-07-02 00:07:29 下次操作: 2021-07-02 00:07:42

2021-07-02 00:07:42 开始第 17 次操作

2021-07-02 00:07:42 开始操作号码 【1666466】
2021-07-02 00:07:51 GSD getOne 第 1 次 等待 1 秒
2021-07-02 00:07:52 查询号码 【1666466】，返回信息 {"status":"bad","msg":""}
2021-07-02 00:07:52 查询号码 【1666466】，GSD为【""】
2021-07-02 00:07:52 bad
2021-07-02 00:07:54 CHB 1666466?1625155672 第 1 次 等待 1 秒
2021-07-02 00:07:55 CHB 1666466?1625155672 第 1 次 获取到号码【1666466】GSD
2021-07-02 00:07:55 未获取到号码【1666466】GSD，可能号码格式错误
2021-07-02 00:07:55 获取到号码【1666466】的GSD为【-】
2021-07-02 00:08:19 GSD insert 第 1 次 等待 1 秒
2021-07-02 00:08:20 {"status":"ok","msg":"添加成功！170175"}
2021-07-02 00:08:20 下次操作: 2021-07-02 00:08:26

2021-07-02 00:08:26 开始第 18 次操作

2021-07-02 00:08:26 开始操作号码 【1666467】
2021-07-02 00:08:45 GSD getOne 第 1 次 等待 1 秒
2021-07-02 00:08:46 查询号码 【1666467】，返回信息 {"status":"bad","msg":""}
2021-07-02 00:08:46 查询号码 【1666467】，GSD为【""】
2021-07-02 00:08:46 bad
2021-07-02 00:08:48 CHB 1666467?1625155726 第 1 次 等待 1 秒
2021-07-02 00:08:49 CHB 1666467?1625155726 第 1 次 获取到号码【1666467】GSD
2021-07-02 00:08:49 未获取到号码【1666467】GSD，可能号码格式错误
2021-07-02 00:08:49 获取到号码【1666467】的GSD为【-】
2021-07-02 00:09:08 GSD insert 第 1 次 等待 1 秒
2021-07-02 00:09:09 {"status":"ok","msg":"添加成功！170184"}
2021-07-02 00:09:09 下次操作: 2021-07-02 00:09:27

2021-07-02 00:09:27 开始第 19 次操作

2021-07-02 00:09:27 开始操作号码 【1666468】
2021-07-02 00:09:31 GSD getOne 第 1 次 等待 1 秒
2021-07-02 00:09:32 查询号码 【1666468】，返回信息 {"status":"bad","msg":""}
2021-07-02 00:09:32 查询号码 【1666468】，GSD为【""】
2021-07-02 00:09:32 bad
2021-07-02 00:09:36 CHB 1666468?1625155772 第 1 次 等待 1 秒
2021-07-02 00:09:37 CHB 1666468?1625155772 第 1 次 获取到号码【1666468】GSD
2021-07-02 00:09:37 获取到号码【1666468】的GSD为【<!DOCTYPE html> <html lang="zh-CN" dir="ltr" class="client-nojs"> <head> <meta charset="UTF-8" /> <title>号码：1666468 | 查号吧📞</title> <script>document.documentElement.className = document.documentElement.className.replace( /(^|\s)client-nojs(\s|$)/, "$1client-js$2" );</script> <script>(window.RLQ=window.RLQ||[]).push(function(){mw.config.set({"wgCanonicalNamespace":"","wgCanonicalSpecialPageName":false,"wgNamespaceNumber":0,"wgPageName":"1666468","wgTitle":"1666468","wgCurRevisionId":237132553,"wgRevisionId":237132553,"wgArticleId":2238114,"wgIsArticle":true,"wgIsRedirect":false,"wgAction":"view","wgUserName":null,"wgUserGroups":["*"],"wgCategories":["查询要求","手机号码","16","号码"],"wgBreakFrames":false,"wgPageContentLanguage":"zh-cn","wgPageContentModel":"wikitext","wgSeparatorTransformTable":["",""],"wgDigitTransformTable":["",""],"wgDefaultDateFormat":"zh","wgMonthNames":["","1月","2月","3月","4月","5月","6月","7月","8月","9月","10月","11月","12月"],"wgMonthNamesShort":["","1月","2月","3月","4月","5月","6月","7月","8月","9月","10月","11月","12月"],"wgRelevantPageName":"1666468","wgRelevantArticleId":2238114,"wgRequestId":"YN3ovn8AAAEAAGaNxhsAAACC","wgIsProbablyEditable":false,"wgRestrictionEdit":[],"wgRestrictionMove":[],"wgWikiEditorEnabledModules":{"toolbar":false,"dialogs":false,"preview":false,"publish":false}});mw.loader.implement("user.options",function($,jQuery,require,module){mw.user.options.set({"variant":"zh-cn"});});mw.loader.implement("user.tokens",function ( $, jQuery, require, module ) { mw.user.tokens.set({"editToken":"+\\","patrolToken":"+\\","watchToken":"+\\","csrfToken":"+\\"});/*@nomin*/; });mw.loader.load(["mediawiki.page.startup"]);});</script> <link rel="stylesheet" href="/load.php?debug=false&amp;lang=zh-cn&amp;modules=mediawiki.legacy.commonPrint%2Cshared%7Cmediawiki.sectionAnchor%7Cmediawiki.skinning.content.externallinks%7Cmediawiki.skinning.interface%7Cskins.wptouch&amp;only=styles&amp;skin=wptouch" /> <meta name="ResourceLoaderDynamicStyles" content="" /> <link rel="stylesheet" href="/load.php?debug=false&amp;lang=zh-cn&amp;modules=site&amp;only=styles&amp;skin=wptouch" /> <script async="" src="/load.php?debug=false&amp;lang=zh-cn&amp;modules=startup&amp;only=scripts&amp;skin=wptouch"></script> <meta name="generator" content="MediaWiki 1.27.0" /> <meta name="baidu-tc-cerfication" content="dfd768e785dbbd03e5fd5e33e21243d8" /> <meta name="HandheldFriendly" content="true" /> <meta name="MobileOptimized" content="width" /> <meta name="keywords" content="1666468,1666468是什么号码,电话区号,查号吧" /> <meta name="description" content="这是网友提出的关于1666468的查询要求，希望网站的管理者-其他网友来帮助提供相关信息。" /> <meta name="twitter:description" content="这是网友提出的关于1666468的查询要求，希望网站的管理者】
2021-07-02 00:09:53 GSD insert 第 1 次 等待 1 秒
2021-07-02 00:09:54 <!DOCTYPE HTML PUBLIC "-//W3C//DTD HTML 4.01//EN""http://www.w3.org/TR/html4/strict.dtd">
<HTML><HEAD><TITLE>Bad Request</TITLE>
<META HTTP-EQUIV="Content-Type" Content="text/html; charset=us-ascii"></HEAD>
<BODY><h2>Bad Request</h2>
<hr><p>HTTP Error 400. The request is badly formed.</p>
</BODY></HTML>
2021-07-02 00:09:54 下次操作: 2021-07-02 00:10:06

2021-07-02 00:10:06 开始第 20 次操作

2021-07-02 00:10:06 开始操作号码 【1666469】
2021-07-02 00:12:17 GSD getOne 第 1 次 等待 1 秒
2021-07-02 00:14:28 GSD getOne 第 2 次 等待 1 秒
2021-07-02 00:14:33 GSD getOne 第 3 次 等待 1 秒
2021-07-02 00:14:34 查询号码 【1666469】，返回信息 {"status":"bad","msg":""}
2021-07-02 00:14:34 查询号码 【1666469】，GSD为【""】
2021-07-02 00:14:34 bad
2021-07-02 00:14:36 CHB 1666469?1625156074 第 1 次 等待 1 秒
2021-07-02 00:14:37 CHB 1666469?1625156074 第 1 次 获取到号码【1666469】GSD
2021-07-02 00:14:37 未获取到号码【1666469】GSD，可能号码格式错误
2021-07-02 00:14:37 获取到号码【1666469】的GSD为【-】
2021-07-02 00:14:56 GSD insert 第 1 次 等待 1 秒
2021-07-02 00:14:57 {"status":"ok","msg":"添加成功！170235"}
2021-07-02 00:14:57 下次操作: 2021-07-02 00:15:06

2021-07-02 00:15:07 开始第 21 次操作

2021-07-02 00:15:07 开始操作号码 【1666470】
2021-07-02 00:15:20 GSD getOne 第 1 次 等待 1 秒
2021-07-02 00:15:21 查询号码 【1666470】，返回信息 {"status":"bad","msg":""}
2021-07-02 00:15:21 查询号码 【1666470】，GSD为【""】
2021-07-02 00:15:21 bad
2021-07-02 00:15:23 CHB 1666470?1625156121 第 1 次 等待 1 秒
2021-07-02 00:15:24 CHB 1666470?1625156121 第 1 次 获取到号码【1666470】GSD
2021-07-02 00:15:24 获取到号码【1666470】的GSD为【内蒙古-呼伦贝尔】
2021-07-02 00:15:44 GSD insert 第 1 次 等待 1 秒
2021-07-02 00:15:45 {"status":"ok","msg":"添加成功！170242"}
2021-07-02 00:15:45 下次操作: 2021-07-02 00:15:55

2021-07-02 00:15:55 开始第 22 次操作

2021-07-02 00:15:55 开始操作号码 【1666471】
2021-07-02 00:16:11 GSD getOne 第 1 次 等待 1 秒
2021-07-02 00:16:12 查询号码 【1666471】，返回信息 {"status":"bad","msg":""}
2021-07-02 00:16:12 查询号码 【1666471】，GSD为【""】
2021-07-02 00:16:12 bad
2021-07-02 00:16:14 CHB 1666471?1625156172 第 1 次 等待 1 秒
2021-07-02 00:16:15 CHB 1666471?1625156172 第 1 次 获取到号码【1666471】GSD
2021-07-02 00:16:15 获取到号码【1666471】的GSD为【内蒙古-呼和浩特】
2021-07-02 00:16:35 GSD insert 第 1 次 等待 1 秒
2021-07-02 00:16:36 {"status":"ok","msg":"添加成功！170250"}
2021-07-02 00:16:36 下次操作: 2021-07-02 00:16:46

2021-07-02 00:16:46 开始第 23 次操作

2021-07-02 00:16:46 开始操作号码 【1666472】
2021-07-02 00:16:57 GSD getOne 第 1 次 等待 1 秒
2021-07-02 00:16:58 查询号码 【1666472】，返回信息 {"status":"bad","msg":""}
2021-07-02 00:16:58 查询号码 【1666472】，GSD为【""】
2021-07-02 00:16:58 bad
2021-07-02 00:17:00 CHB 1666472?1625156218 第 1 次 等待 1 秒
2021-07-02 00:17:01 CHB 1666472?1625156218 第 1 次 获取到号码【1666472】GSD
2021-07-02 00:17:01 获取到号码【1666472】的GSD为【内蒙古-包头】
2021-07-02 00:17:22 GSD insert 第 1 次 等待 1 秒
2021-07-02 00:17:23 {"status":"ok","msg":"添加成功！170258"}
2021-07-02 00:17:23 下次操作: 2021-07-02 00:17:37

2021-07-02 00:17:37 开始第 24 次操作

2021-07-02 00:17:37 开始操作号码 【1666473】
2021-07-02 00:17:43 GSD getOne 第 1 次 等待 1 秒
2021-07-02 00:17:44 查询号码 【1666473】，返回信息 {"status":"bad","msg":""}
2021-07-02 00:17:44 查询号码 【1666473】，GSD为【""】
2021-07-02 00:17:44 bad
2021-07-02 00:17:46 CHB 1666473?1625156264 第 1 次 等待 1 秒
2021-07-02 00:17:47 CHB 1666473?1625156264 第 1 次 获取到号码【1666473】GSD
2021-07-02 00:17:47 获取到号码【1666473】的GSD为【内蒙古-乌海】
2021-07-02 00:18:07 GSD insert 第 1 次 等待 1 秒
2021-07-02 00:18:08 {"status":"ok","msg":"添加成功！170263"}
2021-07-02 00:18:08 下次操作: 2021-07-02 00:18:26

2021-07-02 00:18:26 开始第 25 次操作

2021-07-02 00:18:26 开始操作号码 【1666474】
2021-07-02 00:18:32 GSD getOne 第 1 次 等待 1 秒
2021-07-02 00:18:33 查询号码 【1666474】，返回信息 {"status":"bad","msg":""}
2021-07-02 00:18:33 查询号码 【1666474】，GSD为【""】
2021-07-02 00:18:33 bad
2021-07-02 00:18:39 CHB 1666474?1625156313 第 1 次 等待 1 秒
2021-07-02 00:18:40 CHB 1666474?1625156313 第 1 次 获取到号码【1666474】GSD
2021-07-02 00:18:40 获取到号码【1666474】的GSD为【内蒙古-乌兰察布】
2021-07-02 00:19:00 GSD insert 第 1 次 等待 1 秒
2021-07-02 00:19:01 {"status":"ok","msg":"添加成功！170271"}
2021-07-02 00:19:01 下次操作: 2021-07-02 00:19:08

2021-07-02 00:19:08 开始第 26 次操作

2021-07-02 00:19:08 开始操作号码 【1666475】
2021-07-02 00:19:30 GSD getOne 第 1 次 等待 1 秒
2021-07-02 00:19:31 查询号码 【1666475】，返回信息 {"status":"bad","msg":""}
2021-07-02 00:19:31 查询号码 【1666475】，GSD为【""】
2021-07-02 00:19:31 bad
2021-07-02 00:19:33 CHB 1666475?1625156371 第 1 次 等待 1 秒
2021-07-02 00:19:34 CHB 1666475?1625156371 第 1 次 获取到号码【1666475】GSD
2021-07-02 00:19:34 获取到号码【1666475】的GSD为【内蒙古-通辽】
2021-07-02 00:19:53 GSD insert 第 1 次 等待 1 秒
2021-07-02 00:19:54 {"status":"ok","msg":"添加成功！170277"}
2021-07-02 00:19:54 下次操作: 2021-07-02 00:20:05

2021-07-02 00:20:05 开始第 27 次操作

2021-07-02 00:20:05 开始操作号码 【1666476】
2021-07-02 00:20:17 GSD getOne 第 1 次 等待 1 秒
2021-07-02 00:20:18 查询号码 【1666476】，返回信息 {"status":"bad","msg":""}
2021-07-02 00:20:18 查询号码 【1666476】，GSD为【""】
2021-07-02 00:20:18 bad
2021-07-02 00:20:21 CHB 1666476?1625156418 第 1 次 等待 1 秒
2021-07-02 00:20:22 CHB 1666476?1625156418 第 1 次 获取到号码【1666476】GSD
2021-07-02 00:20:22 获取到号码【1666476】的GSD为【内蒙古-赤峰】
2021-07-02 00:20:42 GSD insert 第 1 次 等待 1 秒
2021-07-02 00:20:43 {"status":"ok","msg":"添加成功！170280"}
2021-07-02 00:20:43 下次操作: 2021-07-02 00:20:53

2021-07-02 00:20:53 开始第 28 次操作

2021-07-02 00:20:53 开始操作号码 【1666477】
2021-07-02 00:21:06 GSD getOne 第 1 次 等待 1 秒
2021-07-02 00:21:07 查询号码 【1666477】，返回信息 {"status":"bad","msg":""}
2021-07-02 00:21:07 查询号码 【1666477】，GSD为【""】
2021-07-02 00:21:07 bad
2021-07-02 00:21:12 CHB 1666477?1625156467 第 1 次 等待 1 秒
2021-07-02 00:21:13 CHB 1666477?1625156467 第 1 次 获取到号码【1666477】GSD
2021-07-02 00:21:13 获取到号码【1666477】的GSD为【内蒙古-鄂尔多斯】
2021-07-02 00:21:32 GSD insert 第 1 次 等待 1 秒
2021-07-02 00:21:33 {"status":"ok","msg":"添加成功！170283"}
2021-07-02 00:21:33 下次操作: 2021-07-02 00:21:42

2021-07-02 00:21:42 开始第 29 次操作

2021-07-02 00:21:42 开始操作号码 【1666478】
2021-07-02 00:21:54 GSD getOne 第 1 次 等待 1 秒
2021-07-02 00:21:55 查询号码 【1666478】，返回信息 {"status":"bad","msg":""}
2021-07-02 00:21:55 查询号码 【1666478】，GSD为【""】
2021-07-02 00:21:55 bad
2021-07-02 00:21:57 CHB 1666478?1625156515 第 1 次 等待 1 秒
2021-07-02 00:21:58 CHB 1666478?1625156515 第 1 次 获取到号码【1666478】GSD
2021-07-02 00:21:58 获取到号码【1666478】的GSD为【内蒙古-巴彦淖尔】
2021-07-02 00:22:19 GSD insert 第 1 次 等待 1 秒
2021-07-02 00:22:20 {"status":"ok","msg":"添加成功！170287"}
2021-07-02 00:22:20 下次操作: 2021-07-02 00:22:36

2021-07-02 00:22:36 开始第 30 次操作

2021-07-02 00:22:36 开始操作号码 【1666479】
2021-07-02 00:22:41 GSD getOne 第 1 次 等待 1 秒
2021-07-02 00:22:42 查询号码 【1666479】，返回信息 {"status":"bad","msg":""}
2021-07-02 00:22:42 查询号码 【1666479】，GSD为【""】
2021-07-02 00:22:42 bad
2021-07-02 00:22:45 CHB 1666479?1625156562 第 1 次 等待 1 秒
2021-07-02 00:22:46 CHB 1666479?1625156562 第 1 次 获取到号码【1666479】GSD
2021-07-02 00:22:46 获取到号码【1666479】的GSD为【内蒙古-锡林郭勒盟】
2021-07-02 00:23:05 GSD insert 第 1 次 等待 1 秒
2021-07-02 00:23:06 {"status":"ok","msg":"添加成功！170291"}

