2023-09-29 00:17:40 开始第 477 次操作

2023-09-29 00:17:40 开始操作号码 【1910476】
2023-09-29 00:17:43 GSD getOne 第 1 次 等待 3 秒
2023-09-29 00:17:46 查询号码 【1910476】，返回信息 {"status":"ok","msg":"内蒙古-赤峰","gid":"443757","time_insert":"2021-07-30 11:55"}
2023-09-29 00:17:46 查询号码 【1910476】，GSD为【"内蒙古-赤峰"】

2023-09-29 00:17:47 开始第 478 次操作

2023-09-29 00:17:47 开始操作号码 【1910477】
2023-09-29 00:19:57 GSD getOne 第 1 次 等待 3 秒
2023-09-29 00:20:02 GSD getOne 第 2 次 等待 3 秒
2023-09-29 00:20:05 查询号码 【1910477】，返回信息 {"status":"ok","msg":"内蒙古-鄂尔多斯","gid":"443977","time_insert":"2021-07-30 12:09"}
2023-09-29 00:20:05 查询号码 【1910477】，GSD为【"内蒙古-鄂尔多斯"】

2023-09-29 00:20:06 开始第 479 次操作

2023-09-29 00:20:06 开始操作号码 【1910478】
2023-09-29 00:20:08 GSD getOne 第 1 次 等待 3 秒
2023-09-29 00:20:11 查询号码 【1910478】，返回信息 {"status":"ok","msg":"内蒙古-巴彦淖尔","gid":"444066","time_insert":"2021-07-30 12:21"}
2023-09-29 00:20:11 查询号码 【1910478】，GSD为【"内蒙古-巴彦淖尔"】

2023-09-29 00:20:12 开始第 480 次操作

2023-09-29 00:20:12 开始操作号码 【1910479】
2023-09-29 00:20:21 GSD getOne 第 1 次 等待 3 秒
2023-09-29 00:20:24 查询号码 【1910479】，返回信息 {"status":"ok","msg":"内蒙古-锡林郭勒","gid":"444104","time_insert":"2021-07-30 12:34"}
2023-09-29 00:20:24 查询号码 【1910479】，GSD为【"内蒙古-锡林郭勒"】

