2024-08-04 00:19:52 开始第 9669 次操作

2024-08-04 00:19:52 开始操作号码 【1489570】
2024-08-04 00:20:07 GSD getOne 第 1 次 等待 3 秒
2024-08-04 00:20:10 查询号码 【1489570】，返回信息 {"status":"ok","msg":"-","gid":"380672","time_insert":"2021-07-24 19:26"}
2024-08-04 00:20:10 查询号码 【1489570】，GSD为【"-"】
2024-08-04 00:20:10 ok && -
2024-08-04 00:20:13 CHB 1489570?1722702010 第 1 次 等待 3 秒
2024-08-04 00:20:16 CHB 1489570?1722702010 第 1 次 获取到号码【1489570】GSD
2024-08-04 00:20:16 0: 广东-广州
2024-08-04 00:20:16 获取到号码【1489570】的GSD为【广东-广州】
2024-08-04 00:20:28 GSD insert 第 1 次 等待 3 秒
2024-08-04 00:20:31 {"status":"ok","gid":"380672","msg":"添加号码已存在，但为‘-’，修改为【广东-广州】成功！"}
2024-08-04 00:20:31 随机等待 78 秒，约 1 分钟
2024-08-04 00:20:31 下次操作: 2024-08-04 00:21:49

2024-08-04 00:21:49 开始第 9670 次操作

2024-08-04 00:21:49 开始操作号码 【1489571】
2024-08-04 00:21:57 GSD getOne 第 1 次 等待 3 秒
2024-08-04 00:22:00 查询号码 【1489571】，返回信息 {"status":"ok","msg":"-","gid":"380682","time_insert":"2021-07-24 19:32"}
2024-08-04 00:22:00 查询号码 【1489571】，GSD为【"-"】
2024-08-04 00:22:00 ok && -
2024-08-04 00:22:01 CHB 1489571?1722702120 第 1 次 等待 3 秒
2024-08-04 00:22:04 CHB 1489571?1722702120 第 1 次 获取到号码【1489571】GSD
2024-08-04 00:22:04 0: 广东-广州
2024-08-04 00:22:04 获取到号码【1489571】的GSD为【广东-广州】
2024-08-04 00:22:23 GSD insert 第 1 次 等待 3 秒
2024-08-04 00:22:26 {"status":"ok","gid":"380682","msg":"添加号码已存在，但为‘-’，修改为【广东-广州】成功！"}
2024-08-04 00:22:26 随机等待 100 秒，约 1 分钟
2024-08-04 00:22:26 下次操作: 2024-08-04 00:24:06

2024-08-04 00:24:07 开始第 9671 次操作

2024-08-04 00:24:07 开始操作号码 【1489572】
2024-08-04 00:24:18 GSD getOne 第 1 次 等待 3 秒
2024-08-04 00:24:21 查询号码 【1489572】，返回信息 {"status":"ok","msg":"-","gid":"380695","time_insert":"2021-07-24 19:35"}
2024-08-04 00:24:21 查询号码 【1489572】，GSD为【"-"】
2024-08-04 00:24:21 ok && -
2024-08-04 00:24:23 CHB 1489572?1722702261 第 1 次 等待 3 秒
2024-08-04 00:24:26 CHB 1489572?1722702261 第 1 次 获取到号码【1489572】GSD
2024-08-04 00:24:26 0: 广东-广州
2024-08-04 00:24:26 获取到号码【1489572】的GSD为【广东-广州】
2024-08-04 00:24:44 GSD insert 第 1 次 等待 3 秒
2024-08-04 00:24:47 {"status":"ok","gid":"380695","msg":"添加号码已存在，但为‘-’，修改为【广东-广州】成功！"}
2024-08-04 00:24:47 随机等待 144 秒，约 2 分钟
2024-08-04 00:24:47 下次操作: 2024-08-04 00:27:11

2024-08-04 00:27:11 开始第 9672 次操作

2024-08-04 00:27:11 开始操作号码 【1489573】
2024-08-04 00:27:19 GSD getOne 第 1 次 等待 3 秒
2024-08-04 00:27:22 查询号码 【1489573】，返回信息 {"status":"ok","msg":"-","gid":"380733","time_insert":"2021-07-24 19:38"}
2024-08-04 00:27:22 查询号码 【1489573】，GSD为【"-"】
2024-08-04 00:27:22 ok && -
2024-08-04 00:27:24 CHB 1489573?1722702442 第 1 次 等待 3 秒
2024-08-04 00:27:27 CHB 1489573?1722702442 第 1 次 获取到号码【1489573】GSD
2024-08-04 00:27:27 0: 广东-广州
2024-08-04 00:27:27 获取到号码【1489573】的GSD为【广东-广州】
2024-08-04 00:27:37 GSD insert 第 1 次 等待 3 秒
2024-08-04 00:27:40 {"status":"ok","gid":"380733","msg":"添加号码已存在，但为‘-’，修改为【广东-广州】成功！"}

