2024-07-27 00:19:43 开始第 8245 次操作

2024-07-27 00:19:43 开始操作号码 【1488146】
2024-07-27 00:19:44 GSD getOne 第 1 次 等待 3 秒
2024-07-27 00:19:55 GSD getOne 第 2 次 等待 3 秒
2024-07-27 00:19:58 查询号码 【1488146】，返回信息 {"status":"ok","msg":"广西-南宁","gid":"334425","time_insert":"2021-07-20 07:03","time_update":"2023-05-24 01:03"}
2024-07-27 00:19:58 查询号码 【1488146】，GSD为【"广西-南宁"】

2024-07-27 00:19:59 开始第 8246 次操作

2024-07-27 00:19:59 开始操作号码 【1488147】
2024-07-27 00:20:10 GSD getOne 第 1 次 等待 3 秒
2024-07-27 00:20:13 查询号码 【1488147】，返回信息 {"status":"ok","msg":"广西-南宁","gid":"334451","time_insert":"2021-07-20 07:08","time_update":"2023-05-24 01:11"}
2024-07-27 00:20:13 查询号码 【1488147】，GSD为【"广西-南宁"】

2024-07-27 00:20:14 开始第 8247 次操作

2024-07-27 00:20:14 开始操作号码 【1488148】
2024-07-27 00:20:32 GSD getOne 第 1 次 等待 3 秒
2024-07-27 00:20:35 查询号码 【1488148】，返回信息 {"status":"ok","msg":"广西-南宁","gid":"334472","time_insert":"2021-07-20 07:12","time_update":"2023-05-24 01:21"}
2024-07-27 00:20:35 查询号码 【1488148】，GSD为【"广西-南宁"】

2024-07-27 00:20:36 开始第 8248 次操作

2024-07-27 00:20:36 开始操作号码 【1488149】
2024-07-27 00:20:45 GSD getOne 第 1 次 等待 3 秒
2024-07-27 00:20:48 查询号码 【1488149】，返回信息 {"status":"ok","msg":"广西-南宁","gid":"334482","time_insert":"2021-07-20 07:17","time_update":"2023-05-24 01:31"}
2024-07-27 00:20:48 查询号码 【1488149】，GSD为【"广西-南宁"】

