2024-06-11 00:19:32 开始第 97 次操作
2024-06-11 00:19:32 号码【159（0000 ---> 9999）】处理完毕
2024-06-11 00:40:32 开始第 97 次操作
2024-06-11 00:40:32 号码【159（0000 ---> 9999）】处理完毕
2024-06-11 01:12:46 开始第 97 次操作
2024-06-11 01:12:46 号码【159（0000 ---> 9999）】处理完毕
2024-06-11 01:35:52 开始第 97 次操作
2024-06-11 01:35:52 号码【159（0000 ---> 9999）】处理完毕
2024-06-11 02:20:00 开始第 97 次操作
2024-06-11 02:20:00 号码【159（0000 ---> 9999）】处理完毕
2024-06-11 02:38:38 开始第 97 次操作
2024-06-11 02:38:38 号码【159（0000 ---> 9999）】处理完毕
2024-06-11 03:12:31 开始第 97 次操作
2024-06-11 03:12:31 号码【159（0000 ---> 9999）】处理完毕
2024-06-11 03:36:04 开始第 97 次操作
2024-06-11 03:36:04 号码【159（0000 ---> 9999）】处理完毕
2024-06-11 04:15:39 开始第 97 次操作
2024-06-11 04:15:39 号码【159（0000 ---> 9999）】处理完毕
2024-06-11 04:36:11 开始第 97 次操作
2024-06-11 04:36:11 号码【159（0000 ---> 9999）】处理完毕
2024-06-11 05:15:14 开始第 97 次操作
2024-06-11 05:15:14 号码【159（0000 ---> 9999）】处理完毕
2024-06-11 05:37:07 开始第 97 次操作
2024-06-11 05:37:07 号码【159（0000 ---> 9999）】处理完毕
2024-06-11 06:15:28 开始第 97 次操作
2024-06-11 06:15:28 号码【159（0000 ---> 9999）】处理完毕
2024-06-11 06:37:10 开始第 97 次操作
2024-06-11 06:37:10 号码【159（0000 ---> 9999）】处理完毕
2024-06-11 07:15:07 开始第 97 次操作
2024-06-11 07:15:07 号码【159（0000 ---> 9999）】处理完毕
2024-06-11 07:36:22 开始第 97 次操作
2024-06-11 07:36:22 号码【159（0000 ---> 9999）】处理完毕
2024-06-11 08:52:07 开始第 97 次操作

2024-06-11 08:52:07 开始操作号码 【1480001】
2024-06-11 08:52:15 GSD getOne 第 1 次 等待 3 秒
2024-06-11 08:52:18 查询号码 【1480001】，返回信息 {"status":"ok","msg":"广东-广州","gid":"66496","time_insert":"2021-05-24 09:47","time_update":"2021-10-20 07:36"}
2024-06-11 08:52:18 查询号码 【1480001】，GSD为【"广东-广州"】

2024-06-11 08:52:19 开始第 98 次操作

2024-06-11 08:52:19 开始操作号码 【1480002】
2024-06-11 08:52:28 GSD getOne 第 1 次 等待 3 秒
2024-06-11 08:52:31 查询号码 【1480002】，返回信息 {"status":"ok","msg":"广东-广州","gid":"66511","time_insert":"2021-05-24 10:08","time_update":"2023-05-21 13:49"}
2024-06-11 08:52:31 查询号码 【1480002】，GSD为【"广东-广州"】

2024-06-11 08:52:33 开始第 99 次操作

2024-06-11 08:52:33 开始操作号码 【1480003】
2024-06-11 08:52:40 GSD getOne 第 1 次 等待 3 秒
2024-06-11 08:52:43 查询号码 【1480003】，返回信息 {"status":"ok","msg":"广东-广州","gid":"66524","time_insert":"2021-05-24 10:24","time_update":"2021-10-20 07:31"}
2024-06-11 08:52:43 查询号码 【1480003】，GSD为【"广东-广州"】

2024-06-11 08:52:44 开始第 100 次操作

2024-06-11 08:52:44 开始操作号码 【1480004】
2024-06-11 08:52:50 GSD getOne 第 1 次 等待 3 秒
2024-06-11 08:52:53 查询号码 【1480004】，返回信息 {"status":"ok","msg":"广东-广州","gid":"66539","time_insert":"2021-05-24 10:52","time_update":"2023-05-21 13:52"}
2024-06-11 08:52:53 查询号码 【1480004】，GSD为【"广东-广州"】

