2024-04-25 00:17:03 开始第 5429 次操作

2024-04-25 00:17:03 开始操作号码 【1595332】
2024-04-25 00:17:13 GSD getOne 第 1 次 等待 3 秒
2024-04-25 00:17:16 查询号码 【1595332】，返回信息 {"status":"ok","msg":"山东-淄博","gid":"133336","time_insert":"2021-06-26 17:48"}
2024-04-25 00:17:16 查询号码 【1595332】，GSD为【"山东-淄博"】

2024-04-25 00:17:17 开始第 5430 次操作

2024-04-25 00:17:17 开始操作号码 【1595333】
2024-04-25 00:17:28 GSD getOne 第 1 次 等待 3 秒
2024-04-25 00:17:31 查询号码 【1595333】，返回信息 {"status":"ok","msg":"山东-淄博","gid":"133326","time_insert":"2021-06-26 17:47"}
2024-04-25 00:17:31 查询号码 【1595333】，GSD为【"山东-淄博"】

2024-04-25 00:17:32 开始第 5431 次操作

2024-04-25 00:17:32 开始操作号码 【1595334】
2024-04-25 00:17:39 GSD getOne 第 1 次 等待 3 秒
2024-04-25 00:17:42 查询号码 【1595334】，返回信息 {"status":"ok","msg":"山东-淄博","gid":"133162","time_insert":"2021-06-26 17:08"}
2024-04-25 00:17:42 查询号码 【1595334】，GSD为【"山东-淄博"】

2024-04-25 00:17:43 开始第 5432 次操作

2024-04-25 00:17:43 开始操作号码 【1595335】
2024-04-25 00:17:49 GSD getOne 第 1 次 等待 3 秒
2024-04-25 00:17:52 查询号码 【1595335】，返回信息 {"status":"ok","msg":"山东-淄博","gid":"133158","time_insert":"2021-06-26 17:07"}
2024-04-25 00:17:52 查询号码 【1595335】，GSD为【"山东-淄博"】

2024-04-25 00:37:45 开始第 5433 次操作

2024-04-25 00:37:45 开始操作号码 【1595336】
2024-04-25 00:37:51 GSD getOne 第 1 次 等待 3 秒
2024-04-25 00:37:54 查询号码 【1595336】，返回信息 {"status":"ok","msg":"山东-淄博","gid":"133154","time_insert":"2021-06-26 17:06"}
2024-04-25 00:37:54 查询号码 【1595336】，GSD为【"山东-淄博"】

2024-04-25 00:37:55 开始第 5434 次操作

2024-04-25 00:37:55 开始操作号码 【1595337】
2024-04-25 00:38:04 GSD getOne 第 1 次 等待 3 秒
2024-04-25 00:38:07 查询号码 【1595337】，返回信息 {"status":"ok","msg":"山东-淄博","gid":"133151","time_insert":"2021-06-26 17:06"}
2024-04-25 00:38:07 查询号码 【1595337】，GSD为【"山东-淄博"】

2024-04-25 00:38:08 开始第 5435 次操作

2024-04-25 00:38:08 开始操作号码 【1595338】
2024-04-25 00:38:13 GSD getOne 第 1 次 等待 3 秒
2024-04-25 00:38:16 查询号码 【1595338】，返回信息 {"status":"ok","msg":"山东-青岛","gid":"133149","time_insert":"2021-06-26 17:05"}
2024-04-25 00:38:16 查询号码 【1595338】，GSD为【"山东-青岛"】

2024-04-25 00:38:17 开始第 5436 次操作

2024-04-25 00:38:17 开始操作号码 【1595339】
2024-04-25 00:38:22 GSD getOne 第 1 次 等待 3 秒
2024-04-25 00:38:25 查询号码 【1595339】，返回信息 {"status":"ok","msg":"山东-日照","gid":"133146","time_insert":"2021-06-26 17:05"}
2024-04-25 00:38:25 查询号码 【1595339】，GSD为【"山东-日照"】

