2024-03-31 00:16:53 开始第 1085 次操作

2024-03-31 00:16:53 开始操作号码 【1590988】
2024-03-31 00:16:58 GSD getOne 第 1 次 等待 3 秒
2024-03-31 00:17:01 查询号码 【1590988】，返回信息 {"status":"ok","msg":"辽宁-沈阳","gid":"114027","time_insert":"2021-06-22 16:26"}
2024-03-31 00:17:01 查询号码 【1590988】，GSD为【"辽宁-沈阳"】

2024-03-31 00:17:02 开始第 1086 次操作

2024-03-31 00:17:02 开始操作号码 【1590989】
2024-03-31 00:17:08 GSD getOne 第 1 次 等待 3 秒
2024-03-31 00:17:11 查询号码 【1590989】，返回信息 {"status":"ok","msg":"辽宁-葫芦岛","gid":"114028","time_insert":"2021-06-22 16:27"}
2024-03-31 00:17:11 查询号码 【1590989】，GSD为【"辽宁-葫芦岛"】

2024-03-31 00:17:12 开始第 1087 次操作

2024-03-31 00:17:12 开始操作号码 【1590990】
2024-03-31 00:17:19 GSD getOne 第 1 次 等待 3 秒
2024-03-31 00:17:22 查询号码 【1590990】，返回信息 {"status":"ok","msg":"新疆-克拉玛依","gid":"114029","time_insert":"2021-06-22 16:27"}
2024-03-31 00:17:22 查询号码 【1590990】，GSD为【"新疆-克拉玛依"】

2024-03-31 00:17:23 开始第 1088 次操作

2024-03-31 00:17:23 开始操作号码 【1590991】
2024-03-31 00:17:27 GSD getOne 第 1 次 等待 3 秒
2024-03-31 00:17:30 查询号码 【1590991】，返回信息 {"status":"ok","msg":"新疆-乌鲁木齐","gid":"26494","time_insert":"2018-09-13 13:33","time_update":"2020-12-22 12:54"}
2024-03-31 00:17:30 查询号码 【1590991】，GSD为【"新疆-乌鲁木齐"】

2024-03-31 00:36:58 开始第 1089 次操作

2024-03-31 00:36:58 开始操作号码 【1590992】
2024-03-31 00:37:04 GSD getOne 第 1 次 等待 3 秒
2024-03-31 00:37:07 查询号码 【1590992】，返回信息 {"status":"ok","msg":"新疆-奎屯","gid":"114032","time_insert":"2021-06-22 16:28"}
2024-03-31 00:37:07 查询号码 【1590992】，GSD为【"新疆-奎屯"】

2024-03-31 00:37:08 开始第 1090 次操作

2024-03-31 00:37:08 开始操作号码 【1590993】
2024-03-31 00:37:16 GSD getOne 第 1 次 等待 3 秒
2024-03-31 00:37:19 查询号码 【1590993】，返回信息 {"status":"ok","msg":"新疆-石河子","gid":"114034","time_insert":"2021-06-22 16:28"}
2024-03-31 00:37:20 查询号码 【1590993】，GSD为【"新疆-石河子"】

2024-03-31 00:37:21 开始第 1091 次操作

2024-03-31 00:37:21 开始操作号码 【1590994】
2024-03-31 00:37:26 GSD getOne 第 1 次 等待 3 秒
2024-03-31 00:37:29 查询号码 【1590994】，返回信息 {"status":"ok","msg":"新疆-昌吉","gid":"114035","time_insert":"2021-06-22 16:29"}
2024-03-31 00:37:29 查询号码 【1590994】，GSD为【"新疆-昌吉"】

2024-03-31 00:37:30 开始第 1092 次操作

2024-03-31 00:37:30 开始操作号码 【1590995】
2024-03-31 00:37:38 GSD getOne 第 1 次 等待 3 秒
2024-03-31 00:37:41 查询号码 【1590995】，返回信息 {"status":"ok","msg":"新疆-吐鲁番","gid":"51622","time_insert":"2021-04-22 10:02"}
2024-03-31 00:37:41 查询号码 【1590995】，GSD为【"新疆-吐鲁番"】

