2024-07-20 00:18:56 开始第 6993 次操作

2024-07-20 00:18:56 开始操作号码 【1486894】
2024-07-20 00:19:04 GSD getOne 第 1 次 等待 3 秒
2024-07-20 00:19:07 查询号码 【1486894】，返回信息 {"status":"ok","msg":"浙江-杭州","gid":"290898","time_insert":"2021-07-16 06:35","time_update":"2023-05-22 02:39"}
2024-07-20 00:19:07 查询号码 【1486894】，GSD为【"浙江-杭州"】

2024-07-20 00:19:08 开始第 6994 次操作

2024-07-20 00:19:08 开始操作号码 【1486895】
2024-07-20 00:19:16 GSD getOne 第 1 次 等待 3 秒
2024-07-20 00:19:19 查询号码 【1486895】，返回信息 {"status":"ok","msg":"浙江-杭州","gid":"290923","time_insert":"2021-07-16 06:40","time_update":"2023-05-22 02:49"}
2024-07-20 00:19:19 查询号码 【1486895】，GSD为【"浙江-杭州"】

2024-07-20 00:19:20 开始第 6995 次操作

2024-07-20 00:19:20 开始操作号码 【1486896】
2024-07-20 00:19:28 GSD getOne 第 1 次 等待 3 秒
2024-07-20 00:19:31 查询号码 【1486896】，返回信息 {"status":"ok","msg":"浙江-杭州","gid":"290970","time_insert":"2021-07-16 06:45","time_update":"2023-05-22 03:08"}
2024-07-20 00:19:31 查询号码 【1486896】，GSD为【"浙江-杭州"】

2024-07-20 00:19:32 开始第 6996 次操作

2024-07-20 00:19:32 开始操作号码 【1486897】
2024-07-20 00:19:41 GSD getOne 第 1 次 等待 3 秒
2024-07-20 00:19:44 查询号码 【1486897】，返回信息 {"status":"ok","msg":"浙江-杭州","gid":"291035","time_insert":"2021-07-16 06:51","time_update":"2023-05-22 03:30"}
2024-07-20 00:19:44 查询号码 【1486897】，GSD为【"浙江-杭州"】

