2024-04-17 00:17:42 开始第 3993 次操作

2024-04-17 00:17:42 开始操作号码 【1593896】
2024-04-17 00:17:48 GSD getOne 第 1 次 等待 3 秒
2024-04-17 00:17:51 查询号码 【1593896】，返回信息 {"status":"ok","msg":"河南-平顶山","gid":"55002","time_insert":"2020-03-18 22:14"}
2024-04-17 00:17:51 查询号码 【1593896】，GSD为【"河南-平顶山"】

2024-04-17 00:17:52 开始第 3994 次操作

2024-04-17 00:17:52 开始操作号码 【1593897】
2024-04-17 00:17:57 GSD getOne 第 1 次 等待 3 秒
2024-04-17 00:18:00 查询号码 【1593897】，返回信息 {"status":"ok","msg":"河南-平顶山","gid":"55003","time_insert":"2020-07-21 13:21"}
2024-04-17 00:18:00 查询号码 【1593897】，GSD为【"河南-平顶山"】

2024-04-17 00:18:01 开始第 3995 次操作

2024-04-17 00:18:01 开始操作号码 【1593898】
2024-04-17 00:18:06 GSD getOne 第 1 次 等待 3 秒
2024-04-17 00:18:09 查询号码 【1593898】，返回信息 {"status":"ok","msg":"河南-平顶山","gid":"55004","time_insert":"2021-01-06 13:04"}
2024-04-17 00:18:09 查询号码 【1593898】，GSD为【"河南-平顶山"】

2024-04-17 00:18:10 开始第 3996 次操作

2024-04-17 00:18:10 开始操作号码 【1593899】
2024-04-17 00:18:15 GSD getOne 第 1 次 等待 3 秒
2024-04-17 00:18:18 查询号码 【1593899】，返回信息 {"status":"ok","msg":"河南-平顶山","gid":"128362","time_insert":"2021-06-25 18:08"}
2024-04-17 00:18:18 查询号码 【1593899】，GSD为【"河南-平顶山"】

