2024-07-17 00:18:11 开始第 6477 次操作

2024-07-17 00:18:11 开始操作号码 【1486378】
2024-07-17 00:18:21 GSD getOne 第 1 次 等待 3 秒
2024-07-17 00:18:24 查询号码 【1486378】，返回信息 {"status":"ok","msg":"重庆-重庆","gid":"274952","time_insert":"2021-07-14 15:03","time_update":"2021-10-17 16:47"}
2024-07-17 00:18:24 查询号码 【1486378】，GSD为【"重庆-重庆"】

2024-07-17 00:18:25 开始第 6478 次操作

2024-07-17 00:18:25 开始操作号码 【1486379】
2024-07-17 00:18:35 GSD getOne 第 1 次 等待 3 秒
2024-07-17 00:18:38 查询号码 【1486379】，返回信息 {"status":"ok","msg":"重庆-重庆","gid":"274975","time_insert":"2021-07-14 15:09","time_update":"2023-09-04 14:43"}
2024-07-17 00:18:38 查询号码 【1486379】，GSD为【"重庆-重庆"】

2024-07-17 00:18:39 开始第 6479 次操作

2024-07-17 00:18:39 开始操作号码 【1486380】
2024-07-17 00:18:50 GSD getOne 第 1 次 等待 3 秒
2024-07-17 00:18:53 查询号码 【1486380】，返回信息 {"status":"ok","msg":"重庆-重庆","gid":"274985","time_insert":"2021-07-14 15:13","time_update":"2023-09-04 15:14"}
2024-07-17 00:18:53 查询号码 【1486380】，GSD为【"重庆-重庆"】

2024-07-17 00:18:54 开始第 6480 次操作

2024-07-17 00:18:54 开始操作号码 【1486381】
2024-07-17 00:19:03 GSD getOne 第 1 次 等待 3 秒
2024-07-17 00:19:06 查询号码 【1486381】，返回信息 {"status":"ok","msg":"重庆-重庆","gid":"274994","time_insert":"2021-07-14 15:18","time_update":"2023-09-04 15:16"}
2024-07-17 00:19:06 查询号码 【1486381】，GSD为【"重庆-重庆"】

