2024-01-18 00:19:05 开始第 9377 次操作

2024-01-18 00:19:05 开始操作号码 【1819279】
2024-01-18 00:19:13 GSD getOne 第 1 次 等待 3 秒
2024-01-18 00:19:16 查询号码 【1819279】，返回信息 {"status":"ok","msg":"陕西-西安","gid":"379709","time_insert":"2021-07-24 17:42"}
2024-01-18 00:19:16 查询号码 【1819279】，GSD为【"陕西-西安"】

2024-01-18 00:19:17 开始第 9378 次操作

2024-01-18 00:19:17 开始操作号码 【1819280】
2024-01-18 00:19:21 GSD getOne 第 1 次 等待 3 秒
2024-01-18 00:19:24 查询号码 【1819280】，返回信息 {"status":"ok","msg":"陕西-西安","gid":"379704","time_insert":"2021-07-24 17:42"}
2024-01-18 00:19:24 查询号码 【1819280】，GSD为【"陕西-西安"】

2024-01-18 00:19:25 开始第 9379 次操作

2024-01-18 00:19:25 开始操作号码 【1819281】
2024-01-18 00:19:29 GSD getOne 第 1 次 等待 3 秒
2024-01-18 00:19:32 查询号码 【1819281】，返回信息 {"status":"ok","msg":"陕西-西安","gid":"379698","time_insert":"2021-07-24 17:41"}
2024-01-18 00:19:32 查询号码 【1819281】，GSD为【"陕西-西安"】

2024-01-18 00:19:33 开始第 9380 次操作

2024-01-18 00:19:33 开始操作号码 【1819282】
2024-01-18 00:19:37 GSD getOne 第 1 次 等待 3 秒
2024-01-18 00:19:40 查询号码 【1819282】，返回信息 {"status":"ok","msg":"陕西-西安","gid":"379604","time_insert":"2021-07-24 17:16"}
2024-01-18 00:19:40 查询号码 【1819282】，GSD为【"陕西-西安"】

2024-01-18 00:40:36 开始第 9381 次操作

2024-01-18 00:40:36 开始操作号码 【1819283】
2024-01-18 00:40:41 GSD getOne 第 1 次 等待 3 秒
2024-01-18 00:40:44 查询号码 【1819283】，返回信息 {"status":"ok","msg":"陕西-西安","gid":"379598","time_insert":"2021-07-24 17:15"}
2024-01-18 00:40:44 查询号码 【1819283】，GSD为【"陕西-西安"】

2024-01-18 00:40:45 开始第 9382 次操作

2024-01-18 00:40:45 开始操作号码 【1819284】
2024-01-18 00:40:49 GSD getOne 第 1 次 等待 3 秒
2024-01-18 00:40:52 查询号码 【1819284】，返回信息 {"status":"ok","msg":"陕西-西安","gid":"379594","time_insert":"2021-07-24 17:14"}
2024-01-18 00:40:52 查询号码 【1819284】，GSD为【"陕西-西安"】

2024-01-18 00:40:53 开始第 9383 次操作

2024-01-18 00:40:53 开始操作号码 【1819285】
2024-01-18 00:41:02 GSD getOne 第 1 次 等待 3 秒
2024-01-18 00:41:05 查询号码 【1819285】，返回信息 {"status":"ok","msg":"陕西-西安","gid":"379590","time_insert":"2021-07-24 17:14"}
2024-01-18 00:41:05 查询号码 【1819285】，GSD为【"陕西-西安"】

2024-01-18 00:41:06 开始第 9384 次操作

2024-01-18 00:41:06 开始操作号码 【1819286】
2024-01-18 00:41:10 GSD getOne 第 1 次 等待 3 秒
2024-01-18 00:41:13 查询号码 【1819286】，返回信息 {"status":"ok","msg":"陕西-西安","gid":"379585","time_insert":"2021-07-24 17:13"}
2024-01-18 00:41:13 查询号码 【1819286】，GSD为【"陕西-西安"】

