2024-10-11 00:15:38 开始第 9333 次操作

2024-10-11 00:15:38 开始操作号码 【1379332】
2024-10-11 00:15:41 GSD getOne 第 1 次 等待 3 秒
2024-10-11 00:15:44 查询号码 【1379332】，返回信息 {"status":"ok","msg":"山东-淄博","gid":"342603","time_insert":"2021-07-21 03:33"}
2024-10-11 00:15:44 查询号码 【1379332】，GSD为【"山东-淄博"】

2024-10-11 00:15:46 开始第 9334 次操作

2024-10-11 00:15:46 开始操作号码 【1379333】
2024-10-11 00:15:50 GSD getOne 第 1 次 等待 3 秒
2024-10-11 00:15:53 查询号码 【1379333】，返回信息 {"status":"ok","msg":"山东-淄博","gid":"342597","time_insert":"2021-07-21 03:32","time_update":"2021-07-21 09:49"}
2024-10-11 00:15:53 查询号码 【1379333】，GSD为【"山东-淄博"】

2024-10-11 00:15:54 开始第 9335 次操作

2024-10-11 00:15:54 开始操作号码 【1379334】
2024-10-11 00:15:55 GSD getOne 第 1 次 等待 3 秒
2024-10-11 00:15:58 查询号码 【1379334】，返回信息 {"status":"ok","msg":"山东-淄博","gid":"342589","time_insert":"2021-07-21 03:31"}
2024-10-11 00:15:58 查询号码 【1379334】，GSD为【"山东-淄博"】

2024-10-11 00:15:59 开始第 9336 次操作

2024-10-11 00:15:59 开始操作号码 【1379335】
2024-10-11 00:16:01 GSD getOne 第 1 次 等待 3 秒
2024-10-11 00:16:04 查询号码 【1379335】，返回信息 {"status":"ok","msg":"山东-威海","gid":"342585","time_insert":"2021-07-21 03:30","time_update":"2021-07-21 09:48"}
2024-10-11 00:16:04 查询号码 【1379335】，GSD为【"山东-威海"】

2024-10-11 00:41:02 开始第 9337 次操作

2024-10-11 00:41:02 开始操作号码 【1379336】
2024-10-11 00:41:04 GSD getOne 第 1 次 等待 3 秒
2024-10-11 00:41:07 查询号码 【1379336】，返回信息 {"status":"ok","msg":"山东-威海","gid":"342578","time_insert":"2021-07-21 03:28","time_update":"2021-07-21 09:48"}
2024-10-11 00:41:07 查询号码 【1379336】，GSD为【"山东-威海"】

2024-10-11 00:41:08 开始第 9338 次操作

2024-10-11 00:41:08 开始操作号码 【1379337】
2024-10-11 00:41:10 GSD getOne 第 1 次 等待 3 秒
2024-10-11 00:41:13 查询号码 【1379337】，返回信息 {"status":"ok","msg":"山东-威海","gid":"342571","time_insert":"2021-07-21 03:27","time_update":"2021-07-21 09:47"}
2024-10-11 00:41:13 查询号码 【1379337】，GSD为【"山东-威海"】

2024-10-11 00:41:14 开始第 9339 次操作

2024-10-11 00:41:14 开始操作号码 【1379338】
2024-10-11 00:41:20 GSD getOne 第 1 次 等待 3 秒
2024-10-11 00:41:23 查询号码 【1379338】，返回信息 {"status":"ok","msg":"山东-威海","gid":"342566","time_insert":"2021-07-21 03:25","time_update":"2021-07-21 09:47"}
2024-10-11 00:41:23 查询号码 【1379338】，GSD为【"山东-威海"】

2024-10-11 00:41:24 开始第 9340 次操作

2024-10-11 00:41:24 开始操作号码 【1379339】
2024-10-11 00:41:35 GSD getOne 第 1 次 等待 3 秒
2024-10-11 00:41:38 查询号码 【1379339】，返回信息 {"status":"ok","msg":"山东-威海","gid":"342562","time_insert":"2021-07-21 03:24"}
2024-10-11 00:41:39 查询号码 【1379339】，GSD为【"山东-威海"】

2024-10-11 01:12:12 开始第 9341 次操作

2024-10-11 01:12:12 开始操作号码 【1379340】
2024-10-11 01:12:15 GSD getOne 第 1 次 等待 3 秒
2024-10-11 01:12:18 查询号码 【1379340】，返回信息 {"status":"ok","msg":"山东-日照","gid":"342559","time_insert":"2021-07-21 03:23","time_update":"2021-07-21 09:46"}
2024-10-11 01:12:18 查询号码 【1379340】，GSD为【"山东-日照"】

2024-10-11 01:12:19 开始第 9342 次操作

2024-10-11 01:12:19 开始操作号码 【1379341】
2024-10-11 01:12:21 GSD getOne 第 1 次 等待 3 秒
2024-10-11 01:12:24 查询号码 【1379341】，返回信息 {"status":"ok","msg":"山东-日照","gid":"342552","time_insert":"2021-07-21 03:22"}
2024-10-11 01:12:24 查询号码 【1379341】，GSD为【"山东-日照"】

2024-10-11 01:12:25 开始第 9343 次操作

2024-10-11 01:12:25 开始操作号码 【1379342】
2024-10-11 01:12:27 GSD getOne 第 1 次 等待 3 秒
2024-10-11 01:12:30 查询号码 【1379342】，返回信息 {"status":"ok","msg":"山东-日照","gid":"342549","time_insert":"2021-07-21 03:21","time_update":"2021-07-21 09:45"}
2024-10-11 01:12:30 查询号码 【1379342】，GSD为【"山东-日照"】

2024-10-11 01:12:31 开始第 9344 次操作

2024-10-11 01:12:31 开始操作号码 【1379343】
2024-10-11 01:12:33 GSD getOne 第 1 次 等待 3 秒
2024-10-11 01:12:36 查询号码 【1379343】，返回信息 {"status":"ok","msg":"山东-日照","gid":"342545","time_insert":"2021-07-21 03:20","time_update":"2021-07-21 09:45"}
2024-10-11 01:12:36 查询号码 【1379343】，GSD为【"山东-日照"】

2024-10-11 01:37:18 开始第 9345 次操作

2024-10-11 01:37:18 开始操作号码 【1379344】
2024-10-11 01:37:20 GSD getOne 第 1 次 等待 3 秒
2024-10-11 01:37:23 查询号码 【1379344】，返回信息 {"status":"ok","msg":"山东-日照","gid":"342539","time_insert":"2021-07-21 03:19","time_update":"2021-07-21 09:44"}
2024-10-11 01:37:23 查询号码 【1379344】，GSD为【"山东-日照"】

2024-10-11 01:37:24 开始第 9346 次操作

2024-10-11 01:37:24 开始操作号码 【1379345】
2024-10-11 01:37:26 GSD getOne 第 1 次 等待 3 秒
2024-10-11 01:37:29 查询号码 【1379345】，返回信息 {"status":"ok","msg":"山东-德州","gid":"342531","time_insert":"2021-07-21 03:17","time_update":"2021-07-21 09:43"}
2024-10-11 01:37:29 查询号码 【1379345】，GSD为【"山东-德州"】

2024-10-11 01:37:30 开始第 9347 次操作

2024-10-11 01:37:30 开始操作号码 【1379346】
2024-10-11 01:37:33 GSD getOne 第 1 次 等待 3 秒
2024-10-11 01:37:36 查询号码 【1379346】，返回信息 {"status":"ok","msg":"山东-德州","gid":"342525","time_insert":"2021-07-21 03:16","time_update":"2021-07-21 09:43"}
2024-10-11 01:37:36 查询号码 【1379346】，GSD为【"山东-德州"】

2024-10-11 01:37:37 开始第 9348 次操作

2024-10-11 01:37:37 开始操作号码 【1379347】
2024-10-11 01:37:39 GSD getOne 第 1 次 等待 3 秒
2024-10-11 01:37:42 查询号码 【1379347】，返回信息 {"status":"ok","msg":"山东-德州","gid":"342521","time_insert":"2021-07-21 03:15"}
2024-10-11 01:37:42 查询号码 【1379347】，GSD为【"山东-德州"】

2024-10-11 02:17:11 开始第 9349 次操作

2024-10-11 02:17:11 开始操作号码 【1379348】
2024-10-11 02:17:13 GSD getOne 第 1 次 等待 3 秒
2024-10-11 02:17:16 查询号码 【1379348】，返回信息 {"status":"ok","msg":"山东-德州","gid":"342516","time_insert":"2021-07-21 03:14","time_update":"2021-07-21 09:42"}
2024-10-11 02:17:16 查询号码 【1379348】，GSD为【"山东-德州"】

2024-10-11 02:17:17 开始第 9350 次操作

2024-10-11 02:17:17 开始操作号码 【1379349】
2024-10-11 02:17:19 GSD getOne 第 1 次 等待 3 秒
2024-10-11 02:17:22 查询号码 【1379349】，返回信息 {"status":"ok","msg":"山东-德州","gid":"342510","time_insert":"2021-07-21 03:12","time_update":"2021-07-21 09:41"}
2024-10-11 02:17:22 查询号码 【1379349】，GSD为【"山东-德州"】

2024-10-11 02:17:23 开始第 9351 次操作

2024-10-11 02:17:23 开始操作号码 【1379350】
2024-10-11 02:17:25 GSD getOne 第 1 次 等待 3 秒
2024-10-11 02:17:28 查询号码 【1379350】，返回信息 {"status":"ok","msg":"山东-烟台","gid":"342497","time_insert":"2021-07-21 03:11","time_update":"2021-07-21 09:41"}
2024-10-11 02:17:28 查询号码 【1379350】，GSD为【"山东-烟台"】

2024-10-11 02:17:29 开始第 9352 次操作

2024-10-11 02:17:29 开始操作号码 【1379351】
2024-10-11 02:17:31 GSD getOne 第 1 次 等待 3 秒
2024-10-11 02:17:34 查询号码 【1379351】，返回信息 {"status":"ok","msg":"山东-烟台","gid":"342489","time_insert":"2021-07-21 03:10","time_update":"2021-07-21 09:40"}
2024-10-11 02:17:34 查询号码 【1379351】，GSD为【"山东-烟台"】

