2023-12-12 00:19:26 开始第 2729 次操作

2023-12-12 00:19:26 开始操作号码 【1812631】
2023-12-12 00:19:30 GSD getOne 第 1 次 等待 3 秒
2023-12-12 00:19:33 查询号码 【1812631】，返回信息 {"status":"ok","msg":"广东-深圳","gid":"447466","time_insert":"2021-07-30 19:02"}
2023-12-12 00:19:33 查询号码 【1812631】，GSD为【"广东-深圳"】

2023-12-12 00:19:34 开始第 2730 次操作

2023-12-12 00:19:34 开始操作号码 【1812632】
2023-12-12 00:19:39 GSD getOne 第 1 次 等待 3 秒
2023-12-12 00:19:42 查询号码 【1812632】，返回信息 {"status":"ok","msg":"广东-深圳","gid":"447451","time_insert":"2021-07-30 19:01"}
2023-12-12 00:19:42 查询号码 【1812632】，GSD为【"广东-深圳"】

2023-12-12 00:19:43 开始第 2731 次操作

2023-12-12 00:19:43 开始操作号码 【1812633】
2023-12-12 00:19:49 GSD getOne 第 1 次 等待 3 秒
2023-12-12 00:19:52 查询号码 【1812633】，返回信息 {"status":"ok","msg":"广东-深圳","gid":"447436","time_insert":"2021-07-30 19:01"}
2023-12-12 00:19:53 查询号码 【1812633】，GSD为【"广东-深圳"】

2023-12-12 00:19:54 开始第 2732 次操作

2023-12-12 00:19:54 开始操作号码 【1812634】
2023-12-12 00:19:57 GSD getOne 第 1 次 等待 3 秒
2023-12-12 00:20:00 查询号码 【1812634】，返回信息 {"status":"ok","msg":"广东-深圳","gid":"447422","time_insert":"2021-07-30 19:00"}
2023-12-12 00:20:00 查询号码 【1812634】，GSD为【"广东-深圳"】

