2024-02-21 00:17:08 开始第 4873 次操作

2024-02-21 00:17:08 开始操作号码 【1704775】
2024-02-21 00:17:13 GSD getOne 第 1 次 等待 3 秒
2024-02-21 00:17:16 查询号码 【1704775】，返回信息 {"status":"ok","msg":"辽宁-营口","gid":"152755","time_insert":"2021-06-29 10:52"}
2024-02-21 00:17:16 查询号码 【1704775】，GSD为【"辽宁-营口"】

2024-02-21 00:17:17 开始第 4874 次操作

2024-02-21 00:17:17 开始操作号码 【1704776】
2024-02-21 00:17:21 GSD getOne 第 1 次 等待 3 秒
2024-02-21 00:17:24 查询号码 【1704776】，返回信息 {"status":"ok","msg":"辽宁-营口","gid":"152766","time_insert":"2021-06-29 10:53"}
2024-02-21 00:17:24 查询号码 【1704776】，GSD为【"辽宁-营口"】

2024-02-21 00:17:25 开始第 4875 次操作

2024-02-21 00:17:25 开始操作号码 【1704777】
2024-02-21 00:17:31 GSD getOne 第 1 次 等待 3 秒
2024-02-21 00:17:34 查询号码 【1704777】，返回信息 {"status":"ok","msg":"辽宁-沈阳","gid":"152779","time_insert":"2021-06-29 10:54"}
2024-02-21 00:17:34 查询号码 【1704777】，GSD为【"辽宁-沈阳"】

2024-02-21 00:17:35 开始第 4876 次操作

2024-02-21 00:17:35 开始操作号码 【1704778】
2024-02-21 00:17:40 GSD getOne 第 1 次 等待 3 秒
2024-02-21 00:17:43 查询号码 【1704778】，返回信息 {"status":"ok","msg":"辽宁-营口","gid":"152790","time_insert":"2021-06-29 10:55"}
2024-02-21 00:17:44 查询号码 【1704778】，GSD为【"辽宁-营口"】

2024-02-21 00:37:26 开始第 4877 次操作

2024-02-21 00:37:26 开始操作号码 【1704779】
2024-02-21 00:37:30 GSD getOne 第 1 次 等待 3 秒
2024-02-21 00:37:33 查询号码 【1704779】，返回信息 {"status":"ok","msg":"辽宁-营口","gid":"152802","time_insert":"2021-06-29 10:56"}
2024-02-21 00:37:33 查询号码 【1704779】，GSD为【"辽宁-营口"】

2024-02-21 00:37:35 开始第 4878 次操作

2024-02-21 00:37:35 开始操作号码 【1704780】
2024-02-21 00:37:39 GSD getOne 第 1 次 等待 3 秒
2024-02-21 00:37:42 查询号码 【1704780】，返回信息 {"status":"ok","msg":"辽宁-葫芦岛","gid":"152813","time_insert":"2021-06-29 10:56"}
2024-02-21 00:37:42 查询号码 【1704780】，GSD为【"辽宁-葫芦岛"】

2024-02-21 00:37:43 开始第 4879 次操作

2024-02-21 00:37:43 开始操作号码 【1704781】
2024-02-21 00:37:48 GSD getOne 第 1 次 等待 3 秒
2024-02-21 00:37:51 查询号码 【1704781】，返回信息 {"status":"ok","msg":"辽宁-葫芦岛","gid":"152824","time_insert":"2021-06-29 10:57"}
2024-02-21 00:37:51 查询号码 【1704781】，GSD为【"辽宁-葫芦岛"】

2024-02-21 00:37:52 开始第 4880 次操作

2024-02-21 00:37:52 开始操作号码 【1704782】
2024-02-21 00:37:57 GSD getOne 第 1 次 等待 3 秒
2024-02-21 00:38:00 查询号码 【1704782】，返回信息 {"status":"ok","msg":"辽宁-葫芦岛","gid":"152835","time_insert":"2021-06-29 10:58"}
2024-02-21 00:38:00 查询号码 【1704782】，GSD为【"辽宁-葫芦岛"】

2024-02-21 01:11:57 开始第 4881 次操作

2024-02-21 01:11:57 开始操作号码 【1704783】
2024-02-21 01:12:02 GSD getOne 第 1 次 等待 3 秒
2024-02-21 01:12:05 查询号码 【1704783】，返回信息 {"status":"ok","msg":"辽宁-葫芦岛","gid":"152845","time_insert":"2021-06-29 10:59"}
2024-02-21 01:12:05 查询号码 【1704783】，GSD为【"辽宁-葫芦岛"】

2024-02-21 01:12:06 开始第 4882 次操作

2024-02-21 01:12:06 开始操作号码 【1704784】
2024-02-21 01:12:10 GSD getOne 第 1 次 等待 3 秒
2024-02-21 01:12:13 查询号码 【1704784】，返回信息 {"status":"ok","msg":"辽宁-葫芦岛","gid":"152857","time_insert":"2021-06-29 10:59"}
2024-02-21 01:12:13 查询号码 【1704784】，GSD为【"辽宁-葫芦岛"】

2024-02-21 01:12:14 开始第 4883 次操作

2024-02-21 01:12:14 开始操作号码 【1704785】
2024-02-21 01:12:19 GSD getOne 第 1 次 等待 3 秒
2024-02-21 01:12:22 查询号码 【1704785】，返回信息 {"status":"ok","msg":"辽宁-葫芦岛","gid":"152870","time_insert":"2021-06-29 11:00"}
2024-02-21 01:12:22 查询号码 【1704785】，GSD为【"辽宁-葫芦岛"】

2024-02-21 01:12:23 开始第 4884 次操作

2024-02-21 01:12:23 开始操作号码 【1704786】
2024-02-21 01:12:27 GSD getOne 第 1 次 等待 3 秒
2024-02-21 01:12:30 查询号码 【1704786】，返回信息 {"status":"ok","msg":"辽宁-葫芦岛","gid":"152884","time_insert":"2021-06-29 11:01"}
2024-02-21 01:12:30 查询号码 【1704786】，GSD为【"辽宁-葫芦岛"】

2024-02-21 01:35:54 开始第 4885 次操作

2024-02-21 01:35:54 开始操作号码 【1704787】
2024-02-21 01:35:58 GSD getOne 第 1 次 等待 3 秒
2024-02-21 01:36:01 查询号码 【1704787】，返回信息 {"status":"ok","msg":"辽宁-葫芦岛","gid":"152895","time_insert":"2021-06-29 11:02"}
2024-02-21 01:36:01 查询号码 【1704787】，GSD为【"辽宁-葫芦岛"】

2024-02-21 01:36:02 开始第 4886 次操作

2024-02-21 01:36:02 开始操作号码 【1704788】
2024-02-21 01:36:06 GSD getOne 第 1 次 等待 3 秒
2024-02-21 01:36:09 查询号码 【1704788】，返回信息 {"status":"ok","msg":"辽宁-葫芦岛","gid":"152905","time_insert":"2021-06-29 11:02"}
2024-02-21 01:36:10 查询号码 【1704788】，GSD为【"辽宁-葫芦岛"】

2024-02-21 01:36:11 开始第 4887 次操作

2024-02-21 01:36:11 开始操作号码 【1704789】
2024-02-21 01:36:15 GSD getOne 第 1 次 等待 3 秒
2024-02-21 01:36:18 查询号码 【1704789】，返回信息 {"status":"ok","msg":"辽宁-葫芦岛","gid":"152916","time_insert":"2021-06-29 11:03"}
2024-02-21 01:36:18 查询号码 【1704789】，GSD为【"辽宁-葫芦岛"】

2024-02-21 01:36:19 开始第 4888 次操作

2024-02-21 01:36:19 开始操作号码 【1704790】
2024-02-21 01:36:23 GSD getOne 第 1 次 等待 3 秒
2024-02-21 01:36:26 查询号码 【1704790】，返回信息 {"status":"ok","msg":"湖北-宜昌","gid":"152927","time_insert":"2021-06-29 11:04"}
2024-02-21 01:36:26 查询号码 【1704790】，GSD为【"湖北-宜昌"】

2024-02-21 02:18:52 开始第 4889 次操作

2024-02-21 02:18:52 开始操作号码 【1704791】
2024-02-21 02:18:56 GSD getOne 第 1 次 等待 3 秒
2024-02-21 02:18:59 查询号码 【1704791】，返回信息 {"status":"ok","msg":"湖北-荆门","gid":"152937","time_insert":"2021-06-29 11:04"}
2024-02-21 02:18:59 查询号码 【1704791】，GSD为【"湖北-荆门"】

2024-02-21 02:19:00 开始第 4890 次操作

2024-02-21 02:19:00 开始操作号码 【1704792】
2024-02-21 02:19:04 GSD getOne 第 1 次 等待 3 秒
2024-02-21 02:19:07 查询号码 【1704792】，返回信息 {"status":"ok","msg":"湖北-黄石","gid":"152944","time_insert":"2021-06-29 11:05"}
2024-02-21 02:19:08 查询号码 【1704792】，GSD为【"湖北-黄石"】

2024-02-21 02:19:09 开始第 4891 次操作

2024-02-21 02:19:09 开始操作号码 【1704793】
2024-02-21 02:19:13 GSD getOne 第 1 次 等待 3 秒
2024-02-21 02:19:16 查询号码 【1704793】，返回信息 {"status":"ok","msg":"湖北-荆门","gid":"152951","time_insert":"2021-06-29 11:06"}
2024-02-21 02:19:16 查询号码 【1704793】，GSD为【"湖北-荆门"】

2024-02-21 02:19:17 开始第 4892 次操作

2024-02-21 02:19:17 开始操作号码 【1704794】
2024-02-21 02:19:21 GSD getOne 第 1 次 等待 3 秒
2024-02-21 02:19:24 查询号码 【1704794】，返回信息 {"status":"ok","msg":"湖北-武汉","gid":"152956","time_insert":"2021-06-29 11:07"}
2024-02-21 02:19:24 查询号码 【1704794】，GSD为【"湖北-武汉"】

2024-02-21 02:36:30 开始第 4893 次操作

2024-02-21 02:36:30 开始操作号码 【1704795】
2024-02-21 02:36:34 GSD getOne 第 1 次 等待 3 秒
2024-02-21 02:36:37 查询号码 【1704795】，返回信息 {"status":"ok","msg":"湖北-武汉","gid":"152963","time_insert":"2021-06-29 11:07"}
2024-02-21 02:36:37 查询号码 【1704795】，GSD为【"湖北-武汉"】

2024-02-21 02:36:38 开始第 4894 次操作

2024-02-21 02:36:38 开始操作号码 【1704796】
2024-02-21 02:36:43 GSD getOne 第 1 次 等待 3 秒
2024-02-21 02:36:46 查询号码 【1704796】，返回信息 {"status":"ok","msg":"湖北-武汉","gid":"152970","time_insert":"2021-06-29 11:08"}
2024-02-21 02:36:46 查询号码 【1704796】，GSD为【"湖北-武汉"】

2024-02-21 02:36:47 开始第 4895 次操作

2024-02-21 02:36:47 开始操作号码 【1704797】
2024-02-21 02:36:51 GSD getOne 第 1 次 等待 3 秒
2024-02-21 02:36:54 查询号码 【1704797】，返回信息 {"status":"ok","msg":"湖北-武汉","gid":"152977","time_insert":"2021-06-29 11:09"}
2024-02-21 02:36:54 查询号码 【1704797】，GSD为【"湖北-武汉"】

2024-02-21 02:36:55 开始第 4896 次操作

2024-02-21 02:36:55 开始操作号码 【1704798】
2024-02-21 02:36:59 GSD getOne 第 1 次 等待 3 秒
2024-02-21 02:37:02 查询号码 【1704798】，返回信息 {"status":"ok","msg":"湖北-武汉","gid":"152983","time_insert":"2021-06-29 11:10"}
2024-02-21 02:37:02 查询号码 【1704798】，GSD为【"湖北-武汉"】

2024-02-21 03:10:38 开始第 4897 次操作

2024-02-21 03:10:38 开始操作号码 【1704799】
2024-02-21 03:10:42 GSD getOne 第 1 次 等待 3 秒
2024-02-21 03:10:45 查询号码 【1704799】，返回信息 {"status":"ok","msg":"湖北-武汉","gid":"152990","time_insert":"2021-06-29 11:11"}
2024-02-21 03:10:46 查询号码 【1704799】，GSD为【"湖北-武汉"】

2024-02-21 03:10:47 开始第 4898 次操作

2024-02-21 03:10:47 开始操作号码 【1704800】
2024-02-21 03:10:51 GSD getOne 第 1 次 等待 3 秒
2024-02-21 03:10:54 查询号码 【1704800】，返回信息 {"status":"ok","msg":"山东-潍坊","gid":"152997","time_insert":"2021-06-29 11:11"}
2024-02-21 03:10:54 查询号码 【1704800】，GSD为【"山东-潍坊"】

2024-02-21 03:10:55 开始第 4899 次操作

2024-02-21 03:10:55 开始操作号码 【1704801】
2024-02-21 03:10:59 GSD getOne 第 1 次 等待 3 秒
2024-02-21 03:11:02 查询号码 【1704801】，返回信息 {"status":"ok","msg":"山东-潍坊","gid":"153003","time_insert":"2021-06-29 11:12"}
2024-02-21 03:11:02 查询号码 【1704801】，GSD为【"山东-潍坊"】

2024-02-21 03:11:03 开始第 4900 次操作

2024-02-21 03:11:03 开始操作号码 【1704802】
2024-02-21 03:11:07 GSD getOne 第 1 次 等待 3 秒
2024-02-21 03:11:10 查询号码 【1704802】，返回信息 {"status":"ok","msg":"山东-潍坊","gid":"153009","time_insert":"2021-06-29 11:13"}
2024-02-21 03:11:10 查询号码 【1704802】，GSD为【"山东-潍坊"】

2024-02-21 03:35:46 开始第 4901 次操作

2024-02-21 03:35:46 开始操作号码 【1704803】
2024-02-21 03:35:51 GSD getOne 第 1 次 等待 3 秒
2024-02-21 03:35:54 查询号码 【1704803】，返回信息 {"status":"ok","msg":"山东-济宁","gid":"153013","time_insert":"2021-06-29 11:14"}
2024-02-21 03:35:54 查询号码 【1704803】，GSD为【"山东-济宁"】

2024-02-21 03:35:55 开始第 4902 次操作

2024-02-21 03:35:55 开始操作号码 【1704804】
2024-02-21 03:36:00 GSD getOne 第 1 次 等待 3 秒
2024-02-21 03:36:03 查询号码 【1704804】，返回信息 {"status":"ok","msg":"山东-济宁","gid":"153016","time_insert":"2021-06-29 11:15"}
2024-02-21 03:36:03 查询号码 【1704804】，GSD为【"山东-济宁"】

2024-02-21 03:36:04 开始第 4903 次操作

2024-02-21 03:36:04 开始操作号码 【1704805】
2024-02-21 03:36:08 GSD getOne 第 1 次 等待 3 秒
2024-02-21 03:36:11 查询号码 【1704805】，返回信息 {"status":"ok","msg":"山东-济宁","gid":"153079","time_insert":"2021-06-29 11:50"}
2024-02-21 03:36:11 查询号码 【1704805】，GSD为【"山东-济宁"】

2024-02-21 03:36:12 开始第 4904 次操作

2024-02-21 03:36:12 开始操作号码 【1704806】
2024-02-21 03:36:16 GSD getOne 第 1 次 等待 3 秒
2024-02-21 03:36:19 查询号码 【1704806】，返回信息 {"status":"ok","msg":"山东-济宁","gid":"153093","time_insert":"2021-06-29 11:51"}
2024-02-21 03:36:19 查询号码 【1704806】，GSD为【"山东-济宁"】

2024-02-21 04:14:46 开始第 4905 次操作

2024-02-21 04:14:46 开始操作号码 【1704807】
2024-02-21 04:14:51 GSD getOne 第 1 次 等待 3 秒
2024-02-21 04:14:54 查询号码 【1704807】，返回信息 {"status":"ok","msg":"山东-济宁","gid":"153104","time_insert":"2021-06-29 11:52"}
2024-02-21 04:14:54 查询号码 【1704807】，GSD为【"山东-济宁"】

2024-02-21 04:14:55 开始第 4906 次操作

2024-02-21 04:14:55 开始操作号码 【1704808】
2024-02-21 04:14:59 GSD getOne 第 1 次 等待 3 秒
2024-02-21 04:15:02 查询号码 【1704808】，返回信息 {"status":"ok","msg":"山东-济宁","gid":"153116","time_insert":"2021-06-29 11:53"}
2024-02-21 04:15:02 查询号码 【1704808】，GSD为【"山东-济宁"】

2024-02-21 04:15:03 开始第 4907 次操作

2024-02-21 04:15:03 开始操作号码 【1704809】
2024-02-21 04:15:08 GSD getOne 第 1 次 等待 3 秒
2024-02-21 04:15:11 查询号码 【1704809】，返回信息 {"status":"ok","msg":"山东-济宁","gid":"153127","time_insert":"2021-06-29 11:53"}
2024-02-21 04:15:11 查询号码 【1704809】，GSD为【"山东-济宁"】

2024-02-21 04:15:12 开始第 4908 次操作

2024-02-21 04:15:12 开始操作号码 【1704810】
2024-02-21 04:15:16 GSD getOne 第 1 次 等待 3 秒
2024-02-21 04:15:19 查询号码 【1704810】，返回信息 {"status":"ok","msg":"山东-济宁","gid":"153137","time_insert":"2021-06-29 11:54"}
2024-02-21 04:15:19 查询号码 【1704810】，GSD为【"山东-济宁"】

2024-02-21 04:37:16 开始第 4909 次操作

2024-02-21 04:37:16 开始操作号码 【1704811】
2024-02-21 04:37:21 GSD getOne 第 1 次 等待 3 秒
2024-02-21 04:37:24 查询号码 【1704811】，返回信息 {"status":"ok","msg":"山东-济宁","gid":"153148","time_insert":"2021-06-29 11:55"}
2024-02-21 04:37:24 查询号码 【1704811】，GSD为【"山东-济宁"】

2024-02-21 04:37:25 开始第 4910 次操作

2024-02-21 04:37:25 开始操作号码 【1704812】
2024-02-21 04:37:29 GSD getOne 第 1 次 等待 3 秒
2024-02-21 04:37:32 查询号码 【1704812】，返回信息 {"status":"ok","msg":"山东-济宁","gid":"153156","time_insert":"2021-06-29 11:56"}
2024-02-21 04:37:32 查询号码 【1704812】，GSD为【"山东-济宁"】

2024-02-21 04:37:33 开始第 4911 次操作

2024-02-21 04:37:33 开始操作号码 【1704813】
2024-02-21 04:37:38 GSD getOne 第 1 次 等待 3 秒
2024-02-21 04:37:41 查询号码 【1704813】，返回信息 {"status":"ok","msg":"山东-济宁","gid":"153168","time_insert":"2021-06-29 11:57"}
2024-02-21 04:37:41 查询号码 【1704813】，GSD为【"山东-济宁"】

2024-02-21 04:37:42 开始第 4912 次操作

2024-02-21 04:37:42 开始操作号码 【1704814】
2024-02-21 04:37:46 GSD getOne 第 1 次 等待 3 秒
2024-02-21 04:37:49 查询号码 【1704814】，返回信息 {"status":"ok","msg":"山东-济宁","gid":"153177","time_insert":"2021-06-29 11:57"}
2024-02-21 04:37:49 查询号码 【1704814】，GSD为【"山东-济宁"】

2024-02-21 05:11:55 开始第 4913 次操作

2024-02-21 05:11:55 开始操作号码 【1704815】
2024-02-21 05:12:00 GSD getOne 第 1 次 等待 3 秒
2024-02-21 05:12:03 查询号码 【1704815】，返回信息 {"status":"ok","msg":"山东-济宁","gid":"153188","time_insert":"2021-06-29 11:58"}
2024-02-21 05:12:03 查询号码 【1704815】，GSD为【"山东-济宁"】

2024-02-21 05:12:04 开始第 4914 次操作

2024-02-21 05:12:04 开始操作号码 【1704816】
2024-02-21 05:12:08 GSD getOne 第 1 次 等待 3 秒
2024-02-21 05:12:11 查询号码 【1704816】，返回信息 {"status":"ok","msg":"山东-济宁","gid":"153196","time_insert":"2021-06-29 11:59"}
2024-02-21 05:12:11 查询号码 【1704816】，GSD为【"山东-济宁"】

2024-02-21 05:12:12 开始第 4915 次操作

2024-02-21 05:12:12 开始操作号码 【1704817】
2024-02-21 05:12:16 GSD getOne 第 1 次 等待 3 秒
2024-02-21 05:12:19 查询号码 【1704817】，返回信息 {"status":"ok","msg":"山东-济宁","gid":"153206","time_insert":"2021-06-29 12:00"}
2024-02-21 05:12:19 查询号码 【1704817】，GSD为【"山东-济宁"】

2024-02-21 05:12:20 开始第 4916 次操作

2024-02-21 05:12:20 开始操作号码 【1704818】
2024-02-21 05:12:24 GSD getOne 第 1 次 等待 3 秒
2024-02-21 05:12:27 查询号码 【1704818】，返回信息 {"status":"ok","msg":"山东-济宁","gid":"153214","time_insert":"2021-06-29 12:01"}
2024-02-21 05:12:27 查询号码 【1704818】，GSD为【"山东-济宁"】

2024-02-21 05:36:03 开始第 4917 次操作

2024-02-21 05:36:03 开始操作号码 【1704819】
2024-02-21 05:36:08 GSD getOne 第 1 次 等待 3 秒
2024-02-21 05:36:11 查询号码 【1704819】，返回信息 {"status":"ok","msg":"山东-济宁","gid":"153228","time_insert":"2021-06-29 12:02"}
2024-02-21 05:36:11 查询号码 【1704819】，GSD为【"山东-济宁"】

2024-02-21 05:36:12 开始第 4918 次操作

2024-02-21 05:36:12 开始操作号码 【1704820】
2024-02-21 05:36:16 GSD getOne 第 1 次 等待 3 秒
2024-02-21 05:36:19 查询号码 【1704820】，返回信息 {"status":"ok","msg":"山东-济宁","gid":"153236","time_insert":"2021-06-29 12:03"}
2024-02-21 05:36:20 查询号码 【1704820】，GSD为【"山东-济宁"】

2024-02-21 05:36:21 开始第 4919 次操作

2024-02-21 05:36:21 开始操作号码 【1704821】
2024-02-21 05:36:25 GSD getOne 第 1 次 等待 3 秒
2024-02-21 05:36:28 查询号码 【1704821】，返回信息 {"status":"ok","msg":"山东-济宁","gid":"153244","time_insert":"2021-06-29 12:03"}
2024-02-21 05:36:28 查询号码 【1704821】，GSD为【"山东-济宁"】

2024-02-21 05:36:29 开始第 4920 次操作

2024-02-21 05:36:29 开始操作号码 【1704822】
2024-02-21 05:36:33 GSD getOne 第 1 次 等待 3 秒
2024-02-21 05:36:36 查询号码 【1704822】，返回信息 {"status":"ok","msg":"山东-济宁","gid":"153252","time_insert":"2021-06-29 12:04"}
2024-02-21 05:36:36 查询号码 【1704822】，GSD为【"山东-济宁"】

2024-02-21 06:12:11 开始第 4921 次操作

2024-02-21 06:12:11 开始操作号码 【1704823】
2024-02-21 06:12:15 GSD getOne 第 1 次 等待 3 秒
2024-02-21 06:12:18 查询号码 【1704823】，返回信息 {"status":"ok","msg":"山东-济宁","gid":"153262","time_insert":"2021-06-29 12:05"}
2024-02-21 06:12:18 查询号码 【1704823】，GSD为【"山东-济宁"】

2024-02-21 06:12:19 开始第 4922 次操作

2024-02-21 06:12:19 开始操作号码 【1704824】
2024-02-21 06:12:23 GSD getOne 第 1 次 等待 3 秒
2024-02-21 06:12:26 查询号码 【1704824】，返回信息 {"status":"ok","msg":"山东-济宁","gid":"153271","time_insert":"2021-06-29 12:06"}
2024-02-21 06:12:26 查询号码 【1704824】，GSD为【"山东-济宁"】

2024-02-21 06:12:27 开始第 4923 次操作

2024-02-21 06:12:27 开始操作号码 【1704825】
2024-02-21 06:12:32 GSD getOne 第 1 次 等待 3 秒
2024-02-21 06:12:35 查询号码 【1704825】，返回信息 {"status":"ok","msg":"山东-济宁","gid":"153283","time_insert":"2021-06-29 12:07"}
2024-02-21 06:12:35 查询号码 【1704825】，GSD为【"山东-济宁"】

2024-02-21 06:12:36 开始第 4924 次操作

2024-02-21 06:12:36 开始操作号码 【1704826】
2024-02-21 06:12:40 GSD getOne 第 1 次 等待 3 秒
2024-02-21 06:12:43 查询号码 【1704826】，返回信息 {"status":"ok","msg":"山东-济宁","gid":"153290","time_insert":"2021-06-29 12:07"}
2024-02-21 06:12:43 查询号码 【1704826】，GSD为【"山东-济宁"】

2024-02-21 06:36:03 开始第 4925 次操作

2024-02-21 06:36:03 开始操作号码 【1704827】
2024-02-21 06:36:08 GSD getOne 第 1 次 等待 3 秒
2024-02-21 06:36:11 查询号码 【1704827】，返回信息 {"status":"ok","msg":"山东-济宁","gid":"153298","time_insert":"2021-06-29 12:08"}
2024-02-21 06:36:11 查询号码 【1704827】，GSD为【"山东-济宁"】

2024-02-21 06:36:12 开始第 4926 次操作

2024-02-21 06:36:12 开始操作号码 【1704828】
2024-02-21 06:36:16 GSD getOne 第 1 次 等待 3 秒
2024-02-21 06:36:19 查询号码 【1704828】，返回信息 {"status":"ok","msg":"山东-济宁","gid":"153306","time_insert":"2021-06-29 12:09"}
2024-02-21 06:36:19 查询号码 【1704828】，GSD为【"山东-济宁"】

2024-02-21 06:36:20 开始第 4927 次操作

2024-02-21 06:36:20 开始操作号码 【1704829】
2024-02-21 06:36:24 GSD getOne 第 1 次 等待 3 秒
2024-02-21 06:36:27 查询号码 【1704829】，返回信息 {"status":"ok","msg":"山东-济宁","gid":"153314","time_insert":"2021-06-29 12:10"}
2024-02-21 06:36:27 查询号码 【1704829】，GSD为【"山东-济宁"】

2024-02-21 06:36:28 开始第 4928 次操作

2024-02-21 06:36:28 开始操作号码 【1704830】
2024-02-21 06:36:33 GSD getOne 第 1 次 等待 3 秒
2024-02-21 06:36:36 查询号码 【1704830】，返回信息 {"status":"ok","msg":"山东-济宁","gid":"153322","time_insert":"2021-06-29 12:11"}
2024-02-21 06:36:36 查询号码 【1704830】，GSD为【"山东-济宁"】

