2021-07-17 00:00:33 开始第 21 次操作

2021-07-17 00:00:33 开始操作号码 【1676673】
2021-07-17 00:00:41 GSD getOne 第 1 次 等待 3 秒
2021-07-17 00:00:44 查询号码 【1676673】，返回信息 {"status":"bad","msg":""}
2021-07-17 00:00:44 查询号码 【1676673】，GSD为【""】
2021-07-17 00:00:44 bad
2021-07-17 00:00:46 CHB 1676673?1626451244 第 1 次 等待 3 秒
2021-07-17 00:00:49 CHB 1676673?1626451244 第 1 次 获取到号码【1676673】GSD
2021-07-17 00:00:49 未获取到号码【1676673】GSD，可能号码格式错误
2021-07-17 00:00:49 获取到号码【1676673】的GSD为【-】
2021-07-17 00:01:16 GSD insert 第 1 次 等待 3 秒
2021-07-17 00:01:19 {"status":"ok","gid":298073,"msg":"添加成功！"}
2021-07-17 00:01:19 下次操作: 2021-07-17 00:01:39

2021-07-17 00:01:39 开始第 22 次操作

2021-07-17 00:01:39 开始操作号码 【1676674】
2021-07-17 00:02:21 GSD getOne 第 1 次 等待 3 秒
2021-07-17 00:02:24 查询号码 【1676674】，返回信息 {"status":"bad","msg":""}
2021-07-17 00:02:24 查询号码 【1676674】，GSD为【""】
2021-07-17 00:02:24 bad
2021-07-17 00:02:25 CHB 1676674?1626451344 第 1 次 等待 3 秒
2021-07-17 00:02:28 CHB 1676674?1626451344 第 1 次 获取到号码【1676674】GSD
2021-07-17 00:02:28 未获取到号码【1676674】GSD，可能号码格式错误
2021-07-17 00:02:28 获取到号码【1676674】的GSD为【-】
2021-07-17 00:02:32 GSD insert 第 1 次 等待 3 秒
2021-07-17 00:02:35 {"status":"ok","gid":298084,"msg":"添加成功！"}
2021-07-17 00:02:35 下次操作: 2021-07-17 00:02:47

2021-07-17 00:02:47 开始第 23 次操作

2021-07-17 00:02:47 开始操作号码 【1676675】
2021-07-17 00:02:54 GSD getOne 第 1 次 等待 3 秒
2021-07-17 00:02:57 查询号码 【1676675】，返回信息 {"status":"bad","msg":""}
2021-07-17 00:02:57 查询号码 【1676675】，GSD为【""】
2021-07-17 00:02:57 bad
2021-07-17 00:03:02 CHB 1676675?1626451377 第 1 次 等待 3 秒
2021-07-17 00:03:05 CHB 1676675?1626451377 第 1 次 获取到号码【1676675】GSD
2021-07-17 00:03:05 未获取到号码【1676675】GSD，可能号码格式错误
2021-07-17 00:03:05 获取到号码【1676675】的GSD为【-】
2021-07-17 00:03:10 GSD insert 第 1 次 等待 3 秒
2021-07-17 00:03:13 {"status":"ok","gid":298094,"msg":"添加成功！"}
2021-07-17 00:03:13 下次操作: 2021-07-17 00:03:26

2021-07-17 00:03:26 开始第 24 次操作

2021-07-17 00:03:26 开始操作号码 【1676676】
2021-07-17 00:03:29 GSD getOne 第 1 次 等待 3 秒
2021-07-17 00:03:32 查询号码 【1676676】，返回信息 {"status":"bad","msg":""}
2021-07-17 00:03:32 查询号码 【1676676】，GSD为【""】
2021-07-17 00:03:32 bad
2021-07-17 00:03:33 CHB 1676676?1626451412 第 1 次 等待 3 秒
2021-07-17 00:03:36 CHB 1676676?1626451412 第 1 次 获取到号码【1676676】GSD
2021-07-17 00:03:37 未获取到号码【1676676】GSD，可能号码格式错误
2021-07-17 00:03:37 获取到号码【1676676】的GSD为【-】
2021-07-17 00:03:40 GSD insert 第 1 次 等待 3 秒
2021-07-17 00:03:43 {"status":"ok","gid":298099,"msg":"添加成功！"}
2021-07-17 00:03:43 下次操作: 2021-07-17 00:04:06

2021-07-17 00:04:06 开始第 25 次操作

2021-07-17 00:04:06 开始操作号码 【1676677】
2021-07-17 00:04:09 GSD getOne 第 1 次 等待 3 秒
2021-07-17 00:04:12 查询号码 【1676677】，返回信息 {"status":"bad","msg":""}
2021-07-17 00:04:12 查询号码 【1676677】，GSD为【""】
2021-07-17 00:04:12 bad
2021-07-17 00:04:13 CHB 1676677?1626451452 第 1 次 等待 3 秒
2021-07-17 00:04:16 CHB 1676677?1626451452 第 1 次 获取到号码【1676677】GSD
2021-07-17 00:04:16 未获取到号码【1676677】GSD，查号吧 400 错误
2021-07-17 00:04:16 获取到号码【1676677】的GSD为【-】
2021-07-17 00:04:22 GSD insert 第 1 次 等待 3 秒
2021-07-17 00:04:25 {"status":"ok","gid":298105,"msg":"添加成功！"}
2021-07-17 00:04:25 下次操作: 2021-07-17 00:04:38

2021-07-17 00:04:38 开始第 26 次操作

2021-07-17 00:04:38 开始操作号码 【1676678】
2021-07-17 00:05:04 GSD getOne 第 1 次 等待 3 秒
2021-07-17 00:05:07 查询号码 【1676678】，返回信息 {"status":"bad","msg":""}
2021-07-17 00:05:07 查询号码 【1676678】，GSD为【""】
2021-07-17 00:05:07 bad
2021-07-17 00:05:08 CHB 1676678?1626451507 第 1 次 等待 3 秒
2021-07-17 00:05:11 CHB 1676678?1626451507 第 1 次 获取到号码【1676678】GSD
2021-07-17 00:05:11 未获取到号码【1676678】GSD，可能号码格式错误
2021-07-17 00:05:11 获取到号码【1676678】的GSD为【-】
2021-07-17 00:05:15 GSD insert 第 1 次 等待 3 秒
2021-07-17 00:05:18 {"status":"ok","gid":298114,"msg":"添加成功！"}
2021-07-17 00:05:18 下次操作: 2021-07-17 00:05:38

2021-07-17 00:05:38 开始第 27 次操作

2021-07-17 00:05:38 开始操作号码 【1676679】
2021-07-17 00:05:43 GSD getOne 第 1 次 等待 3 秒
2021-07-17 00:05:46 查询号码 【1676679】，返回信息 {"status":"bad","msg":""}
2021-07-17 00:05:46 查询号码 【1676679】，GSD为【""】
2021-07-17 00:05:46 bad
2021-07-17 00:05:47 CHB 1676679?1626451546 第 1 次 等待 3 秒
2021-07-17 00:05:50 CHB 1676679?1626451546 第 1 次 获取到号码【1676679】GSD
2021-07-17 00:05:51 未获取到号码【1676679】GSD，可能号码格式错误
2021-07-17 00:05:51 获取到号码【1676679】的GSD为【-】
2021-07-17 00:05:53 GSD insert 第 1 次 等待 3 秒
2021-07-17 00:05:56 {"status":"ok","gid":298120,"msg":"添加成功！"}
2021-07-17 00:05:56 下次操作: 2021-07-17 00:06:09

2021-07-17 00:06:09 开始第 28 次操作

2021-07-17 00:06:09 开始操作号码 【1676680】
2021-07-17 00:06:17 GSD getOne 第 1 次 等待 3 秒
2021-07-17 00:06:20 查询号码 【1676680】，返回信息 {"status":"bad","msg":""}
2021-07-17 00:06:20 查询号码 【1676680】，GSD为【""】
2021-07-17 00:06:20 bad
2021-07-17 00:06:26 CHB 1676680?1626451580 第 1 次 等待 3 秒
2021-07-17 00:06:29 CHB 1676680?1626451580 第 1 次 获取到号码【1676680】GSD
2021-07-17 00:06:29 未获取到号码【1676680】GSD，可能号码格式错误
2021-07-17 00:06:29 获取到号码【1676680】的GSD为【-】
2021-07-17 00:06:36 GSD insert 第 1 次 等待 3 秒
2021-07-17 00:06:39 {"status":"ok","gid":298123,"msg":"添加成功！"}
2021-07-17 00:06:39 下次操作: 2021-07-17 00:06:59

2021-07-17 00:06:59 开始第 29 次操作

2021-07-17 00:06:59 开始操作号码 【1676681】
2021-07-17 00:07:53 GSD getOne 第 1 次 等待 3 秒
2021-07-17 00:07:56 查询号码 【1676681】，返回信息 {"status":"bad","msg":""}
2021-07-17 00:07:56 查询号码 【1676681】，GSD为【""】
2021-07-17 00:07:56 bad
2021-07-17 00:07:58 CHB 1676681?1626451676 第 1 次 等待 3 秒
2021-07-17 00:08:01 CHB 1676681?1626451676 第 1 次 获取到号码【1676681】GSD
2021-07-17 00:08:01 未获取到号码【1676681】GSD，可能号码格式错误
2021-07-17 00:08:01 获取到号码【1676681】的GSD为【-】
2021-07-17 00:08:09 GSD insert 第 1 次 等待 3 秒
2021-07-17 00:08:12 {"status":"ok","gid":298134,"msg":"添加成功！"}
2021-07-17 00:08:12 下次操作: 2021-07-17 00:08:24

2021-07-17 00:08:24 开始第 30 次操作

2021-07-17 00:08:24 开始操作号码 【1676682】
2021-07-17 00:08:46 GSD getOne 第 1 次 等待 3 秒
2021-07-17 00:08:49 查询号码 【1676682】，返回信息 {"status":"bad","msg":""}
2021-07-17 00:08:49 查询号码 【1676682】，GSD为【""】
2021-07-17 00:08:49 bad
2021-07-17 00:08:54 CHB 1676682?1626451729 第 1 次 等待 3 秒
2021-07-17 00:08:57 CHB 1676682?1626451729 第 1 次 获取到号码【1676682】GSD
2021-07-17 00:08:58 未获取到号码【1676682】GSD，可能号码格式错误
2021-07-17 00:08:58 获取到号码【1676682】的GSD为【-】
2021-07-17 00:09:03 GSD insert 第 1 次 等待 3 秒
2021-07-17 00:09:06 {"status":"ok","gid":298143,"msg":"添加成功！"}
2021-07-17 00:09:06 下次操作: 2021-07-17 00:09:18

2021-07-17 00:09:18 开始第 31 次操作

2021-07-17 00:09:18 开始操作号码 【1676683】
2021-07-17 00:09:24 GSD getOne 第 1 次 等待 3 秒
2021-07-17 00:09:27 查询号码 【1676683】，返回信息 {"status":"bad","msg":""}
2021-07-17 00:09:27 查询号码 【1676683】，GSD为【""】
2021-07-17 00:09:27 bad
2021-07-17 00:09:32 CHB 1676683?1626451767 第 1 次 等待 3 秒
2021-07-17 00:09:35 CHB 1676683?1626451767 第 1 次 获取到号码【1676683】GSD
2021-07-17 00:09:36 未获取到号码【1676683】GSD，可能号码格式错误
2021-07-17 00:09:36 获取到号码【1676683】的GSD为【-】
2021-07-17 00:09:38 GSD insert 第 1 次 等待 3 秒
2021-07-17 00:09:41 {"status":"ok","gid":298150,"msg":"添加成功！"}
2021-07-17 00:09:41 下次操作: 2021-07-17 00:10:00

2021-07-17 00:10:00 开始第 32 次操作

2021-07-17 00:10:00 开始操作号码 【1676684】
2021-07-17 00:10:07 GSD getOne 第 1 次 等待 3 秒
2021-07-17 00:10:10 查询号码 【1676684】，返回信息 {"status":"bad","msg":""}
2021-07-17 00:10:10 查询号码 【1676684】，GSD为【""】
2021-07-17 00:10:10 bad
2021-07-17 00:10:11 CHB 1676684?1626451810 第 1 次 等待 3 秒
2021-07-17 00:10:14 CHB 1676684?1626451810 第 1 次 获取到号码【1676684】GSD
2021-07-17 00:10:14 未获取到号码【1676684】GSD，可能号码格式错误
2021-07-17 00:10:14 获取到号码【1676684】的GSD为【-】
2021-07-17 00:10:18 GSD insert 第 1 次 等待 3 秒
2021-07-17 00:10:21 {"status":"ok","gid":298157,"msg":"添加成功！"}
2021-07-17 00:10:21 下次操作: 2021-07-17 00:10:37

2021-07-17 00:10:37 开始第 33 次操作

2021-07-17 00:10:37 开始操作号码 【1676685】
2021-07-17 00:10:42 GSD getOne 第 1 次 等待 3 秒
2021-07-17 00:10:45 查询号码 【1676685】，返回信息 {"status":"bad","msg":""}
2021-07-17 00:10:45 查询号码 【1676685】，GSD为【""】
2021-07-17 00:10:45 bad
2021-07-17 00:10:46 CHB 1676685?1626451845 第 1 次 等待 3 秒
2021-07-17 00:10:49 CHB 1676685?1626451845 第 1 次 获取到号码【1676685】GSD
2021-07-17 00:10:49 未获取到号码【1676685】GSD，可能号码格式错误
2021-07-17 00:10:49 获取到号码【1676685】的GSD为【-】
2021-07-17 00:10:55 GSD insert 第 1 次 等待 3 秒
2021-07-17 00:10:58 {"status":"ok","gid":298163,"msg":"添加成功！"}
2021-07-17 00:10:58 下次操作: 2021-07-17 00:11:19

2021-07-17 00:11:19 开始第 34 次操作

2021-07-17 00:11:19 开始操作号码 【1676686】
2021-07-17 00:11:29 GSD getOne 第 1 次 等待 3 秒
2021-07-17 00:11:32 查询号码 【1676686】，返回信息 {"status":"bad","msg":""}
2021-07-17 00:11:32 查询号码 【1676686】，GSD为【""】
2021-07-17 00:11:32 bad
2021-07-17 00:11:40 CHB 1676686?1626451892 第 1 次 等待 3 秒
2021-07-17 00:11:43 CHB 1676686?1626451892 第 1 次 获取到号码【1676686】GSD
2021-07-17 00:11:43 未获取到号码【1676686】GSD，可能号码格式错误
2021-07-17 00:11:43 获取到号码【1676686】的GSD为【-】
2021-07-17 00:11:53 GSD insert 第 1 次 等待 3 秒
2021-07-17 00:11:57 {"status":"ok","gid":298172,"msg":"添加成功！"}
2021-07-17 00:11:57 下次操作: 2021-07-17 00:12:19

2021-07-17 00:12:19 开始第 35 次操作

2021-07-17 00:12:19 开始操作号码 【1676687】
2021-07-17 00:12:21 GSD getOne 第 1 次 等待 3 秒
2021-07-17 00:12:24 查询号码 【1676687】，返回信息 {"status":"bad","msg":""}
2021-07-17 00:12:24 查询号码 【1676687】，GSD为【""】
2021-07-17 00:12:24 bad
2021-07-17 00:12:26 CHB 1676687?1626451944 第 1 次 等待 3 秒
2021-07-17 00:12:29 CHB 1676687?1626451944 第 1 次 获取到号码【1676687】GSD
2021-07-17 00:12:29 未获取到号码【1676687】GSD，可能号码格式错误
2021-07-17 00:12:29 获取到号码【1676687】的GSD为【-】
2021-07-17 00:13:03 GSD insert 第 1 次 等待 3 秒
2021-07-17 00:13:06 {"status":"ok","gid":298178,"msg":"添加成功！"}
2021-07-17 00:13:06 下次操作: 2021-07-17 00:13:18

2021-07-17 00:13:18 开始第 36 次操作

2021-07-17 00:13:18 开始操作号码 【1676688】
2021-07-17 00:13:24 GSD getOne 第 1 次 等待 3 秒
2021-07-17 00:13:27 查询号码 【1676688】，返回信息 {"status":"bad","msg":""}
2021-07-17 00:13:27 查询号码 【1676688】，GSD为【""】
2021-07-17 00:13:27 bad
2021-07-17 00:13:28 CHB 1676688?1626452007 第 1 次 等待 3 秒
2021-07-17 00:13:31 CHB 1676688?1626452007 第 1 次 获取到号码【1676688】GSD
2021-07-17 00:13:31 未获取到号码【1676688】GSD，可能号码格式错误
2021-07-17 00:13:31 获取到号码【1676688】的GSD为【-】
2021-07-17 00:14:34 GSD insert 第 1 次 等待 3 秒
2021-07-17 00:14:37 {"status":"ok","gid":298189,"msg":"添加成功！"}
2021-07-17 00:14:37 下次操作: 2021-07-17 00:14:55

2021-07-17 00:14:55 开始第 37 次操作

2021-07-17 00:14:55 开始操作号码 【1676689】
2021-07-17 00:14:59 GSD getOne 第 1 次 等待 3 秒
2021-07-17 00:15:02 查询号码 【1676689】，返回信息 {"status":"bad","msg":""}
2021-07-17 00:15:02 查询号码 【1676689】，GSD为【""】
2021-07-17 00:15:02 bad
2021-07-17 00:15:04 CHB 1676689?1626452102 第 1 次 等待 3 秒
2021-07-17 00:15:07 CHB 1676689?1626452102 第 1 次 获取到号码【1676689】GSD
2021-07-17 00:15:07 未获取到号码【1676689】GSD，可能号码格式错误
2021-07-17 00:15:07 获取到号码【1676689】的GSD为【-】
2021-07-17 00:15:21 GSD insert 第 1 次 等待 3 秒
2021-07-17 00:15:24 {"status":"ok","gid":298196,"msg":"添加成功！"}
2021-07-17 00:15:24 下次操作: 2021-07-17 00:15:38

2021-07-17 00:15:38 开始第 38 次操作

2021-07-17 00:15:38 开始操作号码 【1676690】
2021-07-17 00:16:01 GSD getOne 第 1 次 等待 3 秒
2021-07-17 00:16:04 查询号码 【1676690】，返回信息 {"status":"bad","msg":""}
2021-07-17 00:16:05 查询号码 【1676690】，GSD为【""】
2021-07-17 00:16:05 bad
2021-07-17 00:16:06 CHB 1676690?1626452165 第 1 次 等待 3 秒
2021-07-17 00:16:09 CHB 1676690?1626452165 第 1 次 获取到号码【1676690】GSD
2021-07-17 00:16:09 未获取到号码【1676690】GSD，可能号码格式错误
2021-07-17 00:16:09 获取到号码【1676690】的GSD为【-】
2021-07-17 00:17:27 GSD insert 第 1 次 等待 3 秒
2021-07-17 00:17:30 {"status":"ok","gid":298207,"msg":"添加成功！"}
2021-07-17 00:17:30 下次操作: 2021-07-17 00:17:48

2021-07-17 00:17:48 开始第 39 次操作

2021-07-17 00:17:48 开始操作号码 【1676691】
2021-07-17 00:17:51 GSD getOne 第 1 次 等待 3 秒
2021-07-17 00:17:54 查询号码 【1676691】，返回信息 {"status":"bad","msg":""}
2021-07-17 00:17:54 查询号码 【1676691】，GSD为【""】
2021-07-17 00:17:54 bad
2021-07-17 00:17:55 CHB 1676691?1626452274 第 1 次 等待 3 秒
2021-07-17 00:17:58 CHB 1676691?1626452274 第 1 次 获取到号码【1676691】GSD
2021-07-17 00:17:58 未获取到号码【1676691】GSD，可能号码格式错误
2021-07-17 00:17:58 获取到号码【1676691】的GSD为【-】
2021-07-17 00:18:15 GSD insert 第 1 次 等待 3 秒
2021-07-17 00:18:18 {"status":"ok","gid":298215,"msg":"添加成功！"}
2021-07-17 00:18:18 下次操作: 2021-07-17 00:18:36

2021-07-17 00:18:36 开始第 40 次操作

2021-07-17 00:18:36 开始操作号码 【1676692】
2021-07-17 00:18:41 GSD getOne 第 1 次 等待 3 秒
2021-07-17 00:18:44 查询号码 【1676692】，返回信息 {"status":"bad","msg":""}
2021-07-17 00:18:44 查询号码 【1676692】，GSD为【""】
2021-07-17 00:18:44 bad
2021-07-17 00:18:48 CHB 1676692?1626452324 第 1 次 等待 3 秒
2021-07-17 00:18:51 CHB 1676692?1626452324 第 1 次 获取到号码【1676692】GSD
2021-07-17 00:18:51 未获取到号码【1676692】GSD，可能号码格式错误
2021-07-17 00:18:51 获取到号码【1676692】的GSD为【-】
2021-07-17 00:18:55 GSD insert 第 1 次 等待 3 秒
2021-07-17 00:18:58 {"status":"ok","gid":298224,"msg":"添加成功！"}

2021-07-17 01:02:49 开始第 1 次操作

2021-07-17 01:02:49 开始操作号码 【1676693】
2021-07-17 01:02:52 GSD getOne 第 1 次 等待 3 秒
2021-07-17 01:02:55 查询号码 【1676693】，返回信息 {"status":"bad","msg":""}
2021-07-17 01:02:55 查询号码 【1676693】，GSD为【""】
2021-07-17 01:02:55 bad
2021-07-17 01:02:57 CHB 1676693?1626454975 第 1 次 等待 3 秒
2021-07-17 01:03:00 CHB 1676693?1626454975 第 1 次 获取到号码【1676693】GSD
2021-07-17 01:03:00 未获取到号码【1676693】GSD，可能号码格式错误
2021-07-17 01:03:00 获取到号码【1676693】的GSD为【-】
2021-07-17 01:03:32 GSD insert 第 1 次 等待 3 秒
2021-07-17 01:03:35 {"status":"ok","gid":298390,"msg":"添加成功！"}
2021-07-17 01:03:35 下次操作: 2021-07-17 01:03:54

2021-07-17 01:03:54 开始第 2 次操作

2021-07-17 01:03:54 开始操作号码 【1676694】
2021-07-17 01:04:03 GSD getOne 第 1 次 等待 3 秒
2021-07-17 01:04:06 查询号码 【1676694】，返回信息 {"status":"bad","msg":""}
2021-07-17 01:04:06 查询号码 【1676694】，GSD为【""】
2021-07-17 01:04:06 bad
2021-07-17 01:04:09 CHB 1676694?1626455046 第 1 次 等待 3 秒
2021-07-17 01:04:12 CHB 1676694?1626455046 第 1 次 获取到号码【1676694】GSD
2021-07-17 01:04:12 未获取到号码【1676694】GSD，可能号码格式错误
2021-07-17 01:04:12 获取到号码【1676694】的GSD为【-】
2021-07-17 01:05:22 GSD insert 第 1 次 等待 3 秒
2021-07-17 01:05:25 {"status":"ok","gid":298405,"msg":"添加成功！"}
2021-07-17 01:05:25 下次操作: 2021-07-17 01:05:45

2021-07-17 01:05:45 开始第 3 次操作

2021-07-17 01:05:45 开始操作号码 【1676695】
2021-07-17 01:05:49 GSD getOne 第 1 次 等待 3 秒
2021-07-17 01:05:52 查询号码 【1676695】，返回信息 {"status":"bad","msg":""}
2021-07-17 01:05:52 查询号码 【1676695】，GSD为【""】
2021-07-17 01:05:52 bad
2021-07-17 01:05:53 CHB 1676695?1626455152 第 1 次 等待 3 秒
2021-07-17 01:05:56 CHB 1676695?1626455152 第 1 次 获取到号码【1676695】GSD
2021-07-17 01:05:56 未获取到号码【1676695】GSD，可能号码格式错误
2021-07-17 01:05:56 获取到号码【1676695】的GSD为【-】
2021-07-17 01:06:37 GSD insert 第 1 次 等待 3 秒
2021-07-17 01:06:40 {"status":"ok","gid":298417,"msg":"添加成功！"}
2021-07-17 01:06:40 下次操作: 2021-07-17 01:06:56

2021-07-17 01:06:56 开始第 4 次操作

2021-07-17 01:06:56 开始操作号码 【1676696】
2021-07-17 01:07:05 GSD getOne 第 1 次 等待 3 秒
2021-07-17 01:07:08 查询号码 【1676696】，返回信息 {"status":"bad","msg":""}
2021-07-17 01:07:09 查询号码 【1676696】，GSD为【""】
2021-07-17 01:07:09 bad
2021-07-17 01:07:14 CHB 1676696?1626455229 第 1 次 等待 3 秒
2021-07-17 01:07:17 CHB 1676696?1626455229 第 1 次 获取到号码【1676696】GSD
2021-07-17 01:07:17 未获取到号码【1676696】GSD，可能号码格式错误
2021-07-17 01:07:17 获取到号码【1676696】的GSD为【-】
2021-07-17 01:07:29 GSD insert 第 1 次 等待 3 秒
2021-07-17 01:07:32 {"status":"ok","gid":298428,"msg":"添加成功！"}
2021-07-17 01:07:32 下次操作: 2021-07-17 01:07:49

2021-07-17 01:07:49 开始第 5 次操作

2021-07-17 01:07:49 开始操作号码 【1676697】
2021-07-17 01:07:52 GSD getOne 第 1 次 等待 3 秒
2021-07-17 01:07:55 查询号码 【1676697】，返回信息 {"status":"bad","msg":""}
2021-07-17 01:07:55 查询号码 【1676697】，GSD为【""】
2021-07-17 01:07:55 bad
2021-07-17 01:07:56 CHB 1676697?1626455275 第 1 次 等待 3 秒
2021-07-17 01:07:59 CHB 1676697?1626455275 第 1 次 获取到号码【1676697】GSD
2021-07-17 01:08:00 未获取到号码【1676697】GSD，可能号码格式错误
2021-07-17 01:08:00 获取到号码【1676697】的GSD为【-】
2021-07-17 01:08:18 GSD insert 第 1 次 等待 3 秒
2021-07-17 01:08:21 {"status":"ok","gid":298440,"msg":"添加成功！"}
2021-07-17 01:08:21 下次操作: 2021-07-17 01:08:36

2021-07-17 01:08:36 开始第 6 次操作

2021-07-17 01:08:36 开始操作号码 【1676698】
2021-07-17 01:08:41 GSD getOne 第 1 次 等待 3 秒
2021-07-17 01:08:44 查询号码 【1676698】，返回信息 {"status":"bad","msg":""}
2021-07-17 01:08:44 查询号码 【1676698】，GSD为【""】
2021-07-17 01:08:44 bad
2021-07-17 01:08:46 CHB 1676698?1626455324 第 1 次 等待 3 秒
2021-07-17 01:08:49 CHB 1676698?1626455324 第 1 次 获取到号码【1676698】GSD
2021-07-17 01:08:49 未获取到号码【1676698】GSD，可能号码格式错误
2021-07-17 01:08:49 获取到号码【1676698】的GSD为【-】
2021-07-17 01:09:10 GSD insert 第 1 次 等待 3 秒
2021-07-17 01:09:13 {"status":"ok","gid":298452,"msg":"添加成功！"}
2021-07-17 01:09:13 下次操作: 2021-07-17 01:09:28

2021-07-17 01:09:28 开始第 7 次操作

2021-07-17 01:09:28 开始操作号码 【1676699】
2021-07-17 01:09:31 GSD getOne 第 1 次 等待 3 秒
2021-07-17 01:09:34 查询号码 【1676699】，返回信息 {"status":"bad","msg":""}
2021-07-17 01:09:34 查询号码 【1676699】，GSD为【""】
2021-07-17 01:09:34 bad
2021-07-17 01:09:36 CHB 1676699?1626455374 第 1 次 等待 3 秒
2021-07-17 01:09:39 CHB 1676699?1626455374 第 1 次 获取到号码【1676699】GSD
2021-07-17 01:09:39 未获取到号码【1676699】GSD，可能号码格式错误
2021-07-17 01:09:39 获取到号码【1676699】的GSD为【-】
2021-07-17 01:11:49 GSD insert 第 1 次 等待 3 秒
2021-07-17 01:11:55 GSD insert 第 2 次 等待 3 秒
2021-07-17 01:11:58 {"status":"ok","gid":298481,"msg":"添加成功！"}
2021-07-17 01:11:58 下次操作: 2021-07-17 01:12:21

2021-07-17 01:12:21 开始第 8 次操作

2021-07-17 01:12:21 开始操作号码 【1676700】
2021-07-17 01:12:24 GSD getOne 第 1 次 等待 3 秒
2021-07-17 01:12:27 查询号码 【1676700】，返回信息 {"status":"bad","msg":""}
2021-07-17 01:12:27 查询号码 【1676700】，GSD为【""】
2021-07-17 01:12:27 bad
2021-07-17 01:12:28 CHB 1676700?1626455547 第 1 次 等待 3 秒
2021-07-17 01:12:31 CHB 1676700?1626455547 第 1 次 获取到号码【1676700】GSD
2021-07-17 01:12:31 未获取到号码【1676700】GSD，可能号码格式错误
2021-07-17 01:12:31 获取到号码【1676700】的GSD为【-】
2021-07-17 01:12:49 GSD insert 第 1 次 等待 3 秒
2021-07-17 01:12:52 {"status":"ok","gid":298494,"msg":"添加成功！"}
2021-07-17 01:12:52 下次操作: 2021-07-17 01:13:14

2021-07-17 01:13:14 开始第 9 次操作

2021-07-17 01:13:14 开始操作号码 【1676701】
2021-07-17 01:13:18 GSD getOne 第 1 次 等待 3 秒
2021-07-17 01:13:21 查询号码 【1676701】，返回信息 {"status":"bad","msg":""}
2021-07-17 01:13:21 查询号码 【1676701】，GSD为【""】
2021-07-17 01:13:21 bad
2021-07-17 01:13:23 CHB 1676701?1626455601 第 1 次 等待 3 秒
2021-07-17 01:13:26 CHB 1676701?1626455601 第 1 次 获取到号码【1676701】GSD
2021-07-17 01:13:26 未获取到号码【1676701】GSD，可能号码格式错误
2021-07-17 01:13:26 获取到号码【1676701】的GSD为【-】
2021-07-17 01:14:01 GSD insert 第 1 次 等待 3 秒
2021-07-17 01:14:04 {"status":"ok","gid":298511,"msg":"添加成功！"}
2021-07-17 01:14:04 下次操作: 2021-07-17 01:14:28

2021-07-17 01:14:28 开始第 10 次操作

2021-07-17 01:14:28 开始操作号码 【1676702】
2021-07-17 01:14:33 GSD getOne 第 1 次 等待 3 秒
2021-07-17 01:14:36 查询号码 【1676702】，返回信息 {"status":"bad","msg":""}
2021-07-17 01:14:36 查询号码 【1676702】，GSD为【""】
2021-07-17 01:14:36 bad
2021-07-17 01:14:42 CHB 1676702?1626455676 第 1 次 等待 3 秒
2021-07-17 01:14:45 CHB 1676702?1626455676 第 1 次 获取到号码【1676702】GSD
2021-07-17 01:14:45 未获取到号码【1676702】GSD，可能号码格式错误
2021-07-17 01:14:45 获取到号码【1676702】的GSD为【-】
2021-07-17 01:15:10 GSD insert 第 1 次 等待 3 秒
2021-07-17 01:15:13 {"status":"ok","gid":298522,"msg":"添加成功！"}
2021-07-17 01:15:13 下次操作: 2021-07-17 01:15:33

2021-07-17 01:15:33 开始第 11 次操作

2021-07-17 01:15:33 开始操作号码 【1676703】
2021-07-17 01:15:39 GSD getOne 第 1 次 等待 3 秒
2021-07-17 01:15:42 查询号码 【1676703】，返回信息 {"status":"bad","msg":""}
2021-07-17 01:15:42 查询号码 【1676703】，GSD为【""】
2021-07-17 01:15:42 bad
2021-07-17 01:15:44 CHB 1676703?1626455742 第 1 次 等待 3 秒
2021-07-17 01:15:47 CHB 1676703?1626455742 第 1 次 获取到号码【1676703】GSD
2021-07-17 01:15:47 未获取到号码【1676703】GSD，可能号码格式错误
2021-07-17 01:15:47 获取到号码【1676703】的GSD为【-】
2021-07-17 01:16:05 GSD insert 第 1 次 等待 3 秒
2021-07-17 01:16:08 {"status":"ok","gid":298532,"msg":"添加成功！"}
2021-07-17 01:16:08 下次操作: 2021-07-17 01:16:20

2021-07-17 01:16:20 开始第 12 次操作

2021-07-17 01:16:20 开始操作号码 【1676704】
2021-07-17 01:16:24 GSD getOne 第 1 次 等待 3 秒
2021-07-17 01:16:27 查询号码 【1676704】，返回信息 {"status":"bad","msg":""}
2021-07-17 01:16:27 查询号码 【1676704】，GSD为【""】
2021-07-17 01:16:27 bad
2021-07-17 01:16:28 CHB 1676704?1626455787 第 1 次 等待 3 秒
2021-07-17 01:16:31 CHB 1676704?1626455787 第 1 次 获取到号码【1676704】GSD
2021-07-17 01:16:32 未获取到号码【1676704】GSD，可能号码格式错误
2021-07-17 01:16:32 获取到号码【1676704】的GSD为【-】
2021-07-17 01:16:54 GSD insert 第 1 次 等待 3 秒
2021-07-17 01:16:57 {"status":"ok","gid":298543,"msg":"添加成功！"}
2021-07-17 01:16:57 下次操作: 2021-07-17 01:17:18

2021-07-17 01:17:18 开始第 13 次操作

2021-07-17 01:17:18 开始操作号码 【1676705】
2021-07-17 01:17:21 GSD getOne 第 1 次 等待 3 秒
2021-07-17 01:17:24 查询号码 【1676705】，返回信息 {"status":"bad","msg":""}
2021-07-17 01:17:24 查询号码 【1676705】，GSD为【""】
2021-07-17 01:17:24 bad
2021-07-17 01:17:29 CHB 1676705?1626455844 第 1 次 等待 3 秒
2021-07-17 01:17:32 CHB 1676705?1626455844 第 1 次 获取到号码【1676705】GSD
2021-07-17 01:17:32 未获取到号码【1676705】GSD，可能号码格式错误
2021-07-17 01:17:32 获取到号码【1676705】的GSD为【-】
2021-07-17 01:17:44 GSD insert 第 1 次 等待 3 秒
2021-07-17 01:17:47 {"status":"ok","gid":298552,"msg":"添加成功！"}
2021-07-17 01:17:47 下次操作: 2021-07-17 01:18:08

2021-07-17 01:18:08 开始第 14 次操作

2021-07-17 01:18:08 开始操作号码 【1676706】
2021-07-17 01:18:13 GSD getOne 第 1 次 等待 3 秒
2021-07-17 01:18:16 查询号码 【1676706】，返回信息 {"status":"bad","msg":""}
2021-07-17 01:18:16 查询号码 【1676706】，GSD为【""】
2021-07-17 01:18:16 bad
2021-07-17 01:18:18 CHB 1676706?1626455896 第 1 次 等待 3 秒
2021-07-17 01:18:21 CHB 1676706?1626455896 第 1 次 获取到号码【1676706】GSD
2021-07-17 01:18:21 未获取到号码【1676706】GSD，可能号码格式错误
2021-07-17 01:18:21 获取到号码【1676706】的GSD为【-】
2021-07-17 01:18:32 GSD insert 第 1 次 等待 3 秒
2021-07-17 01:18:35 {"status":"ok","gid":298563,"msg":"添加成功！"}
2021-07-17 01:18:35 下次操作: 2021-07-17 01:18:55

2021-07-17 01:18:55 开始第 15 次操作

2021-07-17 01:18:55 开始操作号码 【1676707】
2021-07-17 01:18:58 GSD getOne 第 1 次 等待 3 秒
2021-07-17 01:19:01 查询号码 【1676707】，返回信息 {"status":"bad","msg":""}
2021-07-17 01:19:01 查询号码 【1676707】，GSD为【""】
2021-07-17 01:19:01 bad
2021-07-17 01:19:03 CHB 1676707?1626455941 第 1 次 等待 3 秒
2021-07-17 01:19:06 CHB 1676707?1626455941 第 1 次 获取到号码【1676707】GSD
2021-07-17 01:19:06 未获取到号码【1676707】GSD，可能号码格式错误
2021-07-17 01:19:06 获取到号码【1676707】的GSD为【-】
2021-07-17 01:19:25 GSD insert 第 1 次 等待 3 秒
2021-07-17 01:19:28 {"status":"ok","gid":298577,"msg":"添加成功！"}
2021-07-17 01:19:28 下次操作: 2021-07-17 01:19:40

2021-07-17 01:19:40 开始第 16 次操作

2021-07-17 01:19:40 开始操作号码 【1676708】
2021-07-17 01:19:46 GSD getOne 第 1 次 等待 3 秒
2021-07-17 01:19:49 查询号码 【1676708】，返回信息 {"status":"bad","msg":""}
2021-07-17 01:19:49 查询号码 【1676708】，GSD为【""】
2021-07-17 01:19:49 bad
2021-07-17 01:19:51 CHB 1676708?1626455989 第 1 次 等待 3 秒
2021-07-17 01:19:54 CHB 1676708?1626455989 第 1 次 获取到号码【1676708】GSD
2021-07-17 01:19:54 未获取到号码【1676708】GSD，可能号码格式错误
2021-07-17 01:19:54 获取到号码【1676708】的GSD为【-】
2021-07-17 01:20:12 GSD insert 第 1 次 等待 3 秒
2021-07-17 01:20:15 {"status":"ok","gid":298584,"msg":"添加成功！"}
2021-07-17 01:20:15 下次操作: 2021-07-17 01:20:29

2021-07-17 01:20:29 开始第 17 次操作

2021-07-17 01:20:29 开始操作号码 【1676709】
2021-07-17 01:20:32 GSD getOne 第 1 次 等待 3 秒
2021-07-17 01:20:35 查询号码 【1676709】，返回信息 {"status":"bad","msg":""}
2021-07-17 01:20:35 查询号码 【1676709】，GSD为【""】
2021-07-17 01:20:35 bad
2021-07-17 01:20:36 CHB 1676709?1626456035 第 1 次 等待 3 秒
2021-07-17 01:20:39 CHB 1676709?1626456035 第 1 次 获取到号码【1676709】GSD
2021-07-17 01:20:39 未获取到号码【1676709】GSD，可能号码格式错误
2021-07-17 01:20:39 获取到号码【1676709】的GSD为【-】
2021-07-17 01:20:58 GSD insert 第 1 次 等待 3 秒
2021-07-17 01:21:01 {"status":"ok","gid":298591,"msg":"添加成功！"}
2021-07-17 01:21:01 下次操作: 2021-07-17 01:21:25

2021-07-17 01:21:25 开始第 18 次操作

2021-07-17 01:21:25 开始操作号码 【1676710】
2021-07-17 01:21:30 GSD getOne 第 1 次 等待 3 秒
2021-07-17 01:21:33 查询号码 【1676710】，返回信息 {"status":"bad","msg":""}
2021-07-17 01:21:33 查询号码 【1676710】，GSD为【""】
2021-07-17 01:21:33 bad
2021-07-17 01:21:35 CHB 1676710?1626456093 第 1 次 等待 3 秒
2021-07-17 01:21:38 CHB 1676710?1626456093 第 1 次 获取到号码【1676710】GSD
2021-07-17 01:21:38 未获取到号码【1676710】GSD，可能号码格式错误
2021-07-17 01:21:38 获取到号码【1676710】的GSD为【-】
2021-07-17 01:21:56 GSD insert 第 1 次 等待 3 秒
2021-07-17 01:21:59 {"status":"ok","gid":298601,"msg":"添加成功！"}
2021-07-17 01:21:59 下次操作: 2021-07-17 01:22:21

2021-07-17 01:22:21 开始第 19 次操作

2021-07-17 01:22:21 开始操作号码 【1676711】
2021-07-17 01:22:25 GSD getOne 第 1 次 等待 3 秒
2021-07-17 01:22:28 查询号码 【1676711】，返回信息 {"status":"bad","msg":""}
2021-07-17 01:22:28 查询号码 【1676711】，GSD为【""】
2021-07-17 01:22:28 bad
2021-07-17 01:22:30 CHB 1676711?1626456148 第 1 次 等待 3 秒
2021-07-17 01:22:33 CHB 1676711?1626456148 第 1 次 获取到号码【1676711】GSD
2021-07-17 01:22:33 未获取到号码【1676711】GSD，可能号码格式错误
2021-07-17 01:22:33 获取到号码【1676711】的GSD为【-】
2021-07-17 01:22:54 GSD insert 第 1 次 等待 3 秒
2021-07-17 01:22:57 {"status":"ok","gid":298612,"msg":"添加成功！"}
2021-07-17 01:22:57 下次操作: 2021-07-17 01:23:20

2021-07-17 01:23:20 开始第 20 次操作

2021-07-17 01:23:20 开始操作号码 【1676712】
2021-07-17 01:23:24 GSD getOne 第 1 次 等待 3 秒
2021-07-17 01:23:27 查询号码 【1676712】，返回信息 {"status":"bad","msg":""}
2021-07-17 01:23:27 查询号码 【1676712】，GSD为【""】
2021-07-17 01:23:27 bad
2021-07-17 01:23:32 CHB 1676712?1626456207 第 1 次 等待 3 秒
2021-07-17 01:23:35 CHB 1676712?1626456207 第 1 次 获取到号码【1676712】GSD
2021-07-17 01:23:35 未获取到号码【1676712】GSD，可能号码格式错误
2021-07-17 01:23:35 获取到号码【1676712】的GSD为【-】
2021-07-17 01:23:49 GSD insert 第 1 次 等待 3 秒
2021-07-17 01:23:52 {"status":"ok","gid":298622,"msg":"添加成功！"}
2021-07-17 01:23:52 下次操作: 2021-07-17 01:24:06

2021-07-17 01:24:06 开始第 21 次操作

2021-07-17 01:24:06 开始操作号码 【1676713】
2021-07-17 01:24:10 GSD getOne 第 1 次 等待 3 秒
2021-07-17 01:24:13 查询号码 【1676713】，返回信息 {"status":"bad","msg":""}
2021-07-17 01:24:13 查询号码 【1676713】，GSD为【""】
2021-07-17 01:24:13 bad
2021-07-17 01:24:19 CHB 1676713?1626456253 第 1 次 等待 3 秒
2021-07-17 01:24:22 CHB 1676713?1626456253 第 1 次 获取到号码【1676713】GSD
2021-07-17 01:24:22 未获取到号码【1676713】GSD，可能号码格式错误
2021-07-17 01:24:22 获取到号码【1676713】的GSD为【-】
2021-07-17 01:24:34 GSD insert 第 1 次 等待 3 秒
2021-07-17 01:24:37 {"status":"ok","gid":298629,"msg":"添加成功！"}
2021-07-17 01:24:37 下次操作: 2021-07-17 01:24:52

2021-07-17 01:24:52 开始第 22 次操作

2021-07-17 01:24:52 开始操作号码 【1676714】
2021-07-17 01:24:56 GSD getOne 第 1 次 等待 3 秒
2021-07-17 01:24:59 查询号码 【1676714】，返回信息 {"status":"bad","msg":""}
2021-07-17 01:24:59 查询号码 【1676714】，GSD为【""】
2021-07-17 01:24:59 bad
2021-07-17 01:25:01 CHB 1676714?1626456299 第 1 次 等待 3 秒
2021-07-17 01:25:04 CHB 1676714?1626456299 第 1 次 获取到号码【1676714】GSD
2021-07-17 01:25:04 未获取到号码【1676714】GSD，可能号码格式错误
2021-07-17 01:25:04 获取到号码【1676714】的GSD为【-】
2021-07-17 01:25:22 GSD insert 第 1 次 等待 3 秒
2021-07-17 01:25:25 {"status":"ok","gid":298636,"msg":"添加成功！"}
2021-07-17 01:25:25 下次操作: 2021-07-17 01:25:38

2021-07-17 01:25:38 开始第 23 次操作

2021-07-17 01:25:38 开始操作号码 【1676715】
2021-07-17 01:25:42 GSD getOne 第 1 次 等待 3 秒
2021-07-17 01:25:45 查询号码 【1676715】，返回信息 {"status":"bad","msg":""}
2021-07-17 01:25:45 查询号码 【1676715】，GSD为【""】
2021-07-17 01:25:45 bad
2021-07-17 01:25:47 CHB 1676715?1626456345 第 1 次 等待 3 秒
2021-07-17 01:25:50 CHB 1676715?1626456345 第 1 次 获取到号码【1676715】GSD
2021-07-17 01:25:50 未获取到号码【1676715】GSD，可能号码格式错误
2021-07-17 01:25:50 获取到号码【1676715】的GSD为【-】
2021-07-17 01:27:22 GSD insert 第 1 次 等待 3 秒
2021-07-17 01:27:25 {"status":"ok","gid":298651,"msg":"添加成功！"}
2021-07-17 01:27:25 下次操作: 2021-07-17 01:27:41

2021-07-17 01:27:41 开始第 24 次操作

2021-07-17 01:27:41 开始操作号码 【1676716】
2021-07-17 01:27:46 GSD getOne 第 1 次 等待 3 秒
2021-07-17 01:27:49 查询号码 【1676716】，返回信息 {"status":"bad","msg":""}
2021-07-17 01:27:49 查询号码 【1676716】，GSD为【""】
2021-07-17 01:27:49 bad
2021-07-17 01:27:52 CHB 1676716?1626456469 第 1 次 等待 3 秒
2021-07-17 01:27:55 CHB 1676716?1626456469 第 1 次 获取到号码【1676716】GSD
2021-07-17 01:27:55 未获取到号码【1676716】GSD，可能号码格式错误
2021-07-17 01:27:55 获取到号码【1676716】的GSD为【-】
2021-07-17 01:28:29 GSD insert 第 1 次 等待 3 秒
2021-07-17 01:28:32 {"status":"ok","gid":298666,"msg":"添加成功！"}
2021-07-17 01:28:32 下次操作: 2021-07-17 01:28:45

2021-07-17 01:28:45 开始第 25 次操作

2021-07-17 01:28:45 开始操作号码 【1676717】
2021-07-17 01:28:51 GSD getOne 第 1 次 等待 3 秒
2021-07-17 01:28:54 查询号码 【1676717】，返回信息 {"status":"bad","msg":""}
2021-07-17 01:28:54 查询号码 【1676717】，GSD为【""】
2021-07-17 01:28:54 bad
2021-07-17 01:28:56 CHB 1676717?1626456535 第 1 次 等待 3 秒
2021-07-17 01:28:59 CHB 1676717?1626456535 第 1 次 获取到号码【1676717】GSD
2021-07-17 01:28:59 未获取到号码【1676717】GSD，可能号码格式错误
2021-07-17 01:28:59 获取到号码【1676717】的GSD为【-】
2021-07-17 01:29:20 GSD insert 第 1 次 等待 3 秒
2021-07-17 01:29:23 {"status":"ok","gid":298676,"msg":"添加成功！"}
2021-07-17 01:29:23 下次操作: 2021-07-17 01:29:45

2021-07-17 01:29:45 开始第 26 次操作

2021-07-17 01:29:45 开始操作号码 【1676718】
2021-07-17 01:29:51 GSD getOne 第 1 次 等待 3 秒
2021-07-17 01:29:54 查询号码 【1676718】，返回信息 {"status":"bad","msg":""}
2021-07-17 01:29:54 查询号码 【1676718】，GSD为【""】
2021-07-17 01:29:54 bad
2021-07-17 01:29:56 CHB 1676718?1626456594 第 1 次 等待 3 秒
2021-07-17 01:29:59 CHB 1676718?1626456594 第 1 次 获取到号码【1676718】GSD
2021-07-17 01:29:59 未获取到号码【1676718】GSD，可能号码格式错误
2021-07-17 01:29:59 获取到号码【1676718】的GSD为【-】
2021-07-17 01:30:35 GSD insert 第 1 次 等待 3 秒
2021-07-17 01:30:38 {"status":"ok","gid":298689,"msg":"添加成功！"}
2021-07-17 01:30:38 下次操作: 2021-07-17 01:30:53

2021-07-17 01:30:53 开始第 27 次操作

2021-07-17 01:30:53 开始操作号码 【1676719】
2021-07-17 01:30:58 GSD getOne 第 1 次 等待 3 秒
2021-07-17 01:31:01 查询号码 【1676719】，返回信息 {"status":"bad","msg":""}
2021-07-17 01:31:01 查询号码 【1676719】，GSD为【""】
2021-07-17 01:31:01 bad
2021-07-17 01:31:02 CHB 1676719?1626456661 第 1 次 等待 3 秒
2021-07-17 01:31:05 CHB 1676719?1626456661 第 1 次 获取到号码【1676719】GSD
2021-07-17 01:31:05 未获取到号码【1676719】GSD，可能号码格式错误
2021-07-17 01:31:05 获取到号码【1676719】的GSD为【-】
2021-07-17 01:31:24 GSD insert 第 1 次 等待 3 秒
2021-07-17 01:31:27 {"status":"ok","gid":298697,"msg":"添加成功！"}
2021-07-17 01:31:27 下次操作: 2021-07-17 01:31:43

2021-07-17 01:31:43 开始第 28 次操作

2021-07-17 01:31:43 开始操作号码 【1676720】
2021-07-17 01:31:46 GSD getOne 第 1 次 等待 3 秒
2021-07-17 01:31:49 查询号码 【1676720】，返回信息 {"status":"bad","msg":""}
2021-07-17 01:31:49 查询号码 【1676720】，GSD为【""】
2021-07-17 01:31:49 bad
2021-07-17 01:31:51 CHB 1676720?1626456709 第 1 次 等待 3 秒
2021-07-17 01:31:54 CHB 1676720?1626456709 第 1 次 获取到号码【1676720】GSD
2021-07-17 01:31:54 未获取到号码【1676720】GSD，可能号码格式错误
2021-07-17 01:31:54 获取到号码【1676720】的GSD为【-】
2021-07-17 01:32:15 GSD insert 第 1 次 等待 3 秒
2021-07-17 01:32:18 {"status":"ok","gid":298705,"msg":"添加成功！"}
2021-07-17 01:32:18 下次操作: 2021-07-17 01:32:40

2021-07-17 01:32:40 开始第 29 次操作

2021-07-17 01:32:40 开始操作号码 【1676721】
2021-07-17 01:32:45 GSD getOne 第 1 次 等待 3 秒
2021-07-17 01:32:48 查询号码 【1676721】，返回信息 {"status":"bad","msg":""}
2021-07-17 01:32:48 查询号码 【1676721】，GSD为【""】
2021-07-17 01:32:48 bad
2021-07-17 01:32:49 CHB 1676721?1626456768 第 1 次 等待 3 秒
2021-07-17 01:32:52 CHB 1676721?1626456768 第 1 次 获取到号码【1676721】GSD
2021-07-17 01:32:52 未获取到号码【1676721】GSD，可能号码格式错误
2021-07-17 01:32:52 获取到号码【1676721】的GSD为【-】
2021-07-17 01:33:17 GSD insert 第 1 次 等待 3 秒
2021-07-17 01:33:20 {"status":"ok","gid":298715,"msg":"添加成功！"}
2021-07-17 01:33:20 下次操作: 2021-07-17 01:33:33

2021-07-17 01:33:33 开始第 30 次操作

2021-07-17 01:33:33 开始操作号码 【1676722】
2021-07-17 01:33:37 GSD getOne 第 1 次 等待 3 秒
2021-07-17 01:33:40 查询号码 【1676722】，返回信息 {"status":"bad","msg":""}
2021-07-17 01:33:40 查询号码 【1676722】，GSD为【""】
2021-07-17 01:33:40 bad
2021-07-17 01:33:41 CHB 1676722?1626456820 第 1 次 等待 3 秒
2021-07-17 01:33:44 CHB 1676722?1626456820 第 1 次 获取到号码【1676722】GSD
2021-07-17 01:33:44 未获取到号码【1676722】GSD，可能号码格式错误
2021-07-17 01:33:44 获取到号码【1676722】的GSD为【-】
2021-07-17 01:34:09 GSD insert 第 1 次 等待 3 秒
2021-07-17 01:34:12 {"status":"ok","gid":298718,"msg":"添加成功！"}
2021-07-17 01:34:12 下次操作: 2021-07-17 01:34:30

2021-07-17 01:34:30 开始第 31 次操作

2021-07-17 01:34:30 开始操作号码 【1676723】
2021-07-17 01:34:38 GSD getOne 第 1 次 等待 3 秒
2021-07-17 01:34:41 查询号码 【1676723】，返回信息 {"status":"bad","msg":""}
2021-07-17 01:34:41 查询号码 【1676723】，GSD为【""】
2021-07-17 01:34:41 bad
2021-07-17 01:34:47 CHB 1676723?1626456881 第 1 次 等待 3 秒
2021-07-17 01:34:50 CHB 1676723?1626456881 第 1 次 获取到号码【1676723】GSD
2021-07-17 01:34:50 未获取到号码【1676723】GSD，可能号码格式错误
2021-07-17 01:34:50 获取到号码【1676723】的GSD为【-】
2021-07-17 01:35:03 GSD insert 第 1 次 等待 3 秒
2021-07-17 01:35:06 {"status":"ok","gid":298725,"msg":"添加成功！"}
2021-07-17 01:35:06 下次操作: 2021-07-17 01:35:25

2021-07-17 01:35:25 开始第 32 次操作

2021-07-17 01:35:25 开始操作号码 【1676724】
2021-07-17 01:35:29 GSD getOne 第 1 次 等待 3 秒
2021-07-17 01:35:32 查询号码 【1676724】，返回信息 {"status":"bad","msg":""}
2021-07-17 01:35:32 查询号码 【1676724】，GSD为【""】
2021-07-17 01:35:32 bad
2021-07-17 01:35:33 CHB 1676724?1626456932 第 1 次 等待 3 秒
2021-07-17 01:35:36 CHB 1676724?1626456932 第 1 次 获取到号码【1676724】GSD
2021-07-17 01:35:36 未获取到号码【1676724】GSD，可能号码格式错误
2021-07-17 01:35:36 获取到号码【1676724】的GSD为【-】
2021-07-17 01:35:54 GSD insert 第 1 次 等待 3 秒
2021-07-17 01:35:57 {"status":"ok","gid":298730,"msg":"添加成功！"}
2021-07-17 01:35:57 下次操作: 2021-07-17 01:36:13

2021-07-17 01:36:13 开始第 33 次操作

2021-07-17 01:36:13 开始操作号码 【1676725】
2021-07-17 01:36:16 GSD getOne 第 1 次 等待 3 秒
2021-07-17 01:36:19 查询号码 【1676725】，返回信息 {"status":"bad","msg":""}
2021-07-17 01:36:19 查询号码 【1676725】，GSD为【""】
2021-07-17 01:36:19 bad
2021-07-17 01:36:21 CHB 1676725?1626456979 第 1 次 等待 3 秒
2021-07-17 01:36:24 CHB 1676725?1626456979 第 1 次 获取到号码【1676725】GSD
2021-07-17 01:36:24 未获取到号码【1676725】GSD，可能号码格式错误
2021-07-17 01:36:24 获取到号码【1676725】的GSD为【-】
2021-07-17 01:36:45 GSD insert 第 1 次 等待 3 秒
2021-07-17 01:36:48 {"status":"ok","gid":298735,"msg":"添加成功！"}
2021-07-17 01:36:48 下次操作: 2021-07-17 01:37:08

2021-07-17 01:37:08 开始第 34 次操作

2021-07-17 01:37:08 开始操作号码 【1676726】
2021-07-17 01:37:10 GSD getOne 第 1 次 等待 3 秒
2021-07-17 01:37:13 查询号码 【1676726】，返回信息 {"status":"bad","msg":""}
2021-07-17 01:37:14 查询号码 【1676726】，GSD为【""】
2021-07-17 01:37:14 bad
2021-07-17 01:37:15 CHB 1676726?1626457034 第 1 次 等待 3 秒
2021-07-17 01:37:18 CHB 1676726?1626457034 第 1 次 获取到号码【1676726】GSD
2021-07-17 01:37:18 未获取到号码【1676726】GSD，可能号码格式错误
2021-07-17 01:37:18 获取到号码【1676726】的GSD为【-】
2021-07-17 01:37:39 GSD insert 第 1 次 等待 3 秒
2021-07-17 01:37:42 {"status":"ok","gid":298739,"msg":"添加成功！"}
2021-07-17 01:37:42 下次操作: 2021-07-17 01:38:06

2021-07-17 01:38:06 开始第 35 次操作

2021-07-17 01:38:06 开始操作号码 【1676727】
2021-07-17 01:38:09 GSD getOne 第 1 次 等待 3 秒
2021-07-17 01:38:12 查询号码 【1676727】，返回信息 {"status":"bad","msg":""}
2021-07-17 01:38:12 查询号码 【1676727】，GSD为【""】
2021-07-17 01:38:12 bad
2021-07-17 01:38:17 CHB 1676727?1626457092 第 1 次 等待 3 秒
2021-07-17 01:38:20 CHB 1676727?1626457092 第 1 次 获取到号码【1676727】GSD
2021-07-17 01:38:20 未获取到号码【1676727】GSD，可能号码格式错误
2021-07-17 01:38:20 获取到号码【1676727】的GSD为【-】
2021-07-17 01:38:40 GSD insert 第 1 次 等待 3 秒
2021-07-17 01:38:43 {"status":"ok","gid":298742,"msg":"添加成功！"}
2021-07-17 01:38:43 下次操作: 2021-07-17 01:39:06

2021-07-17 01:39:06 开始第 36 次操作

2021-07-17 01:39:06 开始操作号码 【1676728】
2021-07-17 01:39:11 GSD getOne 第 1 次 等待 3 秒
2021-07-17 01:39:14 查询号码 【1676728】，返回信息 {"status":"bad","msg":""}
2021-07-17 01:39:14 查询号码 【1676728】，GSD为【""】
2021-07-17 01:39:14 bad
2021-07-17 01:39:16 CHB 1676728?1626457154 第 1 次 等待 3 秒
2021-07-17 01:39:19 CHB 1676728?1626457154 第 1 次 获取到号码【1676728】GSD
2021-07-17 01:39:19 未获取到号码【1676728】GSD，可能号码格式错误
2021-07-17 01:39:19 获取到号码【1676728】的GSD为【-】
2021-07-17 01:39:53 GSD insert 第 1 次 等待 3 秒
2021-07-17 01:39:56 {"status":"ok","gid":298744,"msg":"添加成功！"}
2021-07-17 01:39:56 下次操作: 2021-07-17 01:40:16

2021-07-17 01:40:16 开始第 37 次操作

2021-07-17 01:40:16 开始操作号码 【1676729】
2021-07-17 01:40:19 GSD getOne 第 1 次 等待 3 秒
2021-07-17 01:40:22 查询号码 【1676729】，返回信息 {"status":"bad","msg":""}
2021-07-17 01:40:22 查询号码 【1676729】，GSD为【""】
2021-07-17 01:40:22 bad
2021-07-17 01:40:24 CHB 1676729?1626457222 第 1 次 等待 3 秒
2021-07-17 01:40:27 CHB 1676729?1626457222 第 1 次 获取到号码【1676729】GSD
2021-07-17 01:40:27 未获取到号码【1676729】GSD，可能号码格式错误
2021-07-17 01:40:27 获取到号码【1676729】的GSD为【-】
2021-07-17 01:40:45 GSD insert 第 1 次 等待 3 秒
2021-07-17 01:40:48 {"status":"ok","gid":298747,"msg":"添加成功！"}
2021-07-17 01:40:48 下次操作: 2021-07-17 01:41:08

2021-07-17 01:41:08 开始第 38 次操作

2021-07-17 01:41:08 开始操作号码 【1676730】
2021-07-17 01:41:45 GSD getOne 第 1 次 等待 3 秒
2021-07-17 01:41:48 查询号码 【1676730】，返回信息 {"status":"bad","msg":""}
2021-07-17 01:41:48 查询号码 【1676730】，GSD为【""】
2021-07-17 01:41:48 bad
2021-07-17 01:41:54 CHB 1676730?1626457308 第 1 次 等待 3 秒
2021-07-17 01:41:57 CHB 1676730?1626457308 第 1 次 获取到号码【1676730】GSD
2021-07-17 01:41:57 未获取到号码【1676730】GSD，可能号码格式错误
2021-07-17 01:41:57 获取到号码【1676730】的GSD为【-】
2021-07-17 01:42:08 GSD insert 第 1 次 等待 3 秒
2021-07-17 01:42:11 {"status":"ok","gid":298752,"msg":"添加成功！"}
2021-07-17 01:42:11 下次操作: 2021-07-17 01:42:24

2021-07-17 01:42:24 开始第 39 次操作

2021-07-17 01:42:24 开始操作号码 【1676731】
2021-07-17 01:42:28 GSD getOne 第 1 次 等待 3 秒
2021-07-17 01:42:31 查询号码 【1676731】，返回信息 {"status":"bad","msg":""}
2021-07-17 01:42:31 查询号码 【1676731】，GSD为【""】
2021-07-17 01:42:31 bad
2021-07-17 01:42:32 CHB 1676731?1626457351 第 1 次 等待 3 秒
2021-07-17 01:42:35 CHB 1676731?1626457351 第 1 次 获取到号码【1676731】GSD
2021-07-17 01:42:36 未获取到号码【1676731】GSD，可能号码格式错误
2021-07-17 01:42:36 获取到号码【1676731】的GSD为【-】
2021-07-17 01:42:55 GSD insert 第 1 次 等待 3 秒
2021-07-17 01:42:58 {"status":"ok","gid":298755,"msg":"添加成功！"}
2021-07-17 01:42:58 下次操作: 2021-07-17 01:43:17

2021-07-17 01:43:17 开始第 40 次操作

2021-07-17 01:43:17 开始操作号码 【1676732】
2021-07-17 01:43:20 GSD getOne 第 1 次 等待 3 秒
2021-07-17 01:43:23 查询号码 【1676732】，返回信息 {"status":"bad","msg":""}
2021-07-17 01:43:23 查询号码 【1676732】，GSD为【""】
2021-07-17 01:43:23 bad
2021-07-17 01:43:25 CHB 1676732?1626457403 第 1 次 等待 3 秒
2021-07-17 01:43:28 CHB 1676732?1626457403 第 1 次 获取到号码【1676732】GSD
2021-07-17 01:43:28 未获取到号码【1676732】GSD，可能号码格式错误
2021-07-17 01:43:28 获取到号码【1676732】的GSD为【-】
2021-07-17 01:44:02 GSD insert 第 1 次 等待 3 秒
2021-07-17 01:44:05 {"status":"ok","gid":298760,"msg":"添加成功！"}

2021-07-17 02:46:17 开始第 1 次操作

2021-07-17 02:46:17 开始操作号码 【1676733】
2021-07-17 02:46:20 GSD getOne 第 1 次 等待 3 秒
2021-07-17 02:46:23 查询号码 【1676733】，返回信息 {"status":"bad","msg":""}
2021-07-17 02:46:23 查询号码 【1676733】，GSD为【""】
2021-07-17 02:46:23 bad
2021-07-17 02:46:24 CHB 1676733?1626461183 第 1 次 等待 3 秒
2021-07-17 02:46:27 CHB 1676733?1626461183 第 1 次 获取到号码【1676733】GSD
2021-07-17 02:46:27 未获取到号码【1676733】GSD，可能号码格式错误
2021-07-17 02:46:27 获取到号码【1676733】的GSD为【-】
2021-07-17 02:46:30 GSD insert 第 1 次 等待 3 秒
2021-07-17 02:46:33 {"status":"ok","gid":299117,"msg":"添加成功！"}
2021-07-17 02:46:33 下次操作: 2021-07-17 02:46:54

2021-07-17 02:46:54 开始第 2 次操作

2021-07-17 02:46:54 开始操作号码 【1676734】
2021-07-17 02:46:57 GSD getOne 第 1 次 等待 3 秒
2021-07-17 02:47:00 查询号码 【1676734】，返回信息 {"status":"bad","msg":""}
2021-07-17 02:47:00 查询号码 【1676734】，GSD为【""】
2021-07-17 02:47:00 bad
2021-07-17 02:47:02 CHB 1676734?1626461220 第 1 次 等待 3 秒
2021-07-17 02:47:05 CHB 1676734?1626461220 第 1 次 获取到号码【1676734】GSD
2021-07-17 02:47:05 未获取到号码【1676734】GSD，可能号码格式错误
2021-07-17 02:47:05 获取到号码【1676734】的GSD为【-】
2021-07-17 02:47:07 GSD insert 第 1 次 等待 3 秒
2021-07-17 02:47:10 {"status":"ok","gid":299119,"msg":"添加成功！"}
2021-07-17 02:47:10 下次操作: 2021-07-17 02:47:34

2021-07-17 02:47:34 开始第 3 次操作

2021-07-17 02:47:34 开始操作号码 【1676735】
2021-07-17 02:47:40 GSD getOne 第 1 次 等待 3 秒
2021-07-17 02:47:43 查询号码 【1676735】，返回信息 {"status":"bad","msg":""}
2021-07-17 02:47:43 查询号码 【1676735】，GSD为【""】
2021-07-17 02:47:43 bad
2021-07-17 02:47:45 CHB 1676735?1626461263 第 1 次 等待 3 秒
2021-07-17 02:47:48 CHB 1676735?1626461263 第 1 次 获取到号码【1676735】GSD
2021-07-17 02:47:48 未获取到号码【1676735】GSD，可能号码格式错误
2021-07-17 02:47:48 获取到号码【1676735】的GSD为【-】
2021-07-17 02:47:50 GSD insert 第 1 次 等待 3 秒
2021-07-17 02:47:53 {"status":"ok","gid":299123,"msg":"添加成功！"}
2021-07-17 02:47:53 下次操作: 2021-07-17 02:48:11

2021-07-17 02:48:11 开始第 4 次操作

2021-07-17 02:48:11 开始操作号码 【1676736】
2021-07-17 02:48:14 GSD getOne 第 1 次 等待 3 秒
2021-07-17 02:48:17 查询号码 【1676736】，返回信息 {"status":"bad","msg":""}
2021-07-17 02:48:17 查询号码 【1676736】，GSD为【""】
2021-07-17 02:48:17 bad
2021-07-17 02:48:23 CHB 1676736?1626461297 第 1 次 等待 3 秒
2021-07-17 02:48:26 CHB 1676736?1626461297 第 1 次 获取到号码【1676736】GSD
2021-07-17 02:48:26 未获取到号码【1676736】GSD，可能号码格式错误
2021-07-17 02:48:26 获取到号码【1676736】的GSD为【-】
2021-07-17 02:48:29 GSD insert 第 1 次 等待 3 秒
2021-07-17 02:48:32 {"status":"ok","gid":299125,"msg":"添加成功！"}
2021-07-17 02:48:32 下次操作: 2021-07-17 02:48:44

2021-07-17 02:48:44 开始第 5 次操作

2021-07-17 02:48:44 开始操作号码 【1676737】
2021-07-17 02:48:46 GSD getOne 第 1 次 等待 3 秒
2021-07-17 02:48:49 查询号码 【1676737】，返回信息 {"status":"bad","msg":""}
2021-07-17 02:48:49 查询号码 【1676737】，GSD为【""】
2021-07-17 02:48:49 bad
2021-07-17 02:48:55 CHB 1676737?1626461329 第 1 次 等待 3 秒
2021-07-17 02:48:58 CHB 1676737?1626461329 第 1 次 获取到号码【1676737】GSD
2021-07-17 02:48:58 未获取到号码【1676737】GSD，可能号码格式错误
2021-07-17 02:48:58 获取到号码【1676737】的GSD为【-】
2021-07-17 02:49:01 GSD insert 第 1 次 等待 3 秒
2021-07-17 02:49:04 {"status":"ok","gid":299128,"msg":"添加成功！"}
2021-07-17 02:49:04 下次操作: 2021-07-17 02:49:16

2021-07-17 02:49:16 开始第 6 次操作

2021-07-17 02:49:16 开始操作号码 【1676738】
2021-07-17 02:49:18 GSD getOne 第 1 次 等待 3 秒
2021-07-17 02:49:21 查询号码 【1676738】，返回信息 {"status":"bad","msg":""}
2021-07-17 02:49:21 查询号码 【1676738】，GSD为【""】
2021-07-17 02:49:21 bad
2021-07-17 02:49:23 CHB 1676738?1626461361 第 1 次 等待 3 秒
2021-07-17 02:49:26 CHB 1676738?1626461361 第 1 次 获取到号码【1676738】GSD
2021-07-17 02:49:26 未获取到号码【1676738】GSD，可能号码格式错误
2021-07-17 02:49:26 获取到号码【1676738】的GSD为【-】
2021-07-17 02:49:33 GSD insert 第 1 次 等待 3 秒
2021-07-17 02:49:36 {"status":"ok","gid":299133,"msg":"添加成功！"}
2021-07-17 02:49:36 下次操作: 2021-07-17 02:49:59

2021-07-17 02:49:59 开始第 7 次操作

2021-07-17 02:49:59 开始操作号码 【1676739】
2021-07-17 02:50:02 GSD getOne 第 1 次 等待 3 秒
2021-07-17 02:50:05 查询号码 【1676739】，返回信息 {"status":"bad","msg":""}
2021-07-17 02:50:05 查询号码 【1676739】，GSD为【""】
2021-07-17 02:50:05 bad
2021-07-17 02:50:10 CHB 1676739?1626461405 第 1 次 等待 3 秒
2021-07-17 02:50:13 CHB 1676739?1626461405 第 1 次 获取到号码【1676739】GSD
2021-07-17 02:50:13 未获取到号码【1676739】GSD，可能号码格式错误
2021-07-17 02:50:13 获取到号码【1676739】的GSD为【-】
2021-07-17 02:50:18 GSD insert 第 1 次 等待 3 秒
2021-07-17 02:50:21 {"status":"ok","gid":299138,"msg":"添加成功！"}
2021-07-17 02:50:21 下次操作: 2021-07-17 02:50:40

2021-07-17 02:50:40 开始第 8 次操作

2021-07-17 02:50:40 开始操作号码 【1676740】
2021-07-17 02:50:43 GSD getOne 第 1 次 等待 3 秒
2021-07-17 02:50:46 查询号码 【1676740】，返回信息 {"status":"bad","msg":""}
2021-07-17 02:50:46 查询号码 【1676740】，GSD为【""】
2021-07-17 02:50:46 bad
2021-07-17 02:50:47 CHB 1676740?1626461446 第 1 次 等待 3 秒
2021-07-17 02:50:50 CHB 1676740?1626461446 第 1 次 获取到号码【1676740】GSD
2021-07-17 02:50:50 未获取到号码【1676740】GSD，可能号码格式错误
2021-07-17 02:50:50 获取到号码【1676740】的GSD为【-】
2021-07-17 02:50:53 GSD insert 第 1 次 等待 3 秒
2021-07-17 02:50:56 {"status":"ok","gid":299142,"msg":"添加成功！"}
2021-07-17 02:50:56 下次操作: 2021-07-17 02:51:10

2021-07-17 02:51:10 开始第 9 次操作

2021-07-17 02:51:10 开始操作号码 【1676741】
2021-07-17 02:51:12 GSD getOne 第 1 次 等待 3 秒
2021-07-17 02:51:15 查询号码 【1676741】，返回信息 {"status":"bad","msg":""}
2021-07-17 02:51:16 查询号码 【1676741】，GSD为【""】
2021-07-17 02:51:16 bad
2021-07-17 02:51:17 CHB 1676741?1626461476 第 1 次 等待 3 秒
2021-07-17 02:51:20 CHB 1676741?1626461476 第 1 次 获取到号码【1676741】GSD
2021-07-17 02:51:20 未获取到号码【1676741】GSD，可能号码格式错误
2021-07-17 02:51:20 获取到号码【1676741】的GSD为【-】
2021-07-17 02:51:23 GSD insert 第 1 次 等待 3 秒
2021-07-17 02:51:26 {"status":"ok","gid":299149,"msg":"添加成功！"}
2021-07-17 02:51:26 下次操作: 2021-07-17 02:51:42

2021-07-17 02:51:42 开始第 10 次操作

2021-07-17 02:51:42 开始操作号码 【1676742】
2021-07-17 02:51:44 GSD getOne 第 1 次 等待 3 秒
2021-07-17 02:51:47 查询号码 【1676742】，返回信息 {"status":"bad","msg":""}
2021-07-17 02:51:48 查询号码 【1676742】，GSD为【""】
2021-07-17 02:51:48 bad
2021-07-17 02:51:49 CHB 1676742?1626461508 第 1 次 等待 3 秒
2021-07-17 02:51:52 CHB 1676742?1626461508 第 1 次 获取到号码【1676742】GSD
2021-07-17 02:51:52 未获取到号码【1676742】GSD，可能号码格式错误
2021-07-17 02:51:52 获取到号码【1676742】的GSD为【-】
2021-07-17 02:51:55 GSD insert 第 1 次 等待 3 秒
2021-07-17 02:51:58 {"status":"ok","gid":299153,"msg":"添加成功！"}
2021-07-17 02:51:58 下次操作: 2021-07-17 02:52:10

2021-07-17 02:52:10 开始第 11 次操作

2021-07-17 02:52:10 开始操作号码 【1676743】
2021-07-17 02:52:13 GSD getOne 第 1 次 等待 3 秒
2021-07-17 02:52:16 查询号码 【1676743】，返回信息 {"status":"bad","msg":""}
2021-07-17 02:52:16 查询号码 【1676743】，GSD为【""】
2021-07-17 02:52:16 bad
2021-07-17 02:52:17 CHB 1676743?1626461536 第 1 次 等待 3 秒
2021-07-17 02:52:20 CHB 1676743?1626461536 第 1 次 获取到号码【1676743】GSD
2021-07-17 02:52:20 未获取到号码【1676743】GSD，可能号码格式错误
2021-07-17 02:52:20 获取到号码【1676743】的GSD为【-】
2021-07-17 02:52:23 GSD insert 第 1 次 等待 3 秒
2021-07-17 02:52:26 {"status":"ok","gid":299157,"msg":"添加成功！"}
2021-07-17 02:52:26 下次操作: 2021-07-17 02:52:39

2021-07-17 02:52:39 开始第 12 次操作

2021-07-17 02:52:39 开始操作号码 【1676744】
2021-07-17 02:52:42 GSD getOne 第 1 次 等待 3 秒
2021-07-17 02:52:45 查询号码 【1676744】，返回信息 {"status":"bad","msg":""}
2021-07-17 02:52:45 查询号码 【1676744】，GSD为【""】
2021-07-17 02:52:45 bad
2021-07-17 02:52:50 CHB 1676744?1626461565 第 1 次 等待 3 秒
2021-07-17 02:52:53 CHB 1676744?1626461565 第 1 次 获取到号码【1676744】GSD
2021-07-17 02:52:53 未获取到号码【1676744】GSD，可能号码格式错误
2021-07-17 02:52:53 获取到号码【1676744】的GSD为【-】
2021-07-17 02:52:56 GSD insert 第 1 次 等待 3 秒
2021-07-17 02:52:59 {"status":"ok","gid":299162,"msg":"添加成功！"}
2021-07-17 02:52:59 下次操作: 2021-07-17 02:53:22

2021-07-17 02:53:22 开始第 13 次操作

2021-07-17 02:53:22 开始操作号码 【1676745】
2021-07-17 02:53:24 GSD getOne 第 1 次 等待 3 秒
2021-07-17 02:53:27 查询号码 【1676745】，返回信息 {"status":"bad","msg":""}
2021-07-17 02:53:27 查询号码 【1676745】，GSD为【""】
2021-07-17 02:53:27 bad
2021-07-17 02:53:37 CHB 1676745?1626461607 第 1 次 等待 3 秒
2021-07-17 02:53:40 CHB 1676745?1626461607 第 1 次 获取到号码【1676745】GSD
2021-07-17 02:53:40 未获取到号码【1676745】GSD，可能号码格式错误
2021-07-17 02:53:40 获取到号码【1676745】的GSD为【-】
2021-07-17 02:53:43 GSD insert 第 1 次 等待 3 秒
2021-07-17 02:53:46 {"status":"ok","gid":299171,"msg":"添加成功！"}
2021-07-17 02:53:46 下次操作: 2021-07-17 02:54:00

2021-07-17 02:54:00 开始第 14 次操作

2021-07-17 02:54:00 开始操作号码 【1676746】
2021-07-17 02:54:03 GSD getOne 第 1 次 等待 3 秒
2021-07-17 02:54:06 查询号码 【1676746】，返回信息 {"status":"bad","msg":""}
2021-07-17 02:54:06 查询号码 【1676746】，GSD为【""】
2021-07-17 02:54:06 bad
2021-07-17 02:54:07 CHB 1676746?1626461646 第 1 次 等待 3 秒
2021-07-17 02:54:10 CHB 1676746?1626461646 第 1 次 获取到号码【1676746】GSD
2021-07-17 02:54:10 未获取到号码【1676746】GSD，可能号码格式错误
2021-07-17 02:54:10 获取到号码【1676746】的GSD为【-】
2021-07-17 02:54:13 GSD insert 第 1 次 等待 3 秒
2021-07-17 02:54:16 {"status":"ok","gid":299179,"msg":"添加成功！"}
2021-07-17 02:54:16 下次操作: 2021-07-17 02:54:39

2021-07-17 02:54:39 开始第 15 次操作

2021-07-17 02:54:39 开始操作号码 【1676747】
2021-07-17 02:54:42 GSD getOne 第 1 次 等待 3 秒
2021-07-17 02:54:45 查询号码 【1676747】，返回信息 {"status":"bad","msg":""}
2021-07-17 02:54:45 查询号码 【1676747】，GSD为【""】
2021-07-17 02:54:45 bad
2021-07-17 02:54:46 CHB 1676747?1626461685 第 1 次 等待 3 秒
2021-07-17 02:54:49 CHB 1676747?1626461685 第 1 次 获取到号码【1676747】GSD
2021-07-17 02:54:49 未获取到号码【1676747】GSD，可能号码格式错误
2021-07-17 02:54:49 获取到号码【1676747】的GSD为【-】
2021-07-17 02:54:52 GSD insert 第 1 次 等待 3 秒
2021-07-17 02:54:55 {"status":"ok","gid":299185,"msg":"添加成功！"}
2021-07-17 02:54:55 下次操作: 2021-07-17 02:55:08

2021-07-17 02:55:08 开始第 16 次操作

2021-07-17 02:55:08 开始操作号码 【1676748】
2021-07-17 02:55:11 GSD getOne 第 1 次 等待 3 秒
2021-07-17 02:55:14 查询号码 【1676748】，返回信息 {"status":"bad","msg":""}
2021-07-17 02:55:14 查询号码 【1676748】，GSD为【""】
2021-07-17 02:55:14 bad
2021-07-17 02:55:19 CHB 1676748?1626461714 第 1 次 等待 3 秒
2021-07-17 02:55:22 CHB 1676748?1626461714 第 1 次 获取到号码【1676748】GSD
2021-07-17 02:55:22 未获取到号码【1676748】GSD，可能号码格式错误
2021-07-17 02:55:22 获取到号码【1676748】的GSD为【-】
2021-07-17 02:55:25 GSD insert 第 1 次 等待 3 秒
2021-07-17 02:55:28 {"status":"ok","gid":299192,"msg":"添加成功！"}
2021-07-17 02:55:28 下次操作: 2021-07-17 02:55:42

2021-07-17 02:55:42 开始第 17 次操作

2021-07-17 02:55:42 开始操作号码 【1676749】
2021-07-17 02:55:45 GSD getOne 第 1 次 等待 3 秒
2021-07-17 02:55:48 查询号码 【1676749】，返回信息 {"status":"bad","msg":""}
2021-07-17 02:55:48 查询号码 【1676749】，GSD为【""】
2021-07-17 02:55:48 bad
2021-07-17 02:55:49 CHB 1676749?1626461748 第 1 次 等待 3 秒
2021-07-17 02:55:52 CHB 1676749?1626461748 第 1 次 获取到号码【1676749】GSD
2021-07-17 02:55:52 未获取到号码【1676749】GSD，可能号码格式错误
2021-07-17 02:55:52 获取到号码【1676749】的GSD为【-】
2021-07-17 02:55:56 GSD insert 第 1 次 等待 3 秒
2021-07-17 02:55:59 {"status":"ok","gid":299198,"msg":"添加成功！"}
2021-07-17 02:55:59 下次操作: 2021-07-17 02:56:15

2021-07-17 02:56:15 开始第 18 次操作

2021-07-17 02:56:15 开始操作号码 【1676750】
2021-07-17 02:56:18 GSD getOne 第 1 次 等待 3 秒
2021-07-17 02:56:21 查询号码 【1676750】，返回信息 {"status":"bad","msg":""}
2021-07-17 02:56:21 查询号码 【1676750】，GSD为【""】
2021-07-17 02:56:21 bad
2021-07-17 02:56:26 CHB 1676750?1626461781 第 1 次 等待 3 秒
2021-07-17 02:56:29 CHB 1676750?1626461781 第 1 次 获取到号码【1676750】GSD
2021-07-17 02:56:29 未获取到号码【1676750】GSD，可能号码格式错误
2021-07-17 02:56:29 获取到号码【1676750】的GSD为【-】
2021-07-17 02:56:32 GSD insert 第 1 次 等待 3 秒
2021-07-17 02:56:35 {"status":"ok","gid":299204,"msg":"添加成功！"}
2021-07-17 02:56:35 下次操作: 2021-07-17 02:56:53

2021-07-17 02:56:53 开始第 19 次操作

2021-07-17 02:56:53 开始操作号码 【1676751】
2021-07-17 02:56:56 GSD getOne 第 1 次 等待 3 秒
2021-07-17 02:56:59 查询号码 【1676751】，返回信息 {"status":"bad","msg":""}
2021-07-17 02:56:59 查询号码 【1676751】，GSD为【""】
2021-07-17 02:56:59 bad
2021-07-17 02:57:00 CHB 1676751?1626461819 第 1 次 等待 3 秒
2021-07-17 02:57:03 CHB 1676751?1626461819 第 1 次 获取到号码【1676751】GSD
2021-07-17 02:57:03 未获取到号码【1676751】GSD，可能号码格式错误
2021-07-17 02:57:03 获取到号码【1676751】的GSD为【-】
2021-07-17 02:57:06 GSD insert 第 1 次 等待 3 秒
2021-07-17 02:57:09 {"status":"ok","gid":299210,"msg":"添加成功！"}
2021-07-17 02:57:09 下次操作: 2021-07-17 02:57:32

2021-07-17 02:57:32 开始第 20 次操作

2021-07-17 02:57:32 开始操作号码 【1676752】
2021-07-17 02:57:34 GSD getOne 第 1 次 等待 3 秒
2021-07-17 02:57:37 查询号码 【1676752】，返回信息 {"status":"bad","msg":""}
2021-07-17 02:57:38 查询号码 【1676752】，GSD为【""】
2021-07-17 02:57:38 bad
2021-07-17 02:57:39 CHB 1676752?1626461858 第 1 次 等待 3 秒
2021-07-17 02:57:42 CHB 1676752?1626461858 第 1 次 获取到号码【1676752】GSD
2021-07-17 02:57:42 未获取到号码【1676752】GSD，可能号码格式错误
2021-07-17 02:57:42 获取到号码【1676752】的GSD为【-】
2021-07-17 02:57:48 GSD insert 第 1 次 等待 3 秒
2021-07-17 02:57:51 {"status":"ok","gid":299219,"msg":"添加成功！"}
2021-07-17 02:57:51 下次操作: 2021-07-17 02:58:09

2021-07-17 02:58:09 开始第 21 次操作

2021-07-17 02:58:09 开始操作号码 【1676753】
2021-07-17 02:58:13 GSD getOne 第 1 次 等待 3 秒
2021-07-17 02:58:16 查询号码 【1676753】，返回信息 {"status":"bad","msg":""}
2021-07-17 02:58:16 查询号码 【1676753】，GSD为【""】
2021-07-17 02:58:16 bad
2021-07-17 02:58:22 CHB 1676753?1626461896 第 1 次 等待 3 秒
2021-07-17 02:58:25 CHB 1676753?1626461896 第 1 次 获取到号码【1676753】GSD
2021-07-17 02:58:25 未获取到号码【1676753】GSD，可能号码格式错误
2021-07-17 02:58:25 获取到号码【1676753】的GSD为【-】
2021-07-17 02:58:27 GSD insert 第 1 次 等待 3 秒
2021-07-17 02:58:30 {"status":"ok","gid":299227,"msg":"添加成功！"}
2021-07-17 02:58:30 下次操作: 2021-07-17 02:58:47

2021-07-17 02:58:47 开始第 22 次操作

2021-07-17 02:58:47 开始操作号码 【1676754】
2021-07-17 02:58:50 GSD getOne 第 1 次 等待 3 秒
2021-07-17 02:58:53 查询号码 【1676754】，返回信息 {"status":"bad","msg":""}
2021-07-17 02:58:53 查询号码 【1676754】，GSD为【""】
2021-07-17 02:58:53 bad
2021-07-17 02:58:54 CHB 1676754?1626461933 第 1 次 等待 3 秒
2021-07-17 02:58:57 CHB 1676754?1626461933 第 1 次 获取到号码【1676754】GSD
2021-07-17 02:58:58 未获取到号码【1676754】GSD，可能号码格式错误
2021-07-17 02:58:58 获取到号码【1676754】的GSD为【-】
2021-07-17 02:59:00 GSD insert 第 1 次 等待 3 秒
2021-07-17 02:59:03 {"status":"ok","gid":299233,"msg":"添加成功！"}
2021-07-17 02:59:03 下次操作: 2021-07-17 02:59:27

2021-07-17 02:59:27 开始第 23 次操作

2021-07-17 02:59:27 开始操作号码 【1676755】
2021-07-17 02:59:30 GSD getOne 第 1 次 等待 3 秒
2021-07-17 02:59:33 查询号码 【1676755】，返回信息 {"status":"bad","msg":""}
2021-07-17 02:59:33 查询号码 【1676755】，GSD为【""】
2021-07-17 02:59:33 bad
2021-07-17 02:59:34 CHB 1676755?1626461973 第 1 次 等待 3 秒
2021-07-17 02:59:37 CHB 1676755?1626461973 第 1 次 获取到号码【1676755】GSD
2021-07-17 02:59:37 未获取到号码【1676755】GSD，可能号码格式错误
2021-07-17 02:59:37 获取到号码【1676755】的GSD为【-】
2021-07-17 02:59:40 GSD insert 第 1 次 等待 3 秒
2021-07-17 02:59:43 {"status":"ok","gid":299242,"msg":"添加成功！"}
2021-07-17 02:59:43 下次操作: 2021-07-17 02:59:59

2021-07-17 02:59:59 开始第 24 次操作

2021-07-17 02:59:59 开始操作号码 【1676756】
2021-07-17 03:00:02 GSD getOne 第 1 次 等待 3 秒
2021-07-17 03:00:05 查询号码 【1676756】，返回信息 {"status":"bad","msg":""}
2021-07-17 03:00:05 查询号码 【1676756】，GSD为【""】
2021-07-17 03:00:05 bad
2021-07-17 03:00:07 CHB 1676756?1626462005 第 1 次 等待 3 秒
2021-07-17 03:00:10 CHB 1676756?1626462005 第 1 次 获取到号码【1676756】GSD
2021-07-17 03:00:10 未获取到号码【1676756】GSD，可能号码格式错误
2021-07-17 03:00:10 获取到号码【1676756】的GSD为【-】
2021-07-17 03:00:15 GSD insert 第 1 次 等待 3 秒
2021-07-17 03:00:18 {"status":"ok","gid":299249,"msg":"添加成功！"}
2021-07-17 03:00:18 下次操作: 2021-07-17 03:00:34

2021-07-17 03:00:34 开始第 25 次操作

2021-07-17 03:00:34 开始操作号码 【1676757】
2021-07-17 03:00:38 GSD getOne 第 1 次 等待 3 秒
2021-07-17 03:00:41 查询号码 【1676757】，返回信息 {"status":"bad","msg":""}
2021-07-17 03:00:41 查询号码 【1676757】，GSD为【""】
2021-07-17 03:00:41 bad
2021-07-17 03:00:46 CHB 1676757?1626462041 第 1 次 等待 3 秒
2021-07-17 03:00:49 CHB 1676757?1626462041 第 1 次 获取到号码【1676757】GSD
2021-07-17 03:00:50 未获取到号码【1676757】GSD，可能号码格式错误
2021-07-17 03:00:50 获取到号码【1676757】的GSD为【-】
2021-07-17 03:00:52 GSD insert 第 1 次 等待 3 秒
2021-07-17 03:00:55 {"status":"ok","gid":299256,"msg":"添加成功！"}
2021-07-17 03:00:55 下次操作: 2021-07-17 03:01:18

2021-07-17 03:01:18 开始第 26 次操作

2021-07-17 03:01:18 开始操作号码 【1676758】
2021-07-17 03:01:21 GSD getOne 第 1 次 等待 3 秒
2021-07-17 03:01:24 查询号码 【1676758】，返回信息 {"status":"bad","msg":""}
2021-07-17 03:01:24 查询号码 【1676758】，GSD为【""】
2021-07-17 03:01:24 bad
2021-07-17 03:01:26 CHB 1676758?1626462084 第 1 次 等待 3 秒
2021-07-17 03:01:29 CHB 1676758?1626462084 第 1 次 获取到号码【1676758】GSD
2021-07-17 03:01:29 未获取到号码【1676758】GSD，可能号码格式错误
2021-07-17 03:01:29 获取到号码【1676758】的GSD为【-】
2021-07-17 03:01:32 GSD insert 第 1 次 等待 3 秒
2021-07-17 03:01:35 {"status":"ok","gid":299263,"msg":"添加成功！"}
2021-07-17 03:01:35 下次操作: 2021-07-17 03:01:51

2021-07-17 03:01:51 开始第 27 次操作

2021-07-17 03:01:51 开始操作号码 【1676759】
2021-07-17 03:01:56 GSD getOne 第 1 次 等待 3 秒
2021-07-17 03:01:59 查询号码 【1676759】，返回信息 {"status":"bad","msg":""}
2021-07-17 03:02:00 查询号码 【1676759】，GSD为【""】
2021-07-17 03:02:00 bad
2021-07-17 03:02:05 CHB 1676759?1626462120 第 1 次 等待 3 秒
2021-07-17 03:02:08 CHB 1676759?1626462120 第 1 次 获取到号码【1676759】GSD
2021-07-17 03:02:08 未获取到号码【1676759】GSD，可能号码格式错误
2021-07-17 03:02:08 获取到号码【1676759】的GSD为【-】
2021-07-17 03:02:10 GSD insert 第 1 次 等待 3 秒
2021-07-17 03:02:13 {"status":"ok","gid":299270,"msg":"添加成功！"}
2021-07-17 03:02:13 下次操作: 2021-07-17 03:02:28

2021-07-17 03:02:28 开始第 28 次操作

2021-07-17 03:02:28 开始操作号码 【1676760】
2021-07-17 03:02:31 GSD getOne 第 1 次 等待 3 秒
2021-07-17 03:02:34 查询号码 【1676760】，返回信息 {"status":"bad","msg":""}
2021-07-17 03:02:35 查询号码 【1676760】，GSD为【""】
2021-07-17 03:02:35 bad
2021-07-17 03:02:40 CHB 1676760?1626462155 第 1 次 等待 3 秒
2021-07-17 03:02:43 CHB 1676760?1626462155 第 1 次 获取到号码【1676760】GSD
2021-07-17 03:02:43 未获取到号码【1676760】GSD，可能号码格式错误
2021-07-17 03:02:43 获取到号码【1676760】的GSD为【-】
2021-07-17 03:02:46 GSD insert 第 1 次 等待 3 秒
2021-07-17 03:02:49 {"status":"ok","gid":299275,"msg":"添加成功！"}
2021-07-17 03:02:49 下次操作: 2021-07-17 03:03:06

2021-07-17 03:03:06 开始第 29 次操作

2021-07-17 03:03:06 开始操作号码 【1676761】
2021-07-17 03:03:08 GSD getOne 第 1 次 等待 3 秒
2021-07-17 03:03:11 查询号码 【1676761】，返回信息 {"status":"bad","msg":""}
2021-07-17 03:03:12 查询号码 【1676761】，GSD为【""】
2021-07-17 03:03:12 bad
2021-07-17 03:03:17 CHB 1676761?1626462192 第 1 次 等待 3 秒
2021-07-17 03:03:20 CHB 1676761?1626462192 第 1 次 获取到号码【1676761】GSD
2021-07-17 03:03:20 未获取到号码【1676761】GSD，可能号码格式错误
2021-07-17 03:03:20 获取到号码【1676761】的GSD为【-】
2021-07-17 03:03:26 GSD insert 第 1 次 等待 3 秒
2021-07-17 03:03:29 {"status":"ok","gid":299284,"msg":"添加成功！"}
2021-07-17 03:03:29 下次操作: 2021-07-17 03:03:45

2021-07-17 03:03:45 开始第 30 次操作

2021-07-17 03:03:45 开始操作号码 【1676762】
2021-07-17 03:03:47 GSD getOne 第 1 次 等待 3 秒
2021-07-17 03:03:50 查询号码 【1676762】，返回信息 {"status":"bad","msg":""}
2021-07-17 03:03:51 查询号码 【1676762】，GSD为【""】
2021-07-17 03:03:51 bad
2021-07-17 03:03:52 CHB 1676762?1626462231 第 1 次 等待 3 秒
2021-07-17 03:03:55 CHB 1676762?1626462231 第 1 次 获取到号码【1676762】GSD
2021-07-17 03:03:55 未获取到号码【1676762】GSD，可能号码格式错误
2021-07-17 03:03:55 获取到号码【1676762】的GSD为【-】
2021-07-17 03:03:58 GSD insert 第 1 次 等待 3 秒
2021-07-17 03:04:01 {"status":"ok","gid":299291,"msg":"添加成功！"}
2021-07-17 03:04:01 下次操作: 2021-07-17 03:04:20

2021-07-17 03:04:20 开始第 31 次操作

2021-07-17 03:04:20 开始操作号码 【1676763】
2021-07-17 03:04:22 GSD getOne 第 1 次 等待 3 秒
2021-07-17 03:04:25 查询号码 【1676763】，返回信息 {"status":"bad","msg":""}
2021-07-17 03:04:26 查询号码 【1676763】，GSD为【""】
2021-07-17 03:04:26 bad
2021-07-17 03:04:27 CHB 1676763?1626462266 第 1 次 等待 3 秒
2021-07-17 03:04:30 CHB 1676763?1626462266 第 1 次 获取到号码【1676763】GSD
2021-07-17 03:04:30 未获取到号码【1676763】GSD，可能号码格式错误
2021-07-17 03:04:30 获取到号码【1676763】的GSD为【-】
2021-07-17 03:04:33 GSD insert 第 1 次 等待 3 秒
2021-07-17 03:04:36 {"status":"ok","gid":299297,"msg":"添加成功！"}
2021-07-17 03:04:36 下次操作: 2021-07-17 03:04:55

2021-07-17 03:04:55 开始第 32 次操作

2021-07-17 03:04:55 开始操作号码 【1676764】
2021-07-17 03:04:58 GSD getOne 第 1 次 等待 3 秒
2021-07-17 03:05:01 查询号码 【1676764】，返回信息 {"status":"bad","msg":""}
2021-07-17 03:05:01 查询号码 【1676764】，GSD为【""】
2021-07-17 03:05:01 bad
2021-07-17 03:05:06 CHB 1676764?1626462301 第 1 次 等待 3 秒
2021-07-17 03:05:09 CHB 1676764?1626462301 第 1 次 获取到号码【1676764】GSD
2021-07-17 03:05:10 未获取到号码【1676764】GSD，可能号码格式错误
2021-07-17 03:05:10 获取到号码【1676764】的GSD为【-】
2021-07-17 03:05:12 GSD insert 第 1 次 等待 3 秒
2021-07-17 03:05:15 {"status":"ok","gid":299306,"msg":"添加成功！"}
2021-07-17 03:05:15 下次操作: 2021-07-17 03:05:28

2021-07-17 03:05:28 开始第 33 次操作

2021-07-17 03:05:28 开始操作号码 【1676765】
2021-07-17 03:05:31 GSD getOne 第 1 次 等待 3 秒
2021-07-17 03:05:34 查询号码 【1676765】，返回信息 {"status":"bad","msg":""}
2021-07-17 03:05:34 查询号码 【1676765】，GSD为【""】
2021-07-17 03:05:34 bad
2021-07-17 03:05:35 CHB 1676765?1626462334 第 1 次 等待 3 秒
2021-07-17 03:05:38 CHB 1676765?1626462334 第 1 次 获取到号码【1676765】GSD
2021-07-17 03:05:38 未获取到号码【1676765】GSD，可能号码格式错误
2021-07-17 03:05:38 获取到号码【1676765】的GSD为【-】
2021-07-17 03:05:41 GSD insert 第 1 次 等待 3 秒
2021-07-17 03:05:44 {"status":"ok","gid":299314,"msg":"添加成功！"}
2021-07-17 03:05:44 下次操作: 2021-07-17 03:06:00

2021-07-17 03:06:00 开始第 34 次操作

2021-07-17 03:06:00 开始操作号码 【1676766】
2021-07-17 03:06:05 GSD getOne 第 1 次 等待 3 秒
2021-07-17 03:06:08 查询号码 【1676766】，返回信息 {"status":"bad","msg":""}
2021-07-17 03:06:08 查询号码 【1676766】，GSD为【""】
2021-07-17 03:06:08 bad
2021-07-17 03:06:09 CHB 1676766?1626462368 第 1 次 等待 3 秒
2021-07-17 03:06:12 CHB 1676766?1626462368 第 1 次 获取到号码【1676766】GSD
2021-07-17 03:06:12 未获取到号码【1676766】GSD，可能号码格式错误
2021-07-17 03:06:12 获取到号码【1676766】的GSD为【-】
2021-07-17 03:06:17 GSD insert 第 1 次 等待 3 秒
2021-07-17 03:06:20 {"status":"ok","gid":299319,"msg":"添加成功！"}
2021-07-17 03:06:20 下次操作: 2021-07-17 03:06:42

2021-07-17 03:06:42 开始第 35 次操作

2021-07-17 03:06:42 开始操作号码 【1676767】
2021-07-17 03:06:45 GSD getOne 第 1 次 等待 3 秒
2021-07-17 03:06:48 查询号码 【1676767】，返回信息 {"status":"bad","msg":""}
2021-07-17 03:06:48 查询号码 【1676767】，GSD为【""】
2021-07-17 03:06:48 bad
2021-07-17 03:06:50 CHB 1676767?1626462408 第 1 次 等待 3 秒
2021-07-17 03:06:53 CHB 1676767?1626462408 第 1 次 获取到号码【1676767】GSD
2021-07-17 03:06:53 未获取到号码【1676767】GSD，可能号码格式错误
2021-07-17 03:06:53 获取到号码【1676767】的GSD为【-】
2021-07-17 03:06:56 GSD insert 第 1 次 等待 3 秒
2021-07-17 03:06:59 {"status":"ok","gid":299327,"msg":"添加成功！"}
2021-07-17 03:06:59 下次操作: 2021-07-17 03:07:18

2021-07-17 03:07:18 开始第 36 次操作

2021-07-17 03:07:18 开始操作号码 【1676768】
2021-07-17 03:07:20 GSD getOne 第 1 次 等待 3 秒
2021-07-17 03:07:23 查询号码 【1676768】，返回信息 {"status":"bad","msg":""}
2021-07-17 03:07:23 查询号码 【1676768】，GSD为【""】
2021-07-17 03:07:23 bad
2021-07-17 03:07:25 CHB 1676768?1626462443 第 1 次 等待 3 秒
2021-07-17 03:07:28 CHB 1676768?1626462443 第 1 次 获取到号码【1676768】GSD
2021-07-17 03:07:28 未获取到号码【1676768】GSD，可能号码格式错误
2021-07-17 03:07:28 获取到号码【1676768】的GSD为【-】
2021-07-17 03:07:32 GSD insert 第 1 次 等待 3 秒
2021-07-17 03:07:35 {"status":"ok","gid":299334,"msg":"添加成功！"}
2021-07-17 03:07:35 下次操作: 2021-07-17 03:07:50

2021-07-17 03:07:50 开始第 37 次操作

2021-07-17 03:07:50 开始操作号码 【1676769】
2021-07-17 03:07:52 GSD getOne 第 1 次 等待 3 秒
2021-07-17 03:07:55 查询号码 【1676769】，返回信息 {"status":"bad","msg":""}
2021-07-17 03:07:56 查询号码 【1676769】，GSD为【""】
2021-07-17 03:07:56 bad
2021-07-17 03:07:57 CHB 1676769?1626462476 第 1 次 等待 3 秒
2021-07-17 03:08:00 CHB 1676769?1626462476 第 1 次 获取到号码【1676769】GSD
2021-07-17 03:08:00 未获取到号码【1676769】GSD，可能号码格式错误
2021-07-17 03:08:00 获取到号码【1676769】的GSD为【-】
2021-07-17 03:08:03 GSD insert 第 1 次 等待 3 秒
2021-07-17 03:08:06 {"status":"ok","gid":299338,"msg":"添加成功！"}
2021-07-17 03:08:06 下次操作: 2021-07-17 03:08:30

2021-07-17 03:08:30 开始第 38 次操作

2021-07-17 03:08:30 开始操作号码 【1676770】
2021-07-17 03:08:33 GSD getOne 第 1 次 等待 3 秒
2021-07-17 03:08:36 查询号码 【1676770】，返回信息 {"status":"bad","msg":""}
2021-07-17 03:08:36 查询号码 【1676770】，GSD为【""】
2021-07-17 03:08:36 bad
2021-07-17 03:08:37 CHB 1676770?1626462516 第 1 次 等待 3 秒
2021-07-17 03:08:40 CHB 1676770?1626462516 第 1 次 获取到号码【1676770】GSD
2021-07-17 03:08:40 未获取到号码【1676770】GSD，可能号码格式错误
2021-07-17 03:08:40 获取到号码【1676770】的GSD为【-】
2021-07-17 03:08:43 GSD insert 第 1 次 等待 3 秒
2021-07-17 03:08:46 {"status":"ok","gid":299348,"msg":"添加成功！"}
2021-07-17 03:08:46 下次操作: 2021-07-17 03:09:02

2021-07-17 03:09:02 开始第 39 次操作

2021-07-17 03:09:02 开始操作号码 【1676771】
2021-07-17 03:09:05 GSD getOne 第 1 次 等待 3 秒
2021-07-17 03:09:08 查询号码 【1676771】，返回信息 {"status":"bad","msg":""}
2021-07-17 03:09:08 查询号码 【1676771】，GSD为【""】
2021-07-17 03:09:08 bad
2021-07-17 03:09:12 CHB 1676771?1626462548 第 1 次 等待 3 秒
2021-07-17 03:09:15 CHB 1676771?1626462548 第 1 次 获取到号码【1676771】GSD
2021-07-17 03:09:15 未获取到号码【1676771】GSD，可能号码格式错误
2021-07-17 03:09:15 获取到号码【1676771】的GSD为【-】
2021-07-17 03:09:18 GSD insert 第 1 次 等待 3 秒
2021-07-17 03:09:21 {"status":"ok","gid":299357,"msg":"添加成功！"}
2021-07-17 03:09:21 下次操作: 2021-07-17 03:09:43

2021-07-17 03:09:43 开始第 40 次操作

2021-07-17 03:09:43 开始操作号码 【1676772】
2021-07-17 03:09:46 GSD getOne 第 1 次 等待 3 秒
2021-07-17 03:09:49 查询号码 【1676772】，返回信息 {"status":"bad","msg":""}
2021-07-17 03:09:49 查询号码 【1676772】，GSD为【""】
2021-07-17 03:09:49 bad
2021-07-17 03:09:50 CHB 1676772?1626462589 第 1 次 等待 3 秒
2021-07-17 03:09:53 CHB 1676772?1626462589 第 1 次 获取到号码【1676772】GSD
2021-07-17 03:09:53 未获取到号码【1676772】GSD，可能号码格式错误
2021-07-17 03:09:53 获取到号码【1676772】的GSD为【-】
2021-07-17 03:09:56 GSD insert 第 1 次 等待 3 秒
2021-07-17 03:09:59 {"status":"ok","gid":299364,"msg":"添加成功！"}

