2021-08-03 00:00:13 开始第 22 次操作

2021-08-03 00:00:13 开始操作号码 【1842535】
2021-08-03 00:00:19 GSD getOne 第 1 次 等待 3 秒
2021-08-03 00:00:22 查询号码 【1842535】，返回信息 {"status":"bad","msg":""}
2021-08-03 00:00:22 查询号码 【1842535】，GSD为【""】
2021-08-03 00:00:22 bad
2021-08-03 00:00:23 CHB 1842535?1627920022 第 1 次 等待 3 秒
2021-08-03 00:00:26 CHB 1842535?1627920022 第 1 次 获取到号码【1842535】GSD
2021-08-03 00:00:27 获取到号码【1842535】的GSD为【江苏-南京】
2021-08-03 00:00:33 GSD insert 第 1 次 等待 3 秒
2021-08-03 00:00:36 {"status":"ok","gid":484597,"msg":"添加成功！"}
2021-08-03 00:00:36 下次操作: 2021-08-03 00:00:53

2021-08-03 00:00:53 开始第 23 次操作

2021-08-03 00:00:53 开始操作号码 【1842534】
2021-08-03 00:01:05 GSD getOne 第 1 次 等待 3 秒
2021-08-03 00:01:08 查询号码 【1842534】，返回信息 {"status":"bad","msg":""}
2021-08-03 00:01:08 查询号码 【1842534】，GSD为【""】
2021-08-03 00:01:08 bad
2021-08-03 00:01:10 CHB 1842534?1627920068 第 1 次 等待 3 秒
2021-08-03 00:01:13 CHB 1842534?1627920068 第 1 次 获取到号码【1842534】GSD
2021-08-03 00:01:13 获取到号码【1842534】的GSD为【江苏-南京】
2021-08-03 00:02:28 GSD insert 第 1 次 等待 3 秒
2021-08-03 00:02:31 {"status":"ok","gid":484614,"msg":"添加成功！"}
2021-08-03 00:02:31 下次操作: 2021-08-03 00:02:52

2021-08-03 00:02:52 开始第 24 次操作

2021-08-03 00:02:52 开始操作号码 【1842533】
2021-08-03 00:02:57 GSD getOne 第 1 次 等待 3 秒
2021-08-03 00:03:00 查询号码 【1842533】，返回信息 {"status":"bad","msg":""}
2021-08-03 00:03:01 查询号码 【1842533】，GSD为【""】
2021-08-03 00:03:01 bad
2021-08-03 00:03:02 CHB 1842533?1627920181 第 1 次 等待 3 秒
2021-08-03 00:03:05 CHB 1842533?1627920181 第 1 次 获取到号码【1842533】GSD
2021-08-03 00:03:05 获取到号码【1842533】的GSD为【江苏-南京】
2021-08-03 00:03:10 GSD insert 第 1 次 等待 3 秒
2021-08-03 00:03:13 {"status":"ok","gid":484622,"msg":"添加成功！"}
2021-08-03 00:03:13 下次操作: 2021-08-03 00:03:36

2021-08-03 00:03:36 开始第 25 次操作

2021-08-03 00:03:36 开始操作号码 【1842532】
2021-08-03 00:04:03 GSD getOne 第 1 次 等待 3 秒
2021-08-03 00:04:06 查询号码 【1842532】，返回信息 {"status":"bad","msg":""}
2021-08-03 00:04:06 查询号码 【1842532】，GSD为【""】
2021-08-03 00:04:06 bad
2021-08-03 00:04:07 CHB 1842532?1627920246 第 1 次 等待 3 秒
2021-08-03 00:04:10 CHB 1842532?1627920246 第 1 次 获取到号码【1842532】GSD
2021-08-03 00:04:10 获取到号码【1842532】的GSD为【江苏-南京】
2021-08-03 00:04:15 GSD insert 第 1 次 等待 3 秒
2021-08-03 00:04:18 {"status":"ok","gid":484636,"msg":"添加成功！"}
2021-08-03 00:04:18 下次操作: 2021-08-03 00:04:40

2021-08-03 00:04:40 开始第 26 次操作

2021-08-03 00:04:40 开始操作号码 【1842531】
2021-08-03 00:04:45 GSD getOne 第 1 次 等待 3 秒
2021-08-03 00:04:48 查询号码 【1842531】，返回信息 {"status":"bad","msg":""}
2021-08-03 00:04:49 查询号码 【1842531】，GSD为【""】
2021-08-03 00:04:49 bad
2021-08-03 00:04:50 CHB 1842531?1627920289 第 1 次 等待 3 秒
2021-08-03 00:04:53 CHB 1842531?1627920289 第 1 次 获取到号码【1842531】GSD
2021-08-03 00:04:53 获取到号码【1842531】的GSD为【江苏-南京】
2021-08-03 00:05:01 GSD insert 第 1 次 等待 3 秒
2021-08-03 00:05:04 {"status":"ok","gid":484645,"msg":"添加成功！"}
2021-08-03 00:05:04 下次操作: 2021-08-03 00:05:16

2021-08-03 00:05:16 开始第 27 次操作

2021-08-03 00:05:16 开始操作号码 【1842530】
2021-08-03 00:05:21 GSD getOne 第 1 次 等待 3 秒
2021-08-03 00:05:24 查询号码 【1842530】，返回信息 {"status":"bad","msg":""}
2021-08-03 00:05:24 查询号码 【1842530】，GSD为【""】
2021-08-03 00:05:24 bad
2021-08-03 00:05:26 CHB 1842530?1627920324 第 1 次 等待 3 秒
2021-08-03 00:05:29 CHB 1842530?1627920324 第 1 次 获取到号码【1842530】GSD
2021-08-03 00:05:29 获取到号码【1842530】的GSD为【江苏-南京】
2021-08-03 00:05:36 GSD insert 第 1 次 等待 3 秒
2021-08-03 00:05:39 {"status":"ok","gid":484650,"msg":"添加成功！"}
2021-08-03 00:05:39 下次操作: 2021-08-03 00:05:57

2021-08-03 00:05:57 开始第 28 次操作

2021-08-03 00:05:58 开始操作号码 【1842529】
2021-08-03 00:06:07 GSD getOne 第 1 次 等待 3 秒
2021-08-03 00:06:10 查询号码 【1842529】，返回信息 {"status":"bad","msg":""}
2021-08-03 00:06:10 查询号码 【1842529】，GSD为【""】
2021-08-03 00:06:10 bad
2021-08-03 00:06:12 CHB 1842529?1627920370 第 1 次 等待 3 秒
2021-08-03 00:06:15 CHB 1842529?1627920370 第 1 次 获取到号码【1842529】GSD
2021-08-03 00:06:15 获取到号码【1842529】的GSD为【江苏-南京】
2021-08-03 00:06:19 GSD insert 第 1 次 等待 3 秒
2021-08-03 00:06:22 {"status":"ok","gid":484658,"msg":"添加成功！"}
2021-08-03 00:06:22 下次操作: 2021-08-03 00:06:39

2021-08-03 00:06:40 开始第 29 次操作

2021-08-03 00:06:40 开始操作号码 【1842528】
2021-08-03 00:06:44 GSD getOne 第 1 次 等待 3 秒
2021-08-03 00:06:47 查询号码 【1842528】，返回信息 {"status":"bad","msg":""}
2021-08-03 00:06:47 查询号码 【1842528】，GSD为【""】
2021-08-03 00:06:47 bad
2021-08-03 00:06:49 CHB 1842528?1627920407 第 1 次 等待 3 秒
2021-08-03 00:06:52 CHB 1842528?1627920407 第 1 次 获取到号码【1842528】GSD
2021-08-03 00:06:52 获取到号码【1842528】的GSD为【江苏-南京】
2021-08-03 00:07:01 GSD insert 第 1 次 等待 3 秒
2021-08-03 00:07:04 {"status":"ok","gid":484666,"msg":"添加成功！"}
2021-08-03 00:07:04 下次操作: 2021-08-03 00:07:24

2021-08-03 00:07:24 开始第 30 次操作

2021-08-03 00:07:24 开始操作号码 【1842527】
2021-08-03 00:07:45 GSD getOne 第 1 次 等待 3 秒
2021-08-03 00:07:48 查询号码 【1842527】，返回信息 {"status":"bad","msg":""}
2021-08-03 00:07:48 查询号码 【1842527】，GSD为【""】
2021-08-03 00:07:48 bad
2021-08-03 00:07:49 CHB 1842527?1627920468 第 1 次 等待 3 秒
2021-08-03 00:07:52 CHB 1842527?1627920468 第 1 次 获取到号码【1842527】GSD
2021-08-03 00:07:52 获取到号码【1842527】的GSD为【江苏-南京】
2021-08-03 00:08:05 GSD insert 第 1 次 等待 3 秒
2021-08-03 00:08:08 {"status":"ok","gid":484674,"msg":"添加成功！"}
2021-08-03 00:08:08 下次操作: 2021-08-03 00:08:26

2021-08-03 00:08:26 开始第 31 次操作

2021-08-03 00:08:26 开始操作号码 【1842526】
2021-08-03 00:08:50 GSD getOne 第 1 次 等待 3 秒
2021-08-03 00:08:53 查询号码 【1842526】，返回信息 {"status":"bad","msg":""}
2021-08-03 00:08:53 查询号码 【1842526】，GSD为【""】
2021-08-03 00:08:53 bad
2021-08-03 00:08:55 CHB 1842526?1627920533 第 1 次 等待 3 秒
2021-08-03 00:08:58 CHB 1842526?1627920533 第 1 次 获取到号码【1842526】GSD
2021-08-03 00:08:58 获取到号码【1842526】的GSD为【江苏-南京】
2021-08-03 00:09:03 GSD insert 第 1 次 等待 3 秒
2021-08-03 00:09:06 {"status":"ok","gid":484683,"msg":"添加成功！"}
2021-08-03 00:09:06 下次操作: 2021-08-03 00:09:22

2021-08-03 00:09:22 开始第 32 次操作

2021-08-03 00:09:22 开始操作号码 【1842525】
2021-08-03 00:09:30 GSD getOne 第 1 次 等待 3 秒
2021-08-03 00:09:33 查询号码 【1842525】，返回信息 {"status":"bad","msg":""}
2021-08-03 00:09:33 查询号码 【1842525】，GSD为【""】
2021-08-03 00:09:33 bad
2021-08-03 00:09:34 CHB 1842525?1627920573 第 1 次 等待 3 秒
2021-08-03 00:09:37 CHB 1842525?1627920573 第 1 次 获取到号码【1842525】GSD
2021-08-03 00:09:37 获取到号码【1842525】的GSD为【江苏-南京】
2021-08-03 00:09:43 GSD insert 第 1 次 等待 3 秒
2021-08-03 00:09:46 {"status":"ok","gid":484690,"msg":"添加成功！"}
2021-08-03 00:09:46 下次操作: 2021-08-03 00:10:03

2021-08-03 00:10:03 开始第 33 次操作

2021-08-03 00:10:03 开始操作号码 【1842524】
2021-08-03 00:10:23 GSD getOne 第 1 次 等待 3 秒
2021-08-03 00:10:26 查询号码 【1842524】，返回信息 {"status":"bad","msg":""}
2021-08-03 00:10:27 查询号码 【1842524】，GSD为【""】
2021-08-03 00:10:27 bad
2021-08-03 00:10:29 CHB 1842524?1627920627 第 1 次 等待 3 秒
2021-08-03 00:10:32 CHB 1842524?1627920627 第 1 次 获取到号码【1842524】GSD
2021-08-03 00:10:32 获取到号码【1842524】的GSD为【江苏-南京】
2021-08-03 00:10:37 GSD insert 第 1 次 等待 3 秒
2021-08-03 00:10:40 {"status":"ok","gid":484701,"msg":"添加成功！"}
2021-08-03 00:10:40 下次操作: 2021-08-03 00:11:01

2021-08-03 00:11:01 开始第 34 次操作

2021-08-03 00:11:01 开始操作号码 【1842523】
2021-08-03 00:11:05 GSD getOne 第 1 次 等待 3 秒
2021-08-03 00:11:08 查询号码 【1842523】，返回信息 {"status":"bad","msg":""}
2021-08-03 00:11:08 查询号码 【1842523】，GSD为【""】
2021-08-03 00:11:08 bad
2021-08-03 00:11:10 CHB 1842523?1627920668 第 1 次 等待 3 秒
2021-08-03 00:11:13 CHB 1842523?1627920668 第 1 次 获取到号码【1842523】GSD
2021-08-03 00:11:13 获取到号码【1842523】的GSD为【江苏-南京】
2021-08-03 00:11:43 GSD insert 第 1 次 等待 3 秒
2021-08-03 00:11:46 {"status":"ok","gid":484711,"msg":"添加成功！"}
2021-08-03 00:11:46 下次操作: 2021-08-03 00:11:58

2021-08-03 00:11:58 开始第 35 次操作

2021-08-03 00:11:58 开始操作号码 【1842522】
2021-08-03 00:12:23 GSD getOne 第 1 次 等待 3 秒
2021-08-03 00:12:26 查询号码 【1842522】，返回信息 {"status":"bad","msg":""}
2021-08-03 00:12:26 查询号码 【1842522】，GSD为【""】
2021-08-03 00:12:26 bad
2021-08-03 00:12:28 CHB 1842522?1627920746 第 1 次 等待 3 秒
2021-08-03 00:12:31 CHB 1842522?1627920746 第 1 次 获取到号码【1842522】GSD
2021-08-03 00:12:31 获取到号码【1842522】的GSD为【江苏-南京】
2021-08-03 00:13:23 GSD insert 第 1 次 等待 3 秒
2021-08-03 00:13:26 {"status":"ok","gid":484728,"msg":"添加成功！"}
2021-08-03 00:13:26 下次操作: 2021-08-03 00:13:47

2021-08-03 00:13:47 开始第 36 次操作

2021-08-03 00:13:47 开始操作号码 【1842521】
2021-08-03 00:13:51 GSD getOne 第 1 次 等待 3 秒
2021-08-03 00:13:54 查询号码 【1842521】，返回信息 {"status":"bad","msg":""}
2021-08-03 00:13:54 查询号码 【1842521】，GSD为【""】
2021-08-03 00:13:54 bad
2021-08-03 00:13:55 CHB 1842521?1627920834 第 1 次 等待 3 秒
2021-08-03 00:13:58 CHB 1842521?1627920834 第 1 次 获取到号码【1842521】GSD
2021-08-03 00:13:59 获取到号码【1842521】的GSD为【江苏-南京】
2021-08-03 00:14:08 GSD insert 第 1 次 等待 3 秒
2021-08-03 00:14:11 {"status":"ok","gid":484737,"msg":"添加成功！"}
2021-08-03 00:14:11 下次操作: 2021-08-03 00:14:28

2021-08-03 00:14:28 开始第 37 次操作

2021-08-03 00:14:28 开始操作号码 【1842520】
2021-08-03 00:14:33 GSD getOne 第 1 次 等待 3 秒
2021-08-03 00:14:36 查询号码 【1842520】，返回信息 {"status":"bad","msg":""}
2021-08-03 00:14:36 查询号码 【1842520】，GSD为【""】
2021-08-03 00:14:36 bad
2021-08-03 00:14:37 CHB 1842520?1627920876 第 1 次 等待 3 秒
2021-08-03 00:14:40 CHB 1842520?1627920876 第 1 次 获取到号码【1842520】GSD
2021-08-03 00:14:41 获取到号码【1842520】的GSD为【江苏-南京】
2021-08-03 00:14:51 GSD insert 第 1 次 等待 3 秒
2021-08-03 00:14:54 {"status":"ok","gid":484748,"msg":"添加成功！"}
2021-08-03 00:14:54 下次操作: 2021-08-03 00:15:17

2021-08-03 00:15:17 开始第 38 次操作

2021-08-03 00:15:17 开始操作号码 【1842519】
2021-08-03 00:15:24 GSD getOne 第 1 次 等待 3 秒
2021-08-03 00:15:27 查询号码 【1842519】，返回信息 {"status":"bad","msg":""}
2021-08-03 00:15:27 查询号码 【1842519】，GSD为【""】
2021-08-03 00:15:27 bad
2021-08-03 00:15:29 CHB 1842519?1627920927 第 1 次 等待 3 秒
2021-08-03 00:15:32 CHB 1842519?1627920927 第 1 次 获取到号码【1842519】GSD
2021-08-03 00:15:32 获取到号码【1842519】的GSD为【江苏-南京】
2021-08-03 00:15:37 GSD insert 第 1 次 等待 3 秒
2021-08-03 00:15:40 {"status":"ok","gid":484754,"msg":"添加成功！"}
2021-08-03 00:15:40 下次操作: 2021-08-03 00:15:55

2021-08-03 00:15:55 开始第 39 次操作

2021-08-03 00:15:55 开始操作号码 【1842518】
2021-08-03 00:16:21 GSD getOne 第 1 次 等待 3 秒
2021-08-03 00:16:25 查询号码 【1842518】，返回信息 {"status":"bad","msg":""}
2021-08-03 00:16:25 查询号码 【1842518】，GSD为【""】
2021-08-03 00:16:25 bad
2021-08-03 00:16:26 CHB 1842518?1627920985 第 1 次 等待 3 秒
2021-08-03 00:16:29 CHB 1842518?1627920985 第 1 次 获取到号码【1842518】GSD
2021-08-03 00:16:29 获取到号码【1842518】的GSD为【江苏-南京】
2021-08-03 00:16:34 GSD insert 第 1 次 等待 3 秒
2021-08-03 00:16:37 {"status":"ok","gid":484763,"msg":"添加成功！"}
2021-08-03 00:16:37 下次操作: 2021-08-03 00:16:53

2021-08-03 00:16:53 开始第 40 次操作

2021-08-03 00:16:53 开始操作号码 【1842517】
2021-08-03 00:16:58 GSD getOne 第 1 次 等待 3 秒
2021-08-03 00:17:01 查询号码 【1842517】，返回信息 {"status":"bad","msg":""}
2021-08-03 00:17:01 查询号码 【1842517】，GSD为【""】
2021-08-03 00:17:01 bad
2021-08-03 00:17:03 CHB 1842517?1627921021 第 1 次 等待 3 秒
2021-08-03 00:17:06 CHB 1842517?1627921021 第 1 次 获取到号码【1842517】GSD
2021-08-03 00:17:06 获取到号码【1842517】的GSD为【江苏-南京】
2021-08-03 00:17:12 GSD insert 第 1 次 等待 3 秒
2021-08-03 00:17:15 {"status":"ok","gid":484769,"msg":"添加成功！"}

