2024-07-21 00:19:09 开始第 7173 次操作

2024-07-21 00:19:09 开始操作号码 【1487074】
2024-07-21 00:19:18 GSD getOne 第 1 次 等待 3 秒
2024-07-21 00:19:21 查询号码 【1487074】，返回信息 {"status":"ok","msg":"山西-太原","gid":"296520","time_insert":"2021-07-16 20:23","time_update":"2023-05-23 17:01"}
2024-07-21 00:19:21 查询号码 【1487074】，GSD为【"山西-太原"】

2024-07-21 00:19:22 开始第 7174 次操作

2024-07-21 00:19:22 开始操作号码 【1487075】
2024-07-21 00:19:30 GSD getOne 第 1 次 等待 3 秒
2024-07-21 00:19:33 查询号码 【1487075】，返回信息 {"status":"ok","msg":"山西-太原","gid":"296527","time_insert":"2021-07-16 20:28","time_update":"2023-05-23 17:02"}
2024-07-21 00:19:33 查询号码 【1487075】，GSD为【"山西-太原"】

2024-07-21 00:19:34 开始第 7175 次操作

2024-07-21 00:19:34 开始操作号码 【1487076】
2024-07-21 00:19:48 GSD getOne 第 1 次 等待 3 秒
2024-07-21 00:19:51 查询号码 【1487076】，返回信息 {"status":"ok","msg":"山西-太原","gid":"296537","time_insert":"2021-07-16 20:32","time_update":"2023-05-23 17:02"}
2024-07-21 00:19:51 查询号码 【1487076】，GSD为【"山西-太原"】

2024-07-21 00:19:52 开始第 7176 次操作

2024-07-21 00:19:52 开始操作号码 【1487077】
2024-07-21 00:20:07 GSD getOne 第 1 次 等待 3 秒
2024-07-21 00:20:10 查询号码 【1487077】，返回信息 {"status":"ok","msg":"山西-太原","gid":"296545","time_insert":"2021-07-16 20:36","time_update":"2023-05-23 17:02"}
2024-07-21 00:20:10 查询号码 【1487077】，GSD为【"山西-太原"】

