2024-01-10 00:18:19 开始第 7937 次操作

2024-01-10 00:18:19 开始操作号码 【1817839】
2024-01-10 00:18:23 GSD getOne 第 1 次 等待 3 秒
2024-01-10 00:18:26 查询号码 【1817839】，返回信息 {"status":"ok","msg":"广西-桂林","gid":"391242","time_insert":"2021-07-25 16:45"}
2024-01-10 00:18:26 查询号码 【1817839】，GSD为【"广西-桂林"】

2024-01-10 00:18:27 开始第 7938 次操作

2024-01-10 00:18:27 开始操作号码 【1817840】
2024-01-10 00:18:30 GSD getOne 第 1 次 等待 3 秒
2024-01-10 00:18:33 查询号码 【1817840】，返回信息 {"status":"ok","msg":"广西-梧州","gid":"391230","time_insert":"2021-07-25 16:44"}
2024-01-10 00:18:33 查询号码 【1817840】，GSD为【"广西-梧州"】

2024-01-10 00:18:34 开始第 7939 次操作

2024-01-10 00:18:34 开始操作号码 【1817841】
2024-01-10 00:18:36 GSD getOne 第 1 次 等待 3 秒
2024-01-10 00:18:39 查询号码 【1817841】，返回信息 {"status":"ok","msg":"广西-梧州","gid":"391218","time_insert":"2021-07-25 16:43"}
2024-01-10 00:18:39 查询号码 【1817841】，GSD为【"广西-梧州"】

2024-01-10 00:18:40 开始第 7940 次操作

2024-01-10 00:18:40 开始操作号码 【1817842】
2024-01-10 00:18:44 GSD getOne 第 1 次 等待 3 秒
2024-01-10 00:18:47 查询号码 【1817842】，返回信息 {"status":"ok","msg":"广西-梧州","gid":"391207","time_insert":"2021-07-25 16:43"}
2024-01-10 00:18:47 查询号码 【1817842】，GSD为【"广西-梧州"】

2024-01-10 00:40:56 开始第 7941 次操作

2024-01-10 00:40:56 开始操作号码 【1817843】
2024-01-10 00:40:59 GSD getOne 第 1 次 等待 3 秒
2024-01-10 00:41:02 查询号码 【1817843】，返回信息 {"status":"ok","msg":"广西-梧州","gid":"391198","time_insert":"2021-07-25 16:42"}
2024-01-10 00:41:02 查询号码 【1817843】，GSD为【"广西-梧州"】

2024-01-10 00:41:03 开始第 7942 次操作

2024-01-10 00:41:03 开始操作号码 【1817844】
2024-01-10 00:41:06 GSD getOne 第 1 次 等待 3 秒
2024-01-10 00:41:09 查询号码 【1817844】，返回信息 {"status":"ok","msg":"广西-梧州","gid":"391188","time_insert":"2021-07-25 16:41"}
2024-01-10 00:41:09 查询号码 【1817844】，GSD为【"广西-梧州"】

2024-01-10 00:41:10 开始第 7943 次操作

2024-01-10 00:41:10 开始操作号码 【1817845】
2024-01-10 00:41:12 GSD getOne 第 1 次 等待 3 秒
2024-01-10 00:41:15 查询号码 【1817845】，返回信息 {"status":"ok","msg":"广西-贺州","gid":"391177","time_insert":"2021-07-25 16:41"}
2024-01-10 00:41:16 查询号码 【1817845】，GSD为【"广西-贺州"】

2024-01-10 00:41:17 开始第 7944 次操作

2024-01-10 00:41:17 开始操作号码 【1817846】
2024-01-10 00:41:19 GSD getOne 第 1 次 等待 3 秒
2024-01-10 00:41:22 查询号码 【1817846】，返回信息 {"status":"ok","msg":"广西-贺州","gid":"391171","time_insert":"2021-07-25 16:40"}
2024-01-10 00:41:22 查询号码 【1817846】，GSD为【"广西-贺州"】

2024-01-10 01:12:57 开始第 7945 次操作

2024-01-10 01:12:57 开始操作号码 【1817847】
2024-01-10 01:13:00 GSD getOne 第 1 次 等待 3 秒
2024-01-10 01:13:03 查询号码 【1817847】，返回信息 {"status":"ok","msg":"广西-贺州","gid":"390989","time_insert":"2021-07-25 15:59"}
2024-01-10 01:13:03 查询号码 【1817847】，GSD为【"广西-贺州"】

2024-01-10 01:13:04 开始第 7946 次操作

2024-01-10 01:13:04 开始操作号码 【1817848】
2024-01-10 01:13:07 GSD getOne 第 1 次 等待 3 秒
2024-01-10 01:13:10 查询号码 【1817848】，返回信息 {"status":"ok","msg":"广西-贺州","gid":"390980","time_insert":"2021-07-25 15:58"}
2024-01-10 01:13:10 查询号码 【1817848】，GSD为【"广西-贺州"】

2024-01-10 01:13:11 开始第 7947 次操作

2024-01-10 01:13:11 开始操作号码 【1817849】
2024-01-10 01:13:14 GSD getOne 第 1 次 等待 3 秒
2024-01-10 01:13:17 查询号码 【1817849】，返回信息 {"status":"ok","msg":"广西-贺州","gid":"390973","time_insert":"2021-07-25 15:58"}
2024-01-10 01:13:17 查询号码 【1817849】，GSD为【"广西-贺州"】

2024-01-10 01:13:18 开始第 7948 次操作

2024-01-10 01:13:18 开始操作号码 【1817850】
2024-01-10 01:13:21 GSD getOne 第 1 次 等待 3 秒
2024-01-10 01:13:24 查询号码 【1817850】，返回信息 {"status":"ok","msg":"广西-贵港","gid":"390963","time_insert":"2021-07-25 15:57"}
2024-01-10 01:13:24 查询号码 【1817850】，GSD为【"广西-贵港"】

