2024-03-04 00:15:06 开始第 7061 次操作

2024-03-04 00:15:06 开始操作号码 【1706963】
2024-03-04 00:15:11 GSD getOne 第 1 次 等待 3 秒
2024-03-04 00:15:14 查询号码 【1706963】，返回信息 {"status":"ok","msg":"辽宁-大连","gid":"176511","time_insert":"2021-07-02 21:28"}
2024-03-04 00:15:14 查询号码 【1706963】，GSD为【"辽宁-大连"】

2024-03-04 00:15:15 开始第 7062 次操作

2024-03-04 00:15:15 开始操作号码 【1706964】
2024-03-04 00:15:20 GSD getOne 第 1 次 等待 3 秒
2024-03-04 00:15:23 查询号码 【1706964】，返回信息 {"status":"ok","msg":"辽宁-大连","gid":"176516","time_insert":"2021-07-02 21:28"}
2024-03-04 00:15:23 查询号码 【1706964】，GSD为【"辽宁-大连"】

2024-03-04 00:15:24 开始第 7063 次操作

2024-03-04 00:15:24 开始操作号码 【1706965】
2024-03-04 00:15:28 GSD getOne 第 1 次 等待 3 秒
2024-03-04 00:15:31 查询号码 【1706965】，返回信息 {"status":"ok","msg":"辽宁-大连","gid":"176523","time_insert":"2021-07-02 21:29"}
2024-03-04 00:15:31 查询号码 【1706965】，GSD为【"辽宁-大连"】

2024-03-04 00:15:32 开始第 7064 次操作

2024-03-04 00:15:32 开始操作号码 【1706966】
2024-03-04 00:15:39 GSD getOne 第 1 次 等待 3 秒
2024-03-04 00:15:42 查询号码 【1706966】，返回信息 {"status":"ok","msg":"辽宁-大连","gid":"176528","time_insert":"2021-07-02 21:29"}
2024-03-04 00:15:42 查询号码 【1706966】，GSD为【"辽宁-大连"】

