2024-01-31 00:16:51 开始第 1061 次操作

2024-01-31 00:16:51 开始操作号码 【1700963】
2024-01-31 00:16:57 GSD getOne 第 1 次 等待 3 秒
2024-01-31 00:17:00 查询号码 【1700963】，返回信息 {"status":"ok","msg":"安徽-合肥","gid":"119263","time_insert":"2021-06-23 19:42"}
2024-01-31 00:17:00 查询号码 【1700963】，GSD为【"安徽-合肥"】

2024-01-31 00:17:01 开始第 1062 次操作

2024-01-31 00:17:01 开始操作号码 【1700964】
2024-01-31 00:17:05 GSD getOne 第 1 次 等待 3 秒
2024-01-31 00:17:08 查询号码 【1700964】，返回信息 {"status":"ok","msg":"安徽-合肥","gid":"119270","time_insert":"2021-06-23 19:43"}
2024-01-31 00:17:08 查询号码 【1700964】，GSD为【"安徽-合肥"】

2024-01-31 00:17:09 开始第 1063 次操作

2024-01-31 00:17:09 开始操作号码 【1700965】
2024-01-31 00:17:13 GSD getOne 第 1 次 等待 3 秒
2024-01-31 00:17:16 查询号码 【1700965】，返回信息 {"status":"ok","msg":"浙江-台州","gid":"119274","time_insert":"2021-06-23 19:44"}
2024-01-31 00:17:16 查询号码 【1700965】，GSD为【"浙江-台州"】

2024-01-31 00:17:17 开始第 1064 次操作

2024-01-31 00:17:17 开始操作号码 【1700966】
2024-01-31 00:17:21 GSD getOne 第 1 次 等待 3 秒
2024-01-31 00:17:24 查询号码 【1700966】，返回信息 {"status":"ok","msg":"浙江-台州","gid":"119279","time_insert":"2021-06-23 19:44"}
2024-01-31 00:17:24 查询号码 【1700966】，GSD为【"浙江-台州"】

