2023-11-05 00:15:53 开始第 6981 次操作

2023-11-05 00:15:53 开始操作号码 【1916883】
2023-11-05 00:15:56 GSD getOne 第 1 次 等待 3 秒
2023-11-05 00:15:59 查询号码 【1916883】，返回信息 {"status":"ok","msg":"广东-深圳","gid":"467602","time_insert":"2021-08-01 13:13"}
2023-11-05 00:15:59 查询号码 【1916883】，GSD为【"广东-深圳"】

2023-11-05 00:16:00 开始第 6982 次操作

2023-11-05 00:16:00 开始操作号码 【1916884】
2023-11-05 00:16:11 GSD getOne 第 1 次 等待 3 秒
2023-11-05 00:16:14 查询号码 【1916884】，返回信息 {"status":"ok","msg":"广东-深圳","gid":"467593","time_insert":"2021-08-01 13:13"}
2023-11-05 00:16:14 查询号码 【1916884】，GSD为【"广东-深圳"】

2023-11-05 00:16:15 开始第 6983 次操作

2023-11-05 00:16:15 开始操作号码 【1916885】
2023-11-05 00:16:19 GSD getOne 第 1 次 等待 3 秒
2023-11-05 00:16:22 查询号码 【1916885】，返回信息 {"status":"ok","msg":"广东-珠海","gid":"467580","time_insert":"2021-08-01 13:12"}
2023-11-05 00:16:22 查询号码 【1916885】，GSD为【"广东-珠海"】

2023-11-05 00:16:23 开始第 6984 次操作

2023-11-05 00:16:23 开始操作号码 【1916886】
2023-11-05 00:16:26 GSD getOne 第 1 次 等待 3 秒
2023-11-05 00:16:29 查询号码 【1916886】，返回信息 {"status":"ok","msg":"广东-珠海","gid":"467559","time_insert":"2021-08-01 13:10"}
2023-11-05 00:16:29 查询号码 【1916886】，GSD为【"广东-珠海"】

