2021-07-18 00:00:42 开始第 20 次操作

2021-07-18 00:00:42 开始操作号码 【1677552】
2021-07-18 00:00:46 GSD getOne 第 1 次 等待 3 秒
2021-07-18 00:00:49 查询号码 【1677552】，返回信息 {"status":"bad","msg":""}
2021-07-18 00:00:49 查询号码 【1677552】，GSD为【""】
2021-07-18 00:00:49 bad
2021-07-18 00:00:51 CHB 1677552?1626537649 第 1 次 等待 3 秒
2021-07-18 00:00:54 CHB 1677552?1626537649 第 1 次 获取到号码【1677552】GSD
2021-07-18 00:00:54 获取到号码【1677552】的GSD为【安徽-蚌埠】
2021-07-18 00:01:04 GSD insert 第 1 次 等待 3 秒
2021-07-18 00:01:07 {"status":"ok","gid":308520,"msg":"添加成功！"}
2021-07-18 00:01:07 下次操作: 2021-07-18 00:01:29

2021-07-18 00:01:29 开始第 21 次操作

2021-07-18 00:01:29 开始操作号码 【1677553】
2021-07-18 00:01:33 GSD getOne 第 1 次 等待 3 秒
2021-07-18 00:01:36 查询号码 【1677553】，返回信息 {"status":"bad","msg":""}
2021-07-18 00:01:36 查询号码 【1677553】，GSD为【""】
2021-07-18 00:01:36 bad
2021-07-18 00:01:41 CHB 1677553?1626537696 第 1 次 等待 3 秒
2021-07-18 00:01:44 CHB 1677553?1626537696 第 1 次 获取到号码【1677553】GSD
2021-07-18 00:01:44 获取到号码【1677553】的GSD为【安徽-芜湖】
2021-07-18 00:01:54 GSD insert 第 1 次 等待 3 秒
2021-07-18 00:01:57 {"status":"ok","gid":308532,"msg":"添加成功！"}
2021-07-18 00:01:57 下次操作: 2021-07-18 00:02:14

2021-07-18 00:02:14 开始第 22 次操作

2021-07-18 00:02:14 开始操作号码 【1677554】
2021-07-18 00:02:17 GSD getOne 第 1 次 等待 3 秒
2021-07-18 00:02:20 查询号码 【1677554】，返回信息 {"status":"bad","msg":""}
2021-07-18 00:02:20 查询号码 【1677554】，GSD为【""】
2021-07-18 00:02:20 bad
2021-07-18 00:02:22 CHB 1677554?1626537740 第 1 次 等待 3 秒
2021-07-18 00:02:25 CHB 1677554?1626537740 第 1 次 获取到号码【1677554】GSD
2021-07-18 00:02:25 获取到号码【1677554】的GSD为【安徽-淮南】
2021-07-18 00:02:36 GSD insert 第 1 次 等待 3 秒
2021-07-18 00:02:39 {"status":"ok","gid":308544,"msg":"添加成功！"}
2021-07-18 00:02:39 下次操作: 2021-07-18 00:03:00

2021-07-18 00:03:00 开始第 23 次操作

2021-07-18 00:03:00 开始操作号码 【1677555】
2021-07-18 00:03:04 GSD getOne 第 1 次 等待 3 秒
2021-07-18 00:03:07 查询号码 【1677555】，返回信息 {"status":"bad","msg":""}
2021-07-18 00:03:07 查询号码 【1677555】，GSD为【""】
2021-07-18 00:03:07 bad
2021-07-18 00:03:09 CHB 1677555?1626537787 第 1 次 等待 3 秒
2021-07-18 00:03:12 CHB 1677555?1626537787 第 1 次 获取到号码【1677555】GSD
2021-07-18 00:03:12 获取到号码【1677555】的GSD为【安徽-马鞍山】
2021-07-18 00:03:37 GSD insert 第 1 次 等待 3 秒
2021-07-18 00:03:40 {"status":"ok","gid":308560,"msg":"添加成功！"}
2021-07-18 00:03:40 下次操作: 2021-07-18 00:04:04

2021-07-18 00:04:04 开始第 24 次操作

2021-07-18 00:04:04 开始操作号码 【1677556】
2021-07-18 00:04:07 GSD getOne 第 1 次 等待 3 秒
2021-07-18 00:04:10 查询号码 【1677556】，返回信息 {"status":"bad","msg":""}
2021-07-18 00:04:10 查询号码 【1677556】，GSD为【""】
2021-07-18 00:04:10 bad
2021-07-18 00:04:13 CHB 1677556?1626537850 第 1 次 等待 3 秒
2021-07-18 00:04:16 CHB 1677556?1626537850 第 1 次 获取到号码【1677556】GSD
2021-07-18 00:04:16 获取到号码【1677556】的GSD为【安徽-安庆】
2021-07-18 00:04:26 GSD insert 第 1 次 等待 3 秒
2021-07-18 00:04:29 {"status":"ok","gid":308573,"msg":"添加成功！"}
2021-07-18 00:04:29 下次操作: 2021-07-18 00:04:48

2021-07-18 00:04:48 开始第 25 次操作

2021-07-18 00:04:48 开始操作号码 【1677557】
2021-07-18 00:04:53 GSD getOne 第 1 次 等待 3 秒
2021-07-18 00:04:56 查询号码 【1677557】，返回信息 {"status":"bad","msg":""}
2021-07-18 00:04:56 查询号码 【1677557】，GSD为【""】
2021-07-18 00:04:56 bad
2021-07-18 00:04:58 CHB 1677557?1626537896 第 1 次 等待 3 秒
2021-07-18 00:05:01 CHB 1677557?1626537896 第 1 次 获取到号码【1677557】GSD
2021-07-18 00:05:01 获取到号码【1677557】的GSD为【安徽-宿州】
2021-07-18 00:05:21 GSD insert 第 1 次 等待 3 秒
2021-07-18 00:05:24 {"status":"ok","gid":308587,"msg":"添加成功！"}
2021-07-18 00:05:24 下次操作: 2021-07-18 00:05:37

2021-07-18 00:05:37 开始第 26 次操作

2021-07-18 00:05:37 开始操作号码 【1677558】
2021-07-18 00:05:39 GSD getOne 第 1 次 等待 3 秒
2021-07-18 00:05:42 查询号码 【1677558】，返回信息 {"status":"bad","msg":""}
2021-07-18 00:05:43 查询号码 【1677558】，GSD为【""】
2021-07-18 00:05:43 bad
2021-07-18 00:05:45 CHB 1677558?1626537943 第 1 次 等待 3 秒
2021-07-18 00:05:48 CHB 1677558?1626537943 第 1 次 获取到号码【1677558】GSD
2021-07-18 00:05:48 获取到号码【1677558】的GSD为【安徽-亳州】
2021-07-18 00:05:58 GSD insert 第 1 次 等待 3 秒
2021-07-18 00:06:01 {"status":"ok","gid":308597,"msg":"添加成功！"}
2021-07-18 00:06:01 下次操作: 2021-07-18 00:06:19

2021-07-18 00:06:19 开始第 27 次操作

2021-07-18 00:06:19 开始操作号码 【1677559】
2021-07-18 00:06:22 GSD getOne 第 1 次 等待 3 秒
2021-07-18 00:06:25 查询号码 【1677559】，返回信息 {"status":"bad","msg":""}
2021-07-18 00:06:25 查询号码 【1677559】，GSD为【""】
2021-07-18 00:06:25 bad
2021-07-18 00:06:27 CHB 1677559?1626537985 第 1 次 等待 3 秒
2021-07-18 00:06:30 CHB 1677559?1626537985 第 1 次 获取到号码【1677559】GSD
2021-07-18 00:06:30 获取到号码【1677559】的GSD为【安徽-黄山】
2021-07-18 00:06:49 GSD insert 第 1 次 等待 3 秒
2021-07-18 00:06:52 {"status":"ok","gid":308610,"msg":"添加成功！"}
2021-07-18 00:06:52 下次操作: 2021-07-18 00:07:09

2021-07-18 00:07:09 开始第 28 次操作

2021-07-18 00:07:09 开始操作号码 【1677560】
2021-07-18 00:07:12 GSD getOne 第 1 次 等待 3 秒
2021-07-18 00:07:15 查询号码 【1677560】，返回信息 {"status":"bad","msg":""}
2021-07-18 00:07:15 查询号码 【1677560】，GSD为【""】
2021-07-18 00:07:15 bad
2021-07-18 00:07:17 CHB 1677560?1626538035 第 1 次 等待 3 秒
2021-07-18 00:07:20 CHB 1677560?1626538035 第 1 次 获取到号码【1677560】GSD
2021-07-18 00:07:20 获取到号码【1677560】的GSD为【山东-青岛】
2021-07-18 00:07:43 GSD insert 第 1 次 等待 3 秒
2021-07-18 00:07:46 {"status":"ok","gid":308621,"msg":"添加成功！"}
2021-07-18 00:07:46 下次操作: 2021-07-18 00:08:08

2021-07-18 00:08:08 开始第 29 次操作

2021-07-18 00:08:08 开始操作号码 【1677561】
2021-07-18 00:08:10 GSD getOne 第 1 次 等待 3 秒
2021-07-18 00:08:13 查询号码 【1677561】，返回信息 {"status":"bad","msg":""}
2021-07-18 00:08:13 查询号码 【1677561】，GSD为【""】
2021-07-18 00:08:13 bad
2021-07-18 00:08:16 CHB 1677561?1626538093 第 1 次 等待 3 秒
2021-07-18 00:08:19 CHB 1677561?1626538093 第 1 次 获取到号码【1677561】GSD
2021-07-18 00:08:19 获取到号码【1677561】的GSD为【安徽-淮北】
2021-07-18 00:08:30 GSD insert 第 1 次 等待 3 秒
2021-07-18 00:08:33 {"status":"ok","gid":308632,"msg":"添加成功！"}
2021-07-18 00:08:33 下次操作: 2021-07-18 00:08:50

2021-07-18 00:08:50 开始第 30 次操作

2021-07-18 00:08:50 开始操作号码 【1677562】
2021-07-18 00:08:53 GSD getOne 第 1 次 等待 3 秒
2021-07-18 00:08:56 查询号码 【1677562】，返回信息 {"status":"bad","msg":""}
2021-07-18 00:08:56 查询号码 【1677562】，GSD为【""】
2021-07-18 00:08:56 bad
2021-07-18 00:08:59 CHB 1677562?1626538136 第 1 次 等待 3 秒
2021-07-18 00:09:02 CHB 1677562?1626538136 第 1 次 获取到号码【1677562】GSD
2021-07-18 00:09:02 获取到号码【1677562】的GSD为【安徽-铜陵】
2021-07-18 00:09:12 GSD insert 第 1 次 等待 3 秒
2021-07-18 00:09:15 {"status":"ok","gid":308644,"msg":"添加成功！"}
2021-07-18 00:09:15 下次操作: 2021-07-18 00:09:31

2021-07-18 00:09:31 开始第 31 次操作

2021-07-18 00:09:31 开始操作号码 【1677563】
2021-07-18 00:09:33 GSD getOne 第 1 次 等待 3 秒
2021-07-18 00:09:36 查询号码 【1677563】，返回信息 {"status":"bad","msg":""}
2021-07-18 00:09:37 查询号码 【1677563】，GSD为【""】
2021-07-18 00:09:37 bad
2021-07-18 00:09:38 CHB 1677563?1626538177 第 1 次 等待 3 秒
2021-07-18 00:09:41 CHB 1677563?1626538177 第 1 次 获取到号码【1677563】GSD
2021-07-18 00:09:41 获取到号码【1677563】的GSD为【安徽-宣城】
2021-07-18 00:09:59 GSD insert 第 1 次 等待 3 秒
2021-07-18 00:10:02 {"status":"ok","gid":308653,"msg":"添加成功！"}
2021-07-18 00:10:02 下次操作: 2021-07-18 00:10:17

2021-07-18 00:10:17 开始第 32 次操作

2021-07-18 00:10:17 开始操作号码 【1677564】
2021-07-18 00:10:25 GSD getOne 第 1 次 等待 3 秒
2021-07-18 00:10:28 查询号码 【1677564】，返回信息 {"status":"bad","msg":""}
2021-07-18 00:10:28 查询号码 【1677564】，GSD为【""】
2021-07-18 00:10:28 bad
2021-07-18 00:10:30 CHB 1677564?1626538228 第 1 次 等待 3 秒
2021-07-18 00:10:33 CHB 1677564?1626538228 第 1 次 获取到号码【1677564】GSD
2021-07-18 00:10:33 获取到号码【1677564】的GSD为【安徽-六安】
2021-07-18 00:10:53 GSD insert 第 1 次 等待 3 秒
2021-07-18 00:10:56 {"status":"ok","gid":308664,"msg":"添加成功！"}
2021-07-18 00:10:56 下次操作: 2021-07-18 00:11:18

2021-07-18 00:11:18 开始第 33 次操作

2021-07-18 00:11:18 开始操作号码 【1677565】
2021-07-18 00:11:24 GSD getOne 第 1 次 等待 3 秒
2021-07-18 00:11:27 查询号码 【1677565】，返回信息 {"status":"bad","msg":""}
2021-07-18 00:11:27 查询号码 【1677565】，GSD为【""】
2021-07-18 00:11:27 bad
2021-07-18 00:11:30 CHB 1677565?1626538287 第 1 次 等待 3 秒
2021-07-18 00:11:33 CHB 1677565?1626538287 第 1 次 获取到号码【1677565】GSD
2021-07-18 00:11:33 获取到号码【1677565】的GSD为【山东-青岛】
2021-07-18 00:11:43 GSD insert 第 1 次 等待 3 秒
2021-07-18 00:11:46 {"status":"ok","gid":308674,"msg":"添加成功！"}
2021-07-18 00:11:46 下次操作: 2021-07-18 00:12:07

2021-07-18 00:12:07 开始第 34 次操作

2021-07-18 00:12:07 开始操作号码 【1677566】
2021-07-18 00:12:13 GSD getOne 第 1 次 等待 3 秒
2021-07-18 00:12:16 查询号码 【1677566】，返回信息 {"status":"bad","msg":""}
2021-07-18 00:12:17 查询号码 【1677566】，GSD为【""】
2021-07-18 00:12:17 bad
2021-07-18 00:12:23 CHB 1677566?1626538337 第 1 次 等待 3 秒
2021-07-18 00:12:26 CHB 1677566?1626538337 第 1 次 获取到号码【1677566】GSD
2021-07-18 00:12:26 获取到号码【1677566】的GSD为【安徽-池州】
2021-07-18 00:12:39 GSD insert 第 1 次 等待 3 秒
2021-07-18 00:12:42 {"status":"ok","gid":308686,"msg":"添加成功！"}
2021-07-18 00:12:42 下次操作: 2021-07-18 00:13:03

2021-07-18 00:13:03 开始第 35 次操作

2021-07-18 00:13:03 开始操作号码 【1677567】
2021-07-18 00:13:05 GSD getOne 第 1 次 等待 3 秒
2021-07-18 00:13:08 查询号码 【1677567】，返回信息 {"status":"bad","msg":""}
2021-07-18 00:13:09 查询号码 【1677567】，GSD为【""】
2021-07-18 00:13:09 bad
2021-07-18 00:13:10 CHB 1677567?1626538389 第 1 次 等待 3 秒
2021-07-18 00:13:13 CHB 1677567?1626538389 第 1 次 获取到号码【1677567】GSD
2021-07-18 00:13:13 获取到号码【1677567】的GSD为【山东-青岛】
2021-07-18 00:13:32 GSD insert 第 1 次 等待 3 秒
2021-07-18 00:13:35 {"status":"ok","gid":308694,"msg":"添加成功！"}
2021-07-18 00:13:35 下次操作: 2021-07-18 00:13:57

2021-07-18 00:13:57 开始第 36 次操作

2021-07-18 00:13:57 开始操作号码 【1677568】
2021-07-18 00:14:02 GSD getOne 第 1 次 等待 3 秒
2021-07-18 00:14:05 查询号码 【1677568】，返回信息 {"status":"bad","msg":""}
2021-07-18 00:14:05 查询号码 【1677568】，GSD为【""】
2021-07-18 00:14:05 bad
2021-07-18 00:14:09 CHB 1677568?1626538445 第 1 次 等待 3 秒
2021-07-18 00:14:12 CHB 1677568?1626538445 第 1 次 获取到号码【1677568】GSD
2021-07-18 00:14:12 获取到号码【1677568】的GSD为【山东-青岛】
2021-07-18 00:14:29 GSD insert 第 1 次 等待 3 秒
2021-07-18 00:14:32 {"status":"ok","gid":308702,"msg":"添加成功！"}
2021-07-18 00:14:32 下次操作: 2021-07-18 00:14:46

2021-07-18 00:14:46 开始第 37 次操作

2021-07-18 00:14:46 开始操作号码 【1677569】
2021-07-18 00:14:50 GSD getOne 第 1 次 等待 3 秒
2021-07-18 00:14:53 查询号码 【1677569】，返回信息 {"status":"bad","msg":""}
2021-07-18 00:14:53 查询号码 【1677569】，GSD为【""】
2021-07-18 00:14:53 bad
2021-07-18 00:14:59 CHB 1677569?1626538493 第 1 次 等待 3 秒
2021-07-18 00:15:02 CHB 1677569?1626538493 第 1 次 获取到号码【1677569】GSD
2021-07-18 00:15:02 获取到号码【1677569】的GSD为【山东-青岛】
2021-07-18 00:15:13 GSD insert 第 1 次 等待 3 秒
2021-07-18 00:15:16 {"status":"ok","gid":308708,"msg":"添加成功！"}
2021-07-18 00:15:16 下次操作: 2021-07-18 00:15:37

2021-07-18 00:15:37 开始第 38 次操作

2021-07-18 00:15:37 开始操作号码 【1677570】
2021-07-18 00:16:10 GSD getOne 第 1 次 等待 3 秒
2021-07-18 00:16:13 查询号码 【1677570】，返回信息 {"status":"bad","msg":""}
2021-07-18 00:16:13 查询号码 【1677570】，GSD为【""】
2021-07-18 00:16:13 bad
2021-07-18 00:16:17 CHB 1677570?1626538573 第 1 次 等待 3 秒
2021-07-18 00:16:20 CHB 1677570?1626538573 第 1 次 获取到号码【1677570】GSD
2021-07-18 00:16:20 获取到号码【1677570】的GSD为【浙江-衢州】
2021-07-18 00:16:31 GSD insert 第 1 次 等待 3 秒
2021-07-18 00:16:34 {"status":"ok","gid":308714,"msg":"添加成功！"}
2021-07-18 00:16:34 下次操作: 2021-07-18 00:16:49

2021-07-18 00:16:49 开始第 39 次操作

2021-07-18 00:16:49 开始操作号码 【1677571】
2021-07-18 00:17:02 GSD getOne 第 1 次 等待 3 秒
2021-07-18 00:17:05 查询号码 【1677571】，返回信息 {"status":"bad","msg":""}
2021-07-18 00:17:05 查询号码 【1677571】，GSD为【""】
2021-07-18 00:17:05 bad
2021-07-18 00:17:06 CHB 1677571?1626538625 第 1 次 等待 3 秒
2021-07-18 00:17:09 CHB 1677571?1626538625 第 1 次 获取到号码【1677571】GSD
2021-07-18 00:17:09 获取到号码【1677571】的GSD为【浙江-杭州】
2021-07-18 00:17:28 GSD insert 第 1 次 等待 3 秒
2021-07-18 00:17:31 {"status":"ok","gid":308720,"msg":"添加成功！"}
2021-07-18 00:17:31 下次操作: 2021-07-18 00:17:49

2021-07-18 00:17:49 开始第 40 次操作

2021-07-18 00:17:49 开始操作号码 【1677572】
2021-07-18 00:17:57 GSD getOne 第 1 次 等待 3 秒
2021-07-18 00:18:00 查询号码 【1677572】，返回信息 {"status":"bad","msg":""}
2021-07-18 00:18:00 查询号码 【1677572】，GSD为【""】
2021-07-18 00:18:00 bad
2021-07-18 00:18:02 CHB 1677572?1626538680 第 1 次 等待 3 秒
2021-07-18 00:18:05 CHB 1677572?1626538680 第 1 次 获取到号码【1677572】GSD
2021-07-18 00:18:05 获取到号码【1677572】的GSD为【浙江-湖州】
2021-07-18 00:18:18 GSD insert 第 1 次 等待 3 秒
2021-07-18 00:18:21 {"status":"ok","gid":308724,"msg":"添加成功！"}

2021-07-18 00:59:47 开始第 1 次操作

2021-07-18 00:59:47 开始操作号码 【1677573】
2021-07-18 00:59:50 GSD getOne 第 1 次 等待 3 秒
2021-07-18 00:59:53 查询号码 【1677573】，返回信息 {"status":"bad","msg":""}
2021-07-18 00:59:53 查询号码 【1677573】，GSD为【""】
2021-07-18 00:59:53 bad
2021-07-18 00:59:57 CHB 1677573?1626541193 第 1 次 等待 3 秒
2021-07-18 01:00:00 CHB 1677573?1626541193 第 1 次 获取到号码【1677573】GSD
2021-07-18 01:00:00 获取到号码【1677573】的GSD为【浙江-嘉兴】
2021-07-18 01:00:14 GSD insert 第 1 次 等待 3 秒
2021-07-18 01:00:17 {"status":"ok","gid":308823,"msg":"添加成功！"}
2021-07-18 01:00:17 下次操作: 2021-07-18 01:00:33

2021-07-18 01:00:33 开始第 2 次操作

2021-07-18 01:00:33 开始操作号码 【1677574】
2021-07-18 01:00:36 GSD getOne 第 1 次 等待 3 秒
2021-07-18 01:00:39 查询号码 【1677574】，返回信息 {"status":"bad","msg":""}
2021-07-18 01:00:39 查询号码 【1677574】，GSD为【""】
2021-07-18 01:00:39 bad
2021-07-18 01:00:41 CHB 1677574?1626541239 第 1 次 等待 3 秒
2021-07-18 01:00:44 CHB 1677574?1626541239 第 1 次 获取到号码【1677574】GSD
2021-07-18 01:00:44 获取到号码【1677574】的GSD为【浙江-宁波】
2021-07-18 01:01:02 GSD insert 第 1 次 等待 3 秒
2021-07-18 01:01:05 {"status":"ok","gid":308828,"msg":"添加成功！"}
2021-07-18 01:01:05 下次操作: 2021-07-18 01:01:17

2021-07-18 01:01:17 开始第 3 次操作

2021-07-18 01:01:17 开始操作号码 【1677575】
2021-07-18 01:01:21 GSD getOne 第 1 次 等待 3 秒
2021-07-18 01:01:24 查询号码 【1677575】，返回信息 {"status":"bad","msg":""}
2021-07-18 01:01:24 查询号码 【1677575】，GSD为【""】
2021-07-18 01:01:24 bad
2021-07-18 01:01:25 CHB 1677575?1626541284 第 1 次 等待 3 秒
2021-07-18 01:01:28 CHB 1677575?1626541284 第 1 次 获取到号码【1677575】GSD
2021-07-18 01:01:28 获取到号码【1677575】的GSD为【浙江-绍兴】
2021-07-18 01:01:46 GSD insert 第 1 次 等待 3 秒
2021-07-18 01:01:49 {"status":"ok","gid":308834,"msg":"添加成功！"}
2021-07-18 01:01:49 下次操作: 2021-07-18 01:02:09

2021-07-18 01:02:09 开始第 4 次操作

2021-07-18 01:02:09 开始操作号码 【1677576】
2021-07-18 01:02:12 GSD getOne 第 1 次 等待 3 秒
2021-07-18 01:02:15 查询号码 【1677576】，返回信息 {"status":"bad","msg":""}
2021-07-18 01:02:15 查询号码 【1677576】，GSD为【""】
2021-07-18 01:02:15 bad
2021-07-18 01:02:20 CHB 1677576?1626541335 第 1 次 等待 3 秒
2021-07-18 01:02:23 CHB 1677576?1626541335 第 1 次 获取到号码【1677576】GSD
2021-07-18 01:02:23 获取到号码【1677576】的GSD为【浙江-台州】
2021-07-18 01:02:33 GSD insert 第 1 次 等待 3 秒
2021-07-18 01:02:36 {"status":"ok","gid":308846,"msg":"添加成功！"}
2021-07-18 01:02:36 下次操作: 2021-07-18 01:02:48

2021-07-18 01:02:48 开始第 5 次操作

2021-07-18 01:02:48 开始操作号码 【1677577】
2021-07-18 01:02:53 GSD getOne 第 1 次 等待 3 秒
2021-07-18 01:02:56 查询号码 【1677577】，返回信息 {"status":"bad","msg":""}
2021-07-18 01:02:56 查询号码 【1677577】，GSD为【""】
2021-07-18 01:02:56 bad
2021-07-18 01:02:59 CHB 1677577?1626541376 第 1 次 等待 3 秒
2021-07-18 01:03:02 CHB 1677577?1626541376 第 1 次 获取到号码【1677577】GSD
2021-07-18 01:03:02 获取到号码【1677577】的GSD为【浙江-温州】
2021-07-18 01:03:15 GSD insert 第 1 次 等待 3 秒
2021-07-18 01:03:18 {"status":"ok","gid":308858,"msg":"添加成功！"}
2021-07-18 01:03:18 下次操作: 2021-07-18 01:03:40

2021-07-18 01:03:40 开始第 6 次操作

2021-07-18 01:03:40 开始操作号码 【1677578】
2021-07-18 01:03:46 GSD getOne 第 1 次 等待 3 秒
2021-07-18 01:03:49 查询号码 【1677578】，返回信息 {"status":"bad","msg":""}
2021-07-18 01:03:49 查询号码 【1677578】，GSD为【""】
2021-07-18 01:03:49 bad
2021-07-18 01:03:51 CHB 1677578?1626541429 第 1 次 等待 3 秒
2021-07-18 01:03:54 CHB 1677578?1626541429 第 1 次 获取到号码【1677578】GSD
2021-07-18 01:03:54 获取到号码【1677578】的GSD为【浙江-丽水】
2021-07-18 01:04:05 GSD insert 第 1 次 等待 3 秒
2021-07-18 01:04:08 {"status":"ok","gid":308871,"msg":"添加成功！"}
2021-07-18 01:04:08 下次操作: 2021-07-18 01:04:20

2021-07-18 01:04:20 开始第 7 次操作

2021-07-18 01:04:20 开始操作号码 【1677579】
2021-07-18 01:04:28 GSD getOne 第 1 次 等待 3 秒
2021-07-18 01:04:31 查询号码 【1677579】，返回信息 {"status":"bad","msg":""}
2021-07-18 01:04:31 查询号码 【1677579】，GSD为【""】
2021-07-18 01:04:31 bad
2021-07-18 01:04:33 CHB 1677579?1626541471 第 1 次 等待 3 秒
2021-07-18 01:04:36 CHB 1677579?1626541471 第 1 次 获取到号码【1677579】GSD
2021-07-18 01:04:37 获取到号码【1677579】的GSD为【浙江-金华】
2021-07-18 01:05:02 GSD insert 第 1 次 等待 3 秒
2021-07-18 01:05:05 {"status":"ok","gid":308884,"msg":"添加成功！"}
2021-07-18 01:05:05 下次操作: 2021-07-18 01:05:28

2021-07-18 01:05:28 开始第 8 次操作

2021-07-18 01:05:28 开始操作号码 【1677580】
2021-07-18 01:05:30 GSD getOne 第 1 次 等待 3 秒
2021-07-18 01:05:33 查询号码 【1677580】，返回信息 {"status":"bad","msg":""}
2021-07-18 01:05:33 查询号码 【1677580】，GSD为【""】
2021-07-18 01:05:33 bad
2021-07-18 01:05:35 CHB 1677580?1626541533 第 1 次 等待 3 秒
2021-07-18 01:05:38 CHB 1677580?1626541533 第 1 次 获取到号码【1677580】GSD
2021-07-18 01:05:38 获取到号码【1677580】的GSD为【浙江-舟山】
2021-07-18 01:05:57 GSD insert 第 1 次 等待 3 秒
2021-07-18 01:06:00 {"status":"ok","gid":308900,"msg":"添加成功！"}
2021-07-18 01:06:00 下次操作: 2021-07-18 01:06:21

2021-07-18 01:06:21 开始第 9 次操作

2021-07-18 01:06:21 开始操作号码 【1677581】
2021-07-18 01:06:26 GSD getOne 第 1 次 等待 3 秒
2021-07-18 01:06:29 查询号码 【1677581】，返回信息 {"status":"bad","msg":""}
2021-07-18 01:06:29 查询号码 【1677581】，GSD为【""】
2021-07-18 01:06:29 bad
2021-07-18 01:06:31 CHB 1677581?1626541589 第 1 次 等待 3 秒
2021-07-18 01:06:34 CHB 1677581?1626541589 第 1 次 获取到号码【1677581】GSD
2021-07-18 01:06:34 获取到号码【1677581】的GSD为【山东-青岛】
2021-07-18 01:06:44 GSD insert 第 1 次 等待 3 秒
2021-07-18 01:06:47 {"status":"ok","gid":308912,"msg":"添加成功！"}
2021-07-18 01:06:47 下次操作: 2021-07-18 01:07:03

2021-07-18 01:07:03 开始第 10 次操作

2021-07-18 01:07:03 开始操作号码 【1677582】
2021-07-18 01:07:07 GSD getOne 第 1 次 等待 3 秒
2021-07-18 01:07:10 查询号码 【1677582】，返回信息 {"status":"bad","msg":""}
2021-07-18 01:07:10 查询号码 【1677582】，GSD为【""】
2021-07-18 01:07:10 bad
2021-07-18 01:07:12 CHB 1677582?1626541630 第 1 次 等待 3 秒
2021-07-18 01:07:15 CHB 1677582?1626541630 第 1 次 获取到号码【1677582】GSD
2021-07-18 01:07:15 获取到号码【1677582】的GSD为【山东-青岛】
2021-07-18 01:07:36 GSD insert 第 1 次 等待 3 秒
2021-07-18 01:07:39 {"status":"ok","gid":308925,"msg":"添加成功！"}
2021-07-18 01:07:39 下次操作: 2021-07-18 01:08:02

2021-07-18 01:08:02 开始第 11 次操作

2021-07-18 01:08:02 开始操作号码 【1677583】
2021-07-18 01:08:05 GSD getOne 第 1 次 等待 3 秒
2021-07-18 01:08:08 查询号码 【1677583】，返回信息 {"status":"bad","msg":""}
2021-07-18 01:08:08 查询号码 【1677583】，GSD为【""】
2021-07-18 01:08:08 bad
2021-07-18 01:08:09 CHB 1677583?1626541688 第 1 次 等待 3 秒
2021-07-18 01:08:12 CHB 1677583?1626541688 第 1 次 获取到号码【1677583】GSD
2021-07-18 01:08:12 获取到号码【1677583】的GSD为【山东-青岛】
2021-07-18 01:08:30 GSD insert 第 1 次 等待 3 秒
2021-07-18 01:08:33 {"status":"ok","gid":308936,"msg":"添加成功！"}
2021-07-18 01:08:34 下次操作: 2021-07-18 01:08:56

2021-07-18 01:08:56 开始第 12 次操作

2021-07-18 01:08:56 开始操作号码 【1677584】
2021-07-18 01:08:58 GSD getOne 第 1 次 等待 3 秒
2021-07-18 01:09:01 查询号码 【1677584】，返回信息 {"status":"bad","msg":""}
2021-07-18 01:09:01 查询号码 【1677584】，GSD为【""】
2021-07-18 01:09:01 bad
2021-07-18 01:09:03 CHB 1677584?1626541741 第 1 次 等待 3 秒
2021-07-18 01:09:06 CHB 1677584?1626541741 第 1 次 获取到号码【1677584】GSD
2021-07-18 01:09:06 获取到号码【1677584】的GSD为【山东-青岛】
2021-07-18 01:09:25 GSD insert 第 1 次 等待 3 秒
2021-07-18 01:09:28 {"status":"ok","gid":308950,"msg":"添加成功！"}
2021-07-18 01:09:28 下次操作: 2021-07-18 01:09:40

2021-07-18 01:09:40 开始第 13 次操作

2021-07-18 01:09:40 开始操作号码 【1677585】
2021-07-18 01:09:44 GSD getOne 第 1 次 等待 3 秒
2021-07-18 01:09:47 查询号码 【1677585】，返回信息 {"status":"bad","msg":""}
2021-07-18 01:09:47 查询号码 【1677585】，GSD为【""】
2021-07-18 01:09:47 bad
2021-07-18 01:09:49 CHB 1677585?1626541787 第 1 次 等待 3 秒
2021-07-18 01:09:52 CHB 1677585?1626541787 第 1 次 获取到号码【1677585】GSD
2021-07-18 01:09:52 获取到号码【1677585】的GSD为【山东-青岛】
2021-07-18 01:10:08 GSD insert 第 1 次 等待 3 秒
2021-07-18 01:10:11 {"status":"ok","gid":308959,"msg":"添加成功！"}
2021-07-18 01:10:11 下次操作: 2021-07-18 01:10:28

2021-07-18 01:10:28 开始第 14 次操作

2021-07-18 01:10:28 开始操作号码 【1677586】
2021-07-18 01:10:30 GSD getOne 第 1 次 等待 3 秒
2021-07-18 01:10:33 查询号码 【1677586】，返回信息 {"status":"bad","msg":""}
2021-07-18 01:10:33 查询号码 【1677586】，GSD为【""】
2021-07-18 01:10:33 bad
2021-07-18 01:10:36 CHB 1677586?1626541833 第 1 次 等待 3 秒
2021-07-18 01:10:39 CHB 1677586?1626541833 第 1 次 获取到号码【1677586】GSD
2021-07-18 01:10:39 获取到号码【1677586】的GSD为【山东-青岛】
2021-07-18 01:10:57 GSD insert 第 1 次 等待 3 秒
2021-07-18 01:11:00 {"status":"ok","gid":308970,"msg":"添加成功！"}
2021-07-18 01:11:00 下次操作: 2021-07-18 01:11:20

2021-07-18 01:11:20 开始第 15 次操作

2021-07-18 01:11:20 开始操作号码 【1677587】
2021-07-18 01:11:22 GSD getOne 第 1 次 等待 3 秒
2021-07-18 01:11:25 查询号码 【1677587】，返回信息 {"status":"bad","msg":""}
2021-07-18 01:11:26 查询号码 【1677587】，GSD为【""】
2021-07-18 01:11:26 bad
2021-07-18 01:11:29 CHB 1677587?1626541886 第 1 次 等待 3 秒
2021-07-18 01:11:32 CHB 1677587?1626541886 第 1 次 获取到号码【1677587】GSD
2021-07-18 01:11:32 获取到号码【1677587】的GSD为【山东-济南】
2021-07-18 01:11:42 GSD insert 第 1 次 等待 3 秒
2021-07-18 01:11:45 {"status":"ok","gid":308982,"msg":"添加成功！"}
2021-07-18 01:11:45 下次操作: 2021-07-18 01:12:02

2021-07-18 01:12:02 开始第 16 次操作

2021-07-18 01:12:03 开始操作号码 【1677588】
2021-07-18 01:12:07 GSD getOne 第 1 次 等待 3 秒
2021-07-18 01:12:10 查询号码 【1677588】，返回信息 {"status":"bad","msg":""}
2021-07-18 01:12:10 查询号码 【1677588】，GSD为【""】
2021-07-18 01:12:10 bad
2021-07-18 01:12:13 CHB 1677588?1626541930 第 1 次 等待 3 秒
2021-07-18 01:12:16 CHB 1677588?1626541930 第 1 次 获取到号码【1677588】GSD
2021-07-18 01:12:16 获取到号码【1677588】的GSD为【山东-济南】
2021-07-18 01:12:31 GSD insert 第 1 次 等待 3 秒
2021-07-18 01:12:34 {"status":"ok","gid":308994,"msg":"添加成功！"}
2021-07-18 01:12:34 下次操作: 2021-07-18 01:12:56

2021-07-18 01:12:56 开始第 17 次操作

2021-07-18 01:12:56 开始操作号码 【1677589】
2021-07-18 01:13:02 GSD getOne 第 1 次 等待 3 秒
2021-07-18 01:13:05 查询号码 【1677589】，返回信息 {"status":"bad","msg":""}
2021-07-18 01:13:05 查询号码 【1677589】，GSD为【""】
2021-07-18 01:13:05 bad
2021-07-18 01:13:07 CHB 1677589?1626541985 第 1 次 等待 3 秒
2021-07-18 01:13:10 CHB 1677589?1626541985 第 1 次 获取到号码【1677589】GSD
2021-07-18 01:13:10 获取到号码【1677589】的GSD为【山东-济南】
2021-07-18 01:13:31 GSD insert 第 1 次 等待 3 秒
2021-07-18 01:13:34 {"status":"ok","gid":309007,"msg":"添加成功！"}
2021-07-18 01:13:34 下次操作: 2021-07-18 01:13:48

2021-07-18 01:13:48 开始第 18 次操作

2021-07-18 01:13:48 开始操作号码 【1677590】
2021-07-18 01:13:51 GSD getOne 第 1 次 等待 3 秒
2021-07-18 01:13:54 查询号码 【1677590】，返回信息 {"status":"bad","msg":""}
2021-07-18 01:13:54 查询号码 【1677590】，GSD为【""】
2021-07-18 01:13:54 bad
2021-07-18 01:13:56 CHB 1677590?1626542034 第 1 次 等待 3 秒
2021-07-18 01:13:59 CHB 1677590?1626542034 第 1 次 获取到号码【1677590】GSD
2021-07-18 01:13:59 获取到号码【1677590】的GSD为【山东-济南】
2021-07-18 01:14:10 GSD insert 第 1 次 等待 3 秒
2021-07-18 01:14:13 {"status":"ok","gid":309014,"msg":"添加成功！"}
2021-07-18 01:14:13 下次操作: 2021-07-18 01:14:32

2021-07-18 01:14:32 开始第 19 次操作

2021-07-18 01:14:32 开始操作号码 【1677591】
2021-07-18 01:14:36 GSD getOne 第 1 次 等待 3 秒
2021-07-18 01:14:39 查询号码 【1677591】，返回信息 {"status":"bad","msg":""}
2021-07-18 01:14:39 查询号码 【1677591】，GSD为【""】
2021-07-18 01:14:39 bad
2021-07-18 01:14:41 CHB 1677591?1626542079 第 1 次 等待 3 秒
2021-07-18 01:14:44 CHB 1677591?1626542079 第 1 次 获取到号码【1677591】GSD
2021-07-18 01:14:44 获取到号码【1677591】的GSD为【福建-福州】
2021-07-18 01:15:02 GSD insert 第 1 次 等待 3 秒
2021-07-18 01:15:05 {"status":"ok","gid":309025,"msg":"添加成功！"}
2021-07-18 01:15:05 下次操作: 2021-07-18 01:15:27

2021-07-18 01:15:27 开始第 20 次操作

2021-07-18 01:15:27 开始操作号码 【1677592】
2021-07-18 01:15:32 GSD getOne 第 1 次 等待 3 秒
2021-07-18 01:15:35 查询号码 【1677592】，返回信息 {"status":"bad","msg":""}
2021-07-18 01:15:35 查询号码 【1677592】，GSD为【""】
2021-07-18 01:15:35 bad
2021-07-18 01:15:37 CHB 1677592?1626542135 第 1 次 等待 3 秒
2021-07-18 01:15:40 CHB 1677592?1626542135 第 1 次 获取到号码【1677592】GSD
2021-07-18 01:15:40 获取到号码【1677592】的GSD为【福建-厦门】
2021-07-18 01:15:50 GSD insert 第 1 次 等待 3 秒
2021-07-18 01:15:53 {"status":"ok","gid":309038,"msg":"添加成功！"}
2021-07-18 01:15:53 下次操作: 2021-07-18 01:16:11

2021-07-18 01:16:11 开始第 21 次操作

2021-07-18 01:16:11 开始操作号码 【1677593】
2021-07-18 01:16:15 GSD getOne 第 1 次 等待 3 秒
2021-07-18 01:16:18 查询号码 【1677593】，返回信息 {"status":"bad","msg":""}
2021-07-18 01:16:19 查询号码 【1677593】，GSD为【""】
2021-07-18 01:16:19 bad
2021-07-18 01:16:21 CHB 1677593?1626542179 第 1 次 等待 3 秒
2021-07-18 01:16:24 CHB 1677593?1626542179 第 1 次 获取到号码【1677593】GSD
2021-07-18 01:16:24 获取到号码【1677593】的GSD为【福建-宁德】
2021-07-18 01:16:34 GSD insert 第 1 次 等待 3 秒
2021-07-18 01:16:37 {"status":"ok","gid":309049,"msg":"添加成功！"}
2021-07-18 01:16:37 下次操作: 2021-07-18 01:16:52

2021-07-18 01:16:52 开始第 22 次操作

2021-07-18 01:16:52 开始操作号码 【1677594】
2021-07-18 01:16:55 GSD getOne 第 1 次 等待 3 秒
2021-07-18 01:16:58 查询号码 【1677594】，返回信息 {"status":"bad","msg":""}
2021-07-18 01:16:58 查询号码 【1677594】，GSD为【""】
2021-07-18 01:16:58 bad
2021-07-18 01:17:00 CHB 1677594?1626542218 第 1 次 等待 3 秒
2021-07-18 01:17:03 CHB 1677594?1626542218 第 1 次 获取到号码【1677594】GSD
2021-07-18 01:17:03 获取到号码【1677594】的GSD为【福建-莆田】
2021-07-18 01:17:21 GSD insert 第 1 次 等待 3 秒
2021-07-18 01:17:24 {"status":"ok","gid":309058,"msg":"添加成功！"}
2021-07-18 01:17:24 下次操作: 2021-07-18 01:17:48

2021-07-18 01:17:48 开始第 23 次操作

2021-07-18 01:17:48 开始操作号码 【1677595】
2021-07-18 01:17:51 GSD getOne 第 1 次 等待 3 秒
2021-07-18 01:17:54 查询号码 【1677595】，返回信息 {"status":"bad","msg":""}
2021-07-18 01:17:54 查询号码 【1677595】，GSD为【""】
2021-07-18 01:17:54 bad
2021-07-18 01:17:55 CHB 1677595?1626542274 第 1 次 等待 3 秒
2021-07-18 01:17:58 CHB 1677595?1626542274 第 1 次 获取到号码【1677595】GSD
2021-07-18 01:17:58 获取到号码【1677595】的GSD为【福建-泉州】
2021-07-18 01:18:17 GSD insert 第 1 次 等待 3 秒
2021-07-18 01:18:20 {"status":"ok","gid":309071,"msg":"添加成功！"}
2021-07-18 01:18:20 下次操作: 2021-07-18 01:18:44

2021-07-18 01:18:44 开始第 24 次操作

2021-07-18 01:18:44 开始操作号码 【1677596】
2021-07-18 01:18:46 GSD getOne 第 1 次 等待 3 秒
2021-07-18 01:18:49 查询号码 【1677596】，返回信息 {"status":"bad","msg":""}
2021-07-18 01:18:49 查询号码 【1677596】，GSD为【""】
2021-07-18 01:18:49 bad
2021-07-18 01:18:52 CHB 1677596?1626542329 第 1 次 等待 3 秒
2021-07-18 01:18:55 CHB 1677596?1626542329 第 1 次 获取到号码【1677596】GSD
2021-07-18 01:18:55 获取到号码【1677596】的GSD为【福建-漳州】
2021-07-18 01:19:05 GSD insert 第 1 次 等待 3 秒
2021-07-18 01:19:08 {"status":"ok","gid":309083,"msg":"添加成功！"}
2021-07-18 01:19:08 下次操作: 2021-07-18 01:19:30

2021-07-18 01:19:30 开始第 25 次操作

2021-07-18 01:19:30 开始操作号码 【1677597】
2021-07-18 01:19:36 GSD getOne 第 1 次 等待 3 秒
2021-07-18 01:19:39 查询号码 【1677597】，返回信息 {"status":"bad","msg":""}
2021-07-18 01:19:39 查询号码 【1677597】，GSD为【""】
2021-07-18 01:19:39 bad
2021-07-18 01:19:41 CHB 1677597?1626542379 第 1 次 等待 3 秒
2021-07-18 01:19:44 CHB 1677597?1626542379 第 1 次 获取到号码【1677597】GSD
2021-07-18 01:19:44 获取到号码【1677597】的GSD为【福建-龙岩】
2021-07-18 01:19:55 GSD insert 第 1 次 等待 3 秒
2021-07-18 01:19:58 {"status":"ok","gid":309095,"msg":"添加成功！"}
2021-07-18 01:19:58 下次操作: 2021-07-18 01:20:20

2021-07-18 01:20:20 开始第 26 次操作

2021-07-18 01:20:20 开始操作号码 【1677598】
2021-07-18 01:20:23 GSD getOne 第 1 次 等待 3 秒
2021-07-18 01:20:26 查询号码 【1677598】，返回信息 {"status":"bad","msg":""}
2021-07-18 01:20:26 查询号码 【1677598】，GSD为【""】
2021-07-18 01:20:26 bad
2021-07-18 01:20:27 CHB 1677598?1626542426 第 1 次 等待 3 秒
2021-07-18 01:20:30 CHB 1677598?1626542426 第 1 次 获取到号码【1677598】GSD
2021-07-18 01:20:30 获取到号码【1677598】的GSD为【福建-三明】
2021-07-18 01:20:51 GSD insert 第 1 次 等待 3 秒
2021-07-18 01:20:54 {"status":"ok","gid":309111,"msg":"添加成功！"}
2021-07-18 01:20:54 下次操作: 2021-07-18 01:21:12

2021-07-18 01:21:12 开始第 27 次操作

2021-07-18 01:21:12 开始操作号码 【1677599】
2021-07-18 01:21:15 GSD getOne 第 1 次 等待 3 秒
2021-07-18 01:21:18 查询号码 【1677599】，返回信息 {"status":"bad","msg":""}
2021-07-18 01:21:18 查询号码 【1677599】，GSD为【""】
2021-07-18 01:21:18 bad
2021-07-18 01:21:20 CHB 1677599?1626542478 第 1 次 等待 3 秒
2021-07-18 01:21:23 CHB 1677599?1626542478 第 1 次 获取到号码【1677599】GSD
2021-07-18 01:21:23 获取到号码【1677599】的GSD为【福建-南平】
2021-07-18 01:21:43 GSD insert 第 1 次 等待 3 秒
2021-07-18 01:21:46 {"status":"ok","gid":309123,"msg":"添加成功！"}
2021-07-18 01:21:46 下次操作: 2021-07-18 01:22:03

2021-07-18 01:22:03 开始第 28 次操作

2021-07-18 01:22:03 开始操作号码 【1677600】
2021-07-18 01:22:05 GSD getOne 第 1 次 等待 3 秒
2021-07-18 01:22:08 查询号码 【1677600】，返回信息 {"status":"bad","msg":""}
2021-07-18 01:22:09 查询号码 【1677600】，GSD为【""】
2021-07-18 01:22:09 bad
2021-07-18 01:22:11 CHB 1677600?1626542529 第 1 次 等待 3 秒
2021-07-18 01:22:14 CHB 1677600?1626542529 第 1 次 获取到号码【1677600】GSD
2021-07-18 01:22:14 获取到号码【1677600】的GSD为【河南-三门峡】
2021-07-18 01:22:24 GSD insert 第 1 次 等待 3 秒
2021-07-18 01:22:27 {"status":"ok","gid":309131,"msg":"添加成功！"}
2021-07-18 01:22:27 下次操作: 2021-07-18 01:22:46

2021-07-18 01:22:46 开始第 29 次操作

2021-07-18 01:22:46 开始操作号码 【1677601】
2021-07-18 01:22:49 GSD getOne 第 1 次 等待 3 秒
2021-07-18 01:22:52 查询号码 【1677601】，返回信息 {"status":"bad","msg":""}
2021-07-18 01:22:52 查询号码 【1677601】，GSD为【""】
2021-07-18 01:22:52 bad
2021-07-18 01:22:55 CHB 1677601?1626542572 第 1 次 等待 3 秒
2021-07-18 01:22:58 CHB 1677601?1626542572 第 1 次 获取到号码【1677601】GSD
2021-07-18 01:22:58 获取到号码【1677601】的GSD为【河南-三门峡】
2021-07-18 01:23:08 GSD insert 第 1 次 等待 3 秒
2021-07-18 01:23:11 {"status":"ok","gid":309143,"msg":"添加成功！"}
2021-07-18 01:23:11 下次操作: 2021-07-18 01:23:28

2021-07-18 01:23:28 开始第 30 次操作

2021-07-18 01:23:28 开始操作号码 【1677602】
2021-07-18 01:23:33 GSD getOne 第 1 次 等待 3 秒
2021-07-18 01:23:36 查询号码 【1677602】，返回信息 {"status":"bad","msg":""}
2021-07-18 01:23:36 查询号码 【1677602】，GSD为【""】
2021-07-18 01:23:36 bad
2021-07-18 01:23:38 CHB 1677602?1626542616 第 1 次 等待 3 秒
2021-07-18 01:23:41 CHB 1677602?1626542616 第 1 次 获取到号码【1677602】GSD
2021-07-18 01:23:41 获取到号码【1677602】的GSD为【河南-三门峡】
2021-07-18 01:23:59 GSD insert 第 1 次 等待 3 秒
2021-07-18 01:24:02 {"status":"ok","gid":309153,"msg":"添加成功！"}
2021-07-18 01:24:02 下次操作: 2021-07-18 01:24:18

2021-07-18 01:24:18 开始第 31 次操作

2021-07-18 01:24:18 开始操作号码 【1677603】
2021-07-18 01:24:21 GSD getOne 第 1 次 等待 3 秒
2021-07-18 01:24:24 查询号码 【1677603】，返回信息 {"status":"bad","msg":""}
2021-07-18 01:24:24 查询号码 【1677603】，GSD为【""】
2021-07-18 01:24:24 bad
2021-07-18 01:24:26 CHB 1677603?1626542664 第 1 次 等待 3 秒
2021-07-18 01:24:29 CHB 1677603?1626542664 第 1 次 获取到号码【1677603】GSD
2021-07-18 01:24:29 获取到号码【1677603】的GSD为【河南-三门峡】
2021-07-18 01:24:47 GSD insert 第 1 次 等待 3 秒
2021-07-18 01:24:50 {"status":"ok","gid":309164,"msg":"添加成功！"}
2021-07-18 01:24:50 下次操作: 2021-07-18 01:25:10

2021-07-18 01:25:10 开始第 32 次操作

2021-07-18 01:25:10 开始操作号码 【1677604】
2021-07-18 01:25:12 GSD getOne 第 1 次 等待 3 秒
2021-07-18 01:25:15 查询号码 【1677604】，返回信息 {"status":"bad","msg":""}
2021-07-18 01:25:16 查询号码 【1677604】，GSD为【""】
2021-07-18 01:25:16 bad
2021-07-18 01:25:18 CHB 1677604?1626542716 第 1 次 等待 3 秒
2021-07-18 01:25:21 CHB 1677604?1626542716 第 1 次 获取到号码【1677604】GSD
2021-07-18 01:25:21 获取到号码【1677604】的GSD为【河南-三门峡】
2021-07-18 01:25:31 GSD insert 第 1 次 等待 3 秒
2021-07-18 01:25:34 {"status":"ok","gid":309172,"msg":"添加成功！"}
2021-07-18 01:25:34 下次操作: 2021-07-18 01:25:58

2021-07-18 01:25:58 开始第 33 次操作

2021-07-18 01:25:58 开始操作号码 【1677605】
2021-07-18 01:26:04 GSD getOne 第 1 次 等待 3 秒
2021-07-18 01:26:07 查询号码 【1677605】，返回信息 {"status":"bad","msg":""}
2021-07-18 01:26:07 查询号码 【1677605】，GSD为【""】
2021-07-18 01:26:07 bad
2021-07-18 01:26:09 CHB 1677605?1626542767 第 1 次 等待 3 秒
2021-07-18 01:26:12 CHB 1677605?1626542767 第 1 次 获取到号码【1677605】GSD
2021-07-18 01:26:12 获取到号码【1677605】的GSD为【河南-新乡】
2021-07-18 01:26:30 GSD insert 第 1 次 等待 3 秒
2021-07-18 01:26:33 {"status":"ok","gid":309180,"msg":"添加成功！"}
2021-07-18 01:26:33 下次操作: 2021-07-18 01:26:48

2021-07-18 01:26:48 开始第 34 次操作

2021-07-18 01:26:48 开始操作号码 【1677606】
2021-07-18 01:26:51 GSD getOne 第 1 次 等待 3 秒
2021-07-18 01:26:54 查询号码 【1677606】，返回信息 {"status":"bad","msg":""}
2021-07-18 01:26:54 查询号码 【1677606】，GSD为【""】
2021-07-18 01:26:54 bad
2021-07-18 01:26:58 CHB 1677606?1626542814 第 1 次 等待 3 秒
2021-07-18 01:27:02 CHB 1677606?1626542814 第 1 次 获取到号码【1677606】GSD
2021-07-18 01:27:02 获取到号码【1677606】的GSD为【河南-新乡】
2021-07-18 01:27:13 GSD insert 第 1 次 等待 3 秒
2021-07-18 01:27:16 {"status":"ok","gid":309189,"msg":"添加成功！"}
2021-07-18 01:27:16 下次操作: 2021-07-18 01:27:37

2021-07-18 01:27:37 开始第 35 次操作

2021-07-18 01:27:37 开始操作号码 【1677607】
2021-07-18 01:27:43 GSD getOne 第 1 次 等待 3 秒
2021-07-18 01:27:46 查询号码 【1677607】，返回信息 {"status":"bad","msg":""}
2021-07-18 01:27:46 查询号码 【1677607】，GSD为【""】
2021-07-18 01:27:46 bad
2021-07-18 01:27:48 CHB 1677607?1626542866 第 1 次 等待 3 秒
2021-07-18 01:27:51 CHB 1677607?1626542866 第 1 次 获取到号码【1677607】GSD
2021-07-18 01:27:51 获取到号码【1677607】的GSD为【河南-新乡】
2021-07-18 01:28:09 GSD insert 第 1 次 等待 3 秒
2021-07-18 01:28:12 {"status":"ok","gid":309199,"msg":"添加成功！"}
2021-07-18 01:28:12 下次操作: 2021-07-18 01:28:25

2021-07-18 01:28:25 开始第 36 次操作

2021-07-18 01:28:25 开始操作号码 【1677608】
2021-07-18 01:28:28 GSD getOne 第 1 次 等待 3 秒
2021-07-18 01:28:31 查询号码 【1677608】，返回信息 {"status":"bad","msg":""}
2021-07-18 01:28:31 查询号码 【1677608】，GSD为【""】
2021-07-18 01:28:31 bad
2021-07-18 01:28:33 CHB 1677608?1626542911 第 1 次 等待 3 秒
2021-07-18 01:28:36 CHB 1677608?1626542911 第 1 次 获取到号码【1677608】GSD
2021-07-18 01:28:36 获取到号码【1677608】的GSD为【河南-新乡】
2021-07-18 01:28:54 GSD insert 第 1 次 等待 3 秒
2021-07-18 01:28:57 {"status":"ok","gid":309204,"msg":"添加成功！"}
2021-07-18 01:28:57 下次操作: 2021-07-18 01:29:18

2021-07-18 01:29:18 开始第 37 次操作

2021-07-18 01:29:18 开始操作号码 【1677609】
2021-07-18 01:29:22 GSD getOne 第 1 次 等待 3 秒
2021-07-18 01:29:25 查询号码 【1677609】，返回信息 {"status":"bad","msg":""}
2021-07-18 01:29:25 查询号码 【1677609】，GSD为【""】
2021-07-18 01:29:25 bad
2021-07-18 01:29:27 CHB 1677609?1626542965 第 1 次 等待 3 秒
2021-07-18 01:29:30 CHB 1677609?1626542965 第 1 次 获取到号码【1677609】GSD
2021-07-18 01:29:30 获取到号码【1677609】的GSD为【河南-新乡】
2021-07-18 01:29:48 GSD insert 第 1 次 等待 3 秒
2021-07-18 01:29:51 {"status":"ok","gid":309210,"msg":"添加成功！"}
2021-07-18 01:29:51 下次操作: 2021-07-18 01:30:10

2021-07-18 01:30:10 开始第 38 次操作

2021-07-18 01:30:10 开始操作号码 【1677610】
2021-07-18 01:30:18 GSD getOne 第 1 次 等待 3 秒
2021-07-18 01:30:21 查询号码 【1677610】，返回信息 {"status":"bad","msg":""}
2021-07-18 01:30:21 查询号码 【1677610】，GSD为【""】
2021-07-18 01:30:21 bad
2021-07-18 01:30:23 CHB 1677610?1626543021 第 1 次 等待 3 秒
2021-07-18 01:30:26 CHB 1677610?1626543021 第 1 次 获取到号码【1677610】GSD
2021-07-18 01:30:26 获取到号码【1677610】的GSD为【河南-商丘】
2021-07-18 01:30:49 GSD insert 第 1 次 等待 3 秒
2021-07-18 01:30:52 {"status":"ok","gid":309216,"msg":"添加成功！"}
2021-07-18 01:30:52 下次操作: 2021-07-18 01:31:13

2021-07-18 01:31:13 开始第 39 次操作

2021-07-18 01:31:13 开始操作号码 【1677611】
2021-07-18 01:31:16 GSD getOne 第 1 次 等待 3 秒
2021-07-18 01:31:19 查询号码 【1677611】，返回信息 {"status":"bad","msg":""}
2021-07-18 01:31:19 查询号码 【1677611】，GSD为【""】
2021-07-18 01:31:19 bad
2021-07-18 01:31:23 CHB 1677611?1626543079 第 1 次 等待 3 秒
2021-07-18 01:31:26 CHB 1677611?1626543079 第 1 次 获取到号码【1677611】GSD
2021-07-18 01:31:26 获取到号码【1677611】的GSD为【河南-商丘】
2021-07-18 01:31:38 GSD insert 第 1 次 等待 3 秒
2021-07-18 01:31:41 {"status":"ok","gid":309224,"msg":"添加成功！"}
2021-07-18 01:31:41 下次操作: 2021-07-18 01:32:04

2021-07-18 01:32:04 开始第 40 次操作

2021-07-18 01:32:04 开始操作号码 【1677612】
2021-07-18 01:32:07 GSD getOne 第 1 次 等待 3 秒
2021-07-18 01:32:10 查询号码 【1677612】，返回信息 {"status":"bad","msg":""}
2021-07-18 01:32:10 查询号码 【1677612】，GSD为【""】
2021-07-18 01:32:10 bad
2021-07-18 01:32:12 CHB 1677612?1626543130 第 1 次 等待 3 秒
2021-07-18 01:32:15 CHB 1677612?1626543130 第 1 次 获取到号码【1677612】GSD
2021-07-18 01:32:15 获取到号码【1677612】的GSD为【河南-商丘】
2021-07-18 01:32:25 GSD insert 第 1 次 等待 3 秒
2021-07-18 01:32:28 {"status":"ok","gid":309228,"msg":"添加成功！"}

