2024-01-12 00:18:48 开始第 8297 次操作

2024-01-12 00:18:48 开始操作号码 【1818199】
2024-01-12 00:18:51 GSD getOne 第 1 次 等待 3 秒
2024-01-12 00:18:54 查询号码 【1818199】，返回信息 {"status":"ok","msg":"四川-成都","gid":"34147","time_insert":"2019-02-25 08:52","time_update":"2020-11-05 12:05"}
2024-01-12 00:18:54 查询号码 【1818199】，GSD为【"四川-成都"】

2024-01-12 00:18:55 开始第 8298 次操作

2024-01-12 00:18:55 开始操作号码 【1818200】
2024-01-12 00:18:58 GSD getOne 第 1 次 等待 3 秒
2024-01-12 00:19:01 查询号码 【1818200】，返回信息 {"status":"ok","msg":"湖南-岳阳","gid":"34148","time_insert":"2019-09-16 15:23","time_update":"2020-09-23 14:34"}
2024-01-12 00:19:01 查询号码 【1818200】，GSD为【"湖南-岳阳"】

2024-01-12 00:19:02 开始第 8299 次操作

2024-01-12 00:19:02 开始操作号码 【1818201】
2024-01-12 00:19:05 GSD getOne 第 1 次 等待 3 秒
2024-01-12 00:19:08 查询号码 【1818201】，返回信息 {"status":"ok","msg":"湖南-岳阳","gid":"388937","time_insert":"2021-07-25 12:23"}
2024-01-12 00:19:08 查询号码 【1818201】，GSD为【"湖南-岳阳"】

2024-01-12 00:19:09 开始第 8300 次操作

2024-01-12 00:19:09 开始操作号码 【1818202】
2024-01-12 00:19:12 GSD getOne 第 1 次 等待 3 秒
2024-01-12 00:19:15 查询号码 【1818202】，返回信息 {"status":"ok","msg":"湖南-岳阳","gid":"388934","time_insert":"2021-07-25 12:22"}
2024-01-12 00:19:15 查询号码 【1818202】，GSD为【"湖南-岳阳"】

2024-01-12 00:40:48 开始第 8301 次操作

2024-01-12 00:40:48 开始操作号码 【1818203】
2024-01-12 00:40:51 GSD getOne 第 1 次 等待 3 秒
2024-01-12 00:40:54 查询号码 【1818203】，返回信息 {"status":"ok","msg":"湖南-岳阳","gid":"388931","time_insert":"2021-07-25 12:21"}
2024-01-12 00:40:54 查询号码 【1818203】，GSD为【"湖南-岳阳"】

2024-01-12 00:40:55 开始第 8302 次操作

2024-01-12 00:40:55 开始操作号码 【1818204】
2024-01-12 00:40:58 GSD getOne 第 1 次 等待 3 秒
2024-01-12 00:41:01 查询号码 【1818204】，返回信息 {"status":"ok","msg":"湖南-株洲","gid":"388927","time_insert":"2021-07-25 12:21"}
2024-01-12 00:41:01 查询号码 【1818204】，GSD为【"湖南-株洲"】

2024-01-12 00:41:02 开始第 8303 次操作

2024-01-12 00:41:02 开始操作号码 【1818205】
2024-01-12 00:41:04 GSD getOne 第 1 次 等待 3 秒
2024-01-12 00:41:07 查询号码 【1818205】，返回信息 {"status":"ok","msg":"湖南-株洲","gid":"388924","time_insert":"2021-07-25 12:20"}
2024-01-12 00:41:07 查询号码 【1818205】，GSD为【"湖南-株洲"】

2024-01-12 00:41:09 开始第 8304 次操作

2024-01-12 00:41:09 开始操作号码 【1818206】
2024-01-12 00:41:11 GSD getOne 第 1 次 等待 3 秒
2024-01-12 00:41:14 查询号码 【1818206】，返回信息 {"status":"ok","msg":"湖南-株洲","gid":"388922","time_insert":"2021-07-25 12:19"}
2024-01-12 00:41:14 查询号码 【1818206】，GSD为【"湖南-株洲"】

2024-01-12 01:12:45 开始第 8305 次操作

2024-01-12 01:12:45 开始操作号码 【1818207】
2024-01-12 01:12:48 GSD getOne 第 1 次 等待 3 秒
2024-01-12 01:12:51 查询号码 【1818207】，返回信息 {"status":"ok","msg":"湖南-株洲","gid":"388919","time_insert":"2021-07-25 12:18"}
2024-01-12 01:12:51 查询号码 【1818207】，GSD为【"湖南-株洲"】

2024-01-12 01:12:52 开始第 8306 次操作

2024-01-12 01:12:52 开始操作号码 【1818208】
2024-01-12 01:12:55 GSD getOne 第 1 次 等待 3 秒
2024-01-12 01:12:58 查询号码 【1818208】，返回信息 {"status":"ok","msg":"湖南-株洲","gid":"388916","time_insert":"2021-07-25 12:17"}
2024-01-12 01:12:59 查询号码 【1818208】，GSD为【"湖南-株洲"】

2024-01-12 01:13:00 开始第 8307 次操作

2024-01-12 01:13:00 开始操作号码 【1818209】
2024-01-12 01:13:03 GSD getOne 第 1 次 等待 3 秒
2024-01-12 01:13:06 查询号码 【1818209】，返回信息 {"status":"ok","msg":"湖南-株洲","gid":"388911","time_insert":"2021-07-25 12:16"}
2024-01-12 01:13:06 查询号码 【1818209】，GSD为【"湖南-株洲"】

2024-01-12 01:13:07 开始第 8308 次操作

2024-01-12 01:13:07 开始操作号码 【1818210】
2024-01-12 01:13:10 GSD getOne 第 1 次 等待 3 秒
2024-01-12 01:13:13 查询号码 【1818210】，返回信息 {"status":"ok","msg":"湖南-长沙","gid":"388907","time_insert":"2021-07-25 12:16"}
2024-01-12 01:13:13 查询号码 【1818210】，GSD为【"湖南-长沙"】

2024-01-12 01:36:07 开始第 8309 次操作

2024-01-12 01:36:07 开始操作号码 【1818211】
2024-01-12 01:36:11 GSD getOne 第 1 次 等待 3 秒
2024-01-12 01:36:14 查询号码 【1818211】，返回信息 {"status":"ok","msg":"湖南-长沙","gid":"388905","time_insert":"2021-07-25 12:15"}
2024-01-12 01:36:14 查询号码 【1818211】，GSD为【"湖南-长沙"】

2024-01-12 01:36:15 开始第 8310 次操作

2024-01-12 01:36:15 开始操作号码 【1818212】
2024-01-12 01:36:18 GSD getOne 第 1 次 等待 3 秒
2024-01-12 01:36:21 查询号码 【1818212】，返回信息 {"status":"ok","msg":"湖南-长沙","gid":"34149","time_insert":"2018-01-24 10:07","time_update":"2021-01-21 18:12"}
2024-01-12 01:36:21 查询号码 【1818212】，GSD为【"湖南-长沙"】

2024-01-12 01:36:22 开始第 8311 次操作

2024-01-12 01:36:22 开始操作号码 【1818213】
2024-01-12 01:36:25 GSD getOne 第 1 次 等待 3 秒
2024-01-12 01:36:28 查询号码 【1818213】，返回信息 {"status":"ok","msg":"湖南-常德","gid":"388900","time_insert":"2021-07-25 12:14"}
2024-01-12 01:36:28 查询号码 【1818213】，GSD为【"湖南-常德"】

2024-01-12 01:36:29 开始第 8312 次操作

2024-01-12 01:36:29 开始操作号码 【1818214】
2024-01-12 01:36:32 GSD getOne 第 1 次 等待 3 秒
2024-01-12 01:36:35 查询号码 【1818214】，返回信息 {"status":"ok","msg":"湖南-常德","gid":"34150","time_insert":"2014-07-30 15:14","time_update":"2020-09-23 14:39"}
2024-01-12 01:36:35 查询号码 【1818214】，GSD为【"湖南-常德"】

