2024-02-14 00:17:30 开始第 3601 次操作

2024-02-14 00:17:30 开始操作号码 【1703503】
2024-02-14 00:17:38 GSD getOne 第 1 次 等待 3 秒
2024-02-14 00:17:41 查询号码 【1703503】，返回信息 {"status":"ok","msg":"北京-北京","gid":"138744","time_insert":"2021-06-27 11:50"}
2024-02-14 00:17:41 查询号码 【1703503】，GSD为【"北京-北京"】

2024-02-14 00:17:43 开始第 3602 次操作

2024-02-14 00:17:43 开始操作号码 【1703504】
2024-02-14 00:17:47 GSD getOne 第 1 次 等待 3 秒
2024-02-14 00:17:50 查询号码 【1703504】，返回信息 {"status":"ok","msg":"北京-北京","gid":"138750","time_insert":"2021-06-27 11:51"}
2024-02-14 00:17:50 查询号码 【1703504】，GSD为【"北京-北京"】

2024-02-14 00:17:51 开始第 3603 次操作

2024-02-14 00:17:51 开始操作号码 【1703505】
2024-02-14 00:17:56 GSD getOne 第 1 次 等待 3 秒
2024-02-14 00:17:59 查询号码 【1703505】，返回信息 {"status":"ok","msg":"北京-北京","gid":"138757","time_insert":"2021-06-27 11:51"}
2024-02-14 00:17:59 查询号码 【1703505】，GSD为【"北京-北京"】

2024-02-14 00:18:00 开始第 3604 次操作

2024-02-14 00:18:00 开始操作号码 【1703506】
2024-02-14 00:18:05 GSD getOne 第 1 次 等待 3 秒
2024-02-14 00:18:08 查询号码 【1703506】，返回信息 {"status":"ok","msg":"北京-北京","gid":"138761","time_insert":"2021-06-27 11:52"}
2024-02-14 00:18:08 查询号码 【1703506】，GSD为【"北京-北京"】

