2024-02-07 00:16:37 开始第 2325 次操作

2024-02-07 00:16:37 开始操作号码 【1702227】
2024-02-07 00:16:42 GSD getOne 第 1 次 等待 3 秒
2024-02-07 00:16:45 查询号码 【1702227】，返回信息 {"status":"ok","msg":"浙江-温州","gid":"127884","time_insert":"2021-06-25 15:46"}
2024-02-07 00:16:45 查询号码 【1702227】，GSD为【"浙江-温州"】

2024-02-07 00:16:46 开始第 2326 次操作

2024-02-07 00:16:46 开始操作号码 【1702228】
2024-02-07 00:16:50 GSD getOne 第 1 次 等待 3 秒
2024-02-07 00:16:53 查询号码 【1702228】，返回信息 {"status":"ok","msg":"浙江-温州","gid":"127889","time_insert":"2021-06-25 15:47"}
2024-02-07 00:16:53 查询号码 【1702228】，GSD为【"浙江-温州"】

2024-02-07 00:16:54 开始第 2327 次操作

2024-02-07 00:16:54 开始操作号码 【1702229】
2024-02-07 00:16:58 GSD getOne 第 1 次 等待 3 秒
2024-02-07 00:17:01 查询号码 【1702229】，返回信息 {"status":"ok","msg":"浙江-温州","gid":"127892","time_insert":"2021-06-25 15:48"}
2024-02-07 00:17:01 查询号码 【1702229】，GSD为【"浙江-温州"】

2024-02-07 00:17:02 开始第 2328 次操作

2024-02-07 00:17:02 开始操作号码 【1702230】
2024-02-07 00:17:07 GSD getOne 第 1 次 等待 3 秒
2024-02-07 00:17:10 查询号码 【1702230】，返回信息 {"status":"ok","msg":"浙江-杭州","gid":"127895","time_insert":"2021-06-25 15:48"}
2024-02-07 00:17:10 查询号码 【1702230】，GSD为【"浙江-杭州"】

