2024-08-27 00:16:09 开始第 1369 次操作

2024-08-27 00:16:09 开始操作号码 【1371368】
2024-08-27 00:16:19 GSD getOne 第 1 次 等待 3 秒
2024-08-27 00:16:22 查询号码 【1371368】，返回信息 {"status":"ok","msg":"广东-深圳","gid":"74823","time_insert":"2021-05-31 18:38"}
2024-08-27 00:16:22 查询号码 【1371368】，GSD为【"广东-深圳"】

2024-08-27 00:16:23 开始第 1370 次操作

2024-08-27 00:16:23 开始操作号码 【1371369】
2024-08-27 00:16:31 GSD getOne 第 1 次 等待 3 秒
2024-08-27 00:16:34 查询号码 【1371369】，返回信息 {"status":"ok","msg":"广东-深圳","gid":"74840","time_insert":"2021-05-31 18:58"}
2024-08-27 00:16:34 查询号码 【1371369】，GSD为【"广东-深圳"】

2024-08-27 00:16:35 开始第 1371 次操作

2024-08-27 00:16:35 开始操作号码 【1371370】
2024-08-27 00:16:42 GSD getOne 第 1 次 等待 3 秒
2024-08-27 00:16:45 查询号码 【1371370】，返回信息 {"status":"ok","msg":"广东-深圳","gid":"9589","time_insert":"2019-08-19 14:10","time_update":"2020-09-27 21:01"}
2024-08-27 00:16:45 查询号码 【1371370】，GSD为【"广东-深圳"】

2024-08-27 00:16:46 开始第 1372 次操作

2024-08-27 00:16:46 开始操作号码 【1371371】
2024-08-27 00:16:54 GSD getOne 第 1 次 等待 3 秒
2024-08-27 00:16:57 查询号码 【1371371】，返回信息 {"status":"ok","msg":"广东-深圳","gid":"74860","time_insert":"2021-05-31 19:23"}
2024-08-27 00:16:57 查询号码 【1371371】，GSD为【"广东-深圳"】

