2023-10-30 00:16:35 开始第 5901 次操作

2023-10-30 00:16:35 开始操作号码 【1915803】
2023-10-30 00:16:40 GSD getOne 第 1 次 等待 3 秒
2023-10-30 00:16:43 查询号码 【1915803】，返回信息 {"status":"ok","msg":"湖南-郴州","gid":"480763","time_insert":"2021-08-02 15:56"}
2023-10-30 00:16:43 查询号码 【1915803】，GSD为【"湖南-郴州"】

2023-10-30 00:16:44 开始第 5902 次操作

2023-10-30 00:16:44 开始操作号码 【1915804】
2023-10-30 00:16:46 GSD getOne 第 1 次 等待 3 秒
2023-10-30 00:16:49 查询号码 【1915804】，返回信息 {"status":"ok","msg":"湖南-郴州","gid":"480752","time_insert":"2021-08-02 15:55"}
2023-10-30 00:16:50 查询号码 【1915804】，GSD为【"湖南-郴州"】

2023-10-30 00:16:51 开始第 5903 次操作

2023-10-30 00:16:51 开始操作号码 【1915805】
2023-10-30 00:16:57 GSD getOne 第 1 次 等待 3 秒
2023-10-30 00:17:00 查询号码 【1915805】，返回信息 {"status":"ok","msg":"湖南-郴州","gid":"480740","time_insert":"2021-08-02 15:54"}
2023-10-30 00:17:00 查询号码 【1915805】，GSD为【"湖南-郴州"】

2023-10-30 00:17:01 开始第 5904 次操作

2023-10-30 00:17:01 开始操作号码 【1915806】
2023-10-30 00:17:06 GSD getOne 第 1 次 等待 3 秒
2023-10-30 00:17:09 查询号码 【1915806】，返回信息 {"status":"ok","msg":"湖南-郴州","gid":"480727","time_insert":"2021-08-02 15:54"}
2023-10-30 00:17:09 查询号码 【1915806】，GSD为【"湖南-郴州"】

2023-10-30 00:36:55 开始第 5905 次操作

2023-10-30 00:36:55 开始操作号码 【1915807】
2023-10-30 00:37:07 GSD getOne 第 1 次 等待 3 秒
2023-10-30 00:37:10 查询号码 【1915807】，返回信息 {"status":"ok","msg":"湖南-郴州","gid":"480718","time_insert":"2021-08-02 15:53"}
2023-10-30 00:37:11 查询号码 【1915807】，GSD为【"湖南-郴州"】

2023-10-30 00:37:12 开始第 5906 次操作

2023-10-30 00:37:12 开始操作号码 【1915808】
2023-10-30 00:37:14 GSD getOne 第 1 次 等待 3 秒
2023-10-30 00:37:17 查询号码 【1915808】，返回信息 {"status":"ok","msg":"湖南-郴州","gid":"480707","time_insert":"2021-08-02 15:52"}
2023-10-30 00:37:17 查询号码 【1915808】，GSD为【"湖南-郴州"】

2023-10-30 00:37:18 开始第 5907 次操作

2023-10-30 00:37:18 开始操作号码 【1915809】
2023-10-30 00:37:23 GSD getOne 第 1 次 等待 3 秒
2023-10-30 00:37:26 查询号码 【1915809】，返回信息 {"status":"ok","msg":"湖南-郴州","gid":"480700","time_insert":"2021-08-02 15:52"}
2023-10-30 00:37:26 查询号码 【1915809】，GSD为【"湖南-郴州"】

2023-10-30 00:37:27 开始第 5908 次操作

2023-10-30 00:37:27 开始操作号码 【1915810】
2023-10-30 00:37:35 GSD getOne 第 1 次 等待 3 秒
2023-10-30 00:37:38 查询号码 【1915810】，返回信息 {"status":"ok","msg":"湖南-衡阳","gid":"480686","time_insert":"2021-08-02 15:51"}
2023-10-30 00:37:38 查询号码 【1915810】，GSD为【"湖南-衡阳"】

