2024-07-24 00:22:06 开始第 7705 次操作

2024-07-24 00:22:06 开始操作号码 【1487606】
2024-07-24 00:22:14 GSD getOne 第 1 次 等待 3 秒
2024-07-24 00:22:17 查询号码 【1487606】，返回信息 {"status":"ok","msg":"广东-广州","gid":"314885","time_insert":"2021-07-18 13:24","time_update":"2023-05-25 21:20"}
2024-07-24 00:22:17 查询号码 【1487606】，GSD为【"广东-广州"】

2024-07-24 00:22:18 开始第 7706 次操作

2024-07-24 00:22:18 开始操作号码 【1487607】
2024-07-24 00:22:26 GSD getOne 第 1 次 等待 3 秒
2024-07-24 00:22:29 查询号码 【1487607】，返回信息 {"status":"ok","msg":"广东-广州","gid":"314901","time_insert":"2021-07-18 13:29","time_update":"2023-05-25 21:30"}
2024-07-24 00:22:29 查询号码 【1487607】，GSD为【"广东-广州"】

2024-07-24 00:22:30 开始第 7707 次操作

2024-07-24 00:22:30 开始操作号码 【1487608】
2024-07-24 00:22:38 GSD getOne 第 1 次 等待 3 秒
2024-07-24 00:22:41 查询号码 【1487608】，返回信息 {"status":"ok","msg":"广东-广州","gid":"314918","time_insert":"2021-07-18 13:34","time_update":"2023-05-25 21:46"}
2024-07-24 00:22:41 查询号码 【1487608】，GSD为【"广东-广州"】

2024-07-24 00:22:42 开始第 7708 次操作

2024-07-24 00:22:42 开始操作号码 【1487609】
2024-07-24 00:22:52 GSD getOne 第 1 次 等待 3 秒
2024-07-24 00:22:55 查询号码 【1487609】，返回信息 {"status":"ok","msg":"广东-广州","gid":"314981","time_insert":"2021-07-18 13:39","time_update":"2023-05-25 22:02"}
2024-07-24 00:22:55 查询号码 【1487609】，GSD为【"广东-广州"】

2024-07-24 00:41:55 开始第 7709 次操作

2024-07-24 00:41:55 开始操作号码 【1487610】
2024-07-24 00:42:03 GSD getOne 第 1 次 等待 3 秒
2024-07-24 00:42:06 查询号码 【1487610】，返回信息 {"status":"ok","msg":"江西-南昌","gid":"315062","time_insert":"2021-07-18 13:44","time_update":"2023-05-25 22:22"}
2024-07-24 00:42:06 查询号码 【1487610】，GSD为【"江西-南昌"】

2024-07-24 00:42:07 开始第 7710 次操作

2024-07-24 00:42:07 开始操作号码 【1487611】
2024-07-24 00:42:15 GSD getOne 第 1 次 等待 3 秒
2024-07-24 00:42:18 查询号码 【1487611】，返回信息 {"status":"ok","msg":"江西-南昌","gid":"315115","time_insert":"2021-07-18 13:48","time_update":"2023-05-25 22:31"}
2024-07-24 00:42:18 查询号码 【1487611】，GSD为【"江西-南昌"】

2024-07-24 00:42:19 开始第 7711 次操作

2024-07-24 00:42:19 开始操作号码 【1487612】
2024-07-24 00:42:28 GSD getOne 第 1 次 等待 3 秒
2024-07-24 00:42:31 查询号码 【1487612】，返回信息 {"status":"ok","msg":"江西-南昌","gid":"315209","time_insert":"2021-07-18 13:54","time_update":"2023-05-25 22:50"}
2024-07-24 00:42:31 查询号码 【1487612】，GSD为【"江西-南昌"】

2024-07-24 00:42:32 开始第 7712 次操作

2024-07-24 00:42:32 开始操作号码 【1487613】
2024-07-24 00:42:40 GSD getOne 第 1 次 等待 3 秒
2024-07-24 00:42:43 查询号码 【1487613】，返回信息 {"status":"ok","msg":"江西-南昌","gid":"315284","time_insert":"2021-07-18 13:59","time_update":"2023-05-25 23:09"}
2024-07-24 00:42:43 查询号码 【1487613】，GSD为【"江西-南昌"】

2024-07-24 01:13:49 开始第 7713 次操作

2024-07-24 01:13:49 开始操作号码 【1487614】
2024-07-24 01:13:57 GSD getOne 第 1 次 等待 3 秒
2024-07-24 01:14:00 查询号码 【1487614】，返回信息 {"status":"ok","msg":"江西-南昌","gid":"315325","time_insert":"2021-07-18 14:02","time_update":"2023-05-25 23:32"}
2024-07-24 01:14:00 查询号码 【1487614】，GSD为【"江西-南昌"】

2024-07-24 01:14:01 开始第 7714 次操作

2024-07-24 01:14:01 开始操作号码 【1487615】
2024-07-24 01:14:08 GSD getOne 第 1 次 等待 3 秒
2024-07-24 01:14:11 查询号码 【1487615】，返回信息 {"status":"ok","msg":"江西-南昌","gid":"315355","time_insert":"2021-07-18 14:06","time_update":"2023-05-25 23:48"}
2024-07-24 01:14:11 查询号码 【1487615】，GSD为【"江西-南昌"】

2024-07-24 01:14:12 开始第 7715 次操作

2024-07-24 01:14:12 开始操作号码 【1487616】
2024-07-24 01:14:20 GSD getOne 第 1 次 等待 3 秒
2024-07-24 01:14:23 查询号码 【1487616】，返回信息 {"status":"ok","msg":"江西-南昌","gid":"315377","time_insert":"2021-07-18 14:11","time_update":"2023-05-26 00:08"}
2024-07-24 01:14:23 查询号码 【1487616】，GSD为【"江西-南昌"】

2024-07-24 01:14:24 开始第 7716 次操作

2024-07-24 01:14:24 开始操作号码 【1487617】
2024-07-24 01:14:31 GSD getOne 第 1 次 等待 3 秒
2024-07-24 01:14:34 查询号码 【1487617】，返回信息 {"status":"ok","msg":"江西-南昌","gid":"315390","time_insert":"2021-07-18 14:16","time_update":"2023-05-26 00:22"}
2024-07-24 01:14:34 查询号码 【1487617】，GSD为【"江西-南昌"】

2024-07-24 01:36:30 开始第 7717 次操作

2024-07-24 01:36:30 开始操作号码 【1487618】
2024-07-24 01:36:40 GSD getOne 第 1 次 等待 3 秒
2024-07-24 01:36:43 查询号码 【1487618】，返回信息 {"status":"ok","msg":"江西-南昌","gid":"315405","time_insert":"2021-07-18 14:22","time_update":"2023-05-26 00:43"}
2024-07-24 01:36:43 查询号码 【1487618】，GSD为【"江西-南昌"】

2024-07-24 01:36:44 开始第 7718 次操作

2024-07-24 01:36:44 开始操作号码 【1487619】
2024-07-24 01:36:52 GSD getOne 第 1 次 等待 3 秒
2024-07-24 01:36:55 查询号码 【1487619】，返回信息 {"status":"ok","msg":"江西-南昌","gid":"315418","time_insert":"2021-07-18 14:26","time_update":"2023-05-26 00:56"}
2024-07-24 01:36:55 查询号码 【1487619】，GSD为【"江西-南昌"】

2024-07-24 01:36:56 开始第 7719 次操作

2024-07-24 01:36:56 开始操作号码 【1487620】
2024-07-24 01:37:05 GSD getOne 第 1 次 等待 3 秒
2024-07-24 01:37:08 查询号码 【1487620】，返回信息 {"status":"ok","msg":"江西-南昌","gid":"315431","time_insert":"2021-07-18 14:31","time_update":"2023-05-26 01:11"}
2024-07-24 01:37:08 查询号码 【1487620】，GSD为【"江西-南昌"】

2024-07-24 01:37:09 开始第 7720 次操作

2024-07-24 01:37:09 开始操作号码 【1487621】
2024-07-24 01:37:17 GSD getOne 第 1 次 等待 3 秒
2024-07-24 01:37:20 查询号码 【1487621】，返回信息 {"status":"ok","msg":"江西-南昌","gid":"315442","time_insert":"2021-07-18 14:36","time_update":"2023-05-26 01:30"}
2024-07-24 01:37:20 查询号码 【1487621】，GSD为【"江西-南昌"】

