2021-07-12 00:00:08 开始第 22 次操作

2021-07-12 00:00:08 开始操作号码 【1672991】
2021-07-12 00:00:19 GSD getOne 第 1 次 等待 1 秒
2021-07-12 00:00:20 查询号码 【1672991】，返回信息 {"status":"bad","msg":""}
2021-07-12 00:00:20 查询号码 【1672991】，GSD为【""】
2021-07-12 00:00:20 bad
2021-07-12 00:00:23 CHB 1672991?1626019220 第 1 次 等待 1 秒
2021-07-12 00:00:24 CHB 1672991?1626019220 第 1 次 获取到号码【1672991】GSD
2021-07-12 00:00:24 获取到号码【1672991】的GSD为【天津-天津】
2021-07-12 00:00:46 GSD insert 第 1 次 等待 1 秒
2021-07-12 00:00:47 {"status":"ok","msg":"添加成功！251945"}
2021-07-12 00:00:47 下次操作: 2021-07-12 00:01:05

2021-07-12 00:01:05 开始第 23 次操作

2021-07-12 00:01:05 开始操作号码 【1672992】
2021-07-12 00:01:09 GSD getOne 第 1 次 等待 1 秒
2021-07-12 00:01:10 查询号码 【1672992】，返回信息 {"status":"bad","msg":""}
2021-07-12 00:01:10 查询号码 【1672992】，GSD为【""】
2021-07-12 00:01:10 bad
2021-07-12 00:01:13 CHB 1672992?1626019270 第 1 次 等待 1 秒
2021-07-12 00:01:14 CHB 1672992?1626019270 第 1 次 获取到号码【1672992】GSD
2021-07-12 00:01:14 获取到号码【1672992】的GSD为【天津-天津】
2021-07-12 00:01:36 GSD insert 第 1 次 等待 1 秒
2021-07-12 00:01:37 {"status":"ok","msg":"添加成功！251952"}
2021-07-12 00:01:37 下次操作: 2021-07-12 00:01:43

2021-07-12 00:01:43 开始第 24 次操作

2021-07-12 00:01:43 开始操作号码 【1672993】
2021-07-12 00:02:02 GSD getOne 第 1 次 等待 1 秒
2021-07-12 00:02:03 查询号码 【1672993】，返回信息 {"status":"bad","msg":""}
2021-07-12 00:02:03 查询号码 【1672993】，GSD为【""】
2021-07-12 00:02:03 bad
2021-07-12 00:02:06 CHB 1672993?1626019323 第 1 次 等待 1 秒
2021-07-12 00:02:07 CHB 1672993?1626019323 第 1 次 获取到号码【1672993】GSD
2021-07-12 00:02:07 获取到号码【1672993】的GSD为【天津-天津】
2021-07-12 00:02:26 GSD insert 第 1 次 等待 1 秒
2021-07-12 00:02:27 {"status":"ok","msg":"添加成功！251958"}
2021-07-12 00:02:27 下次操作: 2021-07-12 00:02:45

2021-07-12 00:02:45 开始第 25 次操作

2021-07-12 00:02:45 开始操作号码 【1672994】
2021-07-12 00:02:49 GSD getOne 第 1 次 等待 1 秒
2021-07-12 00:02:50 查询号码 【1672994】，返回信息 {"status":"bad","msg":""}
2021-07-12 00:02:50 查询号码 【1672994】，GSD为【""】
2021-07-12 00:02:50 bad
2021-07-12 00:02:52 CHB 1672994?1626019370 第 1 次 等待 1 秒
2021-07-12 00:02:53 CHB 1672994?1626019370 第 1 次 获取到号码【1672994】GSD
2021-07-12 00:02:53 获取到号码【1672994】的GSD为【天津-天津】
2021-07-12 00:03:12 GSD insert 第 1 次 等待 1 秒
2021-07-12 00:03:13 {"status":"ok","msg":"添加成功！251961"}
2021-07-12 00:03:13 下次操作: 2021-07-12 00:03:24

2021-07-12 00:03:24 开始第 26 次操作

2021-07-12 00:03:24 开始操作号码 【1672995】
2021-07-12 00:03:35 GSD getOne 第 1 次 等待 1 秒
2021-07-12 00:03:36 查询号码 【1672995】，返回信息 {"status":"bad","msg":""}
2021-07-12 00:03:36 查询号码 【1672995】，GSD为【""】
2021-07-12 00:03:36 bad
2021-07-12 00:03:39 CHB 1672995?1626019416 第 1 次 等待 1 秒
2021-07-12 00:03:40 CHB 1672995?1626019416 第 1 次 获取到号码【1672995】GSD
2021-07-12 00:03:40 获取到号码【1672995】的GSD为【天津-天津】
2021-07-12 00:04:01 GSD insert 第 1 次 等待 1 秒
2021-07-12 00:04:02 {"status":"ok","msg":"添加成功！251966"}
2021-07-12 00:04:02 下次操作: 2021-07-12 00:04:10

2021-07-12 00:04:10 开始第 27 次操作

2021-07-12 00:04:10 开始操作号码 【1672996】
2021-07-12 00:04:21 GSD getOne 第 1 次 等待 1 秒
2021-07-12 00:04:22 查询号码 【1672996】，返回信息 {"status":"bad","msg":""}
2021-07-12 00:04:22 查询号码 【1672996】，GSD为【""】
2021-07-12 00:04:23 bad
2021-07-12 00:04:24 CHB 1672996?1626019463 第 1 次 等待 1 秒
2021-07-12 00:04:25 CHB 1672996?1626019463 第 1 次 获取到号码【1672996】GSD
2021-07-12 00:04:25 获取到号码【1672996】的GSD为【天津-天津】
2021-07-12 00:04:45 GSD insert 第 1 次 等待 1 秒
2021-07-12 00:04:46 {"status":"ok","msg":"添加成功！251970"}
2021-07-12 00:04:46 下次操作: 2021-07-12 00:04:58

2021-07-12 00:04:58 开始第 28 次操作

2021-07-12 00:04:58 开始操作号码 【1672997】
2021-07-12 00:05:05 GSD getOne 第 1 次 等待 1 秒
2021-07-12 00:05:06 查询号码 【1672997】，返回信息 {"status":"bad","msg":""}
2021-07-12 00:05:06 查询号码 【1672997】，GSD为【""】
2021-07-12 00:05:06 bad
2021-07-12 00:05:12 CHB 1672997?1626019506 第 1 次 等待 1 秒
2021-07-12 00:05:13 CHB 1672997?1626019506 第 1 次 获取到号码【1672997】GSD
2021-07-12 00:05:13 获取到号码【1672997】的GSD为【天津-天津】
2021-07-12 00:05:25 GSD insert 第 1 次 等待 1 秒
2021-07-12 00:05:26 {"status":"ok","msg":"添加成功！251975"}
2021-07-12 00:05:26 下次操作: 2021-07-12 00:05:40

2021-07-12 00:05:40 开始第 29 次操作

2021-07-12 00:05:40 开始操作号码 【1672998】
2021-07-12 00:05:45 GSD getOne 第 1 次 等待 1 秒
2021-07-12 00:05:46 查询号码 【1672998】，返回信息 {"status":"bad","msg":""}
2021-07-12 00:05:46 查询号码 【1672998】，GSD为【""】
2021-07-12 00:05:46 bad
2021-07-12 00:05:50 CHB 1672998?1626019546 第 1 次 等待 1 秒
2021-07-12 00:05:51 CHB 1672998?1626019546 第 1 次 获取到号码【1672998】GSD
2021-07-12 00:05:51 获取到号码【1672998】的GSD为【天津-天津】
2021-07-12 00:06:20 GSD insert 第 1 次 等待 1 秒
2021-07-12 00:06:21 {"status":"ok","msg":"添加成功！251981"}
2021-07-12 00:06:21 下次操作: 2021-07-12 00:06:27

2021-07-12 00:06:27 开始第 30 次操作

2021-07-12 00:06:27 开始操作号码 【1672999】
2021-07-12 00:06:51 GSD getOne 第 1 次 等待 1 秒
2021-07-12 00:06:52 查询号码 【1672999】，返回信息 {"status":"bad","msg":""}
2021-07-12 00:06:53 查询号码 【1672999】，GSD为【""】
2021-07-12 00:06:53 bad
2021-07-12 00:06:54 CHB 1672999?1626019613 第 1 次 等待 1 秒
2021-07-12 00:06:55 CHB 1672999?1626019613 第 1 次 获取到号码【1672999】GSD
2021-07-12 00:06:55 获取到号码【1672999】的GSD为【天津-天津】
2021-07-12 00:07:15 GSD insert 第 1 次 等待 1 秒
2021-07-12 00:07:16 {"status":"ok","msg":"添加成功！251989"}

2021-07-12 00:58:40 开始第 1 次操作

2021-07-12 00:58:40 开始操作号码 【1673000】
2021-07-12 00:58:44 GSD getOne 第 1 次 等待 1 秒
2021-07-12 00:58:45 查询号码 【1673000】，返回信息 {"status":"bad","msg":""}
2021-07-12 00:58:45 查询号码 【1673000】，GSD为【""】
2021-07-12 00:58:45 bad
2021-07-12 01:00:23 CHB 1673000?1626022725 第 1 次 等待 1 秒
2021-07-12 01:00:24 CHB 1673000?1626022725 第 1 次 未获取到 等待 18 秒 下次操作: 2021-07-12 01:00:42
2021-07-12 01:00:46 CHB 1673000?1626022842 第 2 次 等待 1 秒
2021-07-12 01:00:47 CHB 1673000?1626022842 第 2 次 获取到号码【1673000】GSD
2021-07-12 01:00:47 获取到号码【1673000】的GSD为【上海-上海】
2021-07-12 01:00:52 GSD insert 第 1 次 等待 1 秒
2021-07-12 01:00:53 {"status":"ok","msg":"添加成功！252153"}
2021-07-12 01:00:53 下次操作: 2021-07-12 01:00:59

2021-07-12 01:00:59 开始第 2 次操作

2021-07-12 01:00:59 开始操作号码 【1673001】
2021-07-12 01:01:20 GSD getOne 第 1 次 等待 1 秒
2021-07-12 01:01:21 查询号码 【1673001】，返回信息 {"status":"bad","msg":""}
2021-07-12 01:01:21 查询号码 【1673001】，GSD为【""】
2021-07-12 01:01:21 bad
2021-07-12 01:01:27 CHB 1673001?1626022881 第 1 次 等待 1 秒
2021-07-12 01:01:28 CHB 1673001?1626022881 第 1 次 获取到号码【1673001】GSD
2021-07-12 01:01:29 获取到号码【1673001】的GSD为【上海-上海】
2021-07-12 01:01:40 GSD insert 第 1 次 等待 1 秒
2021-07-12 01:01:41 {"status":"ok","msg":"添加成功！252163"}
2021-07-12 01:01:41 下次操作: 2021-07-12 01:01:48

2021-07-12 01:01:48 开始第 3 次操作

2021-07-12 01:01:48 开始操作号码 【1673002】
2021-07-12 01:02:08 GSD getOne 第 1 次 等待 1 秒
2021-07-12 01:02:09 查询号码 【1673002】，返回信息 {"status":"bad","msg":""}
2021-07-12 01:02:09 查询号码 【1673002】，GSD为【""】
2021-07-12 01:02:09 bad
2021-07-12 01:02:11 CHB 1673002?1626022929 第 1 次 等待 1 秒
2021-07-12 01:02:12 CHB 1673002?1626022929 第 1 次 获取到号码【1673002】GSD
2021-07-12 01:02:12 获取到号码【1673002】的GSD为【上海-上海】
2021-07-12 01:02:33 GSD insert 第 1 次 等待 1 秒
2021-07-12 01:02:34 {"status":"ok","msg":"添加成功！252175"}
2021-07-12 01:02:34 下次操作: 2021-07-12 01:02:45

2021-07-12 01:02:45 开始第 4 次操作

2021-07-12 01:02:45 开始操作号码 【1673003】
2021-07-12 01:02:58 GSD getOne 第 1 次 等待 1 秒
2021-07-12 01:02:59 查询号码 【1673003】，返回信息 {"status":"bad","msg":""}
2021-07-12 01:03:00 查询号码 【1673003】，GSD为【""】
2021-07-12 01:03:00 bad
2021-07-12 01:03:02 CHB 1673003?1626022980 第 1 次 等待 1 秒
2021-07-12 01:03:03 CHB 1673003?1626022980 第 1 次 获取到号码【1673003】GSD
2021-07-12 01:03:03 获取到号码【1673003】的GSD为【上海-上海】
2021-07-12 01:03:22 GSD insert 第 1 次 等待 1 秒
2021-07-12 01:03:23 {"status":"ok","msg":"添加成功！252188"}
2021-07-12 01:03:23 下次操作: 2021-07-12 01:03:30

2021-07-12 01:03:30 开始第 5 次操作

2021-07-12 01:03:30 开始操作号码 【1673004】
2021-07-12 01:03:52 GSD getOne 第 1 次 等待 1 秒
2021-07-12 01:03:53 查询号码 【1673004】，返回信息 {"status":"bad","msg":""}
2021-07-12 01:03:54 查询号码 【1673004】，GSD为【""】
2021-07-12 01:03:54 bad
2021-07-12 01:03:55 CHB 1673004?1626023034 第 1 次 等待 1 秒
2021-07-12 01:03:56 CHB 1673004?1626023034 第 1 次 获取到号码【1673004】GSD
2021-07-12 01:03:56 获取到号码【1673004】的GSD为【上海-上海】
2021-07-12 01:04:16 GSD insert 第 1 次 等待 1 秒
2021-07-12 01:04:17 {"status":"ok","msg":"添加成功！252198"}
2021-07-12 01:04:17 下次操作: 2021-07-12 01:04:33

2021-07-12 01:04:33 开始第 6 次操作

2021-07-12 01:04:33 开始操作号码 【1673005】
2021-07-12 01:04:37 GSD getOne 第 1 次 等待 1 秒
2021-07-12 01:04:38 查询号码 【1673005】，返回信息 {"status":"bad","msg":""}
2021-07-12 01:04:38 查询号码 【1673005】，GSD为【""】
2021-07-12 01:04:38 bad
2021-07-12 01:06:38 CHB 1673005?1626023078 第 1 次 等待 1 秒
2021-07-12 01:06:39 CHB 1673005?1626023078 第 1 次 获取到号码【1673005】GSD
2021-07-12 01:06:39 获取到号码【1673005】的GSD为【上海-上海】
2021-07-12 01:06:46 GSD insert 第 1 次 等待 1 秒
2021-07-12 01:06:47 {"status":"ok","msg":"添加成功！252221"}
2021-07-12 01:06:47 下次操作: 2021-07-12 01:06:56

2021-07-12 01:06:56 开始第 7 次操作

2021-07-12 01:06:56 开始操作号码 【1673006】
2021-07-12 01:07:07 GSD getOne 第 1 次 等待 1 秒
2021-07-12 01:07:08 查询号码 【1673006】，返回信息 {"status":"bad","msg":""}
2021-07-12 01:07:08 查询号码 【1673006】，GSD为【""】
2021-07-12 01:07:08 bad
2021-07-12 01:07:16 CHB 1673006?1626023228 第 1 次 等待 1 秒
2021-07-12 01:07:17 CHB 1673006?1626023228 第 1 次 获取到号码【1673006】GSD
2021-07-12 01:07:17 获取到号码【1673006】的GSD为【上海-上海】
2021-07-12 01:07:28 GSD insert 第 1 次 等待 1 秒
2021-07-12 01:07:29 {"status":"ok","msg":"添加成功！252227"}
2021-07-12 01:07:29 下次操作: 2021-07-12 01:07:40

2021-07-12 01:07:40 开始第 8 次操作

2021-07-12 01:07:40 开始操作号码 【1673007】
2021-07-12 01:07:51 GSD getOne 第 1 次 等待 1 秒
2021-07-12 01:07:52 查询号码 【1673007】，返回信息 {"status":"bad","msg":""}
2021-07-12 01:07:52 查询号码 【1673007】，GSD为【""】
2021-07-12 01:07:52 bad
2021-07-12 01:07:54 CHB 1673007?1626023272 第 1 次 等待 1 秒
2021-07-12 01:07:55 CHB 1673007?1626023272 第 1 次 获取到号码【1673007】GSD
2021-07-12 01:07:55 获取到号码【1673007】的GSD为【上海-上海】
2021-07-12 01:08:16 GSD insert 第 1 次 等待 1 秒
2021-07-12 01:08:17 {"status":"ok","msg":"添加成功！252240"}
2021-07-12 01:08:17 下次操作: 2021-07-12 01:08:29

2021-07-12 01:08:29 开始第 9 次操作

2021-07-12 01:08:29 开始操作号码 【1673008】
2021-07-12 01:08:36 GSD getOne 第 1 次 等待 1 秒
2021-07-12 01:08:37 查询号码 【1673008】，返回信息 {"status":"bad","msg":""}
2021-07-12 01:08:37 查询号码 【1673008】，GSD为【""】
2021-07-12 01:08:37 bad
2021-07-12 01:08:39 CHB 1673008?1626023317 第 1 次 等待 1 秒
2021-07-12 01:08:40 CHB 1673008?1626023317 第 1 次 获取到号码【1673008】GSD
2021-07-12 01:08:40 获取到号码【1673008】的GSD为【上海-上海】
2021-07-12 01:09:02 GSD insert 第 1 次 等待 1 秒
2021-07-12 01:09:03 {"status":"ok","msg":"添加成功！252253"}
2021-07-12 01:09:03 下次操作: 2021-07-12 01:09:17

2021-07-12 01:09:17 开始第 10 次操作

2021-07-12 01:09:17 开始操作号码 【1673009】
2021-07-12 01:09:22 GSD getOne 第 1 次 等待 1 秒
2021-07-12 01:09:23 查询号码 【1673009】，返回信息 {"status":"bad","msg":""}
2021-07-12 01:09:23 查询号码 【1673009】，GSD为【""】
2021-07-12 01:09:23 bad
2021-07-12 01:09:25 CHB 1673009?1626023363 第 1 次 等待 1 秒
2021-07-12 01:09:26 CHB 1673009?1626023363 第 1 次 获取到号码【1673009】GSD
2021-07-12 01:09:26 获取到号码【1673009】的GSD为【上海-上海】
2021-07-12 01:09:46 GSD insert 第 1 次 等待 1 秒
2021-07-12 01:09:47 {"status":"ok","msg":"添加成功！252264"}
2021-07-12 01:09:47 下次操作: 2021-07-12 01:09:55

2021-07-12 01:09:55 开始第 11 次操作

2021-07-12 01:09:55 开始操作号码 【1673010】
2021-07-12 01:10:14 GSD getOne 第 1 次 等待 1 秒
2021-07-12 01:10:15 查询号码 【1673010】，返回信息 {"status":"bad","msg":""}
2021-07-12 01:10:15 查询号码 【1673010】，GSD为【""】
2021-07-12 01:10:15 bad
2021-07-12 01:10:17 CHB 1673010?1626023415 第 1 次 等待 1 秒
2021-07-12 01:10:18 CHB 1673010?1626023415 第 1 次 获取到号码【1673010】GSD
2021-07-12 01:10:18 获取到号码【1673010】的GSD为【上海-上海】
2021-07-12 01:10:37 GSD insert 第 1 次 等待 1 秒
2021-07-12 01:10:38 {"status":"ok","msg":"添加成功！252278"}
2021-07-12 01:10:38 下次操作: 2021-07-12 01:10:56

2021-07-12 01:10:56 开始第 12 次操作

2021-07-12 01:10:56 开始操作号码 【1673011】
2021-07-12 01:11:00 GSD getOne 第 1 次 等待 1 秒
2021-07-12 01:11:01 查询号码 【1673011】，返回信息 {"status":"bad","msg":""}
2021-07-12 01:11:01 查询号码 【1673011】，GSD为【""】
2021-07-12 01:11:01 bad
2021-07-12 01:12:31 CHB 1673011?1626023461 第 1 次 等待 1 秒
2021-07-12 01:12:32 CHB 1673011?1626023461 第 1 次 获取到号码【1673011】GSD
2021-07-12 01:12:32 未获取到号码【1673011】GSD，查号吧 522 错误
2021-07-12 01:12:32 获取到号码【1673011】的GSD为【-】
2021-07-12 01:12:38 GSD insert 第 1 次 等待 1 秒
2021-07-12 01:12:39 {"status":"ok","msg":"添加成功！252295"}
2021-07-12 01:12:39 下次操作: 2021-07-12 01:12:51

2021-07-12 01:12:51 开始第 13 次操作

2021-07-12 01:12:51 开始操作号码 【1673012】
2021-07-12 01:12:59 GSD getOne 第 1 次 等待 1 秒
2021-07-12 01:13:00 查询号码 【1673012】，返回信息 {"status":"bad","msg":""}
2021-07-12 01:13:00 查询号码 【1673012】，GSD为【""】
2021-07-12 01:13:00 bad
2021-07-12 01:13:03 CHB 1673012?1626023580 第 1 次 等待 1 秒
2021-07-12 01:13:04 CHB 1673012?1626023580 第 1 次 获取到号码【1673012】GSD
2021-07-12 01:13:04 获取到号码【1673012】的GSD为【上海-上海】
2021-07-12 01:13:23 GSD insert 第 1 次 等待 1 秒
2021-07-12 01:13:24 {"status":"ok","msg":"添加成功！252304"}
2021-07-12 01:13:24 下次操作: 2021-07-12 01:13:32

2021-07-12 01:13:32 开始第 14 次操作

2021-07-12 01:13:32 开始操作号码 【1673013】
2021-07-12 01:13:43 GSD getOne 第 1 次 等待 1 秒
2021-07-12 01:13:44 查询号码 【1673013】，返回信息 {"status":"bad","msg":""}
2021-07-12 01:13:44 查询号码 【1673013】，GSD为【""】
2021-07-12 01:13:44 bad
2021-07-12 01:13:48 CHB 1673013?1626023624 第 1 次 等待 1 秒
2021-07-12 01:13:49 CHB 1673013?1626023624 第 1 次 获取到号码【1673013】GSD
2021-07-12 01:13:49 获取到号码【1673013】的GSD为【上海-上海】
2021-07-12 01:14:08 GSD insert 第 1 次 等待 1 秒
2021-07-12 01:14:09 {"status":"ok","msg":"添加成功！252312"}
2021-07-12 01:14:10 下次操作: 2021-07-12 01:14:19

2021-07-12 01:14:19 开始第 15 次操作

2021-07-12 01:14:19 开始操作号码 【1673014】
2021-07-12 01:14:41 GSD getOne 第 1 次 等待 1 秒
2021-07-12 01:14:42 查询号码 【1673014】，返回信息 {"status":"bad","msg":""}
2021-07-12 01:14:42 查询号码 【1673014】，GSD为【""】
2021-07-12 01:14:42 bad
2021-07-12 01:14:43 CHB 1673014?1626023682 第 1 次 等待 1 秒
2021-07-12 01:14:44 CHB 1673014?1626023682 第 1 次 获取到号码【1673014】GSD
2021-07-12 01:14:45 获取到号码【1673014】的GSD为【上海-上海】
2021-07-12 01:15:04 GSD insert 第 1 次 等待 1 秒
2021-07-12 01:15:05 {"status":"ok","msg":"添加成功！252323"}
2021-07-12 01:15:05 下次操作: 2021-07-12 01:15:12

2021-07-12 01:15:12 开始第 16 次操作

2021-07-12 01:15:12 开始操作号码 【1673015】
2021-07-12 01:15:31 GSD getOne 第 1 次 等待 1 秒
2021-07-12 01:15:32 查询号码 【1673015】，返回信息 {"status":"bad","msg":""}
2021-07-12 01:15:32 查询号码 【1673015】，GSD为【""】
2021-07-12 01:15:32 bad
2021-07-12 01:15:34 CHB 1673015?1626023732 第 1 次 等待 1 秒
2021-07-12 01:15:35 CHB 1673015?1626023732 第 1 次 获取到号码【1673015】GSD
2021-07-12 01:15:35 获取到号码【1673015】的GSD为【上海-上海】
2021-07-12 01:15:58 GSD insert 第 1 次 等待 1 秒
2021-07-12 01:15:59 {"status":"ok","msg":"添加成功！252336"}
2021-07-12 01:15:59 下次操作: 2021-07-12 01:16:09

2021-07-12 01:16:09 开始第 17 次操作

2021-07-12 01:16:09 开始操作号码 【1673016】
2021-07-12 01:16:20 GSD getOne 第 1 次 等待 1 秒
2021-07-12 01:16:21 查询号码 【1673016】，返回信息 {"status":"bad","msg":""}
2021-07-12 01:16:21 查询号码 【1673016】，GSD为【""】
2021-07-12 01:16:21 bad
2021-07-12 01:16:24 CHB 1673016?1626023781 第 1 次 等待 1 秒
2021-07-12 01:16:25 CHB 1673016?1626023781 第 1 次 获取到号码【1673016】GSD
2021-07-12 01:16:25 获取到号码【1673016】的GSD为【上海-上海】
2021-07-12 01:16:44 GSD insert 第 1 次 等待 1 秒
2021-07-12 01:16:45 {"status":"ok","msg":"添加成功！252345"}
2021-07-12 01:16:45 下次操作: 2021-07-12 01:16:56

2021-07-12 01:16:56 开始第 18 次操作

2021-07-12 01:16:56 开始操作号码 【1673017】
2021-07-12 01:17:07 GSD getOne 第 1 次 等待 1 秒
2021-07-12 01:17:08 查询号码 【1673017】，返回信息 {"status":"bad","msg":""}
2021-07-12 01:17:08 查询号码 【1673017】，GSD为【""】
2021-07-12 01:17:08 bad
2021-07-12 01:18:56 CHB 1673017?1626023828 第 1 次 等待 1 秒
2021-07-12 01:18:57 CHB 1673017?1626023828 第 1 次 未获取到 等待 7 秒 下次操作: 2021-07-12 01:19:04
2021-07-12 01:19:13 CHB 1673017?1626023944 第 2 次 等待 1 秒
2021-07-12 01:19:14 CHB 1673017?1626023944 第 2 次 获取到号码【1673017】GSD
2021-07-12 01:19:14 获取到号码【1673017】的GSD为【上海-上海】
2021-07-12 01:19:18 GSD insert 第 1 次 等待 1 秒
2021-07-12 01:19:19 {"status":"ok","msg":"添加成功！252357"}
2021-07-12 01:19:19 下次操作: 2021-07-12 01:19:29

2021-07-12 01:19:29 开始第 19 次操作

2021-07-12 01:19:29 开始操作号码 【1673018】
2021-07-12 01:19:40 GSD getOne 第 1 次 等待 1 秒
2021-07-12 01:19:41 查询号码 【1673018】，返回信息 {"status":"bad","msg":""}
2021-07-12 01:19:41 查询号码 【1673018】，GSD为【""】
2021-07-12 01:19:41 bad
2021-07-12 01:19:43 CHB 1673018?1626023981 第 1 次 等待 1 秒
2021-07-12 01:19:44 CHB 1673018?1626023981 第 1 次 获取到号码【1673018】GSD
2021-07-12 01:19:44 获取到号码【1673018】的GSD为【上海-上海】
2021-07-12 01:20:19 GSD insert 第 1 次 等待 1 秒
2021-07-12 01:20:20 {"status":"ok","msg":"添加成功！252369"}
2021-07-12 01:20:20 下次操作: 2021-07-12 01:20:27

2021-07-12 01:20:27 开始第 20 次操作

2021-07-12 01:20:27 开始操作号码 【1673019】
2021-07-12 01:20:47 GSD getOne 第 1 次 等待 1 秒
2021-07-12 01:20:48 查询号码 【1673019】，返回信息 {"status":"bad","msg":""}
2021-07-12 01:20:48 查询号码 【1673019】，GSD为【""】
2021-07-12 01:20:48 bad
2021-07-12 01:20:52 CHB 1673019?1626024048 第 1 次 等待 1 秒
2021-07-12 01:20:53 CHB 1673019?1626024048 第 1 次 获取到号码【1673019】GSD
2021-07-12 01:20:53 获取到号码【1673019】的GSD为【上海-上海】
2021-07-12 01:21:29 GSD insert 第 1 次 等待 1 秒
2021-07-12 01:21:30 {"status":"ok","msg":"添加成功！252381"}
2021-07-12 01:21:30 下次操作: 2021-07-12 01:21:37

2021-07-12 01:21:37 开始第 21 次操作

2021-07-12 01:21:37 开始操作号码 【1673020】
2021-07-12 01:21:56 GSD getOne 第 1 次 等待 1 秒
2021-07-12 01:21:57 查询号码 【1673020】，返回信息 {"status":"bad","msg":""}
2021-07-12 01:21:58 查询号码 【1673020】，GSD为【""】
2021-07-12 01:21:58 bad
2021-07-12 01:21:59 CHB 1673020?1626024118 第 1 次 等待 1 秒
2021-07-12 01:22:00 CHB 1673020?1626024118 第 1 次 获取到号码【1673020】GSD
2021-07-12 01:22:00 获取到号码【1673020】的GSD为【上海-上海】
2021-07-12 01:22:19 GSD insert 第 1 次 等待 1 秒
2021-07-12 01:22:20 {"status":"ok","msg":"添加成功！252390"}
2021-07-12 01:22:20 下次操作: 2021-07-12 01:22:28

2021-07-12 01:22:28 开始第 22 次操作

2021-07-12 01:22:28 开始操作号码 【1673021】
2021-07-12 01:22:39 GSD getOne 第 1 次 等待 1 秒
2021-07-12 01:22:40 查询号码 【1673021】，返回信息 {"status":"bad","msg":""}
2021-07-12 01:22:40 查询号码 【1673021】，GSD为【""】
2021-07-12 01:22:40 bad
2021-07-12 01:22:42 CHB 1673021?1626024160 第 1 次 等待 1 秒
2021-07-12 01:22:43 CHB 1673021?1626024160 第 1 次 获取到号码【1673021】GSD
2021-07-12 01:22:43 获取到号码【1673021】的GSD为【上海-上海】
2021-07-12 01:23:02 GSD insert 第 1 次 等待 1 秒
2021-07-12 01:23:03 {"status":"ok","msg":"添加成功！252395"}
2021-07-12 01:23:03 下次操作: 2021-07-12 01:23:15

2021-07-12 01:23:15 开始第 23 次操作

2021-07-12 01:23:15 开始操作号码 【1673022】
2021-07-12 01:23:22 GSD getOne 第 1 次 等待 1 秒
2021-07-12 01:23:23 查询号码 【1673022】，返回信息 {"status":"bad","msg":""}
2021-07-12 01:23:23 查询号码 【1673022】，GSD为【""】
2021-07-12 01:23:23 bad
2021-07-12 01:24:54 CHB 1673022?1626024203 第 1 次 等待 1 秒
2021-07-12 01:24:55 CHB 1673022?1626024203 第 1 次 获取到号码【1673022】GSD
2021-07-12 01:24:55 未获取到号码【1673022】GSD，查号吧 522 错误
2021-07-12 01:24:55 获取到号码【1673022】的GSD为【-】
2021-07-12 01:25:02 GSD insert 第 1 次 等待 1 秒
2021-07-12 01:25:03 {"status":"ok","msg":"添加成功！252403"}
2021-07-12 01:25:03 下次操作: 2021-07-12 01:25:13

2021-07-12 01:25:13 开始第 24 次操作

2021-07-12 01:25:13 开始操作号码 【1673023】
2021-07-12 01:25:25 GSD getOne 第 1 次 等待 1 秒
2021-07-12 01:25:26 查询号码 【1673023】，返回信息 {"status":"bad","msg":""}
2021-07-12 01:25:26 查询号码 【1673023】，GSD为【""】
2021-07-12 01:25:26 bad
2021-07-12 01:25:30 CHB 1673023?1626024326 第 1 次 等待 1 秒
2021-07-12 01:25:31 CHB 1673023?1626024326 第 1 次 获取到号码【1673023】GSD
2021-07-12 01:25:31 获取到号码【1673023】的GSD为【上海-上海】
2021-07-12 01:25:52 GSD insert 第 1 次 等待 1 秒
2021-07-12 01:25:53 {"status":"ok","msg":"添加成功！252408"}
2021-07-12 01:25:53 下次操作: 2021-07-12 01:26:01

2021-07-12 01:26:01 开始第 25 次操作

2021-07-12 01:26:01 开始操作号码 【1673024】
2021-07-12 01:26:13 GSD getOne 第 1 次 等待 1 秒
2021-07-12 01:26:14 查询号码 【1673024】，返回信息 {"status":"bad","msg":""}
2021-07-12 01:26:14 查询号码 【1673024】，GSD为【""】
2021-07-12 01:26:14 bad
2021-07-12 01:26:16 CHB 1673024?1626024374 第 1 次 等待 1 秒
2021-07-12 01:26:17 CHB 1673024?1626024374 第 1 次 获取到号码【1673024】GSD
2021-07-12 01:26:17 获取到号码【1673024】的GSD为【上海-上海】
2021-07-12 01:26:38 GSD insert 第 1 次 等待 1 秒
2021-07-12 01:26:39 {"status":"ok","msg":"添加成功！252415"}
2021-07-12 01:26:39 下次操作: 2021-07-12 01:26:53

2021-07-12 01:26:53 开始第 26 次操作

2021-07-12 01:26:53 开始操作号码 【1673025】
2021-07-12 01:26:58 GSD getOne 第 1 次 等待 1 秒
2021-07-12 01:26:59 查询号码 【1673025】，返回信息 {"status":"bad","msg":""}
2021-07-12 01:26:59 查询号码 【1673025】，GSD为【""】
2021-07-12 01:26:59 bad
2021-07-12 01:27:01 CHB 1673025?1626024419 第 1 次 等待 1 秒
2021-07-12 01:27:02 CHB 1673025?1626024419 第 1 次 获取到号码【1673025】GSD
2021-07-12 01:27:02 获取到号码【1673025】的GSD为【上海-上海】
2021-07-12 01:27:24 GSD insert 第 1 次 等待 1 秒
2021-07-12 01:27:25 {"status":"ok","msg":"添加成功！252420"}
2021-07-12 01:27:25 下次操作: 2021-07-12 01:27:42

2021-07-12 01:27:42 开始第 27 次操作

2021-07-12 01:27:42 开始操作号码 【1673026】
2021-07-12 01:27:47 GSD getOne 第 1 次 等待 1 秒
2021-07-12 01:27:48 查询号码 【1673026】，返回信息 {"status":"bad","msg":""}
2021-07-12 01:27:48 查询号码 【1673026】，GSD为【""】
2021-07-12 01:27:48 bad
2021-07-12 01:27:50 CHB 1673026?1626024468 第 1 次 等待 1 秒
2021-07-12 01:27:51 CHB 1673026?1626024468 第 1 次 获取到号码【1673026】GSD
2021-07-12 01:27:51 获取到号码【1673026】的GSD为【上海-上海】
2021-07-12 01:28:10 GSD insert 第 1 次 等待 1 秒
2021-07-12 01:28:11 {"status":"ok","msg":"添加成功！252424"}
2021-07-12 01:28:11 下次操作: 2021-07-12 01:28:25

2021-07-12 01:28:25 开始第 28 次操作

2021-07-12 01:28:25 开始操作号码 【1673027】
2021-07-12 01:28:29 GSD getOne 第 1 次 等待 1 秒
2021-07-12 01:28:31 查询号码 【1673027】，返回信息 {"status":"bad","msg":""}
2021-07-12 01:28:31 查询号码 【1673027】，GSD为【""】
2021-07-12 01:28:31 bad
2021-07-12 01:28:33 CHB 1673027?1626024511 第 1 次 等待 1 秒
2021-07-12 01:28:34 CHB 1673027?1626024511 第 1 次 获取到号码【1673027】GSD
2021-07-12 01:28:34 获取到号码【1673027】的GSD为【上海-上海】
2021-07-12 01:28:53 GSD insert 第 1 次 等待 1 秒
2021-07-12 01:28:54 {"status":"ok","msg":"添加成功！252426"}
2021-07-12 01:28:54 下次操作: 2021-07-12 01:29:12

2021-07-12 01:29:12 开始第 29 次操作

2021-07-12 01:29:12 开始操作号码 【1673028】
2021-07-12 01:29:16 GSD getOne 第 1 次 等待 1 秒
2021-07-12 01:29:17 查询号码 【1673028】，返回信息 {"status":"bad","msg":""}
2021-07-12 01:29:17 查询号码 【1673028】，GSD为【""】
2021-07-12 01:29:17 bad
2021-07-12 01:29:22 CHB 1673028?1626024557 第 1 次 等待 1 秒
2021-07-12 01:29:23 CHB 1673028?1626024557 第 1 次 获取到号码【1673028】GSD
2021-07-12 01:29:23 获取到号码【1673028】的GSD为【上海-上海】
2021-07-12 01:29:42 GSD insert 第 1 次 等待 1 秒
2021-07-12 01:29:43 {"status":"ok","msg":"添加成功！252430"}
2021-07-12 01:29:43 下次操作: 2021-07-12 01:29:57

2021-07-12 01:29:57 开始第 30 次操作

2021-07-12 01:29:57 开始操作号码 【1673029】
2021-07-12 01:30:02 GSD getOne 第 1 次 等待 1 秒
2021-07-12 01:30:03 查询号码 【1673029】，返回信息 {"status":"bad","msg":""}
2021-07-12 01:30:03 查询号码 【1673029】，GSD为【""】
2021-07-12 01:30:03 bad
2021-07-12 01:30:31 CHB 1673029?1626024603 第 1 次 等待 1 秒
2021-07-12 01:30:32 CHB 1673029?1626024603 第 1 次 获取到号码【1673029】GSD
2021-07-12 01:30:32 获取到号码【1673029】的GSD为【上海-上海】
2021-07-12 01:30:36 GSD insert 第 1 次 等待 1 秒
2021-07-12 01:30:37 {"status":"ok","msg":"添加成功！252432"}

