2024-01-20 00:18:43 开始第 9737 次操作

2024-01-20 00:18:43 开始操作号码 【1819639】
2024-01-20 00:18:47 GSD getOne 第 1 次 等待 3 秒
2024-01-20 00:18:50 查询号码 【1819639】，返回信息 {"status":"ok","msg":"新疆-阿克苏","gid":"375720","time_insert":"2021-07-24 09:45"}
2024-01-20 00:18:50 查询号码 【1819639】，GSD为【"新疆-阿克苏"】

2024-01-20 00:18:51 开始第 9738 次操作

2024-01-20 00:18:51 开始操作号码 【1819640】
2024-01-20 00:18:56 GSD getOne 第 1 次 等待 3 秒
2024-01-20 00:18:59 查询号码 【1819640】，返回信息 {"status":"ok","msg":"新疆-库尔勒","gid":"375711","time_insert":"2021-07-24 09:44"}
2024-01-20 00:18:59 查询号码 【1819640】，GSD为【"新疆-库尔勒"】

2024-01-20 00:19:00 开始第 9739 次操作

2024-01-20 00:19:00 开始操作号码 【1819641】
2024-01-20 00:19:29 GSD getOne 第 1 次 等待 3 秒
2024-01-20 00:19:32 查询号码 【1819641】，返回信息 {"status":"ok","msg":"新疆-伊犁","gid":"375701","time_insert":"2021-07-24 09:43"}
2024-01-20 00:19:32 查询号码 【1819641】，GSD为【"新疆-伊犁"】

2024-01-20 00:19:33 开始第 9740 次操作

2024-01-20 00:19:33 开始操作号码 【1819642】
2024-01-20 00:19:37 GSD getOne 第 1 次 等待 3 秒
2024-01-20 00:19:40 查询号码 【1819642】，返回信息 {"status":"ok","msg":"新疆-库尔勒","gid":"34530","time_insert":"2019-10-28 17:24","time_update":"2020-12-24 20:29"}
2024-01-20 00:19:40 查询号码 【1819642】，GSD为【"新疆-库尔勒"】

2024-01-20 00:40:58 开始第 9741 次操作

2024-01-20 00:40:58 开始操作号码 【1819643】
2024-01-20 00:41:02 GSD getOne 第 1 次 等待 3 秒
2024-01-20 00:41:05 查询号码 【1819643】，返回信息 {"status":"ok","msg":"新疆-库尔勒","gid":"375694","time_insert":"2021-07-24 09:43"}
2024-01-20 00:41:05 查询号码 【1819643】，GSD为【"新疆-库尔勒"】

2024-01-20 00:41:06 开始第 9742 次操作

2024-01-20 00:41:06 开始操作号码 【1819644】
2024-01-20 00:41:10 GSD getOne 第 1 次 等待 3 秒
2024-01-20 00:41:13 查询号码 【1819644】，返回信息 {"status":"ok","msg":"新疆-库尔勒","gid":"375685","time_insert":"2021-07-24 09:42"}
2024-01-20 00:41:13 查询号码 【1819644】，GSD为【"新疆-库尔勒"】

2024-01-20 00:41:14 开始第 9743 次操作

2024-01-20 00:41:14 开始操作号码 【1819645】
2024-01-20 00:41:18 GSD getOne 第 1 次 等待 3 秒
2024-01-20 00:41:21 查询号码 【1819645】，返回信息 {"status":"ok","msg":"新疆-库尔勒","gid":"375674","time_insert":"2021-07-24 09:42"}
2024-01-20 00:41:21 查询号码 【1819645】，GSD为【"新疆-库尔勒"】

2024-01-20 00:41:22 开始第 9744 次操作

2024-01-20 00:41:22 开始操作号码 【1819646】
2024-01-20 00:41:26 GSD getOne 第 1 次 等待 3 秒
2024-01-20 00:41:29 查询号码 【1819646】，返回信息 {"status":"ok","msg":"新疆-库尔勒","gid":"375668","time_insert":"2021-07-24 09:41"}
2024-01-20 00:41:29 查询号码 【1819646】，GSD为【"新疆-库尔勒"】

2024-01-20 01:12:52 开始第 9745 次操作

2024-01-20 01:12:52 开始操作号码 【1819647】
2024-01-20 01:12:56 GSD getOne 第 1 次 等待 3 秒
2024-01-20 01:12:59 查询号码 【1819647】，返回信息 {"status":"ok","msg":"新疆-库尔勒","gid":"375658","time_insert":"2021-07-24 09:41"}
2024-01-20 01:12:59 查询号码 【1819647】，GSD为【"新疆-库尔勒"】

2024-01-20 01:13:00 开始第 9746 次操作

2024-01-20 01:13:00 开始操作号码 【1819648】
2024-01-20 01:13:05 GSD getOne 第 1 次 等待 3 秒
2024-01-20 01:13:08 查询号码 【1819648】，返回信息 {"status":"ok","msg":"新疆-库尔勒","gid":"375647","time_insert":"2021-07-24 09:40"}
2024-01-20 01:13:08 查询号码 【1819648】，GSD为【"新疆-库尔勒"】

2024-01-20 01:13:09 开始第 9747 次操作

2024-01-20 01:13:09 开始操作号码 【1819649】
2024-01-20 01:13:13 GSD getOne 第 1 次 等待 3 秒
2024-01-20 01:13:16 查询号码 【1819649】，返回信息 {"status":"ok","msg":"新疆-库尔勒","gid":"375640","time_insert":"2021-07-24 09:40"}
2024-01-20 01:13:16 查询号码 【1819649】，GSD为【"新疆-库尔勒"】

2024-01-20 01:13:17 开始第 9748 次操作

2024-01-20 01:13:17 开始操作号码 【1819650】
2024-01-20 01:13:22 GSD getOne 第 1 次 等待 3 秒
2024-01-20 01:13:25 查询号码 【1819650】，返回信息 {"status":"ok","msg":"安徽-芜湖","gid":"375630","time_insert":"2021-07-24 09:39"}
2024-01-20 01:13:25 查询号码 【1819650】，GSD为【"安徽-芜湖"】

2024-01-20 01:35:45 开始第 9749 次操作

2024-01-20 01:35:45 开始操作号码 【1819651】
2024-01-20 01:35:49 GSD getOne 第 1 次 等待 3 秒
2024-01-20 01:35:52 查询号码 【1819651】，返回信息 {"status":"ok","msg":"安徽-芜湖","gid":"375622","time_insert":"2021-07-24 09:38"}
2024-01-20 01:35:52 查询号码 【1819651】，GSD为【"安徽-芜湖"】

2024-01-20 01:35:53 开始第 9750 次操作

2024-01-20 01:35:53 开始操作号码 【1819652】
2024-01-20 01:35:57 GSD getOne 第 1 次 等待 3 秒
2024-01-20 01:36:00 查询号码 【1819652】，返回信息 {"status":"ok","msg":"安徽-芜湖","gid":"375616","time_insert":"2021-07-24 09:38"}
2024-01-20 01:36:00 查询号码 【1819652】，GSD为【"安徽-芜湖"】

2024-01-20 01:36:01 开始第 9751 次操作

2024-01-20 01:36:01 开始操作号码 【1819653】
2024-01-20 01:36:05 GSD getOne 第 1 次 等待 3 秒
2024-01-20 01:36:08 查询号码 【1819653】，返回信息 {"status":"ok","msg":"安徽-芜湖","gid":"375437","time_insert":"2021-07-24 08:10"}
2024-01-20 01:36:08 查询号码 【1819653】，GSD为【"安徽-芜湖"】

2024-01-20 01:36:09 开始第 9752 次操作

2024-01-20 01:36:09 开始操作号码 【1819654】
2024-01-20 01:36:13 GSD getOne 第 1 次 等待 3 秒
2024-01-20 01:36:16 查询号码 【1819654】，返回信息 {"status":"ok","msg":"安徽-芜湖","gid":"375432","time_insert":"2021-07-24 08:10"}
2024-01-20 01:36:16 查询号码 【1819654】，GSD为【"安徽-芜湖"】

2024-01-20 02:18:23 开始第 9753 次操作

2024-01-20 02:18:23 开始操作号码 【1819655】
2024-01-20 02:18:27 GSD getOne 第 1 次 等待 3 秒
2024-01-20 02:18:30 查询号码 【1819655】，返回信息 {"status":"ok","msg":"安徽-芜湖","gid":"34531","time_insert":"2017-04-20 16:08","time_update":"2020-08-09 09:40"}
2024-01-20 02:18:30 查询号码 【1819655】，GSD为【"安徽-芜湖"】

2024-01-20 02:18:31 开始第 9754 次操作

2024-01-20 02:18:31 开始操作号码 【1819656】
2024-01-20 02:18:35 GSD getOne 第 1 次 等待 3 秒
2024-01-20 02:18:38 查询号码 【1819656】，返回信息 {"status":"ok","msg":"安徽-芜湖","gid":"375427","time_insert":"2021-07-24 08:09"}
2024-01-20 02:18:38 查询号码 【1819656】，GSD为【"安徽-芜湖"】

2024-01-20 02:18:39 开始第 9755 次操作

2024-01-20 02:18:39 开始操作号码 【1819657】
2024-01-20 02:18:43 GSD getOne 第 1 次 等待 3 秒
2024-01-20 02:18:46 查询号码 【1819657】，返回信息 {"status":"ok","msg":"安徽-芜湖","gid":"375425","time_insert":"2021-07-24 08:08"}
2024-01-20 02:18:46 查询号码 【1819657】，GSD为【"安徽-芜湖"】

2024-01-20 02:18:47 开始第 9756 次操作

2024-01-20 02:18:47 开始操作号码 【1819658】
2024-01-20 02:18:50 GSD getOne 第 1 次 等待 3 秒
2024-01-20 02:18:53 查询号码 【1819658】，返回信息 {"status":"ok","msg":"安徽-芜湖","gid":"375421","time_insert":"2021-07-24 08:07"}
2024-01-20 02:18:53 查询号码 【1819658】，GSD为【"安徽-芜湖"】

2024-01-20 02:37:38 开始第 9757 次操作

2024-01-20 02:37:38 开始操作号码 【1819659】
2024-01-20 02:37:42 GSD getOne 第 1 次 等待 3 秒
2024-01-20 02:37:45 查询号码 【1819659】，返回信息 {"status":"ok","msg":"安徽-芜湖","gid":"375416","time_insert":"2021-07-24 08:06"}
2024-01-20 02:37:45 查询号码 【1819659】，GSD为【"安徽-芜湖"】

2024-01-20 02:37:46 开始第 9758 次操作

2024-01-20 02:37:46 开始操作号码 【1819660】
2024-01-20 02:37:50 GSD getOne 第 1 次 等待 3 秒
2024-01-20 02:37:53 查询号码 【1819660】，返回信息 {"status":"ok","msg":"安徽-蚌埠","gid":"375411","time_insert":"2021-07-24 08:05"}
2024-01-20 02:37:53 查询号码 【1819660】，GSD为【"安徽-蚌埠"】

2024-01-20 02:37:54 开始第 9759 次操作

2024-01-20 02:37:54 开始操作号码 【1819661】
2024-01-20 02:37:57 GSD getOne 第 1 次 等待 3 秒
2024-01-20 02:38:00 查询号码 【1819661】，返回信息 {"status":"ok","msg":"安徽-蚌埠","gid":"375406","time_insert":"2021-07-24 08:04"}
2024-01-20 02:38:01 查询号码 【1819661】，GSD为【"安徽-蚌埠"】

2024-01-20 02:38:02 开始第 9760 次操作

2024-01-20 02:38:02 开始操作号码 【1819662】
2024-01-20 02:38:05 GSD getOne 第 1 次 等待 3 秒
2024-01-20 02:38:08 查询号码 【1819662】，返回信息 {"status":"ok","msg":"安徽-蚌埠","gid":"375403","time_insert":"2021-07-24 08:03"}
2024-01-20 02:38:08 查询号码 【1819662】，GSD为【"安徽-蚌埠"】

2024-01-20 03:11:24 开始第 9761 次操作

2024-01-20 03:11:24 开始操作号码 【1819663】
2024-01-20 03:11:28 GSD getOne 第 1 次 等待 3 秒
2024-01-20 03:11:31 查询号码 【1819663】，返回信息 {"status":"ok","msg":"安徽-蚌埠","gid":"375400","time_insert":"2021-07-24 08:02"}
2024-01-20 03:11:31 查询号码 【1819663】，GSD为【"安徽-蚌埠"】

2024-01-20 03:11:32 开始第 9762 次操作

2024-01-20 03:11:32 开始操作号码 【1819664】
2024-01-20 03:11:35 GSD getOne 第 1 次 等待 3 秒
2024-01-20 03:11:38 查询号码 【1819664】，返回信息 {"status":"ok","msg":"安徽-蚌埠","gid":"375394","time_insert":"2021-07-24 08:02"}
2024-01-20 03:11:38 查询号码 【1819664】，GSD为【"安徽-蚌埠"】

2024-01-20 03:11:39 开始第 9763 次操作

2024-01-20 03:11:39 开始操作号码 【1819665】
2024-01-20 03:11:43 GSD getOne 第 1 次 等待 3 秒
2024-01-20 03:11:46 查询号码 【1819665】，返回信息 {"status":"ok","msg":"安徽-蚌埠","gid":"375384","time_insert":"2021-07-24 08:01"}
2024-01-20 03:11:46 查询号码 【1819665】，GSD为【"安徽-蚌埠"】

2024-01-20 03:11:47 开始第 9764 次操作

2024-01-20 03:11:47 开始操作号码 【1819666】
2024-01-20 03:11:51 GSD getOne 第 1 次 等待 3 秒
2024-01-20 03:11:54 查询号码 【1819666】，返回信息 {"status":"ok","msg":"安徽-芜湖","gid":"375379","time_insert":"2021-07-24 08:00"}
2024-01-20 03:11:54 查询号码 【1819666】，GSD为【"安徽-芜湖"】

2024-01-20 03:35:52 开始第 9765 次操作

2024-01-20 03:35:52 开始操作号码 【1819667】
2024-01-20 03:35:56 GSD getOne 第 1 次 等待 3 秒
2024-01-20 03:35:59 查询号码 【1819667】，返回信息 {"status":"ok","msg":"安徽-阜阳","gid":"375369","time_insert":"2021-07-24 07:59"}
2024-01-20 03:35:59 查询号码 【1819667】，GSD为【"安徽-阜阳"】

2024-01-20 03:36:00 开始第 9766 次操作

2024-01-20 03:36:00 开始操作号码 【1819668】
2024-01-20 03:36:04 GSD getOne 第 1 次 等待 3 秒
2024-01-20 03:36:07 查询号码 【1819668】，返回信息 {"status":"ok","msg":"安徽-阜阳","gid":"375357","time_insert":"2021-07-24 07:58"}
2024-01-20 03:36:07 查询号码 【1819668】，GSD为【"安徽-阜阳"】

2024-01-20 03:36:08 开始第 9767 次操作

2024-01-20 03:36:08 开始操作号码 【1819669】
2024-01-20 03:36:11 GSD getOne 第 1 次 等待 3 秒
2024-01-20 03:36:14 查询号码 【1819669】，返回信息 {"status":"ok","msg":"安徽-阜阳","gid":"375341","time_insert":"2021-07-24 07:57","time_update":"2021-08-03 23:48"}
2024-01-20 03:36:14 查询号码 【1819669】，GSD为【"安徽-阜阳"】

2024-01-20 03:36:15 开始第 9768 次操作

2024-01-20 03:36:15 开始操作号码 【1819670】
2024-01-20 03:36:19 GSD getOne 第 1 次 等待 3 秒
2024-01-20 03:36:22 查询号码 【1819670】，返回信息 {"status":"ok","msg":"安徽-宣城","gid":"375326","time_insert":"2021-07-24 07:57"}
2024-01-20 03:36:22 查询号码 【1819670】，GSD为【"安徽-宣城"】

2024-01-20 04:15:06 开始第 9769 次操作

2024-01-20 04:15:06 开始操作号码 【1819671】
2024-01-20 04:15:10 GSD getOne 第 1 次 等待 3 秒
2024-01-20 04:15:13 查询号码 【1819671】，返回信息 {"status":"ok","msg":"安徽-宣城","gid":"375315","time_insert":"2021-07-24 07:56"}
2024-01-20 04:15:13 查询号码 【1819671】，GSD为【"安徽-宣城"】

2024-01-20 04:15:14 开始第 9770 次操作

2024-01-20 04:15:14 开始操作号码 【1819672】
2024-01-20 04:15:17 GSD getOne 第 1 次 等待 3 秒
2024-01-20 04:15:20 查询号码 【1819672】，返回信息 {"status":"ok","msg":"安徽-宣城","gid":"375298","time_insert":"2021-07-24 07:55"}
2024-01-20 04:15:20 查询号码 【1819672】，GSD为【"安徽-宣城"】

2024-01-20 04:15:21 开始第 9771 次操作

2024-01-20 04:15:21 开始操作号码 【1819673】
2024-01-20 04:15:25 GSD getOne 第 1 次 等待 3 秒
2024-01-20 04:15:28 查询号码 【1819673】，返回信息 {"status":"ok","msg":"安徽-宣城","gid":"375287","time_insert":"2021-07-24 07:54"}
2024-01-20 04:15:28 查询号码 【1819673】，GSD为【"安徽-宣城"】

2024-01-20 04:15:29 开始第 9772 次操作

2024-01-20 04:15:29 开始操作号码 【1819674】
2024-01-20 04:15:33 GSD getOne 第 1 次 等待 3 秒
2024-01-20 04:15:36 查询号码 【1819674】，返回信息 {"status":"ok","msg":"安徽-宣城","gid":"375276","time_insert":"2021-07-24 07:54"}
2024-01-20 04:15:36 查询号码 【1819674】，GSD为【"安徽-宣城"】

