2024-06-28 00:19:03 开始第 3085 次操作

2024-06-28 00:19:03 开始操作号码 【1482986】
2024-06-28 00:19:50 GSD getOne 第 1 次 等待 3 秒
2024-06-28 00:19:53 查询号码 【1482986】，返回信息 {"status":"ok","msg":"-","gid":"184230","time_insert":"2021-07-03 20:10"}
2024-06-28 00:19:53 查询号码 【1482986】，GSD为【"-"】
2024-06-28 00:19:53 ok && -
2024-06-28 00:19:54 CHB 1482986?1719505193 第 1 次 等待 3 秒
2024-06-28 00:19:57 CHB 1482986?1719505193 第 1 次 获取到号码【1482986】GSD
2024-06-28 00:19:57 未获取到号码【1482986】GSD，可能号码格式错误
2024-06-28 00:19:57 获取到号码【1482986】的GSD为【-】
2024-06-28 00:20:11 GSD insert 第 1 次 等待 3 秒
2024-06-28 00:20:14 {"status":"bad","gid":"184230","msg":"添加失败！号码【1482986(-|-)】已存在！"}
2024-06-28 00:20:14 随机等待 204 秒，约 3 分钟
2024-06-28 00:20:14 下次操作: 2024-06-28 00:23:38

2024-06-28 00:23:38 开始第 3086 次操作

2024-06-28 00:23:38 开始操作号码 【1482987】
2024-06-28 00:24:07 GSD getOne 第 1 次 等待 3 秒
2024-06-28 00:24:10 查询号码 【1482987】，返回信息 {"status":"ok","msg":"-","gid":"184238","time_insert":"2021-07-03 20:14"}
2024-06-28 00:24:10 查询号码 【1482987】，GSD为【"-"】
2024-06-28 00:24:10 ok && -
2024-06-28 00:24:12 CHB 1482987?1719505450 第 1 次 等待 3 秒
2024-06-28 00:24:15 CHB 1482987?1719505450 第 1 次 获取到号码【1482987】GSD
2024-06-28 00:24:15 未获取到号码【1482987】GSD，可能号码格式错误
2024-06-28 00:24:15 获取到号码【1482987】的GSD为【-】
2024-06-28 00:24:38 GSD insert 第 1 次 等待 3 秒
2024-06-28 00:24:41 {"status":"bad","gid":"184238","msg":"添加失败！号码【1482987(-|-)】已存在！"}
2024-06-28 00:24:41 随机等待 85 秒，约 1 分钟
2024-06-28 00:24:41 下次操作: 2024-06-28 00:26:06

2024-06-28 00:26:06 开始第 3087 次操作

2024-06-28 00:26:06 开始操作号码 【1482988】
2024-06-28 00:26:26 GSD getOne 第 1 次 等待 3 秒
2024-06-28 00:26:29 查询号码 【1482988】，返回信息 {"status":"ok","msg":"-","gid":"184247","time_insert":"2021-07-03 20:18"}
2024-06-28 00:26:29 查询号码 【1482988】，GSD为【"-"】
2024-06-28 00:26:29 ok && -
2024-06-28 00:26:30 CHB 1482988?1719505589 第 1 次 等待 3 秒
2024-06-28 00:26:33 CHB 1482988?1719505589 第 1 次 获取到号码【1482988】GSD
2024-06-28 00:26:33 未获取到号码【1482988】GSD，可能号码格式错误
2024-06-28 00:26:33 获取到号码【1482988】的GSD为【-】
2024-06-28 00:26:50 GSD insert 第 1 次 等待 3 秒
2024-06-28 00:26:53 {"status":"bad","gid":"184247","msg":"添加失败！号码【1482988(-|-)】已存在！"}
2024-06-28 00:26:53 随机等待 232 秒，约 3 分钟
2024-06-28 00:26:53 下次操作: 2024-06-28 00:30:45

2024-06-28 00:30:45 开始第 3088 次操作

2024-06-28 00:30:45 开始操作号码 【1482989】
2024-06-28 00:31:12 GSD getOne 第 1 次 等待 3 秒
2024-06-28 00:31:15 查询号码 【1482989】，返回信息 {"status":"ok","msg":"-","gid":"184250","time_insert":"2021-07-03 20:21"}
2024-06-28 00:31:15 查询号码 【1482989】，GSD为【"-"】
2024-06-28 00:31:15 ok && -
2024-06-28 00:31:17 CHB 1482989?1719505875 第 1 次 等待 3 秒
2024-06-28 00:31:20 CHB 1482989?1719505875 第 1 次 获取到号码【1482989】GSD
2024-06-28 00:31:20 未获取到号码【1482989】GSD，可能号码格式错误
2024-06-28 00:31:20 获取到号码【1482989】的GSD为【-】
2024-06-28 00:31:38 GSD insert 第 1 次 等待 3 秒
2024-06-28 00:31:41 {"status":"bad","gid":"184250","msg":"添加失败！号码【1482989(-|-)】已存在！"}

2024-06-28 00:40:36 开始第 3089 次操作

2024-06-28 00:40:36 开始操作号码 【1482990】
2024-06-28 00:41:15 GSD getOne 第 1 次 等待 3 秒
2024-06-28 00:41:18 查询号码 【1482990】，返回信息 {"status":"ok","msg":"-","gid":"184258","time_insert":"2021-07-03 20:27"}
2024-06-28 00:41:18 查询号码 【1482990】，GSD为【"-"】
2024-06-28 00:41:18 ok && -
2024-06-28 00:41:20 CHB 1482990?1719506478 第 1 次 等待 3 秒
2024-06-28 00:41:23 CHB 1482990?1719506478 第 1 次 获取到号码【1482990】GSD
2024-06-28 00:41:23 未获取到号码【1482990】GSD，可能号码格式错误
2024-06-28 00:41:23 获取到号码【1482990】的GSD为【-】
2024-06-28 00:42:02 GSD insert 第 1 次 等待 3 秒
2024-06-28 00:42:05 {"status":"bad","gid":"184258","msg":"添加失败！号码【1482990(-|-)】已存在！"}
2024-06-28 00:42:05 随机等待 222 秒，约 3 分钟
2024-06-28 00:42:05 下次操作: 2024-06-28 00:45:47

2024-06-28 00:45:47 开始第 3090 次操作

2024-06-28 00:45:47 开始操作号码 【1482991】
2024-06-28 00:46:01 GSD getOne 第 1 次 等待 3 秒
2024-06-28 00:46:04 查询号码 【1482991】，返回信息 {"status":"ok","msg":"-","gid":"184267","time_insert":"2021-07-03 20:30"}
2024-06-28 00:46:04 查询号码 【1482991】，GSD为【"-"】
2024-06-28 00:46:04 ok && -
2024-06-28 00:46:06 CHB 1482991?1719506764 第 1 次 等待 3 秒
2024-06-28 00:46:09 CHB 1482991?1719506764 第 1 次 获取到号码【1482991】GSD
2024-06-28 00:46:09 未获取到号码【1482991】GSD，可能号码格式错误
2024-06-28 00:46:09 获取到号码【1482991】的GSD为【-】
2024-06-28 00:46:28 GSD insert 第 1 次 等待 3 秒
2024-06-28 00:46:31 {"status":"bad","gid":"184267","msg":"添加失败！号码【1482991(-|-)】已存在！"}
2024-06-28 00:46:31 随机等待 71 秒，约 1 分钟
2024-06-28 00:46:31 下次操作: 2024-06-28 00:47:42

2024-06-28 00:47:42 开始第 3091 次操作

2024-06-28 00:47:42 开始操作号码 【1482992】
2024-06-28 00:47:57 GSD getOne 第 1 次 等待 3 秒
2024-06-28 00:48:00 查询号码 【1482992】，返回信息 {"status":"ok","msg":"-","gid":"184272","time_insert":"2021-07-03 20:33"}
2024-06-28 00:48:00 查询号码 【1482992】，GSD为【"-"】
2024-06-28 00:48:00 ok && -
2024-06-28 00:48:02 CHB 1482992?1719506880 第 1 次 等待 3 秒
2024-06-28 00:48:05 CHB 1482992?1719506880 第 1 次 获取到号码【1482992】GSD
2024-06-28 00:48:05 未获取到号码【1482992】GSD，可能号码格式错误
2024-06-28 00:48:05 获取到号码【1482992】的GSD为【-】
2024-06-28 00:48:20 GSD insert 第 1 次 等待 3 秒
2024-06-28 00:48:23 {"status":"bad","gid":"184272","msg":"添加失败！号码【1482992(-|-)】已存在！"}
2024-06-28 00:48:23 随机等待 76 秒，约 1 分钟
2024-06-28 00:48:23 下次操作: 2024-06-28 00:49:39

2024-06-28 00:49:39 开始第 3092 次操作

2024-06-28 00:49:39 开始操作号码 【1482993】
2024-06-28 00:49:55 GSD getOne 第 1 次 等待 3 秒
2024-06-28 00:49:58 查询号码 【1482993】，返回信息 {"status":"ok","msg":"-","gid":"184277","time_insert":"2021-07-03 20:36"}
2024-06-28 00:49:58 查询号码 【1482993】，GSD为【"-"】
2024-06-28 00:49:58 ok && -
2024-06-28 00:50:00 CHB 1482993?1719506998 第 1 次 等待 3 秒
2024-06-28 00:50:03 CHB 1482993?1719506998 第 1 次 获取到号码【1482993】GSD
2024-06-28 00:50:03 未获取到号码【1482993】GSD，可能号码格式错误
2024-06-28 00:50:03 获取到号码【1482993】的GSD为【-】
2024-06-28 00:50:17 GSD insert 第 1 次 等待 3 秒
2024-06-28 00:50:20 {"status":"bad","gid":"184277","msg":"添加失败！号码【1482993(-|-)】已存在！"}

