2021-08-02 00:00:31 开始第 25 次操作

2021-08-02 00:00:31 开始操作号码 【1843492】
2021-08-02 00:00:35 GSD getOne 第 1 次 等待 3 秒
2021-08-02 00:00:38 查询号码 【1843492】，返回信息 {"status":"bad","msg":""}
2021-08-02 00:00:38 查询号码 【1843492】，GSD为【""】
2021-08-02 00:00:38 bad
2021-08-02 00:00:41 CHB 1843492?1627833638 第 1 次 等待 3 秒
2021-08-02 00:00:44 CHB 1843492?1627833638 第 1 次 获取到号码【1843492】GSD
2021-08-02 00:00:44 获取到号码【1843492】的GSD为【山西-运城】
2021-08-02 00:00:48 GSD insert 第 1 次 等待 3 秒
2021-08-02 00:00:51 {"status":"ok","gid":473043,"msg":"添加成功！"}
2021-08-02 00:00:51 下次操作: 2021-08-02 00:01:04

2021-08-02 00:01:04 开始第 26 次操作

2021-08-02 00:01:04 开始操作号码 【1843491】
2021-08-02 00:01:16 GSD getOne 第 1 次 等待 3 秒
2021-08-02 00:01:19 查询号码 【1843491】，返回信息 {"status":"bad","msg":""}
2021-08-02 00:01:19 查询号码 【1843491】，GSD为【""】
2021-08-02 00:01:19 bad
2021-08-02 00:01:21 CHB 1843491?1627833679 第 1 次 等待 3 秒
2021-08-02 00:01:24 CHB 1843491?1627833679 第 1 次 获取到号码【1843491】GSD
2021-08-02 00:01:24 获取到号码【1843491】的GSD为【山西-运城】
2021-08-02 00:01:33 GSD insert 第 1 次 等待 3 秒
2021-08-02 00:01:36 {"status":"ok","gid":473053,"msg":"添加成功！"}
2021-08-02 00:01:36 下次操作: 2021-08-02 00:01:54

2021-08-02 00:01:54 开始第 27 次操作

2021-08-02 00:01:54 开始操作号码 【1843490】
2021-08-02 00:01:58 GSD getOne 第 1 次 等待 3 秒
2021-08-02 00:02:01 查询号码 【1843490】，返回信息 {"status":"bad","msg":""}
2021-08-02 00:02:01 查询号码 【1843490】，GSD为【""】
2021-08-02 00:02:01 bad
2021-08-02 00:02:03 CHB 1843490?1627833721 第 1 次 等待 3 秒
2021-08-02 00:02:06 CHB 1843490?1627833721 第 1 次 获取到号码【1843490】GSD
2021-08-02 00:02:06 获取到号码【1843490】的GSD为【山西-运城】
2021-08-02 00:02:11 GSD insert 第 1 次 等待 3 秒
2021-08-02 00:02:14 {"status":"ok","gid":473062,"msg":"添加成功！"}
2021-08-02 00:02:14 下次操作: 2021-08-02 00:02:26

2021-08-02 00:02:26 开始第 28 次操作

2021-08-02 00:02:26 开始操作号码 【1843489】
2021-08-02 00:02:45 GSD getOne 第 1 次 等待 3 秒
2021-08-02 00:02:48 查询号码 【1843489】，返回信息 {"status":"bad","msg":""}
2021-08-02 00:02:48 查询号码 【1843489】，GSD为【""】
2021-08-02 00:02:48 bad
2021-08-02 00:02:52 CHB 1843489?1627833768 第 1 次 等待 3 秒
2021-08-02 00:02:55 CHB 1843489?1627833768 第 1 次 获取到号码【1843489】GSD
2021-08-02 00:02:55 获取到号码【1843489】的GSD为【山西-运城】
2021-08-02 00:03:01 GSD insert 第 1 次 等待 3 秒
2021-08-02 00:03:04 {"status":"ok","gid":473072,"msg":"添加成功！"}
2021-08-02 00:03:04 下次操作: 2021-08-02 00:03:22

2021-08-02 00:03:22 开始第 29 次操作

2021-08-02 00:03:22 开始操作号码 【1843488】
2021-08-02 00:03:47 GSD getOne 第 1 次 等待 3 秒
2021-08-02 00:03:50 查询号码 【1843488】，返回信息 {"status":"bad","msg":""}
2021-08-02 00:03:50 查询号码 【1843488】，GSD为【""】
2021-08-02 00:03:50 bad
2021-08-02 00:03:52 CHB 1843488?1627833830 第 1 次 等待 3 秒
2021-08-02 00:03:55 CHB 1843488?1627833830 第 1 次 获取到号码【1843488】GSD
2021-08-02 00:03:55 获取到号码【1843488】的GSD为【山西-运城】
2021-08-02 00:04:02 GSD insert 第 1 次 等待 3 秒
2021-08-02 00:04:05 {"status":"ok","gid":473084,"msg":"添加成功！"}
2021-08-02 00:04:05 下次操作: 2021-08-02 00:04:18

2021-08-02 00:04:18 开始第 30 次操作

2021-08-02 00:04:18 开始操作号码 【1843487】
2021-08-02 00:05:26 GSD getOne 第 1 次 等待 3 秒
2021-08-02 00:05:29 查询号码 【1843487】，返回信息 {"status":"bad","msg":""}
2021-08-02 00:05:29 查询号码 【1843487】，GSD为【""】
2021-08-02 00:05:29 bad
2021-08-02 00:05:31 CHB 1843487?1627833929 第 1 次 等待 3 秒
2021-08-02 00:05:34 CHB 1843487?1627833929 第 1 次 获取到号码【1843487】GSD
2021-08-02 00:05:34 获取到号码【1843487】的GSD为【山西-运城】
2021-08-02 00:06:01 GSD insert 第 1 次 等待 3 秒
2021-08-02 00:06:04 {"status":"ok","gid":473110,"msg":"添加成功！"}
2021-08-02 00:06:04 下次操作: 2021-08-02 00:06:16

2021-08-02 00:06:16 开始第 31 次操作

2021-08-02 00:06:16 开始操作号码 【1843486】
2021-08-02 00:06:30 GSD getOne 第 1 次 等待 3 秒
2021-08-02 00:06:33 查询号码 【1843486】，返回信息 {"status":"bad","msg":""}
2021-08-02 00:06:33 查询号码 【1843486】，GSD为【""】
2021-08-02 00:06:33 bad
2021-08-02 00:06:35 CHB 1843486?1627833993 第 1 次 等待 3 秒
2021-08-02 00:06:38 CHB 1843486?1627833993 第 1 次 获取到号码【1843486】GSD
2021-08-02 00:06:38 获取到号码【1843486】的GSD为【山西-运城】
2021-08-02 00:06:51 GSD insert 第 1 次 等待 3 秒
2021-08-02 00:06:54 {"status":"ok","gid":473122,"msg":"添加成功！"}
2021-08-02 00:06:54 下次操作: 2021-08-02 00:07:13

2021-08-02 00:07:13 开始第 32 次操作

2021-08-02 00:07:13 开始操作号码 【1843485】
2021-08-02 00:07:22 GSD getOne 第 1 次 等待 3 秒
2021-08-02 00:07:25 查询号码 【1843485】，返回信息 {"status":"bad","msg":""}
2021-08-02 00:07:26 查询号码 【1843485】，GSD为【""】
2021-08-02 00:07:26 bad
2021-08-02 00:07:27 CHB 1843485?1627834046 第 1 次 等待 3 秒
2021-08-02 00:07:30 CHB 1843485?1627834046 第 1 次 获取到号码【1843485】GSD
2021-08-02 00:07:30 获取到号码【1843485】的GSD为【山西-临汾】
2021-08-02 00:07:40 GSD insert 第 1 次 等待 3 秒
2021-08-02 00:07:43 {"status":"ok","gid":473134,"msg":"添加成功！"}
2021-08-02 00:07:43 下次操作: 2021-08-02 00:08:04

2021-08-02 00:08:04 开始第 33 次操作

2021-08-02 00:08:04 开始操作号码 【1843484】
2021-08-02 00:08:08 GSD getOne 第 1 次 等待 3 秒
2021-08-02 00:08:11 查询号码 【1843484】，返回信息 {"status":"bad","msg":""}
2021-08-02 00:08:11 查询号码 【1843484】，GSD为【""】
2021-08-02 00:08:11 bad
2021-08-02 00:08:14 CHB 1843484?1627834091 第 1 次 等待 3 秒
2021-08-02 00:08:17 CHB 1843484?1627834091 第 1 次 获取到号码【1843484】GSD
2021-08-02 00:08:18 获取到号码【1843484】的GSD为【山西-临汾】
2021-08-02 00:08:22 GSD insert 第 1 次 等待 3 秒
2021-08-02 00:08:25 {"status":"ok","gid":473143,"msg":"添加成功！"}
2021-08-02 00:08:25 下次操作: 2021-08-02 00:08:39

2021-08-02 00:08:39 开始第 34 次操作

2021-08-02 00:08:39 开始操作号码 【1843483】
2021-08-02 00:08:45 GSD getOne 第 1 次 等待 3 秒
2021-08-02 00:08:48 查询号码 【1843483】，返回信息 {"status":"bad","msg":""}
2021-08-02 00:08:48 查询号码 【1843483】，GSD为【""】
2021-08-02 00:08:48 bad
2021-08-02 00:08:51 CHB 1843483?1627834128 第 1 次 等待 3 秒
2021-08-02 00:08:54 CHB 1843483?1627834128 第 1 次 获取到号码【1843483】GSD
2021-08-02 00:08:54 获取到号码【1843483】的GSD为【山西-临汾】
2021-08-02 00:09:05 GSD insert 第 1 次 等待 3 秒
2021-08-02 00:09:08 {"status":"ok","gid":473153,"msg":"添加成功！"}
2021-08-02 00:09:08 下次操作: 2021-08-02 00:09:28

2021-08-02 00:09:28 开始第 35 次操作

2021-08-02 00:09:28 开始操作号码 【1843482】
2021-08-02 00:09:32 GSD getOne 第 1 次 等待 3 秒
2021-08-02 00:09:35 查询号码 【1843482】，返回信息 {"status":"bad","msg":""}
2021-08-02 00:09:35 查询号码 【1843482】，GSD为【""】
2021-08-02 00:09:35 bad
2021-08-02 00:09:37 CHB 1843482?1627834175 第 1 次 等待 3 秒
2021-08-02 00:09:40 CHB 1843482?1627834175 第 1 次 获取到号码【1843482】GSD
2021-08-02 00:09:40 获取到号码【1843482】的GSD为【山西-临汾】
2021-08-02 00:09:48 GSD insert 第 1 次 等待 3 秒
2021-08-02 00:09:51 {"status":"ok","gid":473157,"msg":"添加成功！"}
2021-08-02 00:09:51 下次操作: 2021-08-02 00:10:08

2021-08-02 00:10:08 开始第 36 次操作

2021-08-02 00:10:08 开始操作号码 【1843481】
2021-08-02 00:10:14 GSD getOne 第 1 次 等待 3 秒
2021-08-02 00:10:17 查询号码 【1843481】，返回信息 {"status":"bad","msg":""}
2021-08-02 00:10:17 查询号码 【1843481】，GSD为【""】
2021-08-02 00:10:17 bad
2021-08-02 00:10:18 CHB 1843481?1627834217 第 1 次 等待 3 秒
2021-08-02 00:10:21 CHB 1843481?1627834217 第 1 次 获取到号码【1843481】GSD
2021-08-02 00:10:21 获取到号码【1843481】的GSD为【山西-临汾】
2021-08-02 00:10:25 GSD insert 第 1 次 等待 3 秒
2021-08-02 00:10:28 {"status":"ok","gid":473163,"msg":"添加成功！"}
2021-08-02 00:10:28 下次操作: 2021-08-02 00:10:47

2021-08-02 00:10:47 开始第 37 次操作

2021-08-02 00:10:47 开始操作号码 【1843480】
2021-08-02 00:11:23 GSD getOne 第 1 次 等待 3 秒
2021-08-02 00:11:26 查询号码 【1843480】，返回信息 {"status":"bad","msg":""}
2021-08-02 00:11:26 查询号码 【1843480】，GSD为【""】
2021-08-02 00:11:26 bad
2021-08-02 00:11:28 CHB 1843480?1627834286 第 1 次 等待 3 秒
2021-08-02 00:11:31 CHB 1843480?1627834286 第 1 次 获取到号码【1843480】GSD
2021-08-02 00:11:31 获取到号码【1843480】的GSD为【山西-临汾】
2021-08-02 00:11:39 GSD insert 第 1 次 等待 3 秒
2021-08-02 00:11:42 {"status":"ok","gid":473178,"msg":"添加成功！"}
2021-08-02 00:11:42 下次操作: 2021-08-02 00:12:01

2021-08-02 00:12:01 开始第 38 次操作

2021-08-02 00:12:01 开始操作号码 【1843479】
2021-08-02 00:12:09 GSD getOne 第 1 次 等待 3 秒
2021-08-02 00:12:12 查询号码 【1843479】，返回信息 {"status":"bad","msg":""}
2021-08-02 00:12:12 查询号码 【1843479】，GSD为【""】
2021-08-02 00:12:12 bad
2021-08-02 00:12:15 CHB 1843479?1627834332 第 1 次 等待 3 秒
2021-08-02 00:12:18 CHB 1843479?1627834332 第 1 次 获取到号码【1843479】GSD
2021-08-02 00:12:18 获取到号码【1843479】的GSD为【山西-临汾】
2021-08-02 00:12:28 GSD insert 第 1 次 等待 3 秒
2021-08-02 00:12:31 {"status":"ok","gid":473186,"msg":"添加成功！"}
2021-08-02 00:12:31 下次操作: 2021-08-02 00:12:55

2021-08-02 00:12:55 开始第 39 次操作

2021-08-02 00:12:55 开始操作号码 【1843478】
2021-08-02 00:13:16 GSD getOne 第 1 次 等待 3 秒
2021-08-02 00:13:19 查询号码 【1843478】，返回信息 {"status":"bad","msg":""}
2021-08-02 00:13:19 查询号码 【1843478】，GSD为【""】
2021-08-02 00:13:19 bad
2021-08-02 00:13:21 CHB 1843478?1627834399 第 1 次 等待 3 秒
2021-08-02 00:13:24 CHB 1843478?1627834399 第 1 次 获取到号码【1843478】GSD
2021-08-02 00:13:24 获取到号码【1843478】的GSD为【山西-临汾】
2021-08-02 00:13:30 GSD insert 第 1 次 等待 3 秒
2021-08-02 00:13:33 {"status":"ok","gid":473197,"msg":"添加成功！"}
2021-08-02 00:13:33 下次操作: 2021-08-02 00:13:52

2021-08-02 00:13:52 开始第 40 次操作

2021-08-02 00:13:52 开始操作号码 【1843477】
2021-08-02 00:13:59 GSD getOne 第 1 次 等待 3 秒
2021-08-02 00:14:02 查询号码 【1843477】，返回信息 {"status":"bad","msg":""}
2021-08-02 00:14:02 查询号码 【1843477】，GSD为【""】
2021-08-02 00:14:02 bad
2021-08-02 00:14:03 CHB 1843477?1627834442 第 1 次 等待 3 秒
2021-08-02 00:14:06 CHB 1843477?1627834442 第 1 次 获取到号码【1843477】GSD
2021-08-02 00:14:06 获取到号码【1843477】的GSD为【山西-晋中】
2021-08-02 00:14:11 GSD insert 第 1 次 等待 3 秒
2021-08-02 00:14:14 {"status":"ok","gid":473203,"msg":"添加成功！"}

2021-08-02 00:58:46 开始第 1 次操作

2021-08-02 00:58:46 开始操作号码 【1843476】
2021-08-02 00:58:53 GSD getOne 第 1 次 等待 3 秒
2021-08-02 00:58:56 查询号码 【1843476】，返回信息 {"status":"ok","msg":"山西-晋中","gid":"39302","time_insert":"2017-08-02 04:38","time_update":"2020-08-20 00:46"}
2021-08-02 00:58:56 查询号码 【1843476】，GSD为【"山西-晋中"】

2021-08-02 00:58:56 开始第 1 次操作

2021-08-02 00:58:56 开始操作号码 【1843475】
2021-08-02 00:59:04 GSD getOne 第 1 次 等待 3 秒
2021-08-02 00:59:07 查询号码 【1843475】，返回信息 {"status":"bad","msg":""}
2021-08-02 00:59:07 查询号码 【1843475】，GSD为【""】
2021-08-02 00:59:07 bad
2021-08-02 00:59:09 CHB 1843475?1627837147 第 1 次 等待 3 秒
2021-08-02 00:59:12 CHB 1843475?1627837147 第 1 次 获取到号码【1843475】GSD
2021-08-02 00:59:12 获取到号码【1843475】的GSD为【山西-晋中】
2021-08-02 00:59:16 GSD insert 第 1 次 等待 3 秒
2021-08-02 00:59:19 {"status":"ok","gid":473356,"msg":"添加成功！"}
2021-08-02 00:59:19 下次操作: 2021-08-02 00:59:43

2021-08-02 00:59:43 开始第 2 次操作

2021-08-02 00:59:43 开始操作号码 【1843474】
2021-08-02 00:59:52 GSD getOne 第 1 次 等待 3 秒
2021-08-02 00:59:55 查询号码 【1843474】，返回信息 {"status":"bad","msg":""}
2021-08-02 00:59:55 查询号码 【1843474】，GSD为【""】
2021-08-02 00:59:55 bad
2021-08-02 00:59:57 CHB 1843474?1627837195 第 1 次 等待 3 秒
2021-08-02 01:00:00 CHB 1843474?1627837195 第 1 次 获取到号码【1843474】GSD
2021-08-02 01:00:00 获取到号码【1843474】的GSD为【山西-晋中】
2021-08-02 01:00:04 GSD insert 第 1 次 等待 3 秒
2021-08-02 01:00:07 {"status":"ok","gid":473359,"msg":"添加成功！"}
2021-08-02 01:00:07 下次操作: 2021-08-02 01:00:25

2021-08-02 01:00:25 开始第 3 次操作

2021-08-02 01:00:25 开始操作号码 【1843473】
2021-08-02 01:00:29 GSD getOne 第 1 次 等待 3 秒
2021-08-02 01:00:32 查询号码 【1843473】，返回信息 {"status":"bad","msg":""}
2021-08-02 01:00:32 查询号码 【1843473】，GSD为【""】
2021-08-02 01:00:32 bad
2021-08-02 01:00:33 CHB 1843473?1627837232 第 1 次 等待 3 秒
2021-08-02 01:00:36 CHB 1843473?1627837232 第 1 次 获取到号码【1843473】GSD
2021-08-02 01:00:36 获取到号码【1843473】的GSD为【山西-晋中】
2021-08-02 01:00:40 GSD insert 第 1 次 等待 3 秒
2021-08-02 01:00:43 {"status":"ok","gid":473364,"msg":"添加成功！"}
2021-08-02 01:00:43 下次操作: 2021-08-02 01:01:06

2021-08-02 01:01:06 开始第 4 次操作

2021-08-02 01:01:06 开始操作号码 【1843472】
2021-08-02 01:01:12 GSD getOne 第 1 次 等待 3 秒
2021-08-02 01:01:15 查询号码 【1843472】，返回信息 {"status":"bad","msg":""}
2021-08-02 01:01:15 查询号码 【1843472】，GSD为【""】
2021-08-02 01:01:15 bad
2021-08-02 01:01:17 CHB 1843472?1627837275 第 1 次 等待 3 秒
2021-08-02 01:01:20 CHB 1843472?1627837275 第 1 次 获取到号码【1843472】GSD
2021-08-02 01:01:20 获取到号码【1843472】的GSD为【山西-晋中】
2021-08-02 01:01:27 GSD insert 第 1 次 等待 3 秒
2021-08-02 01:01:30 {"status":"ok","gid":473372,"msg":"添加成功！"}
2021-08-02 01:01:30 下次操作: 2021-08-02 01:01:50

2021-08-02 01:01:50 开始第 5 次操作

2021-08-02 01:01:50 开始操作号码 【1843471】
2021-08-02 01:01:58 GSD getOne 第 1 次 等待 3 秒
2021-08-02 01:02:01 查询号码 【1843471】，返回信息 {"status":"bad","msg":""}
2021-08-02 01:02:01 查询号码 【1843471】，GSD为【""】
2021-08-02 01:02:01 bad
2021-08-02 01:02:03 CHB 1843471?1627837321 第 1 次 等待 3 秒
2021-08-02 01:02:06 CHB 1843471?1627837321 第 1 次 获取到号码【1843471】GSD
2021-08-02 01:02:06 获取到号码【1843471】的GSD为【山西-忻州】
2021-08-02 01:02:11 GSD insert 第 1 次 等待 3 秒
2021-08-02 01:02:14 {"status":"ok","gid":473382,"msg":"添加成功！"}
2021-08-02 01:02:14 下次操作: 2021-08-02 01:02:26

2021-08-02 01:02:26 开始第 6 次操作

2021-08-02 01:02:26 开始操作号码 【1843470】
2021-08-02 01:02:30 GSD getOne 第 1 次 等待 3 秒
2021-08-02 01:02:33 查询号码 【1843470】，返回信息 {"status":"bad","msg":""}
2021-08-02 01:02:33 查询号码 【1843470】，GSD为【""】
2021-08-02 01:02:33 bad
2021-08-02 01:02:35 CHB 1843470?1627837353 第 1 次 等待 3 秒
2021-08-02 01:02:38 CHB 1843470?1627837353 第 1 次 获取到号码【1843470】GSD
2021-08-02 01:02:38 获取到号码【1843470】的GSD为【山西-忻州】
2021-08-02 01:02:45 GSD insert 第 1 次 等待 3 秒
2021-08-02 01:02:48 {"status":"ok","gid":473389,"msg":"添加成功！"}
2021-08-02 01:02:48 下次操作: 2021-08-02 01:03:12

2021-08-02 01:03:12 开始第 7 次操作

2021-08-02 01:03:12 开始操作号码 【1843469】
2021-08-02 01:03:17 GSD getOne 第 1 次 等待 3 秒
2021-08-02 01:03:20 查询号码 【1843469】，返回信息 {"status":"bad","msg":""}
2021-08-02 01:03:21 查询号码 【1843469】，GSD为【""】
2021-08-02 01:03:21 bad
2021-08-02 01:03:22 CHB 1843469?1627837401 第 1 次 等待 3 秒
2021-08-02 01:03:25 CHB 1843469?1627837401 第 1 次 获取到号码【1843469】GSD
2021-08-02 01:03:25 获取到号码【1843469】的GSD为【山西-忻州】
2021-08-02 01:03:30 GSD insert 第 1 次 等待 3 秒
2021-08-02 01:03:33 {"status":"ok","gid":473399,"msg":"添加成功！"}
2021-08-02 01:03:33 下次操作: 2021-08-02 01:03:50

2021-08-02 01:03:50 开始第 8 次操作

2021-08-02 01:03:50 开始操作号码 【1843468】
2021-08-02 01:04:03 GSD getOne 第 1 次 等待 3 秒
2021-08-02 01:04:06 查询号码 【1843468】，返回信息 {"status":"bad","msg":""}
2021-08-02 01:04:06 查询号码 【1843468】，GSD为【""】
2021-08-02 01:04:06 bad
2021-08-02 01:04:08 CHB 1843468?1627837446 第 1 次 等待 3 秒
2021-08-02 01:04:11 CHB 1843468?1627837446 第 1 次 获取到号码【1843468】GSD
2021-08-02 01:04:11 获取到号码【1843468】的GSD为【山西-忻州】
2021-08-02 01:04:16 GSD insert 第 1 次 等待 3 秒
2021-08-02 01:04:19 {"status":"ok","gid":473407,"msg":"添加成功！"}
2021-08-02 01:04:20 下次操作: 2021-08-02 01:04:35

2021-08-02 01:04:35 开始第 9 次操作

2021-08-02 01:04:35 开始操作号码 【1843467】
2021-08-02 01:04:39 GSD getOne 第 1 次 等待 3 秒
2021-08-02 01:04:42 查询号码 【1843467】，返回信息 {"status":"bad","msg":""}
2021-08-02 01:04:42 查询号码 【1843467】，GSD为【""】
2021-08-02 01:04:42 bad
2021-08-02 01:04:44 CHB 1843467?1627837482 第 1 次 等待 3 秒
2021-08-02 01:04:47 CHB 1843467?1627837482 第 1 次 获取到号码【1843467】GSD
2021-08-02 01:04:47 获取到号码【1843467】的GSD为【山西-忻州】
2021-08-02 01:04:56 GSD insert 第 1 次 等待 3 秒
2021-08-02 01:04:59 {"status":"ok","gid":473416,"msg":"添加成功！"}
2021-08-02 01:04:59 下次操作: 2021-08-02 01:05:15

2021-08-02 01:05:15 开始第 10 次操作

2021-08-02 01:05:15 开始操作号码 【1843466】
2021-08-02 01:05:22 GSD getOne 第 1 次 等待 3 秒
2021-08-02 01:05:25 查询号码 【1843466】，返回信息 {"status":"bad","msg":""}
2021-08-02 01:05:25 查询号码 【1843466】，GSD为【""】
2021-08-02 01:05:25 bad
2021-08-02 01:05:27 CHB 1843466?1627837525 第 1 次 等待 3 秒
2021-08-02 01:05:30 CHB 1843466?1627837525 第 1 次 获取到号码【1843466】GSD
2021-08-02 01:05:30 获取到号码【1843466】的GSD为【山西-朔州】
2021-08-02 01:05:34 GSD insert 第 1 次 等待 3 秒
2021-08-02 01:05:37 {"status":"ok","gid":473428,"msg":"添加成功！"}
2021-08-02 01:05:37 下次操作: 2021-08-02 01:05:58

2021-08-02 01:05:58 开始第 11 次操作

2021-08-02 01:05:58 开始操作号码 【1843465】
2021-08-02 01:06:02 GSD getOne 第 1 次 等待 3 秒
2021-08-02 01:06:05 查询号码 【1843465】，返回信息 {"status":"bad","msg":""}
2021-08-02 01:06:05 查询号码 【1843465】，GSD为【""】
2021-08-02 01:06:05 bad
2021-08-02 01:06:06 CHB 1843465?1627837565 第 1 次 等待 3 秒
2021-08-02 01:06:09 CHB 1843465?1627837565 第 1 次 获取到号码【1843465】GSD
2021-08-02 01:06:09 获取到号码【1843465】的GSD为【山西-朔州】
2021-08-02 01:06:19 GSD insert 第 1 次 等待 3 秒
2021-08-02 01:06:22 {"status":"ok","gid":473437,"msg":"添加成功！"}
2021-08-02 01:06:22 下次操作: 2021-08-02 01:06:40

2021-08-02 01:06:40 开始第 12 次操作

2021-08-02 01:06:40 开始操作号码 【1843464】
2021-08-02 01:06:45 GSD getOne 第 1 次 等待 3 秒
2021-08-02 01:06:48 查询号码 【1843464】，返回信息 {"status":"bad","msg":""}
2021-08-02 01:06:48 查询号码 【1843464】，GSD为【""】
2021-08-02 01:06:48 bad
2021-08-02 01:06:50 CHB 1843464?1627837608 第 1 次 等待 3 秒
2021-08-02 01:06:53 CHB 1843464?1627837608 第 1 次 获取到号码【1843464】GSD
2021-08-02 01:06:53 获取到号码【1843464】的GSD为【山西-朔州】
2021-08-02 01:06:57 GSD insert 第 1 次 等待 3 秒
2021-08-02 01:07:00 {"status":"ok","gid":473447,"msg":"添加成功！"}
2021-08-02 01:07:01 下次操作: 2021-08-02 01:07:15

2021-08-02 01:07:15 开始第 13 次操作

2021-08-02 01:07:15 开始操作号码 【1843463】
2021-08-02 01:07:19 GSD getOne 第 1 次 等待 3 秒
2021-08-02 01:07:22 查询号码 【1843463】，返回信息 {"status":"bad","msg":""}
2021-08-02 01:07:22 查询号码 【1843463】，GSD为【""】
2021-08-02 01:07:22 bad
2021-08-02 01:07:23 CHB 1843463?1627837642 第 1 次 等待 3 秒
2021-08-02 01:07:26 CHB 1843463?1627837642 第 1 次 获取到号码【1843463】GSD
2021-08-02 01:07:27 获取到号码【1843463】的GSD为【山西-晋城】
2021-08-02 01:07:34 GSD insert 第 1 次 等待 3 秒
2021-08-02 01:07:37 {"status":"ok","gid":473456,"msg":"添加成功！"}
2021-08-02 01:07:37 下次操作: 2021-08-02 01:08:01

2021-08-02 01:08:01 开始第 14 次操作

2021-08-02 01:08:01 开始操作号码 【1843462】
2021-08-02 01:08:06 GSD getOne 第 1 次 等待 3 秒
2021-08-02 01:08:09 查询号码 【1843462】，返回信息 {"status":"bad","msg":""}
2021-08-02 01:08:09 查询号码 【1843462】，GSD为【""】
2021-08-02 01:08:09 bad
2021-08-02 01:08:11 CHB 1843462?1627837689 第 1 次 等待 3 秒
2021-08-02 01:08:14 CHB 1843462?1627837689 第 1 次 获取到号码【1843462】GSD
2021-08-02 01:08:14 获取到号码【1843462】的GSD为【山西-晋中】
2021-08-02 01:08:19 GSD insert 第 1 次 等待 3 秒
2021-08-02 01:08:22 {"status":"ok","gid":473465,"msg":"添加成功！"}
2021-08-02 01:08:22 下次操作: 2021-08-02 01:08:39

2021-08-02 01:08:39 开始第 15 次操作

2021-08-02 01:08:39 开始操作号码 【1843461】
2021-08-02 01:08:48 GSD getOne 第 1 次 等待 3 秒
2021-08-02 01:08:51 查询号码 【1843461】，返回信息 {"status":"bad","msg":""}
2021-08-02 01:08:51 查询号码 【1843461】，GSD为【""】
2021-08-02 01:08:51 bad
2021-08-02 01:08:52 CHB 1843461?1627837731 第 1 次 等待 3 秒
2021-08-02 01:08:55 CHB 1843461?1627837731 第 1 次 获取到号码【1843461】GSD
2021-08-02 01:08:55 获取到号码【1843461】的GSD为【山西-晋城】
2021-08-02 01:09:05 GSD insert 第 1 次 等待 3 秒
2021-08-02 01:09:08 {"status":"ok","gid":473475,"msg":"添加成功！"}
2021-08-02 01:09:08 下次操作: 2021-08-02 01:09:28

2021-08-02 01:09:28 开始第 16 次操作

2021-08-02 01:09:28 开始操作号码 【1843460】
2021-08-02 01:09:35 GSD getOne 第 1 次 等待 3 秒
2021-08-02 01:09:38 查询号码 【1843460】，返回信息 {"status":"bad","msg":""}
2021-08-02 01:09:38 查询号码 【1843460】，GSD为【""】
2021-08-02 01:09:38 bad
2021-08-02 01:09:39 CHB 1843460?1627837778 第 1 次 等待 3 秒
2021-08-02 01:09:42 CHB 1843460?1627837778 第 1 次 获取到号码【1843460】GSD
2021-08-02 01:09:42 获取到号码【1843460】的GSD为【山西-晋城】
2021-08-02 01:09:48 GSD insert 第 1 次 等待 3 秒
2021-08-02 01:09:51 {"status":"ok","gid":473485,"msg":"添加成功！"}
2021-08-02 01:09:51 下次操作: 2021-08-02 01:10:07

2021-08-02 01:10:07 开始第 17 次操作

2021-08-02 01:10:07 开始操作号码 【1843459】
2021-08-02 01:10:14 GSD getOne 第 1 次 等待 3 秒
2021-08-02 01:10:17 查询号码 【1843459】，返回信息 {"status":"bad","msg":""}
2021-08-02 01:10:17 查询号码 【1843459】，GSD为【""】
2021-08-02 01:10:17 bad
2021-08-02 01:10:18 CHB 1843459?1627837817 第 1 次 等待 3 秒
2021-08-02 01:10:21 CHB 1843459?1627837817 第 1 次 获取到号码【1843459】GSD
2021-08-02 01:10:21 获取到号码【1843459】的GSD为【山西-长治】
2021-08-02 01:10:25 GSD insert 第 1 次 等待 3 秒
2021-08-02 01:10:28 {"status":"ok","gid":473494,"msg":"添加成功！"}
2021-08-02 01:10:28 下次操作: 2021-08-02 01:10:45

2021-08-02 01:10:45 开始第 18 次操作

2021-08-02 01:10:45 开始操作号码 【1843458】
2021-08-02 01:11:06 GSD getOne 第 1 次 等待 3 秒
2021-08-02 01:11:09 查询号码 【1843458】，返回信息 {"status":"bad","msg":""}
2021-08-02 01:11:09 查询号码 【1843458】，GSD为【""】
2021-08-02 01:11:09 bad
2021-08-02 01:11:11 CHB 1843458?1627837869 第 1 次 等待 3 秒
2021-08-02 01:11:14 CHB 1843458?1627837869 第 1 次 获取到号码【1843458】GSD
2021-08-02 01:11:14 获取到号码【1843458】的GSD为【山西-长治】
2021-08-02 01:11:18 GSD insert 第 1 次 等待 3 秒
2021-08-02 01:11:21 {"status":"ok","gid":473504,"msg":"添加成功！"}
2021-08-02 01:11:21 下次操作: 2021-08-02 01:11:38

2021-08-02 01:11:38 开始第 19 次操作

2021-08-02 01:11:38 开始操作号码 【1843457】
2021-08-02 01:11:42 GSD getOne 第 1 次 等待 3 秒
2021-08-02 01:11:45 查询号码 【1843457】，返回信息 {"status":"bad","msg":""}
2021-08-02 01:11:45 查询号码 【1843457】，GSD为【""】
2021-08-02 01:11:45 bad
2021-08-02 01:11:46 CHB 1843457?1627837905 第 1 次 等待 3 秒
2021-08-02 01:11:49 CHB 1843457?1627837905 第 1 次 获取到号码【1843457】GSD
2021-08-02 01:11:49 获取到号码【1843457】的GSD为【山西-长治】
2021-08-02 01:11:58 GSD insert 第 1 次 等待 3 秒
2021-08-02 01:12:01 {"status":"ok","gid":473514,"msg":"添加成功！"}
2021-08-02 01:12:01 下次操作: 2021-08-02 01:12:19

2021-08-02 01:12:19 开始第 20 次操作

2021-08-02 01:12:19 开始操作号码 【1843456】
2021-08-02 01:12:22 GSD getOne 第 1 次 等待 3 秒
2021-08-02 01:12:25 查询号码 【1843456】，返回信息 {"status":"bad","msg":""}
2021-08-02 01:12:25 查询号码 【1843456】，GSD为【""】
2021-08-02 01:12:25 bad
2021-08-02 01:12:27 CHB 1843456?1627837945 第 1 次 等待 3 秒
2021-08-02 01:12:30 CHB 1843456?1627837945 第 1 次 获取到号码【1843456】GSD
2021-08-02 01:12:30 获取到号码【1843456】的GSD为【山西-长治】
2021-08-02 01:12:37 GSD insert 第 1 次 等待 3 秒
2021-08-02 01:12:40 {"status":"ok","gid":473522,"msg":"添加成功！"}
2021-08-02 01:12:40 下次操作: 2021-08-02 01:13:00

2021-08-02 01:13:00 开始第 21 次操作

2021-08-02 01:13:00 开始操作号码 【1843455】
2021-08-02 01:13:04 GSD getOne 第 1 次 等待 3 秒
2021-08-02 01:13:07 查询号码 【1843455】，返回信息 {"status":"bad","msg":""}
2021-08-02 01:13:07 查询号码 【1843455】，GSD为【""】
2021-08-02 01:13:07 bad
2021-08-02 01:13:08 CHB 1843455?1627837987 第 1 次 等待 3 秒
2021-08-02 01:13:11 CHB 1843455?1627837987 第 1 次 获取到号码【1843455】GSD
2021-08-02 01:13:11 获取到号码【1843455】的GSD为【山西-长治】
2021-08-02 01:13:17 GSD insert 第 1 次 等待 3 秒
2021-08-02 01:13:20 {"status":"ok","gid":473530,"msg":"添加成功！"}
2021-08-02 01:13:20 下次操作: 2021-08-02 01:13:35

2021-08-02 01:13:35 开始第 22 次操作

2021-08-02 01:13:35 开始操作号码 【1843454】
2021-08-02 01:13:39 GSD getOne 第 1 次 等待 3 秒
2021-08-02 01:13:42 查询号码 【1843454】，返回信息 {"status":"bad","msg":""}
2021-08-02 01:13:42 查询号码 【1843454】，GSD为【""】
2021-08-02 01:13:42 bad
2021-08-02 01:13:43 CHB 1843454?1627838022 第 1 次 等待 3 秒
2021-08-02 01:13:46 CHB 1843454?1627838022 第 1 次 获取到号码【1843454】GSD
2021-08-02 01:13:46 获取到号码【1843454】的GSD为【山西-长治】
2021-08-02 01:13:54 GSD insert 第 1 次 等待 3 秒
2021-08-02 01:13:57 {"status":"ok","gid":473540,"msg":"添加成功！"}
2021-08-02 01:13:57 下次操作: 2021-08-02 01:14:16

2021-08-02 01:14:16 开始第 23 次操作

2021-08-02 01:14:16 开始操作号码 【1843453】
2021-08-02 01:14:20 GSD getOne 第 1 次 等待 3 秒
2021-08-02 01:14:23 查询号码 【1843453】，返回信息 {"status":"ok","msg":"山西-长治","gid":"56529","time_insert":"2021-05-02 03:01"}
2021-08-02 01:14:23 查询号码 【1843453】，GSD为【"山西-长治"】

2021-08-02 01:14:23 开始第 23 次操作

2021-08-02 01:14:23 开始操作号码 【1843452】
2021-08-02 01:14:27 GSD getOne 第 1 次 等待 3 秒
2021-08-02 01:14:30 查询号码 【1843452】，返回信息 {"status":"bad","msg":""}
2021-08-02 01:14:30 查询号码 【1843452】，GSD为【""】
2021-08-02 01:14:30 bad
2021-08-02 01:14:32 CHB 1843452?1627838070 第 1 次 等待 3 秒
2021-08-02 01:14:35 CHB 1843452?1627838070 第 1 次 获取到号码【1843452】GSD
2021-08-02 01:14:35 获取到号码【1843452】的GSD为【山西-阳泉】
2021-08-02 01:14:39 GSD insert 第 1 次 等待 3 秒
2021-08-02 01:14:42 {"status":"ok","gid":473549,"msg":"添加成功！"}
2021-08-02 01:14:42 下次操作: 2021-08-02 01:15:00

2021-08-02 01:15:00 开始第 24 次操作

2021-08-02 01:15:00 开始操作号码 【1843451】
2021-08-02 01:15:05 GSD getOne 第 1 次 等待 3 秒
2021-08-02 01:15:08 查询号码 【1843451】，返回信息 {"status":"bad","msg":""}
2021-08-02 01:15:08 查询号码 【1843451】，GSD为【""】
2021-08-02 01:15:08 bad
2021-08-02 01:15:09 CHB 1843451?1627838108 第 1 次 等待 3 秒
2021-08-02 01:15:12 CHB 1843451?1627838108 第 1 次 获取到号码【1843451】GSD
2021-08-02 01:15:12 获取到号码【1843451】的GSD为【山西-阳泉】
2021-08-02 01:15:24 GSD insert 第 1 次 等待 3 秒
2021-08-02 01:15:27 {"status":"ok","gid":473561,"msg":"添加成功！"}
2021-08-02 01:15:27 下次操作: 2021-08-02 01:15:48

2021-08-02 01:15:48 开始第 25 次操作

2021-08-02 01:15:48 开始操作号码 【1843450】
2021-08-02 01:15:52 GSD getOne 第 1 次 等待 3 秒
2021-08-02 01:15:55 查询号码 【1843450】，返回信息 {"status":"bad","msg":""}
2021-08-02 01:15:55 查询号码 【1843450】，GSD为【""】
2021-08-02 01:15:55 bad
2021-08-02 01:15:57 CHB 1843450?1627838155 第 1 次 等待 3 秒
2021-08-02 01:16:00 CHB 1843450?1627838155 第 1 次 获取到号码【1843450】GSD
2021-08-02 01:16:00 获取到号码【1843450】的GSD为【山西-阳泉】
2021-08-02 01:16:07 GSD insert 第 1 次 等待 3 秒
2021-08-02 01:16:10 {"status":"ok","gid":473569,"msg":"添加成功！"}
2021-08-02 01:16:10 下次操作: 2021-08-02 01:16:32

2021-08-02 01:16:32 开始第 26 次操作

2021-08-02 01:16:32 开始操作号码 【1843449】
2021-08-02 01:16:39 GSD getOne 第 1 次 等待 3 秒
2021-08-02 01:16:42 查询号码 【1843449】，返回信息 {"status":"bad","msg":""}
2021-08-02 01:16:42 查询号码 【1843449】，GSD为【""】
2021-08-02 01:16:42 bad
2021-08-02 01:16:44 CHB 1843449?1627838202 第 1 次 等待 3 秒
2021-08-02 01:16:47 CHB 1843449?1627838202 第 1 次 获取到号码【1843449】GSD
2021-08-02 01:16:47 获取到号码【1843449】的GSD为【山西-大同】
2021-08-02 01:16:51 GSD insert 第 1 次 等待 3 秒
2021-08-02 01:16:54 {"status":"ok","gid":473576,"msg":"添加成功！"}
2021-08-02 01:16:54 下次操作: 2021-08-02 01:17:15

2021-08-02 01:17:15 开始第 27 次操作

2021-08-02 01:17:15 开始操作号码 【1843448】
2021-08-02 01:17:20 GSD getOne 第 1 次 等待 3 秒
2021-08-02 01:17:23 查询号码 【1843448】，返回信息 {"status":"bad","msg":""}
2021-08-02 01:17:23 查询号码 【1843448】，GSD为【""】
2021-08-02 01:17:23 bad
2021-08-02 01:17:24 CHB 1843448?1627838243 第 1 次 等待 3 秒
2021-08-02 01:17:27 CHB 1843448?1627838243 第 1 次 获取到号码【1843448】GSD
2021-08-02 01:17:27 获取到号码【1843448】的GSD为【山西-大同】
2021-08-02 01:17:31 GSD insert 第 1 次 等待 3 秒
2021-08-02 01:17:34 {"status":"ok","gid":473584,"msg":"添加成功！"}
2021-08-02 01:17:34 下次操作: 2021-08-02 01:17:47

2021-08-02 01:17:47 开始第 28 次操作

2021-08-02 01:17:47 开始操作号码 【1843447】
2021-08-02 01:17:53 GSD getOne 第 1 次 等待 3 秒
2021-08-02 01:17:56 查询号码 【1843447】，返回信息 {"status":"bad","msg":""}
2021-08-02 01:17:56 查询号码 【1843447】，GSD为【""】
2021-08-02 01:17:56 bad
2021-08-02 01:17:57 CHB 1843447?1627838276 第 1 次 等待 3 秒
2021-08-02 01:18:00 CHB 1843447?1627838276 第 1 次 获取到号码【1843447】GSD
2021-08-02 01:18:00 获取到号码【1843447】的GSD为【山西-大同】
2021-08-02 01:18:05 GSD insert 第 1 次 等待 3 秒
2021-08-02 01:18:08 {"status":"ok","gid":473594,"msg":"添加成功！"}
2021-08-02 01:18:08 下次操作: 2021-08-02 01:18:20

2021-08-02 01:18:20 开始第 29 次操作

2021-08-02 01:18:20 开始操作号码 【1843446】
2021-08-02 01:18:24 GSD getOne 第 1 次 等待 3 秒
2021-08-02 01:18:27 查询号码 【1843446】，返回信息 {"status":"bad","msg":""}
2021-08-02 01:18:27 查询号码 【1843446】，GSD为【""】
2021-08-02 01:18:27 bad
2021-08-02 01:18:29 CHB 1843446?1627838307 第 1 次 等待 3 秒
2021-08-02 01:18:32 CHB 1843446?1627838307 第 1 次 获取到号码【1843446】GSD
2021-08-02 01:18:32 获取到号码【1843446】的GSD为【山西-大同】
2021-08-02 01:18:39 GSD insert 第 1 次 等待 3 秒
2021-08-02 01:18:42 {"status":"ok","gid":473602,"msg":"添加成功！"}
2021-08-02 01:18:42 下次操作: 2021-08-02 01:18:57

2021-08-02 01:18:57 开始第 30 次操作

2021-08-02 01:18:57 开始操作号码 【1843445】
2021-08-02 01:19:00 GSD getOne 第 1 次 等待 3 秒
2021-08-02 01:19:03 查询号码 【1843445】，返回信息 {"status":"bad","msg":""}
2021-08-02 01:19:03 查询号码 【1843445】，GSD为【""】
2021-08-02 01:19:03 bad
2021-08-02 01:19:05 CHB 1843445?1627838343 第 1 次 等待 3 秒
2021-08-02 01:19:08 CHB 1843445?1627838343 第 1 次 获取到号码【1843445】GSD
2021-08-02 01:19:08 获取到号码【1843445】的GSD为【山西-大同】
2021-08-02 01:19:12 GSD insert 第 1 次 等待 3 秒
2021-08-02 01:19:15 {"status":"ok","gid":473611,"msg":"添加成功！"}
2021-08-02 01:19:15 下次操作: 2021-08-02 01:19:34

2021-08-02 01:19:34 开始第 31 次操作

2021-08-02 01:19:34 开始操作号码 【1843444】
2021-08-02 01:19:38 GSD getOne 第 1 次 等待 3 秒
2021-08-02 01:19:41 查询号码 【1843444】，返回信息 {"status":"bad","msg":""}
2021-08-02 01:19:41 查询号码 【1843444】，GSD为【""】
2021-08-02 01:19:41 bad
2021-08-02 01:19:42 CHB 1843444?1627838381 第 1 次 等待 3 秒
2021-08-02 01:19:45 CHB 1843444?1627838381 第 1 次 获取到号码【1843444】GSD
2021-08-02 01:19:45 获取到号码【1843444】的GSD为【山西-大同】
2021-08-02 01:19:50 GSD insert 第 1 次 等待 3 秒
2021-08-02 01:19:53 {"status":"ok","gid":473619,"msg":"添加成功！"}
2021-08-02 01:19:53 下次操作: 2021-08-02 01:20:06

2021-08-02 01:20:06 开始第 32 次操作

2021-08-02 01:20:06 开始操作号码 【1843443】
2021-08-02 01:20:09 GSD getOne 第 1 次 等待 3 秒
2021-08-02 01:20:12 查询号码 【1843443】，返回信息 {"status":"bad","msg":""}
2021-08-02 01:20:12 查询号码 【1843443】，GSD为【""】
2021-08-02 01:20:12 bad
2021-08-02 01:20:14 CHB 1843443?1627838412 第 1 次 等待 3 秒
2021-08-02 01:20:17 CHB 1843443?1627838412 第 1 次 获取到号码【1843443】GSD
2021-08-02 01:20:17 获取到号码【1843443】的GSD为【山西-大同】
2021-08-02 01:20:21 GSD insert 第 1 次 等待 3 秒
2021-08-02 01:20:24 {"status":"ok","gid":473625,"msg":"添加成功！"}
2021-08-02 01:20:24 下次操作: 2021-08-02 01:20:47

2021-08-02 01:20:47 开始第 33 次操作

2021-08-02 01:20:47 开始操作号码 【1843442】
2021-08-02 01:20:50 GSD getOne 第 1 次 等待 3 秒
2021-08-02 01:20:53 查询号码 【1843442】，返回信息 {"status":"bad","msg":""}
2021-08-02 01:20:53 查询号码 【1843442】，GSD为【""】
2021-08-02 01:20:53 bad
2021-08-02 01:20:55 CHB 1843442?1627838453 第 1 次 等待 3 秒
2021-08-02 01:20:58 CHB 1843442?1627838453 第 1 次 获取到号码【1843442】GSD
2021-08-02 01:20:58 获取到号码【1843442】的GSD为【山西-大同】
2021-08-02 01:21:02 GSD insert 第 1 次 等待 3 秒
2021-08-02 01:21:05 {"status":"ok","gid":473636,"msg":"添加成功！"}
2021-08-02 01:21:05 下次操作: 2021-08-02 01:21:21

2021-08-02 01:21:21 开始第 34 次操作

2021-08-02 01:21:21 开始操作号码 【1843441】
2021-08-02 01:21:24 GSD getOne 第 1 次 等待 3 秒
2021-08-02 01:21:27 查询号码 【1843441】，返回信息 {"status":"bad","msg":""}
2021-08-02 01:21:27 查询号码 【1843441】，GSD为【""】
2021-08-02 01:21:27 bad
2021-08-02 01:21:29 CHB 1843441?1627838487 第 1 次 等待 3 秒
2021-08-02 01:21:32 CHB 1843441?1627838487 第 1 次 获取到号码【1843441】GSD
2021-08-02 01:21:32 获取到号码【1843441】的GSD为【山西-大同】
2021-08-02 01:21:37 GSD insert 第 1 次 等待 3 秒
2021-08-02 01:21:40 {"status":"ok","gid":473643,"msg":"添加成功！"}
2021-08-02 01:21:40 下次操作: 2021-08-02 01:22:03

2021-08-02 01:22:03 开始第 35 次操作

2021-08-02 01:22:03 开始操作号码 【1843440】
2021-08-02 01:22:07 GSD getOne 第 1 次 等待 3 秒
2021-08-02 01:22:10 查询号码 【1843440】，返回信息 {"status":"bad","msg":""}
2021-08-02 01:22:10 查询号码 【1843440】，GSD为【""】
2021-08-02 01:22:10 bad
2021-08-02 01:22:12 CHB 1843440?1627838530 第 1 次 等待 3 秒
2021-08-02 01:22:15 CHB 1843440?1627838530 第 1 次 获取到号码【1843440】GSD
2021-08-02 01:22:15 获取到号码【1843440】的GSD为【山西-大同】
2021-08-02 01:22:20 GSD insert 第 1 次 等待 3 秒
2021-08-02 01:22:23 {"status":"ok","gid":473655,"msg":"添加成功！"}
2021-08-02 01:22:23 下次操作: 2021-08-02 01:22:37

2021-08-02 01:22:37 开始第 36 次操作

2021-08-02 01:22:37 开始操作号码 【1843439】
2021-08-02 01:22:40 GSD getOne 第 1 次 等待 3 秒
2021-08-02 01:22:43 查询号码 【1843439】，返回信息 {"status":"bad","msg":""}
2021-08-02 01:22:43 查询号码 【1843439】，GSD为【""】
2021-08-02 01:22:43 bad
2021-08-02 01:22:45 CHB 1843439?1627838563 第 1 次 等待 3 秒
2021-08-02 01:22:48 CHB 1843439?1627838563 第 1 次 获取到号码【1843439】GSD
2021-08-02 01:22:48 获取到号码【1843439】的GSD为【山西-太原】
2021-08-02 01:22:53 GSD insert 第 1 次 等待 3 秒
2021-08-02 01:22:56 {"status":"ok","gid":473664,"msg":"添加成功！"}
2021-08-02 01:22:56 下次操作: 2021-08-02 01:23:15

2021-08-02 01:23:15 开始第 37 次操作

2021-08-02 01:23:15 开始操作号码 【1843438】
2021-08-02 01:23:18 GSD getOne 第 1 次 等待 3 秒
2021-08-02 01:23:21 查询号码 【1843438】，返回信息 {"status":"bad","msg":""}
2021-08-02 01:23:21 查询号码 【1843438】，GSD为【""】
2021-08-02 01:23:21 bad
2021-08-02 01:23:23 CHB 1843438?1627838601 第 1 次 等待 3 秒
2021-08-02 01:23:26 CHB 1843438?1627838601 第 1 次 获取到号码【1843438】GSD
2021-08-02 01:23:26 获取到号码【1843438】的GSD为【山西-太原】
2021-08-02 01:23:32 GSD insert 第 1 次 等待 3 秒
2021-08-02 01:23:35 {"status":"ok","gid":473672,"msg":"添加成功！"}
2021-08-02 01:23:35 下次操作: 2021-08-02 01:23:56

2021-08-02 01:23:56 开始第 38 次操作

2021-08-02 01:23:56 开始操作号码 【1843437】
2021-08-02 01:24:00 GSD getOne 第 1 次 等待 3 秒
2021-08-02 01:24:03 查询号码 【1843437】，返回信息 {"status":"bad","msg":""}
2021-08-02 01:24:03 查询号码 【1843437】，GSD为【""】
2021-08-02 01:24:03 bad
2021-08-02 01:24:05 CHB 1843437?1627838643 第 1 次 等待 3 秒
2021-08-02 01:24:08 CHB 1843437?1627838643 第 1 次 获取到号码【1843437】GSD
2021-08-02 01:24:08 获取到号码【1843437】的GSD为【山西-太原】
2021-08-02 01:24:14 GSD insert 第 1 次 等待 3 秒
2021-08-02 01:24:17 {"status":"ok","gid":473682,"msg":"添加成功！"}
2021-08-02 01:24:17 下次操作: 2021-08-02 01:24:31

2021-08-02 01:24:31 开始第 39 次操作

2021-08-02 01:24:31 开始操作号码 【1843436】
2021-08-02 01:24:38 GSD getOne 第 1 次 等待 3 秒
2021-08-02 01:24:41 查询号码 【1843436】，返回信息 {"status":"bad","msg":""}
2021-08-02 01:24:41 查询号码 【1843436】，GSD为【""】
2021-08-02 01:24:41 bad
2021-08-02 01:24:43 CHB 1843436?1627838681 第 1 次 等待 3 秒
2021-08-02 01:24:46 CHB 1843436?1627838681 第 1 次 获取到号码【1843436】GSD
2021-08-02 01:24:46 获取到号码【1843436】的GSD为【山西-太原】
2021-08-02 01:24:53 GSD insert 第 1 次 等待 3 秒
2021-08-02 01:24:56 {"status":"ok","gid":473694,"msg":"添加成功！"}
2021-08-02 01:24:56 下次操作: 2021-08-02 01:25:10

2021-08-02 01:25:10 开始第 40 次操作

2021-08-02 01:25:10 开始操作号码 【1843435】
2021-08-02 01:25:20 GSD getOne 第 1 次 等待 3 秒
2021-08-02 01:25:23 查询号码 【1843435】，返回信息 {"status":"bad","msg":""}
2021-08-02 01:25:23 查询号码 【1843435】，GSD为【""】
2021-08-02 01:25:23 bad
2021-08-02 01:25:25 CHB 1843435?1627838723 第 1 次 等待 3 秒
2021-08-02 01:25:28 CHB 1843435?1627838723 第 1 次 获取到号码【1843435】GSD
2021-08-02 01:25:28 获取到号码【1843435】的GSD为【山西-太原】
2021-08-02 01:25:41 GSD insert 第 1 次 等待 3 秒
2021-08-02 01:25:44 {"status":"ok","gid":473705,"msg":"添加成功！"}

2021-08-02 01:40:19 开始第 1 次操作

2021-08-02 01:40:19 开始操作号码 【1843434】
2021-08-02 01:40:26 GSD getOne 第 1 次 等待 3 秒
2021-08-02 01:40:29 查询号码 【1843434】，返回信息 {"status":"bad","msg":""}
2021-08-02 01:40:29 查询号码 【1843434】，GSD为【""】
2021-08-02 01:40:29 bad
2021-08-02 01:40:33 CHB 1843434?1627839629 第 1 次 等待 3 秒
2021-08-02 01:40:36 CHB 1843434?1627839629 第 1 次 获取到号码【1843434】GSD
2021-08-02 01:40:36 未获取到号码【1843434】GSD，查号吧 502 百度云加速 错误
2021-08-02 01:40:36 获取到号码【1843434】的GSD为【-】
2021-08-02 01:40:49 GSD insert 第 1 次 等待 3 秒
2021-08-02 01:40:52 {"status":"ok","gid":473781,"msg":"添加成功！"}
2021-08-02 01:40:52 下次操作: 2021-08-02 01:41:04

2021-08-02 01:41:04 开始第 2 次操作

2021-08-02 01:41:04 开始操作号码 【1843433】
2021-08-02 01:41:13 GSD getOne 第 1 次 等待 3 秒
2021-08-02 01:41:16 查询号码 【1843433】，返回信息 {"status":"bad","msg":""}
2021-08-02 01:41:16 查询号码 【1843433】，GSD为【""】
2021-08-02 01:41:16 bad
2021-08-02 01:41:17 CHB 1843433?1627839676 第 1 次 等待 3 秒
2021-08-02 01:41:20 CHB 1843433?1627839676 第 1 次 获取到号码【1843433】GSD
2021-08-02 01:41:20 获取到号码【1843433】的GSD为【山西-太原】
2021-08-02 01:41:39 GSD insert 第 1 次 等待 3 秒
2021-08-02 01:41:42 {"status":"ok","gid":473787,"msg":"添加成功！"}
2021-08-02 01:41:42 下次操作: 2021-08-02 01:42:05

2021-08-02 01:42:05 开始第 3 次操作

2021-08-02 01:42:05 开始操作号码 【1843432】
2021-08-02 01:42:18 GSD getOne 第 1 次 等待 3 秒
2021-08-02 01:42:21 查询号码 【1843432】，返回信息 {"status":"bad","msg":""}
2021-08-02 01:42:21 查询号码 【1843432】，GSD为【""】
2021-08-02 01:42:21 bad
2021-08-02 01:42:22 CHB 1843432?1627839741 第 1 次 等待 3 秒
2021-08-02 01:42:25 CHB 1843432?1627839741 第 1 次 获取到号码【1843432】GSD
2021-08-02 01:42:25 获取到号码【1843432】的GSD为【山西-太原】
2021-08-02 01:42:47 GSD insert 第 1 次 等待 3 秒
2021-08-02 01:42:50 {"status":"ok","gid":473799,"msg":"添加成功！"}
2021-08-02 01:42:50 下次操作: 2021-08-02 01:43:05

2021-08-02 01:43:05 开始第 4 次操作

2021-08-02 01:43:05 开始操作号码 【1843431】
2021-08-02 01:43:12 GSD getOne 第 1 次 等待 3 秒
2021-08-02 01:43:15 查询号码 【1843431】，返回信息 {"status":"bad","msg":""}
2021-08-02 01:43:15 查询号码 【1843431】，GSD为【""】
2021-08-02 01:43:15 bad
2021-08-02 01:43:17 CHB 1843431?1627839795 第 1 次 等待 3 秒
2021-08-02 01:43:20 CHB 1843431?1627839795 第 1 次 获取到号码【1843431】GSD
2021-08-02 01:43:20 获取到号码【1843431】的GSD为【山西-太原】
2021-08-02 01:43:39 GSD insert 第 1 次 等待 3 秒
2021-08-02 01:43:42 {"status":"ok","gid":473810,"msg":"添加成功！"}
2021-08-02 01:43:42 下次操作: 2021-08-02 01:43:57

2021-08-02 01:43:57 开始第 5 次操作

2021-08-02 01:43:57 开始操作号码 【1843430】
2021-08-02 01:44:02 GSD getOne 第 1 次 等待 3 秒
2021-08-02 01:44:05 查询号码 【1843430】，返回信息 {"status":"bad","msg":""}
2021-08-02 01:44:05 查询号码 【1843430】，GSD为【""】
2021-08-02 01:44:05 bad
2021-08-02 01:44:06 CHB 1843430?1627839845 第 1 次 等待 3 秒
2021-08-02 01:44:09 CHB 1843430?1627839845 第 1 次 获取到号码【1843430】GSD
2021-08-02 01:44:09 获取到号码【1843430】的GSD为【山西-太原】
2021-08-02 01:44:28 GSD insert 第 1 次 等待 3 秒
2021-08-02 01:44:31 {"status":"ok","gid":473822,"msg":"添加成功！"}
2021-08-02 01:44:31 下次操作: 2021-08-02 01:44:48

2021-08-02 01:44:48 开始第 6 次操作

2021-08-02 01:44:48 开始操作号码 【1843429】
2021-08-02 01:44:53 GSD getOne 第 1 次 等待 3 秒
2021-08-02 01:44:56 查询号码 【1843429】，返回信息 {"status":"bad","msg":""}
2021-08-02 01:44:56 查询号码 【1843429】，GSD为【""】
2021-08-02 01:44:56 bad
2021-08-02 01:44:57 CHB 1843429?1627839896 第 1 次 等待 3 秒
2021-08-02 01:45:00 CHB 1843429?1627839896 第 1 次 获取到号码【1843429】GSD
2021-08-02 01:45:00 获取到号码【1843429】的GSD为【山西-运城】
2021-08-02 01:45:23 GSD insert 第 1 次 等待 3 秒
2021-08-02 01:45:26 {"status":"ok","gid":473837,"msg":"添加成功！"}
2021-08-02 01:45:26 下次操作: 2021-08-02 01:45:48

2021-08-02 01:45:48 开始第 7 次操作

2021-08-02 01:45:48 开始操作号码 【1843428】
2021-08-02 01:45:51 GSD getOne 第 1 次 等待 3 秒
2021-08-02 01:45:54 查询号码 【1843428】，返回信息 {"status":"ok","msg":"山西-运城","gid":"39301","time_insert":"2019-11-15 11:24","time_update":"2020-08-20 00:00"}
2021-08-02 01:45:55 查询号码 【1843428】，GSD为【"山西-运城"】

2021-08-02 01:45:55 开始第 7 次操作

2021-08-02 01:45:55 开始操作号码 【1843427】
2021-08-02 01:46:15 GSD getOne 第 1 次 等待 3 秒
2021-08-02 01:46:18 查询号码 【1843427】，返回信息 {"status":"bad","msg":""}
2021-08-02 01:46:18 查询号码 【1843427】，GSD为【""】
2021-08-02 01:46:18 bad
2021-08-02 01:46:20 CHB 1843427?1627839978 第 1 次 等待 3 秒
2021-08-02 01:46:23 CHB 1843427?1627839978 第 1 次 获取到号码【1843427】GSD
2021-08-02 01:46:23 获取到号码【1843427】的GSD为【山西-运城】
2021-08-02 01:46:42 GSD insert 第 1 次 等待 3 秒
2021-08-02 01:46:45 {"status":"ok","gid":473858,"msg":"添加成功！"}
2021-08-02 01:46:45 下次操作: 2021-08-02 01:47:02

2021-08-02 01:47:02 开始第 8 次操作

2021-08-02 01:47:02 开始操作号码 【1843426】
2021-08-02 01:47:06 GSD getOne 第 1 次 等待 3 秒
2021-08-02 01:47:09 查询号码 【1843426】，返回信息 {"status":"bad","msg":""}
2021-08-02 01:47:09 查询号码 【1843426】，GSD为【""】
2021-08-02 01:47:09 bad
2021-08-02 01:47:11 CHB 1843426?1627840029 第 1 次 等待 3 秒
2021-08-02 01:47:14 CHB 1843426?1627840029 第 1 次 获取到号码【1843426】GSD
2021-08-02 01:47:14 获取到号码【1843426】的GSD为【山西-晋城】
2021-08-02 01:47:33 GSD insert 第 1 次 等待 3 秒
2021-08-02 01:47:36 {"status":"ok","gid":473870,"msg":"添加成功！"}
2021-08-02 01:47:36 下次操作: 2021-08-02 01:48:00

2021-08-02 01:48:00 开始第 9 次操作

2021-08-02 01:48:00 开始操作号码 【1843425】
2021-08-02 01:48:03 GSD getOne 第 1 次 等待 3 秒
2021-08-02 01:48:06 查询号码 【1843425】，返回信息 {"status":"bad","msg":""}
2021-08-02 01:48:06 查询号码 【1843425】，GSD为【""】
2021-08-02 01:48:06 bad
2021-08-02 01:48:08 CHB 1843425?1627840086 第 1 次 等待 3 秒
2021-08-02 01:48:11 CHB 1843425?1627840086 第 1 次 获取到号码【1843425】GSD
2021-08-02 01:48:11 获取到号码【1843425】的GSD为【山西-长治】
2021-08-02 01:48:41 GSD insert 第 1 次 等待 3 秒
2021-08-02 01:48:44 {"status":"ok","gid":473887,"msg":"添加成功！"}
2021-08-02 01:48:44 下次操作: 2021-08-02 01:49:04

2021-08-02 01:49:04 开始第 10 次操作

2021-08-02 01:49:04 开始操作号码 【1843424】
2021-08-02 01:49:08 GSD getOne 第 1 次 等待 3 秒
2021-08-02 01:49:11 查询号码 【1843424】，返回信息 {"status":"bad","msg":""}
2021-08-02 01:49:11 查询号码 【1843424】，GSD为【""】
2021-08-02 01:49:11 bad
2021-08-02 01:49:13 CHB 1843424?1627840151 第 1 次 等待 3 秒
2021-08-02 01:49:16 CHB 1843424?1627840151 第 1 次 获取到号码【1843424】GSD
2021-08-02 01:49:16 获取到号码【1843424】的GSD为【山西-长治】
2021-08-02 01:49:30 GSD insert 第 1 次 等待 3 秒
2021-08-02 01:49:33 {"status":"ok","gid":473903,"msg":"添加成功！"}
2021-08-02 01:49:33 下次操作: 2021-08-02 01:49:56

2021-08-02 01:49:56 开始第 11 次操作

2021-08-02 01:49:56 开始操作号码 【1843423】
2021-08-02 01:50:00 GSD getOne 第 1 次 等待 3 秒
2021-08-02 01:50:03 查询号码 【1843423】，返回信息 {"status":"bad","msg":""}
2021-08-02 01:50:03 查询号码 【1843423】，GSD为【""】
2021-08-02 01:50:03 bad
2021-08-02 01:50:05 CHB 1843423?1627840203 第 1 次 等待 3 秒
2021-08-02 01:50:08 CHB 1843423?1627840203 第 1 次 获取到号码【1843423】GSD
2021-08-02 01:50:08 获取到号码【1843423】的GSD为【山西-长治】
2021-08-02 01:50:27 GSD insert 第 1 次 等待 3 秒
2021-08-02 01:50:30 {"status":"ok","gid":473916,"msg":"添加成功！"}
2021-08-02 01:50:30 下次操作: 2021-08-02 01:50:54

2021-08-02 01:50:54 开始第 12 次操作

2021-08-02 01:50:54 开始操作号码 【1843422】
2021-08-02 01:51:00 GSD getOne 第 1 次 等待 3 秒
2021-08-02 01:51:03 查询号码 【1843422】，返回信息 {"status":"bad","msg":""}
2021-08-02 01:51:03 查询号码 【1843422】，GSD为【""】
2021-08-02 01:51:03 bad
2021-08-02 01:51:04 CHB 1843422?1627840263 第 1 次 等待 3 秒
2021-08-02 01:51:07 CHB 1843422?1627840263 第 1 次 获取到号码【1843422】GSD
2021-08-02 01:51:07 获取到号码【1843422】的GSD为【山西-大同】
2021-08-02 01:51:28 GSD insert 第 1 次 等待 3 秒
2021-08-02 01:51:31 {"status":"ok","gid":473931,"msg":"添加成功！"}
2021-08-02 01:51:31 下次操作: 2021-08-02 01:51:47

2021-08-02 01:51:47 开始第 13 次操作

2021-08-02 01:51:47 开始操作号码 【1843421】
2021-08-02 01:51:51 GSD getOne 第 1 次 等待 3 秒
2021-08-02 01:51:54 查询号码 【1843421】，返回信息 {"status":"bad","msg":""}
2021-08-02 01:51:54 查询号码 【1843421】，GSD为【""】
2021-08-02 01:51:54 bad
2021-08-02 01:51:56 CHB 1843421?1627840314 第 1 次 等待 3 秒
2021-08-02 01:51:59 CHB 1843421?1627840314 第 1 次 获取到号码【1843421】GSD
2021-08-02 01:51:59 获取到号码【1843421】的GSD为【山西-大同】
2021-08-02 01:52:17 GSD insert 第 1 次 等待 3 秒
2021-08-02 01:52:20 {"status":"ok","gid":473944,"msg":"添加成功！"}
2021-08-02 01:52:20 下次操作: 2021-08-02 01:52:40

2021-08-02 01:52:40 开始第 14 次操作

2021-08-02 01:52:40 开始操作号码 【1843420】
2021-08-02 01:52:45 GSD getOne 第 1 次 等待 3 秒
2021-08-02 01:52:48 查询号码 【1843420】，返回信息 {"status":"bad","msg":""}
2021-08-02 01:52:48 查询号码 【1843420】，GSD为【""】
2021-08-02 01:52:48 bad
2021-08-02 01:52:50 CHB 1843420?1627840368 第 1 次 等待 3 秒
2021-08-02 01:52:53 CHB 1843420?1627840368 第 1 次 获取到号码【1843420】GSD
2021-08-02 01:52:53 获取到号码【1843420】的GSD为【山西-大同】
2021-08-02 01:53:12 GSD insert 第 1 次 等待 3 秒
2021-08-02 01:53:15 {"status":"ok","gid":473959,"msg":"添加成功！"}
2021-08-02 01:53:15 下次操作: 2021-08-02 01:53:30

2021-08-02 01:53:30 开始第 15 次操作

2021-08-02 01:53:30 开始操作号码 【1843419】
2021-08-02 01:53:37 GSD getOne 第 1 次 等待 3 秒
2021-08-02 01:53:40 查询号码 【1843419】，返回信息 {"status":"bad","msg":""}
2021-08-02 01:53:40 查询号码 【1843419】，GSD为【""】
2021-08-02 01:53:40 bad
2021-08-02 01:53:41 CHB 1843419?1627840420 第 1 次 等待 3 秒
2021-08-02 01:53:44 CHB 1843419?1627840420 第 1 次 获取到号码【1843419】GSD
2021-08-02 01:53:45 获取到号码【1843419】的GSD为【山西-朔州】
2021-08-02 01:54:06 GSD insert 第 1 次 等待 3 秒
2021-08-02 01:54:09 {"status":"ok","gid":473973,"msg":"添加成功！"}
2021-08-02 01:54:09 下次操作: 2021-08-02 01:54:24

2021-08-02 01:54:24 开始第 16 次操作

2021-08-02 01:54:24 开始操作号码 【1843418】
2021-08-02 01:54:28 GSD getOne 第 1 次 等待 3 秒
2021-08-02 01:54:31 查询号码 【1843418】，返回信息 {"status":"bad","msg":""}
2021-08-02 01:54:31 查询号码 【1843418】，GSD为【""】
2021-08-02 01:54:31 bad
2021-08-02 01:54:33 CHB 1843418?1627840471 第 1 次 等待 3 秒
2021-08-02 01:54:36 CHB 1843418?1627840471 第 1 次 获取到号码【1843418】GSD
2021-08-02 01:54:36 获取到号码【1843418】的GSD为【山西-朔州】
2021-08-02 01:54:56 GSD insert 第 1 次 等待 3 秒
2021-08-02 01:54:59 {"status":"ok","gid":473986,"msg":"添加成功！"}
2021-08-02 01:54:59 下次操作: 2021-08-02 01:55:23

2021-08-02 01:55:23 开始第 17 次操作

2021-08-02 01:55:23 开始操作号码 【1843417】
2021-08-02 01:55:27 GSD getOne 第 1 次 等待 3 秒
2021-08-02 01:55:30 查询号码 【1843417】，返回信息 {"status":"bad","msg":""}
2021-08-02 01:55:30 查询号码 【1843417】，GSD为【""】
2021-08-02 01:55:30 bad
2021-08-02 01:55:31 CHB 1843417?1627840530 第 1 次 等待 3 秒
2021-08-02 01:55:34 CHB 1843417?1627840530 第 1 次 获取到号码【1843417】GSD
2021-08-02 01:55:34 获取到号码【1843417】的GSD为【山西-晋城】
2021-08-02 01:55:54 GSD insert 第 1 次 等待 3 秒
2021-08-02 01:55:57 {"status":"ok","gid":473999,"msg":"添加成功！"}
2021-08-02 01:55:57 下次操作: 2021-08-02 01:56:11

2021-08-02 01:56:11 开始第 18 次操作

2021-08-02 01:56:11 开始操作号码 【1843416】
2021-08-02 01:56:16 GSD getOne 第 1 次 等待 3 秒
2021-08-02 01:56:19 查询号码 【1843416】，返回信息 {"status":"ok","msg":"山西-吕梁","gid":"50155","time_insert":"2021-04-21 15:26"}
2021-08-02 01:56:19 查询号码 【1843416】，GSD为【"山西-吕梁"】

2021-08-02 01:56:19 开始第 18 次操作

2021-08-02 01:56:19 开始操作号码 【1843415】
2021-08-02 01:56:38 GSD getOne 第 1 次 等待 3 秒
2021-08-02 01:56:41 查询号码 【1843415】，返回信息 {"status":"bad","msg":""}
2021-08-02 01:56:41 查询号码 【1843415】，GSD为【""】
2021-08-02 01:56:41 bad
2021-08-02 01:56:43 CHB 1843415?1627840601 第 1 次 等待 3 秒
2021-08-02 01:56:46 CHB 1843415?1627840601 第 1 次 获取到号码【1843415】GSD
2021-08-02 01:56:46 获取到号码【1843415】的GSD为【山西-吕梁】
2021-08-02 01:57:05 GSD insert 第 1 次 等待 3 秒
2021-08-02 01:57:08 {"status":"ok","gid":474019,"msg":"添加成功！"}
2021-08-02 01:57:08 下次操作: 2021-08-02 01:57:21

2021-08-02 01:57:21 开始第 19 次操作

2021-08-02 01:57:21 开始操作号码 【1843414】
2021-08-02 01:57:25 GSD getOne 第 1 次 等待 3 秒
2021-08-02 01:57:28 查询号码 【1843414】，返回信息 {"status":"bad","msg":""}
2021-08-02 01:57:28 查询号码 【1843414】，GSD为【""】
2021-08-02 01:57:28 bad
2021-08-02 01:57:29 CHB 1843414?1627840648 第 1 次 等待 3 秒
2021-08-02 01:57:32 CHB 1843414?1627840648 第 1 次 获取到号码【1843414】GSD
2021-08-02 01:57:32 获取到号码【1843414】的GSD为【山西-太原】
2021-08-02 01:57:56 GSD insert 第 1 次 等待 3 秒
2021-08-02 01:57:59 {"status":"ok","gid":474032,"msg":"添加成功！"}
2021-08-02 01:57:59 下次操作: 2021-08-02 01:58:16

2021-08-02 01:58:16 开始第 20 次操作

2021-08-02 01:58:16 开始操作号码 【1843413】
2021-08-02 01:58:19 GSD getOne 第 1 次 等待 3 秒
2021-08-02 01:58:22 查询号码 【1843413】，返回信息 {"status":"bad","msg":""}
2021-08-02 01:58:22 查询号码 【1843413】，GSD为【""】
2021-08-02 01:58:22 bad
2021-08-02 01:58:24 CHB 1843413?1627840702 第 1 次 等待 3 秒
2021-08-02 01:58:27 CHB 1843413?1627840702 第 1 次 获取到号码【1843413】GSD
2021-08-02 01:58:27 获取到号码【1843413】的GSD为【山西-太原】
2021-08-02 01:58:47 GSD insert 第 1 次 等待 3 秒
2021-08-02 01:58:50 {"status":"ok","gid":474047,"msg":"添加成功！"}
2021-08-02 01:58:50 下次操作: 2021-08-02 01:59:14

2021-08-02 01:59:14 开始第 21 次操作

2021-08-02 01:59:14 开始操作号码 【1843412】
2021-08-02 01:59:20 GSD getOne 第 1 次 等待 3 秒
2021-08-02 01:59:23 查询号码 【1843412】，返回信息 {"status":"bad","msg":""}
2021-08-02 01:59:23 查询号码 【1843412】，GSD为【""】
2021-08-02 01:59:23 bad
2021-08-02 01:59:24 CHB 1843412?1627840763 第 1 次 等待 3 秒
2021-08-02 01:59:27 CHB 1843412?1627840763 第 1 次 获取到号码【1843412】GSD
2021-08-02 01:59:28 获取到号码【1843412】的GSD为【山西-太原】
2021-08-02 01:59:52 GSD insert 第 1 次 等待 3 秒
2021-08-02 01:59:55 {"status":"ok","gid":474064,"msg":"添加成功！"}
2021-08-02 01:59:55 下次操作: 2021-08-02 02:00:10

2021-08-02 02:00:10 开始第 22 次操作

2021-08-02 02:00:10 开始操作号码 【1843411】
2021-08-02 02:00:13 GSD getOne 第 1 次 等待 3 秒
2021-08-02 02:00:16 查询号码 【1843411】，返回信息 {"status":"bad","msg":""}
2021-08-02 02:00:16 查询号码 【1843411】，GSD为【""】
2021-08-02 02:00:16 bad
2021-08-02 02:00:18 CHB 1843411?1627840816 第 1 次 等待 3 秒
2021-08-02 02:00:21 CHB 1843411?1627840816 第 1 次 获取到号码【1843411】GSD
2021-08-02 02:00:21 获取到号码【1843411】的GSD为【山西-太原】
2021-08-02 02:00:42 GSD insert 第 1 次 等待 3 秒
2021-08-02 02:00:45 {"status":"ok","gid":474076,"msg":"添加成功！"}
2021-08-02 02:00:45 下次操作: 2021-08-02 02:01:07

2021-08-02 02:01:07 开始第 23 次操作

2021-08-02 02:01:07 开始操作号码 【1843410】
2021-08-02 02:01:11 GSD getOne 第 1 次 等待 3 秒
2021-08-02 02:01:14 查询号码 【1843410】，返回信息 {"status":"bad","msg":""}
2021-08-02 02:01:14 查询号码 【1843410】，GSD为【""】
2021-08-02 02:01:14 bad
2021-08-02 02:01:16 CHB 1843410?1627840874 第 1 次 等待 3 秒
2021-08-02 02:01:19 CHB 1843410?1627840874 第 1 次 获取到号码【1843410】GSD
2021-08-02 02:01:19 获取到号码【1843410】的GSD为【山西-晋城】
2021-08-02 02:01:40 GSD insert 第 1 次 等待 3 秒
2021-08-02 02:01:43 {"status":"ok","gid":474092,"msg":"添加成功！"}
2021-08-02 02:01:43 下次操作: 2021-08-02 02:01:55

2021-08-02 02:01:55 开始第 24 次操作

2021-08-02 02:01:55 开始操作号码 【1843409】
2021-08-02 02:02:01 GSD getOne 第 1 次 等待 3 秒
2021-08-02 02:02:04 查询号码 【1843409】，返回信息 {"status":"bad","msg":""}
2021-08-02 02:02:04 查询号码 【1843409】，GSD为【""】
2021-08-02 02:02:04 bad
2021-08-02 02:02:05 CHB 1843409?1627840924 第 1 次 等待 3 秒
2021-08-02 02:02:08 CHB 1843409?1627840924 第 1 次 获取到号码【1843409】GSD
2021-08-02 02:02:08 获取到号码【1843409】的GSD为【山西-晋中】
2021-08-02 02:02:54 GSD insert 第 1 次 等待 3 秒
2021-08-02 02:02:57 {"status":"ok","gid":474110,"msg":"添加成功！"}
2021-08-02 02:02:57 下次操作: 2021-08-02 02:03:15

2021-08-02 02:03:15 开始第 25 次操作

2021-08-02 02:03:15 开始操作号码 【1843408】
2021-08-02 02:03:18 GSD getOne 第 1 次 等待 3 秒
2021-08-02 02:03:21 查询号码 【1843408】，返回信息 {"status":"bad","msg":""}
2021-08-02 02:03:21 查询号码 【1843408】，GSD为【""】
2021-08-02 02:03:21 bad
2021-08-02 02:03:23 CHB 1843408?1627841001 第 1 次 等待 3 秒
2021-08-02 02:03:26 CHB 1843408?1627841001 第 1 次 获取到号码【1843408】GSD
2021-08-02 02:03:26 获取到号码【1843408】的GSD为【山西-晋中】
2021-08-02 02:03:47 GSD insert 第 1 次 等待 3 秒
2021-08-02 02:03:50 {"status":"ok","gid":474122,"msg":"添加成功！"}
2021-08-02 02:03:50 下次操作: 2021-08-02 02:04:04

2021-08-02 02:04:04 开始第 26 次操作

2021-08-02 02:04:04 开始操作号码 【1843407】
2021-08-02 02:04:09 GSD getOne 第 1 次 等待 3 秒
2021-08-02 02:04:12 查询号码 【1843407】，返回信息 {"status":"ok","msg":"山西-临汾","gid":"39300","time_insert":"2018-09-18 21:02","time_update":"2020-08-19 15:12"}
2021-08-02 02:04:12 查询号码 【1843407】，GSD为【"山西-临汾"】

2021-08-02 02:04:12 开始第 26 次操作

2021-08-02 02:04:12 开始操作号码 【1843406】
2021-08-02 02:04:31 GSD getOne 第 1 次 等待 3 秒
2021-08-02 02:04:34 查询号码 【1843406】，返回信息 {"status":"bad","msg":""}
2021-08-02 02:04:34 查询号码 【1843406】，GSD为【""】
2021-08-02 02:04:34 bad
2021-08-02 02:04:35 CHB 1843406?1627841074 第 1 次 等待 3 秒
2021-08-02 02:04:38 CHB 1843406?1627841074 第 1 次 获取到号码【1843406】GSD
2021-08-02 02:04:39 获取到号码【1843406】的GSD为【山西-临汾】
2021-08-02 02:04:58 GSD insert 第 1 次 等待 3 秒
2021-08-02 02:05:01 {"status":"ok","gid":474141,"msg":"添加成功！"}
2021-08-02 02:05:02 下次操作: 2021-08-02 02:05:17

2021-08-02 02:05:17 开始第 27 次操作

2021-08-02 02:05:17 开始操作号码 【1843405】
2021-08-02 02:05:20 GSD getOne 第 1 次 等待 3 秒
2021-08-02 02:05:23 查询号码 【1843405】，返回信息 {"status":"ok","msg":"山西-临汾","gid":"55760","time_insert":"2020-11-05 12:56"}
2021-08-02 02:05:24 查询号码 【1843405】，GSD为【"山西-临汾"】

2021-08-02 02:05:24 开始第 27 次操作

2021-08-02 02:05:24 开始操作号码 【1843404】
2021-08-02 02:05:43 GSD getOne 第 1 次 等待 3 秒
2021-08-02 02:05:46 查询号码 【1843404】，返回信息 {"status":"bad","msg":""}
2021-08-02 02:05:46 查询号码 【1843404】，GSD为【""】
2021-08-02 02:05:46 bad
2021-08-02 02:05:47 CHB 1843404?1627841146 第 1 次 等待 3 秒
2021-08-02 02:05:50 CHB 1843404?1627841146 第 1 次 获取到号码【1843404】GSD
2021-08-02 02:05:50 获取到号码【1843404】的GSD为【山西-阳泉】
2021-08-02 02:06:09 GSD insert 第 1 次 等待 3 秒
2021-08-02 02:06:12 {"status":"ok","gid":474159,"msg":"添加成功！"}
2021-08-02 02:06:12 下次操作: 2021-08-02 02:06:31

2021-08-02 02:06:31 开始第 28 次操作

2021-08-02 02:06:31 开始操作号码 【1843403】
2021-08-02 02:06:35 GSD getOne 第 1 次 等待 3 秒
2021-08-02 02:06:38 查询号码 【1843403】，返回信息 {"status":"bad","msg":""}
2021-08-02 02:06:38 查询号码 【1843403】，GSD为【""】
2021-08-02 02:06:38 bad
2021-08-02 02:06:40 CHB 1843403?1627841198 第 1 次 等待 3 秒
2021-08-02 02:06:43 CHB 1843403?1627841198 第 1 次 获取到号码【1843403】GSD
2021-08-02 02:06:43 获取到号码【1843403】的GSD为【山西-阳泉】
2021-08-02 02:07:02 GSD insert 第 1 次 等待 3 秒
2021-08-02 02:07:05 {"status":"ok","gid":474171,"msg":"添加成功！"}
2021-08-02 02:07:05 下次操作: 2021-08-02 02:07:17

2021-08-02 02:07:17 开始第 29 次操作

2021-08-02 02:07:17 开始操作号码 【1843402】
2021-08-02 02:07:21 GSD getOne 第 1 次 等待 3 秒
2021-08-02 02:07:24 查询号码 【1843402】，返回信息 {"status":"bad","msg":""}
2021-08-02 02:07:24 查询号码 【1843402】，GSD为【""】
2021-08-02 02:07:24 bad
2021-08-02 02:07:26 CHB 1843402?1627841244 第 1 次 等待 3 秒
2021-08-02 02:07:29 CHB 1843402?1627841244 第 1 次 获取到号码【1843402】GSD
2021-08-02 02:07:29 获取到号码【1843402】的GSD为【山西-太原】
2021-08-02 02:07:51 GSD insert 第 1 次 等待 3 秒
2021-08-02 02:07:54 {"status":"ok","gid":474180,"msg":"添加成功！"}
2021-08-02 02:07:54 下次操作: 2021-08-02 02:08:08

2021-08-02 02:08:08 开始第 30 次操作

2021-08-02 02:08:08 开始操作号码 【1843401】
2021-08-02 02:08:12 GSD getOne 第 1 次 等待 3 秒
2021-08-02 02:08:15 查询号码 【1843401】，返回信息 {"status":"bad","msg":""}
2021-08-02 02:08:15 查询号码 【1843401】，GSD为【""】
2021-08-02 02:08:15 bad
2021-08-02 02:08:17 CHB 1843401?1627841295 第 1 次 等待 3 秒
2021-08-02 02:08:20 CHB 1843401?1627841295 第 1 次 获取到号码【1843401】GSD
2021-08-02 02:08:20 获取到号码【1843401】的GSD为【山西-忻州】
2021-08-02 02:08:39 GSD insert 第 1 次 等待 3 秒
2021-08-02 02:08:42 {"status":"ok","gid":474191,"msg":"添加成功！"}
2021-08-02 02:08:42 下次操作: 2021-08-02 02:09:00

2021-08-02 02:09:00 开始第 31 次操作

2021-08-02 02:09:00 开始操作号码 【1843400】
2021-08-02 02:09:04 GSD getOne 第 1 次 等待 3 秒
2021-08-02 02:09:07 查询号码 【1843400】，返回信息 {"status":"bad","msg":""}
2021-08-02 02:09:07 查询号码 【1843400】，GSD为【""】
2021-08-02 02:09:07 bad
2021-08-02 02:09:08 CHB 1843400?1627841347 第 1 次 等待 3 秒
2021-08-02 02:09:11 CHB 1843400?1627841347 第 1 次 获取到号码【1843400】GSD
2021-08-02 02:09:11 获取到号码【1843400】的GSD为【山西-忻州】
2021-08-02 02:09:33 GSD insert 第 1 次 等待 3 秒
2021-08-02 02:09:36 {"status":"ok","gid":474199,"msg":"添加成功！"}
2021-08-02 02:09:36 下次操作: 2021-08-02 02:09:50

2021-08-02 02:09:50 开始第 32 次操作

2021-08-02 02:09:50 开始操作号码 【1843399】
2021-08-02 02:09:54 GSD getOne 第 1 次 等待 3 秒
2021-08-02 02:09:57 查询号码 【1843399】，返回信息 {"status":"bad","msg":""}
2021-08-02 02:09:57 查询号码 【1843399】，GSD为【""】
2021-08-02 02:09:57 bad
2021-08-02 02:09:59 CHB 1843399?1627841397 第 1 次 等待 3 秒
2021-08-02 02:10:02 CHB 1843399?1627841397 第 1 次 获取到号码【1843399】GSD
2021-08-02 02:10:02 获取到号码【1843399】的GSD为【河北-邢台】
2021-08-02 02:10:21 GSD insert 第 1 次 等待 3 秒
2021-08-02 02:10:24 {"status":"ok","gid":474204,"msg":"添加成功！"}
2021-08-02 02:10:24 下次操作: 2021-08-02 02:10:47

2021-08-02 02:10:47 开始第 33 次操作

2021-08-02 02:10:47 开始操作号码 【1843398】
2021-08-02 02:10:51 GSD getOne 第 1 次 等待 3 秒
2021-08-02 02:10:54 查询号码 【1843398】，返回信息 {"status":"bad","msg":""}
2021-08-02 02:10:54 查询号码 【1843398】，GSD为【""】
2021-08-02 02:10:54 bad
2021-08-02 02:10:56 CHB 1843398?1627841454 第 1 次 等待 3 秒
2021-08-02 02:10:59 CHB 1843398?1627841454 第 1 次 获取到号码【1843398】GSD
2021-08-02 02:10:59 获取到号码【1843398】的GSD为【河北-衡水】
2021-08-02 02:11:18 GSD insert 第 1 次 等待 3 秒
2021-08-02 02:11:21 {"status":"ok","gid":474211,"msg":"添加成功！"}
2021-08-02 02:11:21 下次操作: 2021-08-02 02:11:35

2021-08-02 02:11:35 开始第 34 次操作

2021-08-02 02:11:35 开始操作号码 【1843397】
2021-08-02 02:11:39 GSD getOne 第 1 次 等待 3 秒
2021-08-02 02:11:42 查询号码 【1843397】，返回信息 {"status":"bad","msg":""}
2021-08-02 02:11:42 查询号码 【1843397】，GSD为【""】
2021-08-02 02:11:42 bad
2021-08-02 02:11:43 CHB 1843397?1627841502 第 1 次 等待 3 秒
2021-08-02 02:11:46 CHB 1843397?1627841502 第 1 次 获取到号码【1843397】GSD
2021-08-02 02:11:46 获取到号码【1843397】的GSD为【河北-沧州】
2021-08-02 02:12:05 GSD insert 第 1 次 等待 3 秒
2021-08-02 02:12:08 {"status":"ok","gid":474217,"msg":"添加成功！"}
2021-08-02 02:12:08 下次操作: 2021-08-02 02:12:20

2021-08-02 02:12:20 开始第 35 次操作

2021-08-02 02:12:20 开始操作号码 【1843396】
2021-08-02 02:12:25 GSD getOne 第 1 次 等待 3 秒
2021-08-02 02:12:28 查询号码 【1843396】，返回信息 {"status":"bad","msg":""}
2021-08-02 02:12:28 查询号码 【1843396】，GSD为【""】
2021-08-02 02:12:28 bad
2021-08-02 02:12:30 CHB 1843396?1627841548 第 1 次 等待 3 秒
2021-08-02 02:12:33 CHB 1843396?1627841548 第 1 次 获取到号码【1843396】GSD
2021-08-02 02:12:33 获取到号码【1843396】的GSD为【河北-保定】
2021-08-02 02:12:51 GSD insert 第 1 次 等待 3 秒
2021-08-02 02:12:54 {"status":"ok","gid":474221,"msg":"添加成功！"}
2021-08-02 02:12:54 下次操作: 2021-08-02 02:13:17

2021-08-02 02:13:17 开始第 36 次操作

2021-08-02 02:13:17 开始操作号码 【1843395】
2021-08-02 02:13:21 GSD getOne 第 1 次 等待 3 秒
2021-08-02 02:13:24 查询号码 【1843395】，返回信息 {"status":"bad","msg":""}
2021-08-02 02:13:24 查询号码 【1843395】，GSD为【""】
2021-08-02 02:13:24 bad
2021-08-02 02:13:26 CHB 1843395?1627841604 第 1 次 等待 3 秒
2021-08-02 02:13:29 CHB 1843395?1627841604 第 1 次 获取到号码【1843395】GSD
2021-08-02 02:13:29 获取到号码【1843395】的GSD为【河北-唐山】
2021-08-02 02:13:47 GSD insert 第 1 次 等待 3 秒
2021-08-02 02:13:50 {"status":"ok","gid":474226,"msg":"添加成功！"}
2021-08-02 02:13:50 下次操作: 2021-08-02 02:14:07

2021-08-02 02:14:07 开始第 37 次操作

2021-08-02 02:14:07 开始操作号码 【1843394】
2021-08-02 02:14:24 GSD getOne 第 1 次 等待 3 秒
2021-08-02 02:14:27 查询号码 【1843394】，返回信息 {"status":"bad","msg":""}
2021-08-02 02:14:27 查询号码 【1843394】，GSD为【""】
2021-08-02 02:14:27 bad
2021-08-02 02:14:28 CHB 1843394?1627841667 第 1 次 等待 3 秒
2021-08-02 02:14:31 CHB 1843394?1627841667 第 1 次 获取到号码【1843394】GSD
2021-08-02 02:14:31 获取到号码【1843394】的GSD为【河北-秦皇岛】
2021-08-02 02:14:50 GSD insert 第 1 次 等待 3 秒
2021-08-02 02:14:53 {"status":"ok","gid":474229,"msg":"添加成功！"}
2021-08-02 02:14:53 下次操作: 2021-08-02 02:15:06

2021-08-02 02:15:06 开始第 38 次操作

2021-08-02 02:15:06 开始操作号码 【1843393】
2021-08-02 02:15:09 GSD getOne 第 1 次 等待 3 秒
2021-08-02 02:15:12 查询号码 【1843393】，返回信息 {"status":"bad","msg":""}
2021-08-02 02:15:12 查询号码 【1843393】，GSD为【""】
2021-08-02 02:15:12 bad
2021-08-02 02:15:14 CHB 1843393?1627841712 第 1 次 等待 3 秒
2021-08-02 02:15:17 CHB 1843393?1627841712 第 1 次 获取到号码【1843393】GSD
2021-08-02 02:15:17 获取到号码【1843393】的GSD为【河北-张家口】
2021-08-02 02:15:36 GSD insert 第 1 次 等待 3 秒
2021-08-02 02:15:39 {"status":"ok","gid":474233,"msg":"添加成功！"}
2021-08-02 02:15:39 下次操作: 2021-08-02 02:15:54

2021-08-02 02:15:54 开始第 39 次操作

2021-08-02 02:15:54 开始操作号码 【1843392】
2021-08-02 02:15:57 GSD getOne 第 1 次 等待 3 秒
2021-08-02 02:16:00 查询号码 【1843392】，返回信息 {"status":"bad","msg":""}
2021-08-02 02:16:00 查询号码 【1843392】，GSD为【""】
2021-08-02 02:16:00 bad
2021-08-02 02:16:02 CHB 1843392?1627841760 第 1 次 等待 3 秒
2021-08-02 02:16:05 CHB 1843392?1627841760 第 1 次 获取到号码【1843392】GSD
2021-08-02 02:16:05 获取到号码【1843392】的GSD为【河北-保定】
2021-08-02 02:16:25 GSD insert 第 1 次 等待 3 秒
2021-08-02 02:16:28 {"status":"ok","gid":474236,"msg":"添加成功！"}
2021-08-02 02:16:28 下次操作: 2021-08-02 02:16:48

2021-08-02 02:16:48 开始第 40 次操作

2021-08-02 02:16:48 开始操作号码 【1843391】
2021-08-02 02:16:52 GSD getOne 第 1 次 等待 3 秒
2021-08-02 02:16:55 查询号码 【1843391】，返回信息 {"status":"bad","msg":""}
2021-08-02 02:16:55 查询号码 【1843391】，GSD为【""】
2021-08-02 02:16:55 bad
2021-08-02 02:16:56 CHB 1843391?1627841815 第 1 次 等待 3 秒
2021-08-02 02:16:59 CHB 1843391?1627841815 第 1 次 获取到号码【1843391】GSD
2021-08-02 02:16:59 未获取到号码【1843391】GSD，查号吧 400 错误
2021-08-02 02:16:59 获取到号码【1843391】的GSD为【-】
2021-08-02 02:17:21 GSD insert 第 1 次 等待 3 秒
2021-08-02 02:17:24 {"status":"ok","gid":474240,"msg":"添加成功！"}

