2023-12-29 00:17:24 开始第 5781 次操作

2023-12-29 00:17:24 开始操作号码 【1815683】
2023-12-29 00:17:29 GSD getOne 第 1 次 等待 3 秒
2023-12-29 00:17:32 查询号码 【1815683】，返回信息 {"status":"ok","msg":"安徽-合肥","gid":"415764","time_insert":"2021-07-27 18:11"}
2023-12-29 00:17:32 查询号码 【1815683】，GSD为【"安徽-合肥"】

2023-12-29 00:17:33 开始第 5782 次操作

2023-12-29 00:17:33 开始操作号码 【1815684】
2023-12-29 00:17:36 GSD getOne 第 1 次 等待 3 秒
2023-12-29 00:17:39 查询号码 【1815684】，返回信息 {"status":"ok","msg":"安徽-阜阳","gid":"415757","time_insert":"2021-07-27 18:09"}
2023-12-29 00:17:40 查询号码 【1815684】，GSD为【"安徽-阜阳"】

2023-12-29 00:17:41 开始第 5783 次操作

2023-12-29 00:17:41 开始操作号码 【1815685】
2023-12-29 00:17:44 GSD getOne 第 1 次 等待 3 秒
2023-12-29 00:17:47 查询号码 【1815685】，返回信息 {"status":"ok","msg":"安徽-阜阳","gid":"415748","time_insert":"2021-07-27 18:09"}
2023-12-29 00:17:47 查询号码 【1815685】，GSD为【"安徽-阜阳"】

2023-12-29 00:17:48 开始第 5784 次操作

2023-12-29 00:17:48 开始操作号码 【1815686】
2023-12-29 00:17:52 GSD getOne 第 1 次 等待 3 秒
2023-12-29 00:17:55 查询号码 【1815686】，返回信息 {"status":"ok","msg":"安徽-阜阳","gid":"415739","time_insert":"2021-07-27 18:08"}
2023-12-29 00:17:55 查询号码 【1815686】，GSD为【"安徽-阜阳"】

