2024-09-03 00:16:08 开始第 2621 次操作

2024-09-03 00:16:08 开始操作号码 【1372620】
2024-09-03 00:16:19 GSD getOne 第 1 次 等待 3 秒
2024-09-03 00:16:22 查询号码 【1372620】，返回信息 {"status":"ok","msg":"广东-珠海","gid":"103130","time_insert":"2021-06-18 11:57"}
2024-09-03 00:16:22 查询号码 【1372620】，GSD为【"广东-珠海"】

2024-09-03 00:16:23 开始第 2622 次操作

2024-09-03 00:16:23 开始操作号码 【1372621】
2024-09-03 00:16:31 GSD getOne 第 1 次 等待 3 秒
2024-09-03 00:16:34 查询号码 【1372621】，返回信息 {"status":"ok","msg":"广东-珠海","gid":"103150","time_insert":"2021-06-18 12:16"}
2024-09-03 00:16:34 查询号码 【1372621】，GSD为【"广东-珠海"】

2024-09-03 00:16:35 开始第 2623 次操作

2024-09-03 00:16:35 开始操作号码 【1372622】
2024-09-03 00:16:43 GSD getOne 第 1 次 等待 3 秒
2024-09-03 00:16:46 查询号码 【1372622】，返回信息 {"status":"ok","msg":"广东-珠海","gid":"103181","time_insert":"2021-06-18 12:41"}
2024-09-03 00:16:46 查询号码 【1372622】，GSD为【"广东-珠海"】

2024-09-03 00:16:47 开始第 2624 次操作

2024-09-03 00:16:47 开始操作号码 【1372623】
2024-09-03 00:16:55 GSD getOne 第 1 次 等待 3 秒
2024-09-03 00:16:58 查询号码 【1372623】，返回信息 {"status":"ok","msg":"广东-珠海","gid":"103200","time_insert":"2021-06-18 12:56"}
2024-09-03 00:16:58 查询号码 【1372623】，GSD为【"广东-珠海"】

