2023-10-17 00:18:23 开始第 3545 次操作

2023-10-17 00:18:23 开始操作号码 【1913447】
2023-10-17 00:18:31 GSD getOne 第 1 次 等待 3 秒
2023-10-17 00:18:34 查询号码 【1913447】，返回信息 {"status":"ok","msg":"重庆-重庆","gid":"504822","time_insert":"2021-08-12 00:42"}
2023-10-17 00:18:34 查询号码 【1913447】，GSD为【"重庆-重庆"】

2023-10-17 00:18:35 开始第 3546 次操作

2023-10-17 00:18:35 开始操作号码 【1913448】
2023-10-17 00:18:39 GSD getOne 第 1 次 等待 3 秒
2023-10-17 00:18:42 查询号码 【1913448】，返回信息 {"status":"ok","msg":"重庆-重庆","gid":"504837","time_insert":"2021-08-12 00:53"}
2023-10-17 00:18:42 查询号码 【1913448】，GSD为【"重庆-重庆"】

2023-10-17 00:18:43 开始第 3547 次操作

2023-10-17 00:18:43 开始操作号码 【1913449】
2023-10-17 00:18:46 GSD getOne 第 1 次 等待 3 秒
2023-10-17 00:18:49 查询号码 【1913449】，返回信息 {"status":"ok","msg":"重庆-重庆","gid":"504862","time_insert":"2021-08-12 01:07","time_update":"2021-08-12 01:25"}
2023-10-17 00:18:49 查询号码 【1913449】，GSD为【"重庆-重庆"】

2023-10-17 00:18:50 开始第 3548 次操作

2023-10-17 00:18:50 开始操作号码 【1913450】
2023-10-17 00:18:59 GSD getOne 第 1 次 等待 3 秒
2023-10-17 00:19:02 查询号码 【1913450】，返回信息 {"status":"ok","msg":"重庆-重庆","gid":"504883","time_insert":"2021-08-12 01:22"}
2023-10-17 00:19:02 查询号码 【1913450】，GSD为【"重庆-重庆"】

2023-10-17 00:40:08 开始第 3549 次操作

2023-10-17 00:40:08 开始操作号码 【1913451】
2023-10-17 00:40:12 GSD getOne 第 1 次 等待 3 秒
2023-10-17 00:40:15 查询号码 【1913451】，返回信息 {"status":"ok","msg":"重庆-重庆","gid":"504897","time_insert":"2021-08-12 01:35"}
2023-10-17 00:40:15 查询号码 【1913451】，GSD为【"重庆-重庆"】

2023-10-17 00:40:16 开始第 3550 次操作

2023-10-17 00:40:16 开始操作号码 【1913452】
2023-10-17 00:40:20 GSD getOne 第 1 次 等待 3 秒
2023-10-17 00:40:23 查询号码 【1913452】，返回信息 {"status":"ok","msg":"重庆-重庆","gid":"504914","time_insert":"2021-08-12 01:46"}
2023-10-17 00:40:23 查询号码 【1913452】，GSD为【"重庆-重庆"】

2023-10-17 00:40:24 开始第 3551 次操作

2023-10-17 00:40:24 开始操作号码 【1913453】
2023-10-17 00:40:28 GSD getOne 第 1 次 等待 3 秒
2023-10-17 00:40:31 查询号码 【1913453】，返回信息 {"status":"ok","msg":"重庆-重庆","gid":"504938","time_insert":"2021-08-12 02:00"}
2023-10-17 00:40:31 查询号码 【1913453】，GSD为【"重庆-重庆"】

2023-10-17 00:40:32 开始第 3552 次操作

2023-10-17 00:40:32 开始操作号码 【1913454】
2023-10-17 00:40:35 GSD getOne 第 1 次 等待 3 秒
2023-10-17 00:40:38 查询号码 【1913454】，返回信息 {"status":"ok","msg":"重庆-重庆","gid":"504954","time_insert":"2021-08-12 02:12"}
2023-10-17 00:40:38 查询号码 【1913454】，GSD为【"重庆-重庆"】

2023-10-17 01:12:31 开始第 3553 次操作

2023-10-17 01:12:31 开始操作号码 【1913455】
2023-10-17 01:12:34 GSD getOne 第 1 次 等待 3 秒
2023-10-17 01:12:37 查询号码 【1913455】，返回信息 {"status":"ok","msg":"重庆-重庆","gid":"504971","time_insert":"2021-08-12 02:24"}
2023-10-17 01:12:37 查询号码 【1913455】，GSD为【"重庆-重庆"】

2023-10-17 01:12:38 开始第 3554 次操作

2023-10-17 01:12:38 开始操作号码 【1913456】
2023-10-17 01:12:41 GSD getOne 第 1 次 等待 3 秒
2023-10-17 01:12:44 查询号码 【1913456】，返回信息 {"status":"ok","msg":"重庆-重庆","gid":"504991","time_insert":"2021-08-12 02:36"}
2023-10-17 01:12:44 查询号码 【1913456】，GSD为【"重庆-重庆"】

2023-10-17 01:12:45 开始第 3555 次操作

2023-10-17 01:12:45 开始操作号码 【1913457】
2023-10-17 01:12:48 GSD getOne 第 1 次 等待 3 秒
2023-10-17 01:12:51 查询号码 【1913457】，返回信息 {"status":"ok","msg":"重庆-重庆","gid":"505010","time_insert":"2021-08-12 02:50"}
2023-10-17 01:12:51 查询号码 【1913457】，GSD为【"重庆-重庆"】

2023-10-17 01:12:52 开始第 3556 次操作

2023-10-17 01:12:52 开始操作号码 【1913458】
2023-10-17 01:12:55 GSD getOne 第 1 次 等待 3 秒
2023-10-17 01:12:58 查询号码 【1913458】，返回信息 {"status":"ok","msg":"重庆-重庆","gid":"505028","time_insert":"2021-08-12 03:03"}
2023-10-17 01:12:58 查询号码 【1913458】，GSD为【"重庆-重庆"】

