2024-02-05 00:15:23 开始第 1965 次操作

2024-02-05 00:15:23 开始操作号码 【1701867】
2024-02-05 00:15:27 GSD getOne 第 1 次 等待 3 秒
2024-02-05 00:15:30 查询号码 【1701867】，返回信息 {"status":"ok","msg":"贵州-铜仁","gid":"125504","time_insert":"2021-06-25 04:44"}
2024-02-05 00:15:30 查询号码 【1701867】，GSD为【"贵州-铜仁"】

2024-02-05 00:15:31 开始第 1966 次操作

2024-02-05 00:15:31 开始操作号码 【1701868】
2024-02-05 00:15:36 GSD getOne 第 1 次 等待 3 秒
2024-02-05 00:15:39 查询号码 【1701868】，返回信息 {"status":"ok","msg":"贵州-铜仁","gid":"125509","time_insert":"2021-06-25 04:45"}
2024-02-05 00:15:39 查询号码 【1701868】，GSD为【"贵州-铜仁"】

2024-02-05 00:15:40 开始第 1967 次操作

2024-02-05 00:15:40 开始操作号码 【1701869】
2024-02-05 00:15:44 GSD getOne 第 1 次 等待 3 秒
2024-02-05 00:15:47 查询号码 【1701869】，返回信息 {"status":"ok","msg":"贵州-铜仁","gid":"125514","time_insert":"2021-06-25 04:46"}
2024-02-05 00:15:47 查询号码 【1701869】，GSD为【"贵州-铜仁"】

2024-02-05 00:15:48 开始第 1968 次操作

2024-02-05 00:15:48 开始操作号码 【1701870】
2024-02-05 00:15:53 GSD getOne 第 1 次 等待 3 秒
2024-02-05 00:15:56 查询号码 【1701870】，返回信息 {"status":"ok","msg":"贵州-黔东南","gid":"125519","time_insert":"2021-06-25 04:47"}
2024-02-05 00:15:56 查询号码 【1701870】，GSD为【"贵州-黔东南"】

2024-02-05 00:35:50 开始第 1969 次操作

2024-02-05 00:35:50 开始操作号码 【1701871】
2024-02-05 00:35:54 GSD getOne 第 1 次 等待 3 秒
2024-02-05 00:35:57 查询号码 【1701871】，返回信息 {"status":"ok","msg":"贵州-黔东南","gid":"125525","time_insert":"2021-06-25 04:47"}
2024-02-05 00:35:57 查询号码 【1701871】，GSD为【"贵州-黔东南"】

2024-02-05 00:35:58 开始第 1970 次操作

2024-02-05 00:35:58 开始操作号码 【1701872】
2024-02-05 00:36:03 GSD getOne 第 1 次 等待 3 秒
2024-02-05 00:36:06 查询号码 【1701872】，返回信息 {"status":"ok","msg":"贵州-黔东南","gid":"125531","time_insert":"2021-06-25 04:48"}
2024-02-05 00:36:06 查询号码 【1701872】，GSD为【"贵州-黔东南"】

2024-02-05 00:36:07 开始第 1971 次操作

2024-02-05 00:36:07 开始操作号码 【1701873】
2024-02-05 00:36:11 GSD getOne 第 1 次 等待 3 秒
2024-02-05 00:36:14 查询号码 【1701873】，返回信息 {"status":"ok","msg":"贵州-黔南","gid":"125534","time_insert":"2021-06-25 04:49"}
2024-02-05 00:36:14 查询号码 【1701873】，GSD为【"贵州-黔南"】

2024-02-05 00:36:15 开始第 1972 次操作

2024-02-05 00:36:15 开始操作号码 【1701874】
2024-02-05 00:36:19 GSD getOne 第 1 次 等待 3 秒
2024-02-05 00:36:22 查询号码 【1701874】，返回信息 {"status":"ok","msg":"贵州-黔南","gid":"125540","time_insert":"2021-06-25 04:50"}
2024-02-05 00:36:22 查询号码 【1701874】，GSD为【"贵州-黔南"】

