2023-11-19 00:16:28 开始第 9489 次操作

2023-11-19 00:16:28 开始操作号码 【1919390】
2023-11-19 00:16:34 GSD getOne 第 1 次 等待 3 秒
2023-11-19 00:16:37 查询号码 【1919390】，返回信息 {"status":"ok","msg":"甘肃-陇南","gid":"437716","time_insert":"2021-07-29 22:00"}
2023-11-19 00:16:37 查询号码 【1919390】，GSD为【"甘肃-陇南"】

2023-11-19 00:16:38 开始第 9490 次操作

2023-11-19 00:16:38 开始操作号码 【1919391】
2023-11-19 00:16:43 GSD getOne 第 1 次 等待 3 秒
2023-11-19 00:16:46 查询号码 【1919391】，返回信息 {"status":"ok","msg":"甘肃-陇南","gid":"437707","time_insert":"2021-07-29 21:59"}
2023-11-19 00:16:46 查询号码 【1919391】，GSD为【"甘肃-陇南"】

2023-11-19 00:16:47 开始第 9491 次操作

2023-11-19 00:16:47 开始操作号码 【1919392】
2023-11-19 00:16:51 GSD getOne 第 1 次 等待 3 秒
2023-11-19 00:16:54 查询号码 【1919392】，返回信息 {"status":"ok","msg":"甘肃-陇南","gid":"437699","time_insert":"2021-07-29 21:58"}
2023-11-19 00:16:54 查询号码 【1919392】，GSD为【"甘肃-陇南"】

2023-11-19 00:16:55 开始第 9492 次操作

2023-11-19 00:16:55 开始操作号码 【1919393】
2023-11-19 00:17:01 GSD getOne 第 1 次 等待 3 秒
2023-11-19 00:17:04 查询号码 【1919393】，返回信息 {"status":"ok","msg":"甘肃-陇南","gid":"437692","time_insert":"2021-07-29 21:58"}
2023-11-19 00:17:04 查询号码 【1919393】，GSD为【"甘肃-陇南"】

