2024-02-12 00:16:14 开始第 3241 次操作

2024-02-12 00:16:14 开始操作号码 【1703143】
2024-02-12 00:16:19 GSD getOne 第 1 次 等待 3 秒
2024-02-12 00:16:22 查询号码 【1703143】，返回信息 {"status":"ok","msg":"上海-上海","gid":"135099","time_insert":"2021-06-26 22:50"}
2024-02-12 00:16:22 查询号码 【1703143】，GSD为【"上海-上海"】

2024-02-12 00:16:23 开始第 3242 次操作

2024-02-12 00:16:23 开始操作号码 【1703144】
2024-02-12 00:16:28 GSD getOne 第 1 次 等待 3 秒
2024-02-12 00:16:31 查询号码 【1703144】，返回信息 {"status":"ok","msg":"上海-上海","gid":"135107","time_insert":"2021-06-26 22:51"}
2024-02-12 00:16:32 查询号码 【1703144】，GSD为【"上海-上海"】

2024-02-12 00:16:33 开始第 3243 次操作

2024-02-12 00:16:33 开始操作号码 【1703145】
2024-02-12 00:16:37 GSD getOne 第 1 次 等待 3 秒
2024-02-12 00:16:40 查询号码 【1703145】，返回信息 {"status":"ok","msg":"上海-上海","gid":"135115","time_insert":"2021-06-26 22:52"}
2024-02-12 00:16:40 查询号码 【1703145】，GSD为【"上海-上海"】

2024-02-12 00:16:41 开始第 3244 次操作

2024-02-12 00:16:41 开始操作号码 【1703146】
2024-02-12 00:16:45 GSD getOne 第 1 次 等待 3 秒
2024-02-12 00:16:48 查询号码 【1703146】，返回信息 {"status":"ok","msg":"上海-上海","gid":"135122","time_insert":"2021-06-26 22:52"}
2024-02-12 00:16:48 查询号码 【1703146】，GSD为【"上海-上海"】

2024-02-12 00:35:58 开始第 3245 次操作

2024-02-12 00:35:58 开始操作号码 【1703147】
2024-02-12 00:36:02 GSD getOne 第 1 次 等待 3 秒
2024-02-12 00:36:05 查询号码 【1703147】，返回信息 {"status":"ok","msg":"上海-上海","gid":"135132","time_insert":"2021-06-26 22:53"}
2024-02-12 00:36:05 查询号码 【1703147】，GSD为【"上海-上海"】

2024-02-12 00:36:06 开始第 3246 次操作

2024-02-12 00:36:06 开始操作号码 【1703148】
2024-02-12 00:36:11 GSD getOne 第 1 次 等待 3 秒
2024-02-12 00:36:14 查询号码 【1703148】，返回信息 {"status":"ok","msg":"上海-上海","gid":"135141","time_insert":"2021-06-26 22:54"}
2024-02-12 00:36:14 查询号码 【1703148】，GSD为【"上海-上海"】

2024-02-12 00:36:15 开始第 3247 次操作

2024-02-12 00:36:15 开始操作号码 【1703149】
2024-02-12 00:36:19 GSD getOne 第 1 次 等待 3 秒
2024-02-12 00:36:22 查询号码 【1703149】，返回信息 {"status":"ok","msg":"上海-上海","gid":"135150","time_insert":"2021-06-26 22:55"}
2024-02-12 00:36:22 查询号码 【1703149】，GSD为【"上海-上海"】

2024-02-12 00:36:23 开始第 3248 次操作

2024-02-12 00:36:23 开始操作号码 【1703150】
2024-02-12 00:36:30 GSD getOne 第 1 次 等待 3 秒
2024-02-12 00:36:33 查询号码 【1703150】，返回信息 {"status":"ok","msg":"上海-上海","gid":"135158","time_insert":"2021-06-26 22:56"}
2024-02-12 00:36:33 查询号码 【1703150】，GSD为【"上海-上海"】

