2023-11-29 00:19:22 开始第 393 次操作

2023-11-29 00:19:22 开始操作号码 【1810295】
2023-11-29 00:19:26 GSD getOne 第 1 次 等待 3 秒
2023-11-29 00:19:29 查询号码 【1810295】，返回信息 {"status":"ok","msg":"广东-东莞","gid":"286307","time_insert":"2021-07-15 18:32"}
2023-11-29 00:19:29 查询号码 【1810295】，GSD为【"广东-东莞"】

2023-11-29 00:19:30 开始第 394 次操作

2023-11-29 00:19:30 开始操作号码 【1810296】
2023-11-29 00:19:38 GSD getOne 第 1 次 等待 3 秒
2023-11-29 00:19:41 查询号码 【1810296】，返回信息 {"status":"ok","msg":"广东-东莞","gid":"286419","time_insert":"2021-07-15 18:51"}
2023-11-29 00:19:41 查询号码 【1810296】，GSD为【"广东-东莞"】

2023-11-29 00:19:42 开始第 395 次操作

2023-11-29 00:19:42 开始操作号码 【1810297】
2023-11-29 00:19:50 GSD getOne 第 1 次 等待 3 秒
2023-11-29 00:19:53 查询号码 【1810297】，返回信息 {"status":"ok","msg":"广东-东莞","gid":"286601","time_insert":"2021-07-15 19:06"}
2023-11-29 00:19:53 查询号码 【1810297】，GSD为【"广东-东莞"】

2023-11-29 00:19:54 开始第 396 次操作

2023-11-29 00:19:54 开始操作号码 【1810298】
2023-11-29 00:20:00 GSD getOne 第 1 次 等待 3 秒
2023-11-29 00:20:03 查询号码 【1810298】，返回信息 {"status":"ok","msg":"广东-东莞","gid":"286711","time_insert":"2021-07-15 19:25"}
2023-11-29 00:20:03 查询号码 【1810298】，GSD为【"广东-东莞"】

2023-11-29 00:40:46 开始第 397 次操作

2023-11-29 00:40:46 开始操作号码 【1810299】
2023-11-29 00:40:50 GSD getOne 第 1 次 等待 3 秒
2023-11-29 00:40:53 查询号码 【1810299】，返回信息 {"status":"ok","msg":"广东-东莞","gid":"286814","time_insert":"2021-07-15 19:43"}
2023-11-29 00:40:53 查询号码 【1810299】，GSD为【"广东-东莞"】

2023-11-29 00:40:54 开始第 398 次操作

2023-11-29 00:40:54 开始操作号码 【1810300】
2023-11-29 00:40:57 GSD getOne 第 1 次 等待 3 秒
2023-11-29 00:41:00 查询号码 【1810300】，返回信息 {"status":"ok","msg":"广东-东莞","gid":"286969","time_insert":"2021-07-15 19:59"}
2023-11-29 00:41:00 查询号码 【1810300】，GSD为【"广东-东莞"】

2023-11-29 00:41:01 开始第 399 次操作

2023-11-29 00:41:01 开始操作号码 【1810301】
2023-11-29 00:41:06 GSD getOne 第 1 次 等待 3 秒
2023-11-29 00:41:09 查询号码 【1810301】，返回信息 {"status":"ok","msg":"广东-东莞","gid":"287078","time_insert":"2021-07-15 20:19"}
2023-11-29 00:41:09 查询号码 【1810301】，GSD为【"广东-东莞"】

2023-11-29 00:41:10 开始第 400 次操作

2023-11-29 00:41:10 开始操作号码 【1810302】
2023-11-29 00:41:14 GSD getOne 第 1 次 等待 3 秒
2023-11-29 00:41:17 查询号码 【1810302】，返回信息 {"status":"ok","msg":"广东-东莞","gid":"287123","time_insert":"2021-07-15 20:34"}
2023-11-29 00:41:17 查询号码 【1810302】，GSD为【"广东-东莞"】

