2024-04-18 00:18:04 开始第 4173 次操作

2024-04-18 00:18:04 开始操作号码 【1594076】
2024-04-18 00:18:10 GSD getOne 第 1 次 等待 3 秒
2024-04-18 00:18:13 查询号码 【1594076】，返回信息 {"status":"ok","msg":"辽宁-营口","gid":"129449","time_insert":"2021-06-26 00:09"}
2024-04-18 00:18:13 查询号码 【1594076】，GSD为【"辽宁-营口"】

2024-04-18 00:18:14 开始第 4174 次操作

2024-04-18 00:18:14 开始操作号码 【1594077】
2024-04-18 00:18:19 GSD getOne 第 1 次 等待 3 秒
2024-04-18 00:18:22 查询号码 【1594077】，返回信息 {"status":"ok","msg":"辽宁-营口","gid":"129455","time_insert":"2021-06-26 00:10"}
2024-04-18 00:18:22 查询号码 【1594077】，GSD为【"辽宁-营口"】

2024-04-18 00:18:23 开始第 4175 次操作

2024-04-18 00:18:23 开始操作号码 【1594078】
2024-04-18 00:18:28 GSD getOne 第 1 次 等待 3 秒
2024-04-18 00:18:31 查询号码 【1594078】，返回信息 {"status":"ok","msg":"辽宁-营口","gid":"129460","time_insert":"2021-06-26 00:10"}
2024-04-18 00:18:31 查询号码 【1594078】，GSD为【"辽宁-营口"】

2024-04-18 00:18:32 开始第 4176 次操作

2024-04-18 00:18:32 开始操作号码 【1594079】
2024-04-18 00:18:38 GSD getOne 第 1 次 等待 3 秒
2024-04-18 00:18:41 查询号码 【1594079】，返回信息 {"status":"ok","msg":"辽宁-营口","gid":"129464","time_insert":"2021-06-26 00:11"}
2024-04-18 00:18:41 查询号码 【1594079】，GSD为【"辽宁-营口"】

