2023-11-01 00:17:54 开始第 6261 次操作

2023-11-01 00:17:54 开始操作号码 【1916163】
2023-11-01 00:17:58 GSD getOne 第 1 次 等待 3 秒
2023-11-01 00:18:01 查询号码 【1916163】，返回信息 {"status":"ok","msg":"四川-泸州","gid":"476441","time_insert":"2021-08-02 06:46"}
2023-11-01 00:18:01 查询号码 【1916163】，GSD为【"四川-泸州"】

2023-11-01 00:18:02 开始第 6262 次操作

2023-11-01 00:18:02 开始操作号码 【1916164】
2023-11-01 00:18:08 GSD getOne 第 1 次 等待 3 秒
2023-11-01 00:18:11 查询号码 【1916164】，返回信息 {"status":"ok","msg":"四川-泸州","gid":"476429","time_insert":"2021-08-02 06:46"}
2023-11-01 00:18:11 查询号码 【1916164】，GSD为【"四川-泸州"】

2023-11-01 00:18:12 开始第 6263 次操作

2023-11-01 00:18:12 开始操作号码 【1916165】
2023-11-01 00:18:14 GSD getOne 第 1 次 等待 3 秒
2023-11-01 00:18:17 查询号码 【1916165】，返回信息 {"status":"ok","msg":"四川-泸州","gid":"476418","time_insert":"2021-08-02 06:45"}
2023-11-01 00:18:17 查询号码 【1916165】，GSD为【"四川-泸州"】

2023-11-01 00:18:18 开始第 6264 次操作

2023-11-01 00:18:18 开始操作号码 【1916166】
2023-11-01 00:18:22 GSD getOne 第 1 次 等待 3 秒
2023-11-01 00:18:25 查询号码 【1916166】，返回信息 {"status":"ok","msg":"四川-泸州","gid":"476405","time_insert":"2021-08-02 06:45"}
2023-11-01 00:18:25 查询号码 【1916166】，GSD为【"四川-泸州"】

2023-11-01 00:39:36 开始第 6265 次操作

2023-11-01 00:39:36 开始操作号码 【1916167】
2023-11-01 00:39:40 GSD getOne 第 1 次 等待 3 秒
2023-11-01 00:39:43 查询号码 【1916167】，返回信息 {"status":"ok","msg":"四川-泸州","gid":"476393","time_insert":"2021-08-02 06:44"}
2023-11-01 00:39:43 查询号码 【1916167】，GSD为【"四川-泸州"】

2023-11-01 00:39:44 开始第 6266 次操作

2023-11-01 00:39:44 开始操作号码 【1916168】
2023-11-01 00:39:48 GSD getOne 第 1 次 等待 3 秒
2023-11-01 00:39:51 查询号码 【1916168】，返回信息 {"status":"ok","msg":"四川-泸州","gid":"476384","time_insert":"2021-08-02 06:43"}
2023-11-01 00:39:51 查询号码 【1916168】，GSD为【"四川-泸州"】

2023-11-01 00:39:52 开始第 6267 次操作

2023-11-01 00:39:52 开始操作号码 【1916169】
2023-11-01 00:39:56 GSD getOne 第 1 次 等待 3 秒
2023-11-01 00:39:59 查询号码 【1916169】，返回信息 {"status":"ok","msg":"四川-泸州","gid":"476375","time_insert":"2021-08-02 06:43"}
2023-11-01 00:39:59 查询号码 【1916169】，GSD为【"四川-泸州"】

2023-11-01 00:40:00 开始第 6268 次操作

2023-11-01 00:40:00 开始操作号码 【1916170】
2023-11-01 00:40:05 GSD getOne 第 1 次 等待 3 秒
2023-11-01 00:40:08 查询号码 【1916170】，返回信息 {"status":"ok","msg":"四川-泸州","gid":"476365","time_insert":"2021-08-02 06:42"}
2023-11-01 00:40:08 查询号码 【1916170】，GSD为【"四川-泸州"】

