2023-12-30 00:18:56 开始第 5965 次操作

2023-12-30 00:18:56 开始操作号码 【1815867】
2023-12-30 00:19:00 GSD getOne 第 1 次 等待 3 秒
2023-12-30 00:19:03 查询号码 【1815867】，返回信息 {"status":"ok","msg":"浙江-绍兴","gid":"413537","time_insert":"2021-07-27 13:53"}
2023-12-30 00:19:03 查询号码 【1815867】，GSD为【"浙江-绍兴"】

2023-12-30 00:19:04 开始第 5966 次操作

2023-12-30 00:19:04 开始操作号码 【1815868】
2023-12-30 00:19:07 GSD getOne 第 1 次 等待 3 秒
2023-12-30 00:19:10 查询号码 【1815868】，返回信息 {"status":"ok","msg":"浙江-杭州","gid":"413527","time_insert":"2021-07-27 13:52"}
2023-12-30 00:19:10 查询号码 【1815868】，GSD为【"浙江-杭州"】

2023-12-30 00:19:11 开始第 5967 次操作

2023-12-30 00:19:11 开始操作号码 【1815869】
2023-12-30 00:19:15 GSD getOne 第 1 次 等待 3 秒
2023-12-30 00:19:18 查询号码 【1815869】，返回信息 {"status":"ok","msg":"浙江-杭州","gid":"413515","time_insert":"2021-07-27 13:51"}
2023-12-30 00:19:18 查询号码 【1815869】，GSD为【"浙江-杭州"】

2023-12-30 00:19:19 开始第 5968 次操作

2023-12-30 00:19:19 开始操作号码 【1815870】
2023-12-30 00:19:24 GSD getOne 第 1 次 等待 3 秒
2023-12-30 00:19:27 查询号码 【1815870】，返回信息 {"status":"ok","msg":"浙江-衢州","gid":"413502","time_insert":"2021-07-27 13:50"}
2023-12-30 00:19:27 查询号码 【1815870】，GSD为【"浙江-衢州"】

2023-12-30 00:39:22 开始第 5969 次操作

2023-12-30 00:39:22 开始操作号码 【1815871】
2023-12-30 00:39:27 GSD getOne 第 1 次 等待 3 秒
2023-12-30 00:39:30 查询号码 【1815871】，返回信息 {"status":"ok","msg":"浙江-杭州","gid":"413489","time_insert":"2021-07-27 13:49"}
2023-12-30 00:39:30 查询号码 【1815871】，GSD为【"浙江-杭州"】

2023-12-30 00:39:31 开始第 5970 次操作

2023-12-30 00:39:31 开始操作号码 【1815872】
2023-12-30 00:39:36 GSD getOne 第 1 次 等待 3 秒
2023-12-30 00:39:39 查询号码 【1815872】，返回信息 {"status":"ok","msg":"浙江-湖州","gid":"413463","time_insert":"2021-07-27 13:48"}
2023-12-30 00:39:39 查询号码 【1815872】，GSD为【"浙江-湖州"】

2023-12-30 00:39:40 开始第 5971 次操作

2023-12-30 00:39:40 开始操作号码 【1815873】
2023-12-30 00:39:44 GSD getOne 第 1 次 等待 3 秒
2023-12-30 00:39:47 查询号码 【1815873】，返回信息 {"status":"ok","msg":"浙江-绍兴","gid":"413448","time_insert":"2021-07-27 13:47"}
2023-12-30 00:39:47 查询号码 【1815873】，GSD为【"浙江-绍兴"】

2023-12-30 00:39:48 开始第 5972 次操作

2023-12-30 00:39:48 开始操作号码 【1815874】
2023-12-30 00:39:52 GSD getOne 第 1 次 等待 3 秒
2023-12-30 00:39:55 查询号码 【1815874】，返回信息 {"status":"ok","msg":"浙江-绍兴","gid":"413431","time_insert":"2021-07-27 13:46"}
2023-12-30 00:39:55 查询号码 【1815874】，GSD为【"浙江-绍兴"】

