2024-04-27 00:18:21 开始第 5789 次操作

2024-04-27 00:18:21 开始操作号码 【1595692】
2024-04-27 00:18:30 GSD getOne 第 1 次 等待 3 秒
2024-04-27 00:18:33 查询号码 【1595692】，返回信息 {"status":"ok","msg":"安徽-合肥","gid":"130779","time_insert":"2021-06-26 06:56"}
2024-04-27 00:18:33 查询号码 【1595692】，GSD为【"安徽-合肥"】

2024-04-27 00:18:34 开始第 5790 次操作

2024-04-27 00:18:34 开始操作号码 【1595693】
2024-04-27 00:18:48 GSD getOne 第 1 次 等待 3 秒
2024-04-27 00:18:51 查询号码 【1595693】，返回信息 {"status":"ok","msg":"安徽-合肥","gid":"130771","time_insert":"2021-06-26 06:55"}
2024-04-27 00:18:51 查询号码 【1595693】，GSD为【"安徽-合肥"】

2024-04-27 00:18:52 开始第 5791 次操作

2024-04-27 00:18:52 开始操作号码 【1595694】
2024-04-27 00:18:57 GSD getOne 第 1 次 等待 3 秒
2024-04-27 00:19:00 查询号码 【1595694】，返回信息 {"status":"ok","msg":"安徽-合肥","gid":"130765","time_insert":"2021-06-26 06:55"}
2024-04-27 00:19:00 查询号码 【1595694】，GSD为【"安徽-合肥"】

2024-04-27 00:19:01 开始第 5792 次操作

2024-04-27 00:19:01 开始操作号码 【1595695】
2024-04-27 00:19:09 GSD getOne 第 1 次 等待 3 秒
2024-04-27 00:19:12 查询号码 【1595695】，返回信息 {"status":"ok","msg":"安徽-合肥","gid":"130763","time_insert":"2021-06-26 06:54"}
2024-04-27 00:19:12 查询号码 【1595695】，GSD为【"安徽-合肥"】

