2024-02-11 00:16:29 开始第 3061 次操作

2024-02-11 00:16:29 开始操作号码 【1702963】
2024-02-11 00:16:35 GSD getOne 第 1 次 等待 3 秒
2024-02-11 00:16:38 查询号码 【1702963】，返回信息 {"status":"ok","msg":"北京-北京","gid":"133034","time_insert":"2021-06-26 16:50"}
2024-02-11 00:16:38 查询号码 【1702963】，GSD为【"北京-北京"】

2024-02-11 00:16:39 开始第 3062 次操作

2024-02-11 00:16:39 开始操作号码 【1702964】
2024-02-11 00:16:43 GSD getOne 第 1 次 等待 3 秒
2024-02-11 00:16:46 查询号码 【1702964】，返回信息 {"status":"ok","msg":"北京-北京","gid":"133041","time_insert":"2021-06-26 16:51"}
2024-02-11 00:16:46 查询号码 【1702964】，GSD为【"北京-北京"】

2024-02-11 00:16:47 开始第 3063 次操作

2024-02-11 00:16:47 开始操作号码 【1702965】
2024-02-11 00:16:51 GSD getOne 第 1 次 等待 3 秒
2024-02-11 00:16:54 查询号码 【1702965】，返回信息 {"status":"ok","msg":"北京-北京","gid":"133048","time_insert":"2021-06-26 16:52"}
2024-02-11 00:16:54 查询号码 【1702965】，GSD为【"北京-北京"】

2024-02-11 00:16:55 开始第 3064 次操作

2024-02-11 00:16:55 开始操作号码 【1702966】
2024-02-11 00:16:59 GSD getOne 第 1 次 等待 3 秒
2024-02-11 00:17:02 查询号码 【1702966】，返回信息 {"status":"ok","msg":"北京-北京","gid":"133056","time_insert":"2021-06-26 16:52"}
2024-02-11 00:17:02 查询号码 【1702966】，GSD为【"北京-北京"】

2024-02-11 00:36:05 开始第 3065 次操作

2024-02-11 00:36:05 开始操作号码 【1702967】
2024-02-11 00:36:09 GSD getOne 第 1 次 等待 3 秒
2024-02-11 00:36:12 查询号码 【1702967】，返回信息 {"status":"ok","msg":"北京-北京","gid":"133064","time_insert":"2021-06-26 16:53"}
2024-02-11 00:36:12 查询号码 【1702967】，GSD为【"北京-北京"】

2024-02-11 00:36:13 开始第 3066 次操作

2024-02-11 00:36:13 开始操作号码 【1702968】
2024-02-11 00:36:17 GSD getOne 第 1 次 等待 3 秒
2024-02-11 00:36:20 查询号码 【1702968】，返回信息 {"status":"ok","msg":"北京-北京","gid":"133070","time_insert":"2021-06-26 16:54"}
2024-02-11 00:36:20 查询号码 【1702968】，GSD为【"北京-北京"】

2024-02-11 00:36:21 开始第 3067 次操作

2024-02-11 00:36:21 开始操作号码 【1702969】
2024-02-11 00:36:26 GSD getOne 第 1 次 等待 3 秒
2024-02-11 00:36:29 查询号码 【1702969】，返回信息 {"status":"ok","msg":"北京-北京","gid":"133076","time_insert":"2021-06-26 16:55"}
2024-02-11 00:36:29 查询号码 【1702969】，GSD为【"北京-北京"】

2024-02-11 00:36:30 开始第 3068 次操作

2024-02-11 00:36:30 开始操作号码 【1702970】
2024-02-11 00:36:34 GSD getOne 第 1 次 等待 3 秒
2024-02-11 00:36:37 查询号码 【1702970】，返回信息 {"status":"ok","msg":"青海-西宁","gid":"133082","time_insert":"2021-06-26 16:55"}
2024-02-11 00:36:37 查询号码 【1702970】，GSD为【"青海-西宁"】

