2023-11-03 00:18:28 开始第 6621 次操作

2023-11-03 00:18:28 开始操作号码 【1916523】
2023-11-03 00:18:31 GSD getOne 第 1 次 等待 3 秒
2023-11-03 00:18:34 查询号码 【1916523】，返回信息 {"status":"ok","msg":"湖南-永州","gid":"472112","time_insert":"2021-08-01 21:55"}
2023-11-03 00:18:34 查询号码 【1916523】，GSD为【"湖南-永州"】

2023-11-03 00:18:35 开始第 6622 次操作

2023-11-03 00:18:35 开始操作号码 【1916524】
2023-11-03 00:18:38 GSD getOne 第 1 次 等待 3 秒
2023-11-03 00:18:41 查询号码 【1916524】，返回信息 {"status":"ok","msg":"湖南-永州","gid":"472104","time_insert":"2021-08-01 21:55"}
2023-11-03 00:18:41 查询号码 【1916524】，GSD为【"湖南-永州"】

2023-11-03 00:18:42 开始第 6623 次操作

2023-11-03 00:18:42 开始操作号码 【1916525】
2023-11-03 00:18:45 GSD getOne 第 1 次 等待 3 秒
2023-11-03 00:18:48 查询号码 【1916525】，返回信息 {"status":"ok","msg":"湖南-郴州","gid":"472096","time_insert":"2021-08-01 21:54"}
2023-11-03 00:18:48 查询号码 【1916525】，GSD为【"湖南-郴州"】

2023-11-03 00:18:49 开始第 6624 次操作

2023-11-03 00:18:49 开始操作号码 【1916526】
2023-11-03 00:18:55 GSD getOne 第 1 次 等待 3 秒
2023-11-03 00:18:58 查询号码 【1916526】，返回信息 {"status":"ok","msg":"湖南-郴州","gid":"472083","time_insert":"2021-08-01 21:53"}
2023-11-03 00:18:58 查询号码 【1916526】，GSD为【"湖南-郴州"】

2023-11-03 00:40:06 开始第 6625 次操作

2023-11-03 00:40:06 开始操作号码 【1916527】
2023-11-03 00:40:09 GSD getOne 第 1 次 等待 3 秒
2023-11-03 00:40:12 查询号码 【1916527】，返回信息 {"status":"ok","msg":"湖南-邵阳","gid":"472074","time_insert":"2021-08-01 21:53"}
2023-11-03 00:40:12 查询号码 【1916527】，GSD为【"湖南-邵阳"】

2023-11-03 00:40:13 开始第 6626 次操作

2023-11-03 00:40:13 开始操作号码 【1916528】
2023-11-03 00:40:16 GSD getOne 第 1 次 等待 3 秒
2023-11-03 00:40:19 查询号码 【1916528】，返回信息 {"status":"ok","msg":"湖南-邵阳","gid":"472062","time_insert":"2021-08-01 21:52"}
2023-11-03 00:40:20 查询号码 【1916528】，GSD为【"湖南-邵阳"】

2023-11-03 00:40:21 开始第 6627 次操作

2023-11-03 00:40:21 开始操作号码 【1916529】
2023-11-03 00:40:23 GSD getOne 第 1 次 等待 3 秒
2023-11-03 00:40:26 查询号码 【1916529】，返回信息 {"status":"ok","msg":"湖南-邵阳","gid":"472054","time_insert":"2021-08-01 21:51"}
2023-11-03 00:40:26 查询号码 【1916529】，GSD为【"湖南-邵阳"】

2023-11-03 00:40:27 开始第 6628 次操作

2023-11-03 00:40:27 开始操作号码 【1916530】
2023-11-03 00:40:30 GSD getOne 第 1 次 等待 3 秒
2023-11-03 00:40:33 查询号码 【1916530】，返回信息 {"status":"ok","msg":"湖南-岳阳","gid":"472040","time_insert":"2021-08-01 21:50"}
2023-11-03 00:40:33 查询号码 【1916530】，GSD为【"湖南-岳阳"】

