2024-05-15 00:19:23 开始第 9033 次操作

2024-05-15 00:19:23 开始操作号码 【1598936】
2024-05-15 00:19:29 GSD getOne 第 1 次 等待 3 秒
2024-05-15 00:19:32 查询号码 【1598936】，返回信息 {"status":"ok","msg":"广东-深圳","gid":"28246","time_insert":"2017-12-03 22:37","time_update":"2020-10-27 12:31"}
2024-05-15 00:19:32 查询号码 【1598936】，GSD为【"广东-深圳"】

2024-05-15 00:19:33 开始第 9034 次操作

2024-05-15 00:19:33 开始操作号码 【1598937】
2024-05-15 00:19:38 GSD getOne 第 1 次 等待 3 秒
2024-05-15 00:19:41 查询号码 【1598937】，返回信息 {"status":"ok","msg":"广东-深圳","gid":"28247","time_insert":"2017-04-19 11:23","time_update":"2020-09-30 19:57"}
2024-05-15 00:19:41 查询号码 【1598937】，GSD为【"广东-深圳"】

2024-05-15 00:19:42 开始第 9035 次操作

2024-05-15 00:19:42 开始操作号码 【1598938】
2024-05-15 00:19:47 GSD getOne 第 1 次 等待 3 秒
2024-05-15 00:19:51 查询号码 【1598938】，返回信息 {"status":"ok","msg":"广东-深圳","gid":"115115","time_insert":"2021-06-22 21:51"}
2024-05-15 00:19:51 查询号码 【1598938】，GSD为【"广东-深圳"】

2024-05-15 00:19:52 开始第 9036 次操作

2024-05-15 00:19:52 开始操作号码 【1598939】
2024-05-15 00:19:57 GSD getOne 第 1 次 等待 3 秒
2024-05-15 00:20:00 查询号码 【1598939】，返回信息 {"status":"ok","msg":"广东-深圳","gid":"115110","time_insert":"2021-06-22 21:50"}
2024-05-15 00:20:00 查询号码 【1598939】，GSD为【"广东-深圳"】

