2024-09-05 00:15:11 开始第 2981 次操作

2024-09-05 00:15:11 开始操作号码 【1372980】
2024-09-05 00:15:19 GSD getOne 第 1 次 等待 3 秒
2024-09-05 00:15:22 查询号码 【1372980】，返回信息 {"status":"ok","msg":"广东-广州","gid":"117195","time_insert":"2021-06-23 08:52"}
2024-09-05 00:15:22 查询号码 【1372980】，GSD为【"广东-广州"】

2024-09-05 00:15:23 开始第 2982 次操作

2024-09-05 00:15:23 开始操作号码 【1372981】
2024-09-05 00:15:33 GSD getOne 第 1 次 等待 3 秒
2024-09-05 00:15:36 查询号码 【1372981】，返回信息 {"status":"ok","msg":"广东-广州","gid":"117221","time_insert":"2021-06-23 09:09"}
2024-09-05 00:15:36 查询号码 【1372981】，GSD为【"广东-广州"】

2024-09-05 00:15:37 开始第 2983 次操作

2024-09-05 00:15:37 开始操作号码 【1372982】
2024-09-05 00:15:45 GSD getOne 第 1 次 等待 3 秒
2024-09-05 00:15:48 查询号码 【1372982】，返回信息 {"status":"ok","msg":"广东-广州","gid":"117246","time_insert":"2021-06-23 09:24"}
2024-09-05 00:15:48 查询号码 【1372982】，GSD为【"广东-广州"】

2024-09-05 00:15:49 开始第 2984 次操作

2024-09-05 00:15:49 开始操作号码 【1372983】
2024-09-05 00:16:00 GSD getOne 第 1 次 等待 3 秒
2024-09-05 00:16:03 查询号码 【1372983】，返回信息 {"status":"ok","msg":"广东-广州","gid":"117271","time_insert":"2021-06-23 09:43"}
2024-09-05 00:16:03 查询号码 【1372983】，GSD为【"广东-广州"】

2024-09-05 00:41:08 开始第 2985 次操作

2024-09-05 00:41:08 开始操作号码 【1372984】
2024-09-05 00:41:16 GSD getOne 第 1 次 等待 3 秒
2024-09-05 00:41:19 查询号码 【1372984】，返回信息 {"status":"ok","msg":"广东-广州","gid":"117617","time_insert":"2021-06-23 11:17"}
2024-09-05 00:41:19 查询号码 【1372984】，GSD为【"广东-广州"】

2024-09-05 00:41:20 开始第 2986 次操作

2024-09-05 00:41:20 开始操作号码 【1372985】
2024-09-05 00:41:28 GSD getOne 第 1 次 等待 3 秒
2024-09-05 00:41:31 查询号码 【1372985】，返回信息 {"status":"ok","msg":"广东-广州","gid":"117632","time_insert":"2021-06-23 11:27"}
2024-09-05 00:41:31 查询号码 【1372985】，GSD为【"广东-广州"】

2024-09-05 00:41:32 开始第 2987 次操作

2024-09-05 00:41:32 开始操作号码 【1372986】
2024-09-05 00:41:40 GSD getOne 第 1 次 等待 3 秒
2024-09-05 00:41:43 查询号码 【1372986】，返回信息 {"status":"ok","msg":"广东-广州","gid":"117667","time_insert":"2021-06-23 11:50"}
2024-09-05 00:41:43 查询号码 【1372986】，GSD为【"广东-广州"】

2024-09-05 00:41:44 开始第 2988 次操作

2024-09-05 00:41:44 开始操作号码 【1372987】
2024-09-05 00:41:51 GSD getOne 第 1 次 等待 3 秒
2024-09-05 00:41:54 查询号码 【1372987】，返回信息 {"status":"ok","msg":"广东-广州","gid":"117757","time_insert":"2021-06-23 12:08"}
2024-09-05 00:41:55 查询号码 【1372987】，GSD为【"广东-广州"】

