2023-10-25 00:17:47 开始第 4989 次操作

2023-10-25 00:17:47 开始操作号码 【1914891】
2023-10-25 00:17:50 GSD getOne 第 1 次 等待 3 秒
2023-10-25 00:17:53 查询号码 【1914891】，返回信息 {"status":"ok","msg":"广西-钦州","gid":"505766","time_insert":"2021-08-12 11:52"}
2023-10-25 00:17:53 查询号码 【1914891】，GSD为【"广西-钦州"】

2023-10-25 00:17:54 开始第 4990 次操作

2023-10-25 00:17:54 开始操作号码 【1914892】
2023-10-25 00:17:59 GSD getOne 第 1 次 等待 3 秒
2023-10-25 00:18:02 查询号码 【1914892】，返回信息 {"status":"ok","msg":"广西-钦州","gid":"505772","time_insert":"2021-08-12 12:04"}
2023-10-25 00:18:02 查询号码 【1914892】，GSD为【"广西-钦州"】

2023-10-25 00:18:03 开始第 4991 次操作

2023-10-25 00:18:03 开始操作号码 【1914893】
2023-10-25 00:18:06 GSD getOne 第 1 次 等待 3 秒
2023-10-25 00:18:09 查询号码 【1914893】，返回信息 {"status":"ok","msg":"广西-钦州","gid":"505778","time_insert":"2021-08-12 12:17"}
2023-10-25 00:18:09 查询号码 【1914893】，GSD为【"广西-钦州"】

2023-10-25 00:18:10 开始第 4992 次操作

2023-10-25 00:18:10 开始操作号码 【1914894】
2023-10-25 00:18:13 GSD getOne 第 1 次 等待 3 秒
2023-10-25 00:18:16 查询号码 【1914894】，返回信息 {"status":"ok","msg":"广西-钦州","gid":"505780","time_insert":"2021-08-12 12:20"}
2023-10-25 00:18:16 查询号码 【1914894】，GSD为【"广西-钦州"】

