2024-02-13 00:17:58 开始第 3421 次操作

2024-02-13 00:17:58 开始操作号码 【1703323】
2024-02-13 00:18:02 GSD getOne 第 1 次 等待 3 秒
2024-02-13 00:18:05 查询号码 【1703323】，返回信息 {"status":"ok","msg":"天津-天津","gid":"136846","time_insert":"2021-06-27 04:44"}
2024-02-13 00:18:06 查询号码 【1703323】，GSD为【"天津-天津"】

2024-02-13 00:18:07 开始第 3422 次操作

2024-02-13 00:18:07 开始操作号码 【1703324】
2024-02-13 00:18:11 GSD getOne 第 1 次 等待 3 秒
2024-02-13 00:18:14 查询号码 【1703324】，返回信息 {"status":"ok","msg":"天津-天津","gid":"136857","time_insert":"2021-06-27 04:45"}
2024-02-13 00:18:14 查询号码 【1703324】，GSD为【"天津-天津"】

2024-02-13 00:18:15 开始第 3423 次操作

2024-02-13 00:18:15 开始操作号码 【1703325】
2024-02-13 00:18:23 GSD getOne 第 1 次 等待 3 秒
2024-02-13 00:18:26 查询号码 【1703325】，返回信息 {"status":"ok","msg":"天津-天津","gid":"136866","time_insert":"2021-06-27 04:45"}
2024-02-13 00:18:26 查询号码 【1703325】，GSD为【"天津-天津"】

2024-02-13 00:18:27 开始第 3424 次操作

2024-02-13 00:18:27 开始操作号码 【1703326】
2024-02-13 00:18:31 GSD getOne 第 1 次 等待 3 秒
2024-02-13 00:18:34 查询号码 【1703326】，返回信息 {"status":"ok","msg":"天津-天津","gid":"136879","time_insert":"2021-06-27 04:46"}
2024-02-13 00:18:34 查询号码 【1703326】，GSD为【"天津-天津"】

2024-02-13 00:37:01 开始第 3425 次操作

2024-02-13 00:37:01 开始操作号码 【1703327】
2024-02-13 00:37:06 GSD getOne 第 1 次 等待 3 秒
2024-02-13 00:37:09 查询号码 【1703327】，返回信息 {"status":"ok","msg":"天津-天津","gid":"136893","time_insert":"2021-06-27 04:47"}
2024-02-13 00:37:09 查询号码 【1703327】，GSD为【"天津-天津"】

2024-02-13 00:37:10 开始第 3426 次操作

2024-02-13 00:37:10 开始操作号码 【1703328】
2024-02-13 00:37:15 GSD getOne 第 1 次 等待 3 秒
2024-02-13 00:37:18 查询号码 【1703328】，返回信息 {"status":"ok","msg":"天津-天津","gid":"136905","time_insert":"2021-06-27 04:48"}
2024-02-13 00:37:18 查询号码 【1703328】，GSD为【"天津-天津"】

2024-02-13 00:37:19 开始第 3427 次操作

2024-02-13 00:37:19 开始操作号码 【1703329】
2024-02-13 00:37:23 GSD getOne 第 1 次 等待 3 秒
2024-02-13 00:37:26 查询号码 【1703329】，返回信息 {"status":"ok","msg":"天津-天津","gid":"136918","time_insert":"2021-06-27 04:48"}
2024-02-13 00:37:26 查询号码 【1703329】，GSD为【"天津-天津"】

2024-02-13 00:37:27 开始第 3428 次操作

2024-02-13 00:37:27 开始操作号码 【1703330】
2024-02-13 00:37:32 GSD getOne 第 1 次 等待 3 秒
2024-02-13 00:37:35 查询号码 【1703330】，返回信息 {"status":"ok","msg":"天津-天津","gid":"136929","time_insert":"2021-06-27 04:49"}
2024-02-13 00:37:35 查询号码 【1703330】，GSD为【"天津-天津"】

2024-02-13 01:11:46 开始第 3429 次操作

2024-02-13 01:11:46 开始操作号码 【1703331】
2024-02-13 01:11:51 GSD getOne 第 1 次 等待 3 秒
2024-02-13 01:11:54 查询号码 【1703331】，返回信息 {"status":"ok","msg":"天津-天津","gid":"136941","time_insert":"2021-06-27 04:50"}
2024-02-13 01:11:54 查询号码 【1703331】，GSD为【"天津-天津"】

2024-02-13 01:11:55 开始第 3430 次操作

2024-02-13 01:11:55 开始操作号码 【1703332】
2024-02-13 01:12:00 GSD getOne 第 1 次 等待 3 秒
2024-02-13 01:12:03 查询号码 【1703332】，返回信息 {"status":"ok","msg":"天津-天津","gid":"136950","time_insert":"2021-06-27 04:51"}
2024-02-13 01:12:03 查询号码 【1703332】，GSD为【"天津-天津"】

2024-02-13 01:12:04 开始第 3431 次操作

2024-02-13 01:12:04 开始操作号码 【1703333】
2024-02-13 01:12:08 GSD getOne 第 1 次 等待 3 秒
2024-02-13 01:12:11 查询号码 【1703333】，返回信息 {"status":"ok","msg":"天津-天津","gid":"136962","time_insert":"2021-06-27 04:51"}
2024-02-13 01:12:11 查询号码 【1703333】，GSD为【"天津-天津"】

2024-02-13 01:12:12 开始第 3432 次操作

2024-02-13 01:12:12 开始操作号码 【1703334】
2024-02-13 01:12:17 GSD getOne 第 1 次 等待 3 秒
2024-02-13 01:12:20 查询号码 【1703334】，返回信息 {"status":"ok","msg":"天津-天津","gid":"136972","time_insert":"2021-06-27 04:52"}
2024-02-13 01:12:20 查询号码 【1703334】，GSD为【"天津-天津"】

