2023-10-22 00:15:50 开始第 4449 次操作

2023-10-22 00:15:50 开始操作号码 【1914351】
2023-10-22 00:15:58 GSD getOne 第 1 次 等待 3 秒
2023-10-22 00:16:01 查询号码 【1914351】，返回信息 {"status":"ok","msg":"浙江-杭州","gid":"494310","time_insert":"2021-08-04 03:56"}
2023-10-22 00:16:02 查询号码 【1914351】，GSD为【"浙江-杭州"】

2023-10-22 00:16:03 开始第 4450 次操作

2023-10-22 00:16:03 开始操作号码 【1914352】
2023-10-22 00:16:16 GSD getOne 第 1 次 等待 3 秒
2023-10-22 00:16:19 查询号码 【1914352】，返回信息 {"status":"ok","msg":"浙江-杭州","gid":"494301","time_insert":"2021-08-04 03:55"}
2023-10-22 00:16:19 查询号码 【1914352】，GSD为【"浙江-杭州"】

2023-10-22 00:16:20 开始第 4451 次操作

2023-10-22 00:16:20 开始操作号码 【1914353】
2023-10-22 00:16:31 GSD getOne 第 1 次 等待 3 秒
2023-10-22 00:16:34 查询号码 【1914353】，返回信息 {"status":"ok","msg":"浙江-杭州","gid":"494294","time_insert":"2021-08-04 03:52"}
2023-10-22 00:16:34 查询号码 【1914353】，GSD为【"浙江-杭州"】

2023-10-22 00:16:35 开始第 4452 次操作

2023-10-22 00:16:35 开始操作号码 【1914354】
2023-10-22 00:16:39 GSD getOne 第 1 次 等待 3 秒
2023-10-22 00:16:42 查询号码 【1914354】，返回信息 {"status":"ok","msg":"浙江-杭州","gid":"494288","time_insert":"2021-08-04 03:50"}
2023-10-22 00:16:42 查询号码 【1914354】，GSD为【"浙江-杭州"】

2023-10-22 00:37:47 开始第 4453 次操作

2023-10-22 00:37:47 开始操作号码 【1914355】
2023-10-22 00:37:52 GSD getOne 第 1 次 等待 3 秒
2023-10-22 00:37:55 查询号码 【1914355】，返回信息 {"status":"ok","msg":"浙江-杭州","gid":"494280","time_insert":"2021-08-04 03:49"}
2023-10-22 00:37:56 查询号码 【1914355】，GSD为【"浙江-杭州"】

2023-10-22 00:37:57 开始第 4454 次操作

2023-10-22 00:37:57 开始操作号码 【1914356】
2023-10-22 00:38:04 GSD getOne 第 1 次 等待 3 秒
2023-10-22 00:38:07 查询号码 【1914356】，返回信息 {"status":"ok","msg":"浙江-杭州","gid":"494270","time_insert":"2021-08-04 03:46"}
2023-10-22 00:38:07 查询号码 【1914356】，GSD为【"浙江-杭州"】

2023-10-22 00:38:08 开始第 4455 次操作

2023-10-22 00:38:08 开始操作号码 【1914357】
2023-10-22 00:38:14 GSD getOne 第 1 次 等待 3 秒
2023-10-22 00:38:17 查询号码 【1914357】，返回信息 {"status":"ok","msg":"浙江-杭州","gid":"494264","time_insert":"2021-08-04 03:45"}
2023-10-22 00:38:17 查询号码 【1914357】，GSD为【"浙江-杭州"】

2023-10-22 00:38:18 开始第 4456 次操作

2023-10-22 00:38:18 开始操作号码 【1914358】
2023-10-22 00:38:25 GSD getOne 第 1 次 等待 3 秒
2023-10-22 00:38:28 查询号码 【1914358】，返回信息 {"status":"ok","msg":"浙江-杭州","gid":"494259","time_insert":"2021-08-04 03:44"}
2023-10-22 00:38:29 查询号码 【1914358】，GSD为【"浙江-杭州"】

