2024-04-28 00:15:52 开始第 5969 次操作

2024-04-28 00:15:52 开始操作号码 【1595872】
2024-04-28 00:16:01 GSD getOne 第 1 次 等待 3 秒
2024-04-28 00:16:04 查询号码 【1595872】，返回信息 {"status":"ok","msg":"浙江-温州","gid":"129885","time_insert":"2021-06-26 02:59"}
2024-04-28 00:16:04 查询号码 【1595872】，GSD为【"浙江-温州"】

2024-04-28 00:16:05 开始第 5970 次操作

2024-04-28 00:16:05 开始操作号码 【1595873】
2024-04-28 00:16:11 GSD getOne 第 1 次 等待 3 秒
2024-04-28 00:16:14 查询号码 【1595873】，返回信息 {"status":"ok","msg":"浙江-温州","gid":"129881","time_insert":"2021-06-26 02:58"}
2024-04-28 00:16:14 查询号码 【1595873】，GSD为【"浙江-温州"】

2024-04-28 00:16:15 开始第 5971 次操作

2024-04-28 00:16:15 开始操作号码 【1595874】
2024-04-28 00:16:23 GSD getOne 第 1 次 等待 3 秒
2024-04-28 00:16:26 查询号码 【1595874】，返回信息 {"status":"ok","msg":"浙江-温州","gid":"129878","time_insert":"2021-06-26 02:57"}
2024-04-28 00:16:26 查询号码 【1595874】，GSD为【"浙江-温州"】

2024-04-28 00:16:27 开始第 5972 次操作

2024-04-28 00:16:27 开始操作号码 【1595875】
2024-04-28 00:16:34 GSD getOne 第 1 次 等待 3 秒
2024-04-28 00:16:37 查询号码 【1595875】，返回信息 {"status":"ok","msg":"浙江-温州","gid":"129874","time_insert":"2021-06-26 02:56"}
2024-04-28 00:16:37 查询号码 【1595875】，GSD为【"浙江-温州"】

