2024-01-06 00:16:30 开始第 7225 次操作

2024-01-06 00:16:30 开始操作号码 【1817127】
2024-01-06 00:16:37 GSD getOne 第 1 次 等待 3 秒
2024-01-06 00:16:40 查询号码 【1817127】，返回信息 {"status":"ok","msg":"湖北-武汉","gid":"399237","time_insert":"2021-07-26 08:10"}
2024-01-06 00:16:40 查询号码 【1817127】，GSD为【"湖北-武汉"】

2024-01-06 00:16:41 开始第 7226 次操作

2024-01-06 00:16:41 开始操作号码 【1817128】
2024-01-06 00:16:44 GSD getOne 第 1 次 等待 3 秒
2024-01-06 00:16:47 查询号码 【1817128】，返回信息 {"status":"ok","msg":"湖北-武汉","gid":"33894","time_insert":"2017-04-18 16:32","time_update":"2020-09-18 18:08"}
2024-01-06 00:16:47 查询号码 【1817128】，GSD为【"湖北-武汉"】

2024-01-06 00:16:48 开始第 7227 次操作

2024-01-06 00:16:48 开始操作号码 【1817129】
2024-01-06 00:16:52 GSD getOne 第 1 次 等待 3 秒
2024-01-06 00:16:55 查询号码 【1817129】，返回信息 {"status":"ok","msg":"湖北-武汉","gid":"33895","time_insert":"2017-04-19 11:23","time_update":"2020-09-18 18:11"}
2024-01-06 00:16:55 查询号码 【1817129】，GSD为【"湖北-武汉"】

2024-01-06 00:16:56 开始第 7228 次操作

2024-01-06 00:16:56 开始操作号码 【1817130】
2024-01-06 00:16:59 GSD getOne 第 1 次 等待 3 秒
2024-01-06 00:17:02 查询号码 【1817130】，返回信息 {"status":"ok","msg":"湖北-武汉","gid":"399225","time_insert":"2021-07-26 08:09"}
2024-01-06 00:17:02 查询号码 【1817130】，GSD为【"湖北-武汉"】

