2024-03-18 00:15:07 开始第 9561 次操作

2024-03-18 00:15:07 开始操作号码 【1709463】
2024-03-18 00:15:12 GSD getOne 第 1 次 等待 3 秒
2024-03-18 00:15:15 查询号码 【1709463】，返回信息 {"status":"ok","msg":"浙江-温州","gid":"206364","time_insert":"2021-07-06 13:48"}
2024-03-18 00:15:15 查询号码 【1709463】，GSD为【"浙江-温州"】

2024-03-18 00:15:16 开始第 9562 次操作

2024-03-18 00:15:16 开始操作号码 【1709464】
2024-03-18 00:15:21 GSD getOne 第 1 次 等待 3 秒
2024-03-18 00:15:24 查询号码 【1709464】，返回信息 {"status":"ok","msg":"浙江-温州","gid":"206369","time_insert":"2021-07-06 13:49"}
2024-03-18 00:15:24 查询号码 【1709464】，GSD为【"浙江-温州"】

2024-03-18 00:15:25 开始第 9563 次操作

2024-03-18 00:15:25 开始操作号码 【1709465】
2024-03-18 00:15:29 GSD getOne 第 1 次 等待 3 秒
2024-03-18 00:15:32 查询号码 【1709465】，返回信息 {"status":"ok","msg":"浙江-温州","gid":"206376","time_insert":"2021-07-06 13:49"}
2024-03-18 00:15:32 查询号码 【1709465】，GSD为【"浙江-温州"】

2024-03-18 00:15:33 开始第 9564 次操作

2024-03-18 00:15:33 开始操作号码 【1709466】
2024-03-18 00:15:38 GSD getOne 第 1 次 等待 3 秒
2024-03-18 00:15:41 查询号码 【1709466】，返回信息 {"status":"ok","msg":"浙江-温州","gid":"206579","time_insert":"2021-07-06 14:52"}
2024-03-18 00:15:41 查询号码 【1709466】，GSD为【"浙江-温州"】

2024-03-18 00:35:45 开始第 9565 次操作

2024-03-18 00:35:45 开始操作号码 【1709467】
2024-03-18 00:35:50 GSD getOne 第 1 次 等待 3 秒
2024-03-18 00:35:53 查询号码 【1709467】，返回信息 {"status":"ok","msg":"浙江-温州","gid":"206581","time_insert":"2021-07-06 14:52"}
2024-03-18 00:35:53 查询号码 【1709467】，GSD为【"浙江-温州"】

2024-03-18 00:35:54 开始第 9566 次操作

2024-03-18 00:35:54 开始操作号码 【1709468】
2024-03-18 00:35:59 GSD getOne 第 1 次 等待 3 秒
2024-03-18 00:36:02 查询号码 【1709468】，返回信息 {"status":"ok","msg":"浙江-温州","gid":"206585","time_insert":"2021-07-06 14:52"}
2024-03-18 00:36:02 查询号码 【1709468】，GSD为【"浙江-温州"】

2024-03-18 00:36:03 开始第 9567 次操作

2024-03-18 00:36:03 开始操作号码 【1709469】
2024-03-18 00:36:07 GSD getOne 第 1 次 等待 3 秒
2024-03-18 00:36:10 查询号码 【1709469】，返回信息 {"status":"ok","msg":"浙江-温州","gid":"215325","time_insert":"2021-07-07 16:08"}
2024-03-18 00:36:10 查询号码 【1709469】，GSD为【"浙江-温州"】

2024-03-18 00:36:11 开始第 9568 次操作

2024-03-18 00:36:11 开始操作号码 【1709470】
2024-03-18 00:36:16 GSD getOne 第 1 次 等待 3 秒
2024-03-18 00:36:19 查询号码 【1709470】，返回信息 {"status":"ok","msg":"内蒙古-呼和浩特","gid":"206592","time_insert":"2021-07-06 14:53"}
2024-03-18 00:36:19 查询号码 【1709470】，GSD为【"内蒙古-呼和浩特"】

