2023-10-27 00:17:17 开始第 5353 次操作

2023-10-27 00:17:17 开始操作号码 【1915255】
2023-10-27 00:17:20 GSD getOne 第 1 次 等待 3 秒
2023-10-27 00:17:23 查询号码 【1915255】，返回信息 {"status":"ok","msg":"广西-来宾","gid":"487333","time_insert":"2021-08-03 05:52"}
2023-10-27 00:17:23 查询号码 【1915255】，GSD为【"广西-来宾"】

2023-10-27 00:17:24 开始第 5354 次操作

2023-10-27 00:17:24 开始操作号码 【1915256】
2023-10-27 00:17:28 GSD getOne 第 1 次 等待 3 秒
2023-10-27 00:17:31 查询号码 【1915256】，返回信息 {"status":"ok","msg":"广西-来宾","gid":"487319","time_insert":"2021-08-03 05:51"}
2023-10-27 00:17:31 查询号码 【1915256】，GSD为【"广西-来宾"】

2023-10-27 00:17:32 开始第 5355 次操作

2023-10-27 00:17:32 开始操作号码 【1915257】
2023-10-27 00:17:38 GSD getOne 第 1 次 等待 3 秒
2023-10-27 00:17:41 查询号码 【1915257】，返回信息 {"status":"ok","msg":"广西-来宾","gid":"487303","time_insert":"2021-08-03 05:50"}
2023-10-27 00:17:41 查询号码 【1915257】，GSD为【"广西-来宾"】

2023-10-27 00:17:42 开始第 5356 次操作

2023-10-27 00:17:42 开始操作号码 【1915258】
2023-10-27 00:17:46 GSD getOne 第 1 次 等待 3 秒
2023-10-27 00:17:49 查询号码 【1915258】，返回信息 {"status":"ok","msg":"广西-来宾","gid":"487288","time_insert":"2021-08-03 05:49"}
2023-10-27 00:17:49 查询号码 【1915258】，GSD为【"广西-来宾"】

