2024-07-29 00:19:27 开始第 8605 次操作

2024-07-29 00:19:27 开始操作号码 【1488506】
2024-07-29 00:19:35 GSD getOne 第 1 次 等待 3 秒
2024-07-29 00:19:38 查询号码 【1488506】，返回信息 {"status":"ok","msg":"重庆-重庆","gid":"345193","time_insert":"2021-07-21 10:44","time_update":"2023-05-25 14:46"}
2024-07-29 00:19:38 查询号码 【1488506】，GSD为【"重庆-重庆"】

2024-07-29 00:19:39 开始第 8606 次操作

2024-07-29 00:19:39 开始操作号码 【1488507】
2024-07-29 00:19:48 GSD getOne 第 1 次 等待 3 秒
2024-07-29 00:19:51 查询号码 【1488507】，返回信息 {"status":"ok","msg":"重庆-重庆","gid":"345213","time_insert":"2021-07-21 10:49","time_update":"2023-05-25 14:24"}
2024-07-29 00:19:51 查询号码 【1488507】，GSD为【"重庆-重庆"】

2024-07-29 00:19:52 开始第 8607 次操作

2024-07-29 00:19:52 开始操作号码 【1488508】
2024-07-29 00:19:59 GSD getOne 第 1 次 等待 3 秒
2024-07-29 00:20:02 查询号码 【1488508】，返回信息 {"status":"ok","msg":"重庆-重庆","gid":"345240","time_insert":"2021-07-21 10:53","time_update":"2023-05-25 14:02"}
2024-07-29 00:20:02 查询号码 【1488508】，GSD为【"重庆-重庆"】

2024-07-29 00:20:04 开始第 8608 次操作

2024-07-29 00:20:04 开始操作号码 【1488509】
2024-07-29 00:20:11 GSD getOne 第 1 次 等待 3 秒
2024-07-29 00:20:14 查询号码 【1488509】，返回信息 {"status":"ok","msg":"重庆-重庆","gid":"345266","time_insert":"2021-07-21 10:56","time_update":"2023-05-25 13:50"}
2024-07-29 00:20:14 查询号码 【1488509】，GSD为【"重庆-重庆"】

