2024-08-24 00:15:27 开始第 829 次操作

2024-08-24 00:15:27 开始操作号码 【1370828】
2024-08-24 00:15:35 GSD getOne 第 1 次 等待 3 秒
2024-08-24 00:15:38 查询号码 【1370828】，返回信息 {"status":"ok","msg":"四川-泸州","gid":"9459","time_insert":"2015-07-12 09:57","time_update":"2020-10-14 12:01"}
2024-08-24 00:15:38 查询号码 【1370828】，GSD为【"四川-泸州"】

2024-08-24 00:15:39 开始第 830 次操作

2024-08-24 00:15:39 开始操作号码 【1370829】
2024-08-24 00:15:47 GSD getOne 第 1 次 等待 3 秒
2024-08-24 00:15:50 查询号码 【1370829】，返回信息 {"status":"ok","msg":"四川-宜宾","gid":"9460","time_insert":"2017-01-04 09:56","time_update":"2020-10-14 12:05"}
2024-08-24 00:15:50 查询号码 【1370829】，GSD为【"四川-宜宾"】

2024-08-24 00:15:51 开始第 831 次操作

2024-08-24 00:15:51 开始操作号码 【1370830】
2024-08-24 00:16:01 GSD getOne 第 1 次 等待 3 秒
2024-08-24 00:16:04 查询号码 【1370830】，返回信息 {"status":"ok","msg":"重庆-重庆","gid":"9461","time_insert":"2017-05-02 16:18","time_update":"2021-01-06 15:55"}
2024-08-24 00:16:04 查询号码 【1370830】，GSD为【"重庆-重庆"】

2024-08-24 00:16:05 开始第 832 次操作

2024-08-24 00:16:05 开始操作号码 【1370831】
2024-08-24 00:16:13 GSD getOne 第 1 次 等待 3 秒
2024-08-24 00:16:16 查询号码 【1370831】，返回信息 {"status":"ok","msg":"重庆-重庆","gid":"67242","time_insert":"2021-05-25 02:37"}
2024-08-24 00:16:16 查询号码 【1370831】，GSD为【"重庆-重庆"】

