2024-10-02 00:16:42 开始第 7761 次操作

2024-10-02 00:16:42 开始操作号码 【1377760】
2024-10-02 00:16:44 GSD getOne 第 1 次 等待 3 秒
2024-10-02 00:16:47 查询号码 【1377760】，返回信息 {"status":"ok","msg":"浙江-台州","gid":"61466","time_insert":"2021-05-18 11:25"}
2024-10-02 00:16:47 查询号码 【1377760】，GSD为【"浙江-台州"】

2024-10-02 00:16:48 开始第 7762 次操作

2024-10-02 00:16:48 开始操作号码 【1377761】
2024-10-02 00:16:50 GSD getOne 第 1 次 等待 3 秒
2024-10-02 00:16:53 查询号码 【1377761】，返回信息 {"status":"ok","msg":"浙江-台州","gid":"61468","time_insert":"2021-05-18 11:26"}
2024-10-02 00:16:53 查询号码 【1377761】，GSD为【"浙江-台州"】

2024-10-02 00:16:54 开始第 7763 次操作

2024-10-02 00:16:54 开始操作号码 【1377762】
2024-10-02 00:16:56 GSD getOne 第 1 次 等待 3 秒
2024-10-02 00:16:59 查询号码 【1377762】，返回信息 {"status":"ok","msg":"浙江-台州","gid":"10517","time_insert":"2014-05-26 18:04","time_update":"2021-05-18 11:26"}
2024-10-02 00:16:59 查询号码 【1377762】，GSD为【"浙江-台州"】

2024-10-02 00:17:00 开始第 7764 次操作

2024-10-02 00:17:00 开始操作号码 【1377763】
2024-10-02 00:17:05 GSD getOne 第 1 次 等待 3 秒
2024-10-02 00:17:08 查询号码 【1377763】，返回信息 {"status":"ok","msg":"浙江-台州","gid":"10518","time_insert":"2016-02-05 21:11","time_update":"2021-05-18 11:26"}
2024-10-02 00:17:08 查询号码 【1377763】，GSD为【"浙江-台州"】

