2024-03-30 00:16:57 开始第 901 次操作

2024-03-30 00:16:57 开始操作号码 【1590804】
2024-03-30 00:17:03 GSD getOne 第 1 次 等待 3 秒
2024-03-30 00:17:06 查询号码 【1590804】，返回信息 {"status":"ok","msg":"山东-菏泽","gid":"108824","time_insert":"2021-06-20 18:08"}
2024-03-30 00:17:06 查询号码 【1590804】，GSD为【"山东-菏泽"】

2024-03-30 00:17:07 开始第 902 次操作

2024-03-30 00:17:07 开始操作号码 【1590805】
2024-03-30 00:17:13 GSD getOne 第 1 次 等待 3 秒
2024-03-30 00:17:16 查询号码 【1590805】，返回信息 {"status":"ok","msg":"山东-潍坊","gid":"108826","time_insert":"2021-06-20 18:09"}
2024-03-30 00:17:16 查询号码 【1590805】，GSD为【"山东-潍坊"】

2024-03-30 00:17:17 开始第 903 次操作

2024-03-30 00:17:17 开始操作号码 【1590806】
2024-03-30 00:17:22 GSD getOne 第 1 次 等待 3 秒
2024-03-30 00:17:25 查询号码 【1590806】，返回信息 {"status":"ok","msg":"山东-日照","gid":"108879","time_insert":"2021-06-20 18:44"}
2024-03-30 00:17:25 查询号码 【1590806】，GSD为【"山东-日照"】

2024-03-30 00:17:26 开始第 904 次操作

2024-03-30 00:17:26 开始操作号码 【1590807】
2024-03-30 00:17:31 GSD getOne 第 1 次 等待 3 秒
2024-03-30 00:17:34 查询号码 【1590807】，返回信息 {"status":"ok","msg":"山东-日照","gid":"108880","time_insert":"2021-06-20 18:46"}
2024-03-30 00:17:34 查询号码 【1590807】，GSD为【"山东-日照"】

