2023-12-14 00:17:57 开始第 3089 次操作

2023-12-14 00:17:57 开始操作号码 【1812991】
2023-12-14 00:18:01 GSD getOne 第 1 次 等待 3 秒
2023-12-14 00:18:04 查询号码 【1812991】，返回信息 {"status":"ok","msg":"广东-深圳","gid":"442826","time_insert":"2021-07-30 10:03","time_update":"2021-08-04 09:34"}
2023-12-14 00:18:04 查询号码 【1812991】，GSD为【"广东-深圳"】

2023-12-14 00:18:05 开始第 3090 次操作

2023-12-14 00:18:05 开始操作号码 【1812992】
2023-12-14 00:18:14 GSD getOne 第 1 次 等待 3 秒
2023-12-14 00:18:17 查询号码 【1812992】，返回信息 {"status":"ok","msg":"广东-深圳","gid":"442819","time_insert":"2021-07-30 10:02"}
2023-12-14 00:18:17 查询号码 【1812992】，GSD为【"广东-深圳"】

2023-12-14 00:18:18 开始第 3091 次操作

2023-12-14 00:18:18 开始操作号码 【1812993】
2023-12-14 00:18:21 GSD getOne 第 1 次 等待 3 秒
2023-12-14 00:18:24 查询号码 【1812993】，返回信息 {"status":"ok","msg":"广东-深圳","gid":"442810","time_insert":"2021-07-30 10:01"}
2023-12-14 00:18:24 查询号码 【1812993】，GSD为【"广东-深圳"】

2023-12-14 00:18:25 开始第 3092 次操作

2023-12-14 00:18:25 开始操作号码 【1812994】
2023-12-14 00:18:29 GSD getOne 第 1 次 等待 3 秒
2023-12-14 00:18:32 查询号码 【1812994】，返回信息 {"status":"ok","msg":"广东-深圳","gid":"442803","time_insert":"2021-07-30 10:01"}
2023-12-14 00:18:32 查询号码 【1812994】，GSD为【"广东-深圳"】

