2023-10-09 00:15:48 开始第 2285 次操作

2023-10-09 00:15:48 开始操作号码 【1912284】
2023-10-09 00:15:56 GSD getOne 第 1 次 等待 3 秒
2023-10-09 00:15:59 查询号码 【1912284】，返回信息 {"status":"ok","msg":"重庆-重庆","gid":"503584","time_insert":"2021-08-11 10:00"}
2023-10-09 00:15:59 查询号码 【1912284】，GSD为【"重庆-重庆"】

2023-10-09 00:16:00 开始第 2286 次操作

2023-10-09 00:16:00 开始操作号码 【1912285】
2023-10-09 00:16:02 GSD getOne 第 1 次 等待 3 秒
2023-10-09 00:16:05 查询号码 【1912285】，返回信息 {"status":"ok","msg":"重庆-重庆","gid":"503600","time_insert":"2021-08-11 10:11"}
2023-10-09 00:16:05 查询号码 【1912285】，GSD为【"重庆-重庆"】

2023-10-09 00:16:06 开始第 2287 次操作

2023-10-09 00:16:06 开始操作号码 【1912286】
2023-10-09 00:16:12 GSD getOne 第 1 次 等待 3 秒
2023-10-09 00:16:15 查询号码 【1912286】，返回信息 {"status":"ok","msg":"重庆-重庆","gid":"503615","time_insert":"2021-08-11 10:19"}
2023-10-09 00:16:15 查询号码 【1912286】，GSD为【"重庆-重庆"】

2023-10-09 00:16:16 开始第 2288 次操作

2023-10-09 00:16:16 开始操作号码 【1912287】
2023-10-09 00:16:19 GSD getOne 第 1 次 等待 3 秒
2023-10-09 00:16:22 查询号码 【1912287】，返回信息 {"status":"ok","msg":"重庆-重庆","gid":"503630","time_insert":"2021-08-11 10:26"}
2023-10-09 00:16:22 查询号码 【1912287】，GSD为【"重庆-重庆"】

2023-10-09 00:36:28 开始第 2289 次操作

2023-10-09 00:36:28 开始操作号码 【1912288】
2023-10-09 00:36:34 GSD getOne 第 1 次 等待 3 秒
2023-10-09 00:36:37 查询号码 【1912288】，返回信息 {"status":"ok","msg":"重庆-重庆","gid":"503649","time_insert":"2021-08-11 10:41"}
2023-10-09 00:36:37 查询号码 【1912288】，GSD为【"重庆-重庆"】

2023-10-09 00:36:38 开始第 2290 次操作

2023-10-09 00:36:38 开始操作号码 【1912289】
2023-10-09 00:36:41 GSD getOne 第 1 次 等待 3 秒
2023-10-09 00:36:44 查询号码 【1912289】，返回信息 {"status":"ok","msg":"重庆-重庆","gid":"503672","time_insert":"2021-08-11 10:56"}
2023-10-09 00:36:44 查询号码 【1912289】，GSD为【"重庆-重庆"】

2023-10-09 00:36:45 开始第 2291 次操作

2023-10-09 00:36:45 开始操作号码 【1912290】
2023-10-09 00:36:52 GSD getOne 第 1 次 等待 3 秒
2023-10-09 00:36:55 查询号码 【1912290】，返回信息 {"status":"ok","msg":"重庆-重庆","gid":"503688","time_insert":"2021-08-11 11:06"}
2023-10-09 00:36:55 查询号码 【1912290】，GSD为【"重庆-重庆"】

2023-10-09 00:36:56 开始第 2292 次操作

2023-10-09 00:36:56 开始操作号码 【1912291】
2023-10-09 00:37:00 GSD getOne 第 1 次 等待 3 秒
2023-10-09 00:37:03 查询号码 【1912291】，返回信息 {"status":"ok","msg":"重庆-重庆","gid":"503701","time_insert":"2021-08-11 11:14"}
2023-10-09 00:37:04 查询号码 【1912291】，GSD为【"重庆-重庆"】

2023-10-09 01:11:02 开始第 2293 次操作

2023-10-09 01:11:02 开始操作号码 【1912292】
2023-10-09 01:11:11 GSD getOne 第 1 次 等待 3 秒
2023-10-09 01:11:14 查询号码 【1912292】，返回信息 {"status":"ok","msg":"重庆-重庆","gid":"503718","time_insert":"2021-08-11 11:25"}
2023-10-09 01:11:14 查询号码 【1912292】，GSD为【"重庆-重庆"】

2023-10-09 01:11:15 开始第 2294 次操作

2023-10-09 01:11:15 开始操作号码 【1912293】
2023-10-09 01:11:35 GSD getOne 第 1 次 等待 3 秒
2023-10-09 01:11:38 查询号码 【1912293】，返回信息 {"status":"ok","msg":"重庆-重庆","gid":"503739","time_insert":"2021-08-11 11:38"}
2023-10-09 01:11:38 查询号码 【1912293】，GSD为【"重庆-重庆"】

2023-10-09 01:11:39 开始第 2295 次操作

2023-10-09 01:11:39 开始操作号码 【1912294】
2023-10-09 01:12:20 GSD getOne 第 1 次 等待 3 秒
2023-10-09 01:12:23 查询号码 【1912294】，返回信息 {"status":"ok","msg":"重庆-重庆","gid":"503755","time_insert":"2021-08-11 11:51"}
2023-10-09 01:12:23 查询号码 【1912294】，GSD为【"重庆-重庆"】

2023-10-09 01:12:24 开始第 2296 次操作

2023-10-09 01:12:24 开始操作号码 【1912295】
2023-10-09 01:12:27 GSD getOne 第 1 次 等待 3 秒
2023-10-09 01:12:30 查询号码 【1912295】，返回信息 {"status":"ok","msg":"重庆-重庆","gid":"503768","time_insert":"2021-08-11 12:01"}
2023-10-09 01:12:30 查询号码 【1912295】，GSD为【"重庆-重庆"】

2023-10-09 01:35:52 开始第 2297 次操作

2023-10-09 01:35:52 开始操作号码 【1912296】
2023-10-09 01:35:55 GSD getOne 第 1 次 等待 3 秒
2023-10-09 01:35:58 查询号码 【1912296】，返回信息 {"status":"ok","msg":"重庆-重庆","gid":"503787","time_insert":"2021-08-11 12:11"}
2023-10-09 01:35:58 查询号码 【1912296】，GSD为【"重庆-重庆"】

2023-10-09 01:35:59 开始第 2298 次操作

2023-10-09 01:35:59 开始操作号码 【1912297】
2023-10-09 01:36:03 GSD getOne 第 1 次 等待 3 秒
2023-10-09 01:36:06 查询号码 【1912297】，返回信息 {"status":"ok","msg":"重庆-重庆","gid":"503803","time_insert":"2021-08-11 12:23"}
2023-10-09 01:36:06 查询号码 【1912297】，GSD为【"重庆-重庆"】

2023-10-09 01:36:07 开始第 2299 次操作

2023-10-09 01:36:07 开始操作号码 【1912298】
2023-10-09 01:36:12 GSD getOne 第 1 次 等待 3 秒
2023-10-09 01:36:15 查询号码 【1912298】，返回信息 {"status":"ok","msg":"重庆-重庆","gid":"503822","time_insert":"2021-08-11 12:35"}
2023-10-09 01:36:16 查询号码 【1912298】，GSD为【"重庆-重庆"】

2023-10-09 01:36:17 开始第 2300 次操作

2023-10-09 01:36:17 开始操作号码 【1912299】
2023-10-09 01:36:25 GSD getOne 第 1 次 等待 3 秒
2023-10-09 01:36:28 查询号码 【1912299】，返回信息 {"status":"ok","msg":"重庆-重庆","gid":"503841","time_insert":"2021-08-11 12:50"}
2023-10-09 01:36:28 查询号码 【1912299】，GSD为【"重庆-重庆"】

2023-10-09 02:16:26 开始第 2301 次操作

2023-10-09 02:16:26 开始操作号码 【1912300】
2023-10-09 02:16:30 GSD getOne 第 1 次 等待 3 秒
2023-10-09 02:16:33 查询号码 【1912300】，返回信息 {"status":"ok","msg":"重庆-重庆","gid":"502059","time_insert":"2021-08-10 15:31"}
2023-10-09 02:16:33 查询号码 【1912300】，GSD为【"重庆-重庆"】

2023-10-09 02:16:34 开始第 2302 次操作

2023-10-09 02:16:34 开始操作号码 【1912301】
2023-10-09 02:16:42 GSD getOne 第 1 次 等待 3 秒
2023-10-09 02:16:45 查询号码 【1912301】，返回信息 {"status":"ok","msg":"重庆-重庆","gid":"502074","time_insert":"2021-08-10 15:42"}
2023-10-09 02:16:45 查询号码 【1912301】，GSD为【"重庆-重庆"】

2023-10-09 02:16:46 开始第 2303 次操作

2023-10-09 02:16:46 开始操作号码 【1912302】
2023-10-09 02:16:48 GSD getOne 第 1 次 等待 3 秒
2023-10-09 02:16:51 查询号码 【1912302】，返回信息 {"status":"ok","msg":"重庆-重庆","gid":"502097","time_insert":"2021-08-10 15:56"}
2023-10-09 02:16:51 查询号码 【1912302】，GSD为【"重庆-重庆"】

2023-10-09 02:16:52 开始第 2304 次操作

2023-10-09 02:16:52 开始操作号码 【1912303】
2023-10-09 02:16:59 GSD getOne 第 1 次 等待 3 秒
2023-10-09 02:17:02 查询号码 【1912303】，返回信息 {"status":"ok","msg":"重庆-重庆","gid":"502115","time_insert":"2021-08-10 16:09","time_update":"2021-08-10 16:21"}
2023-10-09 02:17:02 查询号码 【1912303】，GSD为【"重庆-重庆"】

