2024-06-30 00:18:12 开始第 3445 次操作

2024-06-30 00:18:12 开始操作号码 【1483346】
2024-06-30 00:18:27 GSD getOne 第 1 次 等待 3 秒
2024-06-30 00:18:30 查询号码 【1483346】，返回信息 {"status":"ok","msg":"江苏-南京","gid":"193890","time_insert":"2021-07-04 23:52"}
2024-06-30 00:18:30 查询号码 【1483346】，GSD为【"江苏-南京"】

2024-06-30 00:18:31 开始第 3446 次操作

2024-06-30 00:18:31 开始操作号码 【1483347】
2024-06-30 00:18:44 GSD getOne 第 1 次 等待 3 秒
2024-06-30 00:18:47 查询号码 【1483347】，返回信息 {"status":"ok","msg":"江苏-南京","gid":"193939","time_insert":"2021-07-04 23:57"}
2024-06-30 00:18:47 查询号码 【1483347】，GSD为【"江苏-南京"】

2024-06-30 00:18:48 开始第 3447 次操作

2024-06-30 00:18:48 开始操作号码 【1483348】
2024-06-30 00:19:02 GSD getOne 第 1 次 等待 3 秒
2024-06-30 00:19:05 查询号码 【1483348】，返回信息 {"status":"ok","msg":"江苏-南京","gid":"193981","time_insert":"2021-07-05 00:01"}
2024-06-30 00:19:05 查询号码 【1483348】，GSD为【"江苏-南京"】

2024-06-30 00:19:06 开始第 3448 次操作

2024-06-30 00:19:06 开始操作号码 【1483349】
2024-06-30 00:19:19 GSD getOne 第 1 次 等待 3 秒
2024-06-30 00:19:22 查询号码 【1483349】，返回信息 {"status":"ok","msg":"江苏-南京","gid":"194033","time_insert":"2021-07-05 00:06"}
2024-06-30 00:19:22 查询号码 【1483349】，GSD为【"江苏-南京"】

