2024-02-17 00:16:57 开始第 4145 次操作

2024-02-17 00:16:57 开始操作号码 【1704047】
2024-02-17 00:17:02 GSD getOne 第 1 次 等待 3 秒
2024-02-17 00:17:05 查询号码 【1704047】，返回信息 {"status":"ok","msg":"福建-莆田","gid":"144661","time_insert":"2021-06-28 06:03"}
2024-02-17 00:17:05 查询号码 【1704047】，GSD为【"福建-莆田"】

2024-02-17 00:17:06 开始第 4146 次操作

2024-02-17 00:17:06 开始操作号码 【1704048】
2024-02-17 00:17:12 GSD getOne 第 1 次 等待 3 秒
2024-02-17 00:17:15 查询号码 【1704048】，返回信息 {"status":"ok","msg":"福建-南平","gid":"144667","time_insert":"2021-06-28 06:04"}
2024-02-17 00:17:15 查询号码 【1704048】，GSD为【"福建-南平"】

2024-02-17 00:17:16 开始第 4147 次操作

2024-02-17 00:17:16 开始操作号码 【1704049】
2024-02-17 00:17:25 GSD getOne 第 1 次 等待 3 秒
2024-02-17 00:17:28 查询号码 【1704049】，返回信息 {"status":"ok","msg":"福建-厦门","gid":"144672","time_insert":"2021-06-28 06:05"}
2024-02-17 00:17:28 查询号码 【1704049】，GSD为【"福建-厦门"】

2024-02-17 00:17:29 开始第 4148 次操作

2024-02-17 00:17:29 开始操作号码 【1704050】
2024-02-17 00:17:33 GSD getOne 第 1 次 等待 3 秒
2024-02-17 00:17:36 查询号码 【1704050】，返回信息 {"status":"ok","msg":"福建-厦门","gid":"144677","time_insert":"2021-06-28 06:06"}
2024-02-17 00:17:36 查询号码 【1704050】，GSD为【"福建-厦门"】

