2024-09-22 00:15:24 开始第 6013 次操作

2024-09-22 00:15:24 开始操作号码 【1376012】
2024-09-22 00:15:30 GSD getOne 第 1 次 等待 3 秒
2024-09-22 00:15:33 查询号码 【1376012】，返回信息 {"status":"ok","msg":"广东-深圳","gid":"342455","time_insert":"2021-07-21 03:06"}
2024-09-22 00:15:33 查询号码 【1376012】，GSD为【"广东-深圳"】

2024-09-22 00:15:34 开始第 6014 次操作

2024-09-22 00:15:34 开始操作号码 【1376013】
2024-09-22 00:15:43 GSD getOne 第 1 次 等待 3 秒
2024-09-22 00:15:46 查询号码 【1376013】，返回信息 {"status":"ok","msg":"广东-深圳","gid":"342537","time_insert":"2021-07-21 03:19"}
2024-09-22 00:15:46 查询号码 【1376013】，GSD为【"广东-深圳"】

2024-09-22 00:15:47 开始第 6015 次操作

2024-09-22 00:15:47 开始操作号码 【1376014】
2024-09-22 00:15:53 GSD getOne 第 1 次 等待 3 秒
2024-09-22 00:15:56 查询号码 【1376014】，返回信息 {"status":"ok","msg":"广东-深圳","gid":"342604","time_insert":"2021-07-21 03:33"}
2024-09-22 00:15:57 查询号码 【1376014】，GSD为【"广东-深圳"】

2024-09-22 00:15:58 开始第 6016 次操作

2024-09-22 00:15:58 开始操作号码 【1376015】
2024-09-22 00:16:00 GSD getOne 第 1 次 等待 3 秒
2024-09-22 00:16:03 查询号码 【1376015】，返回信息 {"status":"ok","msg":"广东-深圳","gid":"342733","time_insert":"2021-07-21 03:46"}
2024-09-22 00:16:03 查询号码 【1376015】，GSD为【"广东-深圳"】

