2024-01-02 00:17:24 开始第 6505 次操作

2024-01-02 00:17:24 开始操作号码 【1816407】
2024-01-02 00:17:29 GSD getOne 第 1 次 等待 3 秒
2024-01-02 00:17:32 查询号码 【1816407】，返回信息 {"status":"ok","msg":"湖北-武汉","gid":"407955","time_insert":"2021-07-27 01:49"}
2024-01-02 00:17:32 查询号码 【1816407】，GSD为【"湖北-武汉"】

2024-01-02 00:17:33 开始第 6506 次操作

2024-01-02 00:17:33 开始操作号码 【1816408】
2024-01-02 00:17:39 GSD getOne 第 1 次 等待 3 秒
2024-01-02 00:17:42 查询号码 【1816408】，返回信息 {"status":"ok","msg":"湖北-武汉","gid":"407943","time_insert":"2021-07-27 01:48"}
2024-01-02 00:17:42 查询号码 【1816408】，GSD为【"湖北-武汉"】

2024-01-02 00:17:43 开始第 6507 次操作

2024-01-02 00:17:43 开始操作号码 【1816409】
2024-01-02 00:17:46 GSD getOne 第 1 次 等待 3 秒
2024-01-02 00:17:49 查询号码 【1816409】，返回信息 {"status":"ok","msg":"湖北-武汉","gid":"407933","time_insert":"2021-07-27 01:48"}
2024-01-02 00:17:49 查询号码 【1816409】，GSD为【"湖北-武汉"】

2024-01-02 00:17:50 开始第 6508 次操作

2024-01-02 00:17:50 开始操作号码 【1816410】
2024-01-02 00:17:53 GSD getOne 第 1 次 等待 3 秒
2024-01-02 00:17:56 查询号码 【1816410】，返回信息 {"status":"ok","msg":"湖北-武汉","gid":"407928","time_insert":"2021-07-27 01:47"}
2024-01-02 00:17:56 查询号码 【1816410】，GSD为【"湖北-武汉"】

