2024-06-26 00:19:15 开始第 2729 次操作

2024-06-26 00:19:15 开始操作号码 【1482632】
2024-06-26 00:19:55 GSD getOne 第 1 次 等待 3 秒
2024-06-26 00:19:58 查询号码 【1482632】，返回信息 {"status":"ok","msg":"江西-南昌","gid":"175390","time_insert":"2021-07-02 17:11"}
2024-06-26 00:19:58 查询号码 【1482632】，GSD为【"江西-南昌"】

2024-06-26 00:19:59 开始第 2730 次操作

2024-06-26 00:19:59 开始操作号码 【1482633】
2024-06-26 00:20:14 GSD getOne 第 1 次 等待 3 秒
2024-06-26 00:20:17 查询号码 【1482633】，返回信息 {"status":"ok","msg":"江西-南昌","gid":"175394","time_insert":"2021-07-02 17:16"}
2024-06-26 00:20:17 查询号码 【1482633】，GSD为【"江西-南昌"】

2024-06-26 00:20:18 开始第 2731 次操作

2024-06-26 00:20:18 开始操作号码 【1482634】
2024-06-26 00:20:32 GSD getOne 第 1 次 等待 3 秒
2024-06-26 00:20:35 查询号码 【1482634】，返回信息 {"status":"ok","msg":"江西-南昌","gid":"175401","time_insert":"2021-07-02 17:20"}
2024-06-26 00:20:35 查询号码 【1482634】，GSD为【"江西-南昌"】

2024-06-26 00:20:36 开始第 2732 次操作

2024-06-26 00:20:36 开始操作号码 【1482635】
2024-06-26 00:20:51 GSD getOne 第 1 次 等待 3 秒
2024-06-26 00:20:54 查询号码 【1482635】，返回信息 {"status":"ok","msg":"江西-南昌","gid":"175403","time_insert":"2021-07-02 17:23"}
2024-06-26 00:20:54 查询号码 【1482635】，GSD为【"江西-南昌"】

