2024-03-16 00:17:33 开始第 9197 次操作

2024-03-16 00:17:33 开始操作号码 【1709099】
2024-03-16 00:17:44 GSD getOne 第 1 次 等待 3 秒
2024-03-16 00:17:47 查询号码 【1709099】，返回信息 {"status":"ok","msg":"-","gid":"202258","time_insert":"2021-07-06 01:42"}
2024-03-16 00:17:47 查询号码 【1709099】，GSD为【"-"】
2024-03-16 00:17:47 ok && -
2024-03-16 00:17:49 CHB 1709099?1710519467 第 1 次 等待 3 秒
2024-03-16 00:17:52 CHB 1709099?1710519467 第 1 次 获取到号码【1709099】GSD
2024-03-16 00:17:52 未获取到号码【1709099】GSD，可能号码格式错误
2024-03-16 00:17:52 获取到号码【1709099】的GSD为【-】
2024-03-16 00:17:58 GSD insert 第 1 次 等待 3 秒
2024-03-16 00:18:01 {"status":"bad","gid":"202258","msg":"添加失败！号码【1709099(-|-)】已存在！"}
2024-03-16 00:18:01 随机等待 81 秒，约 1 分钟
2024-03-16 00:18:01 下次操作: 2024-03-16 00:19:22

2024-03-16 00:19:22 开始第 9198 次操作

2024-03-16 00:19:22 开始操作号码 【1709100】
2024-03-16 00:19:46 GSD getOne 第 1 次 等待 3 秒
2024-03-16 00:19:49 查询号码 【1709100】，返回信息 {"status":"ok","msg":"北京-北京","gid":"202271","time_insert":"2021-07-06 01:43"}
2024-03-16 00:19:49 查询号码 【1709100】，GSD为【"北京-北京"】

2024-03-16 00:19:51 开始第 9199 次操作

2024-03-16 00:19:51 开始操作号码 【1709101】
2024-03-16 00:20:15 GSD getOne 第 1 次 等待 3 秒
2024-03-16 00:20:18 查询号码 【1709101】，返回信息 {"status":"ok","msg":"北京-北京","gid":"202286","time_insert":"2021-07-06 01:44"}
2024-03-16 00:20:18 查询号码 【1709101】，GSD为【"北京-北京"】

2024-03-16 00:20:19 开始第 9200 次操作

2024-03-16 00:20:19 开始操作号码 【1709102】
2024-03-16 00:21:35 GSD getOne 第 1 次 等待 3 秒
2024-03-16 00:21:38 查询号码 【1709102】，返回信息 {"status":"ok","msg":"北京-北京","gid":"202295","time_insert":"2021-07-06 01:45"}
2024-03-16 00:21:38 查询号码 【1709102】，GSD为【"北京-北京"】

2024-03-16 00:37:15 开始第 9201 次操作

2024-03-16 00:37:15 开始操作号码 【1709103】
2024-03-16 00:37:20 GSD getOne 第 1 次 等待 3 秒
2024-03-16 00:37:23 查询号码 【1709103】，返回信息 {"status":"ok","msg":"北京-北京","gid":"202308","time_insert":"2021-07-06 01:45"}
2024-03-16 00:37:23 查询号码 【1709103】，GSD为【"北京-北京"】

2024-03-16 00:37:24 开始第 9202 次操作

2024-03-16 00:37:24 开始操作号码 【1709104】
2024-03-16 00:37:28 GSD getOne 第 1 次 等待 3 秒
2024-03-16 00:37:31 查询号码 【1709104】，返回信息 {"status":"ok","msg":"北京-北京","gid":"202322","time_insert":"2021-07-06 01:47"}
2024-03-16 00:37:31 查询号码 【1709104】，GSD为【"北京-北京"】

2024-03-16 00:37:32 开始第 9203 次操作

2024-03-16 00:37:32 开始操作号码 【1709105】
2024-03-16 00:37:36 GSD getOne 第 1 次 等待 3 秒
2024-03-16 00:37:39 查询号码 【1709105】，返回信息 {"status":"ok","msg":"北京-北京","gid":"202333","time_insert":"2021-07-06 01:47"}
2024-03-16 00:37:39 查询号码 【1709105】，GSD为【"北京-北京"】

2024-03-16 00:37:41 开始第 9204 次操作

2024-03-16 00:37:41 开始操作号码 【1709106】
2024-03-16 00:37:46 GSD getOne 第 1 次 等待 3 秒
2024-03-16 00:37:49 查询号码 【1709106】，返回信息 {"status":"ok","msg":"北京-北京","gid":"202339","time_insert":"2021-07-06 01:48"}
2024-03-16 00:37:49 查询号码 【1709106】，GSD为【"北京-北京"】

