2024-04-30 00:17:41 开始第 6329 次操作

2024-04-30 00:17:41 开始操作号码 【1596232】
2024-04-30 00:17:46 GSD getOne 第 1 次 等待 3 秒
2024-04-30 00:17:49 查询号码 【1596232】，返回信息 {"status":"ok","msg":"江苏-苏州","gid":"127733","time_insert":"2021-06-25 15:13"}
2024-04-30 00:17:49 查询号码 【1596232】，GSD为【"江苏-苏州"】

2024-04-30 00:17:50 开始第 6330 次操作

2024-04-30 00:17:50 开始操作号码 【1596233】
2024-04-30 00:17:58 GSD getOne 第 1 次 等待 3 秒
2024-04-30 00:18:01 查询号码 【1596233】，返回信息 {"status":"ok","msg":"江苏-苏州","gid":"127729","time_insert":"2021-06-25 15:13"}
2024-04-30 00:18:01 查询号码 【1596233】，GSD为【"江苏-苏州"】

2024-04-30 00:18:02 开始第 6331 次操作

2024-04-30 00:18:02 开始操作号码 【1596234】
2024-04-30 00:18:09 GSD getOne 第 1 次 等待 3 秒
2024-04-30 00:18:12 查询号码 【1596234】，返回信息 {"status":"ok","msg":"江苏-苏州","gid":"127720","time_insert":"2021-06-25 15:12"}
2024-04-30 00:18:12 查询号码 【1596234】，GSD为【"江苏-苏州"】

2024-04-30 00:18:13 开始第 6332 次操作

2024-04-30 00:18:13 开始操作号码 【1596235】
2024-04-30 00:18:20 GSD getOne 第 1 次 等待 3 秒
2024-04-30 00:18:23 查询号码 【1596235】，返回信息 {"status":"ok","msg":"江苏-苏州","gid":"127715","time_insert":"2021-06-25 15:11"}
2024-04-30 00:18:23 查询号码 【1596235】，GSD为【"江苏-苏州"】

