2023-10-13 00:39:10 开始第 2877 次操作

2023-10-13 00:39:10 开始操作号码 【1912851】
2023-10-13 00:41:20 GSD getOne 第 1 次 等待 3 秒
2023-10-13 00:43:34 GSD getOne 第 2 次 等待 3 秒
2023-10-13 00:45:47 GSD getOne 第 3 次 等待 3 秒
2023-10-13 00:48:00 GSD getOne 第 4 次 等待 3 秒
2023-10-13 00:50:13 GSD getOne 第 5 次 等待 3 秒
2023-10-13 00:52:26 GSD getOne 第 6 次 等待 3 秒
2023-10-13 00:54:39 GSD getOne 第 7 次 等待 3 秒
2023-10-13 00:56:52 GSD getOne 第 8 次 等待 3 秒
2023-10-13 00:59:05 GSD getOne 第 9 次 等待 3 秒
2023-10-13 01:01:19 GSD getOne 第 10 次 等待 3 秒
2023-10-13 01:01:22 查询号码 【1912851】，返回信息 
2023-10-13 01:01:22 查询失败，3 秒后重新查询
2023-10-13 01:03:36 GSD getOne 第 1 次 等待 3 秒
2023-10-13 01:05:49 GSD getOne 第 2 次 等待 3 秒
2023-10-13 01:08:02 GSD getOne 第 3 次 等待 3 秒
2023-10-13 01:10:15 GSD getOne 第 4 次 等待 3 秒
2023-10-13 01:12:28 GSD getOne 第 5 次 等待 3 秒
2023-10-13 01:14:41 GSD getOne 第 6 次 等待 3 秒
2023-10-13 01:16:54 GSD getOne 第 7 次 等待 3 秒
2023-10-13 01:19:08 GSD getOne 第 8 次 等待 3 秒
2023-10-13 01:21:21 GSD getOne 第 9 次 等待 3 秒
2023-10-13 01:23:34 GSD getOne 第 10 次 等待 3 秒
2023-10-13 01:23:37 查询号码 【1912851】，返回信息 
2023-10-13 01:23:37 查询失败，结束本次操作，期待下次成功~
2023-10-13 01:23:37 随机等待 109 秒，约 1 分钟
2023-10-13 01:23:37 下次操作: 2023-10-13 01:25:26

2023-10-13 01:25:26 开始第 2878 次操作

2023-10-13 01:25:26 开始操作号码 【1912851】
2023-10-13 01:27:35 GSD getOne 第 1 次 等待 3 秒
2023-10-13 01:29:49 GSD getOne 第 2 次 等待 3 秒
2023-10-13 01:32:02 GSD getOne 第 3 次 等待 3 秒
2023-10-13 01:34:15 GSD getOne 第 4 次 等待 3 秒
2023-10-13 01:36:28 GSD getOne 第 5 次 等待 3 秒
2023-10-13 01:38:41 GSD getOne 第 6 次 等待 3 秒
2023-10-13 01:40:54 GSD getOne 第 7 次 等待 3 秒
2023-10-13 01:43:07 GSD getOne 第 8 次 等待 3 秒
2023-10-13 01:45:20 GSD getOne 第 9 次 等待 3 秒
2023-10-13 01:47:34 GSD getOne 第 10 次 等待 3 秒
2023-10-13 01:47:37 查询号码 【1912851】，返回信息 
2023-10-13 01:47:37 查询失败，3 秒后重新查询
2023-10-13 01:49:51 GSD getOne 第 1 次 等待 3 秒
2023-10-13 01:52:04 GSD getOne 第 2 次 等待 3 秒
2023-10-13 01:54:17 GSD getOne 第 3 次 等待 3 秒
2023-10-13 01:56:30 GSD getOne 第 4 次 等待 3 秒
2023-10-13 01:58:43 GSD getOne 第 5 次 等待 3 秒
2023-10-13 02:00:56 GSD getOne 第 6 次 等待 3 秒
2023-10-13 02:03:10 GSD getOne 第 7 次 等待 3 秒
2023-10-13 02:05:23 GSD getOne 第 8 次 等待 3 秒
2023-10-13 02:07:36 GSD getOne 第 9 次 等待 3 秒
2023-10-13 02:09:49 GSD getOne 第 10 次 等待 3 秒
2023-10-13 02:09:52 查询号码 【1912851】，返回信息 
2023-10-13 02:09:52 查询失败，结束本次操作，期待下次成功~
2023-10-13 02:09:52 随机等待 90 秒，约 1 分钟
2023-10-13 02:09:52 下次操作: 2023-10-13 02:11:22

2023-10-13 02:11:22 开始第 2879 次操作

2023-10-13 02:11:22 开始操作号码 【1912851】
2023-10-13 02:13:32 GSD getOne 第 1 次 等待 3 秒
2023-10-13 02:15:45 GSD getOne 第 2 次 等待 3 秒
2023-10-13 02:17:58 GSD getOne 第 3 次 等待 3 秒
2023-10-13 02:20:11 GSD getOne 第 4 次 等待 3 秒
2023-10-13 02:22:25 GSD getOne 第 5 次 等待 3 秒
2023-10-13 02:24:38 GSD getOne 第 6 次 等待 3 秒
2023-10-13 02:26:51 GSD getOne 第 7 次 等待 3 秒
2023-10-13 02:29:04 GSD getOne 第 8 次 等待 3 秒
2023-10-13 02:31:17 GSD getOne 第 9 次 等待 3 秒
2023-10-13 02:33:30 GSD getOne 第 10 次 等待 3 秒
2023-10-13 02:33:33 查询号码 【1912851】，返回信息 
2023-10-13 02:33:33 查询失败，3 秒后重新查询
2023-10-13 02:35:47 GSD getOne 第 1 次 等待 3 秒
2023-10-13 02:38:01 GSD getOne 第 2 次 等待 3 秒
2023-10-13 02:40:14 GSD getOne 第 3 次 等待 3 秒
2023-10-13 02:42:27 GSD getOne 第 4 次 等待 3 秒
2023-10-13 02:44:40 GSD getOne 第 5 次 等待 3 秒
2023-10-13 02:46:53 GSD getOne 第 6 次 等待 3 秒
2023-10-13 02:49:06 GSD getOne 第 7 次 等待 3 秒
2023-10-13 02:51:19 GSD getOne 第 8 次 等待 3 秒
2023-10-13 02:53:32 GSD getOne 第 9 次 等待 3 秒
2023-10-13 02:55:45 GSD getOne 第 10 次 等待 3 秒
2023-10-13 02:55:48 查询号码 【1912851】，返回信息 
2023-10-13 02:55:48 查询失败，结束本次操作，期待下次成功~
2023-10-13 02:55:48 随机等待 232 秒，约 3 分钟
2023-10-13 02:55:49 下次操作: 2023-10-13 02:59:40

2023-10-13 02:59:41 开始第 2880 次操作

2023-10-13 02:59:41 开始操作号码 【1912851】
2023-10-13 03:01:50 GSD getOne 第 1 次 等待 3 秒
2023-10-13 03:04:03 GSD getOne 第 2 次 等待 3 秒
2023-10-13 03:06:16 GSD getOne 第 3 次 等待 3 秒
2023-10-13 03:08:29 GSD getOne 第 4 次 等待 3 秒
2023-10-13 03:10:43 GSD getOne 第 5 次 等待 3 秒
2023-10-13 03:12:56 GSD getOne 第 6 次 等待 3 秒
2023-10-13 03:15:09 GSD getOne 第 7 次 等待 3 秒
2023-10-13 03:17:22 GSD getOne 第 8 次 等待 3 秒
2023-10-13 03:19:35 GSD getOne 第 9 次 等待 3 秒
2023-10-13 03:21:48 GSD getOne 第 10 次 等待 3 秒
2023-10-13 03:21:51 查询号码 【1912851】，返回信息 
2023-10-13 03:21:51 查询失败，3 秒后重新查询
2023-10-13 03:24:05 GSD getOne 第 1 次 等待 3 秒
2023-10-13 03:26:18 GSD getOne 第 2 次 等待 3 秒
2023-10-13 03:28:32 GSD getOne 第 3 次 等待 3 秒
2023-10-13 03:30:45 GSD getOne 第 4 次 等待 3 秒
2023-10-13 03:32:58 GSD getOne 第 5 次 等待 3 秒
2023-10-13 03:35:11 GSD getOne 第 6 次 等待 3 秒
2023-10-13 03:37:24 GSD getOne 第 7 次 等待 3 秒
2023-10-13 03:39:37 GSD getOne 第 8 次 等待 3 秒
2023-10-13 03:41:50 GSD getOne 第 9 次 等待 3 秒
2023-10-13 03:44:03 GSD getOne 第 10 次 等待 3 秒
2023-10-13 03:44:06 查询号码 【1912851】，返回信息 
2023-10-13 03:44:06 查询失败，结束本次操作，期待下次成功~

