2024-09-11 00:14:44 开始第 4049 次操作

2024-09-11 00:14:44 开始操作号码 【1374048】
2024-09-11 00:14:52 GSD getOne 第 1 次 等待 3 秒
2024-09-11 00:14:55 查询号码 【1374048】，返回信息 {"status":"ok","msg":"辽宁-沈阳","gid":"195545","time_insert":"2021-07-05 05:00"}
2024-09-11 00:14:55 查询号码 【1374048】，GSD为【"辽宁-沈阳"】

2024-09-11 00:14:56 开始第 4050 次操作

2024-09-11 00:14:56 开始操作号码 【1374049】
2024-09-11 00:15:04 GSD getOne 第 1 次 等待 3 秒
2024-09-11 00:15:07 查询号码 【1374049】，返回信息 {"status":"ok","msg":"辽宁-沈阳","gid":"195587","time_insert":"2021-07-05 05:11"}
2024-09-11 00:15:07 查询号码 【1374049】，GSD为【"辽宁-沈阳"】

2024-09-11 00:15:08 开始第 4051 次操作

2024-09-11 00:15:08 开始操作号码 【1374050】
2024-09-11 00:15:17 GSD getOne 第 1 次 等待 3 秒
2024-09-11 00:15:20 查询号码 【1374050】，返回信息 {"status":"ok","msg":"辽宁-沈阳","gid":"195608","time_insert":"2021-07-05 05:21"}
2024-09-11 00:15:20 查询号码 【1374050】，GSD为【"辽宁-沈阳"】

2024-09-11 00:15:21 开始第 4052 次操作

2024-09-11 00:15:21 开始操作号码 【1374051】
2024-09-11 00:15:29 GSD getOne 第 1 次 等待 3 秒
2024-09-11 00:15:32 查询号码 【1374051】，返回信息 {"status":"ok","msg":"辽宁-沈阳","gid":"195631","time_insert":"2021-07-05 05:34"}
2024-09-11 00:15:32 查询号码 【1374051】，GSD为【"辽宁-沈阳"】

