2024-07-11 00:19:31 开始第 5413 次操作

2024-07-11 00:19:31 开始操作号码 【1485314】
2024-07-11 00:19:41 GSD getOne 第 1 次 等待 3 秒
2024-07-11 00:19:44 查询号码 【1485314】，返回信息 {"status":"ok","msg":"上海-上海","gid":"245739","time_insert":"2021-07-11 05:46","time_update":"2023-05-23 18:49"}
2024-07-11 00:19:44 查询号码 【1485314】，GSD为【"上海-上海"】

2024-07-11 00:19:45 开始第 5414 次操作

2024-07-11 00:19:45 开始操作号码 【1485315】
2024-07-11 00:19:53 GSD getOne 第 1 次 等待 3 秒
2024-07-11 00:19:56 查询号码 【1485315】，返回信息 {"status":"ok","msg":"上海-上海","gid":"245830","time_insert":"2021-07-11 05:51","time_update":"2023-05-23 19:11"}
2024-07-11 00:19:56 查询号码 【1485315】，GSD为【"上海-上海"】

2024-07-11 00:19:57 开始第 5415 次操作

2024-07-11 00:19:57 开始操作号码 【1485316】
2024-07-11 00:20:08 GSD getOne 第 1 次 等待 3 秒
2024-07-11 00:20:11 查询号码 【1485316】，返回信息 {"status":"ok","msg":"上海-上海","gid":"245859","time_insert":"2021-07-11 05:55","time_update":"2023-05-23 19:24"}
2024-07-11 00:20:11 查询号码 【1485316】，GSD为【"上海-上海"】

2024-07-11 00:20:12 开始第 5416 次操作

2024-07-11 00:20:12 开始操作号码 【1485317】
2024-07-11 00:20:20 GSD getOne 第 1 次 等待 3 秒
2024-07-11 00:20:23 查询号码 【1485317】，返回信息 {"status":"ok","msg":"上海-上海","gid":"245893","time_insert":"2021-07-11 05:58","time_update":"2023-05-23 19:44"}
2024-07-11 00:20:23 查询号码 【1485317】，GSD为【"上海-上海"】

2024-07-11 00:40:10 开始第 5417 次操作

2024-07-11 00:40:10 开始操作号码 【1485318】
2024-07-11 00:40:19 GSD getOne 第 1 次 等待 3 秒
2024-07-11 00:40:22 查询号码 【1485318】，返回信息 {"status":"ok","msg":"上海-上海","gid":"245920","time_insert":"2021-07-11 06:02","time_update":"2023-05-23 20:01"}
2024-07-11 00:40:22 查询号码 【1485318】，GSD为【"上海-上海"】

2024-07-11 00:40:23 开始第 5418 次操作

2024-07-11 00:40:23 开始操作号码 【1485319】
2024-07-11 00:40:30 GSD getOne 第 1 次 等待 3 秒
2024-07-11 00:40:33 查询号码 【1485319】，返回信息 {"status":"ok","msg":"上海-上海","gid":"245930","time_insert":"2021-07-11 06:07","time_update":"2023-05-23 20:19"}
2024-07-11 00:40:33 查询号码 【1485319】，GSD为【"上海-上海"】

2024-07-11 00:40:34 开始第 5419 次操作

2024-07-11 00:40:34 开始操作号码 【1485320】
2024-07-11 00:40:42 GSD getOne 第 1 次 等待 3 秒
2024-07-11 00:40:45 查询号码 【1485320】，返回信息 {"status":"ok","msg":"上海-上海","gid":"245935","time_insert":"2021-07-11 06:12","time_update":"2023-05-23 20:37"}
2024-07-11 00:40:45 查询号码 【1485320】，GSD为【"上海-上海"】

2024-07-11 00:40:46 开始第 5420 次操作

2024-07-11 00:40:46 开始操作号码 【1485321】
2024-07-11 00:40:54 GSD getOne 第 1 次 等待 3 秒
2024-07-11 00:40:57 查询号码 【1485321】，返回信息 {"status":"ok","msg":"上海-上海","gid":"245945","time_insert":"2021-07-11 06:16","time_update":"2023-05-23 20:46"}
2024-07-11 00:40:57 查询号码 【1485321】，GSD为【"上海-上海"】

2024-07-11 01:13:25 开始第 5421 次操作

2024-07-11 01:13:25 开始操作号码 【1485322】
2024-07-11 01:13:35 GSD getOne 第 1 次 等待 3 秒
2024-07-11 01:13:38 查询号码 【1485322】，返回信息 {"status":"ok","msg":"上海-上海","gid":"245956","time_insert":"2021-07-11 06:21","time_update":"2023-05-23 21:07"}
2024-07-11 01:13:38 查询号码 【1485322】，GSD为【"上海-上海"】

2024-07-11 01:13:39 开始第 5422 次操作

2024-07-11 01:13:39 开始操作号码 【1485323】
2024-07-11 01:13:47 GSD getOne 第 1 次 等待 3 秒
2024-07-11 01:13:50 查询号码 【1485323】，返回信息 {"status":"ok","msg":"上海-上海","gid":"245962","time_insert":"2021-07-11 06:26","time_update":"2023-05-23 21:29"}
2024-07-11 01:13:50 查询号码 【1485323】，GSD为【"上海-上海"】

2024-07-11 01:13:51 开始第 5423 次操作

2024-07-11 01:13:51 开始操作号码 【1485324】
2024-07-11 01:13:59 GSD getOne 第 1 次 等待 3 秒
2024-07-11 01:14:02 查询号码 【1485324】，返回信息 {"status":"ok","msg":"上海-上海","gid":"245969","time_insert":"2021-07-11 06:30","time_update":"2023-05-23 21:38"}
2024-07-11 01:14:02 查询号码 【1485324】，GSD为【"上海-上海"】

2024-07-11 01:14:03 开始第 5424 次操作

2024-07-11 01:14:03 开始操作号码 【1485325】
2024-07-11 01:14:12 GSD getOne 第 1 次 等待 3 秒
2024-07-11 01:14:15 查询号码 【1485325】，返回信息 {"status":"ok","msg":"上海-上海","gid":"245983","time_insert":"2021-07-11 06:36","time_update":"2023-05-23 21:46"}
2024-07-11 01:14:15 查询号码 【1485325】，GSD为【"上海-上海"】

2024-07-11 01:36:02 开始第 5425 次操作

2024-07-11 01:36:02 开始操作号码 【1485326】
2024-07-11 01:36:11 GSD getOne 第 1 次 等待 3 秒
2024-07-11 01:36:14 查询号码 【1485326】，返回信息 {"status":"ok","msg":"上海-上海","gid":"246032","time_insert":"2021-07-11 06:40","time_update":"2023-05-23 22:07"}
2024-07-11 01:36:14 查询号码 【1485326】，GSD为【"上海-上海"】

2024-07-11 01:36:15 开始第 5426 次操作

2024-07-11 01:36:15 开始操作号码 【1485327】
2024-07-11 01:36:23 GSD getOne 第 1 次 等待 3 秒
2024-07-11 01:36:26 查询号码 【1485327】，返回信息 {"status":"ok","msg":"上海-上海","gid":"246129","time_insert":"2021-07-11 06:45","time_update":"2023-05-23 22:26"}
2024-07-11 01:36:26 查询号码 【1485327】，GSD为【"上海-上海"】

2024-07-11 01:36:27 开始第 5427 次操作

2024-07-11 01:36:27 开始操作号码 【1485328】
2024-07-11 01:36:35 GSD getOne 第 1 次 等待 3 秒
2024-07-11 01:36:38 查询号码 【1485328】，返回信息 {"status":"ok","msg":"上海-上海","gid":"246202","time_insert":"2021-07-11 06:49","time_update":"2023-05-23 22:41"}
2024-07-11 01:36:38 查询号码 【1485328】，GSD为【"上海-上海"】

2024-07-11 01:36:39 开始第 5428 次操作

2024-07-11 01:36:39 开始操作号码 【1485329】
2024-07-11 01:36:47 GSD getOne 第 1 次 等待 3 秒
2024-07-11 01:36:50 查询号码 【1485329】，返回信息 {"status":"ok","msg":"上海-上海","gid":"246247","time_insert":"2021-07-11 06:52","time_update":"2023-05-23 22:59"}
2024-07-11 01:36:50 查询号码 【1485329】，GSD为【"上海-上海"】

