2024-08-19 10:41:47 开始第 1 次操作

2024-08-19 10:41:47 开始操作号码 【1370000】
2024-08-19 10:41:55 GSD getOne 第 1 次 等待 3 秒
2024-08-19 10:41:58 查询号码 【1370000】，返回信息 {"status":"ok","msg":"辽宁-沈阳","gid":"58145","time_insert":"2021-05-13 17:39"}
2024-08-19 10:41:58 查询号码 【1370000】，GSD为【"辽宁-沈阳"】

2024-08-19 10:41:59 开始第 2 次操作

2024-08-19 10:41:59 开始操作号码 【1370001】
2024-08-19 10:42:06 GSD getOne 第 1 次 等待 3 秒
2024-08-19 10:42:09 查询号码 【1370001】，返回信息 {"status":"ok","msg":"辽宁-沈阳","gid":"58155","time_insert":"2021-05-13 17:59"}
2024-08-19 10:42:09 查询号码 【1370001】，GSD为【"辽宁-沈阳"】

2024-08-19 10:42:10 开始第 3 次操作

2024-08-19 10:42:10 开始操作号码 【1370002】
2024-08-19 10:43:03 GSD getOne 第 1 次 等待 3 秒
2024-08-19 10:43:06 查询号码 【1370002】，返回信息 {"status":"ok","msg":"辽宁-沈阳","gid":"9360","time_insert":"2016-11-13 07:38","time_update":"2020-08-20 23:26"}
2024-08-19 10:43:07 查询号码 【1370002】，GSD为【"辽宁-沈阳"】

2024-08-19 10:43:08 开始第 4 次操作

2024-08-19 10:43:08 开始操作号码 【1370003】
2024-08-19 10:43:23 GSD getOne 第 1 次 等待 3 秒
2024-08-19 10:43:26 查询号码 【1370003】，返回信息 {"status":"ok","msg":"辽宁-沈阳","gid":"58166","time_insert":"2021-05-13 18:27"}
2024-08-19 10:43:26 查询号码 【1370003】，GSD为【"辽宁-沈阳"】

2024-08-19 11:13:16 开始第 5 次操作

2024-08-19 11:13:16 开始操作号码 【1370004】
2024-08-19 11:13:24 GSD getOne 第 1 次 等待 3 秒
2024-08-19 11:13:27 查询号码 【1370004】，返回信息 {"status":"ok","msg":"辽宁-沈阳","gid":"58172","time_insert":"2021-05-13 18:44"}
2024-08-19 11:13:27 查询号码 【1370004】，GSD为【"辽宁-沈阳"】

2024-08-19 11:13:28 开始第 6 次操作

2024-08-19 11:13:28 开始操作号码 【1370005】
2024-08-19 11:13:35 GSD getOne 第 1 次 等待 3 秒
2024-08-19 11:13:38 查询号码 【1370005】，返回信息 {"status":"ok","msg":"辽宁-沈阳","gid":"58179","time_insert":"2021-05-13 19:02"}
2024-08-19 11:13:38 查询号码 【1370005】，GSD为【"辽宁-沈阳"】

2024-08-19 11:13:39 开始第 7 次操作

2024-08-19 11:13:39 开始操作号码 【1370006】
2024-08-19 11:13:47 GSD getOne 第 1 次 等待 3 秒
2024-08-19 11:13:50 查询号码 【1370006】，返回信息 {"status":"ok","msg":"辽宁-锦州","gid":"58185","time_insert":"2021-05-13 19:20"}
2024-08-19 11:13:50 查询号码 【1370006】，GSD为【"辽宁-锦州"】

2024-08-19 11:13:51 开始第 8 次操作

2024-08-19 11:13:51 开始操作号码 【1370007】
2024-08-19 11:13:58 GSD getOne 第 1 次 等待 3 秒
2024-08-19 11:14:01 查询号码 【1370007】，返回信息 {"status":"ok","msg":"辽宁-盘锦","gid":"58196","time_insert":"2021-05-13 19:50"}
2024-08-19 11:14:01 查询号码 【1370007】，GSD为【"辽宁-盘锦"】

