2021-07-16 00:00:19 开始第 25 次操作

2021-07-16 00:00:19 开始操作号码 【1675837】
2021-07-16 00:00:25 GSD getOne 第 1 次 等待 3 秒
2021-07-16 00:00:28 查询号码 【1675837】，返回信息 {"status":"bad","msg":""}
2021-07-16 00:00:28 查询号码 【1675837】，GSD为【""】
2021-07-16 00:00:28 bad
2021-07-16 00:00:29 CHB 1675837?1626364828 第 1 次 等待 3 秒
2021-07-16 00:00:32 CHB 1675837?1626364828 第 1 次 获取到号码【1675837】GSD
2021-07-16 00:00:32 未获取到号码【1675837】GSD，查号吧 400 错误
2021-07-16 00:00:32 获取到号码【1675837】的GSD为【-】
2021-07-16 00:00:35 GSD insert 第 1 次 等待 3 秒
2021-07-16 00:00:38 {"status":"ok","gid":288341,"msg":"添加成功！"}
2021-07-16 00:00:38 下次操作: 2021-07-16 00:00:57

2021-07-16 00:00:57 开始第 26 次操作

2021-07-16 00:00:57 开始操作号码 【1675838】
2021-07-16 00:01:02 GSD getOne 第 1 次 等待 3 秒
2021-07-16 00:01:05 查询号码 【1675838】，返回信息 {"status":"bad","msg":""}
2021-07-16 00:01:05 查询号码 【1675838】，GSD为【""】
2021-07-16 00:01:05 bad
2021-07-16 00:01:06 CHB 1675838?1626364865 第 1 次 等待 3 秒
2021-07-16 00:01:09 CHB 1675838?1626364865 第 1 次 获取到号码【1675838】GSD
2021-07-16 00:01:09 获取到号码【1675838】的GSD为【河北-保定】
2021-07-16 00:01:12 GSD insert 第 1 次 等待 3 秒
2021-07-16 00:01:15 {"status":"ok","gid":288349,"msg":"添加成功！"}
2021-07-16 00:01:15 下次操作: 2021-07-16 00:01:31

2021-07-16 00:01:31 开始第 27 次操作

2021-07-16 00:01:31 开始操作号码 【1675839】
2021-07-16 00:01:42 GSD getOne 第 1 次 等待 3 秒
2021-07-16 00:01:45 查询号码 【1675839】，返回信息 {"status":"bad","msg":""}
2021-07-16 00:01:46 查询号码 【1675839】，GSD为【""】
2021-07-16 00:01:46 bad
2021-07-16 00:01:47 CHB 1675839?1626364906 第 1 次 等待 3 秒
2021-07-16 00:01:50 CHB 1675839?1626364906 第 1 次 获取到号码【1675839】GSD
2021-07-16 00:01:50 获取到号码【1675839】的GSD为【江西-赣州】
2021-07-16 00:02:03 GSD insert 第 1 次 等待 3 秒
2021-07-16 00:02:06 {"status":"ok","gid":288358,"msg":"添加成功！"}
2021-07-16 00:02:06 下次操作: 2021-07-16 00:02:19

2021-07-16 00:02:19 开始第 28 次操作

2021-07-16 00:02:19 开始操作号码 【1675840】
2021-07-16 00:02:28 GSD getOne 第 1 次 等待 3 秒
2021-07-16 00:02:31 查询号码 【1675840】，返回信息 {"status":"bad","msg":""}
2021-07-16 00:02:31 查询号码 【1675840】，GSD为【""】
2021-07-16 00:02:31 bad
2021-07-16 00:02:32 CHB 1675840?1626364951 第 1 次 等待 3 秒
2021-07-16 00:02:36 CHB 1675840?1626364951 第 1 次 获取到号码【1675840】GSD
2021-07-16 00:02:36 获取到号码【1675840】的GSD为【河北-保定】
2021-07-16 00:02:40 GSD insert 第 1 次 等待 3 秒
2021-07-16 00:02:43 {"status":"ok","gid":288366,"msg":"添加成功！"}
2021-07-16 00:02:43 下次操作: 2021-07-16 00:02:56

2021-07-16 00:02:56 开始第 29 次操作

2021-07-16 00:02:56 开始操作号码 【1675841】
2021-07-16 00:03:16 GSD getOne 第 1 次 等待 3 秒
2021-07-16 00:03:19 查询号码 【1675841】，返回信息 {"status":"bad","msg":""}
2021-07-16 00:03:20 查询号码 【1675841】，GSD为【""】
2021-07-16 00:03:20 bad
2021-07-16 00:03:21 CHB 1675841?1626365000 第 1 次 等待 3 秒
2021-07-16 00:03:24 CHB 1675841?1626365000 第 1 次 获取到号码【1675841】GSD
2021-07-16 00:03:24 获取到号码【1675841】的GSD为【河北-保定】
2021-07-16 00:03:27 GSD insert 第 1 次 等待 3 秒
2021-07-16 00:03:30 {"status":"ok","gid":288374,"msg":"添加成功！"}
2021-07-16 00:03:30 下次操作: 2021-07-16 00:03:49

2021-07-16 00:03:49 开始第 30 次操作

2021-07-16 00:03:49 开始操作号码 【1675842】
2021-07-16 00:03:56 GSD getOne 第 1 次 等待 3 秒
2021-07-16 00:03:59 查询号码 【1675842】，返回信息 {"status":"bad","msg":""}
2021-07-16 00:03:59 查询号码 【1675842】，GSD为【""】
2021-07-16 00:03:59 bad
2021-07-16 00:04:04 CHB 1675842?1626365039 第 1 次 等待 3 秒
2021-07-16 00:04:07 CHB 1675842?1626365039 第 1 次 获取到号码【1675842】GSD
2021-07-16 00:04:07 获取到号码【1675842】的GSD为【山东-青岛】
2021-07-16 00:04:10 GSD insert 第 1 次 等待 3 秒
2021-07-16 00:04:13 {"status":"ok","gid":288388,"msg":"添加成功！"}
2021-07-16 00:04:13 下次操作: 2021-07-16 00:04:25

2021-07-16 00:04:25 开始第 31 次操作

2021-07-16 00:04:25 开始操作号码 【1675843】
2021-07-16 00:04:30 GSD getOne 第 1 次 等待 3 秒
2021-07-16 00:04:33 查询号码 【1675843】，返回信息 {"status":"bad","msg":""}
2021-07-16 00:04:34 查询号码 【1675843】，GSD为【""】
2021-07-16 00:04:34 bad
2021-07-16 00:04:35 CHB 1675843?1626365074 第 1 次 等待 3 秒
2021-07-16 00:04:38 CHB 1675843?1626365074 第 1 次 获取到号码【1675843】GSD
2021-07-16 00:04:38 获取到号码【1675843】的GSD为【山东-青岛】
2021-07-16 00:04:42 GSD insert 第 1 次 等待 3 秒
2021-07-16 00:04:45 {"status":"ok","gid":288394,"msg":"添加成功！"}
2021-07-16 00:04:45 下次操作: 2021-07-16 00:04:58

2021-07-16 00:04:58 开始第 32 次操作

2021-07-16 00:04:58 开始操作号码 【1675844】
2021-07-16 00:05:01 GSD getOne 第 1 次 等待 3 秒
2021-07-16 00:05:04 查询号码 【1675844】，返回信息 {"status":"bad","msg":""}
2021-07-16 00:05:04 查询号码 【1675844】，GSD为【""】
2021-07-16 00:05:04 bad
2021-07-16 00:05:06 CHB 1675844?1626365104 第 1 次 等待 3 秒
2021-07-16 00:05:09 CHB 1675844?1626365104 第 1 次 获取到号码【1675844】GSD
2021-07-16 00:05:09 获取到号码【1675844】的GSD为【河南-郑州】
2021-07-16 00:05:17 GSD insert 第 1 次 等待 3 秒
2021-07-16 00:05:20 {"status":"ok","gid":288404,"msg":"添加成功！"}
2021-07-16 00:05:20 下次操作: 2021-07-16 00:05:38

2021-07-16 00:05:38 开始第 33 次操作

2021-07-16 00:05:38 开始操作号码 【1675845】
2021-07-16 00:05:44 GSD getOne 第 1 次 等待 3 秒
2021-07-16 00:05:47 查询号码 【1675845】，返回信息 {"status":"bad","msg":""}
2021-07-16 00:05:47 查询号码 【1675845】，GSD为【""】
2021-07-16 00:05:47 bad
2021-07-16 00:05:48 CHB 1675845?1626365147 第 1 次 等待 3 秒
2021-07-16 00:05:51 CHB 1675845?1626365147 第 1 次 获取到号码【1675845】GSD
2021-07-16 00:05:52 获取到号码【1675845】的GSD为【山东-青岛】
2021-07-16 00:05:55 GSD insert 第 1 次 等待 3 秒
2021-07-16 00:05:58 {"status":"ok","gid":288410,"msg":"添加成功！"}
2021-07-16 00:05:58 下次操作: 2021-07-16 00:06:20

2021-07-16 00:06:20 开始第 34 次操作

2021-07-16 00:06:20 开始操作号码 【1675846】
2021-07-16 00:06:23 GSD getOne 第 1 次 等待 3 秒
2021-07-16 00:06:26 查询号码 【1675846】，返回信息 {"status":"bad","msg":""}
2021-07-16 00:06:26 查询号码 【1675846】，GSD为【""】
2021-07-16 00:06:26 bad
2021-07-16 00:06:28 CHB 1675846?1626365186 第 1 次 等待 3 秒
2021-07-16 00:06:31 CHB 1675846?1626365186 第 1 次 获取到号码【1675846】GSD
2021-07-16 00:06:31 获取到号码【1675846】的GSD为【山东-青岛】
2021-07-16 00:06:34 GSD insert 第 1 次 等待 3 秒
2021-07-16 00:06:37 {"status":"ok","gid":288418,"msg":"添加成功！"}
2021-07-16 00:06:37 下次操作: 2021-07-16 00:06:55

2021-07-16 00:06:55 开始第 35 次操作

2021-07-16 00:06:55 开始操作号码 【1675847】
2021-07-16 00:07:03 GSD getOne 第 1 次 等待 3 秒
2021-07-16 00:07:06 查询号码 【1675847】，返回信息 {"status":"bad","msg":""}
2021-07-16 00:07:06 查询号码 【1675847】，GSD为【""】
2021-07-16 00:07:06 bad
2021-07-16 00:07:08 CHB 1675847?1626365226 第 1 次 等待 3 秒
2021-07-16 00:07:11 CHB 1675847?1626365226 第 1 次 获取到号码【1675847】GSD
2021-07-16 00:07:11 未获取到号码【1675847】GSD，查号吧 400 错误
2021-07-16 00:07:11 获取到号码【1675847】的GSD为【-】
2021-07-16 00:07:16 GSD insert 第 1 次 等待 3 秒
2021-07-16 00:07:19 {"status":"ok","gid":288430,"msg":"添加成功！"}
2021-07-16 00:07:19 下次操作: 2021-07-16 00:07:43

2021-07-16 00:07:44 开始第 36 次操作

2021-07-16 00:07:44 开始操作号码 【1675848】
2021-07-16 00:07:47 GSD getOne 第 1 次 等待 3 秒
2021-07-16 00:07:50 查询号码 【1675848】，返回信息 {"status":"bad","msg":""}
2021-07-16 00:07:50 查询号码 【1675848】，GSD为【""】
2021-07-16 00:07:50 bad
2021-07-16 00:07:52 CHB 1675848?1626365270 第 1 次 等待 3 秒
2021-07-16 00:07:55 CHB 1675848?1626365270 第 1 次 获取到号码【1675848】GSD
2021-07-16 00:07:55 获取到号码【1675848】的GSD为【山东-青岛】
2021-07-16 00:08:01 GSD insert 第 1 次 等待 3 秒
2021-07-16 00:08:04 {"status":"ok","gid":288437,"msg":"添加成功！"}
2021-07-16 00:08:04 下次操作: 2021-07-16 00:08:24

2021-07-16 00:08:24 开始第 37 次操作

2021-07-16 00:08:24 开始操作号码 【1675849】
2021-07-16 00:08:28 GSD getOne 第 1 次 等待 3 秒
2021-07-16 00:08:31 查询号码 【1675849】，返回信息 {"status":"bad","msg":""}
2021-07-16 00:08:31 查询号码 【1675849】，GSD为【""】
2021-07-16 00:08:31 bad
2021-07-16 00:08:33 CHB 1675849?1626365311 第 1 次 等待 3 秒
2021-07-16 00:08:36 CHB 1675849?1626365311 第 1 次 获取到号码【1675849】GSD
2021-07-16 00:08:36 获取到号码【1675849】的GSD为【山东-青岛】
2021-07-16 00:09:18 GSD insert 第 1 次 等待 3 秒
2021-07-16 00:09:21 {"status":"ok","gid":288443,"msg":"添加成功！"}
2021-07-16 00:09:21 下次操作: 2021-07-16 00:09:35

2021-07-16 00:09:35 开始第 38 次操作

2021-07-16 00:09:35 开始操作号码 【1675850】
2021-07-16 00:09:36 GSD getOne 第 1 次 等待 3 秒
2021-07-16 00:09:39 查询号码 【1675850】，返回信息 {"status":"bad","msg":""}
2021-07-16 00:09:39 查询号码 【1675850】，GSD为【""】
2021-07-16 00:09:39 bad
2021-07-16 00:09:41 CHB 1675850?1626365379 第 1 次 等待 3 秒
2021-07-16 00:09:44 CHB 1675850?1626365379 第 1 次 获取到号码【1675850】GSD
2021-07-16 00:09:44 获取到号码【1675850】的GSD为【江西-九江】
2021-07-16 00:09:47 GSD insert 第 1 次 等待 3 秒
2021-07-16 00:09:50 {"status":"ok","gid":288451,"msg":"添加成功！"}
2021-07-16 00:09:50 下次操作: 2021-07-16 00:10:05

2021-07-16 00:10:05 开始第 39 次操作

2021-07-16 00:10:05 开始操作号码 【1675851】
2021-07-16 00:10:10 GSD getOne 第 1 次 等待 3 秒
2021-07-16 00:10:13 查询号码 【1675851】，返回信息 {"status":"bad","msg":""}
2021-07-16 00:10:13 查询号码 【1675851】，GSD为【""】
2021-07-16 00:10:13 bad
2021-07-16 00:10:15 CHB 1675851?1626365413 第 1 次 等待 3 秒
2021-07-16 00:10:18 CHB 1675851?1626365413 第 1 次 获取到号码【1675851】GSD
2021-07-16 00:10:18 获取到号码【1675851】的GSD为【江西-宜春】
2021-07-16 00:10:34 GSD insert 第 1 次 等待 3 秒
2021-07-16 00:10:37 {"status":"ok","gid":288462,"msg":"添加成功！"}
2021-07-16 00:10:37 下次操作: 2021-07-16 00:11:00

2021-07-16 00:11:00 开始第 40 次操作

2021-07-16 00:11:00 开始操作号码 【1675852】
2021-07-16 00:11:21 GSD getOne 第 1 次 等待 3 秒
2021-07-16 00:11:24 查询号码 【1675852】，返回信息 {"status":"bad","msg":""}
2021-07-16 00:11:24 查询号码 【1675852】，GSD为【""】
2021-07-16 00:11:24 bad
2021-07-16 00:11:26 CHB 1675852?1626365484 第 1 次 等待 3 秒
2021-07-16 00:11:29 CHB 1675852?1626365484 第 1 次 获取到号码【1675852】GSD
2021-07-16 00:11:29 获取到号码【1675852】的GSD为【江西-上饶】
2021-07-16 00:11:32 GSD insert 第 1 次 等待 3 秒
2021-07-16 00:11:35 {"status":"ok","gid":288475,"msg":"添加成功！"}

