2023-11-18 00:20:41 开始第 9313 次操作

2023-11-18 00:20:41 开始操作号码 【1919214】
2023-11-18 00:20:49 GSD getOne 第 1 次 等待 3 秒
2023-11-18 00:20:52 查询号码 【1919214】，返回信息 {"status":"ok","msg":"湖南-常德","gid":"439852","time_insert":"2021-07-30 03:02"}
2023-11-18 00:20:53 查询号码 【1919214】，GSD为【"湖南-常德"】

2023-11-18 00:20:54 开始第 9314 次操作

2023-11-18 00:20:54 开始操作号码 【1919215】
2023-11-18 00:20:58 GSD getOne 第 1 次 等待 3 秒
2023-11-18 00:21:01 查询号码 【1919215】，返回信息 {"status":"ok","msg":"湖南-常德","gid":"439839","time_insert":"2021-07-30 03:01"}
2023-11-18 00:21:01 查询号码 【1919215】，GSD为【"湖南-常德"】

2023-11-18 00:21:02 开始第 9315 次操作

2023-11-18 00:21:02 开始操作号码 【1919216】
2023-11-18 00:21:09 GSD getOne 第 1 次 等待 3 秒
2023-11-18 00:21:12 查询号码 【1919216】，返回信息 {"status":"ok","msg":"湖南-常德","gid":"439672","time_insert":"2021-07-30 02:30"}
2023-11-18 00:21:12 查询号码 【1919216】，GSD为【"湖南-常德"】

2023-11-18 00:21:13 开始第 9316 次操作

2023-11-18 00:21:13 开始操作号码 【1919217】
2023-11-18 00:21:17 GSD getOne 第 1 次 等待 3 秒
2023-11-18 00:21:20 查询号码 【1919217】，返回信息 {"status":"ok","msg":"湖南-常德","gid":"439670","time_insert":"2021-07-30 02:29"}
2023-11-18 00:21:20 查询号码 【1919217】，GSD为【"湖南-常德"】

