2021-07-11 00:00:27 开始第 24 次操作

2021-07-11 00:00:27 开始操作号码 【1672332】
2021-07-11 00:00:38 GSD getOne 第 1 次 等待 1 秒
2021-07-11 00:00:39 查询号码 【1672332】，返回信息 {"status":"bad","msg":""}
2021-07-11 00:00:39 查询号码 【1672332】，GSD为【""】
2021-07-11 00:00:39 bad
2021-07-11 00:00:42 CHB 1672332?1625932839 第 1 次 等待 1 秒
2021-07-11 00:00:43 CHB 1672332?1625932839 第 1 次 获取到号码【1672332】GSD
2021-07-11 00:00:43 获取到号码【1672332】的GSD为【河北-石家庄】
2021-07-11 00:01:02 GSD insert 第 1 次 等待 1 秒
2021-07-11 00:01:03 {"status":"ok","msg":"添加成功！243694"}
2021-07-11 00:01:03 下次操作: 2021-07-11 00:01:20

2021-07-11 00:01:20 开始第 25 次操作

2021-07-11 00:01:20 开始操作号码 【1672333】
2021-07-11 00:01:22 GSD getOne 第 1 次 等待 1 秒
2021-07-11 00:01:23 查询号码 【1672333】，返回信息 {"status":"bad","msg":""}
2021-07-11 00:01:24 查询号码 【1672333】，GSD为【""】
2021-07-11 00:01:24 bad
2021-07-11 00:01:27 CHB 1672333?1625932884 第 1 次 等待 1 秒
2021-07-11 00:01:28 CHB 1672333?1625932884 第 1 次 获取到号码【1672333】GSD
2021-07-11 00:01:28 获取到号码【1672333】的GSD为【河北-石家庄】
2021-07-11 00:01:47 GSD insert 第 1 次 等待 1 秒
2021-07-11 00:01:48 {"status":"ok","msg":"添加成功！243698"}
2021-07-11 00:01:48 下次操作: 2021-07-11 00:01:54

2021-07-11 00:01:54 开始第 26 次操作

2021-07-11 00:01:54 开始操作号码 【1672334】
2021-07-11 00:02:11 GSD getOne 第 1 次 等待 1 秒
2021-07-11 00:02:12 查询号码 【1672334】，返回信息 {"status":"bad","msg":""}
2021-07-11 00:02:12 查询号码 【1672334】，GSD为【""】
2021-07-11 00:02:12 bad
2021-07-11 00:02:15 CHB 1672334?1625932932 第 1 次 等待 1 秒
2021-07-11 00:02:16 CHB 1672334?1625932932 第 1 次 获取到号码【1672334】GSD
2021-07-11 00:02:16 获取到号码【1672334】的GSD为【河北-石家庄】
2021-07-11 00:02:34 GSD insert 第 1 次 等待 1 秒
2021-07-11 00:02:35 {"status":"ok","msg":"添加成功！243702"}
2021-07-11 00:02:35 下次操作: 2021-07-11 00:02:48

2021-07-11 00:02:48 开始第 27 次操作

2021-07-11 00:02:48 开始操作号码 【1672335】
2021-07-11 00:02:54 GSD getOne 第 1 次 等待 1 秒
2021-07-11 00:02:55 查询号码 【1672335】，返回信息 {"status":"bad","msg":""}
2021-07-11 00:02:55 查询号码 【1672335】，GSD为【""】
2021-07-11 00:02:55 bad
2021-07-11 00:02:57 CHB 1672335?1625932975 第 1 次 等待 1 秒
2021-07-11 00:02:58 CHB 1672335?1625932975 第 1 次 获取到号码【1672335】GSD
2021-07-11 00:02:58 获取到号码【1672335】的GSD为【河北-秦皇岛】
2021-07-11 00:03:17 GSD insert 第 1 次 等待 1 秒
2021-07-11 00:03:18 {"status":"ok","msg":"添加成功！243706"}
2021-07-11 00:03:18 下次操作: 2021-07-11 00:03:27

2021-07-11 00:03:27 开始第 28 次操作

2021-07-11 00:03:27 开始操作号码 【1672336】
2021-07-11 00:03:40 GSD getOne 第 1 次 等待 1 秒
2021-07-11 00:03:41 查询号码 【1672336】，返回信息 {"status":"bad","msg":""}
2021-07-11 00:03:41 查询号码 【1672336】，GSD为【""】
2021-07-11 00:03:41 bad
2021-07-11 00:03:44 CHB 1672336?1625933021 第 1 次 等待 1 秒
2021-07-11 00:03:45 CHB 1672336?1625933021 第 1 次 获取到号码【1672336】GSD
2021-07-11 00:03:45 获取到号码【1672336】的GSD为【河北-石家庄】
2021-07-11 00:04:04 GSD insert 第 1 次 等待 1 秒
2021-07-11 00:04:05 {"status":"ok","msg":"添加成功！243710"}
2021-07-11 00:04:05 下次操作: 2021-07-11 00:04:22

2021-07-11 00:04:22 开始第 29 次操作

2021-07-11 00:04:22 开始操作号码 【1672337】
2021-07-11 00:04:26 GSD getOne 第 1 次 等待 1 秒
2021-07-11 00:04:27 查询号码 【1672337】，返回信息 {"status":"bad","msg":""}
2021-07-11 00:04:27 查询号码 【1672337】，GSD为【""】
2021-07-11 00:04:27 bad
2021-07-11 00:04:30 CHB 1672337?1625933067 第 1 次 等待 1 秒
2021-07-11 00:04:31 CHB 1672337?1625933067 第 1 次 获取到号码【1672337】GSD
2021-07-11 00:04:31 获取到号码【1672337】的GSD为【河北-石家庄】
2021-07-11 00:04:51 GSD insert 第 1 次 等待 1 秒
2021-07-11 00:04:52 {"status":"ok","msg":"添加成功！243719"}
2021-07-11 00:04:52 下次操作: 2021-07-11 00:05:05

2021-07-11 00:05:05 开始第 30 次操作

2021-07-11 00:05:05 开始操作号码 【1672338】
2021-07-11 00:05:13 GSD getOne 第 1 次 等待 1 秒
2021-07-11 00:05:14 查询号码 【1672338】，返回信息 {"status":"bad","msg":""}
2021-07-11 00:05:14 查询号码 【1672338】，GSD为【""】
2021-07-11 00:05:14 bad
2021-07-11 00:05:18 CHB 1672338?1625933114 第 1 次 等待 1 秒
2021-07-11 00:05:19 CHB 1672338?1625933114 第 1 次 获取到号码【1672338】GSD
2021-07-11 00:05:19 获取到号码【1672338】的GSD为【河北-石家庄】
2021-07-11 00:05:38 GSD insert 第 1 次 等待 1 秒
2021-07-11 00:05:39 {"status":"ok","msg":"添加成功！243723"}

2021-07-11 00:58:40 开始第 1 次操作

2021-07-11 00:58:40 开始操作号码 【1672339】
2021-07-11 00:58:43 GSD getOne 第 1 次 等待 1 秒
2021-07-11 00:58:44 查询号码 【1672339】，返回信息 {"status":"bad","msg":""}
2021-07-11 00:58:44 查询号码 【1672339】，GSD为【""】
2021-07-11 00:58:44 bad
2021-07-11 00:58:46 CHB 1672339?1625936324 第 1 次 等待 1 秒
2021-07-11 00:58:47 CHB 1672339?1625936324 第 1 次 获取到号码【1672339】GSD
2021-07-11 00:58:47 获取到号码【1672339】的GSD为【河北-石家庄】
2021-07-11 00:59:05 GSD insert 第 1 次 等待 1 秒
2021-07-11 00:59:06 {"status":"ok","msg":"添加成功！243826"}
2021-07-11 00:59:06 下次操作: 2021-07-11 00:59:22

2021-07-11 00:59:22 开始第 2 次操作

2021-07-11 00:59:22 开始操作号码 【1672340】
2021-07-11 00:59:24 GSD getOne 第 1 次 等待 1 秒
2021-07-11 00:59:25 查询号码 【1672340】，返回信息 {"status":"bad","msg":""}
2021-07-11 00:59:25 查询号码 【1672340】，GSD为【""】
2021-07-11 00:59:25 bad
2021-07-11 00:59:29 CHB 1672340?1625936365 第 1 次 等待 1 秒
2021-07-11 00:59:30 CHB 1672340?1625936365 第 1 次 获取到号码【1672340】GSD
2021-07-11 00:59:30 获取到号码【1672340】的GSD为【山西-太原】
2021-07-11 00:59:51 GSD insert 第 1 次 等待 1 秒
2021-07-11 00:59:52 {"status":"ok","msg":"添加成功！243829"}
2021-07-11 00:59:52 下次操作: 2021-07-11 01:00:04

2021-07-11 01:00:04 开始第 3 次操作

2021-07-11 01:00:04 开始操作号码 【1672341】
2021-07-11 01:00:10 GSD getOne 第 1 次 等待 1 秒
2021-07-11 01:00:11 查询号码 【1672341】，返回信息 {"status":"bad","msg":""}
2021-07-11 01:00:11 查询号码 【1672341】，GSD为【""】
2021-07-11 01:00:11 bad
2021-07-11 01:00:14 CHB 1672341?1625936411 第 1 次 等待 1 秒
2021-07-11 01:00:15 CHB 1672341?1625936411 第 1 次 获取到号码【1672341】GSD
2021-07-11 01:00:15 获取到号码【1672341】的GSD为【山西-太原】
2021-07-11 01:00:39 GSD insert 第 1 次 等待 1 秒
2021-07-11 01:00:40 {"status":"ok","msg":"添加成功！243833"}
2021-07-11 01:00:40 下次操作: 2021-07-11 01:00:57

2021-07-11 01:00:57 开始第 4 次操作

2021-07-11 01:00:57 开始操作号码 【1672342】
2021-07-11 01:00:59 GSD getOne 第 1 次 等待 1 秒
2021-07-11 01:01:00 查询号码 【1672342】，返回信息 {"status":"bad","msg":""}
2021-07-11 01:01:00 查询号码 【1672342】，GSD为【""】
2021-07-11 01:01:00 bad
2021-07-11 01:01:02 CHB 1672342?1625936460 第 1 次 等待 1 秒
2021-07-11 01:01:03 CHB 1672342?1625936460 第 1 次 获取到号码【1672342】GSD
2021-07-11 01:01:03 获取到号码【1672342】的GSD为【山西-太原】
2021-07-11 01:01:22 GSD insert 第 1 次 等待 1 秒
2021-07-11 01:01:23 {"status":"ok","msg":"添加成功！243844"}
2021-07-11 01:01:23 下次操作: 2021-07-11 01:01:39

2021-07-11 01:01:39 开始第 5 次操作

2021-07-11 01:01:39 开始操作号码 【1672343】
2021-07-11 01:01:43 GSD getOne 第 1 次 等待 1 秒
2021-07-11 01:01:44 查询号码 【1672343】，返回信息 {"status":"bad","msg":""}
2021-07-11 01:01:44 查询号码 【1672343】，GSD为【""】
2021-07-11 01:01:44 bad
2021-07-11 01:01:46 CHB 1672343?1625936504 第 1 次 等待 1 秒
2021-07-11 01:01:47 CHB 1672343?1625936504 第 1 次 获取到号码【1672343】GSD
2021-07-11 01:01:47 获取到号码【1672343】的GSD为【山西-太原】
2021-07-11 01:02:25 GSD insert 第 1 次 等待 1 秒
2021-07-11 01:02:26 {"status":"ok","msg":"添加成功！243852"}
2021-07-11 01:02:26 下次操作: 2021-07-11 01:02:36

2021-07-11 01:02:36 开始第 6 次操作

2021-07-11 01:02:36 开始操作号码 【1672344】
2021-07-11 01:02:54 GSD getOne 第 1 次 等待 1 秒
2021-07-11 01:02:55 查询号码 【1672344】，返回信息 {"status":"bad","msg":""}
2021-07-11 01:02:55 查询号码 【1672344】，GSD为【""】
2021-07-11 01:02:55 bad
2021-07-11 01:03:02 CHB 1672344?1625936575 第 1 次 等待 1 秒
2021-07-11 01:03:03 CHB 1672344?1625936575 第 1 次 获取到号码【1672344】GSD
2021-07-11 01:03:03 获取到号码【1672344】的GSD为【山西-太原】
2021-07-11 01:03:12 GSD insert 第 1 次 等待 1 秒
2021-07-11 01:03:13 {"status":"ok","msg":"添加成功！243864"}
2021-07-11 01:03:13 下次操作: 2021-07-11 01:03:30

2021-07-11 01:03:30 开始第 7 次操作

2021-07-11 01:03:30 开始操作号码 【1672345】
2021-07-11 01:03:34 GSD getOne 第 1 次 等待 1 秒
2021-07-11 01:03:35 查询号码 【1672345】，返回信息 {"status":"bad","msg":""}
2021-07-11 01:03:35 查询号码 【1672345】，GSD为【""】
2021-07-11 01:03:35 bad
2021-07-11 01:03:37 CHB 1672345?1625936615 第 1 次 等待 1 秒
2021-07-11 01:03:38 CHB 1672345?1625936615 第 1 次 获取到号码【1672345】GSD
2021-07-11 01:03:38 获取到号码【1672345】的GSD为【山西-太原】
2021-07-11 01:03:56 GSD insert 第 1 次 等待 1 秒
2021-07-11 01:03:57 {"status":"ok","msg":"添加成功！243876"}
2021-07-11 01:03:57 下次操作: 2021-07-11 01:04:11

2021-07-11 01:04:11 开始第 8 次操作

2021-07-11 01:04:11 开始操作号码 【1672346】
2021-07-11 01:04:18 GSD getOne 第 1 次 等待 1 秒
2021-07-11 01:04:19 查询号码 【1672346】，返回信息 {"status":"bad","msg":""}
2021-07-11 01:04:19 查询号码 【1672346】，GSD为【""】
2021-07-11 01:04:19 bad
2021-07-11 01:04:29 CHB 1672346?1625936659 第 1 次 等待 1 秒
2021-07-11 01:04:30 CHB 1672346?1625936659 第 1 次 获取到号码【1672346】GSD
2021-07-11 01:04:30 获取到号码【1672346】的GSD为【山西-太原】
2021-07-11 01:04:46 GSD insert 第 1 次 等待 1 秒
2021-07-11 01:04:47 {"status":"ok","msg":"添加成功！243885"}
2021-07-11 01:04:47 下次操作: 2021-07-11 01:05:03

2021-07-11 01:05:03 开始第 9 次操作

2021-07-11 01:05:03 开始操作号码 【1672347】
2021-07-11 01:05:05 GSD getOne 第 1 次 等待 1 秒
2021-07-11 01:05:06 查询号码 【1672347】，返回信息 {"status":"bad","msg":""}
2021-07-11 01:05:06 查询号码 【1672347】，GSD为【""】
2021-07-11 01:05:06 bad
2021-07-11 01:05:08 CHB 1672347?1625936706 第 1 次 等待 1 秒
2021-07-11 01:05:09 CHB 1672347?1625936706 第 1 次 获取到号码【1672347】GSD
2021-07-11 01:05:09 获取到号码【1672347】的GSD为【山西-太原】
2021-07-11 01:05:28 GSD insert 第 1 次 等待 1 秒
2021-07-11 01:05:29 {"status":"ok","msg":"添加成功！243896"}
2021-07-11 01:05:29 下次操作: 2021-07-11 01:05:35

2021-07-11 01:05:35 开始第 10 次操作

2021-07-11 01:05:35 开始操作号码 【1672348】
2021-07-11 01:05:57 GSD getOne 第 1 次 等待 1 秒
2021-07-11 01:05:58 查询号码 【1672348】，返回信息 {"status":"bad","msg":""}
2021-07-11 01:05:58 查询号码 【1672348】，GSD为【""】
2021-07-11 01:05:58 bad
2021-07-11 01:06:00 CHB 1672348?1625936758 第 1 次 等待 1 秒
2021-07-11 01:06:01 CHB 1672348?1625936758 第 1 次 获取到号码【1672348】GSD
2021-07-11 01:06:01 获取到号码【1672348】的GSD为【山西-太原】
2021-07-11 01:06:18 GSD insert 第 1 次 等待 1 秒
2021-07-11 01:06:19 {"status":"ok","msg":"添加成功！243911"}
2021-07-11 01:06:19 下次操作: 2021-07-11 01:06:30

2021-07-11 01:06:30 开始第 11 次操作

2021-07-11 01:06:30 开始操作号码 【1672349】
2021-07-11 01:06:40 GSD getOne 第 1 次 等待 1 秒
2021-07-11 01:06:41 查询号码 【1672349】，返回信息 {"status":"bad","msg":""}
2021-07-11 01:06:41 查询号码 【1672349】，GSD为【""】
2021-07-11 01:06:41 bad
2021-07-11 01:06:43 CHB 1672349?1625936801 第 1 次 等待 1 秒
2021-07-11 01:06:44 CHB 1672349?1625936801 第 1 次 获取到号码【1672349】GSD
2021-07-11 01:06:44 获取到号码【1672349】的GSD为【山西-朔州】
2021-07-11 01:07:11 GSD insert 第 1 次 等待 1 秒
2021-07-11 01:07:12 {"status":"ok","msg":"添加成功！243926"}
2021-07-11 01:07:12 下次操作: 2021-07-11 01:07:21

2021-07-11 01:07:21 开始第 12 次操作

2021-07-11 01:07:21 开始操作号码 【1672350】
2021-07-11 01:07:30 GSD getOne 第 1 次 等待 1 秒
2021-07-11 01:07:31 查询号码 【1672350】，返回信息 {"status":"bad","msg":""}
2021-07-11 01:07:31 查询号码 【1672350】，GSD为【""】
2021-07-11 01:07:31 bad
2021-07-11 01:07:34 CHB 1672350?1625936851 第 1 次 等待 1 秒
2021-07-11 01:07:35 CHB 1672350?1625936851 第 1 次 获取到号码【1672350】GSD
2021-07-11 01:07:35 获取到号码【1672350】的GSD为【山西-忻州】
2021-07-11 01:07:55 GSD insert 第 1 次 等待 1 秒
2021-07-11 01:07:56 {"status":"ok","msg":"添加成功！243938"}
2021-07-11 01:07:56 下次操作: 2021-07-11 01:08:10

2021-07-11 01:08:10 开始第 13 次操作

2021-07-11 01:08:10 开始操作号码 【1672351】
2021-07-11 01:08:15 GSD getOne 第 1 次 等待 1 秒
2021-07-11 01:08:16 查询号码 【1672351】，返回信息 {"status":"bad","msg":""}
2021-07-11 01:08:16 查询号码 【1672351】，GSD为【""】
2021-07-11 01:08:16 bad
2021-07-11 01:08:20 CHB 1672351?1625936896 第 1 次 等待 1 秒
2021-07-11 01:08:21 CHB 1672351?1625936896 第 1 次 获取到号码【1672351】GSD
2021-07-11 01:08:21 获取到号码【1672351】的GSD为【山西-太原】
2021-07-11 01:08:43 GSD insert 第 1 次 等待 1 秒
2021-07-11 01:08:44 {"status":"ok","msg":"添加成功！243955"}
2021-07-11 01:08:44 下次操作: 2021-07-11 01:08:57

2021-07-11 01:08:57 开始第 14 次操作

2021-07-11 01:08:57 开始操作号码 【1672352】
2021-07-11 01:09:04 GSD getOne 第 1 次 等待 1 秒
2021-07-11 01:09:05 查询号码 【1672352】，返回信息 {"status":"bad","msg":""}
2021-07-11 01:09:05 查询号码 【1672352】，GSD为【""】
2021-07-11 01:09:05 bad
2021-07-11 01:09:08 CHB 1672352?1625936945 第 1 次 等待 1 秒
2021-07-11 01:09:09 CHB 1672352?1625936945 第 1 次 获取到号码【1672352】GSD
2021-07-11 01:09:09 获取到号码【1672352】的GSD为【山西-大同】
2021-07-11 01:09:33 GSD insert 第 1 次 等待 1 秒
2021-07-11 01:09:34 {"status":"ok","msg":"添加成功！243968"}
2021-07-11 01:09:34 下次操作: 2021-07-11 01:09:44

2021-07-11 01:09:44 开始第 15 次操作

2021-07-11 01:09:44 开始操作号码 【1672353】
2021-07-11 01:09:53 GSD getOne 第 1 次 等待 1 秒
2021-07-11 01:09:54 查询号码 【1672353】，返回信息 {"status":"bad","msg":""}
2021-07-11 01:09:54 查询号码 【1672353】，GSD为【""】
2021-07-11 01:09:54 bad
2021-07-11 01:09:56 CHB 1672353?1625936994 第 1 次 等待 1 秒
2021-07-11 01:09:57 CHB 1672353?1625936994 第 1 次 获取到号码【1672353】GSD
2021-07-11 01:09:57 获取到号码【1672353】的GSD为【山西-阳泉】
2021-07-11 01:10:15 GSD insert 第 1 次 等待 1 秒
2021-07-11 01:10:16 {"status":"ok","msg":"添加成功！243981"}
2021-07-11 01:10:16 下次操作: 2021-07-11 01:10:28

2021-07-11 01:10:28 开始第 16 次操作

2021-07-11 01:10:28 开始操作号码 【1672354】
2021-07-11 01:10:35 GSD getOne 第 1 次 等待 1 秒
2021-07-11 01:10:36 查询号码 【1672354】，返回信息 {"status":"bad","msg":""}
2021-07-11 01:10:36 查询号码 【1672354】，GSD为【""】
2021-07-11 01:10:36 bad
2021-07-11 01:10:37 CHB 1672354?1625937036 第 1 次 等待 1 秒
2021-07-11 01:10:38 CHB 1672354?1625937036 第 1 次 获取到号码【1672354】GSD
2021-07-11 01:10:39 获取到号码【1672354】的GSD为【山西-晋中】
2021-07-11 01:10:56 GSD insert 第 1 次 等待 1 秒
2021-07-11 01:10:57 {"status":"ok","msg":"添加成功！243991"}
2021-07-11 01:10:57 下次操作: 2021-07-11 01:11:05

2021-07-11 01:11:05 开始第 17 次操作

2021-07-11 01:11:05 开始操作号码 【1672355】
2021-07-11 01:11:16 GSD getOne 第 1 次 等待 1 秒
2021-07-11 01:11:17 查询号码 【1672355】，返回信息 {"status":"bad","msg":""}
2021-07-11 01:11:17 查询号码 【1672355】，GSD为【""】
2021-07-11 01:11:17 bad
2021-07-11 01:11:19 CHB 1672355?1625937077 第 1 次 等待 1 秒
2021-07-11 01:11:20 CHB 1672355?1625937077 第 1 次 获取到号码【1672355】GSD
2021-07-11 01:11:20 获取到号码【1672355】的GSD为【山西-长治】
2021-07-11 01:11:40 GSD insert 第 1 次 等待 1 秒
2021-07-11 01:11:41 {"status":"ok","msg":"添加成功！244002"}
2021-07-11 01:11:41 下次操作: 2021-07-11 01:11:47

2021-07-11 01:11:47 开始第 18 次操作

2021-07-11 01:11:47 开始操作号码 【1672356】
2021-07-11 01:12:07 GSD getOne 第 1 次 等待 1 秒
2021-07-11 01:12:08 查询号码 【1672356】，返回信息 {"status":"bad","msg":""}
2021-07-11 01:12:08 查询号码 【1672356】，GSD为【""】
2021-07-11 01:12:08 bad
2021-07-11 01:12:10 CHB 1672356?1625937128 第 1 次 等待 1 秒
2021-07-11 01:12:11 CHB 1672356?1625937128 第 1 次 获取到号码【1672356】GSD
2021-07-11 01:12:11 获取到号码【1672356】的GSD为【山西-晋城】
2021-07-11 01:12:29 GSD insert 第 1 次 等待 1 秒
2021-07-11 01:12:30 {"status":"ok","msg":"添加成功！244017"}
2021-07-11 01:12:30 下次操作: 2021-07-11 01:12:48

2021-07-11 01:12:48 开始第 19 次操作

2021-07-11 01:12:48 开始操作号码 【1672357】
2021-07-11 01:12:52 GSD getOne 第 1 次 等待 1 秒
2021-07-11 01:12:53 查询号码 【1672357】，返回信息 {"status":"bad","msg":""}
2021-07-11 01:12:53 查询号码 【1672357】，GSD为【""】
2021-07-11 01:12:53 bad
2021-07-11 01:12:55 CHB 1672357?1625937173 第 1 次 等待 1 秒
2021-07-11 01:12:56 CHB 1672357?1625937173 第 1 次 获取到号码【1672357】GSD
2021-07-11 01:12:56 获取到号码【1672357】的GSD为【山西-临汾】
2021-07-11 01:13:14 GSD insert 第 1 次 等待 1 秒
2021-07-11 01:13:15 {"status":"ok","msg":"添加成功！244027"}
2021-07-11 01:13:15 下次操作: 2021-07-11 01:13:23

2021-07-11 01:13:23 开始第 20 次操作

2021-07-11 01:13:23 开始操作号码 【1672358】
2021-07-11 01:13:32 GSD getOne 第 1 次 等待 1 秒
2021-07-11 01:13:33 查询号码 【1672358】，返回信息 {"status":"bad","msg":""}
2021-07-11 01:13:33 查询号码 【1672358】，GSD为【""】
2021-07-11 01:13:33 bad
2021-07-11 01:13:35 CHB 1672358?1625937213 第 1 次 等待 1 秒
2021-07-11 01:13:36 CHB 1672358?1625937213 第 1 次 获取到号码【1672358】GSD
2021-07-11 01:13:36 获取到号码【1672358】的GSD为【山西-吕梁】
2021-07-11 01:13:55 GSD insert 第 1 次 等待 1 秒
2021-07-11 01:13:56 {"status":"ok","msg":"添加成功！244041"}
2021-07-11 01:13:56 下次操作: 2021-07-11 01:14:13

2021-07-11 01:14:13 开始第 21 次操作

2021-07-11 01:14:13 开始操作号码 【1672359】
2021-07-11 01:14:15 GSD getOne 第 1 次 等待 1 秒
2021-07-11 01:14:16 查询号码 【1672359】，返回信息 {"status":"bad","msg":""}
2021-07-11 01:14:17 查询号码 【1672359】，GSD为【""】
2021-07-11 01:14:17 bad
2021-07-11 01:14:21 CHB 1672359?1625937257 第 1 次 等待 1 秒
2021-07-11 01:14:22 CHB 1672359?1625937257 第 1 次 获取到号码【1672359】GSD
2021-07-11 01:14:22 获取到号码【1672359】的GSD为【山西-运城】
2021-07-11 01:14:43 GSD insert 第 1 次 等待 1 秒
2021-07-11 01:14:44 {"status":"ok","msg":"添加成功！244052"}
2021-07-11 01:14:44 下次操作: 2021-07-11 01:15:00

2021-07-11 01:15:00 开始第 22 次操作

2021-07-11 01:15:00 开始操作号码 【1672360】
2021-07-11 01:15:04 GSD getOne 第 1 次 等待 1 秒
2021-07-11 01:15:05 查询号码 【1672360】，返回信息 {"status":"bad","msg":""}
2021-07-11 01:15:05 查询号码 【1672360】，GSD为【""】
2021-07-11 01:15:05 bad
2021-07-11 01:15:07 CHB 1672360?1625937305 第 1 次 等待 1 秒
2021-07-11 01:15:08 CHB 1672360?1625937305 第 1 次 获取到号码【1672360】GSD
2021-07-11 01:15:08 获取到号码【1672360】的GSD为【吉林-辽源】
2021-07-11 01:15:30 GSD insert 第 1 次 等待 1 秒
2021-07-11 01:15:31 {"status":"ok","msg":"添加成功！244056"}
2021-07-11 01:15:31 下次操作: 2021-07-11 01:15:39

2021-07-11 01:15:39 开始第 23 次操作

2021-07-11 01:15:39 开始操作号码 【1672361】
2021-07-11 01:15:49 GSD getOne 第 1 次 等待 1 秒
2021-07-11 01:15:50 查询号码 【1672361】，返回信息 {"status":"bad","msg":""}
2021-07-11 01:15:50 查询号码 【1672361】，GSD为【""】
2021-07-11 01:15:50 bad
2021-07-11 01:15:51 CHB 1672361?1625937350 第 1 次 等待 1 秒
2021-07-11 01:15:52 CHB 1672361?1625937350 第 1 次 获取到号码【1672361】GSD
2021-07-11 01:15:53 获取到号码【1672361】的GSD为【吉林-辽源】
2021-07-11 01:16:10 GSD insert 第 1 次 等待 1 秒
2021-07-11 01:16:11 {"status":"ok","msg":"添加成功！244062"}
2021-07-11 01:16:11 下次操作: 2021-07-11 01:16:23

2021-07-11 01:16:23 开始第 24 次操作

2021-07-11 01:16:23 开始操作号码 【1672362】
2021-07-11 01:16:31 GSD getOne 第 1 次 等待 1 秒
2021-07-11 01:16:32 查询号码 【1672362】，返回信息 {"status":"bad","msg":""}
2021-07-11 01:16:32 查询号码 【1672362】，GSD为【""】
2021-07-11 01:16:32 bad
2021-07-11 01:16:34 CHB 1672362?1625937392 第 1 次 等待 1 秒
2021-07-11 01:16:35 CHB 1672362?1625937392 第 1 次 获取到号码【1672362】GSD
2021-07-11 01:16:35 获取到号码【1672362】的GSD为【吉林-白山】
2021-07-11 01:16:54 GSD insert 第 1 次 等待 1 秒
2021-07-11 01:16:55 {"status":"ok","msg":"添加成功！244065"}
2021-07-11 01:16:55 下次操作: 2021-07-11 01:17:01

2021-07-11 01:17:01 开始第 25 次操作

2021-07-11 01:17:01 开始操作号码 【1672363】
2021-07-11 01:17:19 GSD getOne 第 1 次 等待 1 秒
2021-07-11 01:17:20 查询号码 【1672363】，返回信息 {"status":"bad","msg":""}
2021-07-11 01:17:20 查询号码 【1672363】，GSD为【""】
2021-07-11 01:17:20 bad
2021-07-11 01:17:22 CHB 1672363?1625937440 第 1 次 等待 1 秒
2021-07-11 01:17:23 CHB 1672363?1625937440 第 1 次 获取到号码【1672363】GSD
2021-07-11 01:17:23 获取到号码【1672363】的GSD为【吉林-白山】
2021-07-11 01:17:41 GSD insert 第 1 次 等待 1 秒
2021-07-11 01:17:42 {"status":"ok","msg":"添加成功！244070"}
2021-07-11 01:17:42 下次操作: 2021-07-11 01:17:49

2021-07-11 01:17:49 开始第 26 次操作

2021-07-11 01:17:49 开始操作号码 【1672364】
2021-07-11 01:18:08 GSD getOne 第 1 次 等待 1 秒
2021-07-11 01:18:09 查询号码 【1672364】，返回信息 {"status":"bad","msg":""}
2021-07-11 01:18:09 查询号码 【1672364】，GSD为【""】
2021-07-11 01:18:09 bad
2021-07-11 01:18:12 CHB 1672364?1625937489 第 1 次 等待 1 秒
2021-07-11 01:18:13 CHB 1672364?1625937489 第 1 次 获取到号码【1672364】GSD
2021-07-11 01:18:13 获取到号码【1672364】的GSD为【吉林-长春】
2021-07-11 01:18:38 GSD insert 第 1 次 等待 1 秒
2021-07-11 01:18:39 {"status":"ok","msg":"添加成功！244075"}
2021-07-11 01:18:39 下次操作: 2021-07-11 01:18:45

2021-07-11 01:18:45 开始第 27 次操作

2021-07-11 01:18:45 开始操作号码 【1672365】
2021-07-11 01:19:05 GSD getOne 第 1 次 等待 1 秒
2021-07-11 01:19:06 查询号码 【1672365】，返回信息 {"status":"bad","msg":""}
2021-07-11 01:19:06 查询号码 【1672365】，GSD为【""】
2021-07-11 01:19:06 bad
2021-07-11 01:19:08 CHB 1672365?1625937546 第 1 次 等待 1 秒
2021-07-11 01:19:09 CHB 1672365?1625937546 第 1 次 获取到号码【1672365】GSD
2021-07-11 01:19:09 获取到号码【1672365】的GSD为【吉林-白山】
2021-07-11 01:19:27 GSD insert 第 1 次 等待 1 秒
2021-07-11 01:19:28 {"status":"ok","msg":"添加成功！244079"}
2021-07-11 01:19:28 下次操作: 2021-07-11 01:19:35

2021-07-11 01:19:35 开始第 28 次操作

2021-07-11 01:19:35 开始操作号码 【1672366】
2021-07-11 01:19:53 GSD getOne 第 1 次 等待 1 秒
2021-07-11 01:19:54 查询号码 【1672366】，返回信息 {"status":"bad","msg":""}
2021-07-11 01:19:54 查询号码 【1672366】，GSD为【""】
2021-07-11 01:19:54 bad
2021-07-11 01:19:56 CHB 1672366?1625937594 第 1 次 等待 1 秒
2021-07-11 01:19:57 CHB 1672366?1625937594 第 1 次 获取到号码【1672366】GSD
2021-07-11 01:19:57 获取到号码【1672366】的GSD为【吉林-白城】
2021-07-11 01:20:18 GSD insert 第 1 次 等待 1 秒
2021-07-11 01:20:19 {"status":"ok","msg":"添加成功！244083"}
2021-07-11 01:20:19 下次操作: 2021-07-11 01:20:37

2021-07-11 01:20:37 开始第 29 次操作

2021-07-11 01:20:37 开始操作号码 【1672367】
2021-07-11 01:20:40 GSD getOne 第 1 次 等待 1 秒
2021-07-11 01:20:41 查询号码 【1672367】，返回信息 {"status":"bad","msg":""}
2021-07-11 01:20:41 查询号码 【1672367】，GSD为【""】
2021-07-11 01:20:41 bad
2021-07-11 01:20:42 CHB 1672367?1625937641 第 1 次 等待 1 秒
2021-07-11 01:20:43 CHB 1672367?1625937641 第 1 次 获取到号码【1672367】GSD
2021-07-11 01:20:43 获取到号码【1672367】的GSD为【吉林-白城】
2021-07-11 01:21:03 GSD insert 第 1 次 等待 1 秒
2021-07-11 01:21:04 {"status":"ok","msg":"添加成功！244086"}
2021-07-11 01:21:04 下次操作: 2021-07-11 01:21:14

2021-07-11 01:21:14 开始第 30 次操作

2021-07-11 01:21:14 开始操作号码 【1672368】
2021-07-11 01:21:26 GSD getOne 第 1 次 等待 1 秒
2021-07-11 01:21:27 查询号码 【1672368】，返回信息 {"status":"bad","msg":""}
2021-07-11 01:21:27 查询号码 【1672368】，GSD为【""】
2021-07-11 01:21:27 bad
2021-07-11 01:21:29 CHB 1672368?1625937687 第 1 次 等待 1 秒
2021-07-11 01:21:30 CHB 1672368?1625937687 第 1 次 获取到号码【1672368】GSD
2021-07-11 01:21:30 获取到号码【1672368】的GSD为【吉林-白城】
2021-07-11 01:21:49 GSD insert 第 1 次 等待 1 秒
2021-07-11 01:21:50 {"status":"ok","msg":"添加成功！244091"}

2021-07-11 01:40:13 开始第 1 次操作

2021-07-11 01:40:13 开始操作号码 【1672369】
2021-07-11 01:40:16 GSD getOne 第 1 次 等待 1 秒
2021-07-11 01:40:17 查询号码 【1672369】，返回信息 {"status":"bad","msg":""}
2021-07-11 01:40:17 查询号码 【1672369】，GSD为【""】
2021-07-11 01:40:17 bad
2021-07-11 01:40:20 CHB 1672369?1625938817 第 1 次 等待 1 秒
2021-07-11 01:40:21 CHB 1672369?1625938817 第 1 次 获取到号码【1672369】GSD
2021-07-11 01:40:21 获取到号码【1672369】的GSD为【吉林-松原】
2021-07-11 01:40:39 GSD insert 第 1 次 等待 1 秒
2021-07-11 01:40:40 {"status":"ok","msg":"添加成功！244145"}
2021-07-11 01:40:40 下次操作: 2021-07-11 01:40:46

2021-07-11 01:40:46 开始第 2 次操作

2021-07-11 01:40:46 开始操作号码 【1672370】
2021-07-11 01:41:05 GSD getOne 第 1 次 等待 1 秒
2021-07-11 01:41:06 查询号码 【1672370】，返回信息 {"status":"bad","msg":""}
2021-07-11 01:41:06 查询号码 【1672370】，GSD为【""】
2021-07-11 01:41:06 bad
2021-07-11 01:41:08 CHB 1672370?1625938866 第 1 次 等待 1 秒
2021-07-11 01:41:09 CHB 1672370?1625938866 第 1 次 获取到号码【1672370】GSD
2021-07-11 01:41:09 获取到号码【1672370】的GSD为【河南-商丘】
2021-07-11 01:41:27 GSD insert 第 1 次 等待 1 秒
2021-07-11 01:41:28 {"status":"ok","msg":"添加成功！244152"}
2021-07-11 01:41:28 下次操作: 2021-07-11 01:41:35

2021-07-11 01:41:35 开始第 3 次操作

2021-07-11 01:41:35 开始操作号码 【1672371】
2021-07-11 01:42:29 GSD getOne 第 1 次 等待 1 秒
2021-07-11 01:42:30 查询号码 【1672371】，返回信息 {"status":"bad","msg":""}
2021-07-11 01:42:31 查询号码 【1672371】，GSD为【""】
2021-07-11 01:42:31 bad
2021-07-11 01:42:33 CHB 1672371?1625938951 第 1 次 等待 1 秒
2021-07-11 01:42:34 CHB 1672371?1625938951 第 1 次 获取到号码【1672371】GSD
2021-07-11 01:42:34 获取到号码【1672371】的GSD为【河南-郑州】
2021-07-11 01:42:54 GSD insert 第 1 次 等待 1 秒
2021-07-11 01:42:55 {"status":"ok","msg":"添加成功！244168"}
2021-07-11 01:42:55 下次操作: 2021-07-11 01:43:13

2021-07-11 01:43:13 开始第 4 次操作

2021-07-11 01:43:13 开始操作号码 【1672372】
2021-07-11 01:43:16 GSD getOne 第 1 次 等待 1 秒
2021-07-11 01:43:17 查询号码 【1672372】，返回信息 {"status":"bad","msg":""}
2021-07-11 01:43:17 查询号码 【1672372】，GSD为【""】
2021-07-11 01:43:17 bad
2021-07-11 01:43:19 CHB 1672372?1625938997 第 1 次 等待 1 秒
2021-07-11 01:43:20 CHB 1672372?1625938997 第 1 次 获取到号码【1672372】GSD
2021-07-11 01:43:20 获取到号码【1672372】的GSD为【河南-安阳】
2021-07-11 01:43:38 GSD insert 第 1 次 等待 1 秒
2021-07-11 01:43:39 {"status":"ok","msg":"添加成功！244174"}
2021-07-11 01:43:39 下次操作: 2021-07-11 01:43:51

2021-07-11 01:43:51 开始第 5 次操作

2021-07-11 01:43:51 开始操作号码 【1672373】
2021-07-11 01:43:56 GSD getOne 第 1 次 等待 1 秒
2021-07-11 01:43:57 查询号码 【1672373】，返回信息 {"status":"bad","msg":""}
2021-07-11 01:43:57 查询号码 【1672373】，GSD为【""】
2021-07-11 01:43:57 bad
2021-07-11 01:44:00 CHB 1672373?1625939037 第 1 次 等待 1 秒
2021-07-11 01:44:01 CHB 1672373?1625939037 第 1 次 获取到号码【1672373】GSD
2021-07-11 01:44:01 获取到号码【1672373】的GSD为【河南-新乡】
2021-07-11 01:44:19 GSD insert 第 1 次 等待 1 秒
2021-07-11 01:44:20 {"status":"ok","msg":"添加成功！244190"}
2021-07-11 01:44:20 下次操作: 2021-07-11 01:44:38

2021-07-11 01:44:38 开始第 6 次操作

2021-07-11 01:44:38 开始操作号码 【1672374】
2021-07-11 01:44:42 GSD getOne 第 1 次 等待 1 秒
2021-07-11 01:44:43 查询号码 【1672374】，返回信息 {"status":"bad","msg":""}
2021-07-11 01:44:43 查询号码 【1672374】，GSD为【""】
2021-07-11 01:44:43 bad
2021-07-11 01:44:44 CHB 1672374?1625939083 第 1 次 等待 1 秒
2021-07-11 01:44:45 CHB 1672374?1625939083 第 1 次 获取到号码【1672374】GSD
2021-07-11 01:44:46 获取到号码【1672374】的GSD为【河南-许昌】
2021-07-11 01:45:04 GSD insert 第 1 次 等待 1 秒
2021-07-11 01:45:05 {"status":"ok","msg":"添加成功！244205"}
2021-07-11 01:45:05 下次操作: 2021-07-11 01:45:11

2021-07-11 01:45:11 开始第 7 次操作

2021-07-11 01:45:11 开始操作号码 【1672375】
2021-07-11 01:45:29 GSD getOne 第 1 次 等待 1 秒
2021-07-11 01:45:30 查询号码 【1672375】，返回信息 {"status":"bad","msg":""}
2021-07-11 01:45:30 查询号码 【1672375】，GSD为【""】
2021-07-11 01:45:30 bad
2021-07-11 01:45:32 CHB 1672375?1625939130 第 1 次 等待 1 秒
2021-07-11 01:45:33 CHB 1672375?1625939130 第 1 次 获取到号码【1672375】GSD
2021-07-11 01:45:33 获取到号码【1672375】的GSD为【河南-平顶山】
2021-07-11 01:45:52 GSD insert 第 1 次 等待 1 秒
2021-07-11 01:45:53 {"status":"ok","msg":"添加成功！244219"}
2021-07-11 01:45:53 下次操作: 2021-07-11 01:46:03

2021-07-11 01:46:03 开始第 8 次操作

2021-07-11 01:46:03 开始操作号码 【1672376】
2021-07-11 01:46:12 GSD getOne 第 1 次 等待 1 秒
2021-07-11 01:46:13 查询号码 【1672376】，返回信息 {"status":"bad","msg":""}
2021-07-11 01:46:14 查询号码 【1672376】，GSD为【""】
2021-07-11 01:46:14 bad
2021-07-11 01:46:16 CHB 1672376?1625939174 第 1 次 等待 1 秒
2021-07-11 01:46:17 CHB 1672376?1625939174 第 1 次 获取到号码【1672376】GSD
2021-07-11 01:46:17 获取到号码【1672376】的GSD为【河南-信阳】
2021-07-11 01:46:35 GSD insert 第 1 次 等待 1 秒
2021-07-11 01:46:36 {"status":"ok","msg":"添加成功！244232"}
2021-07-11 01:46:36 下次操作: 2021-07-11 01:46:53

2021-07-11 01:46:53 开始第 9 次操作

2021-07-11 01:46:53 开始操作号码 【1672377】
2021-07-11 01:46:57 GSD getOne 第 1 次 等待 1 秒
2021-07-11 01:46:58 查询号码 【1672377】，返回信息 {"status":"bad","msg":""}
2021-07-11 01:46:58 查询号码 【1672377】，GSD为【""】
2021-07-11 01:46:58 bad
2021-07-11 01:46:59 CHB 1672377?1625939218 第 1 次 等待 1 秒
2021-07-11 01:47:01 CHB 1672377?1625939218 第 1 次 获取到号码【1672377】GSD
2021-07-11 01:47:01 获取到号码【1672377】的GSD为【河南-南阳】
2021-07-11 01:47:18 GSD insert 第 1 次 等待 1 秒
2021-07-11 01:47:19 {"status":"ok","msg":"添加成功！244246"}
2021-07-11 01:47:19 下次操作: 2021-07-11 01:47:32

2021-07-11 01:47:32 开始第 10 次操作

2021-07-11 01:47:32 开始操作号码 【1672378】
2021-07-11 01:47:38 GSD getOne 第 1 次 等待 1 秒
2021-07-11 01:47:39 查询号码 【1672378】，返回信息 {"status":"bad","msg":""}
2021-07-11 01:47:39 查询号码 【1672378】，GSD为【""】
2021-07-11 01:47:39 bad
2021-07-11 01:47:41 CHB 1672378?1625939259 第 1 次 等待 1 秒
2021-07-11 01:47:42 CHB 1672378?1625939259 第 1 次 获取到号码【1672378】GSD
2021-07-11 01:47:42 获取到号码【1672378】的GSD为【河南-周口】
2021-07-11 01:48:03 GSD insert 第 1 次 等待 1 秒
2021-07-11 01:48:04 {"status":"ok","msg":"添加成功！244261"}
2021-07-11 01:48:04 下次操作: 2021-07-11 01:48:22

2021-07-11 01:48:22 开始第 11 次操作

2021-07-11 01:48:22 开始操作号码 【1672379】
2021-07-11 01:48:24 GSD getOne 第 1 次 等待 1 秒
2021-07-11 01:48:25 查询号码 【1672379】，返回信息 {"status":"bad","msg":""}
2021-07-11 01:48:25 查询号码 【1672379】，GSD为【""】
2021-07-11 01:48:25 bad
2021-07-11 01:48:27 CHB 1672379?1625939305 第 1 次 等待 1 秒
2021-07-11 01:48:28 CHB 1672379?1625939305 第 1 次 获取到号码【1672379】GSD
2021-07-11 01:48:28 获取到号码【1672379】的GSD为【河南-洛阳】
2021-07-11 01:48:46 GSD insert 第 1 次 等待 1 秒
2021-07-11 01:48:47 {"status":"ok","msg":"添加成功！244274"}
2021-07-11 01:48:47 下次操作: 2021-07-11 01:49:01

2021-07-11 01:49:01 开始第 12 次操作

2021-07-11 01:49:01 开始操作号码 【1672380】
2021-07-11 01:49:06 GSD getOne 第 1 次 等待 1 秒
2021-07-11 01:49:07 查询号码 【1672380】，返回信息 {"status":"bad","msg":""}
2021-07-11 01:49:07 查询号码 【1672380】，GSD为【""】
2021-07-11 01:49:07 bad
2021-07-11 01:49:08 CHB 1672380?1625939347 第 1 次 等待 1 秒
2021-07-11 01:49:09 CHB 1672380?1625939347 第 1 次 获取到号码【1672380】GSD
2021-07-11 01:49:09 获取到号码【1672380】的GSD为【吉林-松原】
2021-07-11 01:49:27 GSD insert 第 1 次 等待 1 秒
2021-07-11 01:49:28 {"status":"ok","msg":"添加成功！244288"}
2021-07-11 01:49:28 下次操作: 2021-07-11 01:49:35

2021-07-11 01:49:35 开始第 13 次操作

2021-07-11 01:49:35 开始操作号码 【1672381】
2021-07-11 01:49:54 GSD getOne 第 1 次 等待 1 秒
2021-07-11 01:49:55 查询号码 【1672381】，返回信息 {"status":"bad","msg":""}
2021-07-11 01:49:56 查询号码 【1672381】，GSD为【""】
2021-07-11 01:49:56 bad
2021-07-11 01:49:57 CHB 1672381?1625939396 第 1 次 等待 1 秒
2021-07-11 01:49:58 CHB 1672381?1625939396 第 1 次 获取到号码【1672381】GSD
2021-07-11 01:49:59 获取到号码【1672381】的GSD为【吉林-松原】
2021-07-11 01:50:16 GSD insert 第 1 次 等待 1 秒
2021-07-11 01:50:17 {"status":"ok","msg":"添加成功！244302"}
2021-07-11 01:50:17 下次操作: 2021-07-11 01:50:34

2021-07-11 01:50:34 开始第 14 次操作

2021-07-11 01:50:34 开始操作号码 【1672382】
2021-07-11 01:50:37 GSD getOne 第 1 次 等待 1 秒
2021-07-11 01:50:38 查询号码 【1672382】，返回信息 {"status":"bad","msg":""}
2021-07-11 01:50:38 查询号码 【1672382】，GSD为【""】
2021-07-11 01:50:38 bad
2021-07-11 01:50:40 CHB 1672382?1625939438 第 1 次 等待 1 秒
2021-07-11 01:50:41 CHB 1672382?1625939438 第 1 次 获取到号码【1672382】GSD
2021-07-11 01:50:41 获取到号码【1672382】的GSD为【吉林-松原】
2021-07-11 01:50:59 GSD insert 第 1 次 等待 1 秒
2021-07-11 01:51:00 {"status":"ok","msg":"添加成功！244315"}
2021-07-11 01:51:00 下次操作: 2021-07-11 01:51:13

2021-07-11 01:51:13 开始第 15 次操作

2021-07-11 01:51:13 开始操作号码 【1672383】
2021-07-11 01:51:20 GSD getOne 第 1 次 等待 1 秒
2021-07-11 01:51:21 查询号码 【1672383】，返回信息 {"status":"bad","msg":""}
2021-07-11 01:51:21 查询号码 【1672383】，GSD为【""】
2021-07-11 01:51:21 bad
2021-07-11 01:51:23 CHB 1672383?1625939481 第 1 次 等待 1 秒
2021-07-11 01:51:24 CHB 1672383?1625939481 第 1 次 获取到号码【1672383】GSD
2021-07-11 01:51:24 获取到号码【1672383】的GSD为【吉林-松原】
2021-07-11 01:51:41 GSD insert 第 1 次 等待 1 秒
2021-07-11 01:51:42 {"status":"ok","msg":"添加成功！244329"}
2021-07-11 01:51:42 下次操作: 2021-07-11 01:51:56

2021-07-11 01:51:56 开始第 16 次操作

2021-07-11 01:51:56 开始操作号码 【1672384】
2021-07-11 01:52:01 GSD getOne 第 1 次 等待 1 秒
2021-07-11 01:52:02 查询号码 【1672384】，返回信息 {"status":"bad","msg":""}
2021-07-11 01:52:02 查询号码 【1672384】，GSD为【""】
2021-07-11 01:52:02 bad
2021-07-11 01:52:04 CHB 1672384?1625939522 第 1 次 等待 1 秒
2021-07-11 01:52:05 CHB 1672384?1625939522 第 1 次 获取到号码【1672384】GSD
2021-07-11 01:52:05 获取到号码【1672384】的GSD为【吉林-长春】
2021-07-11 01:52:23 GSD insert 第 1 次 等待 1 秒
2021-07-11 01:52:24 {"status":"ok","msg":"添加成功！244342"}
2021-07-11 01:52:24 下次操作: 2021-07-11 01:52:40

2021-07-11 01:52:40 开始第 17 次操作

2021-07-11 01:52:40 开始操作号码 【1672385】
2021-07-11 01:52:43 GSD getOne 第 1 次 等待 1 秒
2021-07-11 01:52:44 查询号码 【1672385】，返回信息 {"status":"bad","msg":""}
2021-07-11 01:52:44 查询号码 【1672385】，GSD为【""】
2021-07-11 01:52:44 bad
2021-07-11 01:52:46 CHB 1672385?1625939564 第 1 次 等待 1 秒
2021-07-11 01:52:47 CHB 1672385?1625939564 第 1 次 获取到号码【1672385】GSD
2021-07-11 01:52:47 获取到号码【1672385】的GSD为【吉林-松原】
2021-07-11 01:53:05 GSD insert 第 1 次 等待 1 秒
2021-07-11 01:53:06 {"status":"ok","msg":"添加成功！244355"}
2021-07-11 01:53:06 下次操作: 2021-07-11 01:53:22

2021-07-11 01:53:22 开始第 18 次操作

2021-07-11 01:53:22 开始操作号码 【1672386】
2021-07-11 01:53:25 GSD getOne 第 1 次 等待 1 秒
2021-07-11 01:53:26 查询号码 【1672386】，返回信息 {"status":"bad","msg":""}
2021-07-11 01:53:26 查询号码 【1672386】，GSD为【""】
2021-07-11 01:53:26 bad
2021-07-11 01:53:28 CHB 1672386?1625939606 第 1 次 等待 1 秒
2021-07-11 01:53:29 CHB 1672386?1625939606 第 1 次 获取到号码【1672386】GSD
2021-07-11 01:53:29 获取到号码【1672386】的GSD为【吉林-松原】
2021-07-11 01:53:47 GSD insert 第 1 次 等待 1 秒
2021-07-11 01:53:48 {"status":"ok","msg":"添加成功！244365"}
2021-07-11 01:53:48 下次操作: 2021-07-11 01:54:03

2021-07-11 01:54:03 开始第 19 次操作

2021-07-11 01:54:03 开始操作号码 【1672387】
2021-07-11 01:54:06 GSD getOne 第 1 次 等待 1 秒
2021-07-11 01:54:07 查询号码 【1672387】，返回信息 {"status":"bad","msg":""}
2021-07-11 01:54:07 查询号码 【1672387】，GSD为【""】
2021-07-11 01:54:07 bad
2021-07-11 01:54:09 CHB 1672387?1625939647 第 1 次 等待 1 秒
2021-07-11 01:54:10 CHB 1672387?1625939647 第 1 次 获取到号码【1672387】GSD
2021-07-11 01:54:10 获取到号码【1672387】的GSD为【吉林-松原】
2021-07-11 01:54:44 GSD insert 第 1 次 等待 1 秒
2021-07-11 01:54:45 {"status":"ok","msg":"添加成功！244376"}
2021-07-11 01:54:45 下次操作: 2021-07-11 01:54:58

2021-07-11 01:54:58 开始第 20 次操作

2021-07-11 01:54:58 开始操作号码 【1672388】
2021-07-11 01:55:04 GSD getOne 第 1 次 等待 1 秒
2021-07-11 01:55:05 查询号码 【1672388】，返回信息 {"status":"bad","msg":""}
2021-07-11 01:55:05 查询号码 【1672388】，GSD为【""】
2021-07-11 01:55:05 bad
2021-07-11 01:55:06 CHB 1672388?1625939705 第 1 次 等待 1 秒
2021-07-11 01:55:07 CHB 1672388?1625939705 第 1 次 获取到号码【1672388】GSD
2021-07-11 01:55:07 获取到号码【1672388】的GSD为【吉林-松原】
2021-07-11 01:55:25 GSD insert 第 1 次 等待 1 秒
2021-07-11 01:55:26 {"status":"ok","msg":"添加成功！244384"}
2021-07-11 01:55:26 下次操作: 2021-07-11 01:55:34

2021-07-11 01:55:34 开始第 21 次操作

2021-07-11 01:55:34 开始操作号码 【1672389】
2021-07-11 01:55:46 GSD getOne 第 1 次 等待 1 秒
2021-07-11 01:55:47 查询号码 【1672389】，返回信息 {"status":"bad","msg":""}
2021-07-11 01:55:47 查询号码 【1672389】，GSD为【""】
2021-07-11 01:55:47 bad
2021-07-11 01:55:49 CHB 1672389?1625939747 第 1 次 等待 1 秒
2021-07-11 01:55:50 CHB 1672389?1625939747 第 1 次 获取到号码【1672389】GSD
2021-07-11 01:55:50 获取到号码【1672389】的GSD为【吉林-延边】
2021-07-11 01:56:08 GSD insert 第 1 次 等待 1 秒
2021-07-11 01:56:09 {"status":"ok","msg":"添加成功！244391"}
2021-07-11 01:56:09 下次操作: 2021-07-11 01:56:20

2021-07-11 01:56:20 开始第 22 次操作

2021-07-11 01:56:20 开始操作号码 【1672390】
2021-07-11 01:56:31 GSD getOne 第 1 次 等待 1 秒
2021-07-11 01:56:32 查询号码 【1672390】，返回信息 {"status":"bad","msg":""}
2021-07-11 01:56:32 查询号码 【1672390】，GSD为【""】
2021-07-11 01:56:32 bad
2021-07-11 01:56:33 CHB 1672390?1625939792 第 1 次 等待 1 秒
2021-07-11 01:56:34 CHB 1672390?1625939792 第 1 次 获取到号码【1672390】GSD
2021-07-11 01:56:34 获取到号码【1672390】的GSD为【河南-周口】
2021-07-11 01:56:54 GSD insert 第 1 次 等待 1 秒
2021-07-11 01:56:55 {"status":"ok","msg":"添加成功！244396"}
2021-07-11 01:56:55 下次操作: 2021-07-11 01:57:10

2021-07-11 01:57:10 开始第 23 次操作

2021-07-11 01:57:10 开始操作号码 【1672391】
2021-07-11 01:57:12 GSD getOne 第 1 次 等待 1 秒
2021-07-11 01:57:13 查询号码 【1672391】，返回信息 {"status":"bad","msg":""}
2021-07-11 01:57:13 查询号码 【1672391】，GSD为【""】
2021-07-11 01:57:13 bad
2021-07-11 01:57:15 CHB 1672391?1625939833 第 1 次 等待 1 秒
2021-07-11 01:57:16 CHB 1672391?1625939833 第 1 次 获取到号码【1672391】GSD
2021-07-11 01:57:16 获取到号码【1672391】的GSD为【河南-周口】
2021-07-11 01:57:35 GSD insert 第 1 次 等待 1 秒
2021-07-11 01:57:36 {"status":"ok","msg":"添加成功！244399"}
2021-07-11 01:57:36 下次操作: 2021-07-11 01:57:46

2021-07-11 01:57:46 开始第 24 次操作

2021-07-11 01:57:46 开始操作号码 【1672392】
2021-07-11 01:57:56 GSD getOne 第 1 次 等待 1 秒
2021-07-11 01:57:57 查询号码 【1672392】，返回信息 {"status":"bad","msg":""}
2021-07-11 01:57:57 查询号码 【1672392】，GSD为【""】
2021-07-11 01:57:57 bad
2021-07-11 01:57:59 CHB 1672392?1625939877 第 1 次 等待 1 秒
2021-07-11 01:58:00 CHB 1672392?1625939877 第 1 次 获取到号码【1672392】GSD
2021-07-11 01:58:00 获取到号码【1672392】的GSD为【河南-鹤壁】
2021-07-11 01:58:19 GSD insert 第 1 次 等待 1 秒
2021-07-11 01:58:20 {"status":"ok","msg":"添加成功！244404"}
2021-07-11 01:58:20 下次操作: 2021-07-11 01:58:26

2021-07-11 01:58:26 开始第 25 次操作

2021-07-11 01:58:26 开始操作号码 【1672393】
2021-07-11 01:58:44 GSD getOne 第 1 次 等待 1 秒
2021-07-11 01:58:45 查询号码 【1672393】，返回信息 {"status":"bad","msg":""}
2021-07-11 01:58:45 查询号码 【1672393】，GSD为【""】
2021-07-11 01:58:45 bad
2021-07-11 01:58:46 CHB 1672393?1625939925 第 1 次 等待 1 秒
2021-07-11 01:58:47 CHB 1672393?1625939925 第 1 次 获取到号码【1672393】GSD
2021-07-11 01:58:47 获取到号码【1672393】的GSD为【河南-濮阳】
2021-07-11 01:59:05 GSD insert 第 1 次 等待 1 秒
2021-07-11 01:59:06 {"status":"ok","msg":"添加成功！244409"}
2021-07-11 01:59:06 下次操作: 2021-07-11 01:59:16

2021-07-11 01:59:16 开始第 26 次操作

2021-07-11 01:59:16 开始操作号码 【1672394】
2021-07-11 01:59:27 GSD getOne 第 1 次 等待 1 秒
2021-07-11 01:59:28 查询号码 【1672394】，返回信息 {"status":"bad","msg":""}
2021-07-11 01:59:28 查询号码 【1672394】，GSD为【""】
2021-07-11 01:59:28 bad
2021-07-11 01:59:30 CHB 1672394?1625939968 第 1 次 等待 1 秒
2021-07-11 01:59:31 CHB 1672394?1625939968 第 1 次 获取到号码【1672394】GSD
2021-07-11 01:59:31 获取到号码【1672394】的GSD为【河南-周口】
2021-07-11 01:59:50 GSD insert 第 1 次 等待 1 秒
2021-07-11 01:59:51 {"status":"ok","msg":"添加成功！244414"}
2021-07-11 01:59:51 下次操作: 2021-07-11 02:00:02

2021-07-11 02:00:02 开始第 27 次操作

2021-07-11 02:00:02 开始操作号码 【1672395】
2021-07-11 02:00:13 GSD getOne 第 1 次 等待 1 秒
2021-07-11 02:00:14 查询号码 【1672395】，返回信息 {"status":"bad","msg":""}
2021-07-11 02:00:14 查询号码 【1672395】，GSD为【""】
2021-07-11 02:00:14 bad
2021-07-11 02:00:16 CHB 1672395?1625940014 第 1 次 等待 1 秒
2021-07-11 02:00:17 CHB 1672395?1625940014 第 1 次 获取到号码【1672395】GSD
2021-07-11 02:00:17 获取到号码【1672395】的GSD为【河南-漯河】
2021-07-11 02:00:36 GSD insert 第 1 次 等待 1 秒
2021-07-11 02:00:37 {"status":"ok","msg":"添加成功！244421"}
2021-07-11 02:00:37 下次操作: 2021-07-11 02:00:54

2021-07-11 02:00:54 开始第 28 次操作

2021-07-11 02:00:54 开始操作号码 【1672396】
2021-07-11 02:00:57 GSD getOne 第 1 次 等待 1 秒
2021-07-11 02:00:58 查询号码 【1672396】，返回信息 {"status":"bad","msg":""}
2021-07-11 02:00:58 查询号码 【1672396】，GSD为【""】
2021-07-11 02:00:58 bad
2021-07-11 02:00:59 CHB 1672396?1625940058 第 1 次 等待 1 秒
2021-07-11 02:01:00 CHB 1672396?1625940058 第 1 次 获取到号码【1672396】GSD
2021-07-11 02:01:00 获取到号码【1672396】的GSD为【河南-驻马店】
2021-07-11 02:01:22 GSD insert 第 1 次 等待 1 秒
2021-07-11 02:01:23 {"status":"ok","msg":"添加成功！244428"}
2021-07-11 02:01:23 下次操作: 2021-07-11 02:01:38

2021-07-11 02:01:38 开始第 29 次操作

2021-07-11 02:01:38 开始操作号码 【1672397】
2021-07-11 02:01:42 GSD getOne 第 1 次 等待 1 秒
2021-07-11 02:01:43 查询号码 【1672397】，返回信息 {"status":"bad","msg":""}
2021-07-11 02:01:43 查询号码 【1672397】，GSD为【""】
2021-07-11 02:01:43 bad
2021-07-11 02:01:45 CHB 1672397?1625940103 第 1 次 等待 1 秒
2021-07-11 02:01:46 CHB 1672397?1625940103 第 1 次 获取到号码【1672397】GSD
2021-07-11 02:01:46 获取到号码【1672397】的GSD为【河南-周口】
2021-07-11 02:02:05 GSD insert 第 1 次 等待 1 秒
2021-07-11 02:02:06 {"status":"ok","msg":"添加成功！244432"}
2021-07-11 02:02:06 下次操作: 2021-07-11 02:02:15

2021-07-11 02:02:15 开始第 30 次操作

2021-07-11 02:02:15 开始操作号码 【1672398】
2021-07-11 02:02:25 GSD getOne 第 1 次 等待 1 秒
2021-07-11 02:02:26 查询号码 【1672398】，返回信息 {"status":"bad","msg":""}
2021-07-11 02:02:26 查询号码 【1672398】，GSD为【""】
2021-07-11 02:02:26 bad
2021-07-11 02:02:28 CHB 1672398?1625940146 第 1 次 等待 1 秒
2021-07-11 02:02:29 CHB 1672398?1625940146 第 1 次 获取到号码【1672398】GSD
2021-07-11 02:02:29 获取到号码【1672398】的GSD为【河南-三门峡】
2021-07-11 02:02:48 GSD insert 第 1 次 等待 1 秒
2021-07-11 02:02:49 {"status":"ok","msg":"添加成功！244437"}

