2023-12-03 00:16:39 开始第 1109 次操作

2023-12-03 00:16:39 开始操作号码 【1811011】
2023-12-03 00:16:43 GSD getOne 第 1 次 等待 3 秒
2023-12-03 00:16:46 查询号码 【1811011】，返回信息 {"status":"ok","msg":"北京-北京","gid":"366603","time_insert":"2021-07-23 14:28"}
2023-12-03 00:16:46 查询号码 【1811011】，GSD为【"北京-北京"】

2023-12-03 00:16:47 开始第 1110 次操作

2023-12-03 00:16:47 开始操作号码 【1811012】
2023-12-03 00:16:51 GSD getOne 第 1 次 等待 3 秒
2023-12-03 00:16:54 查询号码 【1811012】，返回信息 {"status":"ok","msg":"北京-北京","gid":"366662","time_insert":"2021-07-23 14:45"}
2023-12-03 00:16:54 查询号码 【1811012】，GSD为【"北京-北京"】

2023-12-03 00:16:55 开始第 1111 次操作

2023-12-03 00:16:55 开始操作号码 【1811013】
2023-12-03 00:17:01 GSD getOne 第 1 次 等待 3 秒
2023-12-03 00:17:04 查询号码 【1811013】，返回信息 {"status":"ok","msg":"北京-北京","gid":"366853","time_insert":"2021-07-23 15:02","time_update":"2021-07-31 14:04"}
2023-12-03 00:17:04 查询号码 【1811013】，GSD为【"北京-北京"】

2023-12-03 00:17:05 开始第 1112 次操作

2023-12-03 00:17:05 开始操作号码 【1811014】
2023-12-03 00:17:08 GSD getOne 第 1 次 等待 3 秒
2023-12-03 00:17:11 查询号码 【1811014】，返回信息 {"status":"ok","msg":"北京-北京","gid":"367146","time_insert":"2021-07-23 15:30"}
2023-12-03 00:17:11 查询号码 【1811014】，GSD为【"北京-北京"】

