2024-01-13 00:18:40 开始第 8477 次操作

2024-01-13 00:18:40 开始操作号码 【1818379】
2024-01-13 00:18:43 GSD getOne 第 1 次 等待 3 秒
2024-01-13 00:18:46 查询号码 【1818379】，返回信息 {"status":"ok","msg":"云南-普洱","gid":"387709","time_insert":"2021-07-25 10:05"}
2024-01-13 00:18:46 查询号码 【1818379】，GSD为【"云南-普洱"】

2024-01-13 00:18:47 开始第 8478 次操作

2024-01-13 00:18:47 开始操作号码 【1818380】
2024-01-13 00:18:54 GSD getOne 第 1 次 等待 3 秒
2024-01-13 00:18:57 查询号码 【1818380】，返回信息 {"status":"ok","msg":"云南-临沧","gid":"34227","time_insert":"2020-08-05 10:24","time_update":"2020-12-03 23:34"}
2024-01-13 00:18:57 查询号码 【1818380】，GSD为【"云南-临沧"】

2024-01-13 00:18:58 开始第 8479 次操作

2024-01-13 00:18:58 开始操作号码 【1818381】
2024-01-13 00:19:01 GSD getOne 第 1 次 等待 3 秒
2024-01-13 00:19:04 查询号码 【1818381】，返回信息 {"status":"ok","msg":"云南-昆明","gid":"387700","time_insert":"2021-07-25 10:04"}
2024-01-13 00:19:04 查询号码 【1818381】，GSD为【"云南-昆明"】

2024-01-13 00:19:05 开始第 8480 次操作

2024-01-13 00:19:05 开始操作号码 【1818382】
2024-01-13 00:19:08 GSD getOne 第 1 次 等待 3 秒
2024-01-13 00:19:11 查询号码 【1818382】，返回信息 {"status":"ok","msg":"云南-昆明","gid":"34228","time_insert":"2019-11-15 11:24","time_update":"2020-12-03 23:39"}
2024-01-13 00:19:11 查询号码 【1818382】，GSD为【"云南-昆明"】

