2021-08-04 00:00:11 开始第 40 次操作

2021-08-04 00:00:11 开始操作号码 【1517557】
2021-08-04 00:00:24 GSD getOne 第 1 次 等待 3 秒
2021-08-04 00:00:27 查询号码 【1517557】，返回信息 {"status":"ok","msg":"河北-唐山","gid":"465863","time_insert":"2021-08-01 09:54"}
2021-08-04 00:00:27 查询号码 【1517557】，GSD为【"河北-唐山"】

2021-08-04 00:00:27 开始第 40 次操作

2021-08-04 00:00:27 开始操作号码 【1517558】
2021-08-04 00:00:56 GSD getOne 第 1 次 等待 3 秒
2021-08-04 00:00:59 查询号码 【1517558】，返回信息 {"status":"ok","msg":"河北-唐山","gid":"465732","time_insert":"2021-08-01 09:44"}
2021-08-04 00:00:59 查询号码 【1517558】，GSD为【"河北-唐山"】

2021-08-04 00:00:59 开始第 40 次操作

2021-08-04 00:00:59 开始操作号码 【1517559】
2021-08-04 00:01:07 GSD getOne 第 1 次 等待 3 秒
2021-08-04 00:01:10 查询号码 【1517559】，返回信息 {"status":"ok","msg":"河北-唐山","gid":"465714","time_insert":"2021-08-01 09:35"}
2021-08-04 00:01:10 查询号码 【1517559】，GSD为【"河北-唐山"】

2021-08-04 00:01:10 开始第 40 次操作

2021-08-04 00:01:10 开始操作号码 【1517560】
2021-08-04 00:01:26 GSD getOne 第 1 次 等待 3 秒
2021-08-04 00:01:29 查询号码 【1517560】，返回信息 {"status":"ok","msg":"河北-唐山","gid":"465703","time_insert":"2021-08-01 09:25"}
2021-08-04 00:01:29 查询号码 【1517560】，GSD为【"河北-唐山"】

2021-08-04 00:01:29 开始第 40 次操作

2021-08-04 00:01:29 开始操作号码 【1517561】
2021-08-04 00:01:42 GSD getOne 第 1 次 等待 3 秒
2021-08-04 00:01:45 查询号码 【1517561】，返回信息 {"status":"ok","msg":"河北-唐山","gid":"465683","time_insert":"2021-08-01 09:15"}
2021-08-04 00:01:46 查询号码 【1517561】，GSD为【"河北-唐山"】

2021-08-04 00:01:46 开始第 40 次操作

2021-08-04 00:01:46 开始操作号码 【1517562】
2021-08-04 00:01:52 GSD getOne 第 1 次 等待 3 秒
2021-08-04 00:01:55 查询号码 【1517562】，返回信息 {"status":"ok","msg":"河北-唐山","gid":"465666","time_insert":"2021-08-01 09:06"}
2021-08-04 00:01:55 查询号码 【1517562】，GSD为【"河北-唐山"】

2021-08-04 00:01:55 开始第 40 次操作

2021-08-04 00:01:55 开始操作号码 【1517563】
2021-08-04 00:02:01 GSD getOne 第 1 次 等待 3 秒
2021-08-04 00:02:04 查询号码 【1517563】，返回信息 {"status":"ok","msg":"河北-唐山","gid":"465645","time_insert":"2021-08-01 08:57"}
2021-08-04 00:02:04 查询号码 【1517563】，GSD为【"河北-唐山"】

2021-08-04 00:02:04 开始第 40 次操作

2021-08-04 00:02:04 开始操作号码 【1517564】
2021-08-04 00:02:16 GSD getOne 第 1 次 等待 3 秒
2021-08-04 00:02:19 查询号码 【1517564】，返回信息 {"status":"ok","msg":"河北-唐山","gid":"465624","time_insert":"2021-08-01 08:48"}
2021-08-04 00:02:19 查询号码 【1517564】，GSD为【"河北-唐山"】

2021-08-04 00:02:19 开始第 40 次操作

2021-08-04 00:02:19 开始操作号码 【1517565】
2021-08-04 00:02:27 GSD getOne 第 1 次 等待 3 秒
2021-08-04 00:02:30 查询号码 【1517565】，返回信息 {"status":"ok","msg":"河北-廊坊","gid":"465607","time_insert":"2021-08-01 08:38"}
2021-08-04 00:02:30 查询号码 【1517565】，GSD为【"河北-廊坊"】

2021-08-04 00:02:30 开始第 40 次操作

2021-08-04 00:02:30 开始操作号码 【1517566】
2021-08-04 00:02:42 GSD getOne 第 1 次 等待 3 秒
2021-08-04 00:02:45 查询号码 【1517566】，返回信息 {"status":"ok","msg":"河北-廊坊","gid":"465596","time_insert":"2021-08-01 08:29"}
2021-08-04 00:02:45 查询号码 【1517566】，GSD为【"河北-廊坊"】

2021-08-04 00:02:45 开始第 40 次操作

2021-08-04 00:02:45 开始操作号码 【1517567】
2021-08-04 00:02:51 GSD getOne 第 1 次 等待 3 秒
2021-08-04 00:02:54 查询号码 【1517567】，返回信息 {"status":"ok","msg":"河北-廊坊","gid":"465583","time_insert":"2021-08-01 08:20"}
2021-08-04 00:02:54 查询号码 【1517567】，GSD为【"河北-廊坊"】

2021-08-04 00:02:54 开始第 40 次操作

2021-08-04 00:02:54 开始操作号码 【1517568】
2021-08-04 00:03:02 GSD getOne 第 1 次 等待 3 秒
2021-08-04 00:03:05 查询号码 【1517568】，返回信息 {"status":"ok","msg":"河北-廊坊","gid":"465565","time_insert":"2021-08-01 08:09"}
2021-08-04 00:03:05 查询号码 【1517568】，GSD为【"河北-廊坊"】

2021-08-04 00:03:05 开始第 40 次操作

2021-08-04 00:03:05 开始操作号码 【1517569】
2021-08-04 00:03:21 GSD getOne 第 1 次 等待 3 秒
2021-08-04 00:03:24 查询号码 【1517569】，返回信息 {"status":"ok","msg":"河北-廊坊","gid":"465484","time_insert":"2021-08-01 07:59"}
2021-08-04 00:03:24 查询号码 【1517569】，GSD为【"河北-廊坊"】

2021-08-04 00:03:24 开始第 40 次操作

2021-08-04 00:03:24 开始操作号码 【1517570】
2021-08-04 00:03:36 GSD getOne 第 1 次 等待 3 秒
2021-08-04 00:03:39 查询号码 【1517570】，返回信息 {"status":"ok","msg":"河北-沧州","gid":"465338","time_insert":"2021-08-01 07:50"}
2021-08-04 00:03:40 查询号码 【1517570】，GSD为【"河北-沧州"】

2021-08-04 00:03:40 开始第 40 次操作

2021-08-04 00:03:40 开始操作号码 【1517571】
2021-08-04 00:03:57 GSD getOne 第 1 次 等待 3 秒
2021-08-04 00:04:00 查询号码 【1517571】，返回信息 {"status":"ok","msg":"河北-沧州","gid":"465184","time_insert":"2021-08-01 07:40"}
2021-08-04 00:04:00 查询号码 【1517571】，GSD为【"河北-沧州"】

2021-08-04 00:04:00 开始第 40 次操作

2021-08-04 00:04:00 开始操作号码 【1517572】
2021-08-04 00:04:11 GSD getOne 第 1 次 等待 3 秒
2021-08-04 00:04:14 查询号码 【1517572】，返回信息 {"status":"ok","msg":"-","gid":"465127","time_insert":"2021-08-01 07:30"}
2021-08-04 00:04:14 查询号码 【1517572】，GSD为【"-"】
2021-08-04 00:04:14 ok && -
2021-08-04 00:04:15 CHB 1517572?1628006654 第 1 次 等待 3 秒
2021-08-04 00:04:18 CHB 1517572?1628006654 第 1 次 获取到号码【1517572】GSD
2021-08-04 00:04:18 获取到号码【1517572】的GSD为【河北-沧州】
2021-08-04 00:04:45 GSD insert 第 1 次 等待 3 秒
2021-08-04 00:04:48 {"status":"ok","gid":"465127","msg":"添加号码已存在，但为‘-’，修改为【河北-沧州】成功！"}

