2023-11-30 00:19:04 开始第 573 次操作

2023-11-30 00:19:04 开始操作号码 【1810475】
2023-11-30 00:19:08 GSD getOne 第 1 次 等待 3 秒
2023-11-30 00:19:11 查询号码 【1810475】，返回信息 {"status":"ok","msg":"内蒙古-通辽","gid":"306812","time_insert":"2021-07-17 20:28"}
2023-11-30 00:19:11 查询号码 【1810475】，GSD为【"内蒙古-通辽"】

2023-11-30 00:19:12 开始第 574 次操作

2023-11-30 00:19:12 开始操作号码 【1810476】
2023-11-30 00:19:16 GSD getOne 第 1 次 等待 3 秒
2023-11-30 00:19:19 查询号码 【1810476】，返回信息 {"status":"ok","msg":"内蒙古-赤峰","gid":"306846","time_insert":"2021-07-17 20:44","time_update":"2021-07-31 16:15"}
2023-11-30 00:19:19 查询号码 【1810476】，GSD为【"内蒙古-赤峰"】

2023-11-30 00:19:20 开始第 575 次操作

2023-11-30 00:19:20 开始操作号码 【1810477】
2023-11-30 00:19:26 GSD getOne 第 1 次 等待 3 秒
2023-11-30 00:19:29 查询号码 【1810477】，返回信息 {"status":"ok","msg":"内蒙古-鄂尔多斯","gid":"306916","time_insert":"2021-07-17 21:00"}
2023-11-30 00:19:29 查询号码 【1810477】，GSD为【"内蒙古-鄂尔多斯"】

2023-11-30 00:19:30 开始第 576 次操作

2023-11-30 00:19:30 开始操作号码 【1810478】
2023-11-30 00:19:34 GSD getOne 第 1 次 等待 3 秒
2023-11-30 00:19:37 查询号码 【1810478】，返回信息 {"status":"ok","msg":"内蒙古-巴彦淖尔","gid":"307193","time_insert":"2021-07-17 21:18"}
2023-11-30 00:19:37 查询号码 【1810478】，GSD为【"内蒙古-巴彦淖尔"】

2023-11-30 00:40:54 开始第 577 次操作

2023-11-30 00:40:54 开始操作号码 【1810479】
2023-11-30 00:40:57 GSD getOne 第 1 次 等待 3 秒
2023-11-30 00:41:00 查询号码 【1810479】，返回信息 {"status":"ok","msg":"内蒙古-锡林郭勒","gid":"307315","time_insert":"2021-07-17 21:35"}
2023-11-30 00:41:00 查询号码 【1810479】，GSD为【"内蒙古-锡林郭勒"】

2023-11-30 00:41:01 开始第 578 次操作

2023-11-30 00:41:01 开始操作号码 【1810480】
2023-11-30 00:41:05 GSD getOne 第 1 次 等待 3 秒
2023-11-30 00:41:08 查询号码 【1810480】，返回信息 {"status":"ok","msg":"内蒙古-兴安盟","gid":"307551","time_insert":"2021-07-17 21:51"}
2023-11-30 00:41:08 查询号码 【1810480】，GSD为【"内蒙古-兴安盟"】

2023-11-30 00:41:09 开始第 579 次操作

2023-11-30 00:41:09 开始操作号码 【1810481】
2023-11-30 00:41:13 GSD getOne 第 1 次 等待 3 秒
2023-11-30 00:41:16 查询号码 【1810481】，返回信息 {"status":"ok","msg":"内蒙古-鄂尔多斯","gid":"307731","time_insert":"2021-07-17 22:07"}
2023-11-30 00:41:16 查询号码 【1810481】，GSD为【"内蒙古-鄂尔多斯"】

2023-11-30 00:41:17 开始第 580 次操作

2023-11-30 00:41:17 开始操作号码 【1810482】
2023-11-30 00:41:29 GSD getOne 第 1 次 等待 3 秒
2023-11-30 00:41:32 查询号码 【1810482】，返回信息 {"status":"ok","msg":"内蒙古-兴安盟","gid":"307778","time_insert":"2021-07-17 22:26"}
2023-11-30 00:41:32 查询号码 【1810482】，GSD为【"内蒙古-兴安盟"】

