2024-08-01 00:19:14 开始第 9137 次操作

2024-08-01 00:19:14 开始操作号码 【1489038】
2024-08-01 00:19:24 GSD getOne 第 1 次 等待 3 秒
2024-08-01 00:19:27 查询号码 【1489038】，返回信息 {"status":"ok","msg":"湖南-长沙","gid":"361830","time_insert":"2021-07-23 03:24","time_update":"2023-05-25 21:10"}
2024-08-01 00:19:28 查询号码 【1489038】，GSD为【"湖南-长沙"】

2024-08-01 00:19:29 开始第 9138 次操作

2024-08-01 00:19:29 开始操作号码 【1489039】
2024-08-01 00:19:38 GSD getOne 第 1 次 等待 3 秒
2024-08-01 00:19:41 查询号码 【1489039】，返回信息 {"status":"ok","msg":"湖南-长沙","gid":"361840","time_insert":"2021-07-23 03:29","time_update":"2023-05-25 21:19"}
2024-08-01 00:19:41 查询号码 【1489039】，GSD为【"湖南-长沙"】

2024-08-01 00:19:42 开始第 9139 次操作

2024-08-01 00:19:42 开始操作号码 【1489040】
2024-08-01 00:19:51 GSD getOne 第 1 次 等待 3 秒
2024-08-01 00:19:54 查询号码 【1489040】，返回信息 {"status":"ok","msg":"山西-太原","gid":"361853","time_insert":"2021-07-23 03:34","time_update":"2023-05-25 21:19"}
2024-08-01 00:19:54 查询号码 【1489040】，GSD为【"山西-太原"】

2024-08-01 00:19:55 开始第 9140 次操作

2024-08-01 00:19:55 开始操作号码 【1489041】
2024-08-01 00:20:03 GSD getOne 第 1 次 等待 3 秒
2024-08-01 00:20:06 查询号码 【1489041】，返回信息 {"status":"ok","msg":"山西-太原","gid":"361884","time_insert":"2021-07-23 03:37","time_update":"2023-05-25 21:25"}
2024-08-01 00:20:06 查询号码 【1489041】，GSD为【"山西-太原"】

