2024-03-29 00:16:47 开始第 721 次操作

2024-03-29 00:16:47 开始操作号码 【1590624】
2024-03-29 00:16:52 GSD getOne 第 1 次 等待 3 秒
2024-03-29 00:16:55 查询号码 【1590624】，返回信息 {"status":"ok","msg":"江苏-苏州","gid":"107838","time_insert":"2021-06-20 08:05"}
2024-03-29 00:16:55 查询号码 【1590624】，GSD为【"江苏-苏州"】

2024-03-29 00:16:56 开始第 722 次操作

2024-03-29 00:16:56 开始操作号码 【1590625】
2024-03-29 00:17:01 GSD getOne 第 1 次 等待 3 秒
2024-03-29 00:17:04 查询号码 【1590625】，返回信息 {"status":"ok","msg":"江苏-苏州","gid":"107843","time_insert":"2021-06-20 08:09"}
2024-03-29 00:17:05 查询号码 【1590625】，GSD为【"江苏-苏州"】

2024-03-29 00:17:06 开始第 723 次操作

2024-03-29 00:17:06 开始操作号码 【1590626】
2024-03-29 00:17:10 GSD getOne 第 1 次 等待 3 秒
2024-03-29 00:17:13 查询号码 【1590626】，返回信息 {"status":"ok","msg":"江苏-苏州","gid":"107849","time_insert":"2021-06-20 08:12"}
2024-03-29 00:17:13 查询号码 【1590626】，GSD为【"江苏-苏州"】

2024-03-29 00:17:14 开始第 724 次操作

2024-03-29 00:17:14 开始操作号码 【1590627】
2024-03-29 00:17:15 GSD getOne 第 1 次 等待 3 秒
2024-03-29 00:17:22 GSD getOne 第 2 次 等待 3 秒
2024-03-29 00:17:25 查询号码 【1590627】，返回信息 {"status":"ok","msg":"江苏-南通","gid":"107872","time_insert":"2021-06-20 08:32"}
2024-03-29 00:17:25 查询号码 【1590627】，GSD为【"江苏-南通"】

