2024-01-03 00:16:54 开始第 6685 次操作

2024-01-03 00:16:54 开始操作号码 【1816587】
2024-01-03 00:16:57 GSD getOne 第 1 次 等待 3 秒
2024-01-03 00:17:00 查询号码 【1816587】，返回信息 {"status":"ok","msg":"广东-韶关","gid":"405850","time_insert":"2021-07-26 21:44"}
2024-01-03 00:17:00 查询号码 【1816587】，GSD为【"广东-韶关"】

2024-01-03 00:17:01 开始第 6686 次操作

2024-01-03 00:17:01 开始操作号码 【1816588】
2024-01-03 00:17:04 GSD getOne 第 1 次 等待 3 秒
2024-01-03 00:17:07 查询号码 【1816588】，返回信息 {"status":"ok","msg":"广东-云浮","gid":"405840","time_insert":"2021-07-26 21:43"}
2024-01-03 00:17:07 查询号码 【1816588】，GSD为【"广东-云浮"】

2024-01-03 00:17:08 开始第 6687 次操作

2024-01-03 00:17:08 开始操作号码 【1816589】
2024-01-03 00:17:12 GSD getOne 第 1 次 等待 3 秒
2024-01-03 00:17:15 查询号码 【1816589】，返回信息 {"status":"ok","msg":"广东-肇庆","gid":"405832","time_insert":"2021-07-26 21:43"}
2024-01-03 00:17:15 查询号码 【1816589】，GSD为【"广东-肇庆"】

2024-01-03 00:17:16 开始第 6688 次操作

2024-01-03 00:17:16 开始操作号码 【1816590】
2024-01-03 00:17:19 GSD getOne 第 1 次 等待 3 秒
2024-01-03 00:17:22 查询号码 【1816590】，返回信息 {"status":"ok","msg":"广东-汕头","gid":"405821","time_insert":"2021-07-26 21:42"}
2024-01-03 00:17:23 查询号码 【1816590】，GSD为【"广东-汕头"】

2024-01-03 00:38:28 开始第 6689 次操作

2024-01-03 00:38:28 开始操作号码 【1816591】
2024-01-03 00:38:31 GSD getOne 第 1 次 等待 3 秒
2024-01-03 00:38:34 查询号码 【1816591】，返回信息 {"status":"ok","msg":"广东-汕头","gid":"405810","time_insert":"2021-07-26 21:42"}
2024-01-03 00:38:34 查询号码 【1816591】，GSD为【"广东-汕头"】

2024-01-03 00:38:35 开始第 6690 次操作

2024-01-03 00:38:35 开始操作号码 【1816592】
2024-01-03 00:38:38 GSD getOne 第 1 次 等待 3 秒
2024-01-03 00:38:41 查询号码 【1816592】，返回信息 {"status":"ok","msg":"广东-汕头","gid":"405801","time_insert":"2021-07-26 21:41"}
2024-01-03 00:38:41 查询号码 【1816592】，GSD为【"广东-汕头"】

2024-01-03 00:38:42 开始第 6691 次操作

2024-01-03 00:38:42 开始操作号码 【1816593】
2024-01-03 00:38:45 GSD getOne 第 1 次 等待 3 秒
2024-01-03 00:38:48 查询号码 【1816593】，返回信息 {"status":"ok","msg":"广东-汕头","gid":"405794","time_insert":"2021-07-26 21:40"}
2024-01-03 00:38:48 查询号码 【1816593】，GSD为【"广东-汕头"】

2024-01-03 00:38:49 开始第 6692 次操作

2024-01-03 00:38:49 开始操作号码 【1816594】
2024-01-03 00:38:52 GSD getOne 第 1 次 等待 3 秒
2024-01-03 00:38:55 查询号码 【1816594】，返回信息 {"status":"ok","msg":"广东-汕头","gid":"405786","time_insert":"2021-07-26 21:40"}
2024-01-03 00:38:55 查询号码 【1816594】，GSD为【"广东-汕头"】

2024-01-03 01:12:51 开始第 6693 次操作

2024-01-03 01:12:51 开始操作号码 【1816595】
2024-01-03 01:12:55 GSD getOne 第 1 次 等待 3 秒
2024-01-03 01:12:58 查询号码 【1816595】，返回信息 {"status":"ok","msg":"广东-汕头","gid":"405779","time_insert":"2021-07-26 21:39"}
2024-01-03 01:12:58 查询号码 【1816595】，GSD为【"广东-汕头"】

2024-01-03 01:12:59 开始第 6694 次操作

2024-01-03 01:12:59 开始操作号码 【1816596】
2024-01-03 01:13:02 GSD getOne 第 1 次 等待 3 秒
2024-01-03 01:13:05 查询号码 【1816596】，返回信息 {"status":"ok","msg":"广东-汕头","gid":"405704","time_insert":"2021-07-26 21:26"}
2024-01-03 01:13:05 查询号码 【1816596】，GSD为【"广东-汕头"】

2024-01-03 01:13:06 开始第 6695 次操作

2024-01-03 01:13:06 开始操作号码 【1816597】
2024-01-03 01:13:09 GSD getOne 第 1 次 等待 3 秒
2024-01-03 01:13:12 查询号码 【1816597】，返回信息 {"status":"ok","msg":"广东-汕头","gid":"405699","time_insert":"2021-07-26 21:25"}
2024-01-03 01:13:12 查询号码 【1816597】，GSD为【"广东-汕头"】

2024-01-03 01:13:13 开始第 6696 次操作

2024-01-03 01:13:13 开始操作号码 【1816598】
2024-01-03 01:13:16 GSD getOne 第 1 次 等待 3 秒
2024-01-03 01:13:19 查询号码 【1816598】，返回信息 {"status":"ok","msg":"广东-汕头","gid":"405693","time_insert":"2021-07-26 21:25"}
2024-01-03 01:13:19 查询号码 【1816598】，GSD为【"广东-汕头"】

