2024-04-11 00:19:34 开始第 3061 次操作

2024-04-11 00:19:34 开始操作号码 【1592964】
2024-04-11 00:19:40 GSD getOne 第 1 次 等待 3 秒
2024-04-11 00:19:43 查询号码 【1592964】，返回信息 {"status":"ok","msg":"陕西-榆林","gid":"27163","time_insert":"2017-05-12 09:32","time_update":"2020-12-08 18:14"}
2024-04-11 00:19:43 查询号码 【1592964】，GSD为【"陕西-榆林"】

2024-04-11 00:19:44 开始第 3062 次操作

2024-04-11 00:19:44 开始操作号码 【1592965】
2024-04-11 00:19:50 GSD getOne 第 1 次 等待 3 秒
2024-04-11 00:19:53 查询号码 【1592965】，返回信息 {"status":"ok","msg":"陕西-商洛","gid":"122896","time_insert":"2021-06-24 15:03"}
2024-04-11 00:19:53 查询号码 【1592965】，GSD为【"陕西-商洛"】

2024-04-11 00:19:54 开始第 3063 次操作

2024-04-11 00:19:54 开始操作号码 【1592966】
2024-04-11 00:19:58 GSD getOne 第 1 次 等待 3 秒
2024-04-11 00:20:01 查询号码 【1592966】，返回信息 {"status":"ok","msg":"陕西-渭南","gid":"122901","time_insert":"2021-06-24 15:04"}
2024-04-11 00:20:01 查询号码 【1592966】，GSD为【"陕西-渭南"】

2024-04-11 00:20:02 开始第 3064 次操作

2024-04-11 00:20:02 开始操作号码 【1592967】
2024-04-11 00:20:09 GSD getOne 第 1 次 等待 3 秒
2024-04-11 00:20:12 查询号码 【1592967】，返回信息 {"status":"ok","msg":"陕西-渭南","gid":"122906","time_insert":"2021-06-24 15:05"}
2024-04-11 00:20:12 查询号码 【1592967】，GSD为【"陕西-渭南"】

2024-04-11 00:40:21 开始第 3065 次操作

2024-04-11 00:40:21 开始操作号码 【1592968】
2024-04-11 00:40:28 GSD getOne 第 1 次 等待 3 秒
2024-04-11 00:40:31 查询号码 【1592968】，返回信息 {"status":"ok","msg":"陕西-榆林","gid":"122911","time_insert":"2021-06-24 15:05"}
2024-04-11 00:40:31 查询号码 【1592968】，GSD为【"陕西-榆林"】

2024-04-11 00:40:32 开始第 3066 次操作

2024-04-11 00:40:32 开始操作号码 【1592969】
2024-04-11 00:40:36 GSD getOne 第 1 次 等待 3 秒
2024-04-11 00:40:39 查询号码 【1592969】，返回信息 {"status":"ok","msg":"陕西-铜川","gid":"122915","time_insert":"2021-06-24 15:06"}
2024-04-11 00:40:39 查询号码 【1592969】，GSD为【"陕西-铜川"】

2024-04-11 00:40:40 开始第 3067 次操作

2024-04-11 00:40:40 开始操作号码 【1592970】
2024-04-11 00:40:45 GSD getOne 第 1 次 等待 3 秒
2024-04-11 00:40:48 查询号码 【1592970】，返回信息 {"status":"ok","msg":"陕西-榆林","gid":"122919","time_insert":"2021-06-24 15:07"}
2024-04-11 00:40:48 查询号码 【1592970】，GSD为【"陕西-榆林"】

2024-04-11 00:40:49 开始第 3068 次操作

2024-04-11 00:40:49 开始操作号码 【1592971】
2024-04-11 00:40:54 GSD getOne 第 1 次 等待 3 秒
2024-04-11 00:40:57 查询号码 【1592971】，返回信息 {"status":"ok","msg":"陕西-渭南","gid":"122924","time_insert":"2021-06-24 15:08"}
2024-04-11 00:40:57 查询号码 【1592971】，GSD为【"陕西-渭南"】

