2024-07-01 00:18:48 开始第 3625 次操作

2024-07-01 00:18:48 开始操作号码 【1483526】
2024-07-01 00:19:01 GSD getOne 第 1 次 等待 3 秒
2024-07-01 00:19:04 查询号码 【1483526】，返回信息 {"status":"ok","msg":"广东-广州","gid":"197959","time_insert":"2021-07-05 13:30"}
2024-07-01 00:19:04 查询号码 【1483526】，GSD为【"广东-广州"】

2024-07-01 00:19:05 开始第 3626 次操作

2024-07-01 00:19:05 开始操作号码 【1483527】
2024-07-01 00:19:21 GSD getOne 第 1 次 等待 3 秒
2024-07-01 00:19:24 查询号码 【1483527】，返回信息 {"status":"ok","msg":"广东-广州","gid":"197971","time_insert":"2021-07-05 13:35"}
2024-07-01 00:19:24 查询号码 【1483527】，GSD为【"广东-广州"】

2024-07-01 00:19:25 开始第 3627 次操作

2024-07-01 00:19:25 开始操作号码 【1483528】
2024-07-01 00:19:38 GSD getOne 第 1 次 等待 3 秒
2024-07-01 00:19:41 查询号码 【1483528】，返回信息 {"status":"ok","msg":"广东-广州","gid":"198003","time_insert":"2021-07-05 13:39"}
2024-07-01 00:19:41 查询号码 【1483528】，GSD为【"广东-广州"】

2024-07-01 00:19:42 开始第 3628 次操作

2024-07-01 00:19:42 开始操作号码 【1483529】
2024-07-01 00:19:56 GSD getOne 第 1 次 等待 3 秒
2024-07-01 00:19:59 查询号码 【1483529】，返回信息 {"status":"ok","msg":"广东-广州","gid":"198038","time_insert":"2021-07-05 13:42"}
2024-07-01 00:19:59 查询号码 【1483529】，GSD为【"广东-广州"】

2024-07-01 00:39:49 开始第 3629 次操作

2024-07-01 00:39:49 开始操作号码 【1483530】
2024-07-01 00:40:04 GSD getOne 第 1 次 等待 3 秒
2024-07-01 00:40:07 查询号码 【1483530】，返回信息 {"status":"ok","msg":"广东-广州","gid":"198076","time_insert":"2021-07-05 13:47"}
2024-07-01 00:40:07 查询号码 【1483530】，GSD为【"广东-广州"】

2024-07-01 00:40:08 开始第 3630 次操作

2024-07-01 00:40:09 开始操作号码 【1483531】
2024-07-01 00:40:22 GSD getOne 第 1 次 等待 3 秒
2024-07-01 00:40:25 查询号码 【1483531】，返回信息 {"status":"ok","msg":"广东-广州","gid":"198117","time_insert":"2021-07-05 13:51"}
2024-07-01 00:40:25 查询号码 【1483531】，GSD为【"广东-广州"】

2024-07-01 00:40:26 开始第 3631 次操作

2024-07-01 00:40:26 开始操作号码 【1483532】
2024-07-01 00:40:42 GSD getOne 第 1 次 等待 3 秒
2024-07-01 00:40:45 查询号码 【1483532】，返回信息 {"status":"ok","msg":"广东-广州","gid":"198158","time_insert":"2021-07-05 13:54"}
2024-07-01 00:40:45 查询号码 【1483532】，GSD为【"广东-广州"】

2024-07-01 00:40:46 开始第 3632 次操作

2024-07-01 00:40:46 开始操作号码 【1483533】
2024-07-01 00:41:06 GSD getOne 第 1 次 等待 3 秒
2024-07-01 00:41:09 查询号码 【1483533】，返回信息 {"status":"ok","msg":"广东-广州","gid":"198196","time_insert":"2021-07-05 13:58"}
2024-07-01 00:41:09 查询号码 【1483533】，GSD为【"广东-广州"】

