2024-07-23 00:19:48 开始第 7529 次操作

2024-07-23 00:19:48 开始操作号码 【1487430】
2024-07-23 00:19:56 GSD getOne 第 1 次 等待 3 秒
2024-07-23 00:19:59 查询号码 【1487430】，返回信息 {"status":"ok","msg":"湖南-长沙","gid":"308363","time_insert":"2021-07-17 23:49","time_update":"2023-05-23 23:25"}
2024-07-23 00:19:59 查询号码 【1487430】，GSD为【"湖南-长沙"】

2024-07-23 00:20:00 开始第 7530 次操作

2024-07-23 00:20:00 开始操作号码 【1487431】
2024-07-23 00:20:08 GSD getOne 第 1 次 等待 3 秒
2024-07-23 00:20:11 查询号码 【1487431】，返回信息 {"status":"ok","msg":"湖南-长沙","gid":"308437","time_insert":"2021-07-17 23:54","time_update":"2023-05-23 23:46"}
2024-07-23 00:20:12 查询号码 【1487431】，GSD为【"湖南-长沙"】

2024-07-23 00:20:13 开始第 7531 次操作

2024-07-23 00:20:13 开始操作号码 【1487432】
2024-07-23 00:20:20 GSD getOne 第 1 次 等待 3 秒
2024-07-23 00:20:23 查询号码 【1487432】，返回信息 {"status":"ok","msg":"湖南-长沙","gid":"308505","time_insert":"2021-07-17 23:59","time_update":"2023-05-23 23:58"}
2024-07-23 00:20:23 查询号码 【1487432】，GSD为【"湖南-长沙"】

2024-07-23 00:20:24 开始第 7532 次操作

2024-07-23 00:20:24 开始操作号码 【1487433】
2024-07-23 00:20:32 GSD getOne 第 1 次 等待 3 秒
2024-07-23 00:20:35 查询号码 【1487433】，返回信息 {"status":"ok","msg":"湖南-长沙","gid":"308563","time_insert":"2021-07-18 00:04","time_update":"2023-05-24 00:15"}
2024-07-23 00:20:35 查询号码 【1487433】，GSD为【"湖南-长沙"】

