2024-02-09 00:17:05 开始第 2693 次操作

2024-02-09 00:17:05 开始操作号码 【1702595】
2024-02-09 00:17:09 GSD getOne 第 1 次 等待 3 秒
2024-02-09 00:17:12 查询号码 【1702595】，返回信息 {"status":"ok","msg":"福建-福州","gid":"130618","time_insert":"2021-06-26 06:08"}
2024-02-09 00:17:12 查询号码 【1702595】，GSD为【"福建-福州"】

2024-02-09 00:17:13 开始第 2694 次操作

2024-02-09 00:17:13 开始操作号码 【1702596】
2024-02-09 00:17:18 GSD getOne 第 1 次 等待 3 秒
2024-02-09 00:17:21 查询号码 【1702596】，返回信息 {"status":"ok","msg":"福建-福州","gid":"130674","time_insert":"2021-06-26 06:43"}
2024-02-09 00:17:21 查询号码 【1702596】，GSD为【"福建-福州"】

2024-02-09 00:17:22 开始第 2695 次操作

2024-02-09 00:17:22 开始操作号码 【1702597】
2024-02-09 00:17:27 GSD getOne 第 1 次 等待 3 秒
2024-02-09 00:17:30 查询号码 【1702597】，返回信息 {"status":"ok","msg":"福建-福州","gid":"130677","time_insert":"2021-06-26 06:43"}
2024-02-09 00:17:30 查询号码 【1702597】，GSD为【"福建-福州"】

2024-02-09 00:17:31 开始第 2696 次操作

2024-02-09 00:17:31 开始操作号码 【1702598】
2024-02-09 00:17:36 GSD getOne 第 1 次 等待 3 秒
2024-02-09 00:17:39 查询号码 【1702598】，返回信息 {"status":"ok","msg":"福建-福州","gid":"130683","time_insert":"2021-06-26 06:44"}
2024-02-09 00:17:39 查询号码 【1702598】，GSD为【"福建-福州"】

