2024-04-04 00:17:03 开始第 1805 次操作

2024-04-04 00:17:03 开始操作号码 【1591708】
2024-04-04 00:17:10 GSD getOne 第 1 次 等待 3 秒
2024-04-04 00:17:13 查询号码 【1591708】，返回信息 {"status":"ok","msg":"广东-阳江","gid":"117454","time_insert":"2021-06-23 10:42"}
2024-04-04 00:17:13 查询号码 【1591708】，GSD为【"广东-阳江"】

2024-04-04 00:17:14 开始第 1806 次操作

2024-04-04 00:17:14 开始操作号码 【1591709】
2024-04-04 00:17:19 GSD getOne 第 1 次 等待 3 秒
2024-04-04 00:17:22 查询号码 【1591709】，返回信息 {"status":"ok","msg":"广东-阳江","gid":"117456","time_insert":"2021-06-23 10:43"}
2024-04-04 00:17:22 查询号码 【1591709】，GSD为【"广东-阳江"】

2024-04-04 00:17:23 开始第 1807 次操作

2024-04-04 00:17:23 开始操作号码 【1591710】
2024-04-04 00:17:28 GSD getOne 第 1 次 等待 3 秒
2024-04-04 00:17:31 查询号码 【1591710】，返回信息 {"status":"ok","msg":"广东-茂名","gid":"117458","time_insert":"2021-06-23 10:44"}
2024-04-04 00:17:31 查询号码 【1591710】，GSD为【"广东-茂名"】

2024-04-04 00:17:32 开始第 1808 次操作

2024-04-04 00:17:32 开始操作号码 【1591711】
2024-04-04 00:17:39 GSD getOne 第 1 次 等待 3 秒
2024-04-04 00:17:42 查询号码 【1591711】，返回信息 {"status":"ok","msg":"广东-茂名","gid":"117470","time_insert":"2021-06-23 10:53"}
2024-04-04 00:17:42 查询号码 【1591711】，GSD为【"广东-茂名"】

