2024-01-14 00:17:11 开始第 8657 次操作

2024-01-14 00:17:11 开始操作号码 【1818559】
2024-01-14 00:17:17 GSD getOne 第 1 次 等待 3 秒
2024-01-14 00:17:20 查询号码 【1818559】，返回信息 {"status":"ok","msg":"贵州-黔东南","gid":"386128","time_insert":"2021-07-25 06:14"}
2024-01-14 00:17:20 查询号码 【1818559】，GSD为【"贵州-黔东南"】

2024-01-14 00:17:21 开始第 8658 次操作

2024-01-14 00:17:21 开始操作号码 【1818560】
2024-01-14 00:17:25 GSD getOne 第 1 次 等待 3 秒
2024-01-14 00:17:28 查询号码 【1818560】，返回信息 {"status":"ok","msg":"贵州-铜仁","gid":"386123","time_insert":"2021-07-25 06:13"}
2024-01-14 00:17:28 查询号码 【1818560】，GSD为【"贵州-铜仁"】

2024-01-14 00:17:29 开始第 8659 次操作

2024-01-14 00:17:29 开始操作号码 【1818561】
2024-01-14 00:18:09 GSD getOne 第 1 次 等待 3 秒
2024-01-14 00:18:12 查询号码 【1818561】，返回信息 {"status":"ok","msg":"贵州-铜仁","gid":"34286","time_insert":"2018-03-20 10:37","time_update":"2020-11-21 19:29"}
2024-01-14 00:18:12 查询号码 【1818561】，GSD为【"贵州-铜仁"】

2024-01-14 00:18:13 开始第 8660 次操作

2024-01-14 00:18:13 开始操作号码 【1818562】
2024-01-14 00:18:20 GSD getOne 第 1 次 等待 3 秒
2024-01-14 00:18:23 查询号码 【1818562】，返回信息 {"status":"ok","msg":"贵州-铜仁","gid":"51311","time_insert":"2021-04-22 09:35"}
2024-01-14 00:18:23 查询号码 【1818562】，GSD为【"贵州-铜仁"】

