2023-12-18 00:16:33 开始第 3809 次操作

2023-12-18 00:16:33 开始操作号码 【1813711】
2023-12-18 00:16:37 GSD getOne 第 1 次 等待 3 秒
2023-12-18 00:16:40 查询号码 【1813711】，返回信息 {"status":"ok","msg":"河南-郑州","gid":"55500","time_insert":"2020-08-10 07:22"}
2023-12-18 00:16:40 查询号码 【1813711】，GSD为【"河南-郑州"】

2023-12-18 00:16:41 开始第 3810 次操作

2023-12-18 00:16:41 开始操作号码 【1813712】
2023-12-18 00:16:44 GSD getOne 第 1 次 等待 3 秒
2023-12-18 00:16:47 查询号码 【1813712】，返回信息 {"status":"ok","msg":"河南-郑州","gid":"434917","time_insert":"2021-07-29 16:01"}
2023-12-18 00:16:48 查询号码 【1813712】，GSD为【"河南-郑州"】

2023-12-18 00:16:49 开始第 3811 次操作

2023-12-18 00:16:49 开始操作号码 【1813713】
2023-12-18 00:16:52 GSD getOne 第 1 次 等待 3 秒
2023-12-18 00:16:55 查询号码 【1813713】，返回信息 {"status":"ok","msg":"河南-郑州","gid":"434907","time_insert":"2021-07-29 16:00"}
2023-12-18 00:16:55 查询号码 【1813713】，GSD为【"河南-郑州"】

2023-12-18 00:16:56 开始第 3812 次操作

2023-12-18 00:16:56 开始操作号码 【1813714】
2023-12-18 00:17:02 GSD getOne 第 1 次 等待 3 秒
2023-12-18 00:17:05 查询号码 【1813714】，返回信息 {"status":"ok","msg":"河南-郑州","gid":"434895","time_insert":"2021-07-29 15:59"}
2023-12-18 00:17:05 查询号码 【1813714】，GSD为【"河南-郑州"】

