2021-07-29 00:01:57 开始第 15 次操作

2021-07-29 00:01:57 开始操作号码 【1847300】
2021-07-29 00:02:01 GSD getOne 第 1 次 等待 3 秒
2021-07-29 00:02:04 查询号码 【1847300】，返回信息 {"status":"bad","msg":""}
2021-07-29 00:02:04 查询号码 【1847300】，GSD为【""】
2021-07-29 00:02:04 bad
2021-07-29 00:02:07 CHB 1847300?1627488124 第 1 次 等待 3 秒
2021-07-29 00:02:10 CHB 1847300?1627488124 第 1 次 获取到号码【1847300】GSD
2021-07-29 00:02:10 获取到号码【1847300】的GSD为【湖南-岳阳】
2021-07-29 00:02:13 GSD insert 第 1 次 等待 3 秒
2021-07-29 00:02:16 {"status":"ok","gid":428349,"msg":"添加成功！"}
2021-07-29 00:02:16 下次操作: 2021-07-29 00:02:33

2021-07-29 00:02:33 开始第 16 次操作

2021-07-29 00:02:33 开始操作号码 【1847299】
2021-07-29 00:02:36 GSD getOne 第 1 次 等待 3 秒
2021-07-29 00:02:39 查询号码 【1847299】，返回信息 {"status":"bad","msg":""}
2021-07-29 00:02:39 查询号码 【1847299】，GSD为【""】
2021-07-29 00:02:39 bad
2021-07-29 00:02:42 CHB 1847299?1627488159 第 1 次 等待 3 秒
2021-07-29 00:02:45 CHB 1847299?1627488159 第 1 次 获取到号码【1847299】GSD
2021-07-29 00:02:45 获取到号码【1847299】的GSD为【湖南-长沙】
2021-07-29 00:02:48 GSD insert 第 1 次 等待 3 秒
2021-07-29 00:02:51 {"status":"ok","gid":428358,"msg":"添加成功！"}
2021-07-29 00:02:51 下次操作: 2021-07-29 00:03:05

2021-07-29 00:03:05 开始第 17 次操作

2021-07-29 00:03:05 开始操作号码 【1847298】
2021-07-29 00:03:15 GSD getOne 第 1 次 等待 3 秒
2021-07-29 00:03:18 查询号码 【1847298】，返回信息 {"status":"bad","msg":""}
2021-07-29 00:03:18 查询号码 【1847298】，GSD为【""】
2021-07-29 00:03:18 bad
2021-07-29 00:03:20 CHB 1847298?1627488198 第 1 次 等待 3 秒
2021-07-29 00:03:23 CHB 1847298?1627488198 第 1 次 获取到号码【1847298】GSD
2021-07-29 00:03:23 获取到号码【1847298】的GSD为【湖南-长沙】
2021-07-29 00:03:27 GSD insert 第 1 次 等待 3 秒
2021-07-29 00:03:30 {"status":"ok","gid":428363,"msg":"添加成功！"}
2021-07-29 00:03:30 下次操作: 2021-07-29 00:03:43

2021-07-29 00:03:43 开始第 18 次操作

2021-07-29 00:03:43 开始操作号码 【1847297】
2021-07-29 00:03:46 GSD getOne 第 1 次 等待 3 秒
2021-07-29 00:03:49 查询号码 【1847297】，返回信息 {"status":"bad","msg":""}
2021-07-29 00:03:49 查询号码 【1847297】，GSD为【""】
2021-07-29 00:03:49 bad
2021-07-29 00:03:51 CHB 1847297?1627488229 第 1 次 等待 3 秒
2021-07-29 00:03:54 CHB 1847297?1627488229 第 1 次 获取到号码【1847297】GSD
2021-07-29 00:03:55 获取到号码【1847297】的GSD为【湖南-长沙】
2021-07-29 00:04:02 GSD insert 第 1 次 等待 3 秒
2021-07-29 00:04:05 {"status":"ok","gid":428370,"msg":"添加成功！"}
2021-07-29 00:04:05 下次操作: 2021-07-29 00:04:21

2021-07-29 00:04:21 开始第 19 次操作

2021-07-29 00:04:21 开始操作号码 【1847296】
2021-07-29 00:04:24 GSD getOne 第 1 次 等待 3 秒
2021-07-29 00:04:27 查询号码 【1847296】，返回信息 {"status":"bad","msg":""}
2021-07-29 00:04:27 查询号码 【1847296】，GSD为【""】
2021-07-29 00:04:27 bad
2021-07-29 00:04:28 CHB 1847296?1627488267 第 1 次 等待 3 秒
2021-07-29 00:04:31 CHB 1847296?1627488267 第 1 次 获取到号码【1847296】GSD
2021-07-29 00:04:32 获取到号码【1847296】的GSD为【湖南-长沙】
2021-07-29 00:04:35 GSD insert 第 1 次 等待 3 秒
2021-07-29 00:04:38 {"status":"ok","gid":428376,"msg":"添加成功！"}
2021-07-29 00:04:38 下次操作: 2021-07-29 00:04:50

2021-07-29 00:04:50 开始第 20 次操作

2021-07-29 00:04:50 开始操作号码 【1847295】
2021-07-29 00:04:54 GSD getOne 第 1 次 等待 3 秒
2021-07-29 00:04:57 查询号码 【1847295】，返回信息 {"status":"bad","msg":""}
2021-07-29 00:04:57 查询号码 【1847295】，GSD为【""】
2021-07-29 00:04:57 bad
2021-07-29 00:05:19 CHB 1847295?1627488297 第 1 次 等待 3 秒
2021-07-29 00:05:22 CHB 1847295?1627488297 第 1 次 获取到号码【1847295】GSD
2021-07-29 00:05:22 获取到号码【1847295】的GSD为【湖南-长沙】
2021-07-29 00:05:29 GSD insert 第 1 次 等待 3 秒
2021-07-29 00:05:32 {"status":"ok","gid":428386,"msg":"添加成功！"}
2021-07-29 00:05:32 下次操作: 2021-07-29 00:05:53

2021-07-29 00:05:53 开始第 21 次操作

2021-07-29 00:05:53 开始操作号码 【1847294】
2021-07-29 00:06:03 GSD getOne 第 1 次 等待 3 秒
2021-07-29 00:06:06 查询号码 【1847294】，返回信息 {"status":"bad","msg":""}
2021-07-29 00:06:06 查询号码 【1847294】，GSD为【""】
2021-07-29 00:06:06 bad
2021-07-29 00:06:08 CHB 1847294?1627488366 第 1 次 等待 3 秒
2021-07-29 00:06:11 CHB 1847294?1627488366 第 1 次 获取到号码【1847294】GSD
2021-07-29 00:06:11 获取到号码【1847294】的GSD为【湖南-长沙】
2021-07-29 00:06:17 GSD insert 第 1 次 等待 3 秒
2021-07-29 00:06:20 {"status":"ok","gid":428394,"msg":"添加成功！"}
2021-07-29 00:06:20 下次操作: 2021-07-29 00:06:36

2021-07-29 00:06:36 开始第 22 次操作

2021-07-29 00:06:36 开始操作号码 【1847293】
2021-07-29 00:06:50 GSD getOne 第 1 次 等待 3 秒
2021-07-29 00:06:53 查询号码 【1847293】，返回信息 {"status":"bad","msg":""}
2021-07-29 00:06:53 查询号码 【1847293】，GSD为【""】
2021-07-29 00:06:53 bad
2021-07-29 00:06:54 CHB 1847293?1627488413 第 1 次 等待 3 秒
2021-07-29 00:06:57 CHB 1847293?1627488413 第 1 次 获取到号码【1847293】GSD
2021-07-29 00:06:57 获取到号码【1847293】的GSD为【湖南-长沙】
2021-07-29 00:07:02 GSD insert 第 1 次 等待 3 秒
2021-07-29 00:07:05 {"status":"ok","gid":428402,"msg":"添加成功！"}
2021-07-29 00:07:05 下次操作: 2021-07-29 00:07:24

2021-07-29 00:07:24 开始第 23 次操作

2021-07-29 00:07:24 开始操作号码 【1847292】
2021-07-29 00:07:33 GSD getOne 第 1 次 等待 3 秒
2021-07-29 00:07:36 查询号码 【1847292】，返回信息 {"status":"bad","msg":""}
2021-07-29 00:07:36 查询号码 【1847292】，GSD为【""】
2021-07-29 00:07:36 bad
2021-07-29 00:07:37 CHB 1847292?1627488456 第 1 次 等待 3 秒
2021-07-29 00:07:40 CHB 1847292?1627488456 第 1 次 获取到号码【1847292】GSD
2021-07-29 00:07:40 获取到号码【1847292】的GSD为【湖南-长沙】
2021-07-29 00:07:43 GSD insert 第 1 次 等待 3 秒
2021-07-29 00:07:46 {"status":"ok","gid":428412,"msg":"添加成功！"}
2021-07-29 00:07:46 下次操作: 2021-07-29 00:08:03

2021-07-29 00:08:03 开始第 24 次操作

2021-07-29 00:08:03 开始操作号码 【1847291】
2021-07-29 00:08:08 GSD getOne 第 1 次 等待 3 秒
2021-07-29 00:08:11 查询号码 【1847291】，返回信息 {"status":"bad","msg":""}
2021-07-29 00:08:11 查询号码 【1847291】，GSD为【""】
2021-07-29 00:08:11 bad
2021-07-29 00:08:12 CHB 1847291?1627488491 第 1 次 等待 3 秒
2021-07-29 00:08:15 CHB 1847291?1627488491 第 1 次 获取到号码【1847291】GSD
2021-07-29 00:08:15 获取到号码【1847291】的GSD为【湖南-长沙】
2021-07-29 00:08:27 GSD insert 第 1 次 等待 3 秒
2021-07-29 00:08:30 {"status":"ok","gid":428422,"msg":"添加成功！"}
2021-07-29 00:08:30 下次操作: 2021-07-29 00:08:53

2021-07-29 00:08:53 开始第 25 次操作

2021-07-29 00:08:53 开始操作号码 【1847290】
2021-07-29 00:08:56 GSD getOne 第 1 次 等待 3 秒
2021-07-29 00:08:59 查询号码 【1847290】，返回信息 {"status":"bad","msg":""}
2021-07-29 00:09:00 查询号码 【1847290】，GSD为【""】
2021-07-29 00:09:00 bad
2021-07-29 00:09:01 CHB 1847290?1627488540 第 1 次 等待 3 秒
2021-07-29 00:09:04 CHB 1847290?1627488540 第 1 次 获取到号码【1847290】GSD
2021-07-29 00:09:04 获取到号码【1847290】的GSD为【湖南-长沙】
2021-07-29 00:09:12 GSD insert 第 1 次 等待 3 秒
2021-07-29 00:09:15 {"status":"ok","gid":428432,"msg":"添加成功！"}
2021-07-29 00:09:15 下次操作: 2021-07-29 00:09:32

2021-07-29 00:09:32 开始第 26 次操作

2021-07-29 00:09:32 开始操作号码 【1847289】
2021-07-29 00:09:43 GSD getOne 第 1 次 等待 3 秒
2021-07-29 00:09:46 查询号码 【1847289】，返回信息 {"status":"bad","msg":""}
2021-07-29 00:09:46 查询号码 【1847289】，GSD为【""】
2021-07-29 00:09:46 bad
2021-07-29 00:09:48 CHB 1847289?1627488586 第 1 次 等待 3 秒
2021-07-29 00:09:51 CHB 1847289?1627488586 第 1 次 获取到号码【1847289】GSD
2021-07-29 00:09:51 获取到号码【1847289】的GSD为【湖南-长沙】
2021-07-29 00:09:54 GSD insert 第 1 次 等待 3 秒
2021-07-29 00:09:57 {"status":"ok","gid":428439,"msg":"添加成功！"}
2021-07-29 00:09:57 下次操作: 2021-07-29 00:10:21

2021-07-29 00:10:21 开始第 27 次操作

2021-07-29 00:10:21 开始操作号码 【1847288】
2021-07-29 00:10:24 GSD getOne 第 1 次 等待 3 秒
2021-07-29 00:10:27 查询号码 【1847288】，返回信息 {"status":"bad","msg":""}
2021-07-29 00:10:27 查询号码 【1847288】，GSD为【""】
2021-07-29 00:10:27 bad
2021-07-29 00:10:29 CHB 1847288?1627488627 第 1 次 等待 3 秒
2021-07-29 00:10:32 CHB 1847288?1627488627 第 1 次 获取到号码【1847288】GSD
2021-07-29 00:10:32 获取到号码【1847288】的GSD为【湖南-长沙】
2021-07-29 00:10:36 GSD insert 第 1 次 等待 3 秒
2021-07-29 00:10:39 {"status":"ok","gid":428449,"msg":"添加成功！"}
2021-07-29 00:10:39 下次操作: 2021-07-29 00:10:51

2021-07-29 00:10:51 开始第 28 次操作

2021-07-29 00:10:51 开始操作号码 【1847287】
2021-07-29 00:10:57 GSD getOne 第 1 次 等待 3 秒
2021-07-29 00:11:00 查询号码 【1847287】，返回信息 {"status":"bad","msg":""}
2021-07-29 00:11:00 查询号码 【1847287】，GSD为【""】
2021-07-29 00:11:00 bad
2021-07-29 00:11:01 CHB 1847287?1627488660 第 1 次 等待 3 秒
2021-07-29 00:11:04 CHB 1847287?1627488660 第 1 次 获取到号码【1847287】GSD
2021-07-29 00:11:05 获取到号码【1847287】的GSD为【湖南-长沙】
2021-07-29 00:11:08 GSD insert 第 1 次 等待 3 秒
2021-07-29 00:11:11 {"status":"ok","gid":428455,"msg":"添加成功！"}
2021-07-29 00:11:11 下次操作: 2021-07-29 00:11:34

2021-07-29 00:11:34 开始第 29 次操作

2021-07-29 00:11:34 开始操作号码 【1847286】
2021-07-29 00:11:40 GSD getOne 第 1 次 等待 3 秒
2021-07-29 00:11:43 查询号码 【1847286】，返回信息 {"status":"bad","msg":""}
2021-07-29 00:11:43 查询号码 【1847286】，GSD为【""】
2021-07-29 00:11:43 bad
2021-07-29 00:11:44 CHB 1847286?1627488703 第 1 次 等待 3 秒
2021-07-29 00:11:47 CHB 1847286?1627488703 第 1 次 获取到号码【1847286】GSD
2021-07-29 00:11:47 获取到号码【1847286】的GSD为【湖南-长沙】
2021-07-29 00:11:50 GSD insert 第 1 次 等待 3 秒
2021-07-29 00:11:53 {"status":"ok","gid":428461,"msg":"添加成功！"}
2021-07-29 00:11:53 下次操作: 2021-07-29 00:12:07

2021-07-29 00:12:07 开始第 30 次操作

2021-07-29 00:12:07 开始操作号码 【1847285】
2021-07-29 00:12:12 GSD getOne 第 1 次 等待 3 秒
2021-07-29 00:12:15 查询号码 【1847285】，返回信息 {"status":"bad","msg":""}
2021-07-29 00:12:15 查询号码 【1847285】，GSD为【""】
2021-07-29 00:12:15 bad
2021-07-29 00:12:16 CHB 1847285?1627488735 第 1 次 等待 3 秒
2021-07-29 00:12:19 CHB 1847285?1627488735 第 1 次 获取到号码【1847285】GSD
2021-07-29 00:12:19 获取到号码【1847285】的GSD为【湖南-长沙】
2021-07-29 00:12:28 GSD insert 第 1 次 等待 3 秒
2021-07-29 00:12:31 {"status":"ok","gid":428469,"msg":"添加成功！"}
2021-07-29 00:12:31 下次操作: 2021-07-29 00:12:47

2021-07-29 00:12:47 开始第 31 次操作

2021-07-29 00:12:47 开始操作号码 【1847284】
2021-07-29 00:12:53 GSD getOne 第 1 次 等待 3 秒
2021-07-29 00:12:56 查询号码 【1847284】，返回信息 {"status":"bad","msg":""}
2021-07-29 00:12:56 查询号码 【1847284】，GSD为【""】
2021-07-29 00:12:56 bad
2021-07-29 00:12:58 CHB 1847284?1627488776 第 1 次 等待 3 秒
2021-07-29 00:13:01 CHB 1847284?1627488776 第 1 次 获取到号码【1847284】GSD
2021-07-29 00:13:01 获取到号码【1847284】的GSD为【湖南-长沙】
2021-07-29 00:13:07 GSD insert 第 1 次 等待 3 秒
2021-07-29 00:13:10 {"status":"ok","gid":428476,"msg":"添加成功！"}
2021-07-29 00:13:10 下次操作: 2021-07-29 00:13:28

2021-07-29 00:13:28 开始第 32 次操作

2021-07-29 00:13:28 开始操作号码 【1847283】
2021-07-29 00:13:32 GSD getOne 第 1 次 等待 3 秒
2021-07-29 00:13:35 查询号码 【1847283】，返回信息 {"status":"bad","msg":""}
2021-07-29 00:13:35 查询号码 【1847283】，GSD为【""】
2021-07-29 00:13:35 bad
2021-07-29 00:13:37 CHB 1847283?1627488815 第 1 次 等待 3 秒
2021-07-29 00:13:40 CHB 1847283?1627488815 第 1 次 获取到号码【1847283】GSD
2021-07-29 00:13:40 获取到号码【1847283】的GSD为【湖南-长沙】
2021-07-29 00:13:42 GSD insert 第 1 次 等待 3 秒
2021-07-29 00:13:45 {"status":"ok","gid":428482,"msg":"添加成功！"}
2021-07-29 00:13:45 下次操作: 2021-07-29 00:14:04

2021-07-29 00:14:04 开始第 33 次操作

2021-07-29 00:14:04 开始操作号码 【1847282】
2021-07-29 00:14:07 GSD getOne 第 1 次 等待 3 秒
2021-07-29 00:14:10 查询号码 【1847282】，返回信息 {"status":"bad","msg":""}
2021-07-29 00:14:10 查询号码 【1847282】，GSD为【""】
2021-07-29 00:14:10 bad
2021-07-29 00:14:12 CHB 1847282?1627488850 第 1 次 等待 3 秒
2021-07-29 00:14:15 CHB 1847282?1627488850 第 1 次 获取到号码【1847282】GSD
2021-07-29 00:14:15 获取到号码【1847282】的GSD为【湖南-长沙】
2021-07-29 00:14:21 GSD insert 第 1 次 等待 3 秒
2021-07-29 00:14:24 {"status":"ok","gid":428489,"msg":"添加成功！"}
2021-07-29 00:14:24 下次操作: 2021-07-29 00:14:39

2021-07-29 00:14:39 开始第 34 次操作

2021-07-29 00:14:39 开始操作号码 【1847281】
2021-07-29 00:14:42 GSD getOne 第 1 次 等待 3 秒
2021-07-29 00:14:45 查询号码 【1847281】，返回信息 {"status":"bad","msg":""}
2021-07-29 00:14:45 查询号码 【1847281】，GSD为【""】
2021-07-29 00:14:45 bad
2021-07-29 00:14:47 CHB 1847281?1627488885 第 1 次 等待 3 秒
2021-07-29 00:14:50 CHB 1847281?1627488885 第 1 次 获取到号码【1847281】GSD
2021-07-29 00:14:50 获取到号码【1847281】的GSD为【湖南-长沙】
2021-07-29 00:14:54 GSD insert 第 1 次 等待 3 秒
2021-07-29 00:14:57 {"status":"ok","gid":428495,"msg":"添加成功！"}
2021-07-29 00:14:57 下次操作: 2021-07-29 00:15:15

2021-07-29 00:15:15 开始第 35 次操作

2021-07-29 00:15:15 开始操作号码 【1847280】
2021-07-29 00:15:17 GSD getOne 第 1 次 等待 3 秒
2021-07-29 00:15:20 查询号码 【1847280】，返回信息 {"status":"bad","msg":""}
2021-07-29 00:15:21 查询号码 【1847280】，GSD为【""】
2021-07-29 00:15:21 bad
2021-07-29 00:15:22 CHB 1847280?1627488921 第 1 次 等待 3 秒
2021-07-29 00:15:25 CHB 1847280?1627488921 第 1 次 获取到号码【1847280】GSD
2021-07-29 00:15:25 获取到号码【1847280】的GSD为【湖南-长沙】
2021-07-29 00:15:29 GSD insert 第 1 次 等待 3 秒
2021-07-29 00:15:33 {"status":"ok","gid":428504,"msg":"添加成功！"}
2021-07-29 00:15:33 下次操作: 2021-07-29 00:15:47

2021-07-29 00:15:47 开始第 36 次操作

2021-07-29 00:15:47 开始操作号码 【1847279】
2021-07-29 00:15:49 GSD getOne 第 1 次 等待 3 秒
2021-07-29 00:15:52 查询号码 【1847279】，返回信息 {"status":"bad","msg":""}
2021-07-29 00:15:52 查询号码 【1847279】，GSD为【""】
2021-07-29 00:15:52 bad
2021-07-29 00:15:54 CHB 1847279?1627488952 第 1 次 等待 3 秒
2021-07-29 00:15:57 CHB 1847279?1627488952 第 1 次 获取到号码【1847279】GSD
2021-07-29 00:15:57 获取到号码【1847279】的GSD为【湖南-永州】
2021-07-29 00:16:01 GSD insert 第 1 次 等待 3 秒
2021-07-29 00:16:04 {"status":"ok","gid":428509,"msg":"添加成功！"}
2021-07-29 00:16:04 下次操作: 2021-07-29 00:16:24

2021-07-29 00:16:24 开始第 37 次操作

2021-07-29 00:16:24 开始操作号码 【1847278】
2021-07-29 00:16:27 GSD getOne 第 1 次 等待 3 秒
2021-07-29 00:16:30 查询号码 【1847278】，返回信息 {"status":"bad","msg":""}
2021-07-29 00:16:30 查询号码 【1847278】，GSD为【""】
2021-07-29 00:16:30 bad
2021-07-29 00:16:32 CHB 1847278?1627488990 第 1 次 等待 3 秒
2021-07-29 00:16:35 CHB 1847278?1627488990 第 1 次 获取到号码【1847278】GSD
2021-07-29 00:16:35 获取到号码【1847278】的GSD为【湖南-怀化】
2021-07-29 00:16:37 GSD insert 第 1 次 等待 3 秒
2021-07-29 00:16:40 {"status":"ok","gid":428515,"msg":"添加成功！"}
2021-07-29 00:16:40 下次操作: 2021-07-29 00:16:52

2021-07-29 00:16:52 开始第 38 次操作

2021-07-29 00:16:52 开始操作号码 【1847277】
2021-07-29 00:16:55 GSD getOne 第 1 次 等待 3 秒
2021-07-29 00:16:58 查询号码 【1847277】，返回信息 {"status":"bad","msg":""}
2021-07-29 00:16:58 查询号码 【1847277】，GSD为【""】
2021-07-29 00:16:58 bad
2021-07-29 00:17:04 CHB 1847277?1627489018 第 1 次 等待 3 秒
2021-07-29 00:17:07 CHB 1847277?1627489018 第 1 次 获取到号码【1847277】GSD
2021-07-29 00:17:07 获取到号码【1847277】的GSD为【湖南-张家界】
2021-07-29 00:17:10 GSD insert 第 1 次 等待 3 秒
2021-07-29 00:17:13 {"status":"ok","gid":428523,"msg":"添加成功！"}
2021-07-29 00:17:13 下次操作: 2021-07-29 00:17:30

2021-07-29 00:17:30 开始第 39 次操作

2021-07-29 00:17:30 开始操作号码 【1847276】
2021-07-29 00:17:32 GSD getOne 第 1 次 等待 3 秒
2021-07-29 00:17:35 查询号码 【1847276】，返回信息 {"status":"bad","msg":""}
2021-07-29 00:17:36 查询号码 【1847276】，GSD为【""】
2021-07-29 00:17:36 bad
2021-07-29 00:17:37 CHB 1847276?1627489056 第 1 次 等待 3 秒
2021-07-29 00:17:40 CHB 1847276?1627489056 第 1 次 获取到号码【1847276】GSD
2021-07-29 00:17:40 获取到号码【1847276】的GSD为【湖南-吉首】
2021-07-29 00:17:43 GSD insert 第 1 次 等待 3 秒
2021-07-29 00:17:46 {"status":"ok","gid":428529,"msg":"添加成功！"}
2021-07-29 00:17:46 下次操作: 2021-07-29 00:18:03

2021-07-29 00:18:03 开始第 40 次操作

2021-07-29 00:18:03 开始操作号码 【1847275】
2021-07-29 00:18:09 GSD getOne 第 1 次 等待 3 秒
2021-07-29 00:18:12 查询号码 【1847275】，返回信息 {"status":"bad","msg":""}
2021-07-29 00:18:12 查询号码 【1847275】，GSD为【""】
2021-07-29 00:18:12 bad
2021-07-29 00:18:14 CHB 1847275?1627489092 第 1 次 等待 3 秒
2021-07-29 00:18:17 CHB 1847275?1627489092 第 1 次 获取到号码【1847275】GSD
2021-07-29 00:18:17 获取到号码【1847275】的GSD为【湖南-邵阳】
2021-07-29 00:18:24 GSD insert 第 1 次 等待 3 秒
2021-07-29 00:18:27 {"status":"ok","gid":428536,"msg":"添加成功！"}

