2023-11-04 00:18:22 开始第 6801 次操作

2023-11-04 00:18:22 开始操作号码 【1916703】
2023-11-04 00:18:26 GSD getOne 第 1 次 等待 3 秒
2023-11-04 00:18:29 查询号码 【1916703】，返回信息 {"status":"ok","msg":"广西-柳州","gid":"469932","time_insert":"2021-08-01 17:49"}
2023-11-04 00:18:29 查询号码 【1916703】，GSD为【"广西-柳州"】

2023-11-04 00:18:30 开始第 6802 次操作

2023-11-04 00:18:30 开始操作号码 【1916704】
2023-11-04 00:18:33 GSD getOne 第 1 次 等待 3 秒
2023-11-04 00:18:36 查询号码 【1916704】，返回信息 {"status":"ok","msg":"广西-柳州","gid":"469917","time_insert":"2021-08-01 17:48"}
2023-11-04 00:18:37 查询号码 【1916704】，GSD为【"广西-柳州"】

2023-11-04 00:18:38 开始第 6803 次操作

2023-11-04 00:18:38 开始操作号码 【1916705】
2023-11-04 00:18:40 GSD getOne 第 1 次 等待 3 秒
2023-11-04 00:18:43 查询号码 【1916705】，返回信息 {"status":"ok","msg":"广西-柳州","gid":"469901","time_insert":"2021-08-01 17:47"}
2023-11-04 00:18:43 查询号码 【1916705】，GSD为【"广西-柳州"】

2023-11-04 00:18:44 开始第 6804 次操作

2023-11-04 00:18:44 开始操作号码 【1916706】
2023-11-04 00:18:47 GSD getOne 第 1 次 等待 3 秒
2023-11-04 00:18:50 查询号码 【1916706】，返回信息 {"status":"ok","msg":"广西-柳州","gid":"469890","time_insert":"2021-08-01 17:46"}
2023-11-04 00:18:50 查询号码 【1916706】，GSD为【"广西-柳州"】

2023-11-04 00:38:45 开始第 6805 次操作

2023-11-04 00:38:45 开始操作号码 【1916707】
2023-11-04 00:38:50 GSD getOne 第 1 次 等待 3 秒
2023-11-04 00:38:53 查询号码 【1916707】，返回信息 {"status":"ok","msg":"广西-柳州","gid":"469874","time_insert":"2021-08-01 17:45"}
2023-11-04 00:38:53 查询号码 【1916707】，GSD为【"广西-柳州"】

2023-11-04 00:38:54 开始第 6806 次操作

2023-11-04 00:38:54 开始操作号码 【1916708】
2023-11-04 00:38:57 GSD getOne 第 1 次 等待 3 秒
2023-11-04 00:39:00 查询号码 【1916708】，返回信息 {"status":"ok","msg":"广西-柳州","gid":"469859","time_insert":"2021-08-01 17:44"}
2023-11-04 00:39:00 查询号码 【1916708】，GSD为【"广西-柳州"】

2023-11-04 00:39:01 开始第 6807 次操作

2023-11-04 00:39:01 开始操作号码 【1916709】
2023-11-04 00:39:05 GSD getOne 第 1 次 等待 3 秒
2023-11-04 00:39:08 查询号码 【1916709】，返回信息 {"status":"ok","msg":"广西-柳州","gid":"469847","time_insert":"2021-08-01 17:43"}
2023-11-04 00:39:08 查询号码 【1916709】，GSD为【"广西-柳州"】

2023-11-04 00:39:09 开始第 6808 次操作

2023-11-04 00:39:09 开始操作号码 【1916710】
2023-11-04 00:39:13 GSD getOne 第 1 次 等待 3 秒
2023-11-04 00:39:16 查询号码 【1916710】，返回信息 {"status":"ok","msg":"广西-柳州","gid":"469695","time_insert":"2021-08-01 17:08"}
2023-11-04 00:39:16 查询号码 【1916710】，GSD为【"广西-柳州"】

2023-11-04 01:12:07 开始第 6809 次操作

2023-11-04 01:12:07 开始操作号码 【1916711】
2023-11-04 01:12:10 GSD getOne 第 1 次 等待 3 秒
2023-11-04 01:12:13 查询号码 【1916711】，返回信息 {"status":"ok","msg":"广西-柳州","gid":"469688","time_insert":"2021-08-01 17:08"}
2023-11-04 01:12:13 查询号码 【1916711】，GSD为【"广西-柳州"】

2023-11-04 01:12:14 开始第 6810 次操作

2023-11-04 01:12:14 开始操作号码 【1916712】
2023-11-04 01:12:20 GSD getOne 第 1 次 等待 3 秒
2023-11-04 01:12:23 查询号码 【1916712】，返回信息 {"status":"ok","msg":"广西-柳州","gid":"469683","time_insert":"2021-08-01 17:07"}
2023-11-04 01:12:23 查询号码 【1916712】，GSD为【"广西-柳州"】

2023-11-04 01:12:24 开始第 6811 次操作

2023-11-04 01:12:24 开始操作号码 【1916713】
2023-11-04 01:12:36 GSD getOne 第 1 次 等待 3 秒
2023-11-04 01:12:39 查询号码 【1916713】，返回信息 {"status":"ok","msg":"广西-柳州","gid":"469677","time_insert":"2021-08-01 17:06"}
2023-11-04 01:12:39 查询号码 【1916713】，GSD为【"广西-柳州"】

2023-11-04 01:12:41 开始第 6812 次操作

2023-11-04 01:12:41 开始操作号码 【1916714】
2023-11-04 01:12:44 GSD getOne 第 1 次 等待 3 秒
2023-11-04 01:12:47 查询号码 【1916714】，返回信息 {"status":"ok","msg":"广西-柳州","gid":"469669","time_insert":"2021-08-01 17:06"}
2023-11-04 01:12:47 查询号码 【1916714】，GSD为【"广西-柳州"】

