2023-11-07 00:18:35 开始第 7341 次操作

2023-11-07 00:18:35 开始操作号码 【1917243】
2023-11-07 00:18:39 GSD getOne 第 1 次 等待 3 秒
2023-11-07 00:18:42 查询号码 【1917243】，返回信息 {"status":"ok","msg":"湖北-恩施","gid":"463125","time_insert":"2021-08-01 03:11"}
2023-11-07 00:18:42 查询号码 【1917243】，GSD为【"湖北-恩施"】

2023-11-07 00:18:43 开始第 7342 次操作

2023-11-07 00:18:43 开始操作号码 【1917244】
2023-11-07 00:18:47 GSD getOne 第 1 次 等待 3 秒
2023-11-07 00:18:50 查询号码 【1917244】，返回信息 {"status":"ok","msg":"湖北-恩施","gid":"463115","time_insert":"2021-08-01 03:10"}
2023-11-07 00:18:50 查询号码 【1917244】，GSD为【"湖北-恩施"】

2023-11-07 00:18:51 开始第 7343 次操作

2023-11-07 00:18:51 开始操作号码 【1917245】
2023-11-07 00:18:58 GSD getOne 第 1 次 等待 3 秒
2023-11-07 00:19:01 查询号码 【1917245】，返回信息 {"status":"ok","msg":"湖北-襄阳","gid":"463107","time_insert":"2021-08-01 03:09"}
2023-11-07 00:19:02 查询号码 【1917245】，GSD为【"湖北-襄阳"】

2023-11-07 00:19:03 开始第 7344 次操作

2023-11-07 00:19:03 开始操作号码 【1917246】
2023-11-07 00:19:07 GSD getOne 第 1 次 等待 3 秒
2023-11-07 00:19:10 查询号码 【1917246】，返回信息 {"status":"ok","msg":"湖北-荆州","gid":"463097","time_insert":"2021-08-01 03:08"}
2023-11-07 00:19:10 查询号码 【1917246】，GSD为【"湖北-荆州"】

