2024-02-15 00:17:20 开始第 3781 次操作

2024-02-15 00:17:20 开始操作号码 【1703683】
2024-02-15 00:17:25 GSD getOne 第 1 次 等待 3 秒
2024-02-15 00:17:28 查询号码 【1703683】，返回信息 {"status":"ok","msg":"黑龙江-齐齐哈尔","gid":"140690","time_insert":"2021-06-27 17:47","time_update":"2021-06-30 18:32"}
2024-02-15 00:17:28 查询号码 【1703683】，GSD为【"黑龙江-齐齐哈尔"】

2024-02-15 00:17:29 开始第 3782 次操作

2024-02-15 00:17:29 开始操作号码 【1703684】
2024-02-15 00:17:33 GSD getOne 第 1 次 等待 3 秒
2024-02-15 00:17:36 查询号码 【1703684】，返回信息 {"status":"ok","msg":"黑龙江-齐齐哈尔","gid":"140702","time_insert":"2021-06-27 17:48","time_update":"2021-06-30 17:52"}
2024-02-15 00:17:36 查询号码 【1703684】，GSD为【"黑龙江-齐齐哈尔"】

2024-02-15 00:17:37 开始第 3783 次操作

2024-02-15 00:17:37 开始操作号码 【1703685】
2024-02-15 00:17:45 GSD getOne 第 1 次 等待 3 秒
2024-02-15 00:17:48 查询号码 【1703685】，返回信息 {"status":"ok","msg":"黑龙江-齐齐哈尔","gid":"140712","time_insert":"2021-06-27 17:49","time_update":"2021-06-30 17:53"}
2024-02-15 00:17:48 查询号码 【1703685】，GSD为【"黑龙江-齐齐哈尔"】

2024-02-15 00:17:49 开始第 3784 次操作

2024-02-15 00:17:49 开始操作号码 【1703686】
2024-02-15 00:17:54 GSD getOne 第 1 次 等待 3 秒
2024-02-15 00:17:57 查询号码 【1703686】，返回信息 {"status":"ok","msg":"黑龙江-牡丹江","gid":"140722","time_insert":"2021-06-27 17:50","time_update":"2021-06-30 17:54"}
2024-02-15 00:17:57 查询号码 【1703686】，GSD为【"黑龙江-牡丹江"】

2024-02-15 00:37:25 开始第 3785 次操作

2024-02-15 00:37:25 开始操作号码 【1703687】
2024-02-15 00:37:29 GSD getOne 第 1 次 等待 3 秒
2024-02-15 00:37:32 查询号码 【1703687】，返回信息 {"status":"ok","msg":"黑龙江-牡丹江","gid":"140731","time_insert":"2021-06-27 17:50","time_update":"2021-06-30 17:54"}
2024-02-15 00:37:32 查询号码 【1703687】，GSD为【"黑龙江-牡丹江"】

2024-02-15 00:37:33 开始第 3786 次操作

2024-02-15 00:37:33 开始操作号码 【1703688】
2024-02-15 00:37:38 GSD getOne 第 1 次 等待 3 秒
2024-02-15 00:37:41 查询号码 【1703688】，返回信息 {"status":"ok","msg":"黑龙江-牡丹江","gid":"140743","time_insert":"2021-06-27 17:51","time_update":"2021-06-30 17:55"}
2024-02-15 00:37:41 查询号码 【1703688】，GSD为【"黑龙江-牡丹江"】

2024-02-15 00:37:42 开始第 3787 次操作

2024-02-15 00:37:42 开始操作号码 【1703689】
2024-02-15 00:37:46 GSD getOne 第 1 次 等待 3 秒
2024-02-15 00:37:49 查询号码 【1703689】，返回信息 {"status":"ok","msg":"黑龙江-牡丹江","gid":"140751","time_insert":"2021-06-27 17:52","time_update":"2021-06-30 17:56"}
2024-02-15 00:37:49 查询号码 【1703689】，GSD为【"黑龙江-牡丹江"】

2024-02-15 00:37:50 开始第 3788 次操作

2024-02-15 00:37:50 开始操作号码 【1703690】
2024-02-15 00:37:54 GSD getOne 第 1 次 等待 3 秒
2024-02-15 00:37:57 查询号码 【1703690】，返回信息 {"status":"ok","msg":"黑龙江-牡丹江","gid":"140763","time_insert":"2021-06-27 17:53","time_update":"2021-06-30 17:57"}
2024-02-15 00:37:57 查询号码 【1703690】，GSD为【"黑龙江-牡丹江"】

