2024-03-28 00:18:14 开始第 541 次操作

2024-03-28 00:18:14 开始操作号码 【1590444】
2024-03-28 00:18:19 GSD getOne 第 1 次 等待 3 秒
2024-03-28 00:18:22 查询号码 【1590444】，返回信息 {"status":"ok","msg":"吉林-长春","gid":"106919","time_insert":"2021-06-19 22:18"}
2024-03-28 00:18:22 查询号码 【1590444】，GSD为【"吉林-长春"】

2024-03-28 00:18:23 开始第 542 次操作

2024-03-28 00:18:23 开始操作号码 【1590445】
2024-03-28 00:18:29 GSD getOne 第 1 次 等待 3 秒
2024-03-28 00:18:32 查询号码 【1590445】，返回信息 {"status":"ok","msg":"吉林-长春","gid":"106920","time_insert":"2021-06-19 22:18"}
2024-03-28 00:18:32 查询号码 【1590445】，GSD为【"吉林-长春"】

2024-03-28 00:18:33 开始第 543 次操作

2024-03-28 00:18:33 开始操作号码 【1590446】
2024-03-28 00:18:38 GSD getOne 第 1 次 等待 3 秒
2024-03-28 00:18:41 查询号码 【1590446】，返回信息 {"status":"ok","msg":"吉林-长春","gid":"106922","time_insert":"2021-06-19 22:19"}
2024-03-28 00:18:41 查询号码 【1590446】，GSD为【"吉林-长春"】

2024-03-28 00:18:42 开始第 544 次操作

2024-03-28 00:18:42 开始操作号码 【1590447】
2024-03-28 00:18:50 GSD getOne 第 1 次 等待 3 秒
2024-03-28 00:18:53 查询号码 【1590447】，返回信息 {"status":"ok","msg":"吉林-长春","gid":"106923","time_insert":"2021-06-19 22:19"}
2024-03-28 00:18:53 查询号码 【1590447】，GSD为【"吉林-长春"】

2024-03-28 00:40:00 开始第 545 次操作

2024-03-28 00:40:00 开始操作号码 【1590448】
2024-03-28 00:40:05 GSD getOne 第 1 次 等待 3 秒
2024-03-28 00:40:08 查询号码 【1590448】，返回信息 {"status":"ok","msg":"吉林-长春","gid":"106925","time_insert":"2021-06-19 22:19"}
2024-03-28 00:40:08 查询号码 【1590448】，GSD为【"吉林-长春"】

2024-03-28 00:40:09 开始第 546 次操作

2024-03-28 00:40:09 开始操作号码 【1590449】
2024-03-28 00:40:14 GSD getOne 第 1 次 等待 3 秒
2024-03-28 00:40:17 查询号码 【1590449】，返回信息 {"status":"ok","msg":"吉林-长春","gid":"106930","time_insert":"2021-06-19 22:20"}
2024-03-28 00:40:17 查询号码 【1590449】，GSD为【"吉林-长春"】

2024-03-28 00:40:18 开始第 547 次操作

2024-03-28 00:40:18 开始操作号码 【1590450】
2024-03-28 00:40:23 GSD getOne 第 1 次 等待 3 秒
2024-03-28 00:40:26 查询号码 【1590450】，返回信息 {"status":"ok","msg":"黑龙江-哈尔滨","gid":"106931","time_insert":"2021-06-19 22:20"}
2024-03-28 00:40:26 查询号码 【1590450】，GSD为【"黑龙江-哈尔滨"】

2024-03-28 00:40:27 开始第 548 次操作

2024-03-28 00:40:27 开始操作号码 【1590451】
2024-03-28 00:40:32 GSD getOne 第 1 次 等待 3 秒
2024-03-28 00:40:35 查询号码 【1590451】，返回信息 {"status":"ok","msg":"黑龙江-哈尔滨","gid":"106932","time_insert":"2021-06-19 22:21"}
2024-03-28 00:40:35 查询号码 【1590451】，GSD为【"黑龙江-哈尔滨"】

